      {
        "_index" : "wazuh-alerts-4.x-2024.05.17",
        "_id" : "n7I6ho8BSo6fEa2HgFll",
        "_score" : 0.0,
        "_source" : {
          "cluster" : {
            "node" : "node01",
            "name" : "wazuh"
          },
          "agent" : {
            "ip" : "192.168.1.216",
            "name" : "chpiyr2",
            "id" : "014"
          },
          "manager" : {
            "name" : "wazuh-server"
          },
          "data" : {
            "win" : {
              "eventdata" : {
                "subjectLogonId" : "0x3e7",
                "subjectDomainName" : "WORKGROUP",
                "targetLinkedLogonId" : "0x0",
                "impersonationLevel" : "%%1833",
                "authenticationPackageName" : "Negotiate",
                "targetLogonId" : "0x3e7",
                "logonProcessName" : "Advapi",
                "logonGuid" : "{00000000-0000-0000-0000-000000000000}",
                "targetUserName" : "SYSTEM",
                "keyLength" : "0",
                "elevatedToken" : "%%1842",
                "subjectUserSid" : "S-1-5-18",
                "processId" : "0x6fc",
                "processName" : "C:\\\\Windows\\\\System32\\\\services.exe",
                "targetDomainName" : "NT AUTHORITY",
                "targetUserSid" : "S-1-5-18",
                "virtualAccount" : "%%1843",
                "logonType" : "5",
                "subjectUserName" : "CHPIYR2$"
              },
              "system" : {
                "eventID" : "4624",
                "keywords" : "0x8020000000000000",
                "providerGuid" : "{54849625-5478-4994-a5ba-3e3b0328c30d}",
                "level" : "0",
                "channel" : "Security",
                "opcode" : "0",
                "message" : "\"帳戶已順利登入。\r\n\r\n主體:\r\n\t安全性識別碼:\t\tS-1-5-18\r\n\tA帳戶名稱:\t\tCHPIYR2$\r\n\t帳戶網域:\t\tWORKGROUP\r\n\t登入識別碼:\t\t0x3E7\r\n\r\n登入資訊:\r\n\t登入類型:\t\t5\r\n\t受限制的系統管理模式:\t-\r\n\tRemote Credential Guard:\t-\r\n\t虛擬帳戶:\t\t否\r\n\t提高權限的權杖:\t\t是\r\n\r\n模擬層級:\t\t模擬\r\n\r\n新登入:\r\n\t安全性識別碼:\t\tS-1-5-18\r\n\t帳戶名稱:\t\tSYSTEM\r\n\t帳戶網域:\t\tNT AUTHORITY\r\n\t登入識別碼:\t\t0x3E7\r\n\t連結的登入識別碼:\t\t0x0\r\n\t網路帳戶名稱:\t-\r\n\t網路帳戶網域:\t-\r\n\t登入 GUID:\t\t{00000000-0000-0000-0000-000000000000}\r\n\r\n處理程序資訊:\r\n\t處理程序識別碼:\t\t0x6fc\r\n\t處理程序名稱:\t\tC:\\Windows\\System32\\services.exe\r\n\r\n網路資訊:\r\n\t工作站名稱:\t-\r\n\t來源網路位址:\t-\r\n\t來源連接埠:\t\t-\r\n\r\n詳細的驗證資訊:\r\n\t登入處理程序:\t\tAdvapi  \r\n\t驗證封裝:\tNegotiate\r\n\t轉送的服務:\t-\r\n\t封裝名稱 (僅 NTLM):\t-\r\n\t金鑰長度:\t\t0\r\n\r\n建立登入工作階段時會產生此事件。它是在所存取的電腦上產生。\r\n\r\n主體欄位指出要求登入之本機系統上的帳戶。這通常是發生在服務 (例如伺服器服務) 或是本機處理程序 (例如 Winlogon.exe 或 Services.exe)。\r\n\r\n登入類型欄位指出發生的登入類型。最常見的類型是 2 (互動式) 與 3 (網路)。\r\n\r\n新登入欄位指出是哪個帳戶建立新登入，例如登入的帳戶。\r\n\r\n網路欄位指出遠端登入要求的來源。工作站名稱並非一律可用，在某些情況下可能會是空白。\r\n\r\n模擬層級欄位指出登入工作階段中的處理程序可以模擬的範圍。\r\n\r\n驗證資訊欄位提供關於此特定登入要求的詳細資訊。\r\n\t- 登入 GUID 是唯一識別碼，可用於關聯這個事件與 KDC 事件。\r\n\t- 轉送的服務指出哪一個中介服務已經加入這個登入要求。\r\n\t- 封裝名稱指出在 NTLM 通訊協定中使用哪一個子協定。\r\n\t- 金鑰長度指出產生的工作階段金鑰長度。如果沒有要求工作階段金鑰則為 0。\"",
                "version" : "3",
                "systemTime" : "2024-05-17T11:05:25.0014957Z",
                "eventRecordID" : "3276528",
                "threadID" : "19308",
                "computer" : "CHPIYR2",
                "task" : "12544",
                "processID" : "1824",
                "severityValue" : "AUDIT_SUCCESS",
                "providerName" : "Microsoft-Windows-Security-Auditing"
              }
            }
          },
          "rule" : {
            "mail" : false,
            "level" : 3,
            "hipaa" : [
              "164.312.b"
            ],
            "pci_dss" : [
              "10.2.5"
            ],
            "tsc" : [
              "CC6.8",
              "CC7.2",
              "CC7.3"
            ],
            "description" : "Windows logon success.",
            "groups" : [
              "windows",
              "windows_security",
              "authentication_success"
            ],
            "nist_800_53" : [
              "AC.7",
              "AU.14"
            ],
            "gdpr" : [
              "IV_32.2"
            ],
            "firedtimes" : 7,
            "mitre" : {
              "technique" : [
                "Valid Accounts"
              ],
              "id" : [
                "T1078"
              ],
              "tactic" : [
                "Defense Evasion",
                "Persistence",
                "Privilege Escalation",
                "Initial Access"
              ]
            },
            "id" : "60106",
            "gpg13" : [
              "7.1",
              "7.2"
            ]
          },
          "decoder" : {
            "name" : "windows_eventchannel"
          },
          "input" : {
            "type" : "log"
          },
          "@timestamp" : "2024-05-17T11:05:25.875Z",
          "location" : "EventChannel",
          "id" : "1715943925.15945349",
          "timestamp" : "2024-05-17T11:05:25.875+0000"
        }
      },
      {
        "_index" : "wazuh-alerts-4.x-2024.05.17",
        "_id" : "BbI0ho8BSo6fEa2H11ka",
        "_score" : 0.0,
        "_source" : {
          "cluster" : {
            "node" : "node01",
            "name" : "wazuh"
          },
          "agent" : {
            "ip" : "192.168.1.216",
            "name" : "chpiyr2",
            "id" : "014"
          },
          "manager" : {
            "name" : "wazuh-server"
          },
          "data" : {
            "win" : {
              "eventdata" : {
                "data" : "2124-04-23T10:59:16Z, RulesEngine"
              },
              "system" : {
                "eventID" : "16384",
                "eventSourceName" : "Software Protection Platform Service",
                "keywords" : "0x80000000000000",
                "providerGuid" : "{E23B33B0-C8C9-472C-A5F9-F2BDFEA0F156}",
                "level" : "4",
                "channel" : "Application",
                "opcode" : "0",
                "message" : "\"順利排程軟體保護服務在 2124-04-23T10:59:16Z 重新啟動。原因: RulesEngine。\"",
                "version" : "0",
                "systemTime" : "2024-05-17T10:59:16.6922929Z",
                "eventRecordID" : "239103",
                "threadID" : "0",
                "computer" : "CHPIYR2",
                "task" : "0",
                "processID" : "11684",
                "severityValue" : "INFORMATION",
                "providerName" : "Microsoft-Windows-Security-SPP"
              }
            }
          },
          "rule" : {
            "firedtimes" : 13,
            "mail" : false,
            "level" : 3,
            "description" : "Software protection service scheduled successfully.",
            "groups" : [
              "windows",
              "windows_application"
            ],
            "id" : "60642"
          },
          "decoder" : {
            "name" : "windows_eventchannel"
          },
          "input" : {
            "type" : "log"
          },
          "@timestamp" : "2024-05-17T10:59:16.559Z",
          "location" : "EventChannel",
          "id" : "1715943556.15895673",
          "timestamp" : "2024-05-17T10:59:16.559+0000"
        }
      },
      {
        "_index" : "wazuh-alerts-4.x-2024.05.17",
        "_id" : "hbI5ho8BSo6fEa2H91mr",
        "_score" : 0.0,
        "_source" : {
          "cluster" : {
            "node" : "node01",
            "name" : "wazuh"
          },
          "agent" : {
            "ip" : "192.168.1.216",
            "name" : "chpiyr2",
            "id" : "014"
          },
          "manager" : {
            "name" : "wazuh-server"
          },
          "data" : {
            "win" : {
              "eventdata" : {
                "data" : "2124-04-23T11:04:52Z, RulesEngine"
              },
              "system" : {
                "eventID" : "16384",
                "eventSourceName" : "Software Protection Platform Service",
                "keywords" : "0x80000000000000",
                "providerGuid" : "{E23B33B0-C8C9-472C-A5F9-F2BDFEA0F156}",
                "level" : "4",
                "channel" : "Application",
                "opcode" : "0",
                "message" : "\"順利排程軟體保護服務在 2124-04-23T11:04:52Z 重新啟動。原因: RulesEngine。\"",
                "version" : "0",
                "systemTime" : "2024-05-17T11:04:52.8014024Z",
                "eventRecordID" : "239106",
                "threadID" : "0",
                "computer" : "CHPIYR2",
                "task" : "0",
                "processID" : "29636",
                "severityValue" : "INFORMATION",
                "providerName" : "Microsoft-Windows-Security-SPP"
              }
            }
          },
          "rule" : {
            "firedtimes" : 1,
            "mail" : false,
            "level" : 3,
            "description" : "Software protection service scheduled successfully.",
            "groups" : [
              "windows",
              "windows_application"
            ],
            "id" : "60642"
          },
          "decoder" : {
            "name" : "windows_eventchannel"
          },
          "input" : {
            "type" : "log"
          },
          "@timestamp" : "2024-05-17T11:04:52.670Z",
          "location" : "EventChannel",
          "id" : "1715943892.15943799",
          "timestamp" : "2024-05-17T11:04:52.670+0000"
        }
      },
      {
        "_index" : "wazuh-alerts-4.x-2024.05.17",
        "_id" : "PbI2ho8BSo6fEa2H_Vnr",
        "_score" : 0.0,
        "_source" : {
          "cluster" : {
            "node" : "node01",
            "name" : "wazuh"
          },
          "agent" : {
            "ip" : "192.168.1.216",
            "name" : "chpiyr2",
            "id" : "014"
          },
          "manager" : {
            "name" : "wazuh-server"
          },
          "data" : {
            "win" : {
              "eventdata" : {
                "binary" : "2D20436F64653A2020434F525356434330303030303737322D2043616C6C3A2020434F525356434330303030303735342D205049443A202030303032353334342D205449443A202030303030383231322D20434D443A2020433A5C57494E444F57535C73797374656D33325C76737376632E6578652020202D20557365723A204E616D653A204E5420415554484F524954595C53595354454D2C205349443A532D312D352D313820"
              },
              "system" : {
                "eventID" : "8224",
                "keywords" : "0x80000000000000",
                "level" : "4",
                "channel" : "Application",
                "opcode" : "0",
                "message" : "\"VSS 服務關閉，因為閒置逾時。 \"",
                "version" : "0",
                "systemTime" : "2024-05-17T11:01:39.5797436Z",
                "eventRecordID" : "239104",
                "threadID" : "0",
                "computer" : "CHPIYR2",
                "task" : "0",
                "processID" : "25344",
                "severityValue" : "INFORMATION",
                "providerName" : "VSS"
              }
            }
          },
          "rule" : {
            "firedtimes" : 1,
            "mail" : false,
            "level" : 5,
            "description" : "The VSS service is shutting down due to idle timeout.",
            "groups" : [
              "windows",
              "windows_application"
            ],
            "id" : "60702"
          },
          "decoder" : {
            "name" : "windows_eventchannel"
          },
          "input" : {
            "type" : "log"
          },
          "@timestamp" : "2024-05-17T11:01:39.489Z",
          "location" : "EventChannel",
          "id" : "1715943699.15928295",
          "timestamp" : "2024-05-17T11:01:39.489+0000"
        }
      },
      {
        "_index" : "wazuh-alerts-4.x-2024.05.17",
        "_id" : "r7Iyho8BSo6fEa2HiVg5",
        "_score" : 0.0,
        "_source" : {
          "cluster" : {
            "node" : "node01",
            "name" : "wazuh"
          },
          "agent" : {
            "ip" : "192.168.1.216",
            "name" : "chpiyr2",
            "id" : "014"
          },
          "manager" : {
            "name" : "wazuh-server"
          },
          "data" : {
            "win" : {
              "eventdata" : {
                "binary" : "2D20436F64653A2020434F525356434330303030303737322D2043616C6C3A2020434F525356434330303030303735342D205049443A202030303030393832302D205449443A202030303031333032342D20434D443A2020433A5C57494E444F57535C73797374656D33325C76737376632E6578652020202D20557365723A204E616D653A204E5420415554484F524954595C53595354454D2C205349443A532D312D352D313820"
              },
              "system" : {
                "eventID" : "8224",
                "keywords" : "0x80000000000000",
                "level" : "4",
                "channel" : "Application",
                "opcode" : "0",
                "message" : "\"VSS 服務關閉，因為閒置逾時。 \"",
                "version" : "0",
                "systemTime" : "2024-05-17T10:56:39.4937061Z",
                "eventRecordID" : "239101",
                "threadID" : "0",
                "computer" : "CHPIYR2",
                "task" : "0",
                "processID" : "9820",
                "severityValue" : "INFORMATION",
                "providerName" : "VSS"
              }
            }
          },
          "rule" : {
            "firedtimes" : 13,
            "mail" : false,
            "level" : 5,
            "description" : "The VSS service is shutting down due to idle timeout.",
            "groups" : [
              "windows",
              "windows_application"
            ],
            "id" : "60702"
          },
          "decoder" : {
            "name" : "windows_eventchannel"
          },
          "input" : {
            "type" : "log"
          },
          "@timestamp" : "2024-05-17T10:56:39.406Z",
          "location" : "EventChannel",
          "id" : "1715943399.15808395",
          "timestamp" : "2024-05-17T10:56:39.406+0000"
        }
      },
      {
        "_index" : "wazuh-alerts-4.x-2024.05.17",
        "_id" : "xrJEho8BSo6fEa2HPFq1",
        "_score" : 0.0,
        "_source" : {
          "cluster" : {
            "node" : "node01",
            "name" : "wazuh"
          },
          "agent" : {
            "ip" : "192.168.1.216",
            "name" : "chpiyr2",
            "id" : "014"
          },
          "manager" : {
            "name" : "wazuh-server"
          },
          "data" : {
            "win" : {
              "eventdata" : {
                "subjectLogonId" : "0x3e7",
                "subjectDomainName" : "WORKGROUP",
                "targetLinkedLogonId" : "0x0",
                "impersonationLevel" : "%%1833",
                "authenticationPackageName" : "Negotiate",
                "targetLogonId" : "0x3e7",
                "logonProcessName" : "Advapi",
                "logonGuid" : "{00000000-0000-0000-0000-000000000000}",
                "targetUserName" : "SYSTEM",
                "keyLength" : "0",
                "elevatedToken" : "%%1842",
                "subjectUserSid" : "S-1-5-18",
                "processId" : "0x6fc",
                "processName" : "C:\\\\Windows\\\\System32\\\\services.exe",
                "targetDomainName" : "NT AUTHORITY",
                "targetUserSid" : "S-1-5-18",
                "virtualAccount" : "%%1843",
                "logonType" : "5",
                "subjectUserName" : "CHPIYR2$"
              },
              "system" : {
                "eventID" : "4624",
                "keywords" : "0x8020000000000000",
                "providerGuid" : "{54849625-5478-4994-a5ba-3e3b0328c30d}",
                "level" : "0",
                "channel" : "Security",
                "opcode" : "0",
                "message" : "\"帳戶已順利登入。\r\n\r\n主體:\r\n\t安全性識別碼:\t\tS-1-5-18\r\n\tA帳戶名稱:\t\tCHPIYR2$\r\n\t帳戶網域:\t\tWORKGROUP\r\n\t登入識別碼:\t\t0x3E7\r\n\r\n登入資訊:\r\n\t登入類型:\t\t5\r\n\t受限制的系統管理模式:\t-\r\n\tRemote Credential Guard:\t-\r\n\t虛擬帳戶:\t\t否\r\n\t提高權限的權杖:\t\t是\r\n\r\n模擬層級:\t\t模擬\r\n\r\n新登入:\r\n\t安全性識別碼:\t\tS-1-5-18\r\n\t帳戶名稱:\t\tSYSTEM\r\n\t帳戶網域:\t\tNT AUTHORITY\r\n\t登入識別碼:\t\t0x3E7\r\n\t連結的登入識別碼:\t\t0x0\r\n\t網路帳戶名稱:\t-\r\n\t網路帳戶網域:\t-\r\n\t登入 GUID:\t\t{00000000-0000-0000-0000-000000000000}\r\n\r\n處理程序資訊:\r\n\t處理程序識別碼:\t\t0x6fc\r\n\t處理程序名稱:\t\tC:\\Windows\\System32\\services.exe\r\n\r\n網路資訊:\r\n\t工作站名稱:\t-\r\n\t來源網路位址:\t-\r\n\t來源連接埠:\t\t-\r\n\r\n詳細的驗證資訊:\r\n\t登入處理程序:\t\tAdvapi  \r\n\t驗證封裝:\tNegotiate\r\n\t轉送的服務:\t-\r\n\t封裝名稱 (僅 NTLM):\t-\r\n\t金鑰長度:\t\t0\r\n\r\n建立登入工作階段時會產生此事件。它是在所存取的電腦上產生。\r\n\r\n主體欄位指出要求登入之本機系統上的帳戶。這通常是發生在服務 (例如伺服器服務) 或是本機處理程序 (例如 Winlogon.exe 或 Services.exe)。\r\n\r\n登入類型欄位指出發生的登入類型。最常見的類型是 2 (互動式) 與 3 (網路)。\r\n\r\n新登入欄位指出是哪個帳戶建立新登入，例如登入的帳戶。\r\n\r\n網路欄位指出遠端登入要求的來源。工作站名稱並非一律可用，在某些情況下可能會是空白。\r\n\r\n模擬層級欄位指出登入工作階段中的處理程序可以模擬的範圍。\r\n\r\n驗證資訊欄位提供關於此特定登入要求的詳細資訊。\r\n\t- 登入 GUID 是唯一識別碼，可用於關聯這個事件與 KDC 事件。\r\n\t- 轉送的服務指出哪一個中介服務已經加入這個登入要求。\r\n\t- 封裝名稱指出在 NTLM 通訊協定中使用哪一個子協定。\r\n\t- 金鑰長度指出產生的工作階段金鑰長度。如果沒有要求工作階段金鑰則為 0。\"",
                "version" : "3",
                "systemTime" : "2024-05-17T11:16:03.9443267Z",
                "eventRecordID" : "3276545",
                "threadID" : "4792",
                "computer" : "CHPIYR2",
                "task" : "12544",
                "processID" : "1824",
                "severityValue" : "AUDIT_SUCCESS",
                "providerName" : "Microsoft-Windows-Security-Auditing"
              }
            }
          },
          "rule" : {
            "mail" : false,
            "level" : 3,
            "hipaa" : [
              "164.312.b"
            ],
            "pci_dss" : [
              "10.2.5"
            ],
            "tsc" : [
              "CC6.8",
              "CC7.2",
              "CC7.3"
            ],
            "description" : "Windows logon success.",
            "groups" : [
              "windows",
              "windows_security",
              "authentication_success"
            ],
            "nist_800_53" : [
              "AC.7",
              "AU.14"
            ],
            "gdpr" : [
              "IV_32.2"
            ],
            "firedtimes" : 35,
            "mitre" : {
              "technique" : [
                "Valid Accounts"
              ],
              "id" : [
                "T1078"
              ],
              "tactic" : [
                "Defense Evasion",
                "Persistence",
                "Privilege Escalation",
                "Initial Access"
              ]
            },
            "id" : "60106",
            "gpg13" : [
              "7.1",
              "7.2"
            ]
          },
          "decoder" : {
            "name" : "windows_eventchannel"
          },
          "input" : {
            "type" : "log"
          },
          "@timestamp" : "2024-05-17T11:16:04.824Z",
          "location" : "EventChannel",
          "id" : "1715944564.16154239",
          "timestamp" : "2024-05-17T11:16:04.824+0000"
        }
      },
      {
        "_index" : "wazuh-alerts-4.x-2024.05.17",
        "_id" : "x7JEho8BSo6fEa2HPFq1",
        "_score" : 0.0,
        "_source" : {
          "cluster" : {
            "node" : "node01",
            "name" : "wazuh"
          },
          "agent" : {
            "ip" : "192.168.1.216",
            "name" : "chpiyr2",
            "id" : "014"
          },
          "manager" : {
            "name" : "wazuh-server"
          },
          "data" : {
            "win" : {
              "eventdata" : {
                "param3" : "自動啟動",
                "param4" : "BITS",
                "param1" : "Background Intelligent Transfer Service",
                "param2" : "指定啟動"
              },
              "system" : {
                "eventID" : "7040",
                "eventSourceName" : "Service Control Manager",
                "keywords" : "0x8080000000000000",
                "providerGuid" : "{555908d1-a6d7-4695-8e1e-26931d2012f4}",
                "level" : "4",
                "channel" : "System",
                "opcode" : "0",
                "message" : "\"Background Intelligent Transfer Service 服務的啟動類型已從 指定啟動 變更為 自動啟動。\"",
                "version" : "0",
                "systemTime" : "2024-05-17T11:16:04.0067658Z",
                "eventRecordID" : "325034",
                "threadID" : "7528",
                "computer" : "CHPIYR2",
                "task" : "0",
                "processID" : "1788",
                "severityValue" : "INFORMATION",
                "providerName" : "Service Control Manager"
              }
            }
          },
          "rule" : {
            "firedtimes" : 3,
            "mail" : false,
            "level" : 3,
            "pci_dss" : [
              "10.6"
            ],
            "hipaa" : [
              "164.312.b"
            ],
            "tsc" : [
              "CC6.1",
              "CC6.8",
              "CC7.2",
              "CC7.3"
            ],
            "description" : "Service startup type was changed",
            "groups" : [
              "windows",
              "windows_system",
              "policy_changed"
            ],
            "id" : "61104",
            "nist_800_53" : [
              "AU.6"
            ],
            "info" : "This does not appear to be logged on Windows 2000",
            "gdpr" : [
              "IV_35.7.d"
            ]
          },
          "decoder" : {
            "name" : "windows_eventchannel"
          },
          "input" : {
            "type" : "log"
          },
          "@timestamp" : "2024-05-17T11:16:04.887Z",
          "location" : "EventChannel",
          "id" : "1715944564.16161110",
          "timestamp" : "2024-05-17T11:16:04.887+0000"
        }
      },
      {
        "_index" : "wazuh-alerts-4.x-2024.05.17",
        "_id" : "_rJGho8BSo6fEa2HrVrA",
        "_score" : 0.0,
        "_source" : {
          "cluster" : {
            "node" : "node01",
            "name" : "wazuh"
          },
          "agent" : {
            "ip" : "192.168.1.216",
            "name" : "chpiyr2",
            "id" : "014"
          },
          "manager" : {
            "name" : "wazuh-server"
          },
          "data" : {
            "win" : {
              "eventdata" : {
                "subjectLogonId" : "0x3e7",
                "subjectDomainName" : "WORKGROUP",
                "targetLinkedLogonId" : "0x0",
                "impersonationLevel" : "%%1833",
                "authenticationPackageName" : "Negotiate",
                "targetLogonId" : "0x3e7",
                "logonProcessName" : "Advapi",
                "logonGuid" : "{00000000-0000-0000-0000-000000000000}",
                "targetUserName" : "SYSTEM",
                "keyLength" : "0",
                "elevatedToken" : "%%1842",
                "subjectUserSid" : "S-1-5-18",
                "processId" : "0x6fc",
                "processName" : "C:\\\\Windows\\\\System32\\\\services.exe",
                "targetDomainName" : "NT AUTHORITY",
                "targetUserSid" : "S-1-5-18",
                "virtualAccount" : "%%1843",
                "logonType" : "5",
                "subjectUserName" : "CHPIYR2$"
              },
              "system" : {
                "eventID" : "4624",
                "keywords" : "0x8020000000000000",
                "providerGuid" : "{54849625-5478-4994-a5ba-3e3b0328c30d}",
                "level" : "0",
                "channel" : "Security",
                "opcode" : "0",
                "message" : "\"帳戶已順利登入。\r\n\r\n主體:\r\n\t安全性識別碼:\t\tS-1-5-18\r\n\tA帳戶名稱:\t\tCHPIYR2$\r\n\t帳戶網域:\t\tWORKGROUP\r\n\t登入識別碼:\t\t0x3E7\r\n\r\n登入資訊:\r\n\t登入類型:\t\t5\r\n\t受限制的系統管理模式:\t-\r\n\tRemote Credential Guard:\t-\r\n\t虛擬帳戶:\t\t否\r\n\t提高權限的權杖:\t\t是\r\n\r\n模擬層級:\t\t模擬\r\n\r\n新登入:\r\n\t安全性識別碼:\t\tS-1-5-18\r\n\t帳戶名稱:\t\tSYSTEM\r\n\t帳戶網域:\t\tNT AUTHORITY\r\n\t登入識別碼:\t\t0x3E7\r\n\t連結的登入識別碼:\t\t0x0\r\n\t網路帳戶名稱:\t-\r\n\t網路帳戶網域:\t-\r\n\t登入 GUID:\t\t{00000000-0000-0000-0000-000000000000}\r\n\r\n處理程序資訊:\r\n\t處理程序識別碼:\t\t0x6fc\r\n\t處理程序名稱:\t\tC:\\Windows\\System32\\services.exe\r\n\r\n網路資訊:\r\n\t工作站名稱:\t-\r\n\t來源網路位址:\t-\r\n\t來源連接埠:\t\t-\r\n\r\n詳細的驗證資訊:\r\n\t登入處理程序:\t\tAdvapi  \r\n\t驗證封裝:\tNegotiate\r\n\t轉送的服務:\t-\r\n\t封裝名稱 (僅 NTLM):\t-\r\n\t金鑰長度:\t\t0\r\n\r\n建立登入工作階段時會產生此事件。它是在所存取的電腦上產生。\r\n\r\n主體欄位指出要求登入之本機系統上的帳戶。這通常是發生在服務 (例如伺服器服務) 或是本機處理程序 (例如 Winlogon.exe 或 Services.exe)。\r\n\r\n登入類型欄位指出發生的登入類型。最常見的類型是 2 (互動式) 與 3 (網路)。\r\n\r\n新登入欄位指出是哪個帳戶建立新登入，例如登入的帳戶。\r\n\r\n網路欄位指出遠端登入要求的來源。工作站名稱並非一律可用，在某些情況下可能會是空白。\r\n\r\n模擬層級欄位指出登入工作階段中的處理程序可以模擬的範圍。\r\n\r\n驗證資訊欄位提供關於此特定登入要求的詳細資訊。\r\n\t- 登入 GUID 是唯一識別碼，可用於關聯這個事件與 KDC 事件。\r\n\t- 轉送的服務指出哪一個中介服務已經加入這個登入要求。\r\n\t- 封裝名稱指出在 NTLM 通訊協定中使用哪一個子協定。\r\n\t- 金鑰長度指出產生的工作階段金鑰長度。如果沒有要求工作階段金鑰則為 0。\"",
                "version" : "3",
                "systemTime" : "2024-05-17T11:18:39.8938214Z",
                "eventRecordID" : "3276554",
                "threadID" : "2408",
                "computer" : "CHPIYR2",
                "task" : "12544",
                "processID" : "1824",
                "severityValue" : "AUDIT_SUCCESS",
                "providerName" : "Microsoft-Windows-Security-Auditing"
              }
            }
          },
          "rule" : {
            "mail" : false,
            "level" : 3,
            "hipaa" : [
              "164.312.b"
            ],
            "pci_dss" : [
              "10.2.5"
            ],
            "tsc" : [
              "CC6.8",
              "CC7.2",
              "CC7.3"
            ],
            "description" : "Windows logon success.",
            "groups" : [
              "windows",
              "windows_security",
              "authentication_success"
            ],
            "nist_800_53" : [
              "AC.7",
              "AU.14"
            ],
            "gdpr" : [
              "IV_32.2"
            ],
            "firedtimes" : 41,
            "mitre" : {
              "technique" : [
                "Valid Accounts"
              ],
              "id" : [
                "T1078"
              ],
              "tactic" : [
                "Defense Evasion",
                "Persistence",
                "Privilege Escalation",
                "Initial Access"
              ]
            },
            "id" : "60106",
            "gpg13" : [
              "7.1",
              "7.2"
            ]
          },
          "decoder" : {
            "name" : "windows_eventchannel"
          },
          "input" : {
            "type" : "log"
          },
          "@timestamp" : "2024-05-17T11:18:40.759Z",
          "location" : "EventChannel",
          "id" : "1715944720.16201977",
          "timestamp" : "2024-05-17T11:18:40.759+0000"
        }
      },
      {
        "_index" : "wazuh-alerts-4.x-2024.05.17",
        "_id" : "arJBho8BSo6fEa2Hy1qt",
        "_score" : 0.0,
        "_source" : {
          "cluster" : {
            "node" : "node01",
            "name" : "wazuh"
          },
          "agent" : {
            "ip" : "192.168.1.216",
            "name" : "chpiyr2",
            "id" : "014"
          },
          "manager" : {
            "name" : "wazuh-server"
          },
          "data" : {
            "win" : {
              "eventdata" : {
                "data" : "2124-04-23T11:13:23Z, RulesEngine"
              },
              "system" : {
                "eventID" : "16384",
                "eventSourceName" : "Software Protection Platform Service",
                "keywords" : "0x80000000000000",
                "providerGuid" : "{E23B33B0-C8C9-472C-A5F9-F2BDFEA0F156}",
                "level" : "4",
                "channel" : "Application",
                "opcode" : "0",
                "message" : "\"順利排程軟體保護服務在 2124-04-23T11:13:23Z 重新啟動。原因: RulesEngine。\"",
                "version" : "0",
                "systemTime" : "2024-05-17T11:13:23.4558827Z",
                "eventRecordID" : "239112",
                "threadID" : "0",
                "computer" : "CHPIYR2",
                "task" : "0",
                "processID" : "29344",
                "severityValue" : "INFORMATION",
                "providerName" : "Microsoft-Windows-Security-SPP"
              }
            }
          },
          "rule" : {
            "firedtimes" : 5,
            "mail" : false,
            "level" : 3,
            "description" : "Software protection service scheduled successfully.",
            "groups" : [
              "windows",
              "windows_application"
            ],
            "id" : "60642"
          },
          "decoder" : {
            "name" : "windows_eventchannel"
          },
          "input" : {
            "type" : "log"
          },
          "@timestamp" : "2024-05-17T11:13:23.321Z",
          "location" : "EventChannel",
          "id" : "1715944403.16019529",
          "timestamp" : "2024-05-17T11:13:23.321+0000"
        }
      },
      {
        "_index" : "wazuh-alerts-4.x-2024.05.17",
        "_id" : "yrJEho8BSo6fEa2HvVqg",
        "_score" : 0.0,
        "_source" : {
          "cluster" : {
            "node" : "node01",
            "name" : "wazuh"
          },
          "agent" : {
            "ip" : "192.168.1.216",
            "name" : "chpiyr2",
            "id" : "014"
          },
          "manager" : {
            "name" : "wazuh-server"
          },
          "data" : {
            "win" : {
              "eventdata" : {
                "binary" : "2D20436F64653A2020434F525356434330303030303737322D2043616C6C3A2020434F525356434330303030303735342D205049443A202030303031323339362D205449443A202030303031363739322D20434D443A2020433A5C57494E444F57535C73797374656D33325C76737376632E6578652020202D20557365723A204E616D653A204E5420415554484F524954595C53595354454D2C205349443A532D312D352D313820"
              },
              "system" : {
                "eventID" : "8224",
                "keywords" : "0x80000000000000",
                "level" : "4",
                "channel" : "Application",
                "opcode" : "0",
                "message" : "\"VSS 服務關閉，因為閒置逾時。 \"",
                "version" : "0",
                "systemTime" : "2024-05-17T11:16:39.8355758Z",
                "eventRecordID" : "239113",
                "threadID" : "0",
                "computer" : "CHPIYR2",
                "task" : "0",
                "processID" : "12396",
                "severityValue" : "INFORMATION",
                "providerName" : "VSS"
              }
            }
          },
          "rule" : {
            "firedtimes" : 4,
            "mail" : false,
            "level" : 5,
            "description" : "The VSS service is shutting down due to idle timeout.",
            "groups" : [
              "windows",
              "windows_application"
            ],
            "id" : "60702"
          },
          "decoder" : {
            "name" : "windows_eventchannel"
          },
          "input" : {
            "type" : "log"
          },
          "@timestamp" : "2024-05-17T11:16:39.743Z",
          "location" : "EventChannel",
          "id" : "1715944599.16171603",
          "timestamp" : "2024-05-17T11:16:39.743+0000"
        }
      },
      {
        "_index" : "wazuh-alerts-4.x-2024.05.17",
        "_id" : "xrJWho8BSo6fEa2HnFwT",
        "_score" : 0.0,
        "_source" : {
          "cluster" : {
            "node" : "node01",
            "name" : "wazuh"
          },
          "agent" : {
            "ip" : "192.168.1.216",
            "name" : "chpiyr2",
            "id" : "014"
          },
          "manager" : {
            "name" : "wazuh-server"
          },
          "data" : {
            "win" : {
              "eventdata" : {
                "subjectLogonId" : "0x3e7",
                "subjectDomainName" : "WORKGROUP",
                "targetLinkedLogonId" : "0x0",
                "impersonationLevel" : "%%1833",
                "authenticationPackageName" : "Negotiate",
                "targetLogonId" : "0x3e7",
                "logonProcessName" : "Advapi",
                "logonGuid" : "{00000000-0000-0000-0000-000000000000}",
                "targetUserName" : "SYSTEM",
                "keyLength" : "0",
                "elevatedToken" : "%%1842",
                "subjectUserSid" : "S-1-5-18",
                "processId" : "0x6fc",
                "processName" : "C:\\\\Windows\\\\System32\\\\services.exe",
                "targetDomainName" : "NT AUTHORITY",
                "targetUserSid" : "S-1-5-18",
                "virtualAccount" : "%%1843",
                "logonType" : "5",
                "subjectUserName" : "CHPIYR2$"
              },
              "system" : {
                "eventID" : "4624",
                "keywords" : "0x8020000000000000",
                "providerGuid" : "{54849625-5478-4994-a5ba-3e3b0328c30d}",
                "level" : "0",
                "channel" : "Security",
                "opcode" : "0",
                "message" : "\"帳戶已順利登入。\r\n\r\n主體:\r\n\t安全性識別碼:\t\tS-1-5-18\r\n\tA帳戶名稱:\t\tCHPIYR2$\r\n\t帳戶網域:\t\tWORKGROUP\r\n\t登入識別碼:\t\t0x3E7\r\n\r\n登入資訊:\r\n\t登入類型:\t\t5\r\n\t受限制的系統管理模式:\t-\r\n\tRemote Credential Guard:\t-\r\n\t虛擬帳戶:\t\t否\r\n\t提高權限的權杖:\t\t是\r\n\r\n模擬層級:\t\t模擬\r\n\r\n新登入:\r\n\t安全性識別碼:\t\tS-1-5-18\r\n\t帳戶名稱:\t\tSYSTEM\r\n\t帳戶網域:\t\tNT AUTHORITY\r\n\t登入識別碼:\t\t0x3E7\r\n\t連結的登入識別碼:\t\t0x0\r\n\t網路帳戶名稱:\t-\r\n\t網路帳戶網域:\t-\r\n\t登入 GUID:\t\t{00000000-0000-0000-0000-000000000000}\r\n\r\n處理程序資訊:\r\n\t處理程序識別碼:\t\t0x6fc\r\n\t處理程序名稱:\t\tC:\\Windows\\System32\\services.exe\r\n\r\n網路資訊:\r\n\t工作站名稱:\t-\r\n\t來源網路位址:\t-\r\n\t來源連接埠:\t\t-\r\n\r\n詳細的驗證資訊:\r\n\t登入處理程序:\t\tAdvapi  \r\n\t驗證封裝:\tNegotiate\r\n\t轉送的服務:\t-\r\n\t封裝名稱 (僅 NTLM):\t-\r\n\t金鑰長度:\t\t0\r\n\r\n建立登入工作階段時會產生此事件。它是在所存取的電腦上產生。\r\n\r\n主體欄位指出要求登入之本機系統上的帳戶。這通常是發生在服務 (例如伺服器服務) 或是本機處理程序 (例如 Winlogon.exe 或 Services.exe)。\r\n\r\n登入類型欄位指出發生的登入類型。最常見的類型是 2 (互動式) 與 3 (網路)。\r\n\r\n新登入欄位指出是哪個帳戶建立新登入，例如登入的帳戶。\r\n\r\n網路欄位指出遠端登入要求的來源。工作站名稱並非一律可用，在某些情況下可能會是空白。\r\n\r\n模擬層級欄位指出登入工作階段中的處理程序可以模擬的範圍。\r\n\r\n驗證資訊欄位提供關於此特定登入要求的詳細資訊。\r\n\t- 登入 GUID 是唯一識別碼，可用於關聯這個事件與 KDC 事件。\r\n\t- 轉送的服務指出哪一個中介服務已經加入這個登入要求。\r\n\t- 封裝名稱指出在 NTLM 通訊協定中使用哪一個子協定。\r\n\t- 金鑰長度指出產生的工作階段金鑰長度。如果沒有要求工作階段金鑰則為 0。\"",
                "version" : "3",
                "systemTime" : "2024-05-17T11:36:08.2363533Z",
                "eventRecordID" : "3276583",
                "threadID" : "608",
                "computer" : "CHPIYR2",
                "task" : "12544",
                "processID" : "1824",
                "severityValue" : "AUDIT_SUCCESS",
                "providerName" : "Microsoft-Windows-Security-Auditing"
              }
            }
          },
          "rule" : {
            "mail" : false,
            "level" : 3,
            "hipaa" : [
              "164.312.b"
            ],
            "pci_dss" : [
              "10.2.5"
            ],
            "tsc" : [
              "CC6.8",
              "CC7.2",
              "CC7.3"
            ],
            "description" : "Windows logon success.",
            "groups" : [
              "windows",
              "windows_security",
              "authentication_success"
            ],
            "nist_800_53" : [
              "AC.7",
              "AU.14"
            ],
            "gdpr" : [
              "IV_32.2"
            ],
            "firedtimes" : 56,
            "mitre" : {
              "technique" : [
                "Valid Accounts"
              ],
              "id" : [
                "T1078"
              ],
              "tactic" : [
                "Defense Evasion",
                "Persistence",
                "Privilege Escalation",
                "Initial Access"
              ]
            },
            "id" : "60106",
            "gpg13" : [
              "7.1",
              "7.2"
            ]
          },
          "decoder" : {
            "name" : "windows_eventchannel"
          },
          "input" : {
            "type" : "log"
          },
          "@timestamp" : "2024-05-17T11:36:09.003Z",
          "location" : "EventChannel",
          "id" : "1715945769.16333472",
          "timestamp" : "2024-05-17T11:36:09.003+0000"
        }
      },
      {
        "_index" : "wazuh-alerts-4.x-2024.05.17",
        "_id" : "ybJNho8BSo6fEa2HcFtO",
        "_score" : 0.0,
        "_source" : {
          "cluster" : {
            "node" : "node01",
            "name" : "wazuh"
          },
          "agent" : {
            "ip" : "192.168.1.216",
            "name" : "chpiyr2",
            "id" : "014"
          },
          "manager" : {
            "name" : "wazuh-server"
          },
          "data" : {
            "win" : {
              "eventdata" : {
                "param3" : "指定啟動",
                "param4" : "BITS",
                "param1" : "Background Intelligent Transfer Service",
                "param2" : "自動啟動"
              },
              "system" : {
                "eventID" : "7040",
                "eventSourceName" : "Service Control Manager",
                "keywords" : "0x8080000000000000",
                "providerGuid" : "{555908d1-a6d7-4695-8e1e-26931d2012f4}",
                "level" : "4",
                "channel" : "System",
                "opcode" : "0",
                "message" : "\"Background Intelligent Transfer Service 服務的啟動類型已從 自動啟動 變更為 指定啟動。\"",
                "version" : "0",
                "systemTime" : "2024-05-17T11:26:08.8107260Z",
                "eventRecordID" : "325035",
                "threadID" : "24672",
                "computer" : "CHPIYR2",
                "task" : "0",
                "processID" : "1788",
                "severityValue" : "INFORMATION",
                "providerName" : "Service Control Manager"
              }
            }
          },
          "rule" : {
            "firedtimes" : 8,
            "mail" : false,
            "level" : 3,
            "pci_dss" : [
              "10.6"
            ],
            "hipaa" : [
              "164.312.b"
            ],
            "tsc" : [
              "CC6.1",
              "CC6.8",
              "CC7.2",
              "CC7.3"
            ],
            "description" : "Service startup type was changed",
            "groups" : [
              "windows",
              "windows_system",
              "policy_changed"
            ],
            "id" : "61104",
            "nist_800_53" : [
              "AU.6"
            ],
            "info" : "This does not appear to be logged on Windows 2000",
            "gdpr" : [
              "IV_35.7.d"
            ]
          },
          "decoder" : {
            "name" : "windows_eventchannel"
          },
          "input" : {
            "type" : "log"
          },
          "@timestamp" : "2024-05-17T11:26:09.682Z",
          "location" : "EventChannel",
          "id" : "1715945169.16267914",
          "timestamp" : "2024-05-17T11:26:09.682+0000"
        }
      },
      {
        "_index" : "wazuh-alerts-4.x-2024.05.17",
        "_id" : "xbJWho8BSo6fEa2HgFy7",
        "_score" : 0.0,
        "_source" : {
          "cluster" : {
            "node" : "node01",
            "name" : "wazuh"
          },
          "agent" : {
            "ip" : "192.168.1.216",
            "name" : "chpiyr2",
            "id" : "014"
          },
          "manager" : {
            "name" : "wazuh-server"
          },
          "data" : {
            "win" : {
              "eventdata" : {
                "param3" : "自動啟動",
                "param4" : "BITS",
                "param1" : "Background Intelligent Transfer Service",
                "param2" : "指定啟動"
              },
              "system" : {
                "eventID" : "7040",
                "eventSourceName" : "Service Control Manager",
                "keywords" : "0x8080000000000000",
                "providerGuid" : "{555908d1-a6d7-4695-8e1e-26931d2012f4}",
                "level" : "4",
                "channel" : "System",
                "opcode" : "0",
                "message" : "\"Background Intelligent Transfer Service 服務的啟動類型已從 指定啟動 變更為 自動啟動。\"",
                "version" : "0",
                "systemTime" : "2024-05-17T11:36:03.9560570Z",
                "eventRecordID" : "325036",
                "threadID" : "24672",
                "computer" : "CHPIYR2",
                "task" : "0",
                "processID" : "1788",
                "severityValue" : "INFORMATION",
                "providerName" : "Service Control Manager"
              }
            }
          },
          "rule" : {
            "firedtimes" : 10,
            "mail" : false,
            "level" : 3,
            "pci_dss" : [
              "10.6"
            ],
            "hipaa" : [
              "164.312.b"
            ],
            "tsc" : [
              "CC6.1",
              "CC6.8",
              "CC7.2",
              "CC7.3"
            ],
            "description" : "Service startup type was changed",
            "groups" : [
              "windows",
              "windows_system",
              "policy_changed"
            ],
            "id" : "61104",
            "nist_800_53" : [
              "AU.6"
            ],
            "info" : "This does not appear to be logged on Windows 2000",
            "gdpr" : [
              "IV_35.7.d"
            ]
          },
          "decoder" : {
            "name" : "windows_eventchannel"
          },
          "input" : {
            "type" : "log"
          },
          "@timestamp" : "2024-05-17T11:36:04.844Z",
          "location" : "EventChannel",
          "id" : "1715945764.16331667",
          "timestamp" : "2024-05-17T11:36:04.844+0000"
        }
      },
      {
        "_index" : "wazuh-alerts-4.x-2024.05.17",
        "_id" : "zbJNho8BSo6fEa2H-VsK",
        "_score" : 0.0,
        "_source" : {
          "cluster" : {
            "node" : "node01",
            "name" : "wazuh"
          },
          "agent" : {
            "ip" : "192.168.1.216",
            "name" : "chpiyr2",
            "id" : "014"
          },
          "manager" : {
            "name" : "wazuh-server"
          },
          "data" : {
            "win" : {
              "eventdata" : {
                "binary" : "2D20436F64653A2020434F525356434330303030303737322D2043616C6C3A2020434F525356434330303030303735342D205049443A202030303030373532382D205449443A202030303032303138342D20434D443A2020433A5C57494E444F57535C73797374656D33325C76737376632E6578652020202D20557365723A204E616D653A204E5420415554484F524954595C53595354454D2C205349443A532D312D352D313820"
              },
              "system" : {
                "eventID" : "8224",
                "keywords" : "0x80000000000000",
                "level" : "4",
                "channel" : "Application",
                "opcode" : "0",
                "message" : "\"VSS 服務關閉，因為閒置逾時。 \"",
                "version" : "0",
                "systemTime" : "2024-05-17T11:26:40.0182167Z",
                "eventRecordID" : "239115",
                "threadID" : "0",
                "computer" : "CHPIYR2",
                "task" : "0",
                "processID" : "7528",
                "severityValue" : "INFORMATION",
                "providerName" : "VSS"
              }
            }
          },
          "rule" : {
            "firedtimes" : 6,
            "mail" : false,
            "level" : 5,
            "description" : "The VSS service is shutting down due to idle timeout.",
            "groups" : [
              "windows",
              "windows_application"
            ],
            "id" : "60702"
          },
          "decoder" : {
            "name" : "windows_eventchannel"
          },
          "input" : {
            "type" : "log"
          },
          "@timestamp" : "2024-05-17T11:26:39.925Z",
          "location" : "EventChannel",
          "id" : "1715945199.16285346",
          "timestamp" : "2024-05-17T11:26:39.925+0000"
        }
      },
      {
        "_index" : "wazuh-alerts-4.x-2024.05.17",
        "_id" : "97JYho8BSo6fEa2HcFzd",
        "_score" : 0.0,
        "_source" : {
          "cluster" : {
            "node" : "node01",
            "name" : "wazuh"
          },
          "agent" : {
            "ip" : "192.168.1.216",
            "name" : "chpiyr2",
            "id" : "014"
          },
          "manager" : {
            "name" : "wazuh-server"
          },
          "data" : {
            "win" : {
              "eventdata" : {
                "subjectLogonId" : "0x3e7",
                "subjectDomainName" : "WORKGROUP",
                "targetLinkedLogonId" : "0x0",
                "impersonationLevel" : "%%1833",
                "authenticationPackageName" : "Negotiate",
                "targetLogonId" : "0x3e7",
                "logonProcessName" : "Advapi",
                "logonGuid" : "{00000000-0000-0000-0000-000000000000}",
                "targetUserName" : "SYSTEM",
                "keyLength" : "0",
                "elevatedToken" : "%%1842",
                "subjectUserSid" : "S-1-5-18",
                "processId" : "0x6fc",
                "processName" : "C:\\\\Windows\\\\System32\\\\services.exe",
                "targetDomainName" : "NT AUTHORITY",
                "targetUserSid" : "S-1-5-18",
                "virtualAccount" : "%%1843",
                "logonType" : "5",
                "subjectUserName" : "CHPIYR2$"
              },
              "system" : {
                "eventID" : "4624",
                "keywords" : "0x8020000000000000",
                "providerGuid" : "{54849625-5478-4994-a5ba-3e3b0328c30d}",
                "level" : "0",
                "channel" : "Security",
                "opcode" : "0",
                "message" : "\"帳戶已順利登入。\r\n\r\n主體:\r\n\t安全性識別碼:\t\tS-1-5-18\r\n\tA帳戶名稱:\t\tCHPIYR2$\r\n\t帳戶網域:\t\tWORKGROUP\r\n\t登入識別碼:\t\t0x3E7\r\n\r\n登入資訊:\r\n\t登入類型:\t\t5\r\n\t受限制的系統管理模式:\t-\r\n\tRemote Credential Guard:\t-\r\n\t虛擬帳戶:\t\t否\r\n\t提高權限的權杖:\t\t是\r\n\r\n模擬層級:\t\t模擬\r\n\r\n新登入:\r\n\t安全性識別碼:\t\tS-1-5-18\r\n\t帳戶名稱:\t\tSYSTEM\r\n\t帳戶網域:\t\tNT AUTHORITY\r\n\t登入識別碼:\t\t0x3E7\r\n\t連結的登入識別碼:\t\t0x0\r\n\t網路帳戶名稱:\t-\r\n\t網路帳戶網域:\t-\r\n\t登入 GUID:\t\t{00000000-0000-0000-0000-000000000000}\r\n\r\n處理程序資訊:\r\n\t處理程序識別碼:\t\t0x6fc\r\n\t處理程序名稱:\t\tC:\\Windows\\System32\\services.exe\r\n\r\n網路資訊:\r\n\t工作站名稱:\t-\r\n\t來源網路位址:\t-\r\n\t來源連接埠:\t\t-\r\n\r\n詳細的驗證資訊:\r\n\t登入處理程序:\t\tAdvapi  \r\n\t驗證封裝:\tNegotiate\r\n\t轉送的服務:\t-\r\n\t封裝名稱 (僅 NTLM):\t-\r\n\t金鑰長度:\t\t0\r\n\r\n建立登入工作階段時會產生此事件。它是在所存取的電腦上產生。\r\n\r\n主體欄位指出要求登入之本機系統上的帳戶。這通常是發生在服務 (例如伺服器服務) 或是本機處理程序 (例如 Winlogon.exe 或 Services.exe)。\r\n\r\n登入類型欄位指出發生的登入類型。最常見的類型是 2 (互動式) 與 3 (網路)。\r\n\r\n新登入欄位指出是哪個帳戶建立新登入，例如登入的帳戶。\r\n\r\n網路欄位指出遠端登入要求的來源。工作站名稱並非一律可用，在某些情況下可能會是空白。\r\n\r\n模擬層級欄位指出登入工作階段中的處理程序可以模擬的範圍。\r\n\r\n驗證資訊欄位提供關於此特定登入要求的詳細資訊。\r\n\t- 登入 GUID 是唯一識別碼，可用於關聯這個事件與 KDC 事件。\r\n\t- 轉送的服務指出哪一個中介服務已經加入這個登入要求。\r\n\t- 封裝名稱指出在 NTLM 通訊協定中使用哪一個子協定。\r\n\t- 金鑰長度指出產生的工作階段金鑰長度。如果沒有要求工作階段金鑰則為 0。\"",
                "version" : "3",
                "systemTime" : "2024-05-17T11:38:09.7586065Z",
                "eventRecordID" : "3276587",
                "threadID" : "22016",
                "computer" : "CHPIYR2",
                "task" : "12544",
                "processID" : "1824",
                "severityValue" : "AUDIT_SUCCESS",
                "providerName" : "Microsoft-Windows-Security-Auditing"
              }
            }
          },
          "rule" : {
            "mail" : false,
            "level" : 3,
            "hipaa" : [
              "164.312.b"
            ],
            "pci_dss" : [
              "10.2.5"
            ],
            "tsc" : [
              "CC6.8",
              "CC7.2",
              "CC7.3"
            ],
            "description" : "Windows logon success.",
            "groups" : [
              "windows",
              "windows_security",
              "authentication_success"
            ],
            "nist_800_53" : [
              "AC.7",
              "AU.14"
            ],
            "gdpr" : [
              "IV_32.2"
            ],
            "firedtimes" : 58,
            "mitre" : {
              "technique" : [
                "Valid Accounts"
              ],
              "id" : [
                "T1078"
              ],
              "tactic" : [
                "Defense Evasion",
                "Persistence",
                "Privilege Escalation",
                "Initial Access"
              ]
            },
            "id" : "60106",
            "gpg13" : [
              "7.1",
              "7.2"
            ]
          },
          "decoder" : {
            "name" : "windows_eventchannel"
          },
          "input" : {
            "type" : "log"
          },
          "@timestamp" : "2024-05-17T11:38:10.073Z",
          "location" : "EventChannel",
          "id" : "1715945890.16348976",
          "timestamp" : "2024-05-17T11:38:10.073+0000"
        }
      },
