      {
        "_index" : "wazuh-alerts-4.x-2024.05.03",
        "_id" : "8S7PQI8BwKHU0X25myGy",
        "_score" : 0.0,
        "_source" : {
          "cluster" : {
            "node" : "node01",
            "name" : "wazuh"
          },
          "syscheck" : {
            "mode" : "scheduled",
            "path" : "HKEY_LOCAL_MACHINE\\System\\CurrentControlSet\\Services\\NdisTapi",
            "changed_attributes" : [
              "mtime"
            ],
            "uname_after" : "SYSTEM",
            "gname_after" : "SYSTEM",
            "mtime_after" : "2024-05-03T11:35:00",
            "uid_after" : "S-1-5-18",
            "gid_after" : "S-1-5-18",
            "arch" : "[x32]",
            "win_perm_after" : [
              {
                "allowed" : [
                  "READ_CONTROL",
                  "READ_DATA",
                  "READ_EA",
                  "WRITE_EA"
                ],
                "name" : "Users"
              },
              {
                "allowed" : [
                  "DELETE",
                  "READ_CONTROL",
                  "WRITE_DAC",
                  "WRITE_OWNER",
                  "READ_DATA",
                  "WRITE_DATA",
                  "APPEND_DATA",
                  "READ_EA",
                  "WRITE_EA",
                  "EXECUTE"
                ],
                "name" : "Administrators"
              },
              {
                "allowed" : [
                  "DELETE",
                  "READ_CONTROL",
                  "WRITE_DAC",
                  "WRITE_OWNER",
                  "READ_DATA",
                  "WRITE_DATA",
                  "APPEND_DATA",
                  "READ_EA",
                  "WRITE_EA",
                  "EXECUTE"
                ],
                "name" : "SYSTEM"
              },
              {
                "allowed" : [
                  "DELETE",
                  "READ_CONTROL",
                  "WRITE_DAC",
                  "WRITE_OWNER",
                  "READ_DATA",
                  "WRITE_DATA",
                  "APPEND_DATA",
                  "READ_EA",
                  "WRITE_EA",
                  "EXECUTE"
                ],
                "name" : "CREATOR OWNER"
              },
              {
                "allowed" : [
                  "READ_CONTROL",
                  "READ_DATA",
                  "READ_EA",
                  "WRITE_EA"
                ],
                "name" : "ALL APPLICATION PACKAGES"
              },
              {
                "allowed" : [
                  "READ_CONTROL",
                  "READ_DATA",
                  "READ_EA",
                  "WRITE_EA"
                ],
                "name" : "S-1-15-3-1024-1065365936-1281604716-3511738428-1654721687-432734479-3232135806-4053264122-3456934681"
              }
            ],
            "mtime_before" : "2024-05-03T10:25:24",
            "event" : "modified"
          },
          "agent" : {
            "ip" : "192.168.1.216",
            "name" : "chpiyr2",
            "id" : "014"
          },
          "manager" : {
            "name" : "wazuh-server"
          },
          "rule" : {
            "mail" : false,
            "level" : 5,
            "pci_dss" : [
              "11.5"
            ],
            "hipaa" : [
              "164.312.c.1",
              "164.312.c.2"
            ],
            "tsc" : [
              "PI1.4",
              "PI1.5",
              "CC6.1",
              "CC6.8",
              "CC7.2",
              "CC7.3"
            ],
            "description" : "Registry Key Integrity Checksum Changed",
            "groups" : [
              "ossec",
              "syscheck",
              "syscheck_entry_modified",
              "syscheck_registry"
            ],
            "nist_800_53" : [
              "SI.7"
            ],
            "gdpr" : [
              "II_5.1.f"
            ],
            "firedtimes" : 26,
            "mitre" : {
              "technique" : [
                "Stored Data Manipulation",
                "Modify Registry"
              ],
              "id" : [
                "T1565.001",
                "T1112"
              ],
              "tactic" : [
                "Impact",
                "Defense Evasion"
              ]
            },
            "id" : "594",
            "gpg13" : [
              "4.13"
            ]
          },
          "decoder" : {
            "name" : "syscheck_registry_key_modified"
          },
          "full_log" : "Registry Key '[x32] HKEY_LOCAL_MACHINE\\System\\CurrentControlSet\\Services\\NdisTapi' modified\nMode: scheduled\nChanged attributes: mtime\nOld modification time was: '1714731924', now it is '1714736100'\n",
          "input" : {
            "type" : "log"
          },
          "@timestamp" : "2024-05-03T23:34:56.608Z",
          "location" : "syscheck",
          "id" : "1714779296.30497635",
          "timestamp" : "2024-05-03T23:34:56.608+0000"
        }
      },
      {
        "_index" : "wazuh-alerts-4.x-2024.05.03",
        "_id" : "9S7PQI8BwKHU0X25nyGb",
        "_score" : 0.0,
        "_source" : {
          "cluster" : {
            "node" : "node01",
            "name" : "wazuh"
          },
          "syscheck" : {
            "value_type" : "REG_BINARY",
            "size_after" : "96",
            "md5_before" : "c15a47ee478f8b92f78fe05b9914d4e1",
            "sha256_before" : "b5437d74863070dd28df09c12b6245df312864316b3e9d4b32f533d7042b52b4",
            "mode" : "scheduled",
            "path" : "HKEY_LOCAL_MACHINE\\System\\CurrentControlSet\\Services\\nvlddmkm\\State\\DisplayDatabase\\CONNECTOR_10DE_28E1_00000001_00000000_1102",
            "sha1_after" : "dce609bee555fb0a5015010ac08ad4590d922a60",
            "changed_attributes" : [
              "md5",
              "sha1",
              "sha256"
            ],
            "arch" : "[x32]",
            "event" : "modified",
            "md5_after" : "0014c12365e4050a045604acec8ba80c",
            "sha1_before" : "b66630c5a647238736c56599e4822871ba425d25",
            "sha256_after" : "5b6a8d1a0379e0f292ae71d8a3abd9e9ca005c5b0571fa1efb80c5c028a82117",
            "value_name" : "DEStateRegistryKey"
          },
          "agent" : {
            "ip" : "192.168.1.216",
            "name" : "chpiyr2",
            "id" : "014"
          },
          "manager" : {
            "name" : "wazuh-server"
          },
          "rule" : {
            "mail" : false,
            "level" : 5,
            "pci_dss" : [
              "11.5"
            ],
            "hipaa" : [
              "164.312.c.1",
              "164.312.c.2"
            ],
            "tsc" : [
              "PI1.4",
              "PI1.5",
              "CC6.1",
              "CC6.8",
              "CC7.2",
              "CC7.3"
            ],
            "description" : "Registry Value Integrity Checksum Changed",
            "groups" : [
              "ossec",
              "syscheck",
              "syscheck_entry_modified",
              "syscheck_registry"
            ],
            "nist_800_53" : [
              "SI.7"
            ],
            "gdpr" : [
              "II_5.1.f"
            ],
            "firedtimes" : 94,
            "mitre" : {
              "technique" : [
                "Stored Data Manipulation",
                "Modify Registry"
              ],
              "id" : [
                "T1565.001",
                "T1112"
              ],
              "tactic" : [
                "Impact",
                "Defense Evasion"
              ]
            },
            "id" : "750",
            "gpg13" : [
              "4.13"
            ]
          },
          "decoder" : {
            "name" : "syscheck_registry_value_modified"
          },
          "full_log" : "Registry Value '[x32] HKEY_LOCAL_MACHINE\\System\\CurrentControlSet\\Services\\nvlddmkm\\State\\DisplayDatabase\\CONNECTOR_10DE_28E1_00000001_00000000_1102\\DEStateRegistryKey' modified\nMode: scheduled\nChanged attributes: md5,sha1,sha256\nOld md5sum was: 'c15a47ee478f8b92f78fe05b9914d4e1'\nNew md5sum is : '0014c12365e4050a045604acec8ba80c'\nOld sha1sum was: 'b66630c5a647238736c56599e4822871ba425d25'\nNew sha1sum is : 'dce609bee555fb0a5015010ac08ad4590d922a60'\nOld sha256sum was: 'b5437d74863070dd28df09c12b6245df312864316b3e9d4b32f533d7042b52b4'\nNew sha256sum is : '5b6a8d1a0379e0f292ae71d8a3abd9e9ca005c5b0571fa1efb80c5c028a82117'\n",
          "input" : {
            "type" : "log"
          },
          "@timestamp" : "2024-05-03T23:34:57.863Z",
          "location" : "syscheck",
          "id" : "1714779297.30502919",
          "timestamp" : "2024-05-03T23:34:57.863+0000"
        }
      },
      {
        "_index" : "wazuh-alerts-4.x-2024.05.03",
        "_id" : "-y7PQI8BwKHU0X25oyGE",
        "_score" : 0.0,
        "_source" : {
          "cluster" : {
            "node" : "node01",
            "name" : "wazuh"
          },
          "syscheck" : {
            "mode" : "scheduled",
            "path" : "HKEY_LOCAL_MACHINE\\System\\CurrentControlSet\\Services\\RasPppoe",
            "changed_attributes" : [
              "mtime"
            ],
            "uname_after" : "SYSTEM",
            "gname_after" : "SYSTEM",
            "mtime_after" : "2024-05-03T11:35:00",
            "uid_after" : "S-1-5-18",
            "gid_after" : "S-1-5-18",
            "arch" : "[x32]",
            "win_perm_after" : [
              {
                "allowed" : [
                  "READ_CONTROL",
                  "READ_DATA",
                  "READ_EA",
                  "WRITE_EA"
                ],
                "name" : "Users"
              },
              {
                "allowed" : [
                  "DELETE",
                  "READ_CONTROL",
                  "WRITE_DAC",
                  "WRITE_OWNER",
                  "READ_DATA",
                  "WRITE_DATA",
                  "APPEND_DATA",
                  "READ_EA",
                  "WRITE_EA",
                  "EXECUTE"
                ],
                "name" : "Administrators"
              },
              {
                "allowed" : [
                  "DELETE",
                  "READ_CONTROL",
                  "WRITE_DAC",
                  "WRITE_OWNER",
                  "READ_DATA",
                  "WRITE_DATA",
                  "APPEND_DATA",
                  "READ_EA",
                  "WRITE_EA",
                  "EXECUTE"
                ],
                "name" : "SYSTEM"
              },
              {
                "allowed" : [
                  "DELETE",
                  "READ_CONTROL",
                  "WRITE_DAC",
                  "WRITE_OWNER",
                  "READ_DATA",
                  "WRITE_DATA",
                  "APPEND_DATA",
                  "READ_EA",
                  "WRITE_EA",
                  "EXECUTE"
                ],
                "name" : "CREATOR OWNER"
              },
              {
                "allowed" : [
                  "READ_CONTROL",
                  "READ_DATA",
                  "READ_EA",
                  "WRITE_EA"
                ],
                "name" : "ALL APPLICATION PACKAGES"
              },
              {
                "allowed" : [
                  "READ_CONTROL",
                  "READ_DATA",
                  "READ_EA",
                  "WRITE_EA"
                ],
                "name" : "S-1-15-3-1024-1065365936-1281604716-3511738428-1654721687-432734479-3232135806-4053264122-3456934681"
              }
            ],
            "mtime_before" : "2024-05-03T10:25:24",
            "event" : "modified"
          },
          "agent" : {
            "ip" : "192.168.1.216",
            "name" : "chpiyr2",
            "id" : "014"
          },
          "manager" : {
            "name" : "wazuh-server"
          },
          "rule" : {
            "mail" : false,
            "level" : 5,
            "pci_dss" : [
              "11.5"
            ],
            "hipaa" : [
              "164.312.c.1",
              "164.312.c.2"
            ],
            "tsc" : [
              "PI1.4",
              "PI1.5",
              "CC6.1",
              "CC6.8",
              "CC7.2",
              "CC7.3"
            ],
            "description" : "Registry Key Integrity Checksum Changed",
            "groups" : [
              "ossec",
              "syscheck",
              "syscheck_entry_modified",
              "syscheck_registry"
            ],
            "nist_800_53" : [
              "SI.7"
            ],
            "gdpr" : [
              "II_5.1.f"
            ],
            "firedtimes" : 32,
            "mitre" : {
              "technique" : [
                "Stored Data Manipulation",
                "Modify Registry"
              ],
              "id" : [
                "T1565.001",
                "T1112"
              ],
              "tactic" : [
                "Impact",
                "Defense Evasion"
              ]
            },
            "id" : "594",
            "gpg13" : [
              "4.13"
            ]
          },
          "decoder" : {
            "name" : "syscheck_registry_key_modified"
          },
          "full_log" : "Registry Key '[x32] HKEY_LOCAL_MACHINE\\System\\CurrentControlSet\\Services\\RasPppoe' modified\nMode: scheduled\nChanged attributes: mtime\nOld modification time was: '1714731924', now it is '1714736100'\n",
          "input" : {
            "type" : "log"
          },
          "@timestamp" : "2024-05-03T23:34:58.876Z",
          "location" : "syscheck",
          "id" : "1714779298.30508076",
          "timestamp" : "2024-05-03T23:34:58.876+0000"
        }
      },
      {
        "_index" : "wazuh-alerts-4.x-2024.05.03",
        "_id" : "_y7PQI8BwKHU0X25oyGE",
        "_score" : 0.0,
        "_source" : {
          "cluster" : {
            "node" : "node01",
            "name" : "wazuh"
          },
          "syscheck" : {
            "mode" : "scheduled",
            "path" : "HKEY_LOCAL_MACHINE\\System\\CurrentControlSet\\Services\\rdyboost\\Parameters",
            "changed_attributes" : [
              "mtime"
            ],
            "uname_after" : "SYSTEM",
            "gname_after" : "SYSTEM",
            "mtime_after" : "2024-05-03T11:34:44",
            "uid_after" : "S-1-5-18",
            "gid_after" : "S-1-5-18",
            "arch" : "[x32]",
            "win_perm_after" : [
              {
                "allowed" : [
                  "READ_CONTROL",
                  "READ_DATA",
                  "READ_EA",
                  "WRITE_EA"
                ],
                "name" : "Users"
              },
              {
                "allowed" : [
                  "DELETE",
                  "READ_CONTROL",
                  "WRITE_DAC",
                  "WRITE_OWNER",
                  "READ_DATA",
                  "WRITE_DATA",
                  "APPEND_DATA",
                  "READ_EA",
                  "WRITE_EA",
                  "EXECUTE"
                ],
                "name" : "Administrators"
              },
              {
                "allowed" : [
                  "DELETE",
                  "READ_CONTROL",
                  "WRITE_DAC",
                  "WRITE_OWNER",
                  "READ_DATA",
                  "WRITE_DATA",
                  "APPEND_DATA",
                  "READ_EA",
                  "WRITE_EA",
                  "EXECUTE"
                ],
                "name" : "SYSTEM"
              },
              {
                "allowed" : [
                  "DELETE",
                  "READ_CONTROL",
                  "WRITE_DAC",
                  "WRITE_OWNER",
                  "READ_DATA",
                  "WRITE_DATA",
                  "APPEND_DATA",
                  "READ_EA",
                  "WRITE_EA",
                  "EXECUTE"
                ],
                "name" : "CREATOR OWNER"
              },
              {
                "allowed" : [
                  "READ_CONTROL",
                  "READ_DATA",
                  "READ_EA",
                  "WRITE_EA"
                ],
                "name" : "ALL APPLICATION PACKAGES"
              },
              {
                "allowed" : [
                  "READ_CONTROL",
                  "READ_DATA",
                  "READ_EA",
                  "WRITE_EA"
                ],
                "name" : "S-1-15-3-1024-1065365936-1281604716-3511738428-1654721687-432734479-3232135806-4053264122-3456934681"
              }
            ],
            "mtime_before" : "2024-05-03T11:32:58",
            "event" : "modified"
          },
          "agent" : {
            "ip" : "192.168.1.216",
            "name" : "chpiyr2",
            "id" : "014"
          },
          "manager" : {
            "name" : "wazuh-server"
          },
          "rule" : {
            "mail" : false,
            "level" : 5,
            "pci_dss" : [
              "11.5"
            ],
            "hipaa" : [
              "164.312.c.1",
              "164.312.c.2"
            ],
            "tsc" : [
              "PI1.4",
              "PI1.5",
              "CC6.1",
              "CC6.8",
              "CC7.2",
              "CC7.3"
            ],
            "description" : "Registry Key Integrity Checksum Changed",
            "groups" : [
              "ossec",
              "syscheck",
              "syscheck_entry_modified",
              "syscheck_registry"
            ],
            "nist_800_53" : [
              "SI.7"
            ],
            "gdpr" : [
              "II_5.1.f"
            ],
            "firedtimes" : 35,
            "mitre" : {
              "technique" : [
                "Stored Data Manipulation",
                "Modify Registry"
              ],
              "id" : [
                "T1565.001",
                "T1112"
              ],
              "tactic" : [
                "Impact",
                "Defense Evasion"
              ]
            },
            "id" : "594",
            "gpg13" : [
              "4.13"
            ]
          },
          "decoder" : {
            "name" : "syscheck_registry_key_modified"
          },
          "full_log" : "Registry Key '[x32] HKEY_LOCAL_MACHINE\\System\\CurrentControlSet\\Services\\rdyboost\\Parameters' modified\nMode: scheduled\nChanged attributes: mtime\nOld modification time was: '1714735978', now it is '1714736084'\n",
          "input" : {
            "type" : "log"
          },
          "@timestamp" : "2024-05-03T23:34:58.953Z",
          "location" : "syscheck",
          "id" : "1714779298.30513275",
          "timestamp" : "2024-05-03T23:34:58.953+0000"
        }
      },
      {
        "_index" : "wazuh-alerts-4.x-2024.05.03",
        "_id" : "AC7PQI8BwKHU0X25oyKE",
        "_score" : 0.0,
        "_source" : {
          "cluster" : {
            "node" : "node01",
            "name" : "wazuh"
          },
          "syscheck" : {
            "value_type" : "REG_DWORD",
            "size_after" : "4",
            "md5_before" : "ced165163e51e06e01dc44c35fea3eaf",
            "sha256_before" : "ae5ce162888ee3ebe974976cac5ab94a3f55049f8515884883d579fb3fa378d2",
            "mode" : "scheduled",
            "path" : "HKEY_LOCAL_MACHINE\\System\\CurrentControlSet\\Services\\rdyboost\\Parameters",
            "sha1_after" : "70352f41061eda4ff3c322094af068ba70c3b38b",
            "changed_attributes" : [
              "md5",
              "sha1",
              "sha256"
            ],
            "arch" : "[x32]",
            "event" : "modified",
            "md5_after" : "dd4b21e9ef71e1291183a46b913ae6f2",
            "sha1_before" : "1d102a8cf9879ceec3a7b26104b12e875c13d6a7",
            "sha256_after" : "7e071fd9b023ed8f18458a73613a0834f6220bd5cc50357ba3493c6040a9ea8c",
            "value_name" : "ReadyBootPlanAge"
          },
          "agent" : {
            "ip" : "192.168.1.216",
            "name" : "chpiyr2",
            "id" : "014"
          },
          "manager" : {
            "name" : "wazuh-server"
          },
          "rule" : {
            "mail" : false,
            "level" : 5,
            "pci_dss" : [
              "11.5"
            ],
            "hipaa" : [
              "164.312.c.1",
              "164.312.c.2"
            ],
            "tsc" : [
              "PI1.4",
              "PI1.5",
              "CC6.1",
              "CC6.8",
              "CC7.2",
              "CC7.3"
            ],
            "description" : "Registry Value Integrity Checksum Changed",
            "groups" : [
              "ossec",
              "syscheck",
              "syscheck_entry_modified",
              "syscheck_registry"
            ],
            "nist_800_53" : [
              "SI.7"
            ],
            "gdpr" : [
              "II_5.1.f"
            ],
            "firedtimes" : 96,
            "mitre" : {
              "technique" : [
                "Stored Data Manipulation",
                "Modify Registry"
              ],
              "id" : [
                "T1565.001",
                "T1112"
              ],
              "tactic" : [
                "Impact",
                "Defense Evasion"
              ]
            },
            "id" : "750",
            "gpg13" : [
              "4.13"
            ]
          },
          "decoder" : {
            "name" : "syscheck_registry_value_modified"
          },
          "full_log" : "Registry Value '[x32] HKEY_LOCAL_MACHINE\\System\\CurrentControlSet\\Services\\rdyboost\\Parameters\\ReadyBootPlanAge' modified\nMode: scheduled\nChanged attributes: md5,sha1,sha256\nOld md5sum was: 'ced165163e51e06e01dc44c35fea3eaf'\nNew md5sum is : 'dd4b21e9ef71e1291183a46b913ae6f2'\nOld sha1sum was: '1d102a8cf9879ceec3a7b26104b12e875c13d6a7'\nNew sha1sum is : '70352f41061eda4ff3c322094af068ba70c3b38b'\nOld sha256sum was: 'ae5ce162888ee3ebe974976cac5ab94a3f55049f8515884883d579fb3fa378d2'\nNew sha256sum is : '7e071fd9b023ed8f18458a73613a0834f6220bd5cc50357ba3493c6040a9ea8c'\n",
          "input" : {
            "type" : "log"
          },
          "@timestamp" : "2024-05-03T23:34:58.956Z",
          "location" : "syscheck",
          "id" : "1714779298.30514613",
          "timestamp" : "2024-05-03T23:34:58.956+0000"
        }
      },
      {
        "_index" : "wazuh-alerts-4.x-2024.05.03",
        "_id" : "Xi7JQI8BwKHU0X25-iE5",
        "_score" : 0.0,
        "_source" : {
          "cluster" : {
            "node" : "node01",
            "name" : "wazuh"
          },
          "agent" : {
            "ip" : "192.168.1.216",
            "name" : "chpiyr2",
            "id" : "014"
          },
          "manager" : {
            "name" : "wazuh-server"
          },
          "data" : {
            "win" : {
              "eventdata" : {
                "data" : "0x80070005, 存取被拒。,   操作:    正在收集寫入者資料  內容:    寫入者類別識別碼: {e8132975-6f93-4464-a53e-1050253ae220}    寫入者名稱: System Writer    寫入者例項識別碼: {06d9ed8d-e19b-4f4a-9a6c-4e3f1bf3f398}",
                "binary" : "2D20436F64653A20575254575254494330303030313238372D2043616C6C3A20575254575254494330303030313234312D205049443A202030303030363935322D205449443A202030303033343336382D20434D443A2020433A5C57494E444F57535C73797374656D33325C737663686F73742E657865202D6B204E6574776F726B53657276696365202D70202020202D20557365723A204E616D653A204E5420415554484F524954595C4E4554574F524B20534552564943452C205349443A532D312D352D3230"
              },
              "system" : {
                "eventID" : "8194",
                "keywords" : "0x80000000000000",
                "level" : "2",
                "channel" : "Application",
                "opcode" : "0",
                "message" : "\"磁碟區陰影複製服務錯誤: 查詢 IVssWriterCallback 介面時發生意外的錯誤。hr = 0x80070005, 存取被拒。\r\n。 這通常是因為寫入者或要求者程序中包含不正確的安全性設定所造成。 \n\n操作:\n   正在收集寫入者資料\n\n內容:\n   寫入者類別識別碼: {e8132975-6f93-4464-a53e-1050253ae220}\n   寫入者名稱: System Writer\n   寫入者例項識別碼: {06d9ed8d-e19b-4f4a-9a6c-4e3f1bf3f398}\"",
                "version" : "0",
                "systemTime" : "2024-05-03T23:28:42.5604104Z",
                "eventRecordID" : "227768",
                "threadID" : "0",
                "computer" : "CHPIYR2",
                "task" : "0",
                "processID" : "6952",
                "severityValue" : "ERROR",
                "providerName" : "VSS"
              }
            }
          },
          "rule" : {
            "firedtimes" : 43,
            "mail" : false,
            "level" : 9,
            "description" : "Windows application error event.",
            "groups" : [
              "windows",
              "windows_application",
              "system_error"
            ],
            "id" : "60602",
            "gdpr" : [
              "IV_35.7.d"
            ],
            "gpg13" : [
              "4.3"
            ]
          },
          "decoder" : {
            "name" : "windows_eventchannel"
          },
          "input" : {
            "type" : "log"
          },
          "@timestamp" : "2024-05-03T23:28:42.442Z",
          "location" : "EventChannel",
          "id" : "1714778922.30317868",
          "timestamp" : "2024-05-03T23:28:42.442+0000"
        }
      },
      {
        "_index" : "wazuh-alerts-4.x-2024.05.03",
        "_id" : "eC7PQI8BwKHU0X25ByE-",
        "_score" : 0.0,
        "_source" : {
          "cluster" : {
            "node" : "node01",
            "name" : "wazuh"
          },
          "agent" : {
            "ip" : "192.168.1.216",
            "name" : "chpiyr2",
            "id" : "014"
          },
          "manager" : {
            "name" : "wazuh-server"
          },
          "data" : {
            "win" : {
              "eventdata" : {
                "data" : "0x80070005, 存取被拒。,   操作:    正在收集寫入者資料  內容:    寫入者類別識別碼: {e8132975-6f93-4464-a53e-1050253ae220}    寫入者名稱: System Writer    寫入者例項識別碼: {06d9ed8d-e19b-4f4a-9a6c-4e3f1bf3f398}",
                "binary" : "2D20436F64653A20575254575254494330303030313238372D2043616C6C3A20575254575254494330303030313234312D205049443A202030303030363935322D205449443A202030303035323737322D20434D443A2020433A5C57494E444F57535C73797374656D33325C737663686F73742E657865202D6B204E6574776F726B53657276696365202D70202020202D20557365723A204E616D653A204E5420415554484F524954595C4E4554574F524B20534552564943452C205349443A532D312D352D3230"
              },
              "system" : {
                "eventID" : "8194",
                "keywords" : "0x80000000000000",
                "level" : "2",
                "channel" : "Application",
                "opcode" : "0",
                "message" : "\"磁碟區陰影複製服務錯誤: 查詢 IVssWriterCallback 介面時發生意外的錯誤。hr = 0x80070005, 存取被拒。\r\n。 這通常是因為寫入者或要求者程序中包含不正確的安全性設定所造成。 \n\n操作:\n   正在收集寫入者資料\n\n內容:\n   寫入者類別識別碼: {e8132975-6f93-4464-a53e-1050253ae220}\n   寫入者名稱: System Writer\n   寫入者例項識別碼: {06d9ed8d-e19b-4f4a-9a6c-4e3f1bf3f398}\"",
                "version" : "0",
                "systemTime" : "2024-05-03T23:34:12.8272057Z",
                "eventRecordID" : "227776",
                "threadID" : "0",
                "computer" : "CHPIYR2",
                "task" : "0",
                "processID" : "6952",
                "severityValue" : "ERROR",
                "providerName" : "VSS"
              }
            }
          },
          "rule" : {
            "firedtimes" : 51,
            "mail" : false,
            "level" : 9,
            "description" : "Windows application error event.",
            "groups" : [
              "windows",
              "windows_application",
              "system_error"
            ],
            "id" : "60602",
            "gdpr" : [
              "IV_35.7.d"
            ],
            "gpg13" : [
              "4.3"
            ]
          },
          "decoder" : {
            "name" : "windows_eventchannel"
          },
          "input" : {
            "type" : "log"
          },
          "@timestamp" : "2024-05-03T23:34:12.717Z",
          "location" : "EventChannel",
          "id" : "1714779252.30349410",
          "timestamp" : "2024-05-03T23:34:12.717+0000"
        }
      },
      {
        "_index" : "wazuh-alerts-4.x-2024.05.03",
        "_id" : "TC7cQI8BwKHU0X25XSOA",
        "_score" : 0.0,
        "_source" : {
          "cluster" : {
            "node" : "node01",
            "name" : "wazuh"
          },
          "agent" : {
            "ip" : "192.168.1.216",
            "name" : "chpiyr2",
            "id" : "014"
          },
          "manager" : {
            "name" : "wazuh-server"
          },
          "data" : {
            "win" : {
              "eventdata" : {
                "subjectLogonId" : "0x3e7",
                "subjectDomainName" : "WORKGROUP",
                "targetLinkedLogonId" : "0x0",
                "impersonationLevel" : "%%1833",
                "authenticationPackageName" : "Negotiate",
                "targetLogonId" : "0x3e7",
                "logonProcessName" : "Advapi",
                "logonGuid" : "{00000000-0000-0000-0000-000000000000}",
                "targetUserName" : "SYSTEM",
                "keyLength" : "0",
                "elevatedToken" : "%%1842",
                "subjectUserSid" : "S-1-5-18",
                "processId" : "0x70c",
                "processName" : "C:\\\\Windows\\\\System32\\\\services.exe",
                "targetDomainName" : "NT AUTHORITY",
                "targetUserSid" : "S-1-5-18",
                "virtualAccount" : "%%1843",
                "logonType" : "5",
                "subjectUserName" : "CHPIYR2$"
              },
              "system" : {
                "eventID" : "4624",
                "keywords" : "0x8020000000000000",
                "providerGuid" : "{54849625-5478-4994-a5ba-3e3b0328c30d}",
                "level" : "0",
                "channel" : "Security",
                "opcode" : "0",
                "message" : "\"帳戶已順利登入。\r\n\r\n主體:\r\n\t安全性識別碼:\t\tS-1-5-18\r\n\tA帳戶名稱:\t\tCHPIYR2$\r\n\t帳戶網域:\t\tWORKGROUP\r\n\t登入識別碼:\t\t0x3E7\r\n\r\n登入資訊:\r\n\t登入類型:\t\t5\r\n\t受限制的系統管理模式:\t-\r\n\tRemote Credential Guard:\t-\r\n\t虛擬帳戶:\t\t否\r\n\t提高權限的權杖:\t\t是\r\n\r\n模擬層級:\t\t模擬\r\n\r\n新登入:\r\n\t安全性識別碼:\t\tS-1-5-18\r\n\t帳戶名稱:\t\tSYSTEM\r\n\t帳戶網域:\t\tNT AUTHORITY\r\n\t登入識別碼:\t\t0x3E7\r\n\t連結的登入識別碼:\t\t0x0\r\n\t網路帳戶名稱:\t-\r\n\t網路帳戶網域:\t-\r\n\t登入 GUID:\t\t{00000000-0000-0000-0000-000000000000}\r\n\r\n處理程序資訊:\r\n\t處理程序識別碼:\t\t0x70c\r\n\t處理程序名稱:\t\tC:\\Windows\\System32\\services.exe\r\n\r\n網路資訊:\r\n\t工作站名稱:\t-\r\n\t來源網路位址:\t-\r\n\t來源連接埠:\t\t-\r\n\r\n詳細的驗證資訊:\r\n\t登入處理程序:\t\tAdvapi  \r\n\t驗證封裝:\tNegotiate\r\n\t轉送的服務:\t-\r\n\t封裝名稱 (僅 NTLM):\t-\r\n\t金鑰長度:\t\t0\r\n\r\n建立登入工作階段時會產生此事件。它是在所存取的電腦上產生。\r\n\r\n主體欄位指出要求登入之本機系統上的帳戶。這通常是發生在服務 (例如伺服器服務) 或是本機處理程序 (例如 Winlogon.exe 或 Services.exe)。\r\n\r\n登入類型欄位指出發生的登入類型。最常見的類型是 2 (互動式) 與 3 (網路)。\r\n\r\n新登入欄位指出是哪個帳戶建立新登入，例如登入的帳戶。\r\n\r\n網路欄位指出遠端登入要求的來源。工作站名稱並非一律可用，在某些情況下可能會是空白。\r\n\r\n模擬層級欄位指出登入工作階段中的處理程序可以模擬的範圍。\r\n\r\n驗證資訊欄位提供關於此特定登入要求的詳細資訊。\r\n\t- 登入 GUID 是唯一識別碼，可用於關聯這個事件與 KDC 事件。\r\n\t- 轉送的服務指出哪一個中介服務已經加入這個登入要求。\r\n\t- 封裝名稱指出在 NTLM 通訊協定中使用哪一個子協定。\r\n\t- 金鑰長度指出產生的工作階段金鑰長度。如果沒有要求工作階段金鑰則為 0。\"",
                "version" : "3",
                "systemTime" : "2024-05-03T23:48:52.3488935Z",
                "eventRecordID" : "2656503",
                "threadID" : "27584",
                "computer" : "CHPIYR2",
                "task" : "12544",
                "processID" : "1840",
                "severityValue" : "AUDIT_SUCCESS",
                "providerName" : "Microsoft-Windows-Security-Auditing"
              }
            }
          },
          "rule" : {
            "mail" : false,
            "level" : 3,
            "hipaa" : [
              "164.312.b"
            ],
            "pci_dss" : [
              "10.2.5"
            ],
            "tsc" : [
              "CC6.8",
              "CC7.2",
              "CC7.3"
            ],
            "description" : "Windows logon success.",
            "groups" : [
              "windows",
              "windows_security",
              "authentication_success"
            ],
            "nist_800_53" : [
              "AC.7",
              "AU.14"
            ],
            "gdpr" : [
              "IV_32.2"
            ],
            "firedtimes" : 9,
            "mitre" : {
              "technique" : [
                "Valid Accounts"
              ],
              "id" : [
                "T1078"
              ],
              "tactic" : [
                "Defense Evasion",
                "Persistence",
                "Privilege Escalation",
                "Initial Access"
              ]
            },
            "id" : "60106",
            "gpg13" : [
              "7.1",
              "7.2"
            ]
          },
          "decoder" : {
            "name" : "windows_eventchannel"
          },
          "input" : {
            "type" : "log"
          },
          "@timestamp" : "2024-05-03T23:48:53.193Z",
          "location" : "EventChannel",
          "id" : "1714780133.30831620",
          "timestamp" : "2024-05-03T23:48:53.193+0000"
        }
      },
      {
        "_index" : "wazuh-alerts-4.x-2024.05.03",
        "_id" : "Si7bQI8BwKHU0X25oSP9",
        "_score" : 0.0,
        "_source" : {
          "cluster" : {
            "node" : "node01",
            "name" : "wazuh"
          },
          "agent" : {
            "ip" : "192.168.1.216",
            "name" : "chpiyr2",
            "id" : "014"
          },
          "manager" : {
            "name" : "wazuh-server"
          },
          "data" : {
            "win" : {
              "eventdata" : {
                "data" : "0x80070005, 存取被拒。,   操作:    正在收集寫入者資料  內容:    寫入者類別識別碼: {e8132975-6f93-4464-a53e-1050253ae220}    寫入者名稱: System Writer    寫入者例項識別碼: {06d9ed8d-e19b-4f4a-9a6c-4e3f1bf3f398}",
                "binary" : "2D20436F64653A20575254575254494330303030313238372D2043616C6C3A20575254575254494330303030313234312D205049443A202030303030363935322D205449443A202030303035333838302D20434D443A2020433A5C57494E444F57535C73797374656D33325C737663686F73742E657865202D6B204E6574776F726B53657276696365202D70202020202D20557365723A204E616D653A204E5420415554484F524954595C4E4554574F524B20534552564943452C205349443A532D312D352D3230"
              },
              "system" : {
                "eventID" : "8194",
                "keywords" : "0x80000000000000",
                "level" : "2",
                "channel" : "Application",
                "opcode" : "0",
                "message" : "\"磁碟區陰影複製服務錯誤: 查詢 IVssWriterCallback 介面時發生意外的錯誤。hr = 0x80070005, 存取被拒。\r\n。 這通常是因為寫入者或要求者程序中包含不正確的安全性設定所造成。 \n\n操作:\n   正在收集寫入者資料\n\n內容:\n   寫入者類別識別碼: {e8132975-6f93-4464-a53e-1050253ae220}\n   寫入者名稱: System Writer\n   寫入者例項識別碼: {06d9ed8d-e19b-4f4a-9a6c-4e3f1bf3f398}\"",
                "version" : "0",
                "systemTime" : "2024-05-03T23:48:03.3785807Z",
                "eventRecordID" : "227796",
                "threadID" : "0",
                "computer" : "CHPIYR2",
                "task" : "0",
                "processID" : "6952",
                "severityValue" : "ERROR",
                "providerName" : "VSS"
              }
            }
          },
          "rule" : {
            "firedtimes" : 71,
            "mail" : false,
            "level" : 9,
            "description" : "Windows application error event.",
            "groups" : [
              "windows",
              "windows_application",
              "system_error"
            ],
            "id" : "60602",
            "gdpr" : [
              "IV_35.7.d"
            ],
            "gpg13" : [
              "4.3"
            ]
          },
          "decoder" : {
            "name" : "windows_eventchannel"
          },
          "input" : {
            "type" : "log"
          },
          "@timestamp" : "2024-05-03T23:48:03.253Z",
          "location" : "EventChannel",
          "id" : "1714780083.30825144",
          "timestamp" : "2024-05-03T23:48:03.253+0000"
        }
      },
      {
        "_index" : "wazuh-alerts-4.x-2024.05.03",
        "_id" : "KS7RQI8BwKHU0X25myN4",
        "_score" : 0.0,
        "_source" : {
          "cluster" : {
            "node" : "node01",
            "name" : "wazuh"
          },
          "agent" : {
            "ip" : "192.168.1.216",
            "name" : "chpiyr2",
            "id" : "014"
          },
          "manager" : {
            "name" : "wazuh-server"
          },
          "data" : {
            "win" : {
              "eventdata" : {
                "data" : "0x80070005, 存取被拒。,   操作:    正在收集寫入者資料  內容:    寫入者類別識別碼: {e8132975-6f93-4464-a53e-1050253ae220}    寫入者名稱: System Writer    寫入者例項識別碼: {06d9ed8d-e19b-4f4a-9a6c-4e3f1bf3f398}",
                "binary" : "2D20436F64653A20575254575254494330303030313238372D2043616C6C3A20575254575254494330303030313234312D205049443A202030303030363935322D205449443A202030303035323737322D20434D443A2020433A5C57494E444F57535C73797374656D33325C737663686F73742E657865202D6B204E6574776F726B53657276696365202D70202020202D20557365723A204E616D653A204E5420415554484F524954595C4E4554574F524B20534552564943452C205349443A532D312D352D3230"
              },
              "system" : {
                "eventID" : "8194",
                "keywords" : "0x80000000000000",
                "level" : "2",
                "channel" : "Application",
                "opcode" : "0",
                "message" : "\"磁碟區陰影複製服務錯誤: 查詢 IVssWriterCallback 介面時發生意外的錯誤。hr = 0x80070005, 存取被拒。\r\n。 這通常是因為寫入者或要求者程序中包含不正確的安全性設定所造成。 \n\n操作:\n   正在收集寫入者資料\n\n內容:\n   寫入者類別識別碼: {e8132975-6f93-4464-a53e-1050253ae220}\n   寫入者名稱: System Writer\n   寫入者例項識別碼: {06d9ed8d-e19b-4f4a-9a6c-4e3f1bf3f398}\"",
                "version" : "0",
                "systemTime" : "2024-05-03T23:36:58.6012074Z",
                "eventRecordID" : "227780",
                "threadID" : "0",
                "computer" : "CHPIYR2",
                "task" : "0",
                "processID" : "6952",
                "severityValue" : "ERROR",
                "providerName" : "VSS"
              }
            }
          },
          "rule" : {
            "firedtimes" : 55,
            "mail" : false,
            "level" : 9,
            "description" : "Windows application error event.",
            "groups" : [
              "windows",
              "windows_application",
              "system_error"
            ],
            "id" : "60602",
            "gdpr" : [
              "IV_35.7.d"
            ],
            "gpg13" : [
              "4.3"
            ]
          },
          "decoder" : {
            "name" : "windows_eventchannel"
          },
          "input" : {
            "type" : "log"
          },
          "@timestamp" : "2024-05-03T23:36:58.479Z",
          "location" : "EventChannel",
          "id" : "1714779418.30772998",
          "timestamp" : "2024-05-03T23:36:58.479+0000"
        }
      },
      {
        "_index" : "wazuh-alerts-4.x-2024.05.03",
        "_id" : "Mi7VQI8BwKHU0X259CPM",
        "_score" : 0.0,
        "_source" : {
          "cluster" : {
            "node" : "node01",
            "name" : "wazuh"
          },
          "agent" : {
            "ip" : "192.168.1.216",
            "name" : "chpiyr2",
            "id" : "014"
          },
          "manager" : {
            "name" : "wazuh-server"
          },
          "data" : {
            "win" : {
              "eventdata" : {
                "data" : "0x80070005, 存取被拒。,   操作:    正在收集寫入者資料  內容:    寫入者類別識別碼: {e8132975-6f93-4464-a53e-1050253ae220}    寫入者名稱: System Writer    寫入者例項識別碼: {06d9ed8d-e19b-4f4a-9a6c-4e3f1bf3f398}",
                "binary" : "2D20436F64653A20575254575254494330303030313238372D2043616C6C3A20575254575254494330303030313234312D205049443A202030303030363935322D205449443A202030303035333838302D20434D443A2020433A5C57494E444F57535C73797374656D33325C737663686F73742E657865202D6B204E6574776F726B53657276696365202D70202020202D20557365723A204E616D653A204E5420415554484F524954595C4E4554574F524B20534552564943452C205349443A532D312D352D3230"
              },
              "system" : {
                "eventID" : "8194",
                "keywords" : "0x80000000000000",
                "level" : "2",
                "channel" : "Application",
                "opcode" : "0",
                "message" : "\"磁碟區陰影複製服務錯誤: 查詢 IVssWriterCallback 介面時發生意外的錯誤。hr = 0x80070005, 存取被拒。\r\n。 這通常是因為寫入者或要求者程序中包含不正確的安全性設定所造成。 \n\n操作:\n   正在收集寫入者資料\n\n內容:\n   寫入者類別識別碼: {e8132975-6f93-4464-a53e-1050253ae220}\n   寫入者名稱: System Writer\n   寫入者例項識別碼: {06d9ed8d-e19b-4f4a-9a6c-4e3f1bf3f398}\"",
                "version" : "0",
                "systemTime" : "2024-05-03T23:41:48.4654621Z",
                "eventRecordID" : "227787",
                "threadID" : "0",
                "computer" : "CHPIYR2",
                "task" : "0",
                "processID" : "6952",
                "severityValue" : "ERROR",
                "providerName" : "VSS"
              }
            }
          },
          "rule" : {
            "firedtimes" : 62,
            "mail" : false,
            "level" : 9,
            "description" : "Windows application error event.",
            "groups" : [
              "windows",
              "windows_application",
              "system_error"
            ],
            "id" : "60602",
            "gdpr" : [
              "IV_35.7.d"
            ],
            "gpg13" : [
              "4.3"
            ]
          },
          "decoder" : {
            "name" : "windows_eventchannel"
          },
          "input" : {
            "type" : "log"
          },
          "@timestamp" : "2024-05-03T23:41:48.345Z",
          "location" : "EventChannel",
          "id" : "1714779708.30795664",
          "timestamp" : "2024-05-03T23:41:48.345+0000"
        }
      },
      {
        "_index" : "wazuh-alerts-4.x-2024.05.03",
        "_id" : "RS7ZQI8BwKHU0X25FSOd",
        "_score" : 0.0,
        "_source" : {
          "cluster" : {
            "node" : "node01",
            "name" : "wazuh"
          },
          "agent" : {
            "ip" : "192.168.1.216",
            "name" : "chpiyr2",
            "id" : "014"
          },
          "manager" : {
            "name" : "wazuh-server"
          },
          "data" : {
            "win" : {
              "eventdata" : {
                "data" : "0x80070005, 存取被拒。,   操作:    正在收集寫入者資料  內容:    寫入者類別識別碼: {e8132975-6f93-4464-a53e-1050253ae220}    寫入者名稱: System Writer    寫入者例項識別碼: {06d9ed8d-e19b-4f4a-9a6c-4e3f1bf3f398}",
                "binary" : "2D20436F64653A20575254575254494330303030313238372D2043616C6C3A20575254575254494330303030313234312D205049443A202030303030363935322D205449443A202030303033343336382D20434D443A2020433A5C57494E444F57535C73797374656D33325C737663686F73742E657865202D6B204E6574776F726B53657276696365202D70202020202D20557365723A204E616D653A204E5420415554484F524954595C4E4554574F524B20534552564943452C205349443A532D312D352D3230"
              },
              "system" : {
                "eventID" : "8194",
                "keywords" : "0x80000000000000",
                "level" : "2",
                "channel" : "Application",
                "opcode" : "0",
                "message" : "\"磁碟區陰影複製服務錯誤: 查詢 IVssWriterCallback 介面時發生意外的錯誤。hr = 0x80070005, 存取被拒。\r\n。 這通常是因為寫入者或要求者程序中包含不正確的安全性設定所造成。 \n\n操作:\n   正在收集寫入者資料\n\n內容:\n   寫入者類別識別碼: {e8132975-6f93-4464-a53e-1050253ae220}\n   寫入者名稱: System Writer\n   寫入者例項識別碼: {06d9ed8d-e19b-4f4a-9a6c-4e3f1bf3f398}\"",
                "version" : "0",
                "systemTime" : "2024-05-03T23:45:17.0500375Z",
                "eventRecordID" : "227792",
                "threadID" : "0",
                "computer" : "CHPIYR2",
                "task" : "0",
                "processID" : "6952",
                "severityValue" : "ERROR",
                "providerName" : "VSS"
              }
            }
          },
          "rule" : {
            "firedtimes" : 67,
            "mail" : false,
            "level" : 9,
            "description" : "Windows application error event.",
            "groups" : [
              "windows",
              "windows_application",
              "system_error"
            ],
            "id" : "60602",
            "gdpr" : [
              "IV_35.7.d"
            ],
            "gpg13" : [
              "4.3"
            ]
          },
          "decoder" : {
            "name" : "windows_eventchannel"
          },
          "input" : {
            "type" : "log"
          },
          "@timestamp" : "2024-05-03T23:45:16.930Z",
          "location" : "EventChannel",
          "id" : "1714779916.30811854",
          "timestamp" : "2024-05-03T23:45:16.930+0000"
        }
      },
      {
        "_index" : "wazuh-alerts-4.x-2024.05.03",
        "_id" : "Ri7ZQI8BwKHU0X25xSNn",
        "_score" : 0.0,
        "_source" : {
          "cluster" : {
            "node" : "node01",
            "name" : "wazuh"
          },
          "agent" : {
            "ip" : "192.168.1.216",
            "name" : "chpiyr2",
            "id" : "014"
          },
          "manager" : {
            "name" : "wazuh-server"
          },
          "data" : {
            "win" : {
              "eventdata" : {
                "data" : "0x80070005, 存取被拒。,   操作:    正在收集寫入者資料  內容:    寫入者類別識別碼: {e8132975-6f93-4464-a53e-1050253ae220}    寫入者名稱: System Writer    寫入者例項識別碼: {06d9ed8d-e19b-4f4a-9a6c-4e3f1bf3f398}",
                "binary" : "2D20436F64653A20575254575254494330303030313238372D2043616C6C3A20575254575254494330303030313234312D205049443A202030303030363935322D205449443A202030303035333838302D20434D443A2020433A5C57494E444F57535C73797374656D33325C737663686F73742E657865202D6B204E6574776F726B53657276696365202D70202020202D20557365723A204E616D653A204E5420415554484F524954595C4E4554574F524B20534552564943452C205349443A532D312D352D3230"
              },
              "system" : {
                "eventID" : "8194",
                "keywords" : "0x80000000000000",
                "level" : "2",
                "channel" : "Application",
                "opcode" : "0",
                "message" : "\"磁碟區陰影複製服務錯誤: 查詢 IVssWriterCallback 介面時發生意外的錯誤。hr = 0x80070005, 存取被拒。\r\n。 這通常是因為寫入者或要求者程序中包含不正確的安全性設定所造成。 \n\n操作:\n   正在收集寫入者資料\n\n內容:\n   寫入者類別識別碼: {e8132975-6f93-4464-a53e-1050253ae220}\n   寫入者名稱: System Writer\n   寫入者例項識別碼: {06d9ed8d-e19b-4f4a-9a6c-4e3f1bf3f398}\"",
                "version" : "0",
                "systemTime" : "2024-05-03T23:45:58.7474204Z",
                "eventRecordID" : "227793",
                "threadID" : "0",
                "computer" : "CHPIYR2",
                "task" : "0",
                "processID" : "6952",
                "severityValue" : "ERROR",
                "providerName" : "VSS"
              }
            }
          },
          "rule" : {
            "firedtimes" : 68,
            "mail" : false,
            "level" : 9,
            "description" : "Windows application error event.",
            "groups" : [
              "windows",
              "windows_application",
              "system_error"
            ],
            "id" : "60602",
            "gdpr" : [
              "IV_35.7.d"
            ],
            "gpg13" : [
              "4.3"
            ]
          },
          "decoder" : {
            "name" : "windows_eventchannel"
          },
          "input" : {
            "type" : "log"
          },
          "@timestamp" : "2024-05-03T23:45:58.623Z",
          "location" : "EventChannel",
          "id" : "1714779958.30815092",
          "timestamp" : "2024-05-03T23:45:58.623+0000"
        }
      },
