      {
        "_index" : "wazuh-alerts-4.x-2024.05.19",
        "_id" : "VrQjkI8BSo6fEa2Hswc8",
        "_score" : 0.0,
        "_source" : {
          "cluster" : {
            "node" : "node01",
            "name" : "wazuh"
          },
          "agent" : {
            "ip" : "192.168.1.216",
            "name" : "chpiyr2",
            "id" : "014"
          },
          "manager" : {
            "name" : "wazuh-server"
          },
          "data" : {
            "win" : {
              "eventdata" : {
                "subjectLogonId" : "0x3e7",
                "subjectDomainName" : "WORKGROUP",
                "targetLinkedLogonId" : "0x0",
                "impersonationLevel" : "%%1833",
                "authenticationPackageName" : "Negotiate",
                "targetLogonId" : "0x3e7",
                "logonProcessName" : "Advapi",
                "logonGuid" : "{00000000-0000-0000-0000-000000000000}",
                "targetUserName" : "SYSTEM",
                "keyLength" : "0",
                "elevatedToken" : "%%1842",
                "subjectUserSid" : "S-1-5-18",
                "processId" : "0x6fc",
                "processName" : "C:\\\\Windows\\\\System32\\\\services.exe",
                "targetDomainName" : "NT AUTHORITY",
                "targetUserSid" : "S-1-5-18",
                "virtualAccount" : "%%1843",
                "logonType" : "5",
                "subjectUserName" : "CHPIYR2$"
              },
              "system" : {
                "eventID" : "4624",
                "keywords" : "0x8020000000000000",
                "providerGuid" : "{54849625-5478-4994-a5ba-3e3b0328c30d}",
                "level" : "0",
                "channel" : "Security",
                "opcode" : "0",
                "message" : "\"帳戶已順利登入。\r\n\r\n主體:\r\n\t安全性識別碼:\t\tS-1-5-18\r\n\tA帳戶名稱:\t\tCHPIYR2$\r\n\t帳戶網域:\t\tWORKGROUP\r\n\t登入識別碼:\t\t0x3E7\r\n\r\n登入資訊:\r\n\t登入類型:\t\t5\r\n\t受限制的系統管理模式:\t-\r\n\tRemote Credential Guard:\t-\r\n\t虛擬帳戶:\t\t否\r\n\t提高權限的權杖:\t\t是\r\n\r\n模擬層級:\t\t模擬\r\n\r\n新登入:\r\n\t安全性識別碼:\t\tS-1-5-18\r\n\t帳戶名稱:\t\tSYSTEM\r\n\t帳戶網域:\t\tNT AUTHORITY\r\n\t登入識別碼:\t\t0x3E7\r\n\t連結的登入識別碼:\t\t0x0\r\n\t網路帳戶名稱:\t-\r\n\t網路帳戶網域:\t-\r\n\t登入 GUID:\t\t{00000000-0000-0000-0000-000000000000}\r\n\r\n處理程序資訊:\r\n\t處理程序識別碼:\t\t0x6fc\r\n\t處理程序名稱:\t\tC:\\Windows\\System32\\services.exe\r\n\r\n網路資訊:\r\n\t工作站名稱:\t-\r\n\t來源網路位址:\t-\r\n\t來源連接埠:\t\t-\r\n\r\n詳細的驗證資訊:\r\n\t登入處理程序:\t\tAdvapi  \r\n\t驗證封裝:\tNegotiate\r\n\t轉送的服務:\t-\r\n\t封裝名稱 (僅 NTLM):\t-\r\n\t金鑰長度:\t\t0\r\n\r\n建立登入工作階段時會產生此事件。它是在所存取的電腦上產生。\r\n\r\n主體欄位指出要求登入之本機系統上的帳戶。這通常是發生在服務 (例如伺服器服務) 或是本機處理程序 (例如 Winlogon.exe 或 Services.exe)。\r\n\r\n登入類型欄位指出發生的登入類型。最常見的類型是 2 (互動式) 與 3 (網路)。\r\n\r\n新登入欄位指出是哪個帳戶建立新登入，例如登入的帳戶。\r\n\r\n網路欄位指出遠端登入要求的來源。工作站名稱並非一律可用，在某些情況下可能會是空白。\r\n\r\n模擬層級欄位指出登入工作階段中的處理程序可以模擬的範圍。\r\n\r\n驗證資訊欄位提供關於此特定登入要求的詳細資訊。\r\n\t- 登入 GUID 是唯一識別碼，可用於關聯這個事件與 KDC 事件。\r\n\t- 轉送的服務指出哪一個中介服務已經加入這個登入要求。\r\n\t- 封裝名稱指出在 NTLM 通訊協定中使用哪一個子協定。\r\n\t- 金鑰長度指出產生的工作階段金鑰長度。如果沒有要求工作階段金鑰則為 0。\"",
                "version" : "3",
                "systemTime" : "2024-05-19T09:16:43.9541215Z",
                "eventRecordID" : "3472441",
                "threadID" : "72996",
                "computer" : "CHPIYR2",
                "task" : "12544",
                "processID" : "1824",
                "severityValue" : "AUDIT_SUCCESS",
                "providerName" : "Microsoft-Windows-Security-Auditing"
              }
            }
          },
          "rule" : {
            "mail" : false,
            "level" : 3,
            "hipaa" : [
              "164.312.b"
            ],
            "pci_dss" : [
              "10.2.5"
            ],
            "tsc" : [
              "CC6.8",
              "CC7.2",
              "CC7.3"
            ],
            "description" : "Windows logon success.",
            "groups" : [
              "windows",
              "windows_security",
              "authentication_success"
            ],
            "nist_800_53" : [
              "AC.7",
              "AU.14"
            ],
            "gdpr" : [
              "IV_32.2"
            ],
            "firedtimes" : 12,
            "mitre" : {
              "technique" : [
                "Valid Accounts"
              ],
              "id" : [
                "T1078"
              ],
              "tactic" : [
                "Defense Evasion",
                "Persistence",
                "Privilege Escalation",
                "Initial Access"
              ]
            },
            "id" : "60106",
            "gpg13" : [
              "7.1",
              "7.2"
            ]
          },
          "decoder" : {
            "name" : "windows_eventchannel"
          },
          "input" : {
            "type" : "log"
          },
          "@timestamp" : "2024-05-19T09:16:43.900Z",
          "location" : "EventChannel",
          "id" : "1716110203.7498500",
          "timestamp" : "2024-05-19T09:16:43.900+0000"
        }
      },
      {
        "_index" : "wazuh-alerts-4.x-2024.05.19",
        "_id" : "ObQZkI8BSo6fEa2HKwXT",
        "_score" : 0.0,
        "_source" : {
          "cluster" : {
            "node" : "node01",
            "name" : "wazuh"
          },
          "agent" : {
            "ip" : "192.168.1.216",
            "name" : "chpiyr2",
            "id" : "014"
          },
          "manager" : {
            "name" : "wazuh-server"
          },
          "data" : {
            "win" : {
              "eventdata" : {
                "subjectLogonId" : "0x3e7",
                "subjectDomainName" : "WORKGROUP",
                "targetLinkedLogonId" : "0x0",
                "impersonationLevel" : "%%1833",
                "authenticationPackageName" : "Negotiate",
                "targetLogonId" : "0x3e7",
                "logonProcessName" : "Advapi",
                "logonGuid" : "{00000000-0000-0000-0000-000000000000}",
                "targetUserName" : "SYSTEM",
                "keyLength" : "0",
                "elevatedToken" : "%%1842",
                "subjectUserSid" : "S-1-5-18",
                "processId" : "0x6fc",
                "processName" : "C:\\\\Windows\\\\System32\\\\services.exe",
                "targetDomainName" : "NT AUTHORITY",
                "targetUserSid" : "S-1-5-18",
                "virtualAccount" : "%%1843",
                "logonType" : "5",
                "subjectUserName" : "CHPIYR2$"
              },
              "system" : {
                "eventID" : "4624",
                "keywords" : "0x8020000000000000",
                "providerGuid" : "{54849625-5478-4994-a5ba-3e3b0328c30d}",
                "level" : "0",
                "channel" : "Security",
                "opcode" : "0",
                "message" : "\"帳戶已順利登入。\r\n\r\n主體:\r\n\t安全性識別碼:\t\tS-1-5-18\r\n\tA帳戶名稱:\t\tCHPIYR2$\r\n\t帳戶網域:\t\tWORKGROUP\r\n\t登入識別碼:\t\t0x3E7\r\n\r\n登入資訊:\r\n\t登入類型:\t\t5\r\n\t受限制的系統管理模式:\t-\r\n\tRemote Credential Guard:\t-\r\n\t虛擬帳戶:\t\t否\r\n\t提高權限的權杖:\t\t是\r\n\r\n模擬層級:\t\t模擬\r\n\r\n新登入:\r\n\t安全性識別碼:\t\tS-1-5-18\r\n\t帳戶名稱:\t\tSYSTEM\r\n\t帳戶網域:\t\tNT AUTHORITY\r\n\t登入識別碼:\t\t0x3E7\r\n\t連結的登入識別碼:\t\t0x0\r\n\t網路帳戶名稱:\t-\r\n\t網路帳戶網域:\t-\r\n\t登入 GUID:\t\t{00000000-0000-0000-0000-000000000000}\r\n\r\n處理程序資訊:\r\n\t處理程序識別碼:\t\t0x6fc\r\n\t處理程序名稱:\t\tC:\\Windows\\System32\\services.exe\r\n\r\n網路資訊:\r\n\t工作站名稱:\t-\r\n\t來源網路位址:\t-\r\n\t來源連接埠:\t\t-\r\n\r\n詳細的驗證資訊:\r\n\t登入處理程序:\t\tAdvapi  \r\n\t驗證封裝:\tNegotiate\r\n\t轉送的服務:\t-\r\n\t封裝名稱 (僅 NTLM):\t-\r\n\t金鑰長度:\t\t0\r\n\r\n建立登入工作階段時會產生此事件。它是在所存取的電腦上產生。\r\n\r\n主體欄位指出要求登入之本機系統上的帳戶。這通常是發生在服務 (例如伺服器服務) 或是本機處理程序 (例如 Winlogon.exe 或 Services.exe)。\r\n\r\n登入類型欄位指出發生的登入類型。最常見的類型是 2 (互動式) 與 3 (網路)。\r\n\r\n新登入欄位指出是哪個帳戶建立新登入，例如登入的帳戶。\r\n\r\n網路欄位指出遠端登入要求的來源。工作站名稱並非一律可用，在某些情況下可能會是空白。\r\n\r\n模擬層級欄位指出登入工作階段中的處理程序可以模擬的範圍。\r\n\r\n驗證資訊欄位提供關於此特定登入要求的詳細資訊。\r\n\t- 登入 GUID 是唯一識別碼，可用於關聯這個事件與 KDC 事件。\r\n\t- 轉送的服務指出哪一個中介服務已經加入這個登入要求。\r\n\t- 封裝名稱指出在 NTLM 通訊協定中使用哪一個子協定。\r\n\t- 金鑰長度指出產生的工作階段金鑰長度。如果沒有要求工作階段金鑰則為 0。\"",
                "version" : "3",
                "systemTime" : "2024-05-19T09:05:10.2969993Z",
                "eventRecordID" : "3472417",
                "threadID" : "2408",
                "computer" : "CHPIYR2",
                "task" : "12544",
                "processID" : "1824",
                "severityValue" : "AUDIT_SUCCESS",
                "providerName" : "Microsoft-Windows-Security-Auditing"
              }
            }
          },
          "rule" : {
            "mail" : false,
            "level" : 3,
            "hipaa" : [
              "164.312.b"
            ],
            "pci_dss" : [
              "10.2.5"
            ],
            "tsc" : [
              "CC6.8",
              "CC7.2",
              "CC7.3"
            ],
            "description" : "Windows logon success.",
            "groups" : [
              "windows",
              "windows_security",
              "authentication_success"
            ],
            "nist_800_53" : [
              "AC.7",
              "AU.14"
            ],
            "gdpr" : [
              "IV_32.2"
            ],
            "firedtimes" : 4,
            "mitre" : {
              "technique" : [
                "Valid Accounts"
              ],
              "id" : [
                "T1078"
              ],
              "tactic" : [
                "Defense Evasion",
                "Persistence",
                "Privilege Escalation",
                "Initial Access"
              ]
            },
            "id" : "60106",
            "gpg13" : [
              "7.1",
              "7.2"
            ]
          },
          "decoder" : {
            "name" : "windows_eventchannel"
          },
          "input" : {
            "type" : "log"
          },
          "@timestamp" : "2024-05-19T09:05:10.619Z",
          "location" : "EventChannel",
          "id" : "1716109510.7303934",
          "timestamp" : "2024-05-19T09:05:10.619+0000"
        }
      },
      {
        "_index" : "wazuh-alerts-4.x-2024.05.19",
        "_id" : "9rQykI8BSo6fEa2HeAmd",
        "_score" : 0.0,
        "_source" : {
          "cluster" : {
            "node" : "node01",
            "name" : "wazuh"
          },
          "agent" : {
            "ip" : "192.168.1.216",
            "name" : "chpiyr2",
            "id" : "014"
          },
          "manager" : {
            "name" : "wazuh-server"
          },
          "data" : {
            "win" : {
              "eventdata" : {
                "subjectLogonId" : "0x3e7",
                "subjectDomainName" : "WORKGROUP",
                "targetLinkedLogonId" : "0x0",
                "impersonationLevel" : "%%1833",
                "authenticationPackageName" : "Negotiate",
                "targetLogonId" : "0x3e7",
                "logonProcessName" : "Advapi",
                "logonGuid" : "{00000000-0000-0000-0000-000000000000}",
                "targetUserName" : "SYSTEM",
                "keyLength" : "0",
                "elevatedToken" : "%%1842",
                "subjectUserSid" : "S-1-5-18",
                "processId" : "0x6fc",
                "processName" : "C:\\\\Windows\\\\System32\\\\services.exe",
                "targetDomainName" : "NT AUTHORITY",
                "targetUserSid" : "S-1-5-18",
                "virtualAccount" : "%%1843",
                "logonType" : "5",
                "subjectUserName" : "CHPIYR2$"
              },
              "system" : {
                "eventID" : "4624",
                "keywords" : "0x8020000000000000",
                "providerGuid" : "{54849625-5478-4994-a5ba-3e3b0328c30d}",
                "level" : "0",
                "channel" : "Security",
                "opcode" : "0",
                "message" : "\"帳戶已順利登入。\r\n\r\n主體:\r\n\t安全性識別碼:\t\tS-1-5-18\r\n\tA帳戶名稱:\t\tCHPIYR2$\r\n\t帳戶網域:\t\tWORKGROUP\r\n\t登入識別碼:\t\t0x3E7\r\n\r\n登入資訊:\r\n\t登入類型:\t\t5\r\n\t受限制的系統管理模式:\t-\r\n\tRemote Credential Guard:\t-\r\n\t虛擬帳戶:\t\t否\r\n\t提高權限的權杖:\t\t是\r\n\r\n模擬層級:\t\t模擬\r\n\r\n新登入:\r\n\t安全性識別碼:\t\tS-1-5-18\r\n\t帳戶名稱:\t\tSYSTEM\r\n\t帳戶網域:\t\tNT AUTHORITY\r\n\t登入識別碼:\t\t0x3E7\r\n\t連結的登入識別碼:\t\t0x0\r\n\t網路帳戶名稱:\t-\r\n\t網路帳戶網域:\t-\r\n\t登入 GUID:\t\t{00000000-0000-0000-0000-000000000000}\r\n\r\n處理程序資訊:\r\n\t處理程序識別碼:\t\t0x6fc\r\n\t處理程序名稱:\t\tC:\\Windows\\System32\\services.exe\r\n\r\n網路資訊:\r\n\t工作站名稱:\t-\r\n\t來源網路位址:\t-\r\n\t來源連接埠:\t\t-\r\n\r\n詳細的驗證資訊:\r\n\t登入處理程序:\t\tAdvapi  \r\n\t驗證封裝:\tNegotiate\r\n\t轉送的服務:\t-\r\n\t封裝名稱 (僅 NTLM):\t-\r\n\t金鑰長度:\t\t0\r\n\r\n建立登入工作階段時會產生此事件。它是在所存取的電腦上產生。\r\n\r\n主體欄位指出要求登入之本機系統上的帳戶。這通常是發生在服務 (例如伺服器服務) 或是本機處理程序 (例如 Winlogon.exe 或 Services.exe)。\r\n\r\n登入類型欄位指出發生的登入類型。最常見的類型是 2 (互動式) 與 3 (網路)。\r\n\r\n新登入欄位指出是哪個帳戶建立新登入，例如登入的帳戶。\r\n\r\n網路欄位指出遠端登入要求的來源。工作站名稱並非一律可用，在某些情況下可能會是空白。\r\n\r\n模擬層級欄位指出登入工作階段中的處理程序可以模擬的範圍。\r\n\r\n驗證資訊欄位提供關於此特定登入要求的詳細資訊。\r\n\t- 登入 GUID 是唯一識別碼，可用於關聯這個事件與 KDC 事件。\r\n\t- 轉送的服務指出哪一個中介服務已經加入這個登入要求。\r\n\t- 封裝名稱指出在 NTLM 通訊協定中使用哪一個子協定。\r\n\t- 金鑰長度指出產生的工作階段金鑰長度。如果沒有要求工作階段金鑰則為 0。\"",
                "version" : "3",
                "systemTime" : "2024-05-19T09:32:52.1615556Z",
                "eventRecordID" : "3472674",
                "threadID" : "34040",
                "computer" : "CHPIYR2",
                "task" : "12544",
                "processID" : "1824",
                "severityValue" : "AUDIT_SUCCESS",
                "providerName" : "Microsoft-Windows-Security-Auditing"
              }
            }
          },
          "rule" : {
            "mail" : false,
            "level" : 3,
            "hipaa" : [
              "164.312.b"
            ],
            "pci_dss" : [
              "10.2.5"
            ],
            "tsc" : [
              "CC6.8",
              "CC7.2",
              "CC7.3"
            ],
            "description" : "Windows logon success.",
            "groups" : [
              "windows",
              "windows_security",
              "authentication_success"
            ],
            "nist_800_53" : [
              "AC.7",
              "AU.14"
            ],
            "gdpr" : [
              "IV_32.2"
            ],
            "firedtimes" : 34,
            "mitre" : {
              "technique" : [
                "Valid Accounts"
              ],
              "id" : [
                "T1078"
              ],
              "tactic" : [
                "Defense Evasion",
                "Persistence",
                "Privilege Escalation",
                "Initial Access"
              ]
            },
            "id" : "60106",
            "gpg13" : [
              "7.1",
              "7.2"
            ]
          },
          "decoder" : {
            "name" : "windows_eventchannel"
          },
          "input" : {
            "type" : "log"
          },
          "@timestamp" : "2024-05-19T09:32:52.459Z",
          "location" : "EventChannel",
          "id" : "1716111172.7694239",
          "timestamp" : "2024-05-19T09:32:52.459+0000"
        }
      },
      {
        "_index" : "wazuh-alerts-4.x-2024.05.19",
        "_id" : "2rQ8kI8BSo6fEa2HzQs8",
        "_score" : 0.0,
        "_source" : {
          "cluster" : {
            "node" : "node01",
            "name" : "wazuh"
          },
          "agent" : {
            "ip" : "192.168.1.216",
            "name" : "chpiyr2",
            "id" : "014"
          },
          "manager" : {
            "name" : "wazuh-server"
          },
          "data" : {
            "win" : {
              "eventdata" : {
                "subjectLogonId" : "0x3e7",
                "subjectDomainName" : "WORKGROUP",
                "targetLinkedLogonId" : "0x0",
                "impersonationLevel" : "%%1833",
                "authenticationPackageName" : "Negotiate",
                "targetLogonId" : "0x3e7",
                "logonProcessName" : "Advapi",
                "logonGuid" : "{00000000-0000-0000-0000-000000000000}",
                "targetUserName" : "SYSTEM",
                "keyLength" : "0",
                "elevatedToken" : "%%1842",
                "subjectUserSid" : "S-1-5-18",
                "processId" : "0x6fc",
                "processName" : "C:\\\\Windows\\\\System32\\\\services.exe",
                "targetDomainName" : "NT AUTHORITY",
                "targetUserSid" : "S-1-5-18",
                "virtualAccount" : "%%1843",
                "logonType" : "5",
                "subjectUserName" : "CHPIYR2$"
              },
              "system" : {
                "eventID" : "4624",
                "keywords" : "0x8020000000000000",
                "providerGuid" : "{54849625-5478-4994-a5ba-3e3b0328c30d}",
                "level" : "0",
                "channel" : "Security",
                "opcode" : "0",
                "message" : "\"帳戶已順利登入。\r\n\r\n主體:\r\n\t安全性識別碼:\t\tS-1-5-18\r\n\tA帳戶名稱:\t\tCHPIYR2$\r\n\t帳戶網域:\t\tWORKGROUP\r\n\t登入識別碼:\t\t0x3E7\r\n\r\n登入資訊:\r\n\t登入類型:\t\t5\r\n\t受限制的系統管理模式:\t-\r\n\tRemote Credential Guard:\t-\r\n\t虛擬帳戶:\t\t否\r\n\t提高權限的權杖:\t\t是\r\n\r\n模擬層級:\t\t模擬\r\n\r\n新登入:\r\n\t安全性識別碼:\t\tS-1-5-18\r\n\t帳戶名稱:\t\tSYSTEM\r\n\t帳戶網域:\t\tNT AUTHORITY\r\n\t登入識別碼:\t\t0x3E7\r\n\t連結的登入識別碼:\t\t0x0\r\n\t網路帳戶名稱:\t-\r\n\t網路帳戶網域:\t-\r\n\t登入 GUID:\t\t{00000000-0000-0000-0000-000000000000}\r\n\r\n處理程序資訊:\r\n\t處理程序識別碼:\t\t0x6fc\r\n\t處理程序名稱:\t\tC:\\Windows\\System32\\services.exe\r\n\r\n網路資訊:\r\n\t工作站名稱:\t-\r\n\t來源網路位址:\t-\r\n\t來源連接埠:\t\t-\r\n\r\n詳細的驗證資訊:\r\n\t登入處理程序:\t\tAdvapi  \r\n\t驗證封裝:\tNegotiate\r\n\t轉送的服務:\t-\r\n\t封裝名稱 (僅 NTLM):\t-\r\n\t金鑰長度:\t\t0\r\n\r\n建立登入工作階段時會產生此事件。它是在所存取的電腦上產生。\r\n\r\n主體欄位指出要求登入之本機系統上的帳戶。這通常是發生在服務 (例如伺服器服務) 或是本機處理程序 (例如 Winlogon.exe 或 Services.exe)。\r\n\r\n登入類型欄位指出發生的登入類型。最常見的類型是 2 (互動式) 與 3 (網路)。\r\n\r\n新登入欄位指出是哪個帳戶建立新登入，例如登入的帳戶。\r\n\r\n網路欄位指出遠端登入要求的來源。工作站名稱並非一律可用，在某些情況下可能會是空白。\r\n\r\n模擬層級欄位指出登入工作階段中的處理程序可以模擬的範圍。\r\n\r\n驗證資訊欄位提供關於此特定登入要求的詳細資訊。\r\n\t- 登入 GUID 是唯一識別碼，可用於關聯這個事件與 KDC 事件。\r\n\t- 轉送的服務指出哪一個中介服務已經加入這個登入要求。\r\n\t- 封裝名稱指出在 NTLM 通訊協定中使用哪一個子協定。\r\n\t- 金鑰長度指出產生的工作階段金鑰長度。如果沒有要求工作階段金鑰則為 0。\"",
                "version" : "3",
                "systemTime" : "2024-05-19T09:44:10.5226906Z",
                "eventRecordID" : "3472698",
                "threadID" : "62060",
                "computer" : "CHPIYR2",
                "task" : "12544",
                "processID" : "1824",
                "severityValue" : "AUDIT_SUCCESS",
                "providerName" : "Microsoft-Windows-Security-Auditing"
              }
            }
          },
          "rule" : {
            "mail" : false,
            "level" : 3,
            "hipaa" : [
              "164.312.b"
            ],
            "pci_dss" : [
              "10.2.5"
            ],
            "tsc" : [
              "CC6.8",
              "CC7.2",
              "CC7.3"
            ],
            "description" : "Windows logon success.",
            "groups" : [
              "windows",
              "windows_security",
              "authentication_success"
            ],
            "nist_800_53" : [
              "AC.7",
              "AU.14"
            ],
            "gdpr" : [
              "IV_32.2"
            ],
            "firedtimes" : 40,
            "mitre" : {
              "technique" : [
                "Valid Accounts"
              ],
              "id" : [
                "T1078"
              ],
              "tactic" : [
                "Defense Evasion",
                "Persistence",
                "Privilege Escalation",
                "Initial Access"
              ]
            },
            "id" : "60106",
            "gpg13" : [
              "7.1",
              "7.2"
            ]
          },
          "decoder" : {
            "name" : "windows_eventchannel"
          },
          "input" : {
            "type" : "log"
          },
          "@timestamp" : "2024-05-19T09:44:10.435Z",
          "location" : "EventChannel",
          "id" : "1716111850.7742285",
          "timestamp" : "2024-05-19T09:44:10.435+0000"
        }
      },
      {
        "_index" : "wazuh-alerts-4.x-2024.05.19",
        "_id" : "y7RCkI8BSo6fEa2HjQzz",
        "_score" : 0.0,
        "_source" : {
          "cluster" : {
            "node" : "node01",
            "name" : "wazuh"
          },
          "agent" : {
            "ip" : "192.168.1.216",
            "name" : "chpiyr2",
            "id" : "014"
          },
          "manager" : {
            "name" : "wazuh-server"
          },
          "data" : {
            "win" : {
              "eventdata" : {
                "subjectLogonId" : "0x3e7",
                "subjectDomainName" : "WORKGROUP",
                "targetLinkedLogonId" : "0x0",
                "impersonationLevel" : "%%1833",
                "authenticationPackageName" : "Negotiate",
                "targetLogonId" : "0x3e7",
                "logonProcessName" : "Advapi",
                "logonGuid" : "{00000000-0000-0000-0000-000000000000}",
                "targetUserName" : "SYSTEM",
                "keyLength" : "0",
                "elevatedToken" : "%%1842",
                "subjectUserSid" : "S-1-5-18",
                "processId" : "0x6fc",
                "processName" : "C:\\\\Windows\\\\System32\\\\services.exe",
                "targetDomainName" : "NT AUTHORITY",
                "targetUserSid" : "S-1-5-18",
                "virtualAccount" : "%%1843",
                "logonType" : "5",
                "subjectUserName" : "CHPIYR2$"
              },
              "system" : {
                "eventID" : "4624",
                "keywords" : "0x8020000000000000",
                "providerGuid" : "{54849625-5478-4994-a5ba-3e3b0328c30d}",
                "level" : "0",
                "channel" : "Security",
                "opcode" : "0",
                "message" : "\"帳戶已順利登入。\r\n\r\n主體:\r\n\t安全性識別碼:\t\tS-1-5-18\r\n\tA帳戶名稱:\t\tCHPIYR2$\r\n\t帳戶網域:\t\tWORKGROUP\r\n\t登入識別碼:\t\t0x3E7\r\n\r\n登入資訊:\r\n\t登入類型:\t\t5\r\n\t受限制的系統管理模式:\t-\r\n\tRemote Credential Guard:\t-\r\n\t虛擬帳戶:\t\t否\r\n\t提高權限的權杖:\t\t是\r\n\r\n模擬層級:\t\t模擬\r\n\r\n新登入:\r\n\t安全性識別碼:\t\tS-1-5-18\r\n\t帳戶名稱:\t\tSYSTEM\r\n\t帳戶網域:\t\tNT AUTHORITY\r\n\t登入識別碼:\t\t0x3E7\r\n\t連結的登入識別碼:\t\t0x0\r\n\t網路帳戶名稱:\t-\r\n\t網路帳戶網域:\t-\r\n\t登入 GUID:\t\t{00000000-0000-0000-0000-000000000000}\r\n\r\n處理程序資訊:\r\n\t處理程序識別碼:\t\t0x6fc\r\n\t處理程序名稱:\t\tC:\\Windows\\System32\\services.exe\r\n\r\n網路資訊:\r\n\t工作站名稱:\t-\r\n\t來源網路位址:\t-\r\n\t來源連接埠:\t\t-\r\n\r\n詳細的驗證資訊:\r\n\t登入處理程序:\t\tAdvapi  \r\n\t驗證封裝:\tNegotiate\r\n\t轉送的服務:\t-\r\n\t封裝名稱 (僅 NTLM):\t-\r\n\t金鑰長度:\t\t0\r\n\r\n建立登入工作階段時會產生此事件。它是在所存取的電腦上產生。\r\n\r\n主體欄位指出要求登入之本機系統上的帳戶。這通常是發生在服務 (例如伺服器服務) 或是本機處理程序 (例如 Winlogon.exe 或 Services.exe)。\r\n\r\n登入類型欄位指出發生的登入類型。最常見的類型是 2 (互動式) 與 3 (網路)。\r\n\r\n新登入欄位指出是哪個帳戶建立新登入，例如登入的帳戶。\r\n\r\n網路欄位指出遠端登入要求的來源。工作站名稱並非一律可用，在某些情況下可能會是空白。\r\n\r\n模擬層級欄位指出登入工作階段中的處理程序可以模擬的範圍。\r\n\r\n驗證資訊欄位提供關於此特定登入要求的詳細資訊。\r\n\t- 登入 GUID 是唯一識別碼，可用於關聯這個事件與 KDC 事件。\r\n\t- 轉送的服務指出哪一個中介服務已經加入這個登入要求。\r\n\t- 封裝名稱指出在 NTLM 通訊協定中使用哪一個子協定。\r\n\t- 金鑰長度指出產生的工作階段金鑰長度。如果沒有要求工作階段金鑰則為 0。\"",
                "version" : "3",
                "systemTime" : "2024-05-19T09:50:29.4161269Z",
                "eventRecordID" : "3472702",
                "threadID" : "34040",
                "computer" : "CHPIYR2",
                "task" : "12544",
                "processID" : "1824",
                "severityValue" : "AUDIT_SUCCESS",
                "providerName" : "Microsoft-Windows-Security-Auditing"
              }
            }
          },
          "rule" : {
            "mail" : false,
            "level" : 3,
            "hipaa" : [
              "164.312.b"
            ],
            "pci_dss" : [
              "10.2.5"
            ],
            "tsc" : [
              "CC6.8",
              "CC7.2",
              "CC7.3"
            ],
            "description" : "Windows logon success.",
            "groups" : [
              "windows",
              "windows_security",
              "authentication_success"
            ],
            "nist_800_53" : [
              "AC.7",
              "AU.14"
            ],
            "gdpr" : [
              "IV_32.2"
            ],
            "firedtimes" : 42,
            "mitre" : {
              "technique" : [
                "Valid Accounts"
              ],
              "id" : [
                "T1078"
              ],
              "tactic" : [
                "Defense Evasion",
                "Persistence",
                "Privilege Escalation",
                "Initial Access"
              ]
            },
            "id" : "60106",
            "gpg13" : [
              "7.1",
              "7.2"
            ]
          },
          "decoder" : {
            "name" : "windows_eventchannel"
          },
          "input" : {
            "type" : "log"
          },
          "@timestamp" : "2024-05-19T09:50:29.716Z",
          "location" : "EventChannel",
          "id" : "1716112229.7756798",
          "timestamp" : "2024-05-19T09:50:29.716+0000"
        }
      },
      {
        "_index" : "wazuh-alerts-4.x-2024.05.19",
        "_id" : "MrPOj48BSo6fEa2H8_he",
        "_score" : 0.0,
        "_source" : {
          "cluster" : {
            "node" : "node01",
            "name" : "wazuh"
          },
          "agent" : {
            "ip" : "192.168.1.216",
            "name" : "chpiyr2",
            "id" : "014"
          },
          "manager" : {
            "name" : "wazuh-server"
          },
          "data" : {
            "win" : {
              "eventdata" : {
                "subjectLogonId" : "0x3e7",
                "subjectDomainName" : "WORKGROUP",
                "targetLinkedLogonId" : "0x0",
                "impersonationLevel" : "%%1833",
                "authenticationPackageName" : "Negotiate",
                "targetLogonId" : "0x3e7",
                "logonProcessName" : "Advapi",
                "logonGuid" : "{00000000-0000-0000-0000-000000000000}",
                "targetUserName" : "SYSTEM",
                "keyLength" : "0",
                "elevatedToken" : "%%1842",
                "subjectUserSid" : "S-1-5-18",
                "processId" : "0x6fc",
                "processName" : "C:\\\\Windows\\\\System32\\\\services.exe",
                "targetDomainName" : "NT AUTHORITY",
                "targetUserSid" : "S-1-5-18",
                "virtualAccount" : "%%1843",
                "logonType" : "5",
                "subjectUserName" : "CHPIYR2$"
              },
              "system" : {
                "eventID" : "4624",
                "keywords" : "0x8020000000000000",
                "providerGuid" : "{54849625-5478-4994-a5ba-3e3b0328c30d}",
                "level" : "0",
                "channel" : "Security",
                "opcode" : "0",
                "message" : "\"帳戶已順利登入。\r\n\r\n主體:\r\n\t安全性識別碼:\t\tS-1-5-18\r\n\tA帳戶名稱:\t\tCHPIYR2$\r\n\t帳戶網域:\t\tWORKGROUP\r\n\t登入識別碼:\t\t0x3E7\r\n\r\n登入資訊:\r\n\t登入類型:\t\t5\r\n\t受限制的系統管理模式:\t-\r\n\tRemote Credential Guard:\t-\r\n\t虛擬帳戶:\t\t否\r\n\t提高權限的權杖:\t\t是\r\n\r\n模擬層級:\t\t模擬\r\n\r\n新登入:\r\n\t安全性識別碼:\t\tS-1-5-18\r\n\t帳戶名稱:\t\tSYSTEM\r\n\t帳戶網域:\t\tNT AUTHORITY\r\n\t登入識別碼:\t\t0x3E7\r\n\t連結的登入識別碼:\t\t0x0\r\n\t網路帳戶名稱:\t-\r\n\t網路帳戶網域:\t-\r\n\t登入 GUID:\t\t{00000000-0000-0000-0000-000000000000}\r\n\r\n處理程序資訊:\r\n\t處理程序識別碼:\t\t0x6fc\r\n\t處理程序名稱:\t\tC:\\Windows\\System32\\services.exe\r\n\r\n網路資訊:\r\n\t工作站名稱:\t-\r\n\t來源網路位址:\t-\r\n\t來源連接埠:\t\t-\r\n\r\n詳細的驗證資訊:\r\n\t登入處理程序:\t\tAdvapi  \r\n\t驗證封裝:\tNegotiate\r\n\t轉送的服務:\t-\r\n\t封裝名稱 (僅 NTLM):\t-\r\n\t金鑰長度:\t\t0\r\n\r\n建立登入工作階段時會產生此事件。它是在所存取的電腦上產生。\r\n\r\n主體欄位指出要求登入之本機系統上的帳戶。這通常是發生在服務 (例如伺服器服務) 或是本機處理程序 (例如 Winlogon.exe 或 Services.exe)。\r\n\r\n登入類型欄位指出發生的登入類型。最常見的類型是 2 (互動式) 與 3 (網路)。\r\n\r\n新登入欄位指出是哪個帳戶建立新登入，例如登入的帳戶。\r\n\r\n網路欄位指出遠端登入要求的來源。工作站名稱並非一律可用，在某些情況下可能會是空白。\r\n\r\n模擬層級欄位指出登入工作階段中的處理程序可以模擬的範圍。\r\n\r\n驗證資訊欄位提供關於此特定登入要求的詳細資訊。\r\n\t- 登入 GUID 是唯一識別碼，可用於關聯這個事件與 KDC 事件。\r\n\t- 轉送的服務指出哪一個中介服務已經加入這個登入要求。\r\n\t- 封裝名稱指出在 NTLM 通訊協定中使用哪一個子協定。\r\n\t- 金鑰長度指出產生的工作階段金鑰長度。如果沒有要求工作階段金鑰則為 0。\"",
                "version" : "3",
                "systemTime" : "2024-05-19T07:44:10.3073444Z",
                "eventRecordID" : "3472296",
                "threadID" : "71936",
                "computer" : "CHPIYR2",
                "task" : "12544",
                "processID" : "1824",
                "severityValue" : "AUDIT_SUCCESS",
                "providerName" : "Microsoft-Windows-Security-Auditing"
              }
            }
          },
          "rule" : {
            "mail" : false,
            "level" : 3,
            "hipaa" : [
              "164.312.b"
            ],
            "pci_dss" : [
              "10.2.5"
            ],
            "tsc" : [
              "CC6.8",
              "CC7.2",
              "CC7.3"
            ],
            "description" : "Windows logon success.",
            "groups" : [
              "windows",
              "windows_security",
              "authentication_success"
            ],
            "nist_800_53" : [
              "AC.7",
              "AU.14"
            ],
            "gdpr" : [
              "IV_32.2"
            ],
            "firedtimes" : 16,
            "mitre" : {
              "technique" : [
                "Valid Accounts"
              ],
              "id" : [
                "T1078"
              ],
              "tactic" : [
                "Defense Evasion",
                "Persistence",
                "Privilege Escalation",
                "Initial Access"
              ]
            },
            "id" : "60106",
            "gpg13" : [
              "7.1",
              "7.2"
            ]
          },
          "decoder" : {
            "name" : "windows_eventchannel"
          },
          "input" : {
            "type" : "log"
          },
          "@timestamp" : "2024-05-19T07:44:10.171Z",
          "location" : "EventChannel",
          "id" : "1716104650.6762601",
          "timestamp" : "2024-05-19T07:44:10.171+0000"
        }
      },
      {
        "_index" : "wazuh-alerts-4.x-2024.05.19",
        "_id" : "XrPQj48BSo6fEa2HP_hp",
        "_score" : 0.0,
        "_source" : {
          "cluster" : {
            "node" : "node01",
            "name" : "wazuh"
          },
          "agent" : {
            "ip" : "192.168.1.216",
            "name" : "chpiyr2",
            "id" : "014"
          },
          "manager" : {
            "name" : "wazuh-server"
          },
          "data" : {
            "win" : {
              "eventdata" : {
                "subjectLogonId" : "0x3e7",
                "subjectDomainName" : "WORKGROUP",
                "targetLinkedLogonId" : "0x0",
                "impersonationLevel" : "%%1833",
                "authenticationPackageName" : "Negotiate",
                "targetLogonId" : "0x3e7",
                "logonProcessName" : "Advapi",
                "logonGuid" : "{00000000-0000-0000-0000-000000000000}",
                "targetUserName" : "SYSTEM",
                "keyLength" : "0",
                "elevatedToken" : "%%1842",
                "subjectUserSid" : "S-1-5-18",
                "processId" : "0x6fc",
                "processName" : "C:\\\\Windows\\\\System32\\\\services.exe",
                "targetDomainName" : "NT AUTHORITY",
                "targetUserSid" : "S-1-5-18",
                "virtualAccount" : "%%1843",
                "logonType" : "5",
                "subjectUserName" : "CHPIYR2$"
              },
              "system" : {
                "eventID" : "4624",
                "keywords" : "0x8020000000000000",
                "providerGuid" : "{54849625-5478-4994-a5ba-3e3b0328c30d}",
                "level" : "0",
                "channel" : "Security",
                "opcode" : "0",
                "message" : "\"帳戶已順利登入。\r\n\r\n主體:\r\n\t安全性識別碼:\t\tS-1-5-18\r\n\tA帳戶名稱:\t\tCHPIYR2$\r\n\t帳戶網域:\t\tWORKGROUP\r\n\t登入識別碼:\t\t0x3E7\r\n\r\n登入資訊:\r\n\t登入類型:\t\t5\r\n\t受限制的系統管理模式:\t-\r\n\tRemote Credential Guard:\t-\r\n\t虛擬帳戶:\t\t否\r\n\t提高權限的權杖:\t\t是\r\n\r\n模擬層級:\t\t模擬\r\n\r\n新登入:\r\n\t安全性識別碼:\t\tS-1-5-18\r\n\t帳戶名稱:\t\tSYSTEM\r\n\t帳戶網域:\t\tNT AUTHORITY\r\n\t登入識別碼:\t\t0x3E7\r\n\t連結的登入識別碼:\t\t0x0\r\n\t網路帳戶名稱:\t-\r\n\t網路帳戶網域:\t-\r\n\t登入 GUID:\t\t{00000000-0000-0000-0000-000000000000}\r\n\r\n處理程序資訊:\r\n\t處理程序識別碼:\t\t0x6fc\r\n\t處理程序名稱:\t\tC:\\Windows\\System32\\services.exe\r\n\r\n網路資訊:\r\n\t工作站名稱:\t-\r\n\t來源網路位址:\t-\r\n\t來源連接埠:\t\t-\r\n\r\n詳細的驗證資訊:\r\n\t登入處理程序:\t\tAdvapi  \r\n\t驗證封裝:\tNegotiate\r\n\t轉送的服務:\t-\r\n\t封裝名稱 (僅 NTLM):\t-\r\n\t金鑰長度:\t\t0\r\n\r\n建立登入工作階段時會產生此事件。它是在所存取的電腦上產生。\r\n\r\n主體欄位指出要求登入之本機系統上的帳戶。這通常是發生在服務 (例如伺服器服務) 或是本機處理程序 (例如 Winlogon.exe 或 Services.exe)。\r\n\r\n登入類型欄位指出發生的登入類型。最常見的類型是 2 (互動式) 與 3 (網路)。\r\n\r\n新登入欄位指出是哪個帳戶建立新登入，例如登入的帳戶。\r\n\r\n網路欄位指出遠端登入要求的來源。工作站名稱並非一律可用，在某些情況下可能會是空白。\r\n\r\n模擬層級欄位指出登入工作階段中的處理程序可以模擬的範圍。\r\n\r\n驗證資訊欄位提供關於此特定登入要求的詳細資訊。\r\n\t- 登入 GUID 是唯一識別碼，可用於關聯這個事件與 KDC 事件。\r\n\t- 轉送的服務指出哪一個中介服務已經加入這個登入要求。\r\n\t- 封裝名稱指出在 NTLM 通訊協定中使用哪一個子協定。\r\n\t- 金鑰長度指出產生的工作階段金鑰長度。如果沒有要求工作階段金鑰則為 0。\"",
                "version" : "3",
                "systemTime" : "2024-05-19T07:45:33.0120581Z",
                "eventRecordID" : "3472301",
                "threadID" : "34040",
                "computer" : "CHPIYR2",
                "task" : "12544",
                "processID" : "1824",
                "severityValue" : "AUDIT_SUCCESS",
                "providerName" : "Microsoft-Windows-Security-Auditing"
              }
            }
          },
          "rule" : {
            "mail" : false,
            "level" : 3,
            "hipaa" : [
              "164.312.b"
            ],
            "pci_dss" : [
              "10.2.5"
            ],
            "tsc" : [
              "CC6.8",
              "CC7.2",
              "CC7.3"
            ],
            "description" : "Windows logon success.",
            "groups" : [
              "windows",
              "windows_security",
              "authentication_success"
            ],
            "nist_800_53" : [
              "AC.7",
              "AU.14"
            ],
            "gdpr" : [
              "IV_32.2"
            ],
            "firedtimes" : 18,
            "mitre" : {
              "technique" : [
                "Valid Accounts"
              ],
              "id" : [
                "T1078"
              ],
              "tactic" : [
                "Defense Evasion",
                "Persistence",
                "Privilege Escalation",
                "Initial Access"
              ]
            },
            "id" : "60106",
            "gpg13" : [
              "7.1",
              "7.2"
            ]
          },
          "decoder" : {
            "name" : "windows_eventchannel"
          },
          "input" : {
            "type" : "log"
          },
          "@timestamp" : "2024-05-19T07:45:33.332Z",
          "location" : "EventChannel",
          "id" : "1716104733.6777934",
          "timestamp" : "2024-05-19T07:45:33.332+0000"
        }
      },
      {
        "_index" : "wazuh-alerts-4.x-2024.05.19",
        "_id" : "TbPbj48BSo6fEa2HT_qS",
        "_score" : 0.0,
        "_source" : {
          "cluster" : {
            "node" : "node01",
            "name" : "wazuh"
          },
          "agent" : {
            "ip" : "192.168.1.216",
            "name" : "chpiyr2",
            "id" : "014"
          },
          "manager" : {
            "name" : "wazuh-server"
          },
          "data" : {
            "win" : {
              "eventdata" : {
                "param3" : "指定啟動",
                "param4" : "BITS",
                "param1" : "Background Intelligent Transfer Service",
                "param2" : "自動啟動"
              },
              "system" : {
                "eventID" : "7040",
                "eventSourceName" : "Service Control Manager",
                "keywords" : "0x8080000000000000",
                "providerGuid" : "{555908d1-a6d7-4695-8e1e-26931d2012f4}",
                "level" : "4",
                "channel" : "System",
                "opcode" : "0",
                "message" : "\"Background Intelligent Transfer Service 服務的啟動類型已從 自動啟動 變更為 指定啟動。\"",
                "version" : "0",
                "systemTime" : "2024-05-19T07:57:36.0440348Z",
                "eventRecordID" : "328621",
                "threadID" : "72204",
                "computer" : "CHPIYR2",
                "task" : "0",
                "processID" : "1788",
                "severityValue" : "INFORMATION",
                "providerName" : "Service Control Manager"
              }
            }
          },
          "rule" : {
            "firedtimes" : 6,
            "mail" : false,
            "level" : 3,
            "pci_dss" : [
              "10.6"
            ],
            "hipaa" : [
              "164.312.b"
            ],
            "tsc" : [
              "CC6.1",
              "CC6.8",
              "CC7.2",
              "CC7.3"
            ],
            "description" : "Service startup type was changed",
            "groups" : [
              "windows",
              "windows_system",
              "policy_changed"
            ],
            "id" : "61104",
            "nist_800_53" : [
              "AU.6"
            ],
            "info" : "This does not appear to be logged on Windows 2000",
            "gdpr" : [
              "IV_35.7.d"
            ]
          },
          "decoder" : {
            "name" : "windows_eventchannel"
          },
          "input" : {
            "type" : "log"
          },
          "@timestamp" : "2024-05-19T07:57:36.400Z",
          "location" : "EventChannel",
          "id" : "1716105456.6847187",
          "timestamp" : "2024-05-19T07:57:36.400+0000"
        }
      },
      {
        "_index" : "wazuh-alerts-4.x-2024.05.19",
        "_id" : "hrPQj48BSo6fEa2HyPgi",
        "_score" : 0.0,
        "_source" : {
          "cluster" : {
            "node" : "node01",
            "name" : "wazuh"
          },
          "agent" : {
            "ip" : "192.168.1.216",
            "name" : "chpiyr2",
            "id" : "014"
          },
          "manager" : {
            "name" : "wazuh-server"
          },
          "data" : {
            "win" : {
              "eventdata" : {
                "data" : "2124-04-25T07:46:07Z, RulesEngine"
              },
              "system" : {
                "eventID" : "16384",
                "eventSourceName" : "Software Protection Platform Service",
                "keywords" : "0x80000000000000",
                "providerGuid" : "{E23B33B0-C8C9-472C-A5F9-F2BDFEA0F156}",
                "level" : "4",
                "channel" : "Application",
                "opcode" : "0",
                "message" : "\"順利排程軟體保護服務在 2124-04-25T07:46:07Z 重新啟動。原因: RulesEngine。\"",
                "version" : "0",
                "systemTime" : "2024-05-19T07:46:07.8981018Z",
                "eventRecordID" : "240988",
                "threadID" : "0",
                "computer" : "CHPIYR2",
                "task" : "0",
                "processID" : "72852",
                "severityValue" : "INFORMATION",
                "providerName" : "Microsoft-Windows-Security-SPP"
              }
            }
          },
          "rule" : {
            "firedtimes" : 7,
            "mail" : false,
            "level" : 3,
            "description" : "Software protection service scheduled successfully.",
            "groups" : [
              "windows",
              "windows_application"
            ],
            "id" : "60642"
          },
          "decoder" : {
            "name" : "windows_eventchannel"
          },
          "input" : {
            "type" : "log"
          },
          "@timestamp" : "2024-05-19T07:46:07.212Z",
          "location" : "EventChannel",
          "id" : "1716104767.6784806",
          "timestamp" : "2024-05-19T07:46:07.212+0000"
        }
      },
      {
        "_index" : "wazuh-alerts-4.x-2024.05.19",
        "_id" : "lrPij48BSo6fEa2HMftZ",
        "_score" : 0.0,
        "_source" : {
          "cluster" : {
            "node" : "node01",
            "name" : "wazuh"
          },
          "agent" : {
            "ip" : "192.168.1.216",
            "name" : "chpiyr2",
            "id" : "014"
          },
          "manager" : {
            "name" : "wazuh-server"
          },
          "data" : {
            "win" : {
              "eventdata" : {
                "subjectLogonId" : "0x3e7",
                "subjectDomainName" : "WORKGROUP",
                "targetLinkedLogonId" : "0x0",
                "impersonationLevel" : "%%1833",
                "authenticationPackageName" : "Negotiate",
                "targetLogonId" : "0x3e7",
                "logonProcessName" : "Advapi",
                "logonGuid" : "{00000000-0000-0000-0000-000000000000}",
                "targetUserName" : "SYSTEM",
                "keyLength" : "0",
                "elevatedToken" : "%%1842",
                "subjectUserSid" : "S-1-5-18",
                "processId" : "0x6fc",
                "processName" : "C:\\\\Windows\\\\System32\\\\services.exe",
                "targetDomainName" : "NT AUTHORITY",
                "targetUserSid" : "S-1-5-18",
                "virtualAccount" : "%%1843",
                "logonType" : "5",
                "subjectUserName" : "CHPIYR2$"
              },
              "system" : {
                "eventID" : "4624",
                "keywords" : "0x8020000000000000",
                "providerGuid" : "{54849625-5478-4994-a5ba-3e3b0328c30d}",
                "level" : "0",
                "channel" : "Security",
                "opcode" : "0",
                "message" : "\"帳戶已順利登入。\r\n\r\n主體:\r\n\t安全性識別碼:\t\tS-1-5-18\r\n\tA帳戶名稱:\t\tCHPIYR2$\r\n\t帳戶網域:\t\tWORKGROUP\r\n\t登入識別碼:\t\t0x3E7\r\n\r\n登入資訊:\r\n\t登入類型:\t\t5\r\n\t受限制的系統管理模式:\t-\r\n\tRemote Credential Guard:\t-\r\n\t虛擬帳戶:\t\t否\r\n\t提高權限的權杖:\t\t是\r\n\r\n模擬層級:\t\t模擬\r\n\r\n新登入:\r\n\t安全性識別碼:\t\tS-1-5-18\r\n\t帳戶名稱:\t\tSYSTEM\r\n\t帳戶網域:\t\tNT AUTHORITY\r\n\t登入識別碼:\t\t0x3E7\r\n\t連結的登入識別碼:\t\t0x0\r\n\t網路帳戶名稱:\t-\r\n\t網路帳戶網域:\t-\r\n\t登入 GUID:\t\t{00000000-0000-0000-0000-000000000000}\r\n\r\n處理程序資訊:\r\n\t處理程序識別碼:\t\t0x6fc\r\n\t處理程序名稱:\t\tC:\\Windows\\System32\\services.exe\r\n\r\n網路資訊:\r\n\t工作站名稱:\t-\r\n\t來源網路位址:\t-\r\n\t來源連接埠:\t\t-\r\n\r\n詳細的驗證資訊:\r\n\t登入處理程序:\t\tAdvapi  \r\n\t驗證封裝:\tNegotiate\r\n\t轉送的服務:\t-\r\n\t封裝名稱 (僅 NTLM):\t-\r\n\t金鑰長度:\t\t0\r\n\r\n建立登入工作階段時會產生此事件。它是在所存取的電腦上產生。\r\n\r\n主體欄位指出要求登入之本機系統上的帳戶。這通常是發生在服務 (例如伺服器服務) 或是本機處理程序 (例如 Winlogon.exe 或 Services.exe)。\r\n\r\n登入類型欄位指出發生的登入類型。最常見的類型是 2 (互動式) 與 3 (網路)。\r\n\r\n新登入欄位指出是哪個帳戶建立新登入，例如登入的帳戶。\r\n\r\n網路欄位指出遠端登入要求的來源。工作站名稱並非一律可用，在某些情況下可能會是空白。\r\n\r\n模擬層級欄位指出登入工作階段中的處理程序可以模擬的範圍。\r\n\r\n驗證資訊欄位提供關於此特定登入要求的詳細資訊。\r\n\t- 登入 GUID 是唯一識別碼，可用於關聯這個事件與 KDC 事件。\r\n\t- 轉送的服務指出哪一個中介服務已經加入這個登入要求。\r\n\t- 封裝名稱指出在 NTLM 通訊協定中使用哪一個子協定。\r\n\t- 金鑰長度指出產生的工作階段金鑰長度。如果沒有要求工作階段金鑰則為 0。\"",
                "version" : "3",
                "systemTime" : "2024-05-19T08:05:10.2306735Z",
                "eventRecordID" : "3472337",
                "threadID" : "26248",
                "computer" : "CHPIYR2",
                "task" : "12544",
                "processID" : "1824",
                "severityValue" : "AUDIT_SUCCESS",
                "providerName" : "Microsoft-Windows-Security-Auditing"
              }
            }
          },
          "rule" : {
            "mail" : false,
            "level" : 3,
            "hipaa" : [
              "164.312.b"
            ],
            "pci_dss" : [
              "10.2.5"
            ],
            "tsc" : [
              "CC6.8",
              "CC7.2",
              "CC7.3"
            ],
            "description" : "Windows logon success.",
            "groups" : [
              "windows",
              "windows_security",
              "authentication_success"
            ],
            "nist_800_53" : [
              "AC.7",
              "AU.14"
            ],
            "gdpr" : [
              "IV_32.2"
            ],
            "firedtimes" : 2,
            "mitre" : {
              "technique" : [
                "Valid Accounts"
              ],
              "id" : [
                "T1078"
              ],
              "tactic" : [
                "Defense Evasion",
                "Persistence",
                "Privilege Escalation",
                "Initial Access"
              ]
            },
            "id" : "60106",
            "gpg13" : [
              "7.1",
              "7.2"
            ]
          },
          "decoder" : {
            "name" : "windows_eventchannel"
          },
          "input" : {
            "type" : "log"
          },
          "@timestamp" : "2024-05-19T08:05:10.552Z",
          "location" : "EventChannel",
          "id" : "1716105910.6863984",
          "timestamp" : "2024-05-19T08:05:10.552+0000"
        }
      },
      {
        "_index" : "wazuh-alerts-4.x-2024.05.19",
        "_id" : "irPoj48BSo6fEa2HEfxL",
        "_score" : 0.0,
        "_source" : {
          "cluster" : {
            "node" : "node01",
            "name" : "wazuh"
          },
          "agent" : {
            "ip" : "192.168.1.216",
            "name" : "chpiyr2",
            "id" : "014"
          },
          "manager" : {
            "name" : "wazuh-server"
          },
          "data" : {
            "win" : {
              "eventdata" : {
                "subjectLogonId" : "0x3e7",
                "subjectDomainName" : "WORKGROUP",
                "targetLinkedLogonId" : "0x0",
                "impersonationLevel" : "%%1833",
                "authenticationPackageName" : "Negotiate",
                "targetLogonId" : "0x3e7",
                "logonProcessName" : "Advapi",
                "logonGuid" : "{00000000-0000-0000-0000-000000000000}",
                "targetUserName" : "SYSTEM",
                "keyLength" : "0",
                "elevatedToken" : "%%1842",
                "subjectUserSid" : "S-1-5-18",
                "processId" : "0x6fc",
                "processName" : "C:\\\\Windows\\\\System32\\\\services.exe",
                "targetDomainName" : "NT AUTHORITY",
                "targetUserSid" : "S-1-5-18",
                "virtualAccount" : "%%1843",
                "logonType" : "5",
                "subjectUserName" : "CHPIYR2$"
              },
              "system" : {
                "eventID" : "4624",
                "keywords" : "0x8020000000000000",
                "providerGuid" : "{54849625-5478-4994-a5ba-3e3b0328c30d}",
                "level" : "0",
                "channel" : "Security",
                "opcode" : "0",
                "message" : "\"帳戶已順利登入。\r\n\r\n主體:\r\n\t安全性識別碼:\t\tS-1-5-18\r\n\tA帳戶名稱:\t\tCHPIYR2$\r\n\t帳戶網域:\t\tWORKGROUP\r\n\t登入識別碼:\t\t0x3E7\r\n\r\n登入資訊:\r\n\t登入類型:\t\t5\r\n\t受限制的系統管理模式:\t-\r\n\tRemote Credential Guard:\t-\r\n\t虛擬帳戶:\t\t否\r\n\t提高權限的權杖:\t\t是\r\n\r\n模擬層級:\t\t模擬\r\n\r\n新登入:\r\n\t安全性識別碼:\t\tS-1-5-18\r\n\t帳戶名稱:\t\tSYSTEM\r\n\t帳戶網域:\t\tNT AUTHORITY\r\n\t登入識別碼:\t\t0x3E7\r\n\t連結的登入識別碼:\t\t0x0\r\n\t網路帳戶名稱:\t-\r\n\t網路帳戶網域:\t-\r\n\t登入 GUID:\t\t{00000000-0000-0000-0000-000000000000}\r\n\r\n處理程序資訊:\r\n\t處理程序識別碼:\t\t0x6fc\r\n\t處理程序名稱:\t\tC:\\Windows\\System32\\services.exe\r\n\r\n網路資訊:\r\n\t工作站名稱:\t-\r\n\t來源網路位址:\t-\r\n\t來源連接埠:\t\t-\r\n\r\n詳細的驗證資訊:\r\n\t登入處理程序:\t\tAdvapi  \r\n\t驗證封裝:\tNegotiate\r\n\t轉送的服務:\t-\r\n\t封裝名稱 (僅 NTLM):\t-\r\n\t金鑰長度:\t\t0\r\n\r\n建立登入工作階段時會產生此事件。它是在所存取的電腦上產生。\r\n\r\n主體欄位指出要求登入之本機系統上的帳戶。這通常是發生在服務 (例如伺服器服務) 或是本機處理程序 (例如 Winlogon.exe 或 Services.exe)。\r\n\r\n登入類型欄位指出發生的登入類型。最常見的類型是 2 (互動式) 與 3 (網路)。\r\n\r\n新登入欄位指出是哪個帳戶建立新登入，例如登入的帳戶。\r\n\r\n網路欄位指出遠端登入要求的來源。工作站名稱並非一律可用，在某些情況下可能會是空白。\r\n\r\n模擬層級欄位指出登入工作階段中的處理程序可以模擬的範圍。\r\n\r\n驗證資訊欄位提供關於此特定登入要求的詳細資訊。\r\n\t- 登入 GUID 是唯一識別碼，可用於關聯這個事件與 KDC 事件。\r\n\t- 轉送的服務指出哪一個中介服務已經加入這個登入要求。\r\n\t- 封裝名稱指出在 NTLM 通訊協定中使用哪一個子協定。\r\n\t- 金鑰長度指出產生的工作階段金鑰長度。如果沒有要求工作階段金鑰則為 0。\"",
                "version" : "3",
                "systemTime" : "2024-05-19T08:11:32.1009690Z",
                "eventRecordID" : "3472346",
                "threadID" : "63692",
                "computer" : "CHPIYR2",
                "task" : "12544",
                "processID" : "1824",
                "severityValue" : "AUDIT_SUCCESS",
                "providerName" : "Microsoft-Windows-Security-Auditing"
              }
            }
          },
          "rule" : {
            "mail" : false,
            "level" : 3,
            "hipaa" : [
              "164.312.b"
            ],
            "pci_dss" : [
              "10.2.5"
            ],
            "tsc" : [
              "CC6.8",
              "CC7.2",
              "CC7.3"
            ],
            "description" : "Windows logon success.",
            "groups" : [
              "windows",
              "windows_security",
              "authentication_success"
            ],
            "nist_800_53" : [
              "AC.7",
              "AU.14"
            ],
            "gdpr" : [
              "IV_32.2"
            ],
            "firedtimes" : 7,
            "mitre" : {
              "technique" : [
                "Valid Accounts"
              ],
              "id" : [
                "T1078"
              ],
              "tactic" : [
                "Defense Evasion",
                "Persistence",
                "Privilege Escalation",
                "Initial Access"
              ]
            },
            "id" : "60106",
            "gpg13" : [
              "7.1",
              "7.2"
            ]
          },
          "decoder" : {
            "name" : "windows_eventchannel"
          },
          "input" : {
            "type" : "log"
          },
          "@timestamp" : "2024-05-19T08:11:31.435Z",
          "location" : "EventChannel",
          "id" : "1716106291.6901067",
          "timestamp" : "2024-05-19T08:11:31.435+0000"
        }
      },
