      {
        "_index" : "wazuh-alerts-4.x-2024.05.10",
        "_id" : "qpshZI8BFz3DvWCkJu-F",
        "_score" : 0.0,
        "_source" : {
          "cluster" : {
            "node" : "node01",
            "name" : "wazuh"
          },
          "agent" : {
            "ip" : "192.168.1.216",
            "name" : "chpiyr2",
            "id" : "014"
          },
          "previous_output" : "{\"win\":{\"system\":{\"providerName\":\"VSS\",\"eventID\":\"8194\",\"version\":\"0\",\"level\":\"2\",\"task\":\"0\",\"opcode\":\"0\",\"keywords\":\"0x80000000000000\",\"systemTime\":\"2024-05-10T20:10:20.0976731Z\",\"eventRecordID\":\"234679\",\"processID\":\"7000\",\"threadID\":\"0\",\"channel\":\"Application\",\"computer\":\"CHPIYR2\",\"severityValue\":\"ERROR\",\"message\":\"\\\"磁碟區陰影複製服務錯誤: 查詢 IVssWriterCallback 介面時發生意外的錯誤。hr = 0x80070005, 存取被拒。\\r\\n。 這通常是因為寫入者或要求者程序中包含不正確的安全性設定所造成。 \\n\\n操作:\\n   正在收集寫入者資料\\n\\n內容:\\n   寫入者類別識別碼: {e8132975-6f93-4464-a53e-1050253ae220}\\n   寫入者名稱: System Writer\\n   寫入者例項識別碼: {ca6cd6a6-7942-4feb-8acc-20f232ebf887}\\\"\"},\"eventdata\":{\"binary\":\"2D20436F64653A20575254575254494330303030313238372D2043616C6C3A20575254575254494330303030313234312D205049443A202030303030373030302D205449443A202030303030373438342D20434D443A2020433A5C57494E444F57535C73797374656D33325C737663686F73742E657865202D6B204E6574776F726B53657276696365202D70202020202D20557365723A204E616D653A204E5420415554484F524954595C4E4554574F524B20534552564943452C205349443A532D312D352D3230\",\"data\":\"0x80070005, 存取被拒。,   操作:    正在收集寫入者資料  內容:    寫入者類別識別碼: {e8132975-6f93-4464-a53e-1050253ae220}    寫入者名稱: System Writer    寫入者例項識別碼: {ca6cd6a6-7942-4feb-8acc-20f232ebf887}\"}}}\n{\"win\":{\"system\":{\"providerName\":\"VSS\",\"eventID\":\"8194\",\"version\":\"0\",\"level\":\"2\",\"task\":\"0\",\"opcode\":\"0\",\"keywords\":\"0x80000000000000\",\"systemTime\":\"2024-05-10T20:10:00.0531505Z\",\"eventRecordID\":\"234678\",\"processID\":\"7000\",\"threadID\":\"0\",\"channel\":\"Application\",\"computer\":\"CHPIYR2\",\"severityValue\":\"ERROR\",\"message\":\"\\\"磁碟區陰影複製服務錯誤: 查詢 IVssWriterCallback 介面時發生意外的錯誤。hr = 0x80070005, 存取被拒。\\r\\n。 這通常是因為寫入者或要求者程序中包含不正確的安全性設定所造成。 \\n\\n操作:\\n   正在收集寫入者資料\\n\\n內容:\\n   寫入者類別識別碼: {e8132975-6f93-4464-a53e-1050253ae220}\\n   寫入者名稱: System Writer\\n   寫入者例項識別碼: {ca6cd6a6-7942-4feb-8acc-20f232ebf887}\\\"\"},\"eventdata\":{\"binary\":\"2D20436F64653A20575254575254494330303030313238372D2043616C6C3A20575254575254494330303030313234312D205049443A202030303030373030302D205449443A202030303030373438342D20434D443A2020433A5C57494E444F57535C73797374656D33325C737663686F73742E657865202D6B204E6574776F726B53657276696365202D70202020202D20557365723A204E616D653A204E5420415554484F524954595C4E4554574F524B20534552564943452C205349443A532D312D352D3230\",\"data\":\"0x80070005, 存取被拒。,   操作:    正在收集寫入者資料  內容:    寫入者類別識別碼: {e8132975-6f93-4464-a53e-1050253ae220}    寫入者名稱: System Writer    寫入者例項識別碼: {ca6cd6a6-7942-4feb-8acc-20f232ebf887}\"}}}\n{\"win\":{\"system\":{\"providerName\":\"VSS\",\"eventID\":\"8194\",\"version\":\"0\",\"level\":\"2\",\"task\":\"0\",\"opcode\":\"0\",\"keywords\":\"0x80000000000000\",\"systemTime\":\"2024-05-10T20:09:40.0422603Z\",\"eventRecordID\":\"234677\",\"processID\":\"7000\",\"threadID\":\"0\",\"channel\":\"Application\",\"computer\":\"CHPIYR2\",\"severityValue\":\"ERROR\",\"message\":\"\\\"磁碟區陰影複製服務錯誤: 查詢 IVssWriterCallback 介面時發生意外的錯誤。hr = 0x80070005, 存取被拒。\\r\\n。 這通常是因為寫入者或要求者程序中包含不正確的安全性設定所造成。 \\n\\n操作:\\n   正在收集寫入者資料\\n\\n內容:\\n   寫入者類別識別碼: {e8132975-6f93-4464-a53e-1050253ae220}\\n   寫入者名稱: System Writer\\n   寫入者例項識別碼: {ca6cd6a6-7942-4feb-8acc-20f232ebf887}\\\"\"},\"eventdata\":{\"binary\":\"2D20436F64653A20575254575254494330303030313238372D2043616C6C3A20575254575254494330303030313234312D205049443A202030303030373030302D205449443A202030303030373438342D20434D443A2020433A5C57494E444F57535C73797374656D33325C737663686F73742E657865202D6B204E6574776F726B53657276696365202D70202020202D20557365723A204E616D653A204E5420415554484F524954595C4E4554574F524B20534552564943452C205349443A532D312D352D3230\",\"data\":\"0x80070005, 存取被拒。,   操作:    正在收集寫入者資料  內容:    寫入者類別識別碼: {e8132975-6f93-4464-a53e-1050253ae220}    寫入者名稱: System Writer    寫入者例項識別碼: {ca6cd6a6-7942-4feb-8acc-20f232ebf887}\"}}}\n{\"win\":{\"system\":{\"providerName\":\"VSS\",\"eventID\":\"8194\",\"version\":\"0\",\"level\":\"2\",\"task\":\"0\",\"opcode\":\"0\",\"keywords\":\"0x80000000000000\",\"systemTime\":\"2024-05-10T20:09:20.0677280Z\",\"eventRecordID\":\"234676\",\"processID\":\"7000\",\"threadID\":\"0\",\"channel\":\"Application\",\"computer\":\"CHPIYR2\",\"severityValue\":\"ERROR\",\"message\":\"\\\"磁碟區陰影複製服務錯誤: 查詢 IVssWriterCallback 介面時發生意外的錯誤。hr = 0x80070005, 存取被拒。\\r\\n。 這通常是因為寫入者或要求者程序中包含不正確的安全性設定所造成。 \\n\\n操作:\\n   正在收集寫入者資料\\n\\n內容:\\n   寫入者類別識別碼: {e8132975-6f93-4464-a53e-1050253ae220}\\n   寫入者名稱: System Writer\\n   寫入者例項識別碼: {ca6cd6a6-7942-4feb-8acc-20f232ebf887}\\\"\"},\"eventdata\":{\"binary\":\"2D20436F64653A20575254575254494330303030313238372D2043616C6C3A20575254575254494330303030313234312D205049443A202030303030373030302D205449443A202030303030373438342D20434D443A2020433A5C57494E444F57535C73797374656D33325C737663686F73742E657865202D6B204E6574776F726B53657276696365202D70202020202D20557365723A204E616D653A204E5420415554484F524954595C4E4554574F524B20534552564943452C205349443A532D312D352D3230\",\"data\":\"0x80070005, 存取被拒。,   操作:    正在收集寫入者資料  內容:    寫入者類別識別碼: {e8132975-6f93-4464-a53e-1050253ae220}    寫入者名稱: System Writer    寫入者例項識別碼: {ca6cd6a6-7942-4feb-8acc-20f232ebf887}\"}}}\n{\"win\":{\"system\":{\"providerName\":\"VSS\",\"eventID\":\"8194\",\"version\":\"0\",\"level\":\"2\",\"task\":\"0\",\"opcode\":\"0\",\"keywords\":\"0x80000000000000\",\"systemTime\":\"2024-05-10T20:09:00.0478371Z\",\"eventRecordID\":\"234675\",\"processID\":\"7000\",\"threadID\":\"0\",\"channel\":\"Application\",\"computer\":\"CHPIYR2\",\"severityValue\":\"ERROR\",\"message\":\"\\\"磁碟區陰影複製服務錯誤: 查詢 IVssWriterCallback 介面時發生意外的錯誤。hr = 0x80070005, 存取被拒。\\r\\n。 這通常是因為寫入者或要求者程序中包含不正確的安全性設定所造成。 \\n\\n操作:\\n   正在收集寫入者資料\\n\\n內容:\\n   寫入者類別識別碼: {e8132975-6f93-4464-a53e-1050253ae220}\\n   寫入者名稱: System Writer\\n   寫入者例項識別碼: {ca6cd6a6-7942-4feb-8acc-20f232ebf887}\\\"\"},\"eventdata\":{\"binary\":\"2D20436F64653A20575254575254494330303030313238372D2043616C6C3A20575254575254494330303030313234312D205049443A202030303030373030302D205449443A202030303030363038302D20434D443A2020433A5C57494E444F57535C73797374656D33325C737663686F73742E657865202D6B204E6574776F726B53657276696365202D70202020202D20557365723A204E616D653A204E5420415554484F524954595C4E4554574F524B20534552564943452C205349443A532D312D352D3230\",\"data\":\"0x80070005, 存取被拒。,   操作:    正在收集寫入者資料  內容:    寫入者類別識別碼: {e8132975-6f93-4464-a53e-1050253ae220}    寫入者名稱: System Writer    寫入者例項識別碼: {ca6cd6a6-7942-4feb-8acc-20f232ebf887}\"}}}\n{\"win\":{\"system\":{\"providerName\":\"VSS\",\"eventID\":\"8194\",\"version\":\"0\",\"level\":\"2\",\"task\":\"0\",\"opcode\":\"0\",\"keywords\":\"0x80000000000000\",\"systemTime\":\"2024-05-10T20:08:40.0440966Z\",\"eventRecordID\":\"234674\",\"processID\":\"7000\",\"threadID\":\"0\",\"channel\":\"Application\",\"computer\":\"CHPIYR2\",\"severityValue\":\"ERROR\",\"message\":\"\\\"磁碟區陰影複製服務錯誤: 查詢 IVssWriterCallback 介面時發生意外的錯誤。hr = 0x80070005, 存取被拒。\\r\\n。 這通常是因為寫入者或要求者程序中包含不正確的安全性設定所造成。 \\n\\n操作:\\n   正在收集寫入者資料\\n\\n內容:\\n   寫入者類別識別碼: {e8132975-6f93-4464-a53e-1050253ae220}\\n   寫入者名稱: System Writer\\n   寫入者例項識別碼: {ca6cd6a6-7942-4feb-8acc-20f232ebf887}\\\"\"},\"eventdata\":{\"binary\":\"2D20436F64653A20575254575254494330303030313238372D2043616C6C3A20575254575254494330303030313234312D205049443A202030303030373030302D205449443A202030303030363038302D20434D443A2020433A5C57494E444F57535C73797374656D33325C737663686F73742E657865202D6B204E6574776F726B53657276696365202D70202020202D20557365723A204E616D653A204E5420415554484F524954595C4E4554574F524B20534552564943452C205349443A532D312D352D3230\",\"data\":\"0x80070005, 存取被拒。,   操作:    正在收集寫入者資料  內容:    寫入者類別識別碼: {e8132975-6f93-4464-a53e-1050253ae220}    寫入者名稱: System Writer    寫入者例項識別碼: {ca6cd6a6-7942-4feb-8acc-20f232ebf887}\"}}}\n{\"win\":{\"system\":{\"providerName\":\"VSS\",\"eventID\":\"8194\",\"version\":\"0\",\"level\":\"2\",\"task\":\"0\",\"opcode\":\"0\",\"keywords\":\"0x80000000000000\",\"systemTime\":\"2024-05-10T20:08:20.0542255Z\",\"eventRecordID\":\"234673\",\"processID\":\"7000\",\"threadID\":\"0\",\"channel\":\"Application\",\"computer\":\"CHPIYR2\",\"severityValue\":\"ERROR\",\"message\":\"\\\"磁碟區陰影複製服務錯誤: 查詢 IVssWriterCallback 介面時發生意外的錯誤。hr = 0x80070005, 存取被拒。\\r\\n。 這通常是因為寫入者或要求者程序中包含不正確的安全性設定所造成。 \\n\\n操作:\\n   正在收集寫入者資料\\n\\n內容:\\n   寫入者類別識別碼: {e8132975-6f93-4464-a53e-1050253ae220}\\n   寫入者名稱: System Writer\\n   寫入者例項識別碼: {ca6cd6a6-7942-4feb-8acc-20f232ebf887}\\\"\"},\"eventdata\":{\"binary\":\"2D20436F64653A20575254575254494330303030313238372D2043616C6C3A20575254575254494330303030313234312D205049443A202030303030373030302D205449443A202030303030363038302D20434D443A2020433A5C57494E444F57535C73797374656D33325C737663686F73742E657865202D6B204E6574776F726B53657276696365202D70202020202D20557365723A204E616D653A204E5420415554484F524954595C4E4554574F524B20534552564943452C205349443A532D312D352D3230\",\"data\":\"0x80070005, 存取被拒。,   操作:    正在收集寫入者資料  內容:    寫入者類別識別碼: {e8132975-6f93-4464-a53e-1050253ae220}    寫入者名稱: System Writer    寫入者例項識別碼: {ca6cd6a6-7942-4feb-8acc-20f232ebf887}\"}}}",
          "manager" : {
            "name" : "wazuh-server"
          },
          "data" : {
            "win" : {
              "eventdata" : {
                "data" : "0x80070005, 存取被拒。,   操作:    正在收集寫入者資料  內容:    寫入者類別識別碼: {e8132975-6f93-4464-a53e-1050253ae220}    寫入者名稱: System Writer    寫入者例項識別碼: {ca6cd6a6-7942-4feb-8acc-20f232ebf887}",
                "binary" : "2D20436F64653A20575254575254494330303030313238372D2043616C6C3A20575254575254494330303030313234312D205049443A202030303030373030302D205449443A202030303030373438342D20434D443A2020433A5C57494E444F57535C73797374656D33325C737663686F73742E657865202D6B204E6574776F726B53657276696365202D70202020202D20557365723A204E616D653A204E5420415554484F524954595C4E4554574F524B20534552564943452C205349443A532D312D352D3230"
              },
              "system" : {
                "eventID" : "8194",
                "keywords" : "0x80000000000000",
                "level" : "2",
                "channel" : "Application",
                "opcode" : "0",
                "message" : "\"磁碟區陰影複製服務錯誤: 查詢 IVssWriterCallback 介面時發生意外的錯誤。hr = 0x80070005, 存取被拒。\r\n。 這通常是因為寫入者或要求者程序中包含不正確的安全性設定所造成。 \n\n操作:\n   正在收集寫入者資料\n\n內容:\n   寫入者類別識別碼: {e8132975-6f93-4464-a53e-1050253ae220}\n   寫入者名稱: System Writer\n   寫入者例項識別碼: {ca6cd6a6-7942-4feb-8acc-20f232ebf887}\"",
                "version" : "0",
                "systemTime" : "2024-05-10T20:10:40.0476453Z",
                "eventRecordID" : "234680",
                "threadID" : "0",
                "computer" : "CHPIYR2",
                "task" : "0",
                "processID" : "7000",
                "severityValue" : "ERROR",
                "providerName" : "VSS"
              }
            }
          },
          "rule" : {
            "firedtimes" : 5,
            "mail" : false,
            "level" : 10,
            "description" : "Multiple Windows error application events.",
            "groups" : [
              "windows",
              "windows_application"
            ],
            "id" : "61061",
            "frequency" : 8
          },
          "decoder" : {
            "name" : "windows_eventchannel"
          },
          "input" : {
            "type" : "log"
          },
          "@timestamp" : "2024-05-10T20:10:42.761Z",
          "location" : "EventChannel",
          "id" : "1715371842.30685141",
          "timestamp" : "2024-05-10T20:10:42.761+0000"
        }
      },
      {
        "_index" : "wazuh-alerts-4.x-2024.05.10",
        "_id" : "7JsjZI8BFz3DvWCkVe8l",
        "_score" : 0.0,
        "_source" : {
          "cluster" : {
            "node" : "node01",
            "name" : "wazuh"
          },
          "agent" : {
            "ip" : "192.168.1.216",
            "name" : "chpiyr2",
            "id" : "014"
          },
          "manager" : {
            "name" : "wazuh-server"
          },
          "data" : {
            "win" : {
              "eventdata" : {
                "data" : "0x80070005, 存取被拒。,   操作:    正在收集寫入者資料  內容:    寫入者類別識別碼: {e8132975-6f93-4464-a53e-1050253ae220}    寫入者名稱: System Writer    寫入者例項識別碼: {ca6cd6a6-7942-4feb-8acc-20f232ebf887}",
                "binary" : "2D20436F64653A20575254575254494330303030313238372D2043616C6C3A20575254575254494330303030313234312D205049443A202030303030373030302D205449443A202030303032343135362D20434D443A2020433A5C57494E444F57535C73797374656D33325C737663686F73742E657865202D6B204E6574776F726B53657276696365202D70202020202D20557365723A204E616D653A204E5420415554484F524954595C4E4554574F524B20534552564943452C205349443A532D312D352D3230"
              },
              "system" : {
                "eventID" : "8194",
                "keywords" : "0x80000000000000",
                "level" : "2",
                "channel" : "Application",
                "opcode" : "0",
                "message" : "\"磁碟區陰影複製服務錯誤: 查詢 IVssWriterCallback 介面時發生意外的錯誤。hr = 0x80070005, 存取被拒。\r\n。 這通常是因為寫入者或要求者程序中包含不正確的安全性設定所造成。 \n\n操作:\n   正在收集寫入者資料\n\n內容:\n   寫入者類別識別碼: {e8132975-6f93-4464-a53e-1050253ae220}\n   寫入者名稱: System Writer\n   寫入者例項識別碼: {ca6cd6a6-7942-4feb-8acc-20f232ebf887}\"",
                "version" : "0",
                "systemTime" : "2024-05-10T20:13:00.3139947Z",
                "eventRecordID" : "234689",
                "threadID" : "0",
                "computer" : "CHPIYR2",
                "task" : "0",
                "processID" : "7000",
                "severityValue" : "ERROR",
                "providerName" : "VSS"
              }
            }
          },
          "rule" : {
            "firedtimes" : 35,
            "mail" : false,
            "level" : 9,
            "description" : "Windows application error event.",
            "groups" : [
              "windows",
              "windows_application",
              "system_error"
            ],
            "id" : "60602",
            "gdpr" : [
              "IV_35.7.d"
            ],
            "gpg13" : [
              "4.3"
            ]
          },
          "decoder" : {
            "name" : "windows_eventchannel"
          },
          "input" : {
            "type" : "log"
          },
          "@timestamp" : "2024-05-10T20:13:03.028Z",
          "location" : "EventChannel",
          "id" : "1715371983.30720573",
          "timestamp" : "2024-05-10T20:13:03.028+0000"
        }
      },
      {
        "_index" : "wazuh-alerts-4.x-2024.05.10",
        "_id" : "ApskZI8BFz3DvWCkU_AR",
        "_score" : 0.0,
        "_source" : {
          "cluster" : {
            "node" : "node01",
            "name" : "wazuh"
          },
          "agent" : {
            "ip" : "192.168.1.216",
            "name" : "chpiyr2",
            "id" : "014"
          },
          "manager" : {
            "name" : "wazuh-server"
          },
          "data" : {
            "win" : {
              "eventdata" : {
                "data" : "0x80070005, 存取被拒。,   操作:    正在收集寫入者資料  內容:    寫入者類別識別碼: {e8132975-6f93-4464-a53e-1050253ae220}    寫入者名稱: System Writer    寫入者例項識別碼: {ca6cd6a6-7942-4feb-8acc-20f232ebf887}",
                "binary" : "2D20436F64653A20575254575254494330303030313238372D2043616C6C3A20575254575254494330303030313234312D205049443A202030303030373030302D205449443A202030303032343135362D20434D443A2020433A5C57494E444F57535C73797374656D33325C737663686F73742E657865202D6B204E6574776F726B53657276696365202D70202020202D20557365723A204E616D653A204E5420415554484F524954595C4E4554574F524B20534552564943452C205349443A532D312D352D3230"
              },
              "system" : {
                "eventID" : "8194",
                "keywords" : "0x80000000000000",
                "level" : "2",
                "channel" : "Application",
                "opcode" : "0",
                "message" : "\"磁碟區陰影複製服務錯誤: 查詢 IVssWriterCallback 介面時發生意外的錯誤。hr = 0x80070005, 存取被拒。\r\n。 這通常是因為寫入者或要求者程序中包含不正確的安全性設定所造成。 \n\n操作:\n   正在收集寫入者資料\n\n內容:\n   寫入者類別識別碼: {e8132975-6f93-4464-a53e-1050253ae220}\n   寫入者名稱: System Writer\n   寫入者例項識別碼: {ca6cd6a6-7942-4feb-8acc-20f232ebf887}\"",
                "version" : "0",
                "systemTime" : "2024-05-10T20:14:00.0471717Z",
                "eventRecordID" : "234692",
                "threadID" : "0",
                "computer" : "CHPIYR2",
                "task" : "0",
                "processID" : "7000",
                "severityValue" : "ERROR",
                "providerName" : "VSS"
              }
            }
          },
          "rule" : {
            "firedtimes" : 37,
            "mail" : false,
            "level" : 9,
            "description" : "Windows application error event.",
            "groups" : [
              "windows",
              "windows_application",
              "system_error"
            ],
            "id" : "60602",
            "gdpr" : [
              "IV_35.7.d"
            ],
            "gpg13" : [
              "4.3"
            ]
          },
          "decoder" : {
            "name" : "windows_eventchannel"
          },
          "input" : {
            "type" : "log"
          },
          "@timestamp" : "2024-05-10T20:14:02.762Z",
          "location" : "EventChannel",
          "id" : "1715372042.30740529",
          "timestamp" : "2024-05-10T20:14:02.762+0000"
        }
      },
      {
        "_index" : "wazuh-alerts-4.x-2024.05.10",
        "_id" : "BJskZI8BFz3DvWCk7_BT",
        "_score" : 0.0,
        "_source" : {
          "cluster" : {
            "node" : "node01",
            "name" : "wazuh"
          },
          "agent" : {
            "ip" : "192.168.1.216",
            "name" : "chpiyr2",
            "id" : "014"
          },
          "manager" : {
            "name" : "wazuh-server"
          },
          "data" : {
            "win" : {
              "eventdata" : {
                "data" : "0x80070005, 存取被拒。,   操作:    正在收集寫入者資料  內容:    寫入者類別識別碼: {e8132975-6f93-4464-a53e-1050253ae220}    寫入者名稱: System Writer    寫入者例項識別碼: {ca6cd6a6-7942-4feb-8acc-20f232ebf887}",
                "binary" : "2D20436F64653A20575254575254494330303030313238372D2043616C6C3A20575254575254494330303030313234312D205049443A202030303030373030302D205449443A202030303032343135362D20434D443A2020433A5C57494E444F57535C73797374656D33325C737663686F73742E657865202D6B204E6574776F726B53657276696365202D70202020202D20557365723A204E616D653A204E5420415554484F524954595C4E4554574F524B20534552564943452C205349443A532D312D352D3230"
              },
              "system" : {
                "eventID" : "8194",
                "keywords" : "0x80000000000000",
                "level" : "2",
                "channel" : "Application",
                "opcode" : "0",
                "message" : "\"磁碟區陰影複製服務錯誤: 查詢 IVssWriterCallback 介面時發生意外的錯誤。hr = 0x80070005, 存取被拒。\r\n。 這通常是因為寫入者或要求者程序中包含不正確的安全性設定所造成。 \n\n操作:\n   正在收集寫入者資料\n\n內容:\n   寫入者類別識別碼: {e8132975-6f93-4464-a53e-1050253ae220}\n   寫入者名稱: System Writer\n   寫入者例項識別碼: {ca6cd6a6-7942-4feb-8acc-20f232ebf887}\"",
                "version" : "0",
                "systemTime" : "2024-05-10T20:14:41.1513100Z",
                "eventRecordID" : "234694",
                "threadID" : "0",
                "computer" : "CHPIYR2",
                "task" : "0",
                "processID" : "7000",
                "severityValue" : "ERROR",
                "providerName" : "VSS"
              }
            }
          },
          "rule" : {
            "firedtimes" : 39,
            "mail" : false,
            "level" : 9,
            "description" : "Windows application error event.",
            "groups" : [
              "windows",
              "windows_application",
              "system_error"
            ],
            "id" : "60602",
            "gdpr" : [
              "IV_35.7.d"
            ],
            "gpg13" : [
              "4.3"
            ]
          },
          "decoder" : {
            "name" : "windows_eventchannel"
          },
          "input" : {
            "type" : "log"
          },
          "@timestamp" : "2024-05-10T20:14:43.862Z",
          "location" : "EventChannel",
          "id" : "1715372083.30747005",
          "timestamp" : "2024-05-10T20:14:43.862+0000"
        }
      },
      {
        "_index" : "wazuh-alerts-4.x-2024.05.10",
        "_id" : "RpsmZI8BFz3DvWCk_vCy",
        "_score" : 0.0,
        "_source" : {
          "cluster" : {
            "node" : "node01",
            "name" : "wazuh"
          },
          "agent" : {
            "ip" : "192.168.1.216",
            "name" : "chpiyr2",
            "id" : "014"
          },
          "manager" : {
            "name" : "wazuh-server"
          },
          "data" : {
            "win" : {
              "eventdata" : {
                "data" : "0x80070005, 存取被拒。,   操作:    正在收集寫入者資料  內容:    寫入者類別識別碼: {e8132975-6f93-4464-a53e-1050253ae220}    寫入者名稱: System Writer    寫入者例項識別碼: {ca6cd6a6-7942-4feb-8acc-20f232ebf887}",
                "binary" : "2D20436F64653A20575254575254494330303030313238372D2043616C6C3A20575254575254494330303030313234312D205049443A202030303030373030302D205449443A202030303034313933362D20434D443A2020433A5C57494E444F57535C73797374656D33325C737663686F73742E657865202D6B204E6574776F726B53657276696365202D70202020202D20557365723A204E616D653A204E5420415554484F524954595C4E4554574F524B20534552564943452C205349443A532D312D352D3230"
              },
              "system" : {
                "eventID" : "8194",
                "keywords" : "0x80000000000000",
                "level" : "2",
                "channel" : "Application",
                "opcode" : "0",
                "message" : "\"磁碟區陰影複製服務錯誤: 查詢 IVssWriterCallback 介面時發生意外的錯誤。hr = 0x80070005, 存取被拒。\r\n。 這通常是因為寫入者或要求者程序中包含不正確的安全性設定所造成。 \n\n操作:\n   正在收集寫入者資料\n\n內容:\n   寫入者類別識別碼: {e8132975-6f93-4464-a53e-1050253ae220}\n   寫入者名稱: System Writer\n   寫入者例項識別碼: {ca6cd6a6-7942-4feb-8acc-20f232ebf887}\"",
                "version" : "0",
                "systemTime" : "2024-05-10T20:17:00.4663147Z",
                "eventRecordID" : "234701",
                "threadID" : "0",
                "computer" : "CHPIYR2",
                "task" : "0",
                "processID" : "7000",
                "severityValue" : "ERROR",
                "providerName" : "VSS"
              }
            }
          },
          "rule" : {
            "firedtimes" : 45,
            "mail" : false,
            "level" : 9,
            "description" : "Windows application error event.",
            "groups" : [
              "windows",
              "windows_application",
              "system_error"
            ],
            "id" : "60602",
            "gdpr" : [
              "IV_35.7.d"
            ],
            "gpg13" : [
              "4.3"
            ]
          },
          "decoder" : {
            "name" : "windows_eventchannel"
          },
          "input" : {
            "type" : "log"
          },
          "@timestamp" : "2024-05-10T20:17:03.179Z",
          "location" : "EventChannel",
          "id" : "1715372223.30779913",
          "timestamp" : "2024-05-10T20:17:03.179+0000"
        }
      },
      {
        "_index" : "wazuh-alerts-4.x-2024.05.10",
        "_id" : "R5snZI8BFz3DvWCkYPBb",
        "_score" : 0.0,
        "_source" : {
          "cluster" : {
            "node" : "node01",
            "name" : "wazuh"
          },
          "agent" : {
            "ip" : "192.168.1.216",
            "name" : "chpiyr2",
            "id" : "014"
          },
          "manager" : {
            "name" : "wazuh-server"
          },
          "data" : {
            "win" : {
              "eventdata" : {
                "data" : "0x80070005, 存取被拒。,   操作:    正在收集寫入者資料  內容:    寫入者類別識別碼: {e8132975-6f93-4464-a53e-1050253ae220}    寫入者名稱: System Writer    寫入者例項識別碼: {ca6cd6a6-7942-4feb-8acc-20f232ebf887}",
                "binary" : "2D20436F64653A20575254575254494330303030313238372D2043616C6C3A20575254575254494330303030313234312D205049443A202030303030373030302D205449443A202030303034313933362D20434D443A2020433A5C57494E444F57535C73797374656D33325C737663686F73742E657865202D6B204E6574776F726B53657276696365202D70202020202D20557365723A204E616D653A204E5420415554484F524954595C4E4554574F524B20534552564943452C205349443A532D312D352D3230"
              },
              "system" : {
                "eventID" : "8194",
                "keywords" : "0x80000000000000",
                "level" : "2",
                "channel" : "Application",
                "opcode" : "0",
                "message" : "\"磁碟區陰影複製服務錯誤: 查詢 IVssWriterCallback 介面時發生意外的錯誤。hr = 0x80070005, 存取被拒。\r\n。 這通常是因為寫入者或要求者程序中包含不正確的安全性設定所造成。 \n\n操作:\n   正在收集寫入者資料\n\n內容:\n   寫入者類別識別碼: {e8132975-6f93-4464-a53e-1050253ae220}\n   寫入者名稱: System Writer\n   寫入者例項識別碼: {ca6cd6a6-7942-4feb-8acc-20f232ebf887}\"",
                "version" : "0",
                "systemTime" : "2024-05-10T20:17:20.1427212Z",
                "eventRecordID" : "234702",
                "threadID" : "0",
                "computer" : "CHPIYR2",
                "task" : "0",
                "processID" : "7000",
                "severityValue" : "ERROR",
                "providerName" : "VSS"
              }
            }
          },
          "rule" : {
            "firedtimes" : 46,
            "mail" : false,
            "level" : 9,
            "description" : "Windows application error event.",
            "groups" : [
              "windows",
              "windows_application",
              "system_error"
            ],
            "id" : "60602",
            "gdpr" : [
              "IV_35.7.d"
            ],
            "gpg13" : [
              "4.3"
            ]
          },
          "decoder" : {
            "name" : "windows_eventchannel"
          },
          "input" : {
            "type" : "log"
          },
          "@timestamp" : "2024-05-10T20:17:22.856Z",
          "location" : "EventChannel",
          "id" : "1715372242.30783151",
          "timestamp" : "2024-05-10T20:17:22.856+0000"
        }
      },
      {
        "_index" : "wazuh-alerts-4.x-2024.05.10",
        "_id" : "dJspZI8BFz3DvWCkUPB6",
        "_score" : 0.0,
        "_source" : {
          "cluster" : {
            "node" : "node01",
            "name" : "wazuh"
          },
          "agent" : {
            "ip" : "192.168.1.216",
            "name" : "chpiyr2",
            "id" : "014"
          },
          "manager" : {
            "name" : "wazuh-server"
          },
          "data" : {
            "win" : {
              "eventdata" : {
                "data" : "0x80070005, 存取被拒。,   操作:    正在收集寫入者資料  內容:    寫入者類別識別碼: {e8132975-6f93-4464-a53e-1050253ae220}    寫入者名稱: System Writer    寫入者例項識別碼: {ca6cd6a6-7942-4feb-8acc-20f232ebf887}",
                "binary" : "2D20436F64653A20575254575254494330303030313238372D2043616C6C3A20575254575254494330303030313234312D205049443A202030303030373030302D205449443A202030303030363038302D20434D443A2020433A5C57494E444F57535C73797374656D33325C737663686F73742E657865202D6B204E6574776F726B53657276696365202D70202020202D20557365723A204E616D653A204E5420415554484F524954595C4E4554574F524B20534552564943452C205349443A532D312D352D3230"
              },
              "system" : {
                "eventID" : "8194",
                "keywords" : "0x80000000000000",
                "level" : "2",
                "channel" : "Application",
                "opcode" : "0",
                "message" : "\"磁碟區陰影複製服務錯誤: 查詢 IVssWriterCallback 介面時發生意外的錯誤。hr = 0x80070005, 存取被拒。\r\n。 這通常是因為寫入者或要求者程序中包含不正確的安全性設定所造成。 \n\n操作:\n   正在收集寫入者資料\n\n內容:\n   寫入者類別識別碼: {e8132975-6f93-4464-a53e-1050253ae220}\n   寫入者名稱: System Writer\n   寫入者例項識別碼: {ca6cd6a6-7942-4feb-8acc-20f232ebf887}\"",
                "version" : "0",
                "systemTime" : "2024-05-10T20:19:26.5455919Z",
                "eventRecordID" : "234708",
                "threadID" : "0",
                "computer" : "CHPIYR2",
                "task" : "0",
                "processID" : "7000",
                "severityValue" : "ERROR",
                "providerName" : "VSS"
              }
            }
          },
          "rule" : {
            "firedtimes" : 51,
            "mail" : false,
            "level" : 9,
            "description" : "Windows application error event.",
            "groups" : [
              "windows",
              "windows_application",
              "system_error"
            ],
            "id" : "60602",
            "gdpr" : [
              "IV_35.7.d"
            ],
            "gpg13" : [
              "4.3"
            ]
          },
          "decoder" : {
            "name" : "windows_eventchannel"
          },
          "input" : {
            "type" : "log"
          },
          "@timestamp" : "2024-05-10T20:19:29.259Z",
          "location" : "EventChannel",
          "id" : "1715372369.30813795",
          "timestamp" : "2024-05-10T20:19:29.259+0000"
        }
      },
      {
        "_index" : "wazuh-alerts-4.x-2024.05.10",
        "_id" : "15siZI8BFz3DvWCk_-80",
        "_score" : 0.0,
        "_source" : {
          "cluster" : {
            "node" : "node01",
            "name" : "wazuh"
          },
          "agent" : {
            "ip" : "192.168.1.216",
            "name" : "chpiyr2",
            "id" : "014"
          },
          "manager" : {
            "name" : "wazuh-server"
          },
          "data" : {
            "win" : {
              "eventdata" : {
                "data" : "2124-04-16T20:12:40Z, RulesEngine"
              },
              "system" : {
                "eventID" : "16384",
                "eventSourceName" : "Software Protection Platform Service",
                "keywords" : "0x80000000000000",
                "providerGuid" : "{E23B33B0-C8C9-472C-A5F9-F2BDFEA0F156}",
                "level" : "4",
                "channel" : "Application",
                "opcode" : "0",
                "message" : "\"順利排程軟體保護服務在 2124-04-16T20:12:40Z 重新啟動。原因: RulesEngine。\"",
                "version" : "0",
                "systemTime" : "2024-05-10T20:12:40.9127896Z",
                "eventRecordID" : "234688",
                "threadID" : "0",
                "computer" : "CHPIYR2",
                "task" : "0",
                "processID" : "41348",
                "severityValue" : "INFORMATION",
                "providerName" : "Microsoft-Windows-Security-SPP"
              }
            }
          },
          "rule" : {
            "firedtimes" : 1,
            "mail" : false,
            "level" : 3,
            "description" : "Software protection service scheduled successfully.",
            "groups" : [
              "windows",
              "windows_application"
            ],
            "id" : "60642"
          },
          "decoder" : {
            "name" : "windows_eventchannel"
          },
          "input" : {
            "type" : "log"
          },
          "@timestamp" : "2024-05-10T20:12:43.589Z",
          "location" : "EventChannel",
          "id" : "1715371963.30718049",
          "timestamp" : "2024-05-10T20:12:43.589+0000"
        }
      },
      {
        "_index" : "wazuh-alerts-4.x-2024.05.10",
        "_id" : "5JsuZI8BFz3DvWCkD_Bj",
        "_score" : 0.0,
        "_source" : {
          "cluster" : {
            "node" : "node01",
            "name" : "wazuh"
          },
          "agent" : {
            "ip" : "192.168.1.216",
            "name" : "chpiyr2",
            "id" : "014"
          },
          "previous_output" : "{\"win\":{\"system\":{\"providerName\":\"VSS\",\"eventID\":\"8194\",\"version\":\"0\",\"level\":\"2\",\"task\":\"0\",\"opcode\":\"0\",\"keywords\":\"0x80000000000000\",\"systemTime\":\"2024-05-10T20:24:15.7363009Z\",\"eventRecordID\":\"234723\",\"processID\":\"7000\",\"threadID\":\"0\",\"channel\":\"Application\",\"computer\":\"CHPIYR2\",\"severityValue\":\"ERROR\",\"message\":\"\\\"磁碟區陰影複製服務錯誤: 查詢 IVssWriterCallback 介面時發生意外的錯誤。hr = 0x80070005, 存取被拒。\\r\\n。 這通常是因為寫入者或要求者程序中包含不正確的安全性設定所造成。 \\n\\n操作:\\n   正在收集寫入者資料\\n\\n內容:\\n   寫入者類別識別碼: {e8132975-6f93-4464-a53e-1050253ae220}\\n   寫入者名稱: System Writer\\n   寫入者例項識別碼: {ca6cd6a6-7942-4feb-8acc-20f232ebf887}\\\"\"},\"eventdata\":{\"binary\":\"2D20436F64653A20575254575254494330303030313238372D2043616C6C3A20575254575254494330303030313234312D205049443A202030303030373030302D205449443A202030303034333034382D20434D443A2020433A5C57494E444F57535C73797374656D33325C737663686F73742E657865202D6B204E6574776F726B53657276696365202D70202020202D20557365723A204E616D653A204E5420415554484F524954595C4E4554574F524B20534552564943452C205349443A532D312D352D3230\",\"data\":\"0x80070005, 存取被拒。,   操作:    正在收集寫入者資料  內容:    寫入者類別識別碼: {e8132975-6f93-4464-a53e-1050253ae220}    寫入者名稱: System Writer    寫入者例項識別碼: {ca6cd6a6-7942-4feb-8acc-20f232ebf887}\"}}}\n{\"win\":{\"system\":{\"providerName\":\"VSS\",\"eventID\":\"8194\",\"version\":\"0\",\"level\":\"2\",\"task\":\"0\",\"opcode\":\"0\",\"keywords\":\"0x80000000000000\",\"systemTime\":\"2024-05-10T20:23:53.1284917Z\",\"eventRecordID\":\"234722\",\"processID\":\"7000\",\"threadID\":\"0\",\"channel\":\"Application\",\"computer\":\"CHPIYR2\",\"severityValue\":\"ERROR\",\"message\":\"\\\"磁碟區陰影複製服務錯誤: 查詢 IVssWriterCallback 介面時發生意外的錯誤。hr = 0x80070005, 存取被拒。\\r\\n。 這通常是因為寫入者或要求者程序中包含不正確的安全性設定所造成。 \\n\\n操作:\\n   正在收集寫入者資料\\n\\n內容:\\n   寫入者類別識別碼: {e8132975-6f93-4464-a53e-1050253ae220}\\n   寫入者名稱: System Writer\\n   寫入者例項識別碼: {ca6cd6a6-7942-4feb-8acc-20f232ebf887}\\\"\"},\"eventdata\":{\"binary\":\"2D20436F64653A20575254575254494330303030313238372D2043616C6C3A20575254575254494330303030313234312D205049443A202030303030373030302D205449443A202030303034333034382D20434D443A2020433A5C57494E444F57535C73797374656D33325C737663686F73742E657865202D6B204E6574776F726B53657276696365202D70202020202D20557365723A204E616D653A204E5420415554484F524954595C4E4554574F524B20534552564943452C205349443A532D312D352D3230\",\"data\":\"0x80070005, 存取被拒。,   操作:    正在收集寫入者資料  內容:    寫入者類別識別碼: {e8132975-6f93-4464-a53e-1050253ae220}    寫入者名稱: System Writer    寫入者例項識別碼: {ca6cd6a6-7942-4feb-8acc-20f232ebf887}\"}}}\n{\"win\":{\"system\":{\"providerName\":\"VSS\",\"eventID\":\"8194\",\"version\":\"0\",\"level\":\"2\",\"task\":\"0\",\"opcode\":\"0\",\"keywords\":\"0x80000000000000\",\"systemTime\":\"2024-05-10T20:23:30.3216860Z\",\"eventRecordID\":\"234721\",\"processID\":\"7000\",\"threadID\":\"0\",\"channel\":\"Application\",\"computer\":\"CHPIYR2\",\"severityValue\":\"ERROR\",\"message\":\"\\\"磁碟區陰影複製服務錯誤: 查詢 IVssWriterCallback 介面時發生意外的錯誤。hr = 0x80070005, 存取被拒。\\r\\n。 這通常是因為寫入者或要求者程序中包含不正確的安全性設定所造成。 \\n\\n操作:\\n   正在收集寫入者資料\\n\\n內容:\\n   寫入者類別識別碼: {e8132975-6f93-4464-a53e-1050253ae220}\\n   寫入者名稱: System Writer\\n   寫入者例項識別碼: {ca6cd6a6-7942-4feb-8acc-20f232ebf887}\\\"\"},\"eventdata\":{\"binary\":\"2D20436F64653A20575254575254494330303030313238372D2043616C6C3A20575254575254494330303030313234312D205049443A202030303030373030302D205449443A202030303030363038302D20434D443A2020433A5C57494E444F57535C73797374656D33325C737663686F73742E657865202D6B204E6574776F726B53657276696365202D70202020202D20557365723A204E616D653A204E5420415554484F524954595C4E4554574F524B20534552564943452C205349443A532D312D352D3230\",\"data\":\"0x80070005, 存取被拒。,   操作:    正在收集寫入者資料  內容:    寫入者類別識別碼: {e8132975-6f93-4464-a53e-1050253ae220}    寫入者名稱: System Writer    寫入者例項識別碼: {ca6cd6a6-7942-4feb-8acc-20f232ebf887}\"}}}\n{\"win\":{\"system\":{\"providerName\":\"VSS\",\"eventID\":\"8194\",\"version\":\"0\",\"level\":\"2\",\"task\":\"0\",\"opcode\":\"0\",\"keywords\":\"0x80000000000000\",\"systemTime\":\"2024-05-10T20:23:07.8923927Z\",\"eventRecordID\":\"234720\",\"processID\":\"7000\",\"threadID\":\"0\",\"channel\":\"Application\",\"computer\":\"CHPIYR2\",\"severityValue\":\"ERROR\",\"message\":\"\\\"磁碟區陰影複製服務錯誤: 查詢 IVssWriterCallback 介面時發生意外的錯誤。hr = 0x80070005, 存取被拒。\\r\\n。 這通常是因為寫入者或要求者程序中包含不正確的安全性設定所造成。 \\n\\n操作:\\n   正在收集寫入者資料\\n\\n內容:\\n   寫入者類別識別碼: {e8132975-6f93-4464-a53e-1050253ae220}\\n   寫入者名稱: System Writer\\n   寫入者例項識別碼: {ca6cd6a6-7942-4feb-8acc-20f232ebf887}\\\"\"},\"eventdata\":{\"binary\":\"2D20436F64653A20575254575254494330303030313238372D2043616C6C3A20575254575254494330303030313234312D205049443A202030303030373030302D205449443A202030303030363038302D20434D443A2020433A5C57494E444F57535C73797374656D33325C737663686F73742E657865202D6B204E6574776F726B53657276696365202D70202020202D20557365723A204E616D653A204E5420415554484F524954595C4E4554574F524B20534552564943452C205349443A532D312D352D3230\",\"data\":\"0x80070005, 存取被拒。,   操作:    正在收集寫入者資料  內容:    寫入者類別識別碼: {e8132975-6f93-4464-a53e-1050253ae220}    寫入者名稱: System Writer    寫入者例項識別碼: {ca6cd6a6-7942-4feb-8acc-20f232ebf887}\"}}}\n{\"win\":{\"system\":{\"providerName\":\"VSS\",\"eventID\":\"8194\",\"version\":\"0\",\"level\":\"2\",\"task\":\"0\",\"opcode\":\"0\",\"keywords\":\"0x80000000000000\",\"systemTime\":\"2024-05-10T20:22:45.1905150Z\",\"eventRecordID\":\"234719\",\"processID\":\"7000\",\"threadID\":\"0\",\"channel\":\"Application\",\"computer\":\"CHPIYR2\",\"severityValue\":\"ERROR\",\"message\":\"\\\"磁碟區陰影複製服務錯誤: 查詢 IVssWriterCallback 介面時發生意外的錯誤。hr = 0x80070005, 存取被拒。\\r\\n。 這通常是因為寫入者或要求者程序中包含不正確的安全性設定所造成。 \\n\\n操作:\\n   正在收集寫入者資料\\n\\n內容:\\n   寫入者類別識別碼: {e8132975-6f93-4464-a53e-1050253ae220}\\n   寫入者名稱: System Writer\\n   寫入者例項識別碼: {ca6cd6a6-7942-4feb-8acc-20f232ebf887}\\\"\"},\"eventdata\":{\"binary\":\"2D20436F64653A20575254575254494330303030313238372D2043616C6C3A20575254575254494330303030313234312D205049443A202030303030373030302D205449443A202030303030363038302D20434D443A2020433A5C57494E444F57535C73797374656D33325C737663686F73742E657865202D6B204E6574776F726B53657276696365202D70202020202D20557365723A204E616D653A204E5420415554484F524954595C4E4554574F524B20534552564943452C205349443A532D312D352D3230\",\"data\":\"0x80070005, 存取被拒。,   操作:    正在收集寫入者資料  內容:    寫入者類別識別碼: {e8132975-6f93-4464-a53e-1050253ae220}    寫入者名稱: System Writer    寫入者例項識別碼: {ca6cd6a6-7942-4feb-8acc-20f232ebf887}\"}}}\n{\"win\":{\"system\":{\"providerName\":\"VSS\",\"eventID\":\"8194\",\"version\":\"0\",\"level\":\"2\",\"task\":\"0\",\"opcode\":\"0\",\"keywords\":\"0x80000000000000\",\"systemTime\":\"2024-05-10T20:22:22.6107213Z\",\"eventRecordID\":\"234718\",\"processID\":\"7000\",\"threadID\":\"0\",\"channel\":\"Application\",\"computer\":\"CHPIYR2\",\"severityValue\":\"ERROR\",\"message\":\"\\\"磁碟區陰影複製服務錯誤: 查詢 IVssWriterCallback 介面時發生意外的錯誤。hr = 0x80070005, 存取被拒。\\r\\n。 這通常是因為寫入者或要求者程序中包含不正確的安全性設定所造成。 \\n\\n操作:\\n   正在收集寫入者資料\\n\\n內容:\\n   寫入者類別識別碼: {e8132975-6f93-4464-a53e-1050253ae220}\\n   寫入者名稱: System Writer\\n   寫入者例項識別碼: {ca6cd6a6-7942-4feb-8acc-20f232ebf887}\\\"\"},\"eventdata\":{\"binary\":\"2D20436F64653A20575254575254494330303030313238372D2043616C6C3A20575254575254494330303030313234312D205049443A202030303030373030302D205449443A202030303031343037322D20434D443A2020433A5C57494E444F57535C73797374656D33325C737663686F73742E657865202D6B204E6574776F726B53657276696365202D70202020202D20557365723A204E616D653A204E5420415554484F524954595C4E4554574F524B20534552564943452C205349443A532D312D352D3230\",\"data\":\"0x80070005, 存取被拒。,   操作:    正在收集寫入者資料  內容:    寫入者類別識別碼: {e8132975-6f93-4464-a53e-1050253ae220}    寫入者名稱: System Writer    寫入者例項識別碼: {ca6cd6a6-7942-4feb-8acc-20f232ebf887}\"}}}\n{\"win\":{\"system\":{\"providerName\":\"VSS\",\"eventID\":\"8194\",\"version\":\"0\",\"level\":\"2\",\"task\":\"0\",\"opcode\":\"0\",\"keywords\":\"0x80000000000000\",\"systemTime\":\"2024-05-10T20:22:00.2897821Z\",\"eventRecordID\":\"234717\",\"processID\":\"7000\",\"threadID\":\"0\",\"channel\":\"Application\",\"computer\":\"CHPIYR2\",\"severityValue\":\"ERROR\",\"message\":\"\\\"磁碟區陰影複製服務錯誤: 查詢 IVssWriterCallback 介面時發生意外的錯誤。hr = 0x80070005, 存取被拒。\\r\\n。 這通常是因為寫入者或要求者程序中包含不正確的安全性設定所造成。 \\n\\n操作:\\n   正在收集寫入者資料\\n\\n內容:\\n   寫入者類別識別碼: {e8132975-6f93-4464-a53e-1050253ae220}\\n   寫入者名稱: System Writer\\n   寫入者例項識別碼: {ca6cd6a6-7942-4feb-8acc-20f232ebf887}\\\"\"},\"eventdata\":{\"binary\":\"2D20436F64653A20575254575254494330303030313238372D2043616C6C3A20575254575254494330303030313234312D205049443A202030303030373030302D205449443A202030303031343037322D20434D443A2020433A5C57494E444F57535C73797374656D33325C737663686F73742E657865202D6B204E6574776F726B53657276696365202D70202020202D20557365723A204E616D653A204E5420415554484F524954595C4E4554574F524B20534552564943452C205349443A532D312D352D3230\",\"data\":\"0x80070005, 存取被拒。,   操作:    正在收集寫入者資料  內容:    寫入者類別識別碼: {e8132975-6f93-4464-a53e-1050253ae220}    寫入者名稱: System Writer    寫入者例項識別碼: {ca6cd6a6-7942-4feb-8acc-20f232ebf887}\"}}}",
          "manager" : {
            "name" : "wazuh-server"
          },
          "data" : {
            "win" : {
              "eventdata" : {
                "data" : "0x80070005, 存取被拒。,   操作:    正在收集寫入者資料  內容:    寫入者類別識別碼: {e8132975-6f93-4464-a53e-1050253ae220}    寫入者名稱: System Writer    寫入者例項識別碼: {ca6cd6a6-7942-4feb-8acc-20f232ebf887}",
                "binary" : "2D20436F64653A20575254575254494330303030313238372D2043616C6C3A20575254575254494330303030313234312D205049443A202030303030373030302D205449443A202030303030363038302D20434D443A2020433A5C57494E444F57535C73797374656D33325C737663686F73742E657865202D6B204E6574776F726B53657276696365202D70202020202D20557365723A204E616D653A204E5420415554484F524954595C4E4554574F524B20534552564943452C205349443A532D312D352D3230"
              },
              "system" : {
                "eventID" : "8194",
                "keywords" : "0x80000000000000",
                "level" : "2",
                "channel" : "Application",
                "opcode" : "0",
                "message" : "\"磁碟區陰影複製服務錯誤: 查詢 IVssWriterCallback 介面時發生意外的錯誤。hr = 0x80070005, 存取被拒。\r\n。 這通常是因為寫入者或要求者程序中包含不正確的安全性設定所造成。 \n\n操作:\n   正在收集寫入者資料\n\n內容:\n   寫入者類別識別碼: {e8132975-6f93-4464-a53e-1050253ae220}\n   寫入者名稱: System Writer\n   寫入者例項識別碼: {ca6cd6a6-7942-4feb-8acc-20f232ebf887}\"",
                "version" : "0",
                "systemTime" : "2024-05-10T20:24:38.3611146Z",
                "eventRecordID" : "234724",
                "threadID" : "0",
                "computer" : "CHPIYR2",
                "task" : "0",
                "processID" : "7000",
                "severityValue" : "ERROR",
                "providerName" : "VSS"
              }
            }
          },
          "rule" : {
            "firedtimes" : 10,
            "mail" : false,
            "level" : 10,
            "description" : "Multiple Windows error application events.",
            "groups" : [
              "windows",
              "windows_application"
            ],
            "id" : "61061",
            "frequency" : 8
          },
          "decoder" : {
            "name" : "windows_eventchannel"
          },
          "input" : {
            "type" : "log"
          },
          "@timestamp" : "2024-05-10T20:24:41.068Z",
          "location" : "EventChannel",
          "id" : "1715372681.30870919",
          "timestamp" : "2024-05-10T20:24:41.068+0000"
        }
      },
