      {
        "_index" : "wazuh-alerts-4.x-2024.05.17",
        "_id" : "dLKoiI8BSo6fEa2Hk6Jr",
        "_score" : 0.0,
        "_source" : {
          "cluster" : {
            "node" : "node01",
            "name" : "wazuh"
          },
          "agent" : {
            "ip" : "192.168.1.216",
            "name" : "chpiyr2",
            "id" : "014"
          },
          "manager" : {
            "name" : "wazuh-server"
          },
          "data" : {
            "win" : {
              "eventdata" : {
                "data" : "0x80070005, 存取被拒。,   操作:    正在收集寫入者資料  內容:    寫入者類別識別碼: {e8132975-6f93-4464-a53e-1050253ae220}    寫入者名稱: System Writer    寫入者例項識別碼: {7152e2e9-870b-4d91-aa41-70a0579bf007}",
                "binary" : "2D20436F64653A20575254575254494330303030313238372D2043616C6C3A20575254575254494330303030313234312D205049443A202030303030373038382D205449443A202030303034383034342D20434D443A2020433A5C57494E444F57535C73797374656D33325C737663686F73742E657865202D6B204E6574776F726B53657276696365202D70202020202D20557365723A204E616D653A204E5420415554484F524954595C4E4554574F524B20534552564943452C205349443A532D312D352D3230"
              },
              "system" : {
                "eventID" : "8194",
                "keywords" : "0x80000000000000",
                "level" : "2",
                "channel" : "Application",
                "opcode" : "0",
                "message" : "\"磁碟區陰影複製服務錯誤: 查詢 IVssWriterCallback 介面時發生意外的錯誤。hr = 0x80070005, 存取被拒。\r\n。 這通常是因為寫入者或要求者程序中包含不正確的安全性設定所造成。 \n\n操作:\n   正在收集寫入者資料\n\n內容:\n   寫入者類別識別碼: {e8132975-6f93-4464-a53e-1050253ae220}\n   寫入者名稱: System Writer\n   寫入者例項識別碼: {7152e2e9-870b-4d91-aa41-70a0579bf007}\"",
                "version" : "0",
                "systemTime" : "2024-05-17T22:24:52.4106174Z",
                "eventRecordID" : "239970",
                "threadID" : "0",
                "computer" : "CHPIYR2",
                "task" : "0",
                "processID" : "7088",
                "severityValue" : "ERROR",
                "providerName" : "VSS"
              }
            }
          },
          "rule" : {
            "firedtimes" : 42,
            "mail" : false,
            "level" : 9,
            "description" : "Windows application error event.",
            "groups" : [
              "windows",
              "windows_application",
              "system_error"
            ],
            "id" : "60602",
            "gdpr" : [
              "IV_35.7.d"
            ],
            "gpg13" : [
              "4.3"
            ]
          },
          "decoder" : {
            "name" : "windows_eventchannel"
          },
          "input" : {
            "type" : "log"
          },
          "@timestamp" : "2024-05-17T22:24:52.162Z",
          "location" : "EventChannel",
          "id" : "1715984692.24666745",
          "timestamp" : "2024-05-17T22:24:52.162+0000"
        }
      },
      {
        "_index" : "wazuh-alerts-4.x-2024.05.17",
        "_id" : "p7KpiI8BSo6fEa2HmaIm",
        "_score" : 0.0,
        "_source" : {
          "cluster" : {
            "node" : "node01",
            "name" : "wazuh"
          },
          "agent" : {
            "ip" : "192.168.1.216",
            "name" : "chpiyr2",
            "id" : "014"
          },
          "manager" : {
            "name" : "wazuh-server"
          },
          "data" : {
            "win" : {
              "eventdata" : {
                "data" : "0x80070005, 存取被拒。,   操作:    正在收集寫入者資料  內容:    寫入者類別識別碼: {e8132975-6f93-4464-a53e-1050253ae220}    寫入者名稱: System Writer    寫入者例項識別碼: {7152e2e9-870b-4d91-aa41-70a0579bf007}",
                "binary" : "2D20436F64653A20575254575254494330303030313238372D2043616C6C3A20575254575254494330303030313234312D205049443A202030303030373038382D205449443A202030303034383034342D20434D443A2020433A5C57494E444F57535C73797374656D33325C737663686F73742E657865202D6B204E6574776F726B53657276696365202D70202020202D20557365723A204E616D653A204E5420415554484F524954595C4E4554574F524B20534552564943452C205349443A532D312D352D3230"
              },
              "system" : {
                "eventID" : "8194",
                "keywords" : "0x80000000000000",
                "level" : "2",
                "channel" : "Application",
                "opcode" : "0",
                "message" : "\"磁碟區陰影複製服務錯誤: 查詢 IVssWriterCallback 介面時發生意外的錯誤。hr = 0x80070005, 存取被拒。\r\n。 這通常是因為寫入者或要求者程序中包含不正確的安全性設定所造成。 \n\n操作:\n   正在收集寫入者資料\n\n內容:\n   寫入者類別識別碼: {e8132975-6f93-4464-a53e-1050253ae220}\n   寫入者名稱: System Writer\n   寫入者例項識別碼: {7152e2e9-870b-4d91-aa41-70a0579bf007}\"",
                "version" : "0",
                "systemTime" : "2024-05-17T22:26:05.0093383Z",
                "eventRecordID" : "239972",
                "threadID" : "0",
                "computer" : "CHPIYR2",
                "task" : "0",
                "processID" : "7088",
                "severityValue" : "ERROR",
                "providerName" : "VSS"
              }
            }
          },
          "rule" : {
            "firedtimes" : 44,
            "mail" : false,
            "level" : 9,
            "description" : "Windows application error event.",
            "groups" : [
              "windows",
              "windows_application",
              "system_error"
            ],
            "id" : "60602",
            "gdpr" : [
              "IV_35.7.d"
            ],
            "gpg13" : [
              "4.3"
            ]
          },
          "decoder" : {
            "name" : "windows_eventchannel"
          },
          "input" : {
            "type" : "log"
          },
          "@timestamp" : "2024-05-17T22:26:04.760Z",
          "location" : "EventChannel",
          "id" : "1715984764.24680094",
          "timestamp" : "2024-05-17T22:26:04.760+0000"
        }
      },
      {
        "_index" : "wazuh-alerts-4.x-2024.05.17",
        "_id" : "qLKqiI8BSo6fEa2HSKLw",
        "_score" : 0.0,
        "_source" : {
          "cluster" : {
            "node" : "node01",
            "name" : "wazuh"
          },
          "agent" : {
            "ip" : "192.168.1.216",
            "name" : "chpiyr2",
            "id" : "014"
          },
          "manager" : {
            "name" : "wazuh-server"
          },
          "data" : {
            "win" : {
              "eventdata" : {
                "data" : "0x80070005, 存取被拒。,   操作:    正在收集寫入者資料  內容:    寫入者類別識別碼: {e8132975-6f93-4464-a53e-1050253ae220}    寫入者名稱: System Writer    寫入者例項識別碼: {7152e2e9-870b-4d91-aa41-70a0579bf007}",
                "binary" : "2D20436F64653A20575254575254494330303030313238372D2043616C6C3A20575254575254494330303030313234312D205049443A202030303030373038382D205449443A202030303034383034342D20434D443A2020433A5C57494E444F57535C73797374656D33325C737663686F73742E657865202D6B204E6574776F726B53657276696365202D70202020202D20557365723A204E616D653A204E5420415554484F524954595C4E4554574F524B20534552564943452C205349443A532D312D352D3230"
              },
              "system" : {
                "eventID" : "8194",
                "keywords" : "0x80000000000000",
                "level" : "2",
                "channel" : "Application",
                "opcode" : "0",
                "message" : "\"磁碟區陰影複製服務錯誤: 查詢 IVssWriterCallback 介面時發生意外的錯誤。hr = 0x80070005, 存取被拒。\r\n。 這通常是因為寫入者或要求者程序中包含不正確的安全性設定所造成。 \n\n操作:\n   正在收集寫入者資料\n\n內容:\n   寫入者類別識別碼: {e8132975-6f93-4464-a53e-1050253ae220}\n   寫入者名稱: System Writer\n   寫入者例項識別碼: {7152e2e9-870b-4d91-aa41-70a0579bf007}\"",
                "version" : "0",
                "systemTime" : "2024-05-17T22:26:41.2656999Z",
                "eventRecordID" : "239973",
                "threadID" : "0",
                "computer" : "CHPIYR2",
                "task" : "0",
                "processID" : "7088",
                "severityValue" : "ERROR",
                "providerName" : "VSS"
              }
            }
          },
          "rule" : {
            "firedtimes" : 45,
            "mail" : false,
            "level" : 9,
            "description" : "Windows application error event.",
            "groups" : [
              "windows",
              "windows_application",
              "system_error"
            ],
            "id" : "60602",
            "gdpr" : [
              "IV_35.7.d"
            ],
            "gpg13" : [
              "4.3"
            ]
          },
          "decoder" : {
            "name" : "windows_eventchannel"
          },
          "input" : {
            "type" : "log"
          },
          "@timestamp" : "2024-05-17T22:26:41.016Z",
          "location" : "EventChannel",
          "id" : "1715984801.24683332",
          "timestamp" : "2024-05-17T22:26:41.016+0000"
        }
      },
      {
        "_index" : "wazuh-alerts-4.x-2024.05.17",
        "_id" : "8bKsiI8BSo6fEa2Ha6LW",
        "_score" : 0.0,
        "_source" : {
          "cluster" : {
            "node" : "node01",
            "name" : "wazuh"
          },
          "agent" : {
            "ip" : "192.168.1.216",
            "name" : "chpiyr2",
            "id" : "014"
          },
          "manager" : {
            "name" : "wazuh-server"
          },
          "data" : {
            "win" : {
              "eventdata" : {
                "data" : "0x80070005, 存取被拒。,   操作:    正在收集寫入者資料  內容:    寫入者類別識別碼: {e8132975-6f93-4464-a53e-1050253ae220}    寫入者名稱: System Writer    寫入者例項識別碼: {7152e2e9-870b-4d91-aa41-70a0579bf007}",
                "binary" : "2D20436F64653A20575254575254494330303030313238372D2043616C6C3A20575254575254494330303030313234312D205049443A202030303030373038382D205449443A202030303034383034342D20434D443A2020433A5C57494E444F57535C73797374656D33325C737663686F73742E657865202D6B204E6574776F726B53657276696365202D70202020202D20557365723A204E616D653A204E5420415554484F524954595C4E4554574F524B20534552564943452C205349443A532D312D352D3230"
              },
              "system" : {
                "eventID" : "8194",
                "keywords" : "0x80000000000000",
                "level" : "2",
                "channel" : "Application",
                "opcode" : "0",
                "message" : "\"磁碟區陰影複製服務錯誤: 查詢 IVssWriterCallback 介面時發生意外的錯誤。hr = 0x80070005, 存取被拒。\r\n。 這通常是因為寫入者或要求者程序中包含不正確的安全性設定所造成。 \n\n操作:\n   正在收集寫入者資料\n\n內容:\n   寫入者類別識別碼: {e8132975-6f93-4464-a53e-1050253ae220}\n   寫入者名稱: System Writer\n   寫入者例項識別碼: {7152e2e9-870b-4d91-aa41-70a0579bf007}\"",
                "version" : "0",
                "systemTime" : "2024-05-17T22:29:06.2389224Z",
                "eventRecordID" : "239977",
                "threadID" : "0",
                "computer" : "CHPIYR2",
                "task" : "0",
                "processID" : "7088",
                "severityValue" : "ERROR",
                "providerName" : "VSS"
              }
            }
          },
          "rule" : {
            "firedtimes" : 49,
            "mail" : false,
            "level" : 9,
            "description" : "Windows application error event.",
            "groups" : [
              "windows",
              "windows_application",
              "system_error"
            ],
            "id" : "60602",
            "gdpr" : [
              "IV_35.7.d"
            ],
            "gpg13" : [
              "4.3"
            ]
          },
          "decoder" : {
            "name" : "windows_eventchannel"
          },
          "input" : {
            "type" : "log"
          },
          "@timestamp" : "2024-05-17T22:29:05.993Z",
          "location" : "EventChannel",
          "id" : "1715984945.24696284",
          "timestamp" : "2024-05-17T22:29:05.993+0000"
        }
      },
      {
        "_index" : "wazuh-alerts-4.x-2024.05.17",
        "_id" : "JLKuiI8BSo6fEa2HLaMS",
        "_score" : 0.0,
        "_source" : {
          "cluster" : {
            "node" : "node01",
            "name" : "wazuh"
          },
          "agent" : {
            "ip" : "192.168.1.216",
            "name" : "chpiyr2",
            "id" : "014"
          },
          "manager" : {
            "name" : "wazuh-server"
          },
          "data" : {
            "win" : {
              "eventdata" : {
                "data" : "0x80070005, 存取被拒。,   操作:    正在收集寫入者資料  內容:    寫入者類別識別碼: {e8132975-6f93-4464-a53e-1050253ae220}    寫入者名稱: System Writer    寫入者例項識別碼: {7152e2e9-870b-4d91-aa41-70a0579bf007}",
                "binary" : "2D20436F64653A20575254575254494330303030313238372D2043616C6C3A20575254575254494330303030313234312D205049443A202030303030373038382D205449443A202030303034383034342D20434D443A2020433A5C57494E444F57535C73797374656D33325C737663686F73742E657865202D6B204E6574776F726B53657276696365202D70202020202D20557365723A204E616D653A204E5420415554484F524954595C4E4554574F524B20534552564943452C205349443A532D312D352D3230"
              },
              "system" : {
                "eventID" : "8194",
                "keywords" : "0x80000000000000",
                "level" : "2",
                "channel" : "Application",
                "opcode" : "0",
                "message" : "\"磁碟區陰影複製服務錯誤: 查詢 IVssWriterCallback 介面時發生意外的錯誤。hr = 0x80070005, 存取被拒。\r\n。 這通常是因為寫入者或要求者程序中包含不正確的安全性設定所造成。 \n\n操作:\n   正在收集寫入者資料\n\n內容:\n   寫入者類別識別碼: {e8132975-6f93-4464-a53e-1050253ae220}\n   寫入者名稱: System Writer\n   寫入者例項識別碼: {7152e2e9-870b-4d91-aa41-70a0579bf007}\"",
                "version" : "0",
                "systemTime" : "2024-05-17T22:30:56.1876024Z",
                "eventRecordID" : "239980",
                "threadID" : "0",
                "computer" : "CHPIYR2",
                "task" : "0",
                "processID" : "7088",
                "severityValue" : "ERROR",
                "providerName" : "VSS"
              }
            }
          },
          "rule" : {
            "firedtimes" : 52,
            "mail" : false,
            "level" : 9,
            "description" : "Windows application error event.",
            "groups" : [
              "windows",
              "windows_application",
              "system_error"
            ],
            "id" : "60602",
            "gdpr" : [
              "IV_35.7.d"
            ],
            "gpg13" : [
              "4.3"
            ]
          },
          "decoder" : {
            "name" : "windows_eventchannel"
          },
          "input" : {
            "type" : "log"
          },
          "@timestamp" : "2024-05-17T22:30:55.942Z",
          "location" : "EventChannel",
          "id" : "1715985055.24705998",
          "timestamp" : "2024-05-17T22:30:55.942+0000"
        }
      },
      {
        "_index" : "wazuh-alerts-4.x-2024.05.17",
        "_id" : "PrKviI8BSo6fEa2Hx6M_",
        "_score" : 0.0,
        "_source" : {
          "cluster" : {
            "node" : "node01",
            "name" : "wazuh"
          },
          "agent" : {
            "ip" : "192.168.1.216",
            "name" : "chpiyr2",
            "id" : "014"
          },
          "manager" : {
            "name" : "wazuh-server"
          },
          "data" : {
            "win" : {
              "eventdata" : {
                "data" : "0x80070005, 存取被拒。,   操作:    正在收集寫入者資料  內容:    寫入者類別識別碼: {e8132975-6f93-4464-a53e-1050253ae220}    寫入者名稱: System Writer    寫入者例項識別碼: {7152e2e9-870b-4d91-aa41-70a0579bf007}",
                "binary" : "2D20436F64653A20575254575254494330303030313238372D2043616C6C3A20575254575254494330303030313234312D205049443A202030303030373038382D205449443A202030303034383034342D20434D443A2020433A5C57494E444F57535C73797374656D33325C737663686F73742E657865202D6B204E6574776F726B53657276696365202D70202020202D20557365723A204E616D653A204E5420415554484F524954595C4E4554574F524B20534552564943452C205349443A532D312D352D3230"
              },
              "system" : {
                "eventID" : "8194",
                "keywords" : "0x80000000000000",
                "level" : "2",
                "channel" : "Application",
                "opcode" : "0",
                "message" : "\"磁碟區陰影複製服務錯誤: 查詢 IVssWriterCallback 介面時發生意外的錯誤。hr = 0x80070005, 存取被拒。\r\n。 這通常是因為寫入者或要求者程序中包含不正確的安全性設定所造成。 \n\n操作:\n   正在收集寫入者資料\n\n內容:\n   寫入者類別識別碼: {e8132975-6f93-4464-a53e-1050253ae220}\n   寫入者名稱: System Writer\n   寫入者例項識別碼: {7152e2e9-870b-4d91-aa41-70a0579bf007}\"",
                "version" : "0",
                "systemTime" : "2024-05-17T22:32:45.7976171Z",
                "eventRecordID" : "239983",
                "threadID" : "0",
                "computer" : "CHPIYR2",
                "task" : "0",
                "processID" : "7088",
                "severityValue" : "ERROR",
                "providerName" : "VSS"
              }
            }
          },
          "rule" : {
            "firedtimes" : 55,
            "mail" : false,
            "level" : 9,
            "description" : "Windows application error event.",
            "groups" : [
              "windows",
              "windows_application",
              "system_error"
            ],
            "id" : "60602",
            "gdpr" : [
              "IV_35.7.d"
            ],
            "gpg13" : [
              "4.3"
            ]
          },
          "decoder" : {
            "name" : "windows_eventchannel"
          },
          "input" : {
            "type" : "log"
          },
          "@timestamp" : "2024-05-17T22:32:45.546Z",
          "location" : "EventChannel",
          "id" : "1715985165.24715712",
          "timestamp" : "2024-05-17T22:32:45.546+0000"
        }
      },
      {
        "_index" : "wazuh-alerts-4.x-2024.05.17",
        "_id" : "VrKwiI8BSo6fEa2HT6P4",
        "_score" : 0.0,
        "_source" : {
          "cluster" : {
            "node" : "node01",
            "name" : "wazuh"
          },
          "agent" : {
            "ip" : "192.168.1.216",
            "name" : "chpiyr2",
            "id" : "014"
          },
          "manager" : {
            "name" : "wazuh-server"
          },
          "data" : {
            "win" : {
              "eventdata" : {
                "data" : "0x80070005, 存取被拒。,   操作:    正在收集寫入者資料  內容:    寫入者類別識別碼: {e8132975-6f93-4464-a53e-1050253ae220}    寫入者名稱: System Writer    寫入者例項識別碼: {7152e2e9-870b-4d91-aa41-70a0579bf007}",
                "binary" : "2D20436F64653A20575254575254494330303030313238372D2043616C6C3A20575254575254494330303030313234312D205049443A202030303030373038382D205449443A202030303034383034342D20434D443A2020433A5C57494E444F57535C73797374656D33325C737663686F73742E657865202D6B204E6574776F726B53657276696365202D70202020202D20557365723A204E616D653A204E5420415554484F524954595C4E4554574F524B20534552564943452C205349443A532D312D352D3230"
              },
              "system" : {
                "eventID" : "8194",
                "keywords" : "0x80000000000000",
                "level" : "2",
                "channel" : "Application",
                "opcode" : "0",
                "message" : "\"磁碟區陰影複製服務錯誤: 查詢 IVssWriterCallback 介面時發生意外的錯誤。hr = 0x80070005, 存取被拒。\r\n。 這通常是因為寫入者或要求者程序中包含不正確的安全性設定所造成。 \n\n操作:\n   正在收集寫入者資料\n\n內容:\n   寫入者類別識別碼: {e8132975-6f93-4464-a53e-1050253ae220}\n   寫入者名稱: System Writer\n   寫入者例項識別碼: {7152e2e9-870b-4d91-aa41-70a0579bf007}\"",
                "version" : "0",
                "systemTime" : "2024-05-17T22:33:22.3582891Z",
                "eventRecordID" : "239984",
                "threadID" : "0",
                "computer" : "CHPIYR2",
                "task" : "0",
                "processID" : "7088",
                "severityValue" : "ERROR",
                "providerName" : "VSS"
              }
            }
          },
          "rule" : {
            "firedtimes" : 56,
            "mail" : false,
            "level" : 9,
            "description" : "Windows application error event.",
            "groups" : [
              "windows",
              "windows_application",
              "system_error"
            ],
            "id" : "60602",
            "gdpr" : [
              "IV_35.7.d"
            ],
            "gpg13" : [
              "4.3"
            ]
          },
          "decoder" : {
            "name" : "windows_eventchannel"
          },
          "input" : {
            "type" : "log"
          },
          "@timestamp" : "2024-05-17T22:33:22.111Z",
          "location" : "EventChannel",
          "id" : "1715985202.24718950",
          "timestamp" : "2024-05-17T22:33:22.111+0000"
        }
      },
      {
        "_index" : "wazuh-alerts-4.x-2024.05.17",
        "_id" : "b7KxiI8BSo6fEa2HiKN7",
        "_score" : 0.0,
        "_source" : {
          "cluster" : {
            "node" : "node01",
            "name" : "wazuh"
          },
          "agent" : {
            "ip" : "192.168.1.216",
            "name" : "chpiyr2",
            "id" : "014"
          },
          "manager" : {
            "name" : "wazuh-server"
          },
          "data" : {
            "win" : {
              "eventdata" : {
                "data" : "0x80070005, 存取被拒。,   操作:    正在收集寫入者資料  內容:    寫入者類別識別碼: {e8132975-6f93-4464-a53e-1050253ae220}    寫入者名稱: System Writer    寫入者例項識別碼: {7152e2e9-870b-4d91-aa41-70a0579bf007}",
                "binary" : "2D20436F64653A20575254575254494330303030313238372D2043616C6C3A20575254575254494330303030313234312D205049443A202030303030373038382D205449443A202030303032373730342D20434D443A2020433A5C57494E444F57535C73797374656D33325C737663686F73742E657865202D6B204E6574776F726B53657276696365202D70202020202D20557365723A204E616D653A204E5420415554484F524954595C4E4554574F524B20534552564943452C205349443A532D312D352D3230"
              },
              "system" : {
                "eventID" : "8194",
                "keywords" : "0x80000000000000",
                "level" : "2",
                "channel" : "Application",
                "opcode" : "0",
                "message" : "\"磁碟區陰影複製服務錯誤: 查詢 IVssWriterCallback 介面時發生意外的錯誤。hr = 0x80070005, 存取被拒。\r\n。 這通常是因為寫入者或要求者程序中包含不正確的安全性設定所造成。 \n\n操作:\n   正在收集寫入者資料\n\n內容:\n   寫入者類別識別碼: {e8132975-6f93-4464-a53e-1050253ae220}\n   寫入者名稱: System Writer\n   寫入者例項識別碼: {7152e2e9-870b-4d91-aa41-70a0579bf007}\"",
                "version" : "0",
                "systemTime" : "2024-05-17T22:34:36.3233679Z",
                "eventRecordID" : "239986",
                "threadID" : "0",
                "computer" : "CHPIYR2",
                "task" : "0",
                "processID" : "7088",
                "severityValue" : "ERROR",
                "providerName" : "VSS"
              }
            }
          },
          "rule" : {
            "firedtimes" : 58,
            "mail" : false,
            "level" : 9,
            "description" : "Windows application error event.",
            "groups" : [
              "windows",
              "windows_application",
              "system_error"
            ],
            "id" : "60602",
            "gdpr" : [
              "IV_35.7.d"
            ],
            "gpg13" : [
              "4.3"
            ]
          },
          "decoder" : {
            "name" : "windows_eventchannel"
          },
          "input" : {
            "type" : "log"
          },
          "@timestamp" : "2024-05-17T22:34:36.081Z",
          "location" : "EventChannel",
          "id" : "1715985276.24725426",
          "timestamp" : "2024-05-17T22:34:36.081+0000"
        }
      },
      {
        "_index" : "wazuh-alerts-4.x-2024.05.17",
        "_id" : "qLK1iI8BSo6fEa2H8aRz",
        "_score" : 0.0,
        "_source" : {
          "cluster" : {
            "node" : "node01",
            "name" : "wazuh"
          },
          "agent" : {
            "ip" : "192.168.1.216",
            "name" : "chpiyr2",
            "id" : "014"
          },
          "manager" : {
            "name" : "wazuh-server"
          },
          "data" : {
            "win" : {
              "eventdata" : {
                "data" : "0x80070005, 存取被拒。,   操作:    正在收集寫入者資料  內容:    寫入者類別識別碼: {e8132975-6f93-4464-a53e-1050253ae220}    寫入者名稱: System Writer    寫入者例項識別碼: {7152e2e9-870b-4d91-aa41-70a0579bf007}",
                "binary" : "2D20436F64653A20575254575254494330303030313238372D2043616C6C3A20575254575254494330303030313234312D205049443A202030303030373038382D205449443A202030303034383332342D20434D443A2020433A5C57494E444F57535C73797374656D33325C737663686F73742E657865202D6B204E6574776F726B53657276696365202D70202020202D20557365723A204E616D653A204E5420415554484F524954595C4E4554574F524B20534552564943452C205349443A532D312D352D3230"
              },
              "system" : {
                "eventID" : "8194",
                "keywords" : "0x80000000000000",
                "level" : "2",
                "channel" : "Application",
                "opcode" : "0",
                "message" : "\"磁碟區陰影複製服務錯誤: 查詢 IVssWriterCallback 介面時發生意外的錯誤。hr = 0x80070005, 存取被拒。\r\n。 這通常是因為寫入者或要求者程序中包含不正確的安全性設定所造成。 \n\n操作:\n   正在收集寫入者資料\n\n內容:\n   寫入者類別識別碼: {e8132975-6f93-4464-a53e-1050253ae220}\n   寫入者名稱: System Writer\n   寫入者例項識別碼: {7152e2e9-870b-4d91-aa41-70a0579bf007}\"",
                "version" : "0",
                "systemTime" : "2024-05-17T22:39:31.6512571Z",
                "eventRecordID" : "239996",
                "threadID" : "0",
                "computer" : "CHPIYR2",
                "task" : "0",
                "processID" : "7088",
                "severityValue" : "ERROR",
                "providerName" : "VSS"
              }
            }
          },
          "rule" : {
            "firedtimes" : 66,
            "mail" : false,
            "level" : 9,
            "description" : "Windows application error event.",
            "groups" : [
              "windows",
              "windows_application",
              "system_error"
            ],
            "id" : "60602",
            "gdpr" : [
              "IV_35.7.d"
            ],
            "gpg13" : [
              "4.3"
            ]
          },
          "decoder" : {
            "name" : "windows_eventchannel"
          },
          "input" : {
            "type" : "log"
          },
          "@timestamp" : "2024-05-17T22:39:31.396Z",
          "location" : "EventChannel",
          "id" : "1715985571.24902244",
          "timestamp" : "2024-05-17T22:39:31.396+0000"
        }
      },
      {
        "_index" : "wazuh-alerts-4.x-2024.05.17",
        "_id" : "JLK5iI8BSo6fEa2H_KWl",
        "_score" : 0.0,
        "_source" : {
          "cluster" : {
            "node" : "node01",
            "name" : "wazuh"
          },
          "agent" : {
            "ip" : "192.168.1.216",
            "name" : "chpiyr2",
            "id" : "014"
          },
          "manager" : {
            "name" : "wazuh-server"
          },
          "data" : {
            "win" : {
              "eventdata" : {
                "data" : "0x80070005, 存取被拒。,   操作:    正在收集寫入者資料  內容:    寫入者類別識別碼: {e8132975-6f93-4464-a53e-1050253ae220}    寫入者名稱: System Writer    寫入者例項識別碼: {7152e2e9-870b-4d91-aa41-70a0579bf007}",
                "binary" : "2D20436F64653A20575254575254494330303030313238372D2043616C6C3A20575254575254494330303030313234312D205049443A202030303030373038382D205449443A202030303032373730342D20434D443A2020433A5C57494E444F57535C73797374656D33325C737663686F73742E657865202D6B204E6574776F726B53657276696365202D70202020202D20557365723A204E616D653A204E5420415554484F524954595C4E4554574F524B20534552564943452C205349443A532D312D352D3230"
              },
              "system" : {
                "eventID" : "8194",
                "keywords" : "0x80000000000000",
                "level" : "2",
                "channel" : "Application",
                "opcode" : "0",
                "message" : "\"磁碟區陰影複製服務錯誤: 查詢 IVssWriterCallback 介面時發生意外的錯誤。hr = 0x80070005, 存取被拒。\r\n。 這通常是因為寫入者或要求者程序中包含不正確的安全性設定所造成。 \n\n操作:\n   正在收集寫入者資料\n\n內容:\n   寫入者類別識別碼: {e8132975-6f93-4464-a53e-1050253ae220}\n   寫入者名稱: System Writer\n   寫入者例項識別碼: {7152e2e9-870b-4d91-aa41-70a0579bf007}\"",
                "version" : "0",
                "systemTime" : "2024-05-17T22:43:52.2946279Z",
                "eventRecordID" : "240003",
                "threadID" : "0",
                "computer" : "CHPIYR2",
                "task" : "0",
                "processID" : "7088",
                "severityValue" : "ERROR",
                "providerName" : "VSS"
              }
            }
          },
          "rule" : {
            "firedtimes" : 73,
            "mail" : false,
            "level" : 9,
            "description" : "Windows application error event.",
            "groups" : [
              "windows",
              "windows_application",
              "system_error"
            ],
            "id" : "60602",
            "gdpr" : [
              "IV_35.7.d"
            ],
            "gpg13" : [
              "4.3"
            ]
          },
          "decoder" : {
            "name" : "windows_eventchannel"
          },
          "input" : {
            "type" : "log"
          },
          "@timestamp" : "2024-05-17T22:43:52.043Z",
          "location" : "EventChannel",
          "id" : "1715985832.24924910",
          "timestamp" : "2024-05-17T22:43:52.043+0000"
        }
      },
      {
        "_index" : "wazuh-alerts-4.x-2024.05.17",
        "_id" : "87K4iI8BSo6fEa2HO6Rp",
        "_score" : 0.0,
        "_source" : {
          "cluster" : {
            "node" : "node01",
            "name" : "wazuh"
          },
          "agent" : {
            "ip" : "192.168.1.216",
            "name" : "chpiyr2",
            "id" : "014"
          },
          "manager" : {
            "name" : "wazuh-server"
          },
          "data" : {
            "win" : {
              "eventdata" : {
                "data" : "0x80070005, 存取被拒。,   操作:    正在收集寫入者資料  內容:    寫入者類別識別碼: {e8132975-6f93-4464-a53e-1050253ae220}    寫入者名稱: System Writer    寫入者例項識別碼: {7152e2e9-870b-4d91-aa41-70a0579bf007}",
                "binary" : "2D20436F64653A20575254575254494330303030313238372D2043616C6C3A20575254575254494330303030313234312D205049443A202030303030373038382D205449443A202030303034373732302D20434D443A2020433A5C57494E444F57535C73797374656D33325C737663686F73742E657865202D6B204E6574776F726B53657276696365202D70202020202D20557365723A204E616D653A204E5420415554484F524954595C4E4554574F524B20534552564943452C205349443A532D312D352D3230"
              },
              "system" : {
                "eventID" : "8194",
                "keywords" : "0x80000000000000",
                "level" : "2",
                "channel" : "Application",
                "opcode" : "0",
                "message" : "\"磁碟區陰影複製服務錯誤: 查詢 IVssWriterCallback 介面時發生意外的錯誤。hr = 0x80070005, 存取被拒。\r\n。 這通常是因為寫入者或要求者程序中包含不正確的安全性設定所造成。 \n\n操作:\n   正在收集寫入者資料\n\n內容:\n   寫入者類別識別碼: {e8132975-6f93-4464-a53e-1050253ae220}\n   寫入者名稱: System Writer\n   寫入者例項識別碼: {7152e2e9-870b-4d91-aa41-70a0579bf007}\"",
                "version" : "0",
                "systemTime" : "2024-05-17T22:42:00.2347094Z",
                "eventRecordID" : "240000",
                "threadID" : "0",
                "computer" : "CHPIYR2",
                "task" : "0",
                "processID" : "7088",
                "severityValue" : "ERROR",
                "providerName" : "VSS"
              }
            }
          },
          "rule" : {
            "firedtimes" : 70,
            "mail" : false,
            "level" : 9,
            "description" : "Windows application error event.",
            "groups" : [
              "windows",
              "windows_application",
              "system_error"
            ],
            "id" : "60602",
            "gdpr" : [
              "IV_35.7.d"
            ],
            "gpg13" : [
              "4.3"
            ]
          },
          "decoder" : {
            "name" : "windows_eventchannel"
          },
          "input" : {
            "type" : "log"
          },
          "@timestamp" : "2024-05-17T22:41:59.983Z",
          "location" : "EventChannel",
          "id" : "1715985719.24915196",
          "timestamp" : "2024-05-17T22:41:59.983+0000"
        }
      },
      {
        "_index" : "wazuh-alerts-4.x-2024.05.17",
        "_id" : "-bKyiI8BSo6fEa2H0KOh",
        "_score" : 0.0,
        "_source" : {
          "cluster" : {
            "node" : "node01",
            "name" : "wazuh"
          },
          "agent" : {
            "ip" : "192.168.1.216",
            "name" : "chpiyr2",
            "id" : "014"
          },
          "manager" : {
            "name" : "wazuh-server"
          },
          "data" : {
            "win" : {
              "eventdata" : {
                "data" : "2124-04-23T22:36:06Z, RulesEngine"
              },
              "system" : {
                "eventID" : "16384",
                "eventSourceName" : "Software Protection Platform Service",
                "keywords" : "0x80000000000000",
                "providerGuid" : "{E23B33B0-C8C9-472C-A5F9-F2BDFEA0F156}",
                "level" : "4",
                "channel" : "Application",
                "opcode" : "0",
                "message" : "\"順利排程軟體保護服務在 2124-04-23T22:36:06Z 重新啟動。原因: RulesEngine。\"",
                "version" : "0",
                "systemTime" : "2024-05-17T22:36:06.5819739Z",
                "eventRecordID" : "239990",
                "threadID" : "0",
                "computer" : "CHPIYR2",
                "task" : "0",
                "processID" : "47308",
                "severityValue" : "INFORMATION",
                "providerName" : "Microsoft-Windows-Security-SPP"
              }
            }
          },
          "rule" : {
            "firedtimes" : 3,
            "mail" : false,
            "level" : 3,
            "description" : "Software protection service scheduled successfully.",
            "groups" : [
              "windows",
              "windows_application"
            ],
            "id" : "60642"
          },
          "decoder" : {
            "name" : "windows_eventchannel"
          },
          "input" : {
            "type" : "log"
          },
          "@timestamp" : "2024-05-17T22:36:06.293Z",
          "location" : "EventChannel",
          "id" : "1715985366.24804914",
          "timestamp" : "2024-05-17T22:36:06.293+0000"
        }
      },
      {
        "_index" : "wazuh-alerts-4.x-2024.05.17",
        "_id" : "W7K8iI8BSo6fEa2HTqVt",
        "_score" : 0.0,
        "_source" : {
          "cluster" : {
            "node" : "node01",
            "name" : "wazuh"
          },
          "agent" : {
            "ip" : "192.168.1.216",
            "name" : "chpiyr2",
            "id" : "014"
          },
          "manager" : {
            "name" : "wazuh-server"
          },
          "data" : {
            "win" : {
              "eventdata" : {
                "subjectLogonId" : "0x3e7",
                "subjectDomainName" : "WORKGROUP",
                "targetLinkedLogonId" : "0x0",
                "impersonationLevel" : "%%1833",
                "authenticationPackageName" : "Negotiate",
                "targetLogonId" : "0x3e7",
                "logonProcessName" : "Advapi",
                "logonGuid" : "{00000000-0000-0000-0000-000000000000}",
                "targetUserName" : "SYSTEM",
                "keyLength" : "0",
                "elevatedToken" : "%%1842",
                "subjectUserSid" : "S-1-5-18",
                "processId" : "0x6fc",
                "processName" : "C:\\\\Windows\\\\System32\\\\services.exe",
                "targetDomainName" : "NT AUTHORITY",
                "targetUserSid" : "S-1-5-18",
                "virtualAccount" : "%%1843",
                "logonType" : "5",
                "subjectUserName" : "CHPIYR2$"
              },
              "system" : {
                "eventID" : "4624",
                "keywords" : "0x8020000000000000",
                "providerGuid" : "{54849625-5478-4994-a5ba-3e3b0328c30d}",
                "level" : "0",
                "channel" : "Security",
                "opcode" : "0",
                "message" : "\"帳戶已順利登入。\r\n\r\n主體:\r\n\t安全性識別碼:\t\tS-1-5-18\r\n\tA帳戶名稱:\t\tCHPIYR2$\r\n\t帳戶網域:\t\tWORKGROUP\r\n\t登入識別碼:\t\t0x3E7\r\n\r\n登入資訊:\r\n\t登入類型:\t\t5\r\n\t受限制的系統管理模式:\t-\r\n\tRemote Credential Guard:\t-\r\n\t虛擬帳戶:\t\t否\r\n\t提高權限的權杖:\t\t是\r\n\r\n模擬層級:\t\t模擬\r\n\r\n新登入:\r\n\t安全性識別碼:\t\tS-1-5-18\r\n\t帳戶名稱:\t\tSYSTEM\r\n\t帳戶網域:\t\tNT AUTHORITY\r\n\t登入識別碼:\t\t0x3E7\r\n\t連結的登入識別碼:\t\t0x0\r\n\t網路帳戶名稱:\t-\r\n\t網路帳戶網域:\t-\r\n\t登入 GUID:\t\t{00000000-0000-0000-0000-000000000000}\r\n\r\n處理程序資訊:\r\n\t處理程序識別碼:\t\t0x6fc\r\n\t處理程序名稱:\t\tC:\\Windows\\System32\\services.exe\r\n\r\n網路資訊:\r\n\t工作站名稱:\t-\r\n\t來源網路位址:\t-\r\n\t來源連接埠:\t\t-\r\n\r\n詳細的驗證資訊:\r\n\t登入處理程序:\t\tAdvapi  \r\n\t驗證封裝:\tNegotiate\r\n\t轉送的服務:\t-\r\n\t封裝名稱 (僅 NTLM):\t-\r\n\t金鑰長度:\t\t0\r\n\r\n建立登入工作階段時會產生此事件。它是在所存取的電腦上產生。\r\n\r\n主體欄位指出要求登入之本機系統上的帳戶。這通常是發生在服務 (例如伺服器服務) 或是本機處理程序 (例如 Winlogon.exe 或 Services.exe)。\r\n\r\n登入類型欄位指出發生的登入類型。最常見的類型是 2 (互動式) 與 3 (網路)。\r\n\r\n新登入欄位指出是哪個帳戶建立新登入，例如登入的帳戶。\r\n\r\n網路欄位指出遠端登入要求的來源。工作站名稱並非一律可用，在某些情況下可能會是空白。\r\n\r\n模擬層級欄位指出登入工作階段中的處理程序可以模擬的範圍。\r\n\r\n驗證資訊欄位提供關於此特定登入要求的詳細資訊。\r\n\t- 登入 GUID 是唯一識別碼，可用於關聯這個事件與 KDC 事件。\r\n\t- 轉送的服務指出哪一個中介服務已經加入這個登入要求。\r\n\t- 封裝名稱指出在 NTLM 通訊協定中使用哪一個子協定。\r\n\t- 金鑰長度指出產生的工作階段金鑰長度。如果沒有要求工作階段金鑰則為 0。\"",
                "version" : "3",
                "systemTime" : "2024-05-17T22:46:30.4797001Z",
                "eventRecordID" : "3369018",
                "threadID" : "28800",
                "computer" : "CHPIYR2",
                "task" : "12544",
                "processID" : "1824",
                "severityValue" : "AUDIT_SUCCESS",
                "providerName" : "Microsoft-Windows-Security-Auditing"
              }
            }
          },
          "rule" : {
            "mail" : false,
            "level" : 3,
            "hipaa" : [
              "164.312.b"
            ],
            "pci_dss" : [
              "10.2.5"
            ],
            "tsc" : [
              "CC6.8",
              "CC7.2",
              "CC7.3"
            ],
            "description" : "Windows logon success.",
            "groups" : [
              "windows",
              "windows_security",
              "authentication_success"
            ],
            "nist_800_53" : [
              "AC.7",
              "AU.14"
            ],
            "gdpr" : [
              "IV_32.2"
            ],
            "firedtimes" : 9,
            "mitre" : {
              "technique" : [
                "Valid Accounts"
              ],
              "id" : [
                "T1078"
              ],
              "tactic" : [
                "Defense Evasion",
                "Persistence",
                "Privilege Escalation",
                "Initial Access"
              ]
            },
            "id" : "60106",
            "gpg13" : [
              "7.1",
              "7.2"
            ]
          },
          "decoder" : {
            "name" : "windows_eventchannel"
          },
          "input" : {
            "type" : "log"
          },
          "@timestamp" : "2024-05-17T22:46:31.221Z",
          "location" : "EventChannel",
          "id" : "1715985991.24954846",
          "timestamp" : "2024-05-17T22:46:31.221+0000"
        }
      },
      {
        "_index" : "wazuh-alerts-4.x-2024.05.17",
        "_id" : "XLK8iI8BSo6fEa2HTqVt",
        "_score" : 0.0,
        "_source" : {
          "cluster" : {
            "node" : "node01",
            "name" : "wazuh"
          },
          "agent" : {
            "ip" : "192.168.1.216",
            "name" : "chpiyr2",
            "id" : "014"
          },
          "manager" : {
            "name" : "wazuh-server"
          },
          "data" : {
            "win" : {
              "eventdata" : {
                "subjectLogonId" : "0x3e7",
                "subjectDomainName" : "WORKGROUP",
                "targetLinkedLogonId" : "0x0",
                "impersonationLevel" : "%%1833",
                "authenticationPackageName" : "Negotiate",
                "targetLogonId" : "0x3e7",
                "logonProcessName" : "Advapi",
                "logonGuid" : "{00000000-0000-0000-0000-000000000000}",
                "targetUserName" : "SYSTEM",
                "keyLength" : "0",
                "elevatedToken" : "%%1842",
                "subjectUserSid" : "S-1-5-18",
                "processId" : "0x6fc",
                "processName" : "C:\\\\Windows\\\\System32\\\\services.exe",
                "targetDomainName" : "NT AUTHORITY",
                "targetUserSid" : "S-1-5-18",
                "virtualAccount" : "%%1843",
                "logonType" : "5",
                "subjectUserName" : "CHPIYR2$"
              },
              "system" : {
                "eventID" : "4624",
                "keywords" : "0x8020000000000000",
                "providerGuid" : "{54849625-5478-4994-a5ba-3e3b0328c30d}",
                "level" : "0",
                "channel" : "Security",
                "opcode" : "0",
                "message" : "\"帳戶已順利登入。\r\n\r\n主體:\r\n\t安全性識別碼:\t\tS-1-5-18\r\n\tA帳戶名稱:\t\tCHPIYR2$\r\n\t帳戶網域:\t\tWORKGROUP\r\n\t登入識別碼:\t\t0x3E7\r\n\r\n登入資訊:\r\n\t登入類型:\t\t5\r\n\t受限制的系統管理模式:\t-\r\n\tRemote Credential Guard:\t-\r\n\t虛擬帳戶:\t\t否\r\n\t提高權限的權杖:\t\t是\r\n\r\n模擬層級:\t\t模擬\r\n\r\n新登入:\r\n\t安全性識別碼:\t\tS-1-5-18\r\n\t帳戶名稱:\t\tSYSTEM\r\n\t帳戶網域:\t\tNT AUTHORITY\r\n\t登入識別碼:\t\t0x3E7\r\n\t連結的登入識別碼:\t\t0x0\r\n\t網路帳戶名稱:\t-\r\n\t網路帳戶網域:\t-\r\n\t登入 GUID:\t\t{00000000-0000-0000-0000-000000000000}\r\n\r\n處理程序資訊:\r\n\t處理程序識別碼:\t\t0x6fc\r\n\t處理程序名稱:\t\tC:\\Windows\\System32\\services.exe\r\n\r\n網路資訊:\r\n\t工作站名稱:\t-\r\n\t來源網路位址:\t-\r\n\t來源連接埠:\t\t-\r\n\r\n詳細的驗證資訊:\r\n\t登入處理程序:\t\tAdvapi  \r\n\t驗證封裝:\tNegotiate\r\n\t轉送的服務:\t-\r\n\t封裝名稱 (僅 NTLM):\t-\r\n\t金鑰長度:\t\t0\r\n\r\n建立登入工作階段時會產生此事件。它是在所存取的電腦上產生。\r\n\r\n主體欄位指出要求登入之本機系統上的帳戶。這通常是發生在服務 (例如伺服器服務) 或是本機處理程序 (例如 Winlogon.exe 或 Services.exe)。\r\n\r\n登入類型欄位指出發生的登入類型。最常見的類型是 2 (互動式) 與 3 (網路)。\r\n\r\n新登入欄位指出是哪個帳戶建立新登入，例如登入的帳戶。\r\n\r\n網路欄位指出遠端登入要求的來源。工作站名稱並非一律可用，在某些情況下可能會是空白。\r\n\r\n模擬層級欄位指出登入工作階段中的處理程序可以模擬的範圍。\r\n\r\n驗證資訊欄位提供關於此特定登入要求的詳細資訊。\r\n\t- 登入 GUID 是唯一識別碼，可用於關聯這個事件與 KDC 事件。\r\n\t- 轉送的服務指出哪一個中介服務已經加入這個登入要求。\r\n\t- 封裝名稱指出在 NTLM 通訊協定中使用哪一個子協定。\r\n\t- 金鑰長度指出產生的工作階段金鑰長度。如果沒有要求工作階段金鑰則為 0。\"",
                "version" : "3",
                "systemTime" : "2024-05-17T22:46:31.2604579Z",
                "eventRecordID" : "3369063",
                "threadID" : "33756",
                "computer" : "CHPIYR2",
                "task" : "12544",
                "processID" : "1824",
                "severityValue" : "AUDIT_SUCCESS",
                "providerName" : "Microsoft-Windows-Security-Auditing"
              }
            }
          },
          "rule" : {
            "mail" : false,
            "level" : 3,
            "hipaa" : [
              "164.312.b"
            ],
            "pci_dss" : [
              "10.2.5"
            ],
            "tsc" : [
              "CC6.8",
              "CC7.2",
              "CC7.3"
            ],
            "description" : "Windows logon success.",
            "groups" : [
              "windows",
              "windows_security",
              "authentication_success"
            ],
            "nist_800_53" : [
              "AC.7",
              "AU.14"
            ],
            "gdpr" : [
              "IV_32.2"
            ],
            "firedtimes" : 10,
            "mitre" : {
              "technique" : [
                "Valid Accounts"
              ],
              "id" : [
                "T1078"
              ],
              "tactic" : [
                "Defense Evasion",
                "Persistence",
                "Privilege Escalation",
                "Initial Access"
              ]
            },
            "id" : "60106",
            "gpg13" : [
              "7.1",
              "7.2"
            ]
          },
          "decoder" : {
            "name" : "windows_eventchannel"
          },
          "input" : {
            "type" : "log"
          },
          "@timestamp" : "2024-05-17T22:46:31.605Z",
          "location" : "EventChannel",
          "id" : "1715985991.24961719",
          "timestamp" : "2024-05-17T22:46:31.605+0000"
        }
      },
      {
        "_index" : "wazuh-alerts-4.x-2024.05.17",
        "_id" : "OrLNiI8BSo6fEa2Hbads",
        "_score" : 0.0,
        "_source" : {
          "cluster" : {
            "node" : "node01",
            "name" : "wazuh"
          },
          "agent" : {
            "ip" : "192.168.1.216",
            "name" : "chpiyr2",
            "id" : "014"
          },
          "manager" : {
            "name" : "wazuh-server"
          },
          "data" : {
            "win" : {
              "eventdata" : {
                "subjectLogonId" : "0x3e7",
                "subjectDomainName" : "WORKGROUP",
                "targetLinkedLogonId" : "0x0",
                "impersonationLevel" : "%%1833",
                "authenticationPackageName" : "Negotiate",
                "targetLogonId" : "0x3e7",
                "logonProcessName" : "Advapi",
                "logonGuid" : "{00000000-0000-0000-0000-000000000000}",
                "targetUserName" : "SYSTEM",
                "keyLength" : "0",
                "elevatedToken" : "%%1842",
                "subjectUserSid" : "S-1-5-18",
                "processId" : "0x6fc",
                "processName" : "C:\\\\Windows\\\\System32\\\\services.exe",
                "targetDomainName" : "NT AUTHORITY",
                "targetUserSid" : "S-1-5-18",
                "virtualAccount" : "%%1843",
                "logonType" : "5",
                "subjectUserName" : "CHPIYR2$"
              },
              "system" : {
                "eventID" : "4624",
                "keywords" : "0x8020000000000000",
                "providerGuid" : "{54849625-5478-4994-a5ba-3e3b0328c30d}",
                "level" : "0",
                "channel" : "Security",
                "opcode" : "0",
                "message" : "\"帳戶已順利登入。\r\n\r\n主體:\r\n\t安全性識別碼:\t\tS-1-5-18\r\n\tA帳戶名稱:\t\tCHPIYR2$\r\n\t帳戶網域:\t\tWORKGROUP\r\n\t登入識別碼:\t\t0x3E7\r\n\r\n登入資訊:\r\n\t登入類型:\t\t5\r\n\t受限制的系統管理模式:\t-\r\n\tRemote Credential Guard:\t-\r\n\t虛擬帳戶:\t\t否\r\n\t提高權限的權杖:\t\t是\r\n\r\n模擬層級:\t\t模擬\r\n\r\n新登入:\r\n\t安全性識別碼:\t\tS-1-5-18\r\n\t帳戶名稱:\t\tSYSTEM\r\n\t帳戶網域:\t\tNT AUTHORITY\r\n\t登入識別碼:\t\t0x3E7\r\n\t連結的登入識別碼:\t\t0x0\r\n\t網路帳戶名稱:\t-\r\n\t網路帳戶網域:\t-\r\n\t登入 GUID:\t\t{00000000-0000-0000-0000-000000000000}\r\n\r\n處理程序資訊:\r\n\t處理程序識別碼:\t\t0x6fc\r\n\t處理程序名稱:\t\tC:\\Windows\\System32\\services.exe\r\n\r\n網路資訊:\r\n\t工作站名稱:\t-\r\n\t來源網路位址:\t-\r\n\t來源連接埠:\t\t-\r\n\r\n詳細的驗證資訊:\r\n\t登入處理程序:\t\tAdvapi  \r\n\t驗證封裝:\tNegotiate\r\n\t轉送的服務:\t-\r\n\t封裝名稱 (僅 NTLM):\t-\r\n\t金鑰長度:\t\t0\r\n\r\n建立登入工作階段時會產生此事件。它是在所存取的電腦上產生。\r\n\r\n主體欄位指出要求登入之本機系統上的帳戶。這通常是發生在服務 (例如伺服器服務) 或是本機處理程序 (例如 Winlogon.exe 或 Services.exe)。\r\n\r\n登入類型欄位指出發生的登入類型。最常見的類型是 2 (互動式) 與 3 (網路)。\r\n\r\n新登入欄位指出是哪個帳戶建立新登入，例如登入的帳戶。\r\n\r\n網路欄位指出遠端登入要求的來源。工作站名稱並非一律可用，在某些情況下可能會是空白。\r\n\r\n模擬層級欄位指出登入工作階段中的處理程序可以模擬的範圍。\r\n\r\n驗證資訊欄位提供關於此特定登入要求的詳細資訊。\r\n\t- 登入 GUID 是唯一識別碼，可用於關聯這個事件與 KDC 事件。\r\n\t- 轉送的服務指出哪一個中介服務已經加入這個登入要求。\r\n\t- 封裝名稱指出在 NTLM 通訊協定中使用哪一個子協定。\r\n\t- 金鑰長度指出產生的工作階段金鑰長度。如果沒有要求工作階段金鑰則為 0。\"",
                "version" : "3",
                "systemTime" : "2024-05-17T23:05:09.4069237Z",
                "eventRecordID" : "3372782",
                "threadID" : "26052",
                "computer" : "CHPIYR2",
                "task" : "12544",
                "processID" : "1824",
                "severityValue" : "AUDIT_SUCCESS",
                "providerName" : "Microsoft-Windows-Security-Auditing"
              }
            }
          },
          "rule" : {
            "mail" : false,
            "level" : 3,
            "hipaa" : [
              "164.312.b"
            ],
            "pci_dss" : [
              "10.2.5"
            ],
            "tsc" : [
              "CC6.8",
              "CC7.2",
              "CC7.3"
            ],
            "description" : "Windows logon success.",
            "groups" : [
              "windows",
              "windows_security",
              "authentication_success"
            ],
            "nist_800_53" : [
              "AC.7",
              "AU.14"
            ],
            "gdpr" : [
              "IV_32.2"
            ],
            "firedtimes" : 1,
            "mitre" : {
              "technique" : [
                "Valid Accounts"
              ],
              "id" : [
                "T1078"
              ],
              "tactic" : [
                "Defense Evasion",
                "Persistence",
                "Privilege Escalation",
                "Initial Access"
              ]
            },
            "id" : "60106",
            "gpg13" : [
              "7.1",
              "7.2"
            ]
          },
          "decoder" : {
            "name" : "windows_eventchannel"
          },
          "input" : {
            "type" : "log"
          },
          "@timestamp" : "2024-05-17T23:05:10.114Z",
          "location" : "EventChannel",
          "id" : "1715987110.25076578",
          "timestamp" : "2024-05-17T23:05:10.114+0000"
        }
      },
