      {
        "_index" : "wazuh-alerts-4.x-2024.05.11",
        "_id" : "sZx4ZY8BFz3DvWCkbhkp",
        "_score" : 0.0,
        "_source" : {
          "cluster" : {
            "node" : "node01",
            "name" : "wazuh"
          },
          "agent" : {
            "ip" : "192.168.1.216",
            "name" : "chpiyr2",
            "id" : "014"
          },
          "manager" : {
            "name" : "wazuh-server"
          },
          "data" : {
            "win" : {
              "eventdata" : {
                "subjectLogonId" : "0x3e7",
                "subjectDomainName" : "WORKGROUP",
                "targetLinkedLogonId" : "0x0",
                "impersonationLevel" : "%%1833",
                "authenticationPackageName" : "Negotiate",
                "targetLogonId" : "0x3e7",
                "logonProcessName" : "Advapi",
                "logonGuid" : "{00000000-0000-0000-0000-000000000000}",
                "targetUserName" : "SYSTEM",
                "keyLength" : "0",
                "elevatedToken" : "%%1842",
                "subjectUserSid" : "S-1-5-18",
                "processId" : "0x6f4",
                "processName" : "C:\\\\Windows\\\\System32\\\\services.exe",
                "targetDomainName" : "NT AUTHORITY",
                "targetUserSid" : "S-1-5-18",
                "virtualAccount" : "%%1843",
                "logonType" : "5",
                "subjectUserName" : "CHPIYR2$"
              },
              "system" : {
                "eventID" : "4624",
                "keywords" : "0x8020000000000000",
                "providerGuid" : "{54849625-5478-4994-a5ba-3e3b0328c30d}",
                "level" : "0",
                "channel" : "Security",
                "opcode" : "0",
                "message" : "\"帳戶已順利登入。\r\n\r\n主體:\r\n\t安全性識別碼:\t\tS-1-5-18\r\n\tA帳戶名稱:\t\tCHPIYR2$\r\n\t帳戶網域:\t\tWORKGROUP\r\n\t登入識別碼:\t\t0x3E7\r\n\r\n登入資訊:\r\n\t登入類型:\t\t5\r\n\t受限制的系統管理模式:\t-\r\n\tRemote Credential Guard:\t-\r\n\t虛擬帳戶:\t\t否\r\n\t提高權限的權杖:\t\t是\r\n\r\n模擬層級:\t\t模擬\r\n\r\n新登入:\r\n\t安全性識別碼:\t\tS-1-5-18\r\n\t帳戶名稱:\t\tSYSTEM\r\n\t帳戶網域:\t\tNT AUTHORITY\r\n\t登入識別碼:\t\t0x3E7\r\n\t連結的登入識別碼:\t\t0x0\r\n\t網路帳戶名稱:\t-\r\n\t網路帳戶網域:\t-\r\n\t登入 GUID:\t\t{00000000-0000-0000-0000-000000000000}\r\n\r\n處理程序資訊:\r\n\t處理程序識別碼:\t\t0x6f4\r\n\t處理程序名稱:\t\tC:\\Windows\\System32\\services.exe\r\n\r\n網路資訊:\r\n\t工作站名稱:\t-\r\n\t來源網路位址:\t-\r\n\t來源連接埠:\t\t-\r\n\r\n詳細的驗證資訊:\r\n\t登入處理程序:\t\tAdvapi  \r\n\t驗證封裝:\tNegotiate\r\n\t轉送的服務:\t-\r\n\t封裝名稱 (僅 NTLM):\t-\r\n\t金鑰長度:\t\t0\r\n\r\n建立登入工作階段時會產生此事件。它是在所存取的電腦上產生。\r\n\r\n主體欄位指出要求登入之本機系統上的帳戶。這通常是發生在服務 (例如伺服器服務) 或是本機處理程序 (例如 Winlogon.exe 或 Services.exe)。\r\n\r\n登入類型欄位指出發生的登入類型。最常見的類型是 2 (互動式) 與 3 (網路)。\r\n\r\n新登入欄位指出是哪個帳戶建立新登入，例如登入的帳戶。\r\n\r\n網路欄位指出遠端登入要求的來源。工作站名稱並非一律可用，在某些情況下可能會是空白。\r\n\r\n模擬層級欄位指出登入工作階段中的處理程序可以模擬的範圍。\r\n\r\n驗證資訊欄位提供關於此特定登入要求的詳細資訊。\r\n\t- 登入 GUID 是唯一識別碼，可用於關聯這個事件與 KDC 事件。\r\n\t- 轉送的服務指出哪一個中介服務已經加入這個登入要求。\r\n\t- 封裝名稱指出在 NTLM 通訊協定中使用哪一個子協定。\r\n\t- 金鑰長度指出產生的工作階段金鑰長度。如果沒有要求工作階段金鑰則為 0。\"",
                "version" : "3",
                "systemTime" : "2024-05-11T02:25:36.9175760Z",
                "eventRecordID" : "3031264",
                "threadID" : "42588",
                "computer" : "CHPIYR2",
                "task" : "12544",
                "processID" : "1816",
                "severityValue" : "AUDIT_SUCCESS",
                "providerName" : "Microsoft-Windows-Security-Auditing"
              }
            }
          },
          "rule" : {
            "mail" : false,
            "level" : 3,
            "hipaa" : [
              "164.312.b"
            ],
            "pci_dss" : [
              "10.2.5"
            ],
            "tsc" : [
              "CC6.8",
              "CC7.2",
              "CC7.3"
            ],
            "description" : "Windows logon success.",
            "groups" : [
              "windows",
              "windows_security",
              "authentication_success"
            ],
            "nist_800_53" : [
              "AC.7",
              "AU.14"
            ],
            "gdpr" : [
              "IV_32.2"
            ],
            "firedtimes" : 18,
            "mitre" : {
              "technique" : [
                "Valid Accounts"
              ],
              "id" : [
                "T1078"
              ],
              "tactic" : [
                "Defense Evasion",
                "Persistence",
                "Privilege Escalation",
                "Initial Access"
              ]
            },
            "id" : "60106",
            "gpg13" : [
              "7.1",
              "7.2"
            ]
          },
          "decoder" : {
            "name" : "windows_eventchannel"
          },
          "input" : {
            "type" : "log"
          },
          "@timestamp" : "2024-05-11T02:25:40.517Z",
          "location" : "EventChannel",
          "id" : "1715394340.3453448",
          "timestamp" : "2024-05-11T02:25:40.517+0000"
        }
      },
      {
        "_index" : "wazuh-alerts-4.x-2024.05.11",
        "_id" : "FpxxZY8BFz3DvWCk9RnV",
        "_score" : 0.0,
        "_source" : {
          "cluster" : {
            "node" : "node01",
            "name" : "wazuh"
          },
          "agent" : {
            "ip" : "192.168.1.216",
            "name" : "chpiyr2",
            "id" : "014"
          },
          "manager" : {
            "name" : "wazuh-server"
          },
          "data" : {
            "win" : {
              "eventdata" : {
                "data" : "0x80070005, 存取被拒。,   操作:    正在收集寫入者資料  內容:    寫入者類別識別碼: {e8132975-6f93-4464-a53e-1050253ae220}    寫入者名稱: System Writer    寫入者例項識別碼: {ca6cd6a6-7942-4feb-8acc-20f232ebf887}",
                "binary" : "2D20436F64653A20575254575254494330303030313238372D2043616C6C3A20575254575254494330303030313234312D205049443A202030303030373030302D205449443A202030303030363038302D20434D443A2020433A5C57494E444F57535C73797374656D33325C737663686F73742E657865202D6B204E6574776F726B53657276696365202D70202020202D20557365723A204E616D653A204E5420415554484F524954595C4E4554574F524B20534552564943452C205349443A532D312D352D3230"
              },
              "system" : {
                "eventID" : "8194",
                "keywords" : "0x80000000000000",
                "level" : "2",
                "channel" : "Application",
                "opcode" : "0",
                "message" : "\"磁碟區陰影複製服務錯誤: 查詢 IVssWriterCallback 介面時發生意外的錯誤。hr = 0x80070005, 存取被拒。\r\n。 這通常是因為寫入者或要求者程序中包含不正確的安全性設定所造成。 \n\n操作:\n   正在收集寫入者資料\n\n內容:\n   寫入者類別識別碼: {e8132975-6f93-4464-a53e-1050253ae220}\n   寫入者名稱: System Writer\n   寫入者例項識別碼: {ca6cd6a6-7942-4feb-8acc-20f232ebf887}\"",
                "version" : "0",
                "systemTime" : "2024-05-11T02:18:27.0378383Z",
                "eventRecordID" : "235325",
                "threadID" : "0",
                "computer" : "CHPIYR2",
                "task" : "0",
                "processID" : "7000",
                "severityValue" : "ERROR",
                "providerName" : "VSS"
              }
            }
          },
          "rule" : {
            "firedtimes" : 26,
            "mail" : false,
            "level" : 9,
            "description" : "Windows application error event.",
            "groups" : [
              "windows",
              "windows_application",
              "system_error"
            ],
            "id" : "60602",
            "gdpr" : [
              "IV_35.7.d"
            ],
            "gpg13" : [
              "4.3"
            ]
          },
          "decoder" : {
            "name" : "windows_eventchannel"
          },
          "input" : {
            "type" : "log"
          },
          "@timestamp" : "2024-05-11T02:18:29.667Z",
          "location" : "EventChannel",
          "id" : "1715393909.3382281",
          "timestamp" : "2024-05-11T02:18:29.667+0000"
        }
      },
      {
        "_index" : "wazuh-alerts-4.x-2024.05.11",
        "_id" : "hpx2ZY8BFz3DvWCkrBns",
        "_score" : 0.0,
        "_source" : {
          "cluster" : {
            "node" : "node01",
            "name" : "wazuh"
          },
          "agent" : {
            "ip" : "192.168.1.216",
            "name" : "chpiyr2",
            "id" : "014"
          },
          "manager" : {
            "name" : "wazuh-server"
          },
          "data" : {
            "win" : {
              "eventdata" : {
                "data" : "0x80070005, 存取被拒。,   操作:    正在收集寫入者資料  內容:    寫入者類別識別碼: {e8132975-6f93-4464-a53e-1050253ae220}    寫入者名稱: System Writer    寫入者例項識別碼: {ca6cd6a6-7942-4feb-8acc-20f232ebf887}",
                "binary" : "2D20436F64653A20575254575254494330303030313238372D2043616C6C3A20575254575254494330303030313234312D205049443A202030303030373030302D205449443A202030303033383136302D20434D443A2020433A5C57494E444F57535C73797374656D33325C737663686F73742E657865202D6B204E6574776F726B53657276696365202D70202020202D20557365723A204E616D653A204E5420415554484F524954595C4E4554574F524B20534552564943452C205349443A532D312D352D3230"
              },
              "system" : {
                "eventID" : "8194",
                "keywords" : "0x80000000000000",
                "level" : "2",
                "channel" : "Application",
                "opcode" : "0",
                "message" : "\"磁碟區陰影複製服務錯誤: 查詢 IVssWriterCallback 介面時發生意外的錯誤。hr = 0x80070005, 存取被拒。\r\n。 這通常是因為寫入者或要求者程序中包含不正確的安全性設定所造成。 \n\n操作:\n   正在收集寫入者資料\n\n內容:\n   寫入者類別識別碼: {e8132975-6f93-4464-a53e-1050253ae220}\n   寫入者名稱: System Writer\n   寫入者例項識別碼: {ca6cd6a6-7942-4feb-8acc-20f232ebf887}\"",
                "version" : "0",
                "systemTime" : "2024-05-11T02:23:35.5089878Z",
                "eventRecordID" : "235332",
                "threadID" : "0",
                "computer" : "CHPIYR2",
                "task" : "0",
                "processID" : "7000",
                "severityValue" : "ERROR",
                "providerName" : "VSS"
              }
            }
          },
          "rule" : {
            "firedtimes" : 33,
            "mail" : false,
            "level" : 9,
            "description" : "Windows application error event.",
            "groups" : [
              "windows",
              "windows_application",
              "system_error"
            ],
            "id" : "60602",
            "gdpr" : [
              "IV_35.7.d"
            ],
            "gpg13" : [
              "4.3"
            ]
          },
          "decoder" : {
            "name" : "windows_eventchannel"
          },
          "input" : {
            "type" : "log"
          },
          "@timestamp" : "2024-05-11T02:23:38.136Z",
          "location" : "EventChannel",
          "id" : "1715394218.3443737",
          "timestamp" : "2024-05-11T02:23:38.136+0000"
        }
      },
      {
        "_index" : "wazuh-alerts-4.x-2024.05.11",
        "_id" : "mpx3ZY8BFz3DvWCkXBm2",
        "_score" : 0.0,
        "_source" : {
          "cluster" : {
            "node" : "node01",
            "name" : "wazuh"
          },
          "agent" : {
            "ip" : "192.168.1.216",
            "name" : "chpiyr2",
            "id" : "014"
          },
          "manager" : {
            "name" : "wazuh-server"
          },
          "data" : {
            "win" : {
              "eventdata" : {
                "data" : "0x80070005, 存取被拒。,   操作:    正在收集寫入者資料  內容:    寫入者類別識別碼: {e8132975-6f93-4464-a53e-1050253ae220}    寫入者名稱: System Writer    寫入者例項識別碼: {ca6cd6a6-7942-4feb-8acc-20f232ebf887}",
                "binary" : "2D20436F64653A20575254575254494330303030313238372D2043616C6C3A20575254575254494330303030313234312D205049443A202030303030373030302D205449443A202030303033383136302D20434D443A2020433A5C57494E444F57535C73797374656D33325C737663686F73742E657865202D6B204E6574776F726B53657276696365202D70202020202D20557365723A204E616D653A204E5420415554484F524954595C4E4554574F524B20534552564943452C205349443A532D312D352D3230"
              },
              "system" : {
                "eventID" : "8194",
                "keywords" : "0x80000000000000",
                "level" : "2",
                "channel" : "Application",
                "opcode" : "0",
                "message" : "\"磁碟區陰影複製服務錯誤: 查詢 IVssWriterCallback 介面時發生意外的錯誤。hr = 0x80070005, 存取被拒。\r\n。 這通常是因為寫入者或要求者程序中包含不正確的安全性設定所造成。 \n\n操作:\n   正在收集寫入者資料\n\n內容:\n   寫入者類別識別碼: {e8132975-6f93-4464-a53e-1050253ae220}\n   寫入者名稱: System Writer\n   寫入者例項識別碼: {ca6cd6a6-7942-4feb-8acc-20f232ebf887}\"",
                "version" : "0",
                "systemTime" : "2024-05-11T02:24:19.5539425Z",
                "eventRecordID" : "235333",
                "threadID" : "0",
                "computer" : "CHPIYR2",
                "task" : "0",
                "processID" : "7000",
                "severityValue" : "ERROR",
                "providerName" : "VSS"
              }
            }
          },
          "rule" : {
            "firedtimes" : 34,
            "mail" : false,
            "level" : 9,
            "description" : "Windows application error event.",
            "groups" : [
              "windows",
              "windows_application",
              "system_error"
            ],
            "id" : "60602",
            "gdpr" : [
              "IV_35.7.d"
            ],
            "gpg13" : [
              "4.3"
            ]
          },
          "decoder" : {
            "name" : "windows_eventchannel"
          },
          "input" : {
            "type" : "log"
          },
          "@timestamp" : "2024-05-11T02:24:22.180Z",
          "location" : "EventChannel",
          "id" : "1715394262.3446974",
          "timestamp" : "2024-05-11T02:24:22.180+0000"
        }
      },
      {
        "_index" : "wazuh-alerts-4.x-2024.05.11",
        "_id" : "sJx3ZY8BFz3DvWCk5Rlv",
        "_score" : 0.0,
        "_source" : {
          "cluster" : {
            "node" : "node01",
            "name" : "wazuh"
          },
          "agent" : {
            "ip" : "192.168.1.216",
            "name" : "chpiyr2",
            "id" : "014"
          },
          "manager" : {
            "name" : "wazuh-server"
          },
          "data" : {
            "win" : {
              "eventdata" : {
                "data" : "0x80070005, 存取被拒。,   操作:    正在收集寫入者資料  內容:    寫入者類別識別碼: {e8132975-6f93-4464-a53e-1050253ae220}    寫入者名稱: System Writer    寫入者例項識別碼: {ca6cd6a6-7942-4feb-8acc-20f232ebf887}",
                "binary" : "2D20436F64653A20575254575254494330303030313238372D2043616C6C3A20575254575254494330303030313234312D205049443A202030303030373030302D205449443A202030303030363038302D20434D443A2020433A5C57494E444F57535C73797374656D33325C737663686F73742E657865202D6B204E6574776F726B53657276696365202D70202020202D20557365723A204E616D653A204E5420415554484F524954595C4E4554574F524B20534552564943452C205349443A532D312D352D3230"
              },
              "system" : {
                "eventID" : "8194",
                "keywords" : "0x80000000000000",
                "level" : "2",
                "channel" : "Application",
                "opcode" : "0",
                "message" : "\"磁碟區陰影複製服務錯誤: 查詢 IVssWriterCallback 介面時發生意外的錯誤。hr = 0x80070005, 存取被拒。\r\n。 這通常是因為寫入者或要求者程序中包含不正確的安全性設定所造成。 \n\n操作:\n   正在收集寫入者資料\n\n內容:\n   寫入者類別識別碼: {e8132975-6f93-4464-a53e-1050253ae220}\n   寫入者名稱: System Writer\n   寫入者例項識別碼: {ca6cd6a6-7942-4feb-8acc-20f232ebf887}\"",
                "version" : "0",
                "systemTime" : "2024-05-11T02:25:03.4292502Z",
                "eventRecordID" : "235334",
                "threadID" : "0",
                "computer" : "CHPIYR2",
                "task" : "0",
                "processID" : "7000",
                "severityValue" : "ERROR",
                "providerName" : "VSS"
              }
            }
          },
          "rule" : {
            "firedtimes" : 35,
            "mail" : false,
            "level" : 9,
            "description" : "Windows application error event.",
            "groups" : [
              "windows",
              "windows_application",
              "system_error"
            ],
            "id" : "60602",
            "gdpr" : [
              "IV_35.7.d"
            ],
            "gpg13" : [
              "4.3"
            ]
          },
          "decoder" : {
            "name" : "windows_eventchannel"
          },
          "input" : {
            "type" : "log"
          },
          "@timestamp" : "2024-05-11T02:25:06.067Z",
          "location" : "EventChannel",
          "id" : "1715394306.3450211",
          "timestamp" : "2024-05-11T02:25:06.067+0000"
        }
      },
      {
        "_index" : "wazuh-alerts-4.x-2024.05.11",
        "_id" : "A5x7ZY8BFz3DvWCk8Bqh",
        "_score" : 0.0,
        "_source" : {
          "cluster" : {
            "node" : "node01",
            "name" : "wazuh"
          },
          "agent" : {
            "ip" : "192.168.1.216",
            "name" : "chpiyr2",
            "id" : "014"
          },
          "manager" : {
            "name" : "wazuh-server"
          },
          "data" : {
            "win" : {
              "eventdata" : {
                "data" : "0x80070005, 存取被拒。,   操作:    正在收集寫入者資料  內容:    寫入者類別識別碼: {e8132975-6f93-4464-a53e-1050253ae220}    寫入者名稱: System Writer    寫入者例項識別碼: {ca6cd6a6-7942-4feb-8acc-20f232ebf887}",
                "binary" : "2D20436F64653A20575254575254494330303030313238372D2043616C6C3A20575254575254494330303030313234312D205049443A202030303030373030302D205449443A202030303035343235322D20434D443A2020433A5C57494E444F57535C73797374656D33325C737663686F73742E657865202D6B204E6574776F726B53657276696365202D70202020202D20557365723A204E616D653A204E5420415554484F524954595C4E4554574F524B20534552564943452C205349443A532D312D352D3230"
              },
              "system" : {
                "eventID" : "8194",
                "keywords" : "0x80000000000000",
                "level" : "2",
                "channel" : "Application",
                "opcode" : "0",
                "message" : "\"磁碟區陰影複製服務錯誤: 查詢 IVssWriterCallback 介面時發生意外的錯誤。hr = 0x80070005, 存取被拒。\r\n。 這通常是因為寫入者或要求者程序中包含不正確的安全性設定所造成。 \n\n操作:\n   正在收集寫入者資料\n\n內容:\n   寫入者類別識別碼: {e8132975-6f93-4464-a53e-1050253ae220}\n   寫入者名稱: System Writer\n   寫入者例項識別碼: {ca6cd6a6-7942-4feb-8acc-20f232ebf887}\"",
                "version" : "0",
                "systemTime" : "2024-05-11T02:29:28.4746928Z",
                "eventRecordID" : "235340",
                "threadID" : "0",
                "computer" : "CHPIYR2",
                "task" : "0",
                "processID" : "7000",
                "severityValue" : "ERROR",
                "providerName" : "VSS"
              }
            }
          },
          "rule" : {
            "firedtimes" : 41,
            "mail" : false,
            "level" : 9,
            "description" : "Windows application error event.",
            "groups" : [
              "windows",
              "windows_application",
              "system_error"
            ],
            "id" : "60602",
            "gdpr" : [
              "IV_35.7.d"
            ],
            "gpg13" : [
              "4.3"
            ]
          },
          "decoder" : {
            "name" : "windows_eventchannel"
          },
          "input" : {
            "type" : "log"
          },
          "@timestamp" : "2024-05-11T02:29:31.105Z",
          "location" : "EventChannel",
          "id" : "1715394571.3476505",
          "timestamp" : "2024-05-11T02:29:31.105+0000"
        }
      },
      {
        "_index" : "wazuh-alerts-4.x-2024.05.11",
        "_id" : "b5yAZY8BFz3DvWCkGxoV",
        "_score" : 0.0,
        "_source" : {
          "cluster" : {
            "node" : "node01",
            "name" : "wazuh"
          },
          "agent" : {
            "ip" : "192.168.1.216",
            "name" : "chpiyr2",
            "id" : "014"
          },
          "manager" : {
            "name" : "wazuh-server"
          },
          "data" : {
            "win" : {
              "eventdata" : {
                "data" : "0x80070005, 存取被拒。,   操作:    正在收集寫入者資料  內容:    寫入者類別識別碼: {e8132975-6f93-4464-a53e-1050253ae220}    寫入者名稱: System Writer    寫入者例項識別碼: {ca6cd6a6-7942-4feb-8acc-20f232ebf887}",
                "binary" : "2D20436F64653A20575254575254494330303030313238372D2043616C6C3A20575254575254494330303030313234312D205049443A202030303030373030302D205449443A202030303035343137322D20434D443A2020433A5C57494E444F57535C73797374656D33325C737663686F73742E657865202D6B204E6574776F726B53657276696365202D70202020202D20557365723A204E616D653A204E5420415554484F524954595C4E4554574F524B20534552564943452C205349443A532D312D352D3230"
              },
              "system" : {
                "eventID" : "8194",
                "keywords" : "0x80000000000000",
                "level" : "2",
                "channel" : "Application",
                "opcode" : "0",
                "message" : "\"磁碟區陰影複製服務錯誤: 查詢 IVssWriterCallback 介面時發生意外的錯誤。hr = 0x80070005, 存取被拒。\r\n。 這通常是因為寫入者或要求者程序中包含不正確的安全性設定所造成。 \n\n操作:\n   正在收集寫入者資料\n\n內容:\n   寫入者類別識別碼: {e8132975-6f93-4464-a53e-1050253ae220}\n   寫入者名稱: System Writer\n   寫入者例項識別碼: {ca6cd6a6-7942-4feb-8acc-20f232ebf887}\"",
                "version" : "0",
                "systemTime" : "2024-05-11T02:33:53.5419675Z",
                "eventRecordID" : "235346",
                "threadID" : "0",
                "computer" : "CHPIYR2",
                "task" : "0",
                "processID" : "7000",
                "severityValue" : "ERROR",
                "providerName" : "VSS"
              }
            }
          },
          "rule" : {
            "firedtimes" : 47,
            "mail" : false,
            "level" : 9,
            "description" : "Windows application error event.",
            "groups" : [
              "windows",
              "windows_application",
              "system_error"
            ],
            "id" : "60602",
            "gdpr" : [
              "IV_35.7.d"
            ],
            "gpg13" : [
              "4.3"
            ]
          },
          "decoder" : {
            "name" : "windows_eventchannel"
          },
          "input" : {
            "type" : "log"
          },
          "@timestamp" : "2024-05-11T02:33:56.169Z",
          "location" : "EventChannel",
          "id" : "1715394836.3525249",
          "timestamp" : "2024-05-11T02:33:56.169+0000"
        }
      },
      {
        "_index" : "wazuh-alerts-4.x-2024.05.11",
        "_id" : "cpyAZY8BFz3DvWCksxpw",
        "_score" : 0.0,
        "_source" : {
          "cluster" : {
            "node" : "node01",
            "name" : "wazuh"
          },
          "agent" : {
            "ip" : "192.168.1.216",
            "name" : "chpiyr2",
            "id" : "014"
          },
          "manager" : {
            "name" : "wazuh-server"
          },
          "data" : {
            "win" : {
              "eventdata" : {
                "data" : "0x80070005, 存取被拒。,   操作:    正在收集寫入者資料  內容:    寫入者類別識別碼: {e8132975-6f93-4464-a53e-1050253ae220}    寫入者名稱: System Writer    寫入者例項識別碼: {ca6cd6a6-7942-4feb-8acc-20f232ebf887}",
                "binary" : "2D20436F64653A20575254575254494330303030313238372D2043616C6C3A20575254575254494330303030313234312D205049443A202030303030373030302D205449443A202030303035343137322D20434D443A2020433A5C57494E444F57535C73797374656D33325C737663686F73742E657865202D6B204E6574776F726B53657276696365202D70202020202D20557365723A204E616D653A204E5420415554484F524954595C4E4554574F524B20534552564943452C205349443A532D312D352D3230"
              },
              "system" : {
                "eventID" : "8194",
                "keywords" : "0x80000000000000",
                "level" : "2",
                "channel" : "Application",
                "opcode" : "0",
                "message" : "\"磁碟區陰影複製服務錯誤: 查詢 IVssWriterCallback 介面時發生意外的錯誤。hr = 0x80070005, 存取被拒。\r\n。 這通常是因為寫入者或要求者程序中包含不正確的安全性設定所造成。 \n\n操作:\n   正在收集寫入者資料\n\n內容:\n   寫入者類別識別碼: {e8132975-6f93-4464-a53e-1050253ae220}\n   寫入者名稱: System Writer\n   寫入者例項識別碼: {ca6cd6a6-7942-4feb-8acc-20f232ebf887}\"",
                "version" : "0",
                "systemTime" : "2024-05-11T02:34:37.9157888Z",
                "eventRecordID" : "235347",
                "threadID" : "0",
                "computer" : "CHPIYR2",
                "task" : "0",
                "processID" : "7000",
                "severityValue" : "ERROR",
                "providerName" : "VSS"
              }
            }
          },
          "rule" : {
            "firedtimes" : 48,
            "mail" : false,
            "level" : 9,
            "description" : "Windows application error event.",
            "groups" : [
              "windows",
              "windows_application",
              "system_error"
            ],
            "id" : "60602",
            "gdpr" : [
              "IV_35.7.d"
            ],
            "gpg13" : [
              "4.3"
            ]
          },
          "decoder" : {
            "name" : "windows_eventchannel"
          },
          "input" : {
            "type" : "log"
          },
          "@timestamp" : "2024-05-11T02:34:40.542Z",
          "location" : "EventChannel",
          "id" : "1715394880.3532368",
          "timestamp" : "2024-05-11T02:34:40.542+0000"
        }
      },
      {
        "_index" : "wazuh-alerts-4.x-2024.05.11",
        "_id" : "nZyCZY8BFz3DvWCkJhqM",
        "_score" : 0.0,
        "_source" : {
          "cluster" : {
            "node" : "node01",
            "name" : "wazuh"
          },
          "agent" : {
            "ip" : "192.168.1.216",
            "name" : "chpiyr2",
            "id" : "014"
          },
          "manager" : {
            "name" : "wazuh-server"
          },
          "data" : {
            "win" : {
              "eventdata" : {
                "data" : "0x80070005, 存取被拒。,   操作:    正在收集寫入者資料  內容:    寫入者類別識別碼: {e8132975-6f93-4464-a53e-1050253ae220}    寫入者名稱: System Writer    寫入者例項識別碼: {ca6cd6a6-7942-4feb-8acc-20f232ebf887}",
                "binary" : "2D20436F64653A20575254575254494330303030313238372D2043616C6C3A20575254575254494330303030313234312D205049443A202030303030373030302D205449443A202030303034303137322D20434D443A2020433A5C57494E444F57535C73797374656D33325C737663686F73742E657865202D6B204E6574776F726B53657276696365202D70202020202D20557365723A204E616D653A204E5420415554484F524954595C4E4554574F524B20534552564943452C205349443A532D312D352D3230"
              },
              "system" : {
                "eventID" : "8194",
                "keywords" : "0x80000000000000",
                "level" : "2",
                "channel" : "Application",
                "opcode" : "0",
                "message" : "\"磁碟區陰影複製服務錯誤: 查詢 IVssWriterCallback 介面時發生意外的錯誤。hr = 0x80070005, 存取被拒。\r\n。 這通常是因為寫入者或要求者程序中包含不正確的安全性設定所造成。 \n\n操作:\n   正在收集寫入者資料\n\n內容:\n   寫入者類別識別碼: {e8132975-6f93-4464-a53e-1050253ae220}\n   寫入者名稱: System Writer\n   寫入者例項識別碼: {ca6cd6a6-7942-4feb-8acc-20f232ebf887}\"",
                "version" : "0",
                "systemTime" : "2024-05-11T02:36:06.4892062Z",
                "eventRecordID" : "235349",
                "threadID" : "0",
                "computer" : "CHPIYR2",
                "task" : "0",
                "processID" : "7000",
                "severityValue" : "ERROR",
                "providerName" : "VSS"
              }
            }
          },
          "rule" : {
            "firedtimes" : 50,
            "mail" : false,
            "level" : 9,
            "description" : "Windows application error event.",
            "groups" : [
              "windows",
              "windows_application",
              "system_error"
            ],
            "id" : "60602",
            "gdpr" : [
              "IV_35.7.d"
            ],
            "gpg13" : [
              "4.3"
            ]
          },
          "decoder" : {
            "name" : "windows_eventchannel"
          },
          "input" : {
            "type" : "log"
          },
          "@timestamp" : "2024-05-11T02:36:09.112Z",
          "location" : "EventChannel",
          "id" : "1715394969.3545744",
          "timestamp" : "2024-05-11T02:36:09.112+0000"
        }
      },
      {
        "_index" : "wazuh-alerts-4.x-2024.05.11",
        "_id" : "s5yDZY8BFz3DvWCkchqX",
        "_score" : 0.0,
        "_source" : {
          "cluster" : {
            "node" : "node01",
            "name" : "wazuh"
          },
          "agent" : {
            "ip" : "192.168.1.216",
            "name" : "chpiyr2",
            "id" : "014"
          },
          "manager" : {
            "name" : "wazuh-server"
          },
          "data" : {
            "win" : {
              "eventdata" : {
                "data" : "0x80070005, 存取被拒。,   操作:    正在收集寫入者資料  內容:    寫入者類別識別碼: {e8132975-6f93-4464-a53e-1050253ae220}    寫入者名稱: System Writer    寫入者例項識別碼: {ca6cd6a6-7942-4feb-8acc-20f232ebf887}",
                "binary" : "2D20436F64653A20575254575254494330303030313238372D2043616C6C3A20575254575254494330303030313234312D205049443A202030303030373030302D205449443A202030303030363038302D20434D443A2020433A5C57494E444F57535C73797374656D33325C737663686F73742E657865202D6B204E6574776F726B53657276696365202D70202020202D20557365723A204E616D653A204E5420415554484F524954595C4E4554574F524B20534552564943452C205349443A532D312D352D3230"
              },
              "system" : {
                "eventID" : "8194",
                "keywords" : "0x80000000000000",
                "level" : "2",
                "channel" : "Application",
                "opcode" : "0",
                "message" : "\"磁碟區陰影複製服務錯誤: 查詢 IVssWriterCallback 介面時發生意外的錯誤。hr = 0x80070005, 存取被拒。\r\n。 這通常是因為寫入者或要求者程序中包含不正確的安全性設定所造成。 \n\n操作:\n   正在收集寫入者資料\n\n內容:\n   寫入者類別識別碼: {e8132975-6f93-4464-a53e-1050253ae220}\n   寫入者名稱: System Writer\n   寫入者例項識別碼: {ca6cd6a6-7942-4feb-8acc-20f232ebf887}\"",
                "version" : "0",
                "systemTime" : "2024-05-11T02:37:34.7142572Z",
                "eventRecordID" : "235351",
                "threadID" : "0",
                "computer" : "CHPIYR2",
                "task" : "0",
                "processID" : "7000",
                "severityValue" : "ERROR",
                "providerName" : "VSS"
              }
            }
          },
          "rule" : {
            "firedtimes" : 52,
            "mail" : false,
            "level" : 9,
            "description" : "Windows application error event.",
            "groups" : [
              "windows",
              "windows_application",
              "system_error"
            ],
            "id" : "60602",
            "gdpr" : [
              "IV_35.7.d"
            ],
            "gpg13" : [
              "4.3"
            ]
          },
          "decoder" : {
            "name" : "windows_eventchannel"
          },
          "input" : {
            "type" : "log"
          },
          "@timestamp" : "2024-05-11T02:37:37.345Z",
          "location" : "EventChannel",
          "id" : "1715395057.3553224",
          "timestamp" : "2024-05-11T02:37:37.345+0000"
        }
      },
      {
        "_index" : "wazuh-alerts-4.x-2024.05.11",
        "_id" : "3JyFZY8BFz3DvWCkgRr0",
        "_score" : 0.0,
        "_source" : {
          "cluster" : {
            "node" : "node01",
            "name" : "wazuh"
          },
          "agent" : {
            "ip" : "192.168.1.216",
            "name" : "chpiyr2",
            "id" : "014"
          },
          "manager" : {
            "name" : "wazuh-server"
          },
          "data" : {
            "win" : {
              "eventdata" : {
                "data" : "0x80070005, 存取被拒。,   操作:    正在收集寫入者資料  內容:    寫入者類別識別碼: {e8132975-6f93-4464-a53e-1050253ae220}    寫入者名稱: System Writer    寫入者例項識別碼: {ca6cd6a6-7942-4feb-8acc-20f232ebf887}",
                "binary" : "2D20436F64653A20575254575254494330303030313238372D2043616C6C3A20575254575254494330303030313234312D205049443A202030303030373030302D205449443A202030303034323133362D20434D443A2020433A5C57494E444F57535C73797374656D33325C737663686F73742E657865202D6B204E6574776F726B53657276696365202D70202020202D20557365723A204E616D653A204E5420415554484F524954595C4E4554574F524B20534552564943452C205349443A532D312D352D3230"
              },
              "system" : {
                "eventID" : "8194",
                "keywords" : "0x80000000000000",
                "level" : "2",
                "channel" : "Application",
                "opcode" : "0",
                "message" : "\"磁碟區陰影複製服務錯誤: 查詢 IVssWriterCallback 介面時發生意外的錯誤。hr = 0x80070005, 存取被拒。\r\n。 這通常是因為寫入者或要求者程序中包含不正確的安全性設定所造成。 \n\n操作:\n   正在收集寫入者資料\n\n內容:\n   寫入者類別識別碼: {e8132975-6f93-4464-a53e-1050253ae220}\n   寫入者名稱: System Writer\n   寫入者例項識別碼: {ca6cd6a6-7942-4feb-8acc-20f232ebf887}\"",
                "version" : "0",
                "systemTime" : "2024-05-11T02:39:47.6098345Z",
                "eventRecordID" : "235354",
                "threadID" : "0",
                "computer" : "CHPIYR2",
                "task" : "0",
                "processID" : "7000",
                "severityValue" : "ERROR",
                "providerName" : "VSS"
              }
            }
          },
          "rule" : {
            "firedtimes" : 55,
            "mail" : false,
            "level" : 9,
            "description" : "Windows application error event.",
            "groups" : [
              "windows",
              "windows_application",
              "system_error"
            ],
            "id" : "60602",
            "gdpr" : [
              "IV_35.7.d"
            ],
            "gpg13" : [
              "4.3"
            ]
          },
          "decoder" : {
            "name" : "windows_eventchannel"
          },
          "input" : {
            "type" : "log"
          },
          "@timestamp" : "2024-05-11T02:39:50.238Z",
          "location" : "EventChannel",
          "id" : "1715395190.3562935",
          "timestamp" : "2024-05-11T02:39:50.238+0000"
        }
      },
      {
        "_index" : "wazuh-alerts-4.x-2024.05.11",
        "_id" : "BpyGZY8BFz3DvWCkuht4",
        "_score" : 0.0,
        "_source" : {
          "cluster" : {
            "node" : "node01",
            "name" : "wazuh"
          },
          "agent" : {
            "ip" : "192.168.1.216",
            "name" : "chpiyr2",
            "id" : "014"
          },
          "manager" : {
            "name" : "wazuh-server"
          },
          "data" : {
            "win" : {
              "eventdata" : {
                "data" : "0x80070005, 存取被拒。,   操作:    正在收集寫入者資料  內容:    寫入者類別識別碼: {e8132975-6f93-4464-a53e-1050253ae220}    寫入者名稱: System Writer    寫入者例項識別碼: {ca6cd6a6-7942-4feb-8acc-20f232ebf887}",
                "binary" : "2D20436F64653A20575254575254494330303030313238372D2043616C6C3A20575254575254494330303030313234312D205049443A202030303030373030302D205449443A202030303031363630382D20434D443A2020433A5C57494E444F57535C73797374656D33325C737663686F73742E657865202D6B204E6574776F726B53657276696365202D70202020202D20557365723A204E616D653A204E5420415554484F524954595C4E4554574F524B20534552564943452C205349443A532D312D352D3230"
              },
              "system" : {
                "eventID" : "8194",
                "keywords" : "0x80000000000000",
                "level" : "2",
                "channel" : "Application",
                "opcode" : "0",
                "message" : "\"磁碟區陰影複製服務錯誤: 查詢 IVssWriterCallback 介面時發生意外的錯誤。hr = 0x80070005, 存取被拒。\r\n。 這通常是因為寫入者或要求者程序中包含不正確的安全性設定所造成。 \n\n操作:\n   正在收集寫入者資料\n\n內容:\n   寫入者類別識別碼: {e8132975-6f93-4464-a53e-1050253ae220}\n   寫入者名稱: System Writer\n   寫入者例項識別碼: {ca6cd6a6-7942-4feb-8acc-20f232ebf887}\"",
                "version" : "0",
                "systemTime" : "2024-05-11T02:41:15.6262094Z",
                "eventRecordID" : "235356",
                "threadID" : "0",
                "computer" : "CHPIYR2",
                "task" : "0",
                "processID" : "7000",
                "severityValue" : "ERROR",
                "providerName" : "VSS"
              }
            }
          },
          "rule" : {
            "firedtimes" : 57,
            "mail" : false,
            "level" : 9,
            "description" : "Windows application error event.",
            "groups" : [
              "windows",
              "windows_application",
              "system_error"
            ],
            "id" : "60602",
            "gdpr" : [
              "IV_35.7.d"
            ],
            "gpg13" : [
              "4.3"
            ]
          },
          "decoder" : {
            "name" : "windows_eventchannel"
          },
          "input" : {
            "type" : "log"
          },
          "@timestamp" : "2024-05-11T02:41:18.252Z",
          "location" : "EventChannel",
          "id" : "1715395278.3569409",
          "timestamp" : "2024-05-11T02:41:18.252+0000"
        }
      },
      {
        "_index" : "wazuh-alerts-4.x-2024.05.11",
        "_id" : "HJyIZY8BFz3DvWCkLRuU",
        "_score" : 0.0,
        "_source" : {
          "cluster" : {
            "node" : "node01",
            "name" : "wazuh"
          },
          "agent" : {
            "ip" : "192.168.1.216",
            "name" : "chpiyr2",
            "id" : "014"
          },
          "manager" : {
            "name" : "wazuh-server"
          },
          "data" : {
            "win" : {
              "eventdata" : {
                "data" : "0x80070005, 存取被拒。,   操作:    正在收集寫入者資料  內容:    寫入者類別識別碼: {e8132975-6f93-4464-a53e-1050253ae220}    寫入者名稱: System Writer    寫入者例項識別碼: {ca6cd6a6-7942-4feb-8acc-20f232ebf887}",
                "binary" : "2D20436F64653A20575254575254494330303030313238372D2043616C6C3A20575254575254494330303030313234312D205049443A202030303030373030302D205449443A202030303031363630382D20434D443A2020433A5C57494E444F57535C73797374656D33325C737663686F73742E657865202D6B204E6574776F726B53657276696365202D70202020202D20557365723A204E616D653A204E5420415554484F524954595C4E4554574F524B20534552564943452C205349443A532D312D352D3230"
              },
              "system" : {
                "eventID" : "8194",
                "keywords" : "0x80000000000000",
                "level" : "2",
                "channel" : "Application",
                "opcode" : "0",
                "message" : "\"磁碟區陰影複製服務錯誤: 查詢 IVssWriterCallback 介面時發生意外的錯誤。hr = 0x80070005, 存取被拒。\r\n。 這通常是因為寫入者或要求者程序中包含不正確的安全性設定所造成。 \n\n操作:\n   正在收集寫入者資料\n\n內容:\n   寫入者類別識別碼: {e8132975-6f93-4464-a53e-1050253ae220}\n   寫入者名稱: System Writer\n   寫入者例項識別碼: {ca6cd6a6-7942-4feb-8acc-20f232ebf887}\"",
                "version" : "0",
                "systemTime" : "2024-05-11T02:42:44.1570985Z",
                "eventRecordID" : "235358",
                "threadID" : "0",
                "computer" : "CHPIYR2",
                "task" : "0",
                "processID" : "7000",
                "severityValue" : "ERROR",
                "providerName" : "VSS"
              }
            }
          },
          "rule" : {
            "firedtimes" : 59,
            "mail" : false,
            "level" : 9,
            "description" : "Windows application error event.",
            "groups" : [
              "windows",
              "windows_application",
              "system_error"
            ],
            "id" : "60602",
            "gdpr" : [
              "IV_35.7.d"
            ],
            "gpg13" : [
              "4.3"
            ]
          },
          "decoder" : {
            "name" : "windows_eventchannel"
          },
          "input" : {
            "type" : "log"
          },
          "@timestamp" : "2024-05-11T02:42:46.785Z",
          "location" : "EventChannel",
          "id" : "1715395366.3582785",
          "timestamp" : "2024-05-11T02:42:46.785+0000"
        }
      },
      {
        "_index" : "wazuh-alerts-4.x-2024.05.11",
        "_id" : "cJyAZY8BFz3DvWCkNhpt",
        "_score" : 0.0,
        "_source" : {
          "cluster" : {
            "node" : "node01",
            "name" : "wazuh"
          },
          "agent" : {
            "ip" : "192.168.1.216",
            "name" : "chpiyr2",
            "id" : "014"
          },
          "manager" : {
            "name" : "wazuh-server"
          },
          "data" : {
            "win" : {
              "eventdata" : {
                "param3" : "指定啟動",
                "param4" : "BITS",
                "param1" : "Background Intelligent Transfer Service",
                "param2" : "自動啟動"
              },
              "system" : {
                "eventID" : "7040",
                "eventSourceName" : "Service Control Manager",
                "keywords" : "0x8080000000000000",
                "providerGuid" : "{555908d1-a6d7-4695-8e1e-26931d2012f4}",
                "level" : "4",
                "channel" : "System",
                "opcode" : "0",
                "message" : "\"Background Intelligent Transfer Service 服務的啟動類型已從 自動啟動 變更為 指定啟動。\"",
                "version" : "0",
                "systemTime" : "2024-05-11T02:34:07.0342315Z",
                "eventRecordID" : "315164",
                "threadID" : "6492",
                "computer" : "CHPIYR2",
                "task" : "0",
                "processID" : "1780",
                "severityValue" : "INFORMATION",
                "providerName" : "Service Control Manager"
              }
            }
          },
          "rule" : {
            "firedtimes" : 2,
            "mail" : false,
            "level" : 3,
            "pci_dss" : [
              "10.6"
            ],
            "hipaa" : [
              "164.312.b"
            ],
            "tsc" : [
              "CC6.1",
              "CC6.8",
              "CC7.2",
              "CC7.3"
            ],
            "description" : "Service startup type was changed",
            "groups" : [
              "windows",
              "windows_system",
              "policy_changed"
            ],
            "id" : "61104",
            "nist_800_53" : [
              "AU.6"
            ],
            "info" : "This does not appear to be logged on Windows 2000",
            "gdpr" : [
              "IV_35.7.d"
            ]
          },
          "decoder" : {
            "name" : "windows_eventchannel"
          },
          "input" : {
            "type" : "log"
          },
          "@timestamp" : "2024-05-11T02:34:10.635Z",
          "location" : "EventChannel",
          "id" : "1715394850.3528486",
          "timestamp" : "2024-05-11T02:34:10.635+0000"
        }
      },
      {
        "_index" : "wazuh-alerts-4.x-2024.05.11",
        "_id" : "BZyRZY8BFz3DvWCkkBwH",
        "_score" : 0.0,
        "_source" : {
          "cluster" : {
            "node" : "node01",
            "name" : "wazuh"
          },
          "agent" : {
            "ip" : "192.168.1.216",
            "name" : "chpiyr2",
            "id" : "014"
          },
          "manager" : {
            "name" : "wazuh-server"
          },
          "data" : {
            "win" : {
              "eventdata" : {
                "data" : "0x80070005, 存取被拒。,   操作:    正在收集寫入者資料  內容:    寫入者類別識別碼: {e8132975-6f93-4464-a53e-1050253ae220}    寫入者名稱: System Writer    寫入者例項識別碼: {ca6cd6a6-7942-4feb-8acc-20f232ebf887}",
                "binary" : "2D20436F64653A20575254575254494330303030313238372D2043616C6C3A20575254575254494330303030313234312D205049443A202030303030373030302D205449443A202030303035393037322D20434D443A2020433A5C57494E444F57535C73797374656D33325C737663686F73742E657865202D6B204E6574776F726B53657276696365202D70202020202D20557365723A204E616D653A204E5420415554484F524954595C4E4554574F524B20534552564943452C205349443A532D312D352D3230"
              },
              "system" : {
                "eventID" : "8194",
                "keywords" : "0x80000000000000",
                "level" : "2",
                "channel" : "Application",
                "opcode" : "0",
                "message" : "\"磁碟區陰影複製服務錯誤: 查詢 IVssWriterCallback 介面時發生意外的錯誤。hr = 0x80070005, 存取被拒。\r\n。 這通常是因為寫入者或要求者程序中包含不正確的安全性設定所造成。 \n\n操作:\n   正在收集寫入者資料\n\n內容:\n   寫入者類別識別碼: {e8132975-6f93-4464-a53e-1050253ae220}\n   寫入者名稱: System Writer\n   寫入者例項識別碼: {ca6cd6a6-7942-4feb-8acc-20f232ebf887}\"",
                "version" : "0",
                "systemTime" : "2024-05-11T02:53:02.1137604Z",
                "eventRecordID" : "235372",
                "threadID" : "0",
                "computer" : "CHPIYR2",
                "task" : "0",
                "processID" : "7000",
                "severityValue" : "ERROR",
                "providerName" : "VSS"
              }
            }
          },
          "rule" : {
            "firedtimes" : 73,
            "mail" : false,
            "level" : 9,
            "description" : "Windows application error event.",
            "groups" : [
              "windows",
              "windows_application",
              "system_error"
            ],
            "id" : "60602",
            "gdpr" : [
              "IV_35.7.d"
            ],
            "gpg13" : [
              "4.3"
            ]
          },
          "decoder" : {
            "name" : "windows_eventchannel"
          },
          "input" : {
            "type" : "log"
          },
          "@timestamp" : "2024-05-11T02:53:04.738Z",
          "location" : "EventChannel",
          "id" : "1715395984.3664082",
          "timestamp" : "2024-05-11T02:53:04.738+0000"
        }
      },
