      {
        "_index" : "wazuh-alerts-4.x-2024.04.20",
        "_id" : "Eyr6-44BwKHU0X25csre",
        "_score" : 0.0,
        "_source" : {
          "agent" : {
            "ip" : "192.168.1.216",
            "name" : "chpiyr2",
            "id" : "014"
          },
          "manager" : {
            "name" : "wazuh-server"
          },
          "data" : {
            "win" : {
              "eventdata" : {
                "subjectLogonId" : "0x3e7",
                "subjectDomainName" : "WORKGROUP",
                "targetLinkedLogonId" : "0x0",
                "impersonationLevel" : "%%1833",
                "authenticationPackageName" : "Negotiate",
                "targetLogonId" : "0x3e7",
                "logonProcessName" : "Advapi",
                "logonGuid" : "{00000000-0000-0000-0000-000000000000}",
                "targetUserName" : "SYSTEM",
                "keyLength" : "0",
                "elevatedToken" : "%%1842",
                "subjectUserSid" : "S-1-5-18",
                "processId" : "0x710",
                "processName" : "C:\\\\Windows\\\\System32\\\\services.exe",
                "targetDomainName" : "NT AUTHORITY",
                "targetUserSid" : "S-1-5-18",
                "virtualAccount" : "%%1843",
                "logonType" : "5",
                "subjectUserName" : "CHPIYR2$"
              },
              "system" : {
                "eventID" : "4624",
                "keywords" : "0x8020000000000000",
                "providerGuid" : "{54849625-5478-4994-a5ba-3e3b0328c30d}",
                "level" : "0",
                "channel" : "Security",
                "opcode" : "0",
                "message" : "\"帳戶已順利登入。\r\n\r\n主體:\r\n\t安全性識別碼:\t\tS-1-5-18\r\n\tA帳戶名稱:\t\tCHPIYR2$\r\n\t帳戶網域:\t\tWORKGROUP\r\n\t登入識別碼:\t\t0x3E7\r\n\r\n登入資訊:\r\n\t登入類型:\t\t5\r\n\t受限制的系統管理模式:\t-\r\n\tRemote Credential Guard:\t-\r\n\t虛擬帳戶:\t\t否\r\n\t提高權限的權杖:\t\t是\r\n\r\n模擬層級:\t\t模擬\r\n\r\n新登入:\r\n\t安全性識別碼:\t\tS-1-5-18\r\n\t帳戶名稱:\t\tSYSTEM\r\n\t帳戶網域:\t\tNT AUTHORITY\r\n\t登入識別碼:\t\t0x3E7\r\n\t連結的登入識別碼:\t\t0x0\r\n\t網路帳戶名稱:\t-\r\n\t網路帳戶網域:\t-\r\n\t登入 GUID:\t\t{00000000-0000-0000-0000-000000000000}\r\n\r\n處理程序資訊:\r\n\t處理程序識別碼:\t\t0x710\r\n\t處理程序名稱:\t\tC:\\Windows\\System32\\services.exe\r\n\r\n網路資訊:\r\n\t工作站名稱:\t-\r\n\t來源網路位址:\t-\r\n\t來源連接埠:\t\t-\r\n\r\n詳細的驗證資訊:\r\n\t登入處理程序:\t\tAdvapi  \r\n\t驗證封裝:\tNegotiate\r\n\t轉送的服務:\t-\r\n\t封裝名稱 (僅 NTLM):\t-\r\n\t金鑰長度:\t\t0\r\n\r\n建立登入工作階段時會產生此事件。它是在所存取的電腦上產生。\r\n\r\n主體欄位指出要求登入之本機系統上的帳戶。這通常是發生在服務 (例如伺服器服務) 或是本機處理程序 (例如 Winlogon.exe 或 Services.exe)。\r\n\r\n登入類型欄位指出發生的登入類型。最常見的類型是 2 (互動式) 與 3 (網路)。\r\n\r\n新登入欄位指出是哪個帳戶建立新登入，例如登入的帳戶。\r\n\r\n網路欄位指出遠端登入要求的來源。工作站名稱並非一律可用，在某些情況下可能會是空白。\r\n\r\n模擬層級欄位指出登入工作階段中的處理程序可以模擬的範圍。\r\n\r\n驗證資訊欄位提供關於此特定登入要求的詳細資訊。\r\n\t- 登入 GUID 是唯一識別碼，可用於關聯這個事件與 KDC 事件。\r\n\t- 轉送的服務指出哪一個中介服務已經加入這個登入要求。\r\n\t- 封裝名稱指出在 NTLM 通訊協定中使用哪一個子協定。\r\n\t- 金鑰長度指出產生的工作階段金鑰長度。如果沒有要求工作階段金鑰則為 0。\"",
                "version" : "3",
                "systemTime" : "2024-04-20T14:47:53.1155904Z",
                "eventRecordID" : "2235422",
                "threadID" : "15008",
                "computer" : "CHPIYR2",
                "task" : "12544",
                "processID" : "1844",
                "severityValue" : "AUDIT_SUCCESS",
                "providerName" : "Microsoft-Windows-Security-Auditing"
              }
            }
          },
          "rule" : {
            "mail" : false,
            "level" : 3,
            "hipaa" : [
              "164.312.b"
            ],
            "pci_dss" : [
              "10.2.5"
            ],
            "tsc" : [
              "CC6.8",
              "CC7.2",
              "CC7.3"
            ],
            "description" : "Windows logon success.",
            "groups" : [
              "windows",
              "windows_security",
              "authentication_success"
            ],
            "nist_800_53" : [
              "AC.7",
              "AU.14"
            ],
            "gdpr" : [
              "IV_32.2"
            ],
            "firedtimes" : 49,
            "mitre" : {
              "technique" : [
                "Valid Accounts"
              ],
              "id" : [
                "T1078"
              ],
              "tactic" : [
                "Defense Evasion",
                "Persistence",
                "Privilege Escalation",
                "Initial Access"
              ]
            },
            "id" : "60106",
            "gpg13" : [
              "7.1",
              "7.2"
            ]
          },
          "decoder" : {
            "name" : "windows_eventchannel"
          },
          "input" : {
            "type" : "log"
          },
          "@timestamp" : "2024-04-20T14:47:54.117Z",
          "location" : "EventChannel",
          "id" : "1713624474.13417274",
          "timestamp" : "2024-04-20T14:47:54.117+0000"
        }
      },
      {
        "_index" : "wazuh-alerts-4.x-2024.04.20",
        "_id" : "ESr4-44BwKHU0X25nsof",
        "_score" : 0.0,
        "_source" : {
          "agent" : {
            "ip" : "192.168.1.216",
            "name" : "chpiyr2",
            "id" : "014"
          },
          "manager" : {
            "name" : "wazuh-server"
          },
          "data" : {
            "win" : {
              "eventdata" : {
                "data" : "2124-03-27T14:45:53Z, RulesEngine"
              },
              "system" : {
                "eventID" : "16384",
                "eventSourceName" : "Software Protection Platform Service",
                "keywords" : "0x80000000000000",
                "providerGuid" : "{E23B33B0-C8C9-472C-A5F9-F2BDFEA0F156}",
                "level" : "4",
                "channel" : "Application",
                "opcode" : "0",
                "message" : "\"順利排程軟體保護服務在 2124-03-27T14:45:53Z 重新啟動。原因: RulesEngine。\"",
                "version" : "0",
                "systemTime" : "2024-04-20T14:45:53.3897332Z",
                "eventRecordID" : "216988",
                "threadID" : "0",
                "computer" : "CHPIYR2",
                "task" : "0",
                "processID" : "2696",
                "severityValue" : "INFORMATION",
                "providerName" : "Microsoft-Windows-Security-SPP"
              }
            }
          },
          "rule" : {
            "firedtimes" : 10,
            "mail" : false,
            "level" : 3,
            "description" : "Software protection service scheduled successfully.",
            "groups" : [
              "windows",
              "windows_application"
            ],
            "id" : "60642"
          },
          "decoder" : {
            "name" : "windows_eventchannel"
          },
          "input" : {
            "type" : "log"
          },
          "@timestamp" : "2024-04-20T14:45:53.386Z",
          "location" : "EventChannel",
          "id" : "1713624353.13408865",
          "timestamp" : "2024-04-20T14:45:53.386+0000"
        }
      },
      {
        "_index" : "wazuh-alerts-4.x-2024.04.20",
        "_id" : "OioK_I4BwKHU0X257c7Y",
        "_score" : 0.0,
        "_source" : {
          "agent" : {
            "ip" : "192.168.1.216",
            "name" : "chpiyr2",
            "id" : "014"
          },
          "manager" : {
            "name" : "wazuh-server"
          },
          "data" : {
            "win" : {
              "eventdata" : {
                "binary" : "2D20436F64653A2020434F525356434330303030303737322D2043616C6C3A2020434F525356434330303030303735342D205049443A202030303032313236342D205449443A202030303032363131362D20434D443A2020433A5C57494E444F57535C73797374656D33325C76737376632E6578652020202D20557365723A204E616D653A204E5420415554484F524954595C53595354454D2C205349443A532D312D352D313820"
              },
              "system" : {
                "eventID" : "8224",
                "keywords" : "0x80000000000000",
                "level" : "4",
                "channel" : "Application",
                "opcode" : "0",
                "message" : "\"VSS 服務關閉，因為閒置逾時。 \"",
                "version" : "0",
                "systemTime" : "2024-04-20T15:05:53.4053865Z",
                "eventRecordID" : "216993",
                "threadID" : "0",
                "computer" : "CHPIYR2",
                "task" : "0",
                "processID" : "21264",
                "severityValue" : "INFORMATION",
                "providerName" : "VSS"
              }
            }
          },
          "rule" : {
            "firedtimes" : 2,
            "mail" : false,
            "level" : 5,
            "description" : "The VSS service is shutting down due to idle timeout.",
            "groups" : [
              "windows",
              "windows_application"
            ],
            "id" : "60702"
          },
          "decoder" : {
            "name" : "windows_eventchannel"
          },
          "input" : {
            "type" : "log"
          },
          "@timestamp" : "2024-04-20T15:05:53.441Z",
          "location" : "EventChannel",
          "id" : "1713625553.14315583",
          "timestamp" : "2024-04-20T15:05:53.441+0000"
        }
      },
      {
        "_index" : "wazuh-alerts-4.x-2024.04.20",
        "_id" : "WCoj_I4BwKHU0X25vc-z",
        "_score" : 0.0,
        "_source" : {
          "agent" : {
            "ip" : "192.168.1.216",
            "name" : "chpiyr2",
            "id" : "014"
          },
          "manager" : {
            "name" : "wazuh-server"
          },
          "data" : {
            "win" : {
              "eventdata" : {
                "subjectLogonId" : "0x3e7",
                "subjectDomainName" : "WORKGROUP",
                "targetLinkedLogonId" : "0x0",
                "impersonationLevel" : "%%1833",
                "authenticationPackageName" : "Negotiate",
                "targetLogonId" : "0x3e7",
                "logonProcessName" : "Advapi",
                "logonGuid" : "{00000000-0000-0000-0000-000000000000}",
                "targetUserName" : "SYSTEM",
                "keyLength" : "0",
                "elevatedToken" : "%%1842",
                "subjectUserSid" : "S-1-5-18",
                "processId" : "0x710",
                "processName" : "C:\\\\Windows\\\\System32\\\\services.exe",
                "targetDomainName" : "NT AUTHORITY",
                "targetUserSid" : "S-1-5-18",
                "virtualAccount" : "%%1843",
                "logonType" : "5",
                "subjectUserName" : "CHPIYR2$"
              },
              "system" : {
                "eventID" : "4624",
                "keywords" : "0x8020000000000000",
                "providerGuid" : "{54849625-5478-4994-a5ba-3e3b0328c30d}",
                "level" : "0",
                "channel" : "Security",
                "opcode" : "0",
                "message" : "\"帳戶已順利登入。\r\n\r\n主體:\r\n\t安全性識別碼:\t\tS-1-5-18\r\n\tA帳戶名稱:\t\tCHPIYR2$\r\n\t帳戶網域:\t\tWORKGROUP\r\n\t登入識別碼:\t\t0x3E7\r\n\r\n登入資訊:\r\n\t登入類型:\t\t5\r\n\t受限制的系統管理模式:\t-\r\n\tRemote Credential Guard:\t-\r\n\t虛擬帳戶:\t\t否\r\n\t提高權限的權杖:\t\t是\r\n\r\n模擬層級:\t\t模擬\r\n\r\n新登入:\r\n\t安全性識別碼:\t\tS-1-5-18\r\n\t帳戶名稱:\t\tSYSTEM\r\n\t帳戶網域:\t\tNT AUTHORITY\r\n\t登入識別碼:\t\t0x3E7\r\n\t連結的登入識別碼:\t\t0x0\r\n\t網路帳戶名稱:\t-\r\n\t網路帳戶網域:\t-\r\n\t登入 GUID:\t\t{00000000-0000-0000-0000-000000000000}\r\n\r\n處理程序資訊:\r\n\t處理程序識別碼:\t\t0x710\r\n\t處理程序名稱:\t\tC:\\Windows\\System32\\services.exe\r\n\r\n網路資訊:\r\n\t工作站名稱:\t-\r\n\t來源網路位址:\t-\r\n\t來源連接埠:\t\t-\r\n\r\n詳細的驗證資訊:\r\n\t登入處理程序:\t\tAdvapi  \r\n\t驗證封裝:\tNegotiate\r\n\t轉送的服務:\t-\r\n\t封裝名稱 (僅 NTLM):\t-\r\n\t金鑰長度:\t\t0\r\n\r\n建立登入工作階段時會產生此事件。它是在所存取的電腦上產生。\r\n\r\n主體欄位指出要求登入之本機系統上的帳戶。這通常是發生在服務 (例如伺服器服務) 或是本機處理程序 (例如 Winlogon.exe 或 Services.exe)。\r\n\r\n登入類型欄位指出發生的登入類型。最常見的類型是 2 (互動式) 與 3 (網路)。\r\n\r\n新登入欄位指出是哪個帳戶建立新登入，例如登入的帳戶。\r\n\r\n網路欄位指出遠端登入要求的來源。工作站名稱並非一律可用，在某些情況下可能會是空白。\r\n\r\n模擬層級欄位指出登入工作階段中的處理程序可以模擬的範圍。\r\n\r\n驗證資訊欄位提供關於此特定登入要求的詳細資訊。\r\n\t- 登入 GUID 是唯一識別碼，可用於關聯這個事件與 KDC 事件。\r\n\t- 轉送的服務指出哪一個中介服務已經加入這個登入要求。\r\n\t- 封裝名稱指出在 NTLM 通訊協定中使用哪一個子協定。\r\n\t- 金鑰長度指出產生的工作階段金鑰長度。如果沒有要求工作階段金鑰則為 0。\"",
                "version" : "3",
                "systemTime" : "2024-04-20T15:32:53.9093041Z",
                "eventRecordID" : "2235696",
                "threadID" : "30212",
                "computer" : "CHPIYR2",
                "task" : "12544",
                "processID" : "1844",
                "severityValue" : "AUDIT_SUCCESS",
                "providerName" : "Microsoft-Windows-Security-Auditing"
              }
            }
          },
          "rule" : {
            "mail" : false,
            "level" : 3,
            "hipaa" : [
              "164.312.b"
            ],
            "pci_dss" : [
              "10.2.5"
            ],
            "tsc" : [
              "CC6.8",
              "CC7.2",
              "CC7.3"
            ],
            "description" : "Windows logon success.",
            "groups" : [
              "windows",
              "windows_security",
              "authentication_success"
            ],
            "nist_800_53" : [
              "AC.7",
              "AU.14"
            ],
            "gdpr" : [
              "IV_32.2"
            ],
            "firedtimes" : 30,
            "mitre" : {
              "technique" : [
                "Valid Accounts"
              ],
              "id" : [
                "T1078"
              ],
              "tactic" : [
                "Defense Evasion",
                "Persistence",
                "Privilege Escalation",
                "Initial Access"
              ]
            },
            "id" : "60106",
            "gpg13" : [
              "7.1",
              "7.2"
            ]
          },
          "decoder" : {
            "name" : "windows_eventchannel"
          },
          "input" : {
            "type" : "log"
          },
          "@timestamp" : "2024-04-20T15:32:54.908Z",
          "location" : "EventChannel",
          "id" : "1713627174.14696239",
          "timestamp" : "2024-04-20T15:32:54.908+0000"
        }
      },
      {
        "_index" : "wazuh-alerts-4.x-2024.04.20",
        "_id" : "Xion_I4BwKHU0X25V8-b",
        "_score" : 0.0,
        "_source" : {
          "agent" : {
            "ip" : "192.168.1.216",
            "name" : "chpiyr2",
            "id" : "014"
          },
          "manager" : {
            "name" : "wazuh-server"
          },
          "data" : {
            "win" : {
              "eventdata" : {
                "subjectLogonId" : "0x3e7",
                "subjectDomainName" : "WORKGROUP",
                "targetLinkedLogonId" : "0x0",
                "impersonationLevel" : "%%1833",
                "authenticationPackageName" : "Negotiate",
                "targetLogonId" : "0x3e7",
                "logonProcessName" : "Advapi",
                "logonGuid" : "{00000000-0000-0000-0000-000000000000}",
                "targetUserName" : "SYSTEM",
                "keyLength" : "0",
                "elevatedToken" : "%%1842",
                "subjectUserSid" : "S-1-5-18",
                "processId" : "0x710",
                "processName" : "C:\\\\Windows\\\\System32\\\\services.exe",
                "targetDomainName" : "NT AUTHORITY",
                "targetUserSid" : "S-1-5-18",
                "virtualAccount" : "%%1843",
                "logonType" : "5",
                "subjectUserName" : "CHPIYR2$"
              },
              "system" : {
                "eventID" : "4624",
                "keywords" : "0x8020000000000000",
                "providerGuid" : "{54849625-5478-4994-a5ba-3e3b0328c30d}",
                "level" : "0",
                "channel" : "Security",
                "opcode" : "0",
                "message" : "\"帳戶已順利登入。\r\n\r\n主體:\r\n\t安全性識別碼:\t\tS-1-5-18\r\n\tA帳戶名稱:\t\tCHPIYR2$\r\n\t帳戶網域:\t\tWORKGROUP\r\n\t登入識別碼:\t\t0x3E7\r\n\r\n登入資訊:\r\n\t登入類型:\t\t5\r\n\t受限制的系統管理模式:\t-\r\n\tRemote Credential Guard:\t-\r\n\t虛擬帳戶:\t\t否\r\n\t提高權限的權杖:\t\t是\r\n\r\n模擬層級:\t\t模擬\r\n\r\n新登入:\r\n\t安全性識別碼:\t\tS-1-5-18\r\n\t帳戶名稱:\t\tSYSTEM\r\n\t帳戶網域:\t\tNT AUTHORITY\r\n\t登入識別碼:\t\t0x3E7\r\n\t連結的登入識別碼:\t\t0x0\r\n\t網路帳戶名稱:\t-\r\n\t網路帳戶網域:\t-\r\n\t登入 GUID:\t\t{00000000-0000-0000-0000-000000000000}\r\n\r\n處理程序資訊:\r\n\t處理程序識別碼:\t\t0x710\r\n\t處理程序名稱:\t\tC:\\Windows\\System32\\services.exe\r\n\r\n網路資訊:\r\n\t工作站名稱:\t-\r\n\t來源網路位址:\t-\r\n\t來源連接埠:\t\t-\r\n\r\n詳細的驗證資訊:\r\n\t登入處理程序:\t\tAdvapi  \r\n\t驗證封裝:\tNegotiate\r\n\t轉送的服務:\t-\r\n\t封裝名稱 (僅 NTLM):\t-\r\n\t金鑰長度:\t\t0\r\n\r\n建立登入工作階段時會產生此事件。它是在所存取的電腦上產生。\r\n\r\n主體欄位指出要求登入之本機系統上的帳戶。這通常是發生在服務 (例如伺服器服務) 或是本機處理程序 (例如 Winlogon.exe 或 Services.exe)。\r\n\r\n登入類型欄位指出發生的登入類型。最常見的類型是 2 (互動式) 與 3 (網路)。\r\n\r\n新登入欄位指出是哪個帳戶建立新登入，例如登入的帳戶。\r\n\r\n網路欄位指出遠端登入要求的來源。工作站名稱並非一律可用，在某些情況下可能會是空白。\r\n\r\n模擬層級欄位指出登入工作階段中的處理程序可以模擬的範圍。\r\n\r\n驗證資訊欄位提供關於此特定登入要求的詳細資訊。\r\n\t- 登入 GUID 是唯一識別碼，可用於關聯這個事件與 KDC 事件。\r\n\t- 轉送的服務指出哪一個中介服務已經加入這個登入要求。\r\n\t- 封裝名稱指出在 NTLM 通訊協定中使用哪一個子協定。\r\n\t- 金鑰長度指出產生的工作階段金鑰長度。如果沒有要求工作階段金鑰則為 0。\"",
                "version" : "3",
                "systemTime" : "2024-04-20T15:36:55.5092944Z",
                "eventRecordID" : "2235702",
                "threadID" : "17376",
                "computer" : "CHPIYR2",
                "task" : "12544",
                "processID" : "1844",
                "severityValue" : "AUDIT_SUCCESS",
                "providerName" : "Microsoft-Windows-Security-Auditing"
              }
            }
          },
          "rule" : {
            "mail" : false,
            "level" : 3,
            "hipaa" : [
              "164.312.b"
            ],
            "pci_dss" : [
              "10.2.5"
            ],
            "tsc" : [
              "CC6.8",
              "CC7.2",
              "CC7.3"
            ],
            "description" : "Windows logon success.",
            "groups" : [
              "windows",
              "windows_security",
              "authentication_success"
            ],
            "nist_800_53" : [
              "AC.7",
              "AU.14"
            ],
            "gdpr" : [
              "IV_32.2"
            ],
            "firedtimes" : 31,
            "mitre" : {
              "technique" : [
                "Valid Accounts"
              ],
              "id" : [
                "T1078"
              ],
              "tactic" : [
                "Defense Evasion",
                "Persistence",
                "Privilege Escalation",
                "Initial Access"
              ]
            },
            "id" : "60106",
            "gpg13" : [
              "7.1",
              "7.2"
            ]
          },
          "decoder" : {
            "name" : "windows_eventchannel"
          },
          "input" : {
            "type" : "log"
          },
          "@timestamp" : "2024-04-20T15:36:56.496Z",
          "location" : "EventChannel",
          "id" : "1713627416.14707446",
          "timestamp" : "2024-04-20T15:36:56.496+0000"
        }
      },
      {
        "_index" : "wazuh-alerts-4.x-2024.04.20",
        "_id" : "YCoo_I4BwKHU0X25t88q",
        "_score" : 0.0,
        "_source" : {
          "agent" : {
            "ip" : "192.168.1.216",
            "name" : "chpiyr2",
            "id" : "014"
          },
          "manager" : {
            "name" : "wazuh-server"
          },
          "data" : {
            "win" : {
              "eventdata" : {
                "data" : "2124-03-27T15:38:26Z, RulesEngine"
              },
              "system" : {
                "eventID" : "16384",
                "eventSourceName" : "Software Protection Platform Service",
                "keywords" : "0x80000000000000",
                "providerGuid" : "{E23B33B0-C8C9-472C-A5F9-F2BDFEA0F156}",
                "level" : "4",
                "channel" : "Application",
                "opcode" : "0",
                "message" : "\"順利排程軟體保護服務在 2124-03-27T15:38:26Z 重新啟動。原因: RulesEngine。\"",
                "version" : "0",
                "systemTime" : "2024-04-20T15:38:26.7521690Z",
                "eventRecordID" : "217004",
                "threadID" : "0",
                "computer" : "CHPIYR2",
                "task" : "0",
                "processID" : "10824",
                "severityValue" : "INFORMATION",
                "providerName" : "Microsoft-Windows-Security-SPP"
              }
            }
          },
          "rule" : {
            "firedtimes" : 6,
            "mail" : false,
            "level" : 3,
            "description" : "Software protection service scheduled successfully.",
            "groups" : [
              "windows",
              "windows_application"
            ],
            "id" : "60642"
          },
          "decoder" : {
            "name" : "windows_eventchannel"
          },
          "input" : {
            "type" : "log"
          },
          "@timestamp" : "2024-04-20T15:38:26.737Z",
          "location" : "EventChannel",
          "id" : "1713627506.14721192",
          "timestamp" : "2024-04-20T15:38:26.737+0000"
        }
      },
      {
        "_index" : "wazuh-alerts-4.x-2024.04.20",
        "_id" : "NSoU_I4BwKHU0X25Jc9Y",
        "_score" : 0.0,
        "_source" : {
          "agent" : {
            "ip" : "192.168.1.216",
            "name" : "chpiyr2",
            "id" : "014"
          },
          "manager" : {
            "name" : "wazuh-server"
          },
          "data" : {
            "win" : {
              "eventdata" : {
                "binary" : "2D20436F64653A2020434F525356434330303030303737322D2043616C6C3A2020434F525356434330303030303735342D205049443A202030303030313339362D205449443A202030303033303538302D20434D443A2020433A5C57494E444F57535C73797374656D33325C76737376632E6578652020202D20557365723A204E616D653A204E5420415554484F524954595C53595354454D2C205349443A532D312D352D313820"
              },
              "system" : {
                "eventID" : "8224",
                "keywords" : "0x80000000000000",
                "level" : "4",
                "channel" : "Application",
                "opcode" : "0",
                "message" : "\"VSS 服務關閉，因為閒置逾時。 \"",
                "version" : "0",
                "systemTime" : "2024-04-20T15:15:53.5758582Z",
                "eventRecordID" : "216998",
                "threadID" : "0",
                "computer" : "CHPIYR2",
                "task" : "0",
                "processID" : "1396",
                "severityValue" : "INFORMATION",
                "providerName" : "VSS"
              }
            }
          },
          "rule" : {
            "firedtimes" : 4,
            "mail" : false,
            "level" : 5,
            "description" : "The VSS service is shutting down due to idle timeout.",
            "groups" : [
              "windows",
              "windows_application"
            ],
            "id" : "60702"
          },
          "decoder" : {
            "name" : "windows_eventchannel"
          },
          "input" : {
            "type" : "log"
          },
          "@timestamp" : "2024-04-20T15:15:53.597Z",
          "location" : "EventChannel",
          "id" : "1713626153.14604201",
          "timestamp" : "2024-04-20T15:15:53.597+0000"
        }
      },
      {
        "_index" : "wazuh-alerts-4.x-2024.04.20",
        "_id" : "RCod_I4BwKHU0X25Oc-m",
        "_score" : 0.0,
        "_source" : {
          "agent" : {
            "ip" : "192.168.1.216",
            "name" : "chpiyr2",
            "id" : "014"
          },
          "manager" : {
            "name" : "wazuh-server"
          },
          "data" : {
            "win" : {
              "eventdata" : {
                "binary" : "2D20436F64653A2020434F525356434330303030303737322D2043616C6C3A2020434F525356434330303030303735342D205049443A202030303031343331322D205449443A202030303032363138342D20434D443A2020433A5C57494E444F57535C73797374656D33325C76737376632E6578652020202D20557365723A204E616D653A204E5420415554484F524954595C53595354454D2C205349443A532D312D352D313820"
              },
              "system" : {
                "eventID" : "8224",
                "keywords" : "0x80000000000000",
                "level" : "4",
                "channel" : "Application",
                "opcode" : "0",
                "message" : "\"VSS 服務關閉，因為閒置逾時。 \"",
                "version" : "0",
                "systemTime" : "2024-04-20T15:25:53.7535021Z",
                "eventRecordID" : "217000",
                "threadID" : "0",
                "computer" : "CHPIYR2",
                "task" : "0",
                "processID" : "14312",
                "severityValue" : "INFORMATION",
                "providerName" : "VSS"
              }
            }
          },
          "rule" : {
            "firedtimes" : 6,
            "mail" : false,
            "level" : 5,
            "description" : "The VSS service is shutting down due to idle timeout.",
            "groups" : [
              "windows",
              "windows_application"
            ],
            "id" : "60702"
          },
          "decoder" : {
            "name" : "windows_eventchannel"
          },
          "input" : {
            "type" : "log"
          },
          "@timestamp" : "2024-04-20T15:25:53.774Z",
          "location" : "EventChannel",
          "id" : "1713626753.14664205",
          "timestamp" : "2024-04-20T15:25:53.774+0000"
        }
      },
      {
        "_index" : "wazuh-alerts-4.x-2024.04.20",
        "_id" : "rSot_I4BwKHU0X254891",
        "_score" : 0.0,
        "_source" : {
          "agent" : {
            "ip" : "192.168.1.216",
            "name" : "chpiyr2",
            "id" : "014"
          },
          "manager" : {
            "name" : "wazuh-server"
          },
          "data" : {
            "win" : {
              "eventdata" : {
                "param3" : "指定啟動",
                "param4" : "BITS",
                "param1" : "Background Intelligent Transfer Service",
                "param2" : "自動啟動"
              },
              "system" : {
                "eventID" : "7040",
                "eventSourceName" : "Service Control Manager",
                "keywords" : "0x8080000000000000",
                "providerGuid" : "{555908d1-a6d7-4695-8e1e-26931d2012f4}",
                "level" : "4",
                "channel" : "System",
                "opcode" : "0",
                "message" : "\"Background Intelligent Transfer Service 服務的啟動類型已從 自動啟動 變更為 指定啟動。\"",
                "version" : "0",
                "systemTime" : "2024-04-20T15:44:05.4591253Z",
                "eventRecordID" : "295178",
                "threadID" : "8732",
                "computer" : "CHPIYR2",
                "task" : "0",
                "processID" : "1808",
                "severityValue" : "INFORMATION",
                "providerName" : "Service Control Manager"
              }
            }
          },
          "rule" : {
            "firedtimes" : 2,
            "mail" : false,
            "level" : 3,
            "pci_dss" : [
              "10.6"
            ],
            "hipaa" : [
              "164.312.b"
            ],
            "tsc" : [
              "CC6.1",
              "CC6.8",
              "CC7.2",
              "CC7.3"
            ],
            "description" : "Service startup type was changed",
            "groups" : [
              "windows",
              "windows_system",
              "policy_changed"
            ],
            "id" : "61104",
            "nist_800_53" : [
              "AU.6"
            ],
            "info" : "This does not appear to be logged on Windows 2000",
            "gdpr" : [
              "IV_35.7.d"
            ]
          },
          "decoder" : {
            "name" : "windows_eventchannel"
          },
          "input" : {
            "type" : "log"
          },
          "@timestamp" : "2024-04-20T15:44:06.444Z",
          "location" : "EventChannel",
          "id" : "1713627846.14857058",
          "timestamp" : "2024-04-20T15:44:06.444+0000"
        }
      },
      {
        "_index" : "wazuh-alerts-4.x-2024.04.20",
        "_id" : "aCos_I4BwKHU0X25YM-z",
        "_score" : 0.0,
        "_source" : {
          "agent" : {
            "ip" : "192.168.1.216",
            "name" : "chpiyr2",
            "id" : "014"
          },
          "manager" : {
            "name" : "wazuh-server"
          },
          "data" : {
            "win" : {
              "eventdata" : {
                "subjectLogonId" : "0x3e7",
                "subjectDomainName" : "WORKGROUP",
                "targetLinkedLogonId" : "0x0",
                "impersonationLevel" : "%%1833",
                "authenticationPackageName" : "Negotiate",
                "targetLogonId" : "0x3e7",
                "logonProcessName" : "Advapi",
                "logonGuid" : "{00000000-0000-0000-0000-000000000000}",
                "targetUserName" : "SYSTEM",
                "keyLength" : "0",
                "elevatedToken" : "%%1842",
                "subjectUserSid" : "S-1-5-18",
                "processId" : "0x710",
                "processName" : "C:\\\\Windows\\\\System32\\\\services.exe",
                "targetDomainName" : "NT AUTHORITY",
                "targetUserSid" : "S-1-5-18",
                "virtualAccount" : "%%1843",
                "logonType" : "5",
                "subjectUserName" : "CHPIYR2$"
              },
              "system" : {
                "eventID" : "4624",
                "keywords" : "0x8020000000000000",
                "providerGuid" : "{54849625-5478-4994-a5ba-3e3b0328c30d}",
                "level" : "0",
                "channel" : "Security",
                "opcode" : "0",
                "message" : "\"帳戶已順利登入。\r\n\r\n主體:\r\n\t安全性識別碼:\t\tS-1-5-18\r\n\tA帳戶名稱:\t\tCHPIYR2$\r\n\t帳戶網域:\t\tWORKGROUP\r\n\t登入識別碼:\t\t0x3E7\r\n\r\n登入資訊:\r\n\t登入類型:\t\t5\r\n\t受限制的系統管理模式:\t-\r\n\tRemote Credential Guard:\t-\r\n\t虛擬帳戶:\t\t否\r\n\t提高權限的權杖:\t\t是\r\n\r\n模擬層級:\t\t模擬\r\n\r\n新登入:\r\n\t安全性識別碼:\t\tS-1-5-18\r\n\t帳戶名稱:\t\tSYSTEM\r\n\t帳戶網域:\t\tNT AUTHORITY\r\n\t登入識別碼:\t\t0x3E7\r\n\t連結的登入識別碼:\t\t0x0\r\n\t網路帳戶名稱:\t-\r\n\t網路帳戶網域:\t-\r\n\t登入 GUID:\t\t{00000000-0000-0000-0000-000000000000}\r\n\r\n處理程序資訊:\r\n\t處理程序識別碼:\t\t0x710\r\n\t處理程序名稱:\t\tC:\\Windows\\System32\\services.exe\r\n\r\n網路資訊:\r\n\t工作站名稱:\t-\r\n\t來源網路位址:\t-\r\n\t來源連接埠:\t\t-\r\n\r\n詳細的驗證資訊:\r\n\t登入處理程序:\t\tAdvapi  \r\n\t驗證封裝:\tNegotiate\r\n\t轉送的服務:\t-\r\n\t封裝名稱 (僅 NTLM):\t-\r\n\t金鑰長度:\t\t0\r\n\r\n建立登入工作階段時會產生此事件。它是在所存取的電腦上產生。\r\n\r\n主體欄位指出要求登入之本機系統上的帳戶。這通常是發生在服務 (例如伺服器服務) 或是本機處理程序 (例如 Winlogon.exe 或 Services.exe)。\r\n\r\n登入類型欄位指出發生的登入類型。最常見的類型是 2 (互動式) 與 3 (網路)。\r\n\r\n新登入欄位指出是哪個帳戶建立新登入，例如登入的帳戶。\r\n\r\n網路欄位指出遠端登入要求的來源。工作站名稱並非一律可用，在某些情況下可能會是空白。\r\n\r\n模擬層級欄位指出登入工作階段中的處理程序可以模擬的範圍。\r\n\r\n驗證資訊欄位提供關於此特定登入要求的詳細資訊。\r\n\t- 登入 GUID 是唯一識別碼，可用於關聯這個事件與 KDC 事件。\r\n\t- 轉送的服務指出哪一個中介服務已經加入這個登入要求。\r\n\t- 封裝名稱指出在 NTLM 通訊協定中使用哪一個子協定。\r\n\t- 金鑰長度指出產生的工作階段金鑰長度。如果沒有要求工作階段金鑰則為 0。\"",
                "version" : "3",
                "systemTime" : "2024-04-20T15:42:19.4919758Z",
                "eventRecordID" : "2235713",
                "threadID" : "1652",
                "computer" : "CHPIYR2",
                "task" : "12544",
                "processID" : "1844",
                "severityValue" : "AUDIT_SUCCESS",
                "providerName" : "Microsoft-Windows-Security-Auditing"
              }
            }
          },
          "rule" : {
            "mail" : false,
            "level" : 3,
            "hipaa" : [
              "164.312.b"
            ],
            "pci_dss" : [
              "10.2.5"
            ],
            "tsc" : [
              "CC6.8",
              "CC7.2",
              "CC7.3"
            ],
            "description" : "Windows logon success.",
            "groups" : [
              "windows",
              "windows_security",
              "authentication_success"
            ],
            "nist_800_53" : [
              "AC.7",
              "AU.14"
            ],
            "gdpr" : [
              "IV_32.2"
            ],
            "firedtimes" : 36,
            "mitre" : {
              "technique" : [
                "Valid Accounts"
              ],
              "id" : [
                "T1078"
              ],
              "tactic" : [
                "Defense Evasion",
                "Persistence",
                "Privilege Escalation",
                "Initial Access"
              ]
            },
            "id" : "60106",
            "gpg13" : [
              "7.1",
              "7.2"
            ]
          },
          "decoder" : {
            "name" : "windows_eventchannel"
          },
          "input" : {
            "type" : "log"
          },
          "@timestamp" : "2024-04-20T15:42:20.480Z",
          "location" : "EventChannel",
          "id" : "1713627740.14746986",
          "timestamp" : "2024-04-20T15:42:20.480+0000"
        }
      },
      {
        "_index" : "wazuh-alerts-4.x-2024.04.20",
        "_id" : "aSos_I4BwKHU0X25bM9s",
        "_score" : 0.0,
        "_source" : {
          "agent" : {
            "ip" : "192.168.1.216",
            "name" : "chpiyr2",
            "id" : "014"
          },
          "manager" : {
            "name" : "wazuh-server"
          },
          "data" : {
            "win" : {
              "eventdata" : {
                "subjectLogonId" : "0x3e7",
                "subjectDomainName" : "WORKGROUP",
                "targetLinkedLogonId" : "0x0",
                "impersonationLevel" : "%%1833",
                "authenticationPackageName" : "Negotiate",
                "targetLogonId" : "0x3e7",
                "logonProcessName" : "Advapi",
                "logonGuid" : "{00000000-0000-0000-0000-000000000000}",
                "targetUserName" : "SYSTEM",
                "keyLength" : "0",
                "elevatedToken" : "%%1842",
                "subjectUserSid" : "S-1-5-18",
                "processId" : "0x710",
                "processName" : "C:\\\\Windows\\\\System32\\\\services.exe",
                "targetDomainName" : "NT AUTHORITY",
                "targetUserSid" : "S-1-5-18",
                "virtualAccount" : "%%1843",
                "logonType" : "5",
                "subjectUserName" : "CHPIYR2$"
              },
              "system" : {
                "eventID" : "4624",
                "keywords" : "0x8020000000000000",
                "providerGuid" : "{54849625-5478-4994-a5ba-3e3b0328c30d}",
                "level" : "0",
                "channel" : "Security",
                "opcode" : "0",
                "message" : "\"帳戶已順利登入。\r\n\r\n主體:\r\n\t安全性識別碼:\t\tS-1-5-18\r\n\tA帳戶名稱:\t\tCHPIYR2$\r\n\t帳戶網域:\t\tWORKGROUP\r\n\t登入識別碼:\t\t0x3E7\r\n\r\n登入資訊:\r\n\t登入類型:\t\t5\r\n\t受限制的系統管理模式:\t-\r\n\tRemote Credential Guard:\t-\r\n\t虛擬帳戶:\t\t否\r\n\t提高權限的權杖:\t\t是\r\n\r\n模擬層級:\t\t模擬\r\n\r\n新登入:\r\n\t安全性識別碼:\t\tS-1-5-18\r\n\t帳戶名稱:\t\tSYSTEM\r\n\t帳戶網域:\t\tNT AUTHORITY\r\n\t登入識別碼:\t\t0x3E7\r\n\t連結的登入識別碼:\t\t0x0\r\n\t網路帳戶名稱:\t-\r\n\t網路帳戶網域:\t-\r\n\t登入 GUID:\t\t{00000000-0000-0000-0000-000000000000}\r\n\r\n處理程序資訊:\r\n\t處理程序識別碼:\t\t0x710\r\n\t處理程序名稱:\t\tC:\\Windows\\System32\\services.exe\r\n\r\n網路資訊:\r\n\t工作站名稱:\t-\r\n\t來源網路位址:\t-\r\n\t來源連接埠:\t\t-\r\n\r\n詳細的驗證資訊:\r\n\t登入處理程序:\t\tAdvapi  \r\n\t驗證封裝:\tNegotiate\r\n\t轉送的服務:\t-\r\n\t封裝名稱 (僅 NTLM):\t-\r\n\t金鑰長度:\t\t0\r\n\r\n建立登入工作階段時會產生此事件。它是在所存取的電腦上產生。\r\n\r\n主體欄位指出要求登入之本機系統上的帳戶。這通常是發生在服務 (例如伺服器服務) 或是本機處理程序 (例如 Winlogon.exe 或 Services.exe)。\r\n\r\n登入類型欄位指出發生的登入類型。最常見的類型是 2 (互動式) 與 3 (網路)。\r\n\r\n新登入欄位指出是哪個帳戶建立新登入，例如登入的帳戶。\r\n\r\n網路欄位指出遠端登入要求的來源。工作站名稱並非一律可用，在某些情況下可能會是空白。\r\n\r\n模擬層級欄位指出登入工作階段中的處理程序可以模擬的範圍。\r\n\r\n驗證資訊欄位提供關於此特定登入要求的詳細資訊。\r\n\t- 登入 GUID 是唯一識別碼，可用於關聯這個事件與 KDC 事件。\r\n\t- 轉送的服務指出哪一個中介服務已經加入這個登入要求。\r\n\t- 封裝名稱指出在 NTLM 通訊協定中使用哪一個子協定。\r\n\t- 金鑰長度指出產生的工作階段金鑰長度。如果沒有要求工作階段金鑰則為 0。\"",
                "version" : "3",
                "systemTime" : "2024-04-20T15:42:31.1641395Z",
                "eventRecordID" : "2235715",
                "threadID" : "7620",
                "computer" : "CHPIYR2",
                "task" : "12544",
                "processID" : "1844",
                "severityValue" : "AUDIT_SUCCESS",
                "providerName" : "Microsoft-Windows-Security-Auditing"
              }
            }
          },
          "rule" : {
            "mail" : false,
            "level" : 3,
            "hipaa" : [
              "164.312.b"
            ],
            "pci_dss" : [
              "10.2.5"
            ],
            "tsc" : [
              "CC6.8",
              "CC7.2",
              "CC7.3"
            ],
            "description" : "Windows logon success.",
            "groups" : [
              "windows",
              "windows_security",
              "authentication_success"
            ],
            "nist_800_53" : [
              "AC.7",
              "AU.14"
            ],
            "gdpr" : [
              "IV_32.2"
            ],
            "firedtimes" : 37,
            "mitre" : {
              "technique" : [
                "Valid Accounts"
              ],
              "id" : [
                "T1078"
              ],
              "tactic" : [
                "Defense Evasion",
                "Persistence",
                "Privilege Escalation",
                "Initial Access"
              ]
            },
            "id" : "60106",
            "gpg13" : [
              "7.1",
              "7.2"
            ]
          },
          "decoder" : {
            "name" : "windows_eventchannel"
          },
          "input" : {
            "type" : "log"
          },
          "@timestamp" : "2024-04-20T15:42:32.160Z",
          "location" : "EventChannel",
          "id" : "1713627752.14753857",
          "timestamp" : "2024-04-20T15:42:32.160+0000"
        }
      },
      {
        "_index" : "wazuh-alerts-4.x-2024.04.20",
        "_id" : "ayos_I4BwKHU0X250c_-",
        "_score" : 0.0,
        "_source" : {
          "agent" : {
            "ip" : "192.168.1.216",
            "name" : "chpiyr2",
            "id" : "014"
          },
          "manager" : {
            "name" : "wazuh-server"
          },
          "data" : {
            "win" : {
              "eventdata" : {
                "subjectLogonId" : "0x3e7",
                "subjectDomainName" : "WORKGROUP",
                "targetLinkedLogonId" : "0x0",
                "impersonationLevel" : "%%1833",
                "authenticationPackageName" : "Negotiate",
                "targetLogonId" : "0x3e7",
                "logonProcessName" : "Advapi",
                "logonGuid" : "{00000000-0000-0000-0000-000000000000}",
                "targetUserName" : "SYSTEM",
                "keyLength" : "0",
                "elevatedToken" : "%%1842",
                "subjectUserSid" : "S-1-5-18",
                "processId" : "0x710",
                "processName" : "C:\\\\Windows\\\\System32\\\\services.exe",
                "targetDomainName" : "NT AUTHORITY",
                "targetUserSid" : "S-1-5-18",
                "virtualAccount" : "%%1843",
                "logonType" : "5",
                "subjectUserName" : "CHPIYR2$"
              },
              "system" : {
                "eventID" : "4624",
                "keywords" : "0x8020000000000000",
                "providerGuid" : "{54849625-5478-4994-a5ba-3e3b0328c30d}",
                "level" : "0",
                "channel" : "Security",
                "opcode" : "0",
                "message" : "\"帳戶已順利登入。\r\n\r\n主體:\r\n\t安全性識別碼:\t\tS-1-5-18\r\n\tA帳戶名稱:\t\tCHPIYR2$\r\n\t帳戶網域:\t\tWORKGROUP\r\n\t登入識別碼:\t\t0x3E7\r\n\r\n登入資訊:\r\n\t登入類型:\t\t5\r\n\t受限制的系統管理模式:\t-\r\n\tRemote Credential Guard:\t-\r\n\t虛擬帳戶:\t\t否\r\n\t提高權限的權杖:\t\t是\r\n\r\n模擬層級:\t\t模擬\r\n\r\n新登入:\r\n\t安全性識別碼:\t\tS-1-5-18\r\n\t帳戶名稱:\t\tSYSTEM\r\n\t帳戶網域:\t\tNT AUTHORITY\r\n\t登入識別碼:\t\t0x3E7\r\n\t連結的登入識別碼:\t\t0x0\r\n\t網路帳戶名稱:\t-\r\n\t網路帳戶網域:\t-\r\n\t登入 GUID:\t\t{00000000-0000-0000-0000-000000000000}\r\n\r\n處理程序資訊:\r\n\t處理程序識別碼:\t\t0x710\r\n\t處理程序名稱:\t\tC:\\Windows\\System32\\services.exe\r\n\r\n網路資訊:\r\n\t工作站名稱:\t-\r\n\t來源網路位址:\t-\r\n\t來源連接埠:\t\t-\r\n\r\n詳細的驗證資訊:\r\n\t登入處理程序:\t\tAdvapi  \r\n\t驗證封裝:\tNegotiate\r\n\t轉送的服務:\t-\r\n\t封裝名稱 (僅 NTLM):\t-\r\n\t金鑰長度:\t\t0\r\n\r\n建立登入工作階段時會產生此事件。它是在所存取的電腦上產生。\r\n\r\n主體欄位指出要求登入之本機系統上的帳戶。這通常是發生在服務 (例如伺服器服務) 或是本機處理程序 (例如 Winlogon.exe 或 Services.exe)。\r\n\r\n登入類型欄位指出發生的登入類型。最常見的類型是 2 (互動式) 與 3 (網路)。\r\n\r\n新登入欄位指出是哪個帳戶建立新登入，例如登入的帳戶。\r\n\r\n網路欄位指出遠端登入要求的來源。工作站名稱並非一律可用，在某些情況下可能會是空白。\r\n\r\n模擬層級欄位指出登入工作階段中的處理程序可以模擬的範圍。\r\n\r\n驗證資訊欄位提供關於此特定登入要求的詳細資訊。\r\n\t- 登入 GUID 是唯一識別碼，可用於關聯這個事件與 KDC 事件。\r\n\t- 轉送的服務指出哪一個中介服務已經加入這個登入要求。\r\n\t- 封裝名稱指出在 NTLM 通訊協定中使用哪一個子協定。\r\n\t- 金鑰長度指出產生的工作階段金鑰長度。如果沒有要求工作階段金鑰則為 0。\"",
                "version" : "3",
                "systemTime" : "2024-04-20T15:42:54.0995990Z",
                "eventRecordID" : "2235719",
                "threadID" : "17148",
                "computer" : "CHPIYR2",
                "task" : "12544",
                "processID" : "1844",
                "severityValue" : "AUDIT_SUCCESS",
                "providerName" : "Microsoft-Windows-Security-Auditing"
              }
            }
          },
          "rule" : {
            "mail" : false,
            "level" : 3,
            "hipaa" : [
              "164.312.b"
            ],
            "pci_dss" : [
              "10.2.5"
            ],
            "tsc" : [
              "CC6.8",
              "CC7.2",
              "CC7.3"
            ],
            "description" : "Windows logon success.",
            "groups" : [
              "windows",
              "windows_security",
              "authentication_success"
            ],
            "nist_800_53" : [
              "AC.7",
              "AU.14"
            ],
            "gdpr" : [
              "IV_32.2"
            ],
            "firedtimes" : 39,
            "mitre" : {
              "technique" : [
                "Valid Accounts"
              ],
              "id" : [
                "T1078"
              ],
              "tactic" : [
                "Defense Evasion",
                "Persistence",
                "Privilege Escalation",
                "Initial Access"
              ]
            },
            "id" : "60106",
            "gpg13" : [
              "7.1",
              "7.2"
            ]
          },
          "decoder" : {
            "name" : "windows_eventchannel"
          },
          "input" : {
            "type" : "log"
          },
          "@timestamp" : "2024-04-20T15:42:55.088Z",
          "location" : "EventChannel",
          "id" : "1713627775.14767599",
          "timestamp" : "2024-04-20T15:42:55.088+0000"
        }
      },
      {
        "_index" : "wazuh-alerts-4.x-2024.04.20",
        "_id" : "Zyor_I4BwKHU0X25_88O",
        "_score" : 0.0,
        "_source" : {
          "agent" : {
            "ip" : "192.168.1.216",
            "name" : "chpiyr2",
            "id" : "014"
          },
          "manager" : {
            "name" : "wazuh-server"
          },
          "data" : {
            "win" : {
              "eventdata" : {
                "param3" : "自動啟動",
                "param4" : "BITS",
                "param1" : "Background Intelligent Transfer Service",
                "param2" : "指定啟動"
              },
              "system" : {
                "eventID" : "7040",
                "eventSourceName" : "Service Control Manager",
                "keywords" : "0x8080000000000000",
                "providerGuid" : "{555908d1-a6d7-4695-8e1e-26931d2012f4}",
                "level" : "4",
                "channel" : "System",
                "opcode" : "0",
                "message" : "\"Background Intelligent Transfer Service 服務的啟動類型已從 指定啟動 變更為 自動啟動。\"",
                "version" : "0",
                "systemTime" : "2024-04-20T15:42:00.6901278Z",
                "eventRecordID" : "295177",
                "threadID" : "3932",
                "computer" : "CHPIYR2",
                "task" : "0",
                "processID" : "1808",
                "severityValue" : "INFORMATION",
                "providerName" : "Service Control Manager"
              }
            }
          },
          "rule" : {
            "firedtimes" : 1,
            "mail" : false,
            "level" : 3,
            "pci_dss" : [
              "10.6"
            ],
            "hipaa" : [
              "164.312.b"
            ],
            "tsc" : [
              "CC6.1",
              "CC6.8",
              "CC7.2",
              "CC7.3"
            ],
            "description" : "Service startup type was changed",
            "groups" : [
              "windows",
              "windows_system",
              "policy_changed"
            ],
            "id" : "61104",
            "nist_800_53" : [
              "AU.6"
            ],
            "info" : "This does not appear to be logged on Windows 2000",
            "gdpr" : [
              "IV_35.7.d"
            ]
          },
          "decoder" : {
            "name" : "windows_eventchannel"
          },
          "input" : {
            "type" : "log"
          },
          "@timestamp" : "2024-04-20T15:42:01.712Z",
          "location" : "EventChannel",
          "id" : "1713627721.14745183",
          "timestamp" : "2024-04-20T15:42:01.712+0000"
        }
      },
      {
        "_index" : "wazuh-alerts-4.x-2024.04.20",
        "_id" : "ZSor_I4BwKHU0X25Ac8k",
        "_score" : 0.0,
        "_source" : {
          "agent" : {
            "ip" : "192.168.1.216",
            "name" : "chpiyr2",
            "id" : "014"
          },
          "manager" : {
            "name" : "wazuh-server"
          },
          "data" : {
            "win" : {
              "eventdata" : {
                "binary" : "2D20436F64653A2020434F525356434330303030303737322D2043616C6C3A2020434F525356434330303030303735342D205049443A202030303032353936342D205449443A202030303031363937362D20434D443A2020433A5C57494E444F57535C73797374656D33325C76737376632E6578652020202D20557365723A204E616D653A204E5420415554484F524954595C53595354454D2C205349443A532D312D352D313820"
              },
              "system" : {
                "eventID" : "8224",
                "keywords" : "0x80000000000000",
                "level" : "4",
                "channel" : "Application",
                "opcode" : "0",
                "message" : "\"VSS 服務關閉，因為閒置逾時。 \"",
                "version" : "0",
                "systemTime" : "2024-04-20T15:40:54.0315933Z",
                "eventRecordID" : "217005",
                "threadID" : "0",
                "computer" : "CHPIYR2",
                "task" : "0",
                "processID" : "25964",
                "severityValue" : "INFORMATION",
                "providerName" : "VSS"
              }
            }
          },
          "rule" : {
            "firedtimes" : 9,
            "mail" : false,
            "level" : 5,
            "description" : "The VSS service is shutting down due to idle timeout.",
            "groups" : [
              "windows",
              "windows_application"
            ],
            "id" : "60702"
          },
          "decoder" : {
            "name" : "windows_eventchannel"
          },
          "input" : {
            "type" : "log"
          },
          "@timestamp" : "2024-04-20T15:40:54.057Z",
          "location" : "EventChannel",
          "id" : "1713627654.14736548",
          "timestamp" : "2024-04-20T15:40:54.057+0000"
        }
      },
