      {
        "_index" : "wazuh-alerts-4.x-2024.05.14",
        "_id" : "A56bdo8BFz3DvWCkvi-s",
        "_score" : 0.0,
        "_source" : {
          "cluster" : {
            "node" : "node01",
            "name" : "wazuh"
          },
          "agent" : {
            "ip" : "192.168.1.216",
            "name" : "chpiyr2",
            "id" : "014"
          },
          "manager" : {
            "name" : "wazuh-server"
          },
          "data" : {
            "win" : {
              "eventdata" : {
                "subjectLogonId" : "0x3e7",
                "subjectDomainName" : "WORKGROUP",
                "targetLinkedLogonId" : "0x0",
                "impersonationLevel" : "%%1833",
                "authenticationPackageName" : "Negotiate",
                "targetLogonId" : "0x3e7",
                "logonProcessName" : "Advapi",
                "logonGuid" : "{00000000-0000-0000-0000-000000000000}",
                "targetUserName" : "SYSTEM",
                "keyLength" : "0",
                "elevatedToken" : "%%1842",
                "subjectUserSid" : "S-1-5-18",
                "processId" : "0x710",
                "processName" : "C:\\\\Windows\\\\System32\\\\services.exe",
                "targetDomainName" : "NT AUTHORITY",
                "targetUserSid" : "S-1-5-18",
                "virtualAccount" : "%%1843",
                "logonType" : "5",
                "subjectUserName" : "CHPIYR2$"
              },
              "system" : {
                "eventID" : "4624",
                "keywords" : "0x8020000000000000",
                "providerGuid" : "{54849625-5478-4994-a5ba-3e3b0328c30d}",
                "level" : "0",
                "channel" : "Security",
                "opcode" : "0",
                "message" : "\"帳戶已順利登入。\r\n\r\n主體:\r\n\t安全性識別碼:\t\tS-1-5-18\r\n\tA帳戶名稱:\t\tCHPIYR2$\r\n\t帳戶網域:\t\tWORKGROUP\r\n\t登入識別碼:\t\t0x3E7\r\n\r\n登入資訊:\r\n\t登入類型:\t\t5\r\n\t受限制的系統管理模式:\t-\r\n\tRemote Credential Guard:\t-\r\n\t虛擬帳戶:\t\t否\r\n\t提高權限的權杖:\t\t是\r\n\r\n模擬層級:\t\t模擬\r\n\r\n新登入:\r\n\t安全性識別碼:\t\tS-1-5-18\r\n\t帳戶名稱:\t\tSYSTEM\r\n\t帳戶網域:\t\tNT AUTHORITY\r\n\t登入識別碼:\t\t0x3E7\r\n\t連結的登入識別碼:\t\t0x0\r\n\t網路帳戶名稱:\t-\r\n\t網路帳戶網域:\t-\r\n\t登入 GUID:\t\t{00000000-0000-0000-0000-000000000000}\r\n\r\n處理程序資訊:\r\n\t處理程序識別碼:\t\t0x710\r\n\t處理程序名稱:\t\tC:\\Windows\\System32\\services.exe\r\n\r\n網路資訊:\r\n\t工作站名稱:\t-\r\n\t來源網路位址:\t-\r\n\t來源連接埠:\t\t-\r\n\r\n詳細的驗證資訊:\r\n\t登入處理程序:\t\tAdvapi  \r\n\t驗證封裝:\tNegotiate\r\n\t轉送的服務:\t-\r\n\t封裝名稱 (僅 NTLM):\t-\r\n\t金鑰長度:\t\t0\r\n\r\n建立登入工作階段時會產生此事件。它是在所存取的電腦上產生。\r\n\r\n主體欄位指出要求登入之本機系統上的帳戶。這通常是發生在服務 (例如伺服器服務) 或是本機處理程序 (例如 Winlogon.exe 或 Services.exe)。\r\n\r\n登入類型欄位指出發生的登入類型。最常見的類型是 2 (互動式) 與 3 (網路)。\r\n\r\n新登入欄位指出是哪個帳戶建立新登入，例如登入的帳戶。\r\n\r\n網路欄位指出遠端登入要求的來源。工作站名稱並非一律可用，在某些情況下可能會是空白。\r\n\r\n模擬層級欄位指出登入工作階段中的處理程序可以模擬的範圍。\r\n\r\n驗證資訊欄位提供關於此特定登入要求的詳細資訊。\r\n\t- 登入 GUID 是唯一識別碼，可用於關聯這個事件與 KDC 事件。\r\n\t- 轉送的服務指出哪一個中介服務已經加入這個登入要求。\r\n\t- 封裝名稱指出在 NTLM 通訊協定中使用哪一個子協定。\r\n\t- 金鑰長度指出產生的工作階段金鑰長度。如果沒有要求工作階段金鑰則為 0。\"",
                "version" : "3",
                "systemTime" : "2024-05-14T10:17:44.0357677Z",
                "eventRecordID" : "3237219",
                "threadID" : "78128",
                "computer" : "CHPIYR2",
                "task" : "12544",
                "processID" : "1840",
                "severityValue" : "AUDIT_SUCCESS",
                "providerName" : "Microsoft-Windows-Security-Auditing"
              }
            }
          },
          "rule" : {
            "mail" : false,
            "level" : 3,
            "hipaa" : [
              "164.312.b"
            ],
            "pci_dss" : [
              "10.2.5"
            ],
            "tsc" : [
              "CC6.8",
              "CC7.2",
              "CC7.3"
            ],
            "description" : "Windows logon success.",
            "groups" : [
              "windows",
              "windows_security",
              "authentication_success"
            ],
            "nist_800_53" : [
              "AC.7",
              "AU.14"
            ],
            "gdpr" : [
              "IV_32.2"
            ],
            "firedtimes" : 7,
            "mitre" : {
              "technique" : [
                "Valid Accounts"
              ],
              "id" : [
                "T1078"
              ],
              "tactic" : [
                "Defense Evasion",
                "Persistence",
                "Privilege Escalation",
                "Initial Access"
              ]
            },
            "id" : "60106",
            "gpg13" : [
              "7.1",
              "7.2"
            ]
          },
          "decoder" : {
            "name" : "windows_eventchannel"
          },
          "input" : {
            "type" : "log"
          },
          "@timestamp" : "2024-05-14T10:17:44.560Z",
          "location" : "EventChannel",
          "id" : "1715681864.2273662",
          "timestamp" : "2024-05-14T10:17:44.560+0000"
        }
      },
      {
        "_index" : "wazuh-alerts-4.x-2024.05.14",
        "_id" : "GJ6cdo8BFz3DvWCkUy8Z",
        "_score" : 0.0,
        "_source" : {
          "cluster" : {
            "node" : "node01",
            "name" : "wazuh"
          },
          "agent" : {
            "ip" : "192.168.1.216",
            "name" : "chpiyr2",
            "id" : "014"
          },
          "manager" : {
            "name" : "wazuh-server"
          },
          "data" : {
            "win" : {
              "eventdata" : {
                "data" : "2124-04-20T10:18:18Z, RulesEngine"
              },
              "system" : {
                "eventID" : "16384",
                "eventSourceName" : "Software Protection Platform Service",
                "keywords" : "0x80000000000000",
                "providerGuid" : "{E23B33B0-C8C9-472C-A5F9-F2BDFEA0F156}",
                "level" : "4",
                "channel" : "Application",
                "opcode" : "0",
                "message" : "\"順利排程軟體保護服務在 2124-04-20T10:18:18Z 重新啟動。原因: RulesEngine。\"",
                "version" : "0",
                "systemTime" : "2024-05-14T10:18:18.6262519Z",
                "eventRecordID" : "237416",
                "threadID" : "0",
                "computer" : "CHPIYR2",
                "task" : "0",
                "processID" : "71300",
                "severityValue" : "INFORMATION",
                "providerName" : "Microsoft-Windows-Security-SPP"
              }
            }
          },
          "rule" : {
            "firedtimes" : 4,
            "mail" : false,
            "level" : 3,
            "description" : "Software protection service scheduled successfully.",
            "groups" : [
              "windows",
              "windows_application"
            ],
            "id" : "60642"
          },
          "decoder" : {
            "name" : "windows_eventchannel"
          },
          "input" : {
            "type" : "log"
          },
          "@timestamp" : "2024-05-14T10:18:18.134Z",
          "location" : "EventChannel",
          "id" : "1715681898.2287406",
          "timestamp" : "2024-05-14T10:18:18.134+0000"
        }
      },
      {
        "_index" : "wazuh-alerts-4.x-2024.05.14",
        "_id" : "_57edo8BFz3DvWCkzzQ7",
        "_score" : 0.0,
        "_source" : {
          "cluster" : {
            "node" : "node01",
            "name" : "wazuh"
          },
          "agent" : {
            "ip" : "192.168.1.216",
            "name" : "chpiyr2",
            "id" : "014"
          },
          "manager" : {
            "name" : "wazuh-server"
          },
          "data" : {
            "win" : {
              "eventdata" : {
                "updateRevisionNumber" : "1",
                "updateGuid" : "{dd7cda1d-880f-4faf-bd9f-09ca96f37222}",
                "serviceGuid" : "{855e8a7c-ecb4-4ca3-b045-1dfa50104289}",
                "errorCode" : "0x80073d02",
                "updateTitle" : "9MV0B5HZVK9Z-Microsoft.GamingApp"
              },
              "system" : {
                "eventID" : "20",
                "keywords" : "0x8000000000000028",
                "providerGuid" : "{945a8954-c147-4acd-923f-40c45405a658}",
                "level" : "2",
                "channel" : "System",
                "opcode" : "13",
                "message" : "\"安裝失敗: Windows 無法安裝下列更新，錯誤 0x80073D02: 9MV0B5HZVK9Z-Microsoft.GamingApp。\"",
                "version" : "1",
                "systemTime" : "2024-05-14T11:31:03.3048986Z",
                "eventRecordID" : "321722",
                "threadID" : "84496",
                "computer" : "CHPIYR2",
                "task" : "1",
                "processID" : "84584",
                "severityValue" : "ERROR",
                "providerName" : "Microsoft-Windows-WindowsUpdateClient"
              }
            }
          },
          "rule" : {
            "firedtimes" : 2,
            "mail" : false,
            "level" : 5,
            "description" : "Windows System error event",
            "groups" : [
              "windows",
              "windows_system",
              "system_error"
            ],
            "id" : "61102",
            "gpg13" : [
              "4.3"
            ],
            "gdpr" : [
              "IV_35.7.d"
            ]
          },
          "decoder" : {
            "name" : "windows_eventchannel"
          },
          "input" : {
            "type" : "log"
          },
          "@timestamp" : "2024-05-14T11:31:02.823Z",
          "location" : "EventChannel",
          "id" : "1715686262.2681113",
          "timestamp" : "2024-05-14T11:31:02.823+0000"
        }
      },
      {
        "_index" : "wazuh-alerts-4.x-2024.05.14",
        "_id" : "AJ7edo8BFz3DvWCk0zUk",
        "_score" : 0.0,
        "_source" : {
          "cluster" : {
            "node" : "node01",
            "name" : "wazuh"
          },
          "agent" : {
            "ip" : "192.168.1.216",
            "name" : "chpiyr2",
            "id" : "014"
          },
          "manager" : {
            "name" : "wazuh-server"
          },
          "data" : {
            "win" : {
              "eventdata" : {
                "subjectLogonId" : "0x3e7",
                "subjectDomainName" : "WORKGROUP",
                "targetLinkedLogonId" : "0x0",
                "impersonationLevel" : "%%1833",
                "authenticationPackageName" : "Negotiate",
                "targetLogonId" : "0x3e7",
                "logonProcessName" : "Advapi",
                "logonGuid" : "{00000000-0000-0000-0000-000000000000}",
                "targetUserName" : "SYSTEM",
                "keyLength" : "0",
                "elevatedToken" : "%%1842",
                "subjectUserSid" : "S-1-5-18",
                "processId" : "0x710",
                "processName" : "C:\\\\Windows\\\\System32\\\\services.exe",
                "targetDomainName" : "NT AUTHORITY",
                "targetUserSid" : "S-1-5-18",
                "virtualAccount" : "%%1843",
                "logonType" : "5",
                "subjectUserName" : "CHPIYR2$"
              },
              "system" : {
                "eventID" : "4624",
                "keywords" : "0x8020000000000000",
                "providerGuid" : "{54849625-5478-4994-a5ba-3e3b0328c30d}",
                "level" : "0",
                "channel" : "Security",
                "opcode" : "0",
                "message" : "\"帳戶已順利登入。\r\n\r\n主體:\r\n\t安全性識別碼:\t\tS-1-5-18\r\n\tA帳戶名稱:\t\tCHPIYR2$\r\n\t帳戶網域:\t\tWORKGROUP\r\n\t登入識別碼:\t\t0x3E7\r\n\r\n登入資訊:\r\n\t登入類型:\t\t5\r\n\t受限制的系統管理模式:\t-\r\n\tRemote Credential Guard:\t-\r\n\t虛擬帳戶:\t\t否\r\n\t提高權限的權杖:\t\t是\r\n\r\n模擬層級:\t\t模擬\r\n\r\n新登入:\r\n\t安全性識別碼:\t\tS-1-5-18\r\n\t帳戶名稱:\t\tSYSTEM\r\n\t帳戶網域:\t\tNT AUTHORITY\r\n\t登入識別碼:\t\t0x3E7\r\n\t連結的登入識別碼:\t\t0x0\r\n\t網路帳戶名稱:\t-\r\n\t網路帳戶網域:\t-\r\n\t登入 GUID:\t\t{00000000-0000-0000-0000-000000000000}\r\n\r\n處理程序資訊:\r\n\t處理程序識別碼:\t\t0x710\r\n\t處理程序名稱:\t\tC:\\Windows\\System32\\services.exe\r\n\r\n網路資訊:\r\n\t工作站名稱:\t-\r\n\t來源網路位址:\t-\r\n\t來源連接埠:\t\t-\r\n\r\n詳細的驗證資訊:\r\n\t登入處理程序:\t\tAdvapi  \r\n\t驗證封裝:\tNegotiate\r\n\t轉送的服務:\t-\r\n\t封裝名稱 (僅 NTLM):\t-\r\n\t金鑰長度:\t\t0\r\n\r\n建立登入工作階段時會產生此事件。它是在所存取的電腦上產生。\r\n\r\n主體欄位指出要求登入之本機系統上的帳戶。這通常是發生在服務 (例如伺服器服務) 或是本機處理程序 (例如 Winlogon.exe 或 Services.exe)。\r\n\r\n登入類型欄位指出發生的登入類型。最常見的類型是 2 (互動式) 與 3 (網路)。\r\n\r\n新登入欄位指出是哪個帳戶建立新登入，例如登入的帳戶。\r\n\r\n網路欄位指出遠端登入要求的來源。工作站名稱並非一律可用，在某些情況下可能會是空白。\r\n\r\n模擬層級欄位指出登入工作階段中的處理程序可以模擬的範圍。\r\n\r\n驗證資訊欄位提供關於此特定登入要求的詳細資訊。\r\n\t- 登入 GUID 是唯一識別碼，可用於關聯這個事件與 KDC 事件。\r\n\t- 轉送的服務指出哪一個中介服務已經加入這個登入要求。\r\n\t- 封裝名稱指出在 NTLM 通訊協定中使用哪一個子協定。\r\n\t- 金鑰長度指出產生的工作階段金鑰長度。如果沒有要求工作階段金鑰則為 0。\"",
                "version" : "3",
                "systemTime" : "2024-05-14T11:31:03.4267661Z",
                "eventRecordID" : "3238262",
                "threadID" : "83584",
                "computer" : "CHPIYR2",
                "task" : "12544",
                "processID" : "1840",
                "severityValue" : "AUDIT_SUCCESS",
                "providerName" : "Microsoft-Windows-Security-Auditing"
              }
            }
          },
          "rule" : {
            "mail" : false,
            "level" : 3,
            "hipaa" : [
              "164.312.b"
            ],
            "pci_dss" : [
              "10.2.5"
            ],
            "tsc" : [
              "CC6.8",
              "CC7.2",
              "CC7.3"
            ],
            "description" : "Windows logon success.",
            "groups" : [
              "windows",
              "windows_security",
              "authentication_success"
            ],
            "nist_800_53" : [
              "AC.7",
              "AU.14"
            ],
            "gdpr" : [
              "IV_32.2"
            ],
            "firedtimes" : 28,
            "mitre" : {
              "technique" : [
                "Valid Accounts"
              ],
              "id" : [
                "T1078"
              ],
              "tactic" : [
                "Defense Evasion",
                "Persistence",
                "Privilege Escalation",
                "Initial Access"
              ]
            },
            "id" : "60106",
            "gpg13" : [
              "7.1",
              "7.2"
            ]
          },
          "decoder" : {
            "name" : "windows_eventchannel"
          },
          "input" : {
            "type" : "log"
          },
          "@timestamp" : "2024-05-14T11:31:03.926Z",
          "location" : "EventChannel",
          "id" : "1715686263.2682948",
          "timestamp" : "2024-05-14T11:31:03.926+0000"
        }
      },
      {
        "_index" : "wazuh-alerts-4.x-2024.05.14",
        "_id" : "CJ7fdo8BFz3DvWCkRDVw",
        "_score" : 0.0,
        "_source" : {
          "cluster" : {
            "node" : "node01",
            "name" : "wazuh"
          },
          "agent" : {
            "ip" : "192.168.1.216",
            "name" : "chpiyr2",
            "id" : "014"
          },
          "manager" : {
            "name" : "wazuh-server"
          },
          "data" : {
            "win" : {
              "eventdata" : {
                "p1" : "Update;ScanForUpdatesForUser",
                "p2" : "80073d02",
                "rechecking" : "0",
                "p3" : "22631",
                "attachedFiles" : "  \\\\\\\\?\\\\C:\\\\Windows\\\\Temp\\\\FailureReportMetadata_4120.txt  \\\\\\\\?\\\\C:\\\\ProgramData\\\\Microsoft\\\\Windows\\\\WER\\\\Temp\\\\WER.5ff29d4e-e671-446c-99fa-929a73c9fcad.tmp.WERInternalMetadata.xml  \\\\\\\\?\\\\C:\\\\ProgramData\\\\Microsoft\\\\Windows\\\\WER\\\\ReportQueue\\\\NonCritical_Update;ScanForUp_551f6e45d673d83c48ec214ae353ba9fbce6143_00000000_cab_31ea65ae-a843-4b9a-ac78-a94cd8c69723\\\\WPR_initiated_DiagTrackMiniLogger_OneTrace_User_Logger_20240514_1_EC_0_inject.etl  \\\\\\\\?\\\\C:\\\\ProgramData\\\\Microsoft\\\\Windows\\\\WER\\\\Temp\\\\WER.adb1a76e-b225-4c98-b3ef-30cbbb5867df.tmp.etl  \\\\\\\\?\\\\C:\\\\ProgramData\\\\Microsoft\\\\Windows\\\\WER\\\\ReportQueue\\\\NonCritical_Update;ScanForUp_551f6e45d673d83c48ec214ae353ba9fbce6143_00000000_cab_31ea65ae-a843-4b9a-ac78-a94cd8c69723\\\\WPR_initiated_DiagTrackMiniLogger_WPR System Collector_inject.etl  \\\\\\\\?\\\\C:\\\\ProgramData\\\\Microsoft\\\\Windows\\\\WER\\\\Temp\\\\WER.d727e971-771e-46bb-95da-38b88bfb3b4b.tmp.etl  \\\\\\\\?\\\\C:\\\\ProgramData\\\\Microsoft\\\\Windows\\\\WER\\\\Temp\\\\WER.240e1a9f-86eb-4f5b-82bb-d8d079c77234.tmp.csv  \\\\\\\\?\\\\C:\\\\ProgramData\\\\Microsoft\\\\Windows\\\\WER\\\\Temp\\\\WER.ad0f19b1-f0eb-44c5-b547-cd4bec0b69ad.tmp.txt  \\\\\\\\?\\\\C:\\\\ProgramData\\\\Microsoft\\\\Windows\\\\WER\\\\Temp\\\\WER.c77676a4-76dc-4f8a-91e3-af01da31a138.tmp.xml",
                "p4" : "3447",
                "reportId" : "31ea65ae-a843-4b9a-ac78-a94cd8c69723",
                "p5" : "Windows.Desktop",
                "p6" : "G",
                "reportStatus" : "268435456",
                "bucket" : "1862092009367777123",
                "storePath" : "\\\\\\\\?\\\\C:\\\\ProgramData\\\\Microsoft\\\\Windows\\\\WER\\\\ReportArchive\\\\NonCritical_Update;ScanForUp_551f6e45d673d83c48ec214ae353ba9fbce6143_00000000_31ea65ae-a843-4b9a-ac78-a94cd8c69723",
                "bucketType" : "5",
                "hashedBucket" : "fef4c82a361d6e6d99d77ad11575af63",
                "response" : "無法使用",
                "eventName" : "StoreAgentInstallFailure1",
                "cabGuid" : "0",
                "cabId" : "0"
              },
              "system" : {
                "eventID" : "1001",
                "keywords" : "0x8000000000000000",
                "providerGuid" : "{0ead09bd-2157-539a-8d6d-c87f95b64d70}",
                "level" : "4",
                "channel" : "Application",
                "opcode" : "0",
                "message" : "\"錯誤容器 1862092009367777123，類型 5\r\n事件名稱: StoreAgentInstallFailure1\r\n回應: 無法使用\r\nCab 識別碼: 0\r\n\r\n問題簽章:\r\nP1: Update;ScanForUpdatesForUser\r\nP2: 80073d02\r\nP3: 22631\r\nP4: 3447\r\nP5: Windows.Desktop\r\nP6: G\r\nP7: \r\nP8: \r\nP9: \r\nP10: \r\n\r\n附加檔案:\r\n\\\\?\\C:\\Windows\\Temp\\FailureReportMetadata_4120.txt\r\n\\\\?\\C:\\ProgramData\\Microsoft\\Windows\\WER\\Temp\\WER.5ff29d4e-e671-446c-99fa-929a73c9fcad.tmp.WERInternalMetadata.xml\r\n\\\\?\\C:\\ProgramData\\Microsoft\\Windows\\WER\\ReportQueue\\NonCritical_Update;ScanForUp_551f6e45d673d83c48ec214ae353ba9fbce6143_00000000_cab_31ea65ae-a843-4b9a-ac78-a94cd8c69723\\WPR_initiated_DiagTrackMiniLogger_OneTrace_User_Logger_20240514_1_EC_0_inject.etl\r\n\\\\?\\C:\\ProgramData\\Microsoft\\Windows\\WER\\Temp\\WER.adb1a76e-b225-4c98-b3ef-30cbbb5867df.tmp.etl\r\n\\\\?\\C:\\ProgramData\\Microsoft\\Windows\\WER\\ReportQueue\\NonCritical_Update;ScanForUp_551f6e45d673d83c48ec214ae353ba9fbce6143_00000000_cab_31ea65ae-a843-4b9a-ac78-a94cd8c69723\\WPR_initiated_DiagTrackMiniLogger_WPR System Collector_inject.etl\r\n\\\\?\\C:\\ProgramData\\Microsoft\\Windows\\WER\\Temp\\WER.d727e971-771e-46bb-95da-38b88bfb3b4b.tmp.etl\r\n\\\\?\\C:\\ProgramData\\Microsoft\\Windows\\WER\\Temp\\WER.240e1a9f-86eb-4f5b-82bb-d8d079c77234.tmp.csv\r\n\\\\?\\C:\\ProgramData\\Microsoft\\Windows\\WER\\Temp\\WER.ad0f19b1-f0eb-44c5-b547-cd4bec0b69ad.tmp.txt\r\n\\\\?\\C:\\ProgramData\\Microsoft\\Windows\\WER\\Temp\\WER.c77676a4-76dc-4f8a-91e3-af01da31a138.tmp.xml\r\n\r\n這些檔案可能在這裡:\r\n\\\\?\\C:\\ProgramData\\Microsoft\\Windows\\WER\\ReportArchive\\NonCritical_Update;ScanForUp_551f6e45d673d83c48ec214ae353ba9fbce6143_00000000_31ea65ae-a843-4b9a-ac78-a94cd8c69723\r\n\r\n分析符號: \r\n重新檢查解決方案: 0\r\n報告識別碼: 31ea65ae-a843-4b9a-ac78-a94cd8c69723\r\n報告狀態: 268435456\r\n雜湊化容器: fef4c82a361d6e6d99d77ad11575af63\r\nCab GUID: 0\"",
                "version" : "0",
                "systemTime" : "2024-05-14T11:31:31.6277356Z",
                "eventRecordID" : "237431",
                "threadID" : "79536",
                "computer" : "CHPIYR2",
                "task" : "0",
                "processID" : "78364",
                "severityValue" : "INFORMATION",
                "providerName" : "Windows Error Reporting"
              }
            }
          },
          "rule" : {
            "firedtimes" : 6,
            "mail" : false,
            "level" : 4,
            "description" : "Summary event of the report's signatures.",
            "groups" : [
              "windows",
              "windows_application"
            ],
            "id" : "60608"
          },
          "decoder" : {
            "name" : "windows_eventchannel"
          },
          "input" : {
            "type" : "log"
          },
          "@timestamp" : "2024-05-14T11:31:31.935Z",
          "location" : "EventChannel",
          "id" : "1715686291.2737814",
          "timestamp" : "2024-05-14T11:31:31.935+0000"
        }
      },
      {
        "_index" : "wazuh-alerts-4.x-2024.05.14",
        "_id" : "gp7Zdo8BFz3DvWCkUDT1",
        "_score" : 0.0,
        "_source" : {
          "cluster" : {
            "node" : "node01",
            "name" : "wazuh"
          },
          "agent" : {
            "ip" : "192.168.1.216",
            "name" : "chpiyr2",
            "id" : "014"
          },
          "manager" : {
            "name" : "wazuh-server"
          },
          "data" : {
            "win" : {
              "eventdata" : {
                "subjectLogonId" : "0x3e7",
                "subjectDomainName" : "WORKGROUP",
                "targetLinkedLogonId" : "0x0",
                "impersonationLevel" : "%%1833",
                "authenticationPackageName" : "Negotiate",
                "targetLogonId" : "0x3e7",
                "logonProcessName" : "Advapi",
                "logonGuid" : "{00000000-0000-0000-0000-000000000000}",
                "targetUserName" : "SYSTEM",
                "keyLength" : "0",
                "elevatedToken" : "%%1842",
                "subjectUserSid" : "S-1-5-18",
                "processId" : "0x710",
                "processName" : "C:\\\\Windows\\\\System32\\\\services.exe",
                "targetDomainName" : "NT AUTHORITY",
                "targetUserSid" : "S-1-5-18",
                "virtualAccount" : "%%1843",
                "logonType" : "5",
                "subjectUserName" : "CHPIYR2$"
              },
              "system" : {
                "eventID" : "4624",
                "keywords" : "0x8020000000000000",
                "providerGuid" : "{54849625-5478-4994-a5ba-3e3b0328c30d}",
                "level" : "0",
                "channel" : "Security",
                "opcode" : "0",
                "message" : "\"帳戶已順利登入。\r\n\r\n主體:\r\n\t安全性識別碼:\t\tS-1-5-18\r\n\tA帳戶名稱:\t\tCHPIYR2$\r\n\t帳戶網域:\t\tWORKGROUP\r\n\t登入識別碼:\t\t0x3E7\r\n\r\n登入資訊:\r\n\t登入類型:\t\t5\r\n\t受限制的系統管理模式:\t-\r\n\tRemote Credential Guard:\t-\r\n\t虛擬帳戶:\t\t否\r\n\t提高權限的權杖:\t\t是\r\n\r\n模擬層級:\t\t模擬\r\n\r\n新登入:\r\n\t安全性識別碼:\t\tS-1-5-18\r\n\t帳戶名稱:\t\tSYSTEM\r\n\t帳戶網域:\t\tNT AUTHORITY\r\n\t登入識別碼:\t\t0x3E7\r\n\t連結的登入識別碼:\t\t0x0\r\n\t網路帳戶名稱:\t-\r\n\t網路帳戶網域:\t-\r\n\t登入 GUID:\t\t{00000000-0000-0000-0000-000000000000}\r\n\r\n處理程序資訊:\r\n\t處理程序識別碼:\t\t0x710\r\n\t處理程序名稱:\t\tC:\\Windows\\System32\\services.exe\r\n\r\n網路資訊:\r\n\t工作站名稱:\t-\r\n\t來源網路位址:\t-\r\n\t來源連接埠:\t\t-\r\n\r\n詳細的驗證資訊:\r\n\t登入處理程序:\t\tAdvapi  \r\n\t驗證封裝:\tNegotiate\r\n\t轉送的服務:\t-\r\n\t封裝名稱 (僅 NTLM):\t-\r\n\t金鑰長度:\t\t0\r\n\r\n建立登入工作階段時會產生此事件。它是在所存取的電腦上產生。\r\n\r\n主體欄位指出要求登入之本機系統上的帳戶。這通常是發生在服務 (例如伺服器服務) 或是本機處理程序 (例如 Winlogon.exe 或 Services.exe)。\r\n\r\n登入類型欄位指出發生的登入類型。最常見的類型是 2 (互動式) 與 3 (網路)。\r\n\r\n新登入欄位指出是哪個帳戶建立新登入，例如登入的帳戶。\r\n\r\n網路欄位指出遠端登入要求的來源。工作站名稱並非一律可用，在某些情況下可能會是空白。\r\n\r\n模擬層級欄位指出登入工作階段中的處理程序可以模擬的範圍。\r\n\r\n驗證資訊欄位提供關於此特定登入要求的詳細資訊。\r\n\t- 登入 GUID 是唯一識別碼，可用於關聯這個事件與 KDC 事件。\r\n\t- 轉送的服務指出哪一個中介服務已經加入這個登入要求。\r\n\t- 封裝名稱指出在 NTLM 通訊協定中使用哪一個子協定。\r\n\t- 金鑰長度指出產生的工作階段金鑰長度。如果沒有要求工作階段金鑰則為 0。\"",
                "version" : "3",
                "systemTime" : "2024-05-14T11:24:56.1193566Z",
                "eventRecordID" : "3238205",
                "threadID" : "83584",
                "computer" : "CHPIYR2",
                "task" : "12544",
                "processID" : "1840",
                "severityValue" : "AUDIT_SUCCESS",
                "providerName" : "Microsoft-Windows-Security-Auditing"
              }
            }
          },
          "rule" : {
            "mail" : false,
            "level" : 3,
            "hipaa" : [
              "164.312.b"
            ],
            "pci_dss" : [
              "10.2.5"
            ],
            "tsc" : [
              "CC6.8",
              "CC7.2",
              "CC7.3"
            ],
            "description" : "Windows logon success.",
            "groups" : [
              "windows",
              "windows_security",
              "authentication_success"
            ],
            "nist_800_53" : [
              "AC.7",
              "AU.14"
            ],
            "gdpr" : [
              "IV_32.2"
            ],
            "firedtimes" : 20,
            "mitre" : {
              "technique" : [
                "Valid Accounts"
              ],
              "id" : [
                "T1078"
              ],
              "tactic" : [
                "Defense Evasion",
                "Persistence",
                "Privilege Escalation",
                "Initial Access"
              ]
            },
            "id" : "60106",
            "gpg13" : [
              "7.1",
              "7.2"
            ]
          },
          "decoder" : {
            "name" : "windows_eventchannel"
          },
          "input" : {
            "type" : "log"
          },
          "@timestamp" : "2024-05-14T11:24:56.651Z",
          "location" : "EventChannel",
          "id" : "1715685896.2625755",
          "timestamp" : "2024-05-14T11:24:56.651+0000"
        }
      },
      {
        "_index" : "wazuh-alerts-4.x-2024.05.14",
        "_id" : "6J7edo8BFz3DvWCkqDQw",
        "_score" : 0.0,
        "_source" : {
          "cluster" : {
            "node" : "node01",
            "name" : "wazuh"
          },
          "agent" : {
            "ip" : "192.168.1.216",
            "name" : "chpiyr2",
            "id" : "014"
          },
          "manager" : {
            "name" : "wazuh-server"
          },
          "data" : {
            "win" : {
              "eventdata" : {
                "subjectLogonId" : "0x3e7",
                "subjectDomainName" : "WORKGROUP",
                "targetLinkedLogonId" : "0x0",
                "impersonationLevel" : "%%1833",
                "authenticationPackageName" : "Negotiate",
                "targetLogonId" : "0x3e7",
                "logonProcessName" : "Advapi",
                "logonGuid" : "{00000000-0000-0000-0000-000000000000}",
                "targetUserName" : "SYSTEM",
                "keyLength" : "0",
                "elevatedToken" : "%%1842",
                "subjectUserSid" : "S-1-5-18",
                "processId" : "0x710",
                "processName" : "C:\\\\Windows\\\\System32\\\\services.exe",
                "targetDomainName" : "NT AUTHORITY",
                "targetUserSid" : "S-1-5-18",
                "virtualAccount" : "%%1843",
                "logonType" : "5",
                "subjectUserName" : "CHPIYR2$"
              },
              "system" : {
                "eventID" : "4624",
                "keywords" : "0x8020000000000000",
                "providerGuid" : "{54849625-5478-4994-a5ba-3e3b0328c30d}",
                "level" : "0",
                "channel" : "Security",
                "opcode" : "0",
                "message" : "\"帳戶已順利登入。\r\n\r\n主體:\r\n\t安全性識別碼:\t\tS-1-5-18\r\n\tA帳戶名稱:\t\tCHPIYR2$\r\n\t帳戶網域:\t\tWORKGROUP\r\n\t登入識別碼:\t\t0x3E7\r\n\r\n登入資訊:\r\n\t登入類型:\t\t5\r\n\t受限制的系統管理模式:\t-\r\n\tRemote Credential Guard:\t-\r\n\t虛擬帳戶:\t\t否\r\n\t提高權限的權杖:\t\t是\r\n\r\n模擬層級:\t\t模擬\r\n\r\n新登入:\r\n\t安全性識別碼:\t\tS-1-5-18\r\n\t帳戶名稱:\t\tSYSTEM\r\n\t帳戶網域:\t\tNT AUTHORITY\r\n\t登入識別碼:\t\t0x3E7\r\n\t連結的登入識別碼:\t\t0x0\r\n\t網路帳戶名稱:\t-\r\n\t網路帳戶網域:\t-\r\n\t登入 GUID:\t\t{00000000-0000-0000-0000-000000000000}\r\n\r\n處理程序資訊:\r\n\t處理程序識別碼:\t\t0x710\r\n\t處理程序名稱:\t\tC:\\Windows\\System32\\services.exe\r\n\r\n網路資訊:\r\n\t工作站名稱:\t-\r\n\t來源網路位址:\t-\r\n\t來源連接埠:\t\t-\r\n\r\n詳細的驗證資訊:\r\n\t登入處理程序:\t\tAdvapi  \r\n\t驗證封裝:\tNegotiate\r\n\t轉送的服務:\t-\r\n\t封裝名稱 (僅 NTLM):\t-\r\n\t金鑰長度:\t\t0\r\n\r\n建立登入工作階段時會產生此事件。它是在所存取的電腦上產生。\r\n\r\n主體欄位指出要求登入之本機系統上的帳戶。這通常是發生在服務 (例如伺服器服務) 或是本機處理程序 (例如 Winlogon.exe 或 Services.exe)。\r\n\r\n登入類型欄位指出發生的登入類型。最常見的類型是 2 (互動式) 與 3 (網路)。\r\n\r\n新登入欄位指出是哪個帳戶建立新登入，例如登入的帳戶。\r\n\r\n網路欄位指出遠端登入要求的來源。工作站名稱並非一律可用，在某些情況下可能會是空白。\r\n\r\n模擬層級欄位指出登入工作階段中的處理程序可以模擬的範圍。\r\n\r\n驗證資訊欄位提供關於此特定登入要求的詳細資訊。\r\n\t- 登入 GUID 是唯一識別碼，可用於關聯這個事件與 KDC 事件。\r\n\t- 轉送的服務指出哪一個中介服務已經加入這個登入要求。\r\n\t- 封裝名稱指出在 NTLM 通訊協定中使用哪一個子協定。\r\n\t- 金鑰長度指出產生的工作階段金鑰長度。如果沒有要求工作階段金鑰則為 0。\"",
                "version" : "3",
                "systemTime" : "2024-05-14T11:30:49.7073745Z",
                "eventRecordID" : "3238252",
                "threadID" : "1928",
                "computer" : "CHPIYR2",
                "task" : "12544",
                "processID" : "1840",
                "severityValue" : "AUDIT_SUCCESS",
                "providerName" : "Microsoft-Windows-Security-Auditing"
              }
            }
          },
          "rule" : {
            "mail" : false,
            "level" : 3,
            "hipaa" : [
              "164.312.b"
            ],
            "pci_dss" : [
              "10.2.5"
            ],
            "tsc" : [
              "CC6.8",
              "CC7.2",
              "CC7.3"
            ],
            "description" : "Windows logon success.",
            "groups" : [
              "windows",
              "windows_security",
              "authentication_success"
            ],
            "nist_800_53" : [
              "AC.7",
              "AU.14"
            ],
            "gdpr" : [
              "IV_32.2"
            ],
            "firedtimes" : 24,
            "mitre" : {
              "technique" : [
                "Valid Accounts"
              ],
              "id" : [
                "T1078"
              ],
              "tactic" : [
                "Defense Evasion",
                "Persistence",
                "Privilege Escalation",
                "Initial Access"
              ]
            },
            "id" : "60106",
            "gpg13" : [
              "7.1",
              "7.2"
            ]
          },
          "decoder" : {
            "name" : "windows_eventchannel"
          },
          "input" : {
            "type" : "log"
          },
          "@timestamp" : "2024-05-14T11:30:49.527Z",
          "location" : "EventChannel",
          "id" : "1715686249.2653627",
          "timestamp" : "2024-05-14T11:30:49.527+0000"
        }
      },
      {
        "_index" : "wazuh-alerts-4.x-2024.05.14",
        "_id" : "CZ7fdo8BFz3DvWCkpjUZ",
        "_score" : 0.0,
        "_source" : {
          "cluster" : {
            "node" : "node01",
            "name" : "wazuh"
          },
          "agent" : {
            "ip" : "192.168.1.216",
            "name" : "chpiyr2",
            "id" : "014"
          },
          "manager" : {
            "name" : "wazuh-server"
          },
          "data" : {
            "win" : {
              "eventdata" : {
                "data" : "2124-04-20T11:31:52Z, RulesEngine"
              },
              "system" : {
                "eventID" : "16384",
                "eventSourceName" : "Software Protection Platform Service",
                "keywords" : "0x80000000000000",
                "providerGuid" : "{E23B33B0-C8C9-472C-A5F9-F2BDFEA0F156}",
                "level" : "4",
                "channel" : "Application",
                "opcode" : "0",
                "message" : "\"順利排程軟體保護服務在 2124-04-20T11:31:52Z 重新啟動。原因: RulesEngine。\"",
                "version" : "0",
                "systemTime" : "2024-05-14T11:31:52.3446193Z",
                "eventRecordID" : "237432",
                "threadID" : "0",
                "computer" : "CHPIYR2",
                "task" : "0",
                "processID" : "35508",
                "severityValue" : "INFORMATION",
                "providerName" : "Microsoft-Windows-Security-SPP"
              }
            }
          },
          "rule" : {
            "firedtimes" : 7,
            "mail" : false,
            "level" : 3,
            "description" : "Software protection service scheduled successfully.",
            "groups" : [
              "windows",
              "windows_application"
            ],
            "id" : "60642"
          },
          "decoder" : {
            "name" : "windows_eventchannel"
          },
          "input" : {
            "type" : "log"
          },
          "@timestamp" : "2024-05-14T11:31:51.845Z",
          "location" : "EventChannel",
          "id" : "1715686311.2746769",
          "timestamp" : "2024-05-14T11:31:51.845+0000"
        }
      },
      {
        "_index" : "wazuh-alerts-4.x-2024.05.14",
        "_id" : "yZ4Dd48BFz3DvWCkJDhm",
        "_score" : 0.0,
        "_source" : {
          "cluster" : {
            "node" : "node01",
            "name" : "wazuh"
          },
          "agent" : {
            "ip" : "192.168.1.216",
            "name" : "chpiyr2",
            "id" : "014"
          },
          "manager" : {
            "name" : "wazuh-server"
          },
          "data" : {
            "win" : {
              "eventdata" : {
                "updateRevisionNumber" : "1",
                "updateGuid" : "{dd7cda1d-880f-4faf-bd9f-09ca96f37222}",
                "serviceGuid" : "{855e8a7c-ecb4-4ca3-b045-1dfa50104289}",
                "errorCode" : "0x80073d02",
                "updateTitle" : "9MV0B5HZVK9Z-Microsoft.GamingApp"
              },
              "system" : {
                "eventID" : "20",
                "keywords" : "0x8000000000000028",
                "providerGuid" : "{945a8954-c147-4acd-923f-40c45405a658}",
                "level" : "2",
                "channel" : "System",
                "opcode" : "13",
                "message" : "\"安裝失敗: Windows 無法安裝下列更新，錯誤 0x80073D02: 9MV0B5HZVK9Z-Microsoft.GamingApp。\"",
                "version" : "1",
                "systemTime" : "2024-05-14T12:10:36.9403346Z",
                "eventRecordID" : "321749",
                "threadID" : "80312",
                "computer" : "CHPIYR2",
                "task" : "1",
                "processID" : "79292",
                "severityValue" : "ERROR",
                "providerName" : "Microsoft-Windows-WindowsUpdateClient"
              }
            }
          },
          "rule" : {
            "firedtimes" : 2,
            "mail" : false,
            "level" : 5,
            "description" : "Windows System error event",
            "groups" : [
              "windows",
              "windows_system",
              "system_error"
            ],
            "id" : "61102",
            "gpg13" : [
              "4.3"
            ],
            "gdpr" : [
              "IV_35.7.d"
            ]
          },
          "decoder" : {
            "name" : "windows_eventchannel"
          },
          "input" : {
            "type" : "log"
          },
          "@timestamp" : "2024-05-14T12:10:36.830Z",
          "location" : "EventChannel",
          "id" : "1715688636.3326960",
          "timestamp" : "2024-05-14T12:10:36.830+0000"
        }
      },
      {
        "_index" : "wazuh-alerts-4.x-2024.05.14",
        "_id" : "yp4Dd48BFz3DvWCkJDhm",
        "_score" : 0.0,
        "_source" : {
          "cluster" : {
            "node" : "node01",
            "name" : "wazuh"
          },
          "agent" : {
            "ip" : "192.168.1.216",
            "name" : "chpiyr2",
            "id" : "014"
          },
          "manager" : {
            "name" : "wazuh-server"
          },
          "data" : {
            "win" : {
              "eventdata" : {
                "subjectLogonId" : "0x3e7",
                "subjectDomainName" : "WORKGROUP",
                "targetLinkedLogonId" : "0x0",
                "impersonationLevel" : "%%1833",
                "authenticationPackageName" : "Negotiate",
                "targetLogonId" : "0x3e7",
                "logonProcessName" : "Advapi",
                "logonGuid" : "{00000000-0000-0000-0000-000000000000}",
                "targetUserName" : "SYSTEM",
                "keyLength" : "0",
                "elevatedToken" : "%%1842",
                "subjectUserSid" : "S-1-5-18",
                "processId" : "0x710",
                "processName" : "C:\\\\Windows\\\\System32\\\\services.exe",
                "targetDomainName" : "NT AUTHORITY",
                "targetUserSid" : "S-1-5-18",
                "virtualAccount" : "%%1843",
                "logonType" : "5",
                "subjectUserName" : "CHPIYR2$"
              },
              "system" : {
                "eventID" : "4624",
                "keywords" : "0x8020000000000000",
                "providerGuid" : "{54849625-5478-4994-a5ba-3e3b0328c30d}",
                "level" : "0",
                "channel" : "Security",
                "opcode" : "0",
                "message" : "\"帳戶已順利登入。\r\n\r\n主體:\r\n\t安全性識別碼:\t\tS-1-5-18\r\n\tA帳戶名稱:\t\tCHPIYR2$\r\n\t帳戶網域:\t\tWORKGROUP\r\n\t登入識別碼:\t\t0x3E7\r\n\r\n登入資訊:\r\n\t登入類型:\t\t5\r\n\t受限制的系統管理模式:\t-\r\n\tRemote Credential Guard:\t-\r\n\t虛擬帳戶:\t\t否\r\n\t提高權限的權杖:\t\t是\r\n\r\n模擬層級:\t\t模擬\r\n\r\n新登入:\r\n\t安全性識別碼:\t\tS-1-5-18\r\n\t帳戶名稱:\t\tSYSTEM\r\n\t帳戶網域:\t\tNT AUTHORITY\r\n\t登入識別碼:\t\t0x3E7\r\n\t連結的登入識別碼:\t\t0x0\r\n\t網路帳戶名稱:\t-\r\n\t網路帳戶網域:\t-\r\n\t登入 GUID:\t\t{00000000-0000-0000-0000-000000000000}\r\n\r\n處理程序資訊:\r\n\t處理程序識別碼:\t\t0x710\r\n\t處理程序名稱:\t\tC:\\Windows\\System32\\services.exe\r\n\r\n網路資訊:\r\n\t工作站名稱:\t-\r\n\t來源網路位址:\t-\r\n\t來源連接埠:\t\t-\r\n\r\n詳細的驗證資訊:\r\n\t登入處理程序:\t\tAdvapi  \r\n\t驗證封裝:\tNegotiate\r\n\t轉送的服務:\t-\r\n\t封裝名稱 (僅 NTLM):\t-\r\n\t金鑰長度:\t\t0\r\n\r\n建立登入工作階段時會產生此事件。它是在所存取的電腦上產生。\r\n\r\n主體欄位指出要求登入之本機系統上的帳戶。這通常是發生在服務 (例如伺服器服務) 或是本機處理程序 (例如 Winlogon.exe 或 Services.exe)。\r\n\r\n登入類型欄位指出發生的登入類型。最常見的類型是 2 (互動式) 與 3 (網路)。\r\n\r\n新登入欄位指出是哪個帳戶建立新登入，例如登入的帳戶。\r\n\r\n網路欄位指出遠端登入要求的來源。工作站名稱並非一律可用，在某些情況下可能會是空白。\r\n\r\n模擬層級欄位指出登入工作階段中的處理程序可以模擬的範圍。\r\n\r\n驗證資訊欄位提供關於此特定登入要求的詳細資訊。\r\n\t- 登入 GUID 是唯一識別碼，可用於關聯這個事件與 KDC 事件。\r\n\t- 轉送的服務指出哪一個中介服務已經加入這個登入要求。\r\n\t- 封裝名稱指出在 NTLM 通訊協定中使用哪一個子協定。\r\n\t- 金鑰長度指出產生的工作階段金鑰長度。如果沒有要求工作階段金鑰則為 0。\"",
                "version" : "3",
                "systemTime" : "2024-05-14T12:10:37.0004214Z",
                "eventRecordID" : "3238663",
                "threadID" : "82180",
                "computer" : "CHPIYR2",
                "task" : "12544",
                "processID" : "1840",
                "severityValue" : "AUDIT_SUCCESS",
                "providerName" : "Microsoft-Windows-Security-Auditing"
              }
            }
          },
          "rule" : {
            "mail" : false,
            "level" : 3,
            "hipaa" : [
              "164.312.b"
            ],
            "pci_dss" : [
              "10.2.5"
            ],
            "tsc" : [
              "CC6.8",
              "CC7.2",
              "CC7.3"
            ],
            "description" : "Windows logon success.",
            "groups" : [
              "windows",
              "windows_security",
              "authentication_success"
            ],
            "nist_800_53" : [
              "AC.7",
              "AU.14"
            ],
            "gdpr" : [
              "IV_32.2"
            ],
            "firedtimes" : 16,
            "mitre" : {
              "technique" : [
                "Valid Accounts"
              ],
              "id" : [
                "T1078"
              ],
              "tactic" : [
                "Defense Evasion",
                "Persistence",
                "Privilege Escalation",
                "Initial Access"
              ]
            },
            "id" : "60106",
            "gpg13" : [
              "7.1",
              "7.2"
            ]
          },
          "decoder" : {
            "name" : "windows_eventchannel"
          },
          "input" : {
            "type" : "log"
          },
          "@timestamp" : "2024-05-14T12:10:37.502Z",
          "location" : "EventChannel",
          "id" : "1715688637.3328795",
          "timestamp" : "2024-05-14T12:10:37.502+0000"
        }
      },
      {
        "_index" : "wazuh-alerts-4.x-2024.05.14",
        "_id" : "6Z4Ed48BFz3DvWCkIjhU",
        "_score" : 0.0,
        "_source" : {
          "cluster" : {
            "node" : "node01",
            "name" : "wazuh"
          },
          "agent" : {
            "ip" : "192.168.1.216",
            "name" : "chpiyr2",
            "id" : "014"
          },
          "manager" : {
            "name" : "wazuh-server"
          },
          "data" : {
            "win" : {
              "eventdata" : {
                "subjectLogonId" : "0x3e7",
                "subjectDomainName" : "WORKGROUP",
                "targetLinkedLogonId" : "0x0",
                "impersonationLevel" : "%%1833",
                "authenticationPackageName" : "Negotiate",
                "targetLogonId" : "0x3e7",
                "logonProcessName" : "Advapi",
                "logonGuid" : "{00000000-0000-0000-0000-000000000000}",
                "targetUserName" : "SYSTEM",
                "keyLength" : "0",
                "elevatedToken" : "%%1842",
                "subjectUserSid" : "S-1-5-18",
                "processId" : "0x710",
                "processName" : "C:\\\\Windows\\\\System32\\\\services.exe",
                "targetDomainName" : "NT AUTHORITY",
                "targetUserSid" : "S-1-5-18",
                "virtualAccount" : "%%1843",
                "logonType" : "5",
                "subjectUserName" : "CHPIYR2$"
              },
              "system" : {
                "eventID" : "4624",
                "keywords" : "0x8020000000000000",
                "providerGuid" : "{54849625-5478-4994-a5ba-3e3b0328c30d}",
                "level" : "0",
                "channel" : "Security",
                "opcode" : "0",
                "message" : "\"帳戶已順利登入。\r\n\r\n主體:\r\n\t安全性識別碼:\t\tS-1-5-18\r\n\tA帳戶名稱:\t\tCHPIYR2$\r\n\t帳戶網域:\t\tWORKGROUP\r\n\t登入識別碼:\t\t0x3E7\r\n\r\n登入資訊:\r\n\t登入類型:\t\t5\r\n\t受限制的系統管理模式:\t-\r\n\tRemote Credential Guard:\t-\r\n\t虛擬帳戶:\t\t否\r\n\t提高權限的權杖:\t\t是\r\n\r\n模擬層級:\t\t模擬\r\n\r\n新登入:\r\n\t安全性識別碼:\t\tS-1-5-18\r\n\t帳戶名稱:\t\tSYSTEM\r\n\t帳戶網域:\t\tNT AUTHORITY\r\n\t登入識別碼:\t\t0x3E7\r\n\t連結的登入識別碼:\t\t0x0\r\n\t網路帳戶名稱:\t-\r\n\t網路帳戶網域:\t-\r\n\t登入 GUID:\t\t{00000000-0000-0000-0000-000000000000}\r\n\r\n處理程序資訊:\r\n\t處理程序識別碼:\t\t0x710\r\n\t處理程序名稱:\t\tC:\\Windows\\System32\\services.exe\r\n\r\n網路資訊:\r\n\t工作站名稱:\t-\r\n\t來源網路位址:\t-\r\n\t來源連接埠:\t\t-\r\n\r\n詳細的驗證資訊:\r\n\t登入處理程序:\t\tAdvapi  \r\n\t驗證封裝:\tNegotiate\r\n\t轉送的服務:\t-\r\n\t封裝名稱 (僅 NTLM):\t-\r\n\t金鑰長度:\t\t0\r\n\r\n建立登入工作階段時會產生此事件。它是在所存取的電腦上產生。\r\n\r\n主體欄位指出要求登入之本機系統上的帳戶。這通常是發生在服務 (例如伺服器服務) 或是本機處理程序 (例如 Winlogon.exe 或 Services.exe)。\r\n\r\n登入類型欄位指出發生的登入類型。最常見的類型是 2 (互動式) 與 3 (網路)。\r\n\r\n新登入欄位指出是哪個帳戶建立新登入，例如登入的帳戶。\r\n\r\n網路欄位指出遠端登入要求的來源。工作站名稱並非一律可用，在某些情況下可能會是空白。\r\n\r\n模擬層級欄位指出登入工作階段中的處理程序可以模擬的範圍。\r\n\r\n驗證資訊欄位提供關於此特定登入要求的詳細資訊。\r\n\t- 登入 GUID 是唯一識別碼，可用於關聯這個事件與 KDC 事件。\r\n\t- 轉送的服務指出哪一個中介服務已經加入這個登入要求。\r\n\t- 封裝名稱指出在 NTLM 通訊協定中使用哪一個子協定。\r\n\t- 金鑰長度指出產生的工作階段金鑰長度。如果沒有要求工作階段金鑰則為 0。\"",
                "version" : "3",
                "systemTime" : "2024-05-14T12:11:45.0998660Z",
                "eventRecordID" : "3238667",
                "threadID" : "82180",
                "computer" : "CHPIYR2",
                "task" : "12544",
                "processID" : "1840",
                "severityValue" : "AUDIT_SUCCESS",
                "providerName" : "Microsoft-Windows-Security-Auditing"
              }
            }
          },
          "rule" : {
            "mail" : false,
            "level" : 3,
            "hipaa" : [
              "164.312.b"
            ],
            "pci_dss" : [
              "10.2.5"
            ],
            "tsc" : [
              "CC6.8",
              "CC7.2",
              "CC7.3"
            ],
            "description" : "Windows logon success.",
            "groups" : [
              "windows",
              "windows_security",
              "authentication_success"
            ],
            "nist_800_53" : [
              "AC.7",
              "AU.14"
            ],
            "gdpr" : [
              "IV_32.2"
            ],
            "firedtimes" : 20,
            "mitre" : {
              "technique" : [
                "Valid Accounts"
              ],
              "id" : [
                "T1078"
              ],
              "tactic" : [
                "Defense Evasion",
                "Persistence",
                "Privilege Escalation",
                "Initial Access"
              ]
            },
            "id" : "60106",
            "gpg13" : [
              "7.1",
              "7.2"
            ]
          },
          "decoder" : {
            "name" : "windows_eventchannel"
          },
          "input" : {
            "type" : "log"
          },
          "@timestamp" : "2024-05-14T12:11:45.240Z",
          "location" : "EventChannel",
          "id" : "1715688705.3408128",
          "timestamp" : "2024-05-14T12:11:45.240+0000"
        }
      },
