      {
        "_index" : "wazuh-alerts-4.x-2024.05.10",
        "_id" : "U5tHZI8BFz3DvWCkRPPW",
        "_score" : 0.0,
        "_source" : {
          "cluster" : {
            "node" : "node01",
            "name" : "wazuh"
          },
          "agent" : {
            "ip" : "192.168.1.216",
            "name" : "chpiyr2",
            "id" : "014"
          },
          "manager" : {
            "name" : "wazuh-server"
          },
          "data" : {
            "win" : {
              "eventdata" : {
                "data" : "0x80070005, 存取被拒。,   操作:    正在收集寫入者資料  內容:    寫入者類別識別碼: {e8132975-6f93-4464-a53e-1050253ae220}    寫入者名稱: System Writer    寫入者例項識別碼: {ca6cd6a6-7942-4feb-8acc-20f232ebf887}",
                "binary" : "2D20436F64653A20575254575254494330303030313238372D2043616C6C3A20575254575254494330303030313234312D205049443A202030303030373030302D205449443A202030303034353434382D20434D443A2020433A5C57494E444F57535C73797374656D33325C737663686F73742E657865202D6B204E6574776F726B53657276696365202D70202020202D20557365723A204E616D653A204E5420415554484F524954595C4E4554574F524B20534552564943452C205349443A532D312D352D3230"
              },
              "system" : {
                "eventID" : "8194",
                "keywords" : "0x80000000000000",
                "level" : "2",
                "channel" : "Application",
                "opcode" : "0",
                "message" : "\"磁碟區陰影複製服務錯誤: 查詢 IVssWriterCallback 介面時發生意外的錯誤。hr = 0x80070005, 存取被拒。\r\n。 這通常是因為寫入者或要求者程序中包含不正確的安全性設定所造成。 \n\n操作:\n   正在收集寫入者資料\n\n內容:\n   寫入者類別識別碼: {e8132975-6f93-4464-a53e-1050253ae220}\n   寫入者名稱: System Writer\n   寫入者例項識別碼: {ca6cd6a6-7942-4feb-8acc-20f232ebf887}\"",
                "version" : "0",
                "systemTime" : "2024-05-10T20:52:14.8439392Z",
                "eventRecordID" : "234792",
                "threadID" : "0",
                "computer" : "CHPIYR2",
                "task" : "0",
                "processID" : "7000",
                "severityValue" : "ERROR",
                "providerName" : "VSS"
              }
            }
          },
          "rule" : {
            "firedtimes" : 120,
            "mail" : false,
            "level" : 9,
            "description" : "Windows application error event.",
            "groups" : [
              "windows",
              "windows_application",
              "system_error"
            ],
            "id" : "60602",
            "gdpr" : [
              "IV_35.7.d"
            ],
            "gpg13" : [
              "4.3"
            ]
          },
          "decoder" : {
            "name" : "windows_eventchannel"
          },
          "input" : {
            "type" : "log"
          },
          "@timestamp" : "2024-05-10T20:52:17.545Z",
          "location" : "EventChannel",
          "id" : "1715374337.31236456",
          "timestamp" : "2024-05-10T20:52:17.545+0000"
        }
      },
      {
        "_index" : "wazuh-alerts-4.x-2024.05.10",
        "_id" : "VJtHZI8BFz3DvWCkpvN_",
        "_score" : 0.0,
        "_source" : {
          "cluster" : {
            "node" : "node01",
            "name" : "wazuh"
          },
          "agent" : {
            "ip" : "192.168.1.216",
            "name" : "chpiyr2",
            "id" : "014"
          },
          "manager" : {
            "name" : "wazuh-server"
          },
          "data" : {
            "win" : {
              "eventdata" : {
                "data" : "0x80070005, 存取被拒。,   操作:    正在收集寫入者資料  內容:    寫入者類別識別碼: {e8132975-6f93-4464-a53e-1050253ae220}    寫入者名稱: System Writer    寫入者例項識別碼: {ca6cd6a6-7942-4feb-8acc-20f232ebf887}",
                "binary" : "2D20436F64653A20575254575254494330303030313238372D2043616C6C3A20575254575254494330303030313234312D205049443A202030303030373030302D205449443A202030303030363038302D20434D443A2020433A5C57494E444F57535C73797374656D33325C737663686F73742E657865202D6B204E6574776F726B53657276696365202D70202020202D20557365723A204E616D653A204E5420415554484F524954595C4E4554574F524B20534552564943452C205349443A532D312D352D3230"
              },
              "system" : {
                "eventID" : "8194",
                "keywords" : "0x80000000000000",
                "level" : "2",
                "channel" : "Application",
                "opcode" : "0",
                "message" : "\"磁碟區陰影複製服務錯誤: 查詢 IVssWriterCallback 介面時發生意外的錯誤。hr = 0x80070005, 存取被拒。\r\n。 這通常是因為寫入者或要求者程序中包含不正確的安全性設定所造成。 \n\n操作:\n   正在收集寫入者資料\n\n內容:\n   寫入者類別識別碼: {e8132975-6f93-4464-a53e-1050253ae220}\n   寫入者名稱: System Writer\n   寫入者例項識別碼: {ca6cd6a6-7942-4feb-8acc-20f232ebf887}\"",
                "version" : "0",
                "systemTime" : "2024-05-10T20:52:42.9474262Z",
                "eventRecordID" : "234793",
                "threadID" : "0",
                "computer" : "CHPIYR2",
                "task" : "0",
                "processID" : "7000",
                "severityValue" : "ERROR",
                "providerName" : "VSS"
              }
            }
          },
          "rule" : {
            "firedtimes" : 121,
            "mail" : false,
            "level" : 9,
            "description" : "Windows application error event.",
            "groups" : [
              "windows",
              "windows_application",
              "system_error"
            ],
            "id" : "60602",
            "gdpr" : [
              "IV_35.7.d"
            ],
            "gpg13" : [
              "4.3"
            ]
          },
          "decoder" : {
            "name" : "windows_eventchannel"
          },
          "input" : {
            "type" : "log"
          },
          "@timestamp" : "2024-05-10T20:52:45.651Z",
          "location" : "EventChannel",
          "id" : "1715374365.31239694",
          "timestamp" : "2024-05-10T20:52:45.651+0000"
        }
      },
      {
        "_index" : "wazuh-alerts-4.x-2024.05.10",
        "_id" : "lZtJZI8BFz3DvWCk6POm",
        "_score" : 0.0,
        "_source" : {
          "cluster" : {
            "node" : "node01",
            "name" : "wazuh"
          },
          "agent" : {
            "ip" : "192.168.1.216",
            "name" : "chpiyr2",
            "id" : "014"
          },
          "manager" : {
            "name" : "wazuh-server"
          },
          "data" : {
            "win" : {
              "eventdata" : {
                "data" : "0x80070005, 存取被拒。,   操作:    正在收集寫入者資料  內容:    寫入者類別識別碼: {e8132975-6f93-4464-a53e-1050253ae220}    寫入者名稱: System Writer    寫入者例項識別碼: {ca6cd6a6-7942-4feb-8acc-20f232ebf887}",
                "binary" : "2D20436F64653A20575254575254494330303030313238372D2043616C6C3A20575254575254494330303030313234312D205049443A202030303030373030302D205449443A202030303030363038302D20434D443A2020433A5C57494E444F57535C73797374656D33325C737663686F73742E657865202D6B204E6574776F726B53657276696365202D70202020202D20557365723A204E616D653A204E5420415554484F524954595C4E4554574F524B20534552564943452C205349443A532D312D352D3230"
              },
              "system" : {
                "eventID" : "8194",
                "keywords" : "0x80000000000000",
                "level" : "2",
                "channel" : "Application",
                "opcode" : "0",
                "message" : "\"磁碟區陰影複製服務錯誤: 查詢 IVssWriterCallback 介面時發生意外的錯誤。hr = 0x80070005, 存取被拒。\r\n。 這通常是因為寫入者或要求者程序中包含不正確的安全性設定所造成。 \n\n操作:\n   正在收集寫入者資料\n\n內容:\n   寫入者類別識別碼: {e8132975-6f93-4464-a53e-1050253ae220}\n   寫入者名稱: System Writer\n   寫入者例項識別碼: {ca6cd6a6-7942-4feb-8acc-20f232ebf887}\"",
                "version" : "0",
                "systemTime" : "2024-05-10T20:55:06.2337023Z",
                "eventRecordID" : "234800",
                "threadID" : "0",
                "computer" : "CHPIYR2",
                "task" : "0",
                "processID" : "7000",
                "severityValue" : "ERROR",
                "providerName" : "VSS"
              }
            }
          },
          "rule" : {
            "firedtimes" : 126,
            "mail" : false,
            "level" : 9,
            "description" : "Windows application error event.",
            "groups" : [
              "windows",
              "windows_application",
              "system_error"
            ],
            "id" : "60602",
            "gdpr" : [
              "IV_35.7.d"
            ],
            "gpg13" : [
              "4.3"
            ]
          },
          "decoder" : {
            "name" : "windows_eventchannel"
          },
          "input" : {
            "type" : "log"
          },
          "@timestamp" : "2024-05-10T20:55:08.954Z",
          "location" : "EventChannel",
          "id" : "1715374508.31257434",
          "timestamp" : "2024-05-10T20:55:08.954+0000"
        }
      },
      {
        "_index" : "wazuh-alerts-4.x-2024.05.10",
        "_id" : "qptKZI8BFz3DvWCk0_MJ",
        "_score" : 0.0,
        "_source" : {
          "cluster" : {
            "node" : "node01",
            "name" : "wazuh"
          },
          "agent" : {
            "ip" : "192.168.1.216",
            "name" : "chpiyr2",
            "id" : "014"
          },
          "manager" : {
            "name" : "wazuh-server"
          },
          "data" : {
            "win" : {
              "eventdata" : {
                "data" : "0x80070005, 存取被拒。,   操作:    正在收集寫入者資料  內容:    寫入者類別識別碼: {e8132975-6f93-4464-a53e-1050253ae220}    寫入者名稱: System Writer    寫入者例項識別碼: {ca6cd6a6-7942-4feb-8acc-20f232ebf887}",
                "binary" : "2D20436F64653A20575254575254494330303030313238372D2043616C6C3A20575254575254494330303030313234312D205049443A202030303030373030302D205449443A202030303034353939362D20434D443A2020433A5C57494E444F57535C73797374656D33325C737663686F73742E657865202D6B204E6574776F726B53657276696365202D70202020202D20557365723A204E616D653A204E5420415554484F524954595C4E4554574F524B20534552564943452C205349443A532D312D352D3230"
              },
              "system" : {
                "eventID" : "8194",
                "keywords" : "0x80000000000000",
                "level" : "2",
                "channel" : "Application",
                "opcode" : "0",
                "message" : "\"磁碟區陰影複製服務錯誤: 查詢 IVssWriterCallback 介面時發生意外的錯誤。hr = 0x80070005, 存取被拒。\r\n。 這通常是因為寫入者或要求者程序中包含不正確的安全性設定所造成。 \n\n操作:\n   正在收集寫入者資料\n\n內容:\n   寫入者類別識別碼: {e8132975-6f93-4464-a53e-1050253ae220}\n   寫入者名稱: System Writer\n   寫入者例項識別碼: {ca6cd6a6-7942-4feb-8acc-20f232ebf887}\"",
                "version" : "0",
                "systemTime" : "2024-05-10T20:56:03.8856831Z",
                "eventRecordID" : "234802",
                "threadID" : "0",
                "computer" : "CHPIYR2",
                "task" : "0",
                "processID" : "7000",
                "severityValue" : "ERROR",
                "providerName" : "VSS"
              }
            }
          },
          "rule" : {
            "firedtimes" : 127,
            "mail" : false,
            "level" : 9,
            "description" : "Windows application error event.",
            "groups" : [
              "windows",
              "windows_application",
              "system_error"
            ],
            "id" : "60602",
            "gdpr" : [
              "IV_35.7.d"
            ],
            "gpg13" : [
              "4.3"
            ]
          },
          "decoder" : {
            "name" : "windows_eventchannel"
          },
          "input" : {
            "type" : "log"
          },
          "@timestamp" : "2024-05-10T20:56:06.587Z",
          "location" : "EventChannel",
          "id" : "1715374566.31274152",
          "timestamp" : "2024-05-10T20:56:06.587+0000"
        }
      },
      {
        "_index" : "wazuh-alerts-4.x-2024.05.10",
        "_id" : "jZs-ZI8BFz3DvWCkyPLc",
        "_score" : 0.0,
        "_source" : {
          "cluster" : {
            "node" : "node01",
            "name" : "wazuh"
          },
          "agent" : {
            "ip" : "192.168.1.216",
            "name" : "chpiyr2",
            "id" : "014"
          },
          "manager" : {
            "name" : "wazuh-server"
          },
          "data" : {
            "win" : {
              "eventdata" : {
                "data" : "2124-04-16T20:42:59Z, RulesEngine"
              },
              "system" : {
                "eventID" : "16384",
                "eventSourceName" : "Software Protection Platform Service",
                "keywords" : "0x80000000000000",
                "providerGuid" : "{E23B33B0-C8C9-472C-A5F9-F2BDFEA0F156}",
                "level" : "4",
                "channel" : "Application",
                "opcode" : "0",
                "message" : "\"順利排程軟體保護服務在 2124-04-16T20:42:59Z 重新啟動。原因: RulesEngine。\"",
                "version" : "0",
                "systemTime" : "2024-05-10T20:42:59.8073072Z",
                "eventRecordID" : "234771",
                "threadID" : "0",
                "computer" : "CHPIYR2",
                "task" : "0",
                "processID" : "42384",
                "severityValue" : "INFORMATION",
                "providerName" : "Microsoft-Windows-Security-SPP"
              }
            }
          },
          "rule" : {
            "firedtimes" : 3,
            "mail" : false,
            "level" : 3,
            "description" : "Software protection service scheduled successfully.",
            "groups" : [
              "windows",
              "windows_application"
            ],
            "id" : "60642"
          },
          "decoder" : {
            "name" : "windows_eventchannel"
          },
          "input" : {
            "type" : "log"
          },
          "@timestamp" : "2024-05-10T20:43:02.475Z",
          "location" : "EventChannel",
          "id" : "1715373782.31130330",
          "timestamp" : "2024-05-10T20:43:02.475+0000"
        }
      },
      {
        "_index" : "wazuh-alerts-4.x-2024.05.10",
        "_id" : "65tNZI8BFz3DvWCk1POb",
        "_score" : 0.0,
        "_source" : {
          "cluster" : {
            "node" : "node01",
            "name" : "wazuh"
          },
          "agent" : {
            "ip" : "192.168.1.216",
            "name" : "chpiyr2",
            "id" : "014"
          },
          "previous_output" : "{\"win\":{\"system\":{\"providerName\":\"VSS\",\"eventID\":\"8194\",\"version\":\"0\",\"level\":\"2\",\"task\":\"0\",\"opcode\":\"0\",\"keywords\":\"0x80000000000000\",\"systemTime\":\"2024-05-10T20:58:58.9118184Z\",\"eventRecordID\":\"234808\",\"processID\":\"7000\",\"threadID\":\"0\",\"channel\":\"Application\",\"computer\":\"CHPIYR2\",\"severityValue\":\"ERROR\",\"message\":\"\\\"磁碟區陰影複製服務錯誤: 查詢 IVssWriterCallback 介面時發生意外的錯誤。hr = 0x80070005, 存取被拒。\\r\\n。 這通常是因為寫入者或要求者程序中包含不正確的安全性設定所造成。 \\n\\n操作:\\n   正在收集寫入者資料\\n\\n內容:\\n   寫入者類別識別碼: {e8132975-6f93-4464-a53e-1050253ae220}\\n   寫入者名稱: System Writer\\n   寫入者例項識別碼: {ca6cd6a6-7942-4feb-8acc-20f232ebf887}\\\"\"},\"eventdata\":{\"binary\":\"2D20436F64653A20575254575254494330303030313238372D2043616C6C3A20575254575254494330303030313234312D205049443A202030303030373030302D205449443A202030303034363334342D20434D443A2020433A5C57494E444F57535C73797374656D33325C737663686F73742E657865202D6B204E6574776F726B53657276696365202D70202020202D20557365723A204E616D653A204E5420415554484F524954595C4E4554574F524B20534552564943452C205349443A532D312D352D3230\",\"data\":\"0x80070005, 存取被拒。,   操作:    正在收集寫入者資料  內容:    寫入者類別識別碼: {e8132975-6f93-4464-a53e-1050253ae220}    寫入者名稱: System Writer    寫入者例項識別碼: {ca6cd6a6-7942-4feb-8acc-20f232ebf887}\"}}}\n{\"win\":{\"system\":{\"providerName\":\"VSS\",\"eventID\":\"8194\",\"version\":\"0\",\"level\":\"2\",\"task\":\"0\",\"opcode\":\"0\",\"keywords\":\"0x80000000000000\",\"systemTime\":\"2024-05-10T20:58:29.4433756Z\",\"eventRecordID\":\"234807\",\"processID\":\"7000\",\"threadID\":\"0\",\"channel\":\"Application\",\"computer\":\"CHPIYR2\",\"severityValue\":\"ERROR\",\"message\":\"\\\"磁碟區陰影複製服務錯誤: 查詢 IVssWriterCallback 介面時發生意外的錯誤。hr = 0x80070005, 存取被拒。\\r\\n。 這通常是因為寫入者或要求者程序中包含不正確的安全性設定所造成。 \\n\\n操作:\\n   正在收集寫入者資料\\n\\n內容:\\n   寫入者類別識別碼: {e8132975-6f93-4464-a53e-1050253ae220}\\n   寫入者名稱: System Writer\\n   寫入者例項識別碼: {ca6cd6a6-7942-4feb-8acc-20f232ebf887}\\\"\"},\"eventdata\":{\"binary\":\"2D20436F64653A20575254575254494330303030313238372D2043616C6C3A20575254575254494330303030313234312D205049443A202030303030373030302D205449443A202030303034363334342D20434D443A2020433A5C57494E444F57535C73797374656D33325C737663686F73742E657865202D6B204E6574776F726B53657276696365202D70202020202D20557365723A204E616D653A204E5420415554484F524954595C4E4554574F524B20534552564943452C205349443A532D312D352D3230\",\"data\":\"0x80070005, 存取被拒。,   操作:    正在收集寫入者資料  內容:    寫入者類別識別碼: {e8132975-6f93-4464-a53e-1050253ae220}    寫入者名稱: System Writer    寫入者例項識別碼: {ca6cd6a6-7942-4feb-8acc-20f232ebf887}\"}}}\n{\"win\":{\"system\":{\"providerName\":\"VSS\",\"eventID\":\"8194\",\"version\":\"0\",\"level\":\"2\",\"task\":\"0\",\"opcode\":\"0\",\"keywords\":\"0x80000000000000\",\"systemTime\":\"2024-05-10T20:57:59.9379119Z\",\"eventRecordID\":\"234806\",\"processID\":\"7000\",\"threadID\":\"0\",\"channel\":\"Application\",\"computer\":\"CHPIYR2\",\"severityValue\":\"ERROR\",\"message\":\"\\\"磁碟區陰影複製服務錯誤: 查詢 IVssWriterCallback 介面時發生意外的錯誤。hr = 0x80070005, 存取被拒。\\r\\n。 這通常是因為寫入者或要求者程序中包含不正確的安全性設定所造成。 \\n\\n操作:\\n   正在收集寫入者資料\\n\\n內容:\\n   寫入者類別識別碼: {e8132975-6f93-4464-a53e-1050253ae220}\\n   寫入者名稱: System Writer\\n   寫入者例項識別碼: {ca6cd6a6-7942-4feb-8acc-20f232ebf887}\\\"\"},\"eventdata\":{\"binary\":\"2D20436F64653A20575254575254494330303030313238372D2043616C6C3A20575254575254494330303030313234312D205049443A202030303030373030302D205449443A202030303030363038302D20434D443A2020433A5C57494E444F57535C73797374656D33325C737663686F73742E657865202D6B204E6574776F726B53657276696365202D70202020202D20557365723A204E616D653A204E5420415554484F524954595C4E4554574F524B20534552564943452C205349443A532D312D352D3230\",\"data\":\"0x80070005, 存取被拒。,   操作:    正在收集寫入者資料  內容:    寫入者類別識別碼: {e8132975-6f93-4464-a53e-1050253ae220}    寫入者名稱: System Writer    寫入者例項識別碼: {ca6cd6a6-7942-4feb-8acc-20f232ebf887}\"}}}\n{\"win\":{\"system\":{\"providerName\":\"VSS\",\"eventID\":\"8194\",\"version\":\"0\",\"level\":\"2\",\"task\":\"0\",\"opcode\":\"0\",\"keywords\":\"0x80000000000000\",\"systemTime\":\"2024-05-10T20:57:30.8448290Z\",\"eventRecordID\":\"234805\",\"processID\":\"7000\",\"threadID\":\"0\",\"channel\":\"Application\",\"computer\":\"CHPIYR2\",\"severityValue\":\"ERROR\",\"message\":\"\\\"磁碟區陰影複製服務錯誤: 查詢 IVssWriterCallback 介面時發生意外的錯誤。hr = 0x80070005, 存取被拒。\\r\\n。 這通常是因為寫入者或要求者程序中包含不正確的安全性設定所造成。 \\n\\n操作:\\n   正在收集寫入者資料\\n\\n內容:\\n   寫入者類別識別碼: {e8132975-6f93-4464-a53e-1050253ae220}\\n   寫入者名稱: System Writer\\n   寫入者例項識別碼: {ca6cd6a6-7942-4feb-8acc-20f232ebf887}\\\"\"},\"eventdata\":{\"binary\":\"2D20436F64653A20575254575254494330303030313238372D2043616C6C3A20575254575254494330303030313234312D205049443A202030303030373030302D205449443A202030303030363038302D20434D443A2020433A5C57494E444F57535C73797374656D33325C737663686F73742E657865202D6B204E6574776F726B53657276696365202D70202020202D20557365723A204E616D653A204E5420415554484F524954595C4E4554574F524B20534552564943452C205349443A532D312D352D3230\",\"data\":\"0x80070005, 存取被拒。,   操作:    正在收集寫入者資料  內容:    寫入者類別識別碼: {e8132975-6f93-4464-a53e-1050253ae220}    寫入者名稱: System Writer    寫入者例項識別碼: {ca6cd6a6-7942-4feb-8acc-20f232ebf887}\"}}}\n{\"win\":{\"system\":{\"providerName\":\"VSS\",\"eventID\":\"8194\",\"version\":\"0\",\"level\":\"2\",\"task\":\"0\",\"opcode\":\"0\",\"keywords\":\"0x80000000000000\",\"systemTime\":\"2024-05-10T20:57:01.5280654Z\",\"eventRecordID\":\"234804\",\"processID\":\"7000\",\"threadID\":\"0\",\"channel\":\"Application\",\"computer\":\"CHPIYR2\",\"severityValue\":\"ERROR\",\"message\":\"\\\"磁碟區陰影複製服務錯誤: 查詢 IVssWriterCallback 介面時發生意外的錯誤。hr = 0x80070005, 存取被拒。\\r\\n。 這通常是因為寫入者或要求者程序中包含不正確的安全性設定所造成。 \\n\\n操作:\\n   正在收集寫入者資料\\n\\n內容:\\n   寫入者類別識別碼: {e8132975-6f93-4464-a53e-1050253ae220}\\n   寫入者名稱: System Writer\\n   寫入者例項識別碼: {ca6cd6a6-7942-4feb-8acc-20f232ebf887}\\\"\"},\"eventdata\":{\"binary\":\"2D20436F64653A20575254575254494330303030313238372D2043616C6C3A20575254575254494330303030313234312D205049443A202030303030373030302D205449443A202030303034353939362D20434D443A2020433A5C57494E444F57535C73797374656D33325C737663686F73742E657865202D6B204E6574776F726B53657276696365202D70202020202D20557365723A204E616D653A204E5420415554484F524954595C4E4554574F524B20534552564943452C205349443A532D312D352D3230\",\"data\":\"0x80070005, 存取被拒。,   操作:    正在收集寫入者資料  內容:    寫入者類別識別碼: {e8132975-6f93-4464-a53e-1050253ae220}    寫入者名稱: System Writer    寫入者例項識別碼: {ca6cd6a6-7942-4feb-8acc-20f232ebf887}\"}}}\n{\"win\":{\"system\":{\"providerName\":\"VSS\",\"eventID\":\"8194\",\"version\":\"0\",\"level\":\"2\",\"task\":\"0\",\"opcode\":\"0\",\"keywords\":\"0x80000000000000\",\"systemTime\":\"2024-05-10T20:56:32.6729251Z\",\"eventRecordID\":\"234803\",\"processID\":\"7000\",\"threadID\":\"0\",\"channel\":\"Application\",\"computer\":\"CHPIYR2\",\"severityValue\":\"ERROR\",\"message\":\"\\\"磁碟區陰影複製服務錯誤: 查詢 IVssWriterCallback 介面時發生意外的錯誤。hr = 0x80070005, 存取被拒。\\r\\n。 這通常是因為寫入者或要求者程序中包含不正確的安全性設定所造成。 \\n\\n操作:\\n   正在收集寫入者資料\\n\\n內容:\\n   寫入者類別識別碼: {e8132975-6f93-4464-a53e-1050253ae220}\\n   寫入者名稱: System Writer\\n   寫入者例項識別碼: {ca6cd6a6-7942-4feb-8acc-20f232ebf887}\\\"\"},\"eventdata\":{\"binary\":\"2D20436F64653A20575254575254494330303030313238372D2043616C6C3A20575254575254494330303030313234312D205049443A202030303030373030302D205449443A202030303034353939362D20434D443A2020433A5C57494E444F57535C73797374656D33325C737663686F73742E657865202D6B204E6574776F726B53657276696365202D70202020202D20557365723A204E616D653A204E5420415554484F524954595C4E4554574F524B20534552564943452C205349443A532D312D352D3230\",\"data\":\"0x80070005, 存取被拒。,   操作:    正在收集寫入者資料  內容:    寫入者類別識別碼: {e8132975-6f93-4464-a53e-1050253ae220}    寫入者名稱: System Writer    寫入者例項識別碼: {ca6cd6a6-7942-4feb-8acc-20f232ebf887}\"}}}\n{\"win\":{\"system\":{\"providerName\":\"VSS\",\"eventID\":\"8194\",\"version\":\"0\",\"level\":\"2\",\"task\":\"0\",\"opcode\":\"0\",\"keywords\":\"0x80000000000000\",\"systemTime\":\"2024-05-10T20:56:03.8856831Z\",\"eventRecordID\":\"234802\",\"processID\":\"7000\",\"threadID\":\"0\",\"channel\":\"Application\",\"computer\":\"CHPIYR2\",\"severityValue\":\"ERROR\",\"message\":\"\\\"磁碟區陰影複製服務錯誤: 查詢 IVssWriterCallback 介面時發生意外的錯誤。hr = 0x80070005, 存取被拒。\\r\\n。 這通常是因為寫入者或要求者程序中包含不正確的安全性設定所造成。 \\n\\n操作:\\n   正在收集寫入者資料\\n\\n內容:\\n   寫入者類別識別碼: {e8132975-6f93-4464-a53e-1050253ae220}\\n   寫入者名稱: System Writer\\n   寫入者例項識別碼: {ca6cd6a6-7942-4feb-8acc-20f232ebf887}\\\"\"},\"eventdata\":{\"binary\":\"2D20436F64653A20575254575254494330303030313238372D2043616C6C3A20575254575254494330303030313234312D205049443A202030303030373030302D205449443A202030303034353939362D20434D443A2020433A5C57494E444F57535C73797374656D33325C737663686F73742E657865202D6B204E6574776F726B53657276696365202D70202020202D20557365723A204E616D653A204E5420415554484F524954595C4E4554574F524B20534552564943452C205349443A532D312D352D3230\",\"data\":\"0x80070005, 存取被拒。,   操作:    正在收集寫入者資料  內容:    寫入者類別識別碼: {e8132975-6f93-4464-a53e-1050253ae220}    寫入者名稱: System Writer    寫入者例項識別碼: {ca6cd6a6-7942-4feb-8acc-20f232ebf887}\"}}}",
          "manager" : {
            "name" : "wazuh-server"
          },
          "data" : {
            "win" : {
              "eventdata" : {
                "data" : "0x80070005, 存取被拒。,   操作:    正在收集寫入者資料  內容:    寫入者類別識別碼: {e8132975-6f93-4464-a53e-1050253ae220}    寫入者名稱: System Writer    寫入者例項識別碼: {ca6cd6a6-7942-4feb-8acc-20f232ebf887}",
                "binary" : "2D20436F64653A20575254575254494330303030313238372D2043616C6C3A20575254575254494330303030313234312D205049443A202030303030373030302D205449443A202030303034363334342D20434D443A2020433A5C57494E444F57535C73797374656D33325C737663686F73742E657865202D6B204E6574776F726B53657276696365202D70202020202D20557365723A204E616D653A204E5420415554484F524954595C4E4554574F524B20534552564943452C205349443A532D312D352D3230"
              },
              "system" : {
                "eventID" : "8194",
                "keywords" : "0x80000000000000",
                "level" : "2",
                "channel" : "Application",
                "opcode" : "0",
                "message" : "\"磁碟區陰影複製服務錯誤: 查詢 IVssWriterCallback 介面時發生意外的錯誤。hr = 0x80070005, 存取被拒。\r\n。 這通常是因為寫入者或要求者程序中包含不正確的安全性設定所造成。 \n\n操作:\n   正在收集寫入者資料\n\n內容:\n   寫入者類別識別碼: {e8132975-6f93-4464-a53e-1050253ae220}\n   寫入者名稱: System Writer\n   寫入者例項識別碼: {ca6cd6a6-7942-4feb-8acc-20f232ebf887}\"",
                "version" : "0",
                "systemTime" : "2024-05-10T20:59:28.4283022Z",
                "eventRecordID" : "234809",
                "threadID" : "0",
                "computer" : "CHPIYR2",
                "task" : "0",
                "processID" : "7000",
                "severityValue" : "ERROR",
                "providerName" : "VSS"
              }
            }
          },
          "rule" : {
            "firedtimes" : 20,
            "mail" : false,
            "level" : 10,
            "description" : "Multiple Windows error application events.",
            "groups" : [
              "windows",
              "windows_application"
            ],
            "id" : "61061",
            "frequency" : 8
          },
          "decoder" : {
            "name" : "windows_eventchannel"
          },
          "input" : {
            "type" : "log"
          },
          "@timestamp" : "2024-05-10T20:59:31.135Z",
          "location" : "EventChannel",
          "id" : "1715374771.31299035",
          "timestamp" : "2024-05-10T20:59:31.135+0000"
        }
      },
      {
        "_index" : "wazuh-alerts-4.x-2024.05.10",
        "_id" : "QZtRZI8BFz3DvWCkfvQm",
        "_score" : 0.0,
        "_source" : {
          "cluster" : {
            "node" : "node01",
            "name" : "wazuh"
          },
          "agent" : {
            "ip" : "192.168.1.216",
            "name" : "chpiyr2",
            "id" : "014"
          },
          "previous_output" : "{\"win\":{\"system\":{\"providerName\":\"VSS\",\"eventID\":\"8194\",\"version\":\"0\",\"level\":\"2\",\"task\":\"0\",\"opcode\":\"0\",\"keywords\":\"0x80000000000000\",\"systemTime\":\"2024-05-10T21:02:56.7934848Z\",\"eventRecordID\":\"234816\",\"processID\":\"7000\",\"threadID\":\"0\",\"channel\":\"Application\",\"computer\":\"CHPIYR2\",\"severityValue\":\"ERROR\",\"message\":\"\\\"磁碟區陰影複製服務錯誤: 查詢 IVssWriterCallback 介面時發生意外的錯誤。hr = 0x80070005, 存取被拒。\\r\\n。 這通常是因為寫入者或要求者程序中包含不正確的安全性設定所造成。 \\n\\n操作:\\n   正在收集寫入者資料\\n\\n內容:\\n   寫入者類別識別碼: {e8132975-6f93-4464-a53e-1050253ae220}\\n   寫入者名稱: System Writer\\n   寫入者例項識別碼: {ca6cd6a6-7942-4feb-8acc-20f232ebf887}\\\"\"},\"eventdata\":{\"binary\":\"2D20436F64653A20575254575254494330303030313238372D2043616C6C3A20575254575254494330303030313234312D205049443A202030303030373030302D205449443A202030303030363038302D20434D443A2020433A5C57494E444F57535C73797374656D33325C737663686F73742E657865202D6B204E6574776F726B53657276696365202D70202020202D20557365723A204E616D653A204E5420415554484F524954595C4E4554574F524B20534552564943452C205349443A532D312D352D3230\",\"data\":\"0x80070005, 存取被拒。,   操作:    正在收集寫入者資料  內容:    寫入者類別識別碼: {e8132975-6f93-4464-a53e-1050253ae220}    寫入者名稱: System Writer    寫入者例項識別碼: {ca6cd6a6-7942-4feb-8acc-20f232ebf887}\"}}}\n{\"win\":{\"system\":{\"providerName\":\"VSS\",\"eventID\":\"8194\",\"version\":\"0\",\"level\":\"2\",\"task\":\"0\",\"opcode\":\"0\",\"keywords\":\"0x80000000000000\",\"systemTime\":\"2024-05-10T21:02:26.6995664Z\",\"eventRecordID\":\"234815\",\"processID\":\"7000\",\"threadID\":\"0\",\"channel\":\"Application\",\"computer\":\"CHPIYR2\",\"severityValue\":\"ERROR\",\"message\":\"\\\"磁碟區陰影複製服務錯誤: 查詢 IVssWriterCallback 介面時發生意外的錯誤。hr = 0x80070005, 存取被拒。\\r\\n。 這通常是因為寫入者或要求者程序中包含不正確的安全性設定所造成。 \\n\\n操作:\\n   正在收集寫入者資料\\n\\n內容:\\n   寫入者類別識別碼: {e8132975-6f93-4464-a53e-1050253ae220}\\n   寫入者名稱: System Writer\\n   寫入者例項識別碼: {ca6cd6a6-7942-4feb-8acc-20f232ebf887}\\\"\"},\"eventdata\":{\"binary\":\"2D20436F64653A20575254575254494330303030313238372D2043616C6C3A20575254575254494330303030313234312D205049443A202030303030373030302D205449443A202030303034363437362D20434D443A2020433A5C57494E444F57535C73797374656D33325C737663686F73742E657865202D6B204E6574776F726B53657276696365202D70202020202D20557365723A204E616D653A204E5420415554484F524954595C4E4554574F524B20534552564943452C205349443A532D312D352D3230\",\"data\":\"0x80070005, 存取被拒。,   操作:    正在收集寫入者資料  內容:    寫入者類別識別碼: {e8132975-6f93-4464-a53e-1050253ae220}    寫入者名稱: System Writer    寫入者例項識別碼: {ca6cd6a6-7942-4feb-8acc-20f232ebf887}\"}}}\n{\"win\":{\"system\":{\"providerName\":\"VSS\",\"eventID\":\"8194\",\"version\":\"0\",\"level\":\"2\",\"task\":\"0\",\"opcode\":\"0\",\"keywords\":\"0x80000000000000\",\"systemTime\":\"2024-05-10T21:01:56.6763568Z\",\"eventRecordID\":\"234814\",\"processID\":\"7000\",\"threadID\":\"0\",\"channel\":\"Application\",\"computer\":\"CHPIYR2\",\"severityValue\":\"ERROR\",\"message\":\"\\\"磁碟區陰影複製服務錯誤: 查詢 IVssWriterCallback 介面時發生意外的錯誤。hr = 0x80070005, 存取被拒。\\r\\n。 這通常是因為寫入者或要求者程序中包含不正確的安全性設定所造成。 \\n\\n操作:\\n   正在收集寫入者資料\\n\\n內容:\\n   寫入者類別識別碼: {e8132975-6f93-4464-a53e-1050253ae220}\\n   寫入者名稱: System Writer\\n   寫入者例項識別碼: {ca6cd6a6-7942-4feb-8acc-20f232ebf887}\\\"\"},\"eventdata\":{\"binary\":\"2D20436F64653A20575254575254494330303030313238372D2043616C6C3A20575254575254494330303030313234312D205049443A202030303030373030302D205449443A202030303034363437362D20434D443A2020433A5C57494E444F57535C73797374656D33325C737663686F73742E657865202D6B204E6574776F726B53657276696365202D70202020202D20557365723A204E616D653A204E5420415554484F524954595C4E4554574F524B20534552564943452C205349443A532D312D352D3230\",\"data\":\"0x80070005, 存取被拒。,   操作:    正在收集寫入者資料  內容:    寫入者類別識別碼: {e8132975-6f93-4464-a53e-1050253ae220}    寫入者名稱: System Writer    寫入者例項識別碼: {ca6cd6a6-7942-4feb-8acc-20f232ebf887}\"}}}\n{\"win\":{\"system\":{\"providerName\":\"VSS\",\"eventID\":\"8194\",\"version\":\"0\",\"level\":\"2\",\"task\":\"0\",\"opcode\":\"0\",\"keywords\":\"0x80000000000000\",\"systemTime\":\"2024-05-10T21:01:26.9035886Z\",\"eventRecordID\":\"234813\",\"processID\":\"7000\",\"threadID\":\"0\",\"channel\":\"Application\",\"computer\":\"CHPIYR2\",\"severityValue\":\"ERROR\",\"message\":\"\\\"磁碟區陰影複製服務錯誤: 查詢 IVssWriterCallback 介面時發生意外的錯誤。hr = 0x80070005, 存取被拒。\\r\\n。 這通常是因為寫入者或要求者程序中包含不正確的安全性設定所造成。 \\n\\n操作:\\n   正在收集寫入者資料\\n\\n內容:\\n   寫入者類別識別碼: {e8132975-6f93-4464-a53e-1050253ae220}\\n   寫入者名稱: System Writer\\n   寫入者例項識別碼: {ca6cd6a6-7942-4feb-8acc-20f232ebf887}\\\"\"},\"eventdata\":{\"binary\":\"2D20436F64653A20575254575254494330303030313238372D2043616C6C3A20575254575254494330303030313234312D205049443A202030303030373030302D205449443A202030303034363437362D20434D443A2020433A5C57494E444F57535C73797374656D33325C737663686F73742E657865202D6B204E6574776F726B53657276696365202D70202020202D20557365723A204E616D653A204E5420415554484F524954595C4E4554574F524B20534552564943452C205349443A532D312D352D3230\",\"data\":\"0x80070005, 存取被拒。,   操作:    正在收集寫入者資料  內容:    寫入者類別識別碼: {e8132975-6f93-4464-a53e-1050253ae220}    寫入者名稱: System Writer    寫入者例項識別碼: {ca6cd6a6-7942-4feb-8acc-20f232ebf887}\"}}}\n{\"win\":{\"system\":{\"providerName\":\"VSS\",\"eventID\":\"8194\",\"version\":\"0\",\"level\":\"2\",\"task\":\"0\",\"opcode\":\"0\",\"keywords\":\"0x80000000000000\",\"systemTime\":\"2024-05-10T21:00:57.1306834Z\",\"eventRecordID\":\"234812\",\"processID\":\"7000\",\"threadID\":\"0\",\"channel\":\"Application\",\"computer\":\"CHPIYR2\",\"severityValue\":\"ERROR\",\"message\":\"\\\"磁碟區陰影複製服務錯誤: 查詢 IVssWriterCallback 介面時發生意外的錯誤。hr = 0x80070005, 存取被拒。\\r\\n。 這通常是因為寫入者或要求者程序中包含不正確的安全性設定所造成。 \\n\\n操作:\\n   正在收集寫入者資料\\n\\n內容:\\n   寫入者類別識別碼: {e8132975-6f93-4464-a53e-1050253ae220}\\n   寫入者名稱: System Writer\\n   寫入者例項識別碼: {ca6cd6a6-7942-4feb-8acc-20f232ebf887}\\\"\"},\"eventdata\":{\"binary\":\"2D20436F64653A20575254575254494330303030313238372D2043616C6C3A20575254575254494330303030313234312D205049443A202030303030373030302D205449443A202030303030363038302D20434D443A2020433A5C57494E444F57535C73797374656D33325C737663686F73742E657865202D6B204E6574776F726B53657276696365202D70202020202D20557365723A204E616D653A204E5420415554484F524954595C4E4554574F524B20534552564943452C205349443A532D312D352D3230\",\"data\":\"0x80070005, 存取被拒。,   操作:    正在收集寫入者資料  內容:    寫入者類別識別碼: {e8132975-6f93-4464-a53e-1050253ae220}    寫入者名稱: System Writer    寫入者例項識別碼: {ca6cd6a6-7942-4feb-8acc-20f232ebf887}\"}}}\n{\"win\":{\"system\":{\"providerName\":\"VSS\",\"eventID\":\"8194\",\"version\":\"0\",\"level\":\"2\",\"task\":\"0\",\"opcode\":\"0\",\"keywords\":\"0x80000000000000\",\"systemTime\":\"2024-05-10T21:00:27.5420061Z\",\"eventRecordID\":\"234811\",\"processID\":\"7000\",\"threadID\":\"0\",\"channel\":\"Application\",\"computer\":\"CHPIYR2\",\"severityValue\":\"ERROR\",\"message\":\"\\\"磁碟區陰影複製服務錯誤: 查詢 IVssWriterCallback 介面時發生意外的錯誤。hr = 0x80070005, 存取被拒。\\r\\n。 這通常是因為寫入者或要求者程序中包含不正確的安全性設定所造成。 \\n\\n操作:\\n   正在收集寫入者資料\\n\\n內容:\\n   寫入者類別識別碼: {e8132975-6f93-4464-a53e-1050253ae220}\\n   寫入者名稱: System Writer\\n   寫入者例項識別碼: {ca6cd6a6-7942-4feb-8acc-20f232ebf887}\\\"\"},\"eventdata\":{\"binary\":\"2D20436F64653A20575254575254494330303030313238372D2043616C6C3A20575254575254494330303030313234312D205049443A202030303030373030302D205449443A202030303034363334342D20434D443A2020433A5C57494E444F57535C73797374656D33325C737663686F73742E657865202D6B204E6574776F726B53657276696365202D70202020202D20557365723A204E616D653A204E5420415554484F524954595C4E4554574F524B20534552564943452C205349443A532D312D352D3230\",\"data\":\"0x80070005, 存取被拒。,   操作:    正在收集寫入者資料  內容:    寫入者類別識別碼: {e8132975-6f93-4464-a53e-1050253ae220}    寫入者名稱: System Writer    寫入者例項識別碼: {ca6cd6a6-7942-4feb-8acc-20f232ebf887}\"}}}\n{\"win\":{\"system\":{\"providerName\":\"VSS\",\"eventID\":\"8194\",\"version\":\"0\",\"level\":\"2\",\"task\":\"0\",\"opcode\":\"0\",\"keywords\":\"0x80000000000000\",\"systemTime\":\"2024-05-10T20:59:57.9924000Z\",\"eventRecordID\":\"234810\",\"processID\":\"7000\",\"threadID\":\"0\",\"channel\":\"Application\",\"computer\":\"CHPIYR2\",\"severityValue\":\"ERROR\",\"message\":\"\\\"磁碟區陰影複製服務錯誤: 查詢 IVssWriterCallback 介面時發生意外的錯誤。hr = 0x80070005, 存取被拒。\\r\\n。 這通常是因為寫入者或要求者程序中包含不正確的安全性設定所造成。 \\n\\n操作:\\n   正在收集寫入者資料\\n\\n內容:\\n   寫入者類別識別碼: {e8132975-6f93-4464-a53e-1050253ae220}\\n   寫入者名稱: System Writer\\n   寫入者例項識別碼: {ca6cd6a6-7942-4feb-8acc-20f232ebf887}\\\"\"},\"eventdata\":{\"binary\":\"2D20436F64653A20575254575254494330303030313238372D2043616C6C3A20575254575254494330303030313234312D205049443A202030303030373030302D205449443A202030303034363334342D20434D443A2020433A5C57494E444F57535C73797374656D33325C737663686F73742E657865202D6B204E6574776F726B53657276696365202D70202020202D20557365723A204E616D653A204E5420415554484F524954595C4E4554574F524B20534552564943452C205349443A532D312D352D3230\",\"data\":\"0x80070005, 存取被拒。,   操作:    正在收集寫入者資料  內容:    寫入者類別識別碼: {e8132975-6f93-4464-a53e-1050253ae220}    寫入者名稱: System Writer    寫入者例項識別碼: {ca6cd6a6-7942-4feb-8acc-20f232ebf887}\"}}}",
          "manager" : {
            "name" : "wazuh-server"
          },
          "data" : {
            "win" : {
              "eventdata" : {
                "data" : "0x80070005, 存取被拒。,   操作:    正在收集寫入者資料  內容:    寫入者類別識別碼: {e8132975-6f93-4464-a53e-1050253ae220}    寫入者名稱: System Writer    寫入者例項識別碼: {ca6cd6a6-7942-4feb-8acc-20f232ebf887}",
                "binary" : "2D20436F64653A20575254575254494330303030313238372D2043616C6C3A20575254575254494330303030313234312D205049443A202030303030373030302D205449443A202030303030363038302D20434D443A2020433A5C57494E444F57535C73797374656D33325C737663686F73742E657865202D6B204E6574776F726B53657276696365202D70202020202D20557365723A204E616D653A204E5420415554484F524954595C4E4554574F524B20534552564943452C205349443A532D312D352D3230"
              },
              "system" : {
                "eventID" : "8194",
                "keywords" : "0x80000000000000",
                "level" : "2",
                "channel" : "Application",
                "opcode" : "0",
                "message" : "\"磁碟區陰影複製服務錯誤: 查詢 IVssWriterCallback 介面時發生意外的錯誤。hr = 0x80070005, 存取被拒。\r\n。 這通常是因為寫入者或要求者程序中包含不正確的安全性設定所造成。 \n\n操作:\n   正在收集寫入者資料\n\n內容:\n   寫入者類別識別碼: {e8132975-6f93-4464-a53e-1050253ae220}\n   寫入者名稱: System Writer\n   寫入者例項識別碼: {ca6cd6a6-7942-4feb-8acc-20f232ebf887}\"",
                "version" : "0",
                "systemTime" : "2024-05-10T21:03:26.7380556Z",
                "eventRecordID" : "234817",
                "threadID" : "0",
                "computer" : "CHPIYR2",
                "task" : "0",
                "processID" : "7000",
                "severityValue" : "ERROR",
                "providerName" : "VSS"
              }
            }
          },
          "rule" : {
            "firedtimes" : 1,
            "mail" : false,
            "level" : 10,
            "description" : "Multiple Windows error application events.",
            "groups" : [
              "windows",
              "windows_application"
            ],
            "id" : "61061",
            "frequency" : 8
          },
          "decoder" : {
            "name" : "windows_eventchannel"
          },
          "input" : {
            "type" : "log"
          },
          "@timestamp" : "2024-05-10T21:03:29.442Z",
          "location" : "EventChannel",
          "id" : "1715375009.31335181",
          "timestamp" : "2024-05-10T21:03:29.442+0000"
        }
      },
      {
        "_index" : "wazuh-alerts-4.x-2024.05.10",
        "_id" : "QJtRZI8BFz3DvWCkHPR9",
        "_score" : 0.0,
        "_source" : {
          "cluster" : {
            "node" : "node01",
            "name" : "wazuh"
          },
          "agent" : {
            "ip" : "192.168.1.216",
            "name" : "chpiyr2",
            "id" : "014"
          },
          "manager" : {
            "name" : "wazuh-server"
          },
          "data" : {
            "win" : {
              "eventdata" : {
                "data" : "0x80070005, 存取被拒。,   操作:    正在收集寫入者資料  內容:    寫入者類別識別碼: {e8132975-6f93-4464-a53e-1050253ae220}    寫入者名稱: System Writer    寫入者例項識別碼: {ca6cd6a6-7942-4feb-8acc-20f232ebf887}",
                "binary" : "2D20436F64653A20575254575254494330303030313238372D2043616C6C3A20575254575254494330303030313234312D205049443A202030303030373030302D205449443A202030303030363038302D20434D443A2020433A5C57494E444F57535C73797374656D33325C737663686F73742E657865202D6B204E6574776F726B53657276696365202D70202020202D20557365723A204E616D653A204E5420415554484F524954595C4E4554574F524B20534552564943452C205349443A532D312D352D3230"
              },
              "system" : {
                "eventID" : "8194",
                "keywords" : "0x80000000000000",
                "level" : "2",
                "channel" : "Application",
                "opcode" : "0",
                "message" : "\"磁碟區陰影複製服務錯誤: 查詢 IVssWriterCallback 介面時發生意外的錯誤。hr = 0x80070005, 存取被拒。\r\n。 這通常是因為寫入者或要求者程序中包含不正確的安全性設定所造成。 \n\n操作:\n   正在收集寫入者資料\n\n內容:\n   寫入者類別識別碼: {e8132975-6f93-4464-a53e-1050253ae220}\n   寫入者名稱: System Writer\n   寫入者例項識別碼: {ca6cd6a6-7942-4feb-8acc-20f232ebf887}\"",
                "version" : "0",
                "systemTime" : "2024-05-10T21:02:56.7934848Z",
                "eventRecordID" : "234816",
                "threadID" : "0",
                "computer" : "CHPIYR2",
                "task" : "0",
                "processID" : "7000",
                "severityValue" : "ERROR",
                "providerName" : "VSS"
              }
            }
          },
          "rule" : {
            "firedtimes" : 6,
            "mail" : false,
            "level" : 9,
            "description" : "Windows application error event.",
            "groups" : [
              "windows",
              "windows_application",
              "system_error"
            ],
            "id" : "60602",
            "gdpr" : [
              "IV_35.7.d"
            ],
            "gpg13" : [
              "4.3"
            ]
          },
          "decoder" : {
            "name" : "windows_eventchannel"
          },
          "input" : {
            "type" : "log"
          },
          "@timestamp" : "2024-05-10T21:02:59.494Z",
          "location" : "EventChannel",
          "id" : "1715374979.31331943",
          "timestamp" : "2024-05-10T21:02:59.494+0000"
        }
      },
      {
        "_index" : "wazuh-alerts-4.x-2024.05.10",
        "_id" : "VZtSZI8BFz3DvWCkBvTf",
        "_score" : 0.0,
        "_source" : {
          "cluster" : {
            "node" : "node01",
            "name" : "wazuh"
          },
          "agent" : {
            "ip" : "192.168.1.216",
            "name" : "chpiyr2",
            "id" : "014"
          },
          "manager" : {
            "name" : "wazuh-server"
          },
          "data" : {
            "win" : {
              "eventdata" : {
                "data" : "0x80070005, 存取被拒。,   操作:    正在收集寫入者資料  內容:    寫入者類別識別碼: {e8132975-6f93-4464-a53e-1050253ae220}    寫入者名稱: System Writer    寫入者例項識別碼: {ca6cd6a6-7942-4feb-8acc-20f232ebf887}",
                "binary" : "2D20436F64653A20575254575254494330303030313238372D2043616C6C3A20575254575254494330303030313234312D205049443A202030303030373030302D205449443A202030303034363430382D20434D443A2020433A5C57494E444F57535C73797374656D33325C737663686F73742E657865202D6B204E6574776F726B53657276696365202D70202020202D20557365723A204E616D653A204E5420415554484F524954595C4E4554574F524B20534552564943452C205349443A532D312D352D3230"
              },
              "system" : {
                "eventID" : "8194",
                "keywords" : "0x80000000000000",
                "level" : "2",
                "channel" : "Application",
                "opcode" : "0",
                "message" : "\"磁碟區陰影複製服務錯誤: 查詢 IVssWriterCallback 介面時發生意外的錯誤。hr = 0x80070005, 存取被拒。\r\n。 這通常是因為寫入者或要求者程序中包含不正確的安全性設定所造成。 \n\n操作:\n   正在收集寫入者資料\n\n內容:\n   寫入者類別識別碼: {e8132975-6f93-4464-a53e-1050253ae220}\n   寫入者名稱: System Writer\n   寫入者例項識別碼: {ca6cd6a6-7942-4feb-8acc-20f232ebf887}\"",
                "version" : "0",
                "systemTime" : "2024-05-10T21:03:57.0517415Z",
                "eventRecordID" : "234818",
                "threadID" : "0",
                "computer" : "CHPIYR2",
                "task" : "0",
                "processID" : "7000",
                "severityValue" : "ERROR",
                "providerName" : "VSS"
              }
            }
          },
          "rule" : {
            "firedtimes" : 7,
            "mail" : false,
            "level" : 9,
            "description" : "Windows application error event.",
            "groups" : [
              "windows",
              "windows_application",
              "system_error"
            ],
            "id" : "60602",
            "gdpr" : [
              "IV_35.7.d"
            ],
            "gpg13" : [
              "4.3"
            ]
          },
          "decoder" : {
            "name" : "windows_eventchannel"
          },
          "input" : {
            "type" : "log"
          },
          "@timestamp" : "2024-05-10T21:03:59.757Z",
          "location" : "EventChannel",
          "id" : "1715375039.31348661",
          "timestamp" : "2024-05-10T21:03:59.757+0000"
        }
      },
      {
        "_index" : "wazuh-alerts-4.x-2024.05.10",
        "_id" : "VptSZI8BFz3DvWCkaPSI",
        "_score" : 0.0,
        "_source" : {
          "cluster" : {
            "node" : "node01",
            "name" : "wazuh"
          },
          "agent" : {
            "ip" : "192.168.1.216",
            "name" : "chpiyr2",
            "id" : "014"
          },
          "manager" : {
            "name" : "wazuh-server"
          },
          "data" : {
            "win" : {
              "eventdata" : {
                "data" : "0x80070005, 存取被拒。,   操作:    正在收集寫入者資料  內容:    寫入者類別識別碼: {e8132975-6f93-4464-a53e-1050253ae220}    寫入者名稱: System Writer    寫入者例項識別碼: {ca6cd6a6-7942-4feb-8acc-20f232ebf887}",
                "binary" : "2D20436F64653A20575254575254494330303030313238372D2043616C6C3A20575254575254494330303030313234312D205049443A202030303030373030302D205449443A202030303034363430382D20434D443A2020433A5C57494E444F57535C73797374656D33325C737663686F73742E657865202D6B204E6574776F726B53657276696365202D70202020202D20557365723A204E616D653A204E5420415554484F524954595C4E4554574F524B20534552564943452C205349443A532D312D352D3230"
              },
              "system" : {
                "eventID" : "8194",
                "keywords" : "0x80000000000000",
                "level" : "2",
                "channel" : "Application",
                "opcode" : "0",
                "message" : "\"磁碟區陰影複製服務錯誤: 查詢 IVssWriterCallback 介面時發生意外的錯誤。hr = 0x80070005, 存取被拒。\r\n。 這通常是因為寫入者或要求者程序中包含不正確的安全性設定所造成。 \n\n操作:\n   正在收集寫入者資料\n\n內容:\n   寫入者類別識別碼: {e8132975-6f93-4464-a53e-1050253ae220}\n   寫入者名稱: System Writer\n   寫入者例項識別碼: {ca6cd6a6-7942-4feb-8acc-20f232ebf887}\"",
                "version" : "0",
                "systemTime" : "2024-05-10T21:04:27.0761506Z",
                "eventRecordID" : "234819",
                "threadID" : "0",
                "computer" : "CHPIYR2",
                "task" : "0",
                "processID" : "7000",
                "severityValue" : "ERROR",
                "providerName" : "VSS"
              }
            }
          },
          "rule" : {
            "firedtimes" : 8,
            "mail" : false,
            "level" : 9,
            "description" : "Windows application error event.",
            "groups" : [
              "windows",
              "windows_application",
              "system_error"
            ],
            "id" : "60602",
            "gdpr" : [
              "IV_35.7.d"
            ],
            "gpg13" : [
              "4.3"
            ]
          },
          "decoder" : {
            "name" : "windows_eventchannel"
          },
          "input" : {
            "type" : "log"
          },
          "@timestamp" : "2024-05-10T21:04:29.780Z",
          "location" : "EventChannel",
          "id" : "1715375069.31351899",
          "timestamp" : "2024-05-10T21:04:29.780+0000"
        }
      },
      {
        "_index" : "wazuh-alerts-4.x-2024.05.10",
        "_id" : "gZtTZI8BFz3DvWCk2_Sk",
        "_score" : 0.0,
        "_source" : {
          "cluster" : {
            "node" : "node01",
            "name" : "wazuh"
          },
          "agent" : {
            "ip" : "192.168.1.216",
            "name" : "chpiyr2",
            "id" : "014"
          },
          "manager" : {
            "name" : "wazuh-server"
          },
          "data" : {
            "win" : {
              "eventdata" : {
                "data" : "0x80070005, 存取被拒。,   操作:    正在收集寫入者資料  內容:    寫入者類別識別碼: {e8132975-6f93-4464-a53e-1050253ae220}    寫入者名稱: System Writer    寫入者例項識別碼: {ca6cd6a6-7942-4feb-8acc-20f232ebf887}",
                "binary" : "2D20436F64653A20575254575254494330303030313238372D2043616C6C3A20575254575254494330303030313234312D205049443A202030303030373030302D205449443A202030303034363430382D20434D443A2020433A5C57494E444F57535C73797374656D33325C737663686F73742E657865202D6B204E6574776F726B53657276696365202D70202020202D20557365723A204E616D653A204E5420415554484F524954595C4E4554574F524B20534552564943452C205349443A532D312D352D3230"
              },
              "system" : {
                "eventID" : "8194",
                "keywords" : "0x80000000000000",
                "level" : "2",
                "channel" : "Application",
                "opcode" : "0",
                "message" : "\"磁碟區陰影複製服務錯誤: 查詢 IVssWriterCallback 介面時發生意外的錯誤。hr = 0x80070005, 存取被拒。\r\n。 這通常是因為寫入者或要求者程序中包含不正確的安全性設定所造成。 \n\n操作:\n   正在收集寫入者資料\n\n內容:\n   寫入者類別識別碼: {e8132975-6f93-4464-a53e-1050253ae220}\n   寫入者名稱: System Writer\n   寫入者例項識別碼: {ca6cd6a6-7942-4feb-8acc-20f232ebf887}\"",
                "version" : "0",
                "systemTime" : "2024-05-10T21:05:57.3142001Z",
                "eventRecordID" : "234822",
                "threadID" : "0",
                "computer" : "CHPIYR2",
                "task" : "0",
                "processID" : "7000",
                "severityValue" : "ERROR",
                "providerName" : "VSS"
              }
            }
          },
          "rule" : {
            "firedtimes" : 11,
            "mail" : false,
            "level" : 9,
            "description" : "Windows application error event.",
            "groups" : [
              "windows",
              "windows_application",
              "system_error"
            ],
            "id" : "60602",
            "gdpr" : [
              "IV_35.7.d"
            ],
            "gpg13" : [
              "4.3"
            ]
          },
          "decoder" : {
            "name" : "windows_eventchannel"
          },
          "input" : {
            "type" : "log"
          },
          "@timestamp" : "2024-05-10T21:06:00.016Z",
          "location" : "EventChannel",
          "id" : "1715375160.31361613",
          "timestamp" : "2024-05-10T21:06:00.016+0000"
        }
      },
