      {
        "_index" : "wazuh-alerts-4.x-2024.05.10",
        "_id" : "QdOFYY8BDLrbEVzqIWRm",
        "_score" : 0.0,
        "_source" : {
          "cluster" : {
            "node" : "node01",
            "name" : "wazuh"
          },
          "agent" : {
            "ip" : "192.168.1.216",
            "name" : "chpiyr2",
            "id" : "014"
          },
          "manager" : {
            "name" : "wazuh-server"
          },
          "data" : {
            "win" : {
              "eventdata" : {
                "data" : "Failed to get auth header with 0x8086000c, mcpmanagementservice.dll"
              },
              "system" : {
                "eventID" : "1",
                "keywords" : "0x80000000000000",
                "level" : "2",
                "channel" : "Application",
                "opcode" : "0",
                "version" : "0",
                "systemTime" : "2024-05-10T08:00:59.0884576Z",
                "eventRecordID" : "233794",
                "threadID" : "0",
                "computer" : "CHPIYR2",
                "task" : "0",
                "processID" : "12032",
                "severityValue" : "ERROR",
                "providerName" : "Universal Print"
              }
            }
          },
          "rule" : {
            "firedtimes" : 27,
            "mail" : false,
            "level" : 9,
            "description" : "Windows application error event.",
            "groups" : [
              "windows",
              "windows_application",
              "system_error"
            ],
            "id" : "60602",
            "gdpr" : [
              "IV_35.7.d"
            ],
            "gpg13" : [
              "4.3"
            ]
          },
          "decoder" : {
            "name" : "windows_eventchannel"
          },
          "input" : {
            "type" : "log"
          },
          "@timestamp" : "2024-05-10T08:01:00.971Z",
          "location" : "EventChannel",
          "id" : "1715328060.13194788",
          "timestamp" : "2024-05-10T08:01:00.971+0000"
        }
      },
      {
        "_index" : "wazuh-alerts-4.x-2024.05.10",
        "_id" : "gdOGYY8BDLrbEVzqE2Sk",
        "_score" : 0.0,
        "_source" : {
          "cluster" : {
            "node" : "node01",
            "name" : "wazuh"
          },
          "agent" : {
            "ip" : "192.168.1.216",
            "name" : "chpiyr2",
            "id" : "014"
          },
          "manager" : {
            "name" : "wazuh-server"
          },
          "data" : {
            "win" : {
              "eventdata" : {
                "data" : "User Interaction Required while trying to get a token silently. ErrorCode: 0xcaa10001, Error: Need user interaction to continue., mcpmanagementservice.dll"
              },
              "system" : {
                "eventID" : "1",
                "keywords" : "0x80000000000000",
                "level" : "2",
                "channel" : "Application",
                "opcode" : "0",
                "version" : "0",
                "systemTime" : "2024-05-10T08:02:03.6538402Z",
                "eventRecordID" : "233841",
                "threadID" : "0",
                "computer" : "CHPIYR2",
                "task" : "0",
                "processID" : "12032",
                "severityValue" : "ERROR",
                "providerName" : "Universal Print"
              }
            }
          },
          "rule" : {
            "firedtimes" : 54,
            "mail" : false,
            "level" : 9,
            "description" : "Windows application error event.",
            "groups" : [
              "windows",
              "windows_application",
              "system_error"
            ],
            "id" : "60602",
            "gdpr" : [
              "IV_35.7.d"
            ],
            "gpg13" : [
              "4.3"
            ]
          },
          "decoder" : {
            "name" : "windows_eventchannel"
          },
          "input" : {
            "type" : "log"
          },
          "@timestamp" : "2024-05-10T08:02:05.567Z",
          "location" : "EventChannel",
          "id" : "1715328125.13272658",
          "timestamp" : "2024-05-10T08:02:05.567+0000"
        }
      },
      {
        "_index" : "wazuh-alerts-4.x-2024.05.10",
        "_id" : "gtOGYY8BDLrbEVzqE2Sk",
        "_score" : 0.0,
        "_source" : {
          "cluster" : {
            "node" : "node01",
            "name" : "wazuh"
          },
          "agent" : {
            "ip" : "192.168.1.216",
            "name" : "chpiyr2",
            "id" : "014"
          },
          "manager" : {
            "name" : "wazuh-server"
          },
          "data" : {
            "win" : {
              "eventdata" : {
                "data" : "Failed to get auth header with 0x8086000c, mcpmanagementservice.dll"
              },
              "system" : {
                "eventID" : "1",
                "keywords" : "0x80000000000000",
                "level" : "2",
                "channel" : "Application",
                "opcode" : "0",
                "version" : "0",
                "systemTime" : "2024-05-10T08:02:03.6544353Z",
                "eventRecordID" : "233842",
                "threadID" : "0",
                "computer" : "CHPIYR2",
                "task" : "0",
                "processID" : "12032",
                "severityValue" : "ERROR",
                "providerName" : "Universal Print"
              }
            }
          },
          "rule" : {
            "firedtimes" : 55,
            "mail" : false,
            "level" : 9,
            "description" : "Windows application error event.",
            "groups" : [
              "windows",
              "windows_application",
              "system_error"
            ],
            "id" : "60602",
            "gdpr" : [
              "IV_35.7.d"
            ],
            "gpg13" : [
              "4.3"
            ]
          },
          "decoder" : {
            "name" : "windows_eventchannel"
          },
          "input" : {
            "type" : "log"
          },
          "@timestamp" : "2024-05-10T08:02:05.572Z",
          "location" : "EventChannel",
          "id" : "1715328125.13273953",
          "timestamp" : "2024-05-10T08:02:05.572+0000"
        }
      },
      {
        "_index" : "wazuh-alerts-4.x-2024.05.10",
        "_id" : "hNOGYY8BDLrbEVzqE2Sk",
        "_score" : 0.0,
        "_source" : {
          "cluster" : {
            "node" : "node01",
            "name" : "wazuh"
          },
          "agent" : {
            "ip" : "192.168.1.216",
            "name" : "chpiyr2",
            "id" : "014"
          },
          "manager" : {
            "name" : "wazuh-server"
          },
          "data" : {
            "win" : {
              "eventdata" : {
                "subjectLogonId" : "0x3e7",
                "subjectDomainName" : "WORKGROUP",
                "targetLinkedLogonId" : "0x0",
                "impersonationLevel" : "%%1833",
                "authenticationPackageName" : "Negotiate",
                "targetLogonId" : "0x3e7",
                "logonProcessName" : "Advapi",
                "logonGuid" : "{00000000-0000-0000-0000-000000000000}",
                "targetUserName" : "SYSTEM",
                "keyLength" : "0",
                "elevatedToken" : "%%1842",
                "subjectUserSid" : "S-1-5-18",
                "processId" : "0x704",
                "processName" : "C:\\\\Windows\\\\System32\\\\services.exe",
                "targetDomainName" : "NT AUTHORITY",
                "targetUserSid" : "S-1-5-18",
                "virtualAccount" : "%%1843",
                "logonType" : "5",
                "subjectUserName" : "CHPIYR2$"
              },
              "system" : {
                "eventID" : "4624",
                "keywords" : "0x8020000000000000",
                "providerGuid" : "{54849625-5478-4994-a5ba-3e3b0328c30d}",
                "level" : "0",
                "channel" : "Security",
                "opcode" : "0",
                "message" : "\"帳戶已順利登入。\r\n\r\n主體:\r\n\t安全性識別碼:\t\tS-1-5-18\r\n\tA帳戶名稱:\t\tCHPIYR2$\r\n\t帳戶網域:\t\tWORKGROUP\r\n\t登入識別碼:\t\t0x3E7\r\n\r\n登入資訊:\r\n\t登入類型:\t\t5\r\n\t受限制的系統管理模式:\t-\r\n\tRemote Credential Guard:\t-\r\n\t虛擬帳戶:\t\t否\r\n\t提高權限的權杖:\t\t是\r\n\r\n模擬層級:\t\t模擬\r\n\r\n新登入:\r\n\t安全性識別碼:\t\tS-1-5-18\r\n\t帳戶名稱:\t\tSYSTEM\r\n\t帳戶網域:\t\tNT AUTHORITY\r\n\t登入識別碼:\t\t0x3E7\r\n\t連結的登入識別碼:\t\t0x0\r\n\t網路帳戶名稱:\t-\r\n\t網路帳戶網域:\t-\r\n\t登入 GUID:\t\t{00000000-0000-0000-0000-000000000000}\r\n\r\n處理程序資訊:\r\n\t處理程序識別碼:\t\t0x704\r\n\t處理程序名稱:\t\tC:\\Windows\\System32\\services.exe\r\n\r\n網路資訊:\r\n\t工作站名稱:\t-\r\n\t來源網路位址:\t-\r\n\t來源連接埠:\t\t-\r\n\r\n詳細的驗證資訊:\r\n\t登入處理程序:\t\tAdvapi  \r\n\t驗證封裝:\tNegotiate\r\n\t轉送的服務:\t-\r\n\t封裝名稱 (僅 NTLM):\t-\r\n\t金鑰長度:\t\t0\r\n\r\n建立登入工作階段時會產生此事件。它是在所存取的電腦上產生。\r\n\r\n主體欄位指出要求登入之本機系統上的帳戶。這通常是發生在服務 (例如伺服器服務) 或是本機處理程序 (例如 Winlogon.exe 或 Services.exe)。\r\n\r\n登入類型欄位指出發生的登入類型。最常見的類型是 2 (互動式) 與 3 (網路)。\r\n\r\n新登入欄位指出是哪個帳戶建立新登入，例如登入的帳戶。\r\n\r\n網路欄位指出遠端登入要求的來源。工作站名稱並非一律可用，在某些情況下可能會是空白。\r\n\r\n模擬層級欄位指出登入工作階段中的處理程序可以模擬的範圍。\r\n\r\n驗證資訊欄位提供關於此特定登入要求的詳細資訊。\r\n\t- 登入 GUID 是唯一識別碼，可用於關聯這個事件與 KDC 事件。\r\n\t- 轉送的服務指出哪一個中介服務已經加入這個登入要求。\r\n\t- 封裝名稱指出在 NTLM 通訊協定中使用哪一個子協定。\r\n\t- 金鑰長度指出產生的工作階段金鑰長度。如果沒有要求工作階段金鑰則為 0。\"",
                "version" : "3",
                "systemTime" : "2024-05-10T08:02:03.2344066Z",
                "eventRecordID" : "2897128",
                "threadID" : "6456",
                "computer" : "CHPIYR2",
                "task" : "12544",
                "processID" : "1832",
                "severityValue" : "AUDIT_SUCCESS",
                "providerName" : "Microsoft-Windows-Security-Auditing"
              }
            }
          },
          "rule" : {
            "mail" : false,
            "level" : 3,
            "hipaa" : [
              "164.312.b"
            ],
            "pci_dss" : [
              "10.2.5"
            ],
            "tsc" : [
              "CC6.8",
              "CC7.2",
              "CC7.3"
            ],
            "description" : "Windows logon success.",
            "groups" : [
              "windows",
              "windows_security",
              "authentication_success"
            ],
            "nist_800_53" : [
              "AC.7",
              "AU.14"
            ],
            "gdpr" : [
              "IV_32.2"
            ],
            "firedtimes" : 14,
            "mitre" : {
              "technique" : [
                "Valid Accounts"
              ],
              "id" : [
                "T1078"
              ],
              "tactic" : [
                "Defense Evasion",
                "Persistence",
                "Privilege Escalation",
                "Initial Access"
              ]
            },
            "id" : "60106",
            "gpg13" : [
              "7.1",
              "7.2"
            ]
          },
          "decoder" : {
            "name" : "windows_eventchannel"
          },
          "input" : {
            "type" : "log"
          },
          "@timestamp" : "2024-05-10T08:02:06.081Z",
          "location" : "EventChannel",
          "id" : "1715328126.13275377",
          "timestamp" : "2024-05-10T08:02:06.081+0000"
        }
      },
      {
        "_index" : "wazuh-alerts-4.x-2024.05.10",
        "_id" : "TtOFYY8BDLrbEVzqWGQa",
        "_score" : 0.0,
        "_source" : {
          "cluster" : {
            "node" : "node01",
            "name" : "wazuh"
          },
          "agent" : {
            "ip" : "192.168.1.216",
            "name" : "chpiyr2",
            "id" : "014"
          },
          "manager" : {
            "name" : "wazuh-server"
          },
          "data" : {
            "win" : {
              "eventdata" : {
                "subjectLogonId" : "0x3e7",
                "subjectDomainName" : "WORKGROUP",
                "targetLinkedLogonId" : "0x0",
                "impersonationLevel" : "%%1833",
                "authenticationPackageName" : "Negotiate",
                "targetLogonId" : "0x3e7",
                "logonProcessName" : "Advapi",
                "logonGuid" : "{00000000-0000-0000-0000-000000000000}",
                "targetUserName" : "SYSTEM",
                "keyLength" : "0",
                "elevatedToken" : "%%1842",
                "subjectUserSid" : "S-1-5-18",
                "processId" : "0x704",
                "processName" : "C:\\\\Windows\\\\System32\\\\services.exe",
                "targetDomainName" : "NT AUTHORITY",
                "targetUserSid" : "S-1-5-18",
                "virtualAccount" : "%%1843",
                "logonType" : "5",
                "subjectUserName" : "CHPIYR2$"
              },
              "system" : {
                "eventID" : "4624",
                "keywords" : "0x8020000000000000",
                "providerGuid" : "{54849625-5478-4994-a5ba-3e3b0328c30d}",
                "level" : "0",
                "channel" : "Security",
                "opcode" : "0",
                "message" : "\"帳戶已順利登入。\r\n\r\n主體:\r\n\t安全性識別碼:\t\tS-1-5-18\r\n\tA帳戶名稱:\t\tCHPIYR2$\r\n\t帳戶網域:\t\tWORKGROUP\r\n\t登入識別碼:\t\t0x3E7\r\n\r\n登入資訊:\r\n\t登入類型:\t\t5\r\n\t受限制的系統管理模式:\t-\r\n\tRemote Credential Guard:\t-\r\n\t虛擬帳戶:\t\t否\r\n\t提高權限的權杖:\t\t是\r\n\r\n模擬層級:\t\t模擬\r\n\r\n新登入:\r\n\t安全性識別碼:\t\tS-1-5-18\r\n\t帳戶名稱:\t\tSYSTEM\r\n\t帳戶網域:\t\tNT AUTHORITY\r\n\t登入識別碼:\t\t0x3E7\r\n\t連結的登入識別碼:\t\t0x0\r\n\t網路帳戶名稱:\t-\r\n\t網路帳戶網域:\t-\r\n\t登入 GUID:\t\t{00000000-0000-0000-0000-000000000000}\r\n\r\n處理程序資訊:\r\n\t處理程序識別碼:\t\t0x704\r\n\t處理程序名稱:\t\tC:\\Windows\\System32\\services.exe\r\n\r\n網路資訊:\r\n\t工作站名稱:\t-\r\n\t來源網路位址:\t-\r\n\t來源連接埠:\t\t-\r\n\r\n詳細的驗證資訊:\r\n\t登入處理程序:\t\tAdvapi  \r\n\t驗證封裝:\tNegotiate\r\n\t轉送的服務:\t-\r\n\t封裝名稱 (僅 NTLM):\t-\r\n\t金鑰長度:\t\t0\r\n\r\n建立登入工作階段時會產生此事件。它是在所存取的電腦上產生。\r\n\r\n主體欄位指出要求登入之本機系統上的帳戶。這通常是發生在服務 (例如伺服器服務) 或是本機處理程序 (例如 Winlogon.exe 或 Services.exe)。\r\n\r\n登入類型欄位指出發生的登入類型。最常見的類型是 2 (互動式) 與 3 (網路)。\r\n\r\n新登入欄位指出是哪個帳戶建立新登入，例如登入的帳戶。\r\n\r\n網路欄位指出遠端登入要求的來源。工作站名稱並非一律可用，在某些情況下可能會是空白。\r\n\r\n模擬層級欄位指出登入工作階段中的處理程序可以模擬的範圍。\r\n\r\n驗證資訊欄位提供關於此特定登入要求的詳細資訊。\r\n\t- 登入 GUID 是唯一識別碼，可用於關聯這個事件與 KDC 事件。\r\n\t- 轉送的服務指出哪一個中介服務已經加入這個登入要求。\r\n\t- 封裝名稱指出在 NTLM 通訊協定中使用哪一個子協定。\r\n\t- 金鑰長度指出產生的工作階段金鑰長度。如果沒有要求工作階段金鑰則為 0。\"",
                "version" : "3",
                "systemTime" : "2024-05-10T08:01:14.5583071Z",
                "eventRecordID" : "2897120",
                "threadID" : "21556",
                "computer" : "CHPIYR2",
                "task" : "12544",
                "processID" : "1832",
                "severityValue" : "AUDIT_SUCCESS",
                "providerName" : "Microsoft-Windows-Security-Auditing"
              }
            }
          },
          "rule" : {
            "mail" : false,
            "level" : 3,
            "hipaa" : [
              "164.312.b"
            ],
            "pci_dss" : [
              "10.2.5"
            ],
            "tsc" : [
              "CC6.8",
              "CC7.2",
              "CC7.3"
            ],
            "description" : "Windows logon success.",
            "groups" : [
              "windows",
              "windows_security",
              "authentication_success"
            ],
            "nist_800_53" : [
              "AC.7",
              "AU.14"
            ],
            "gdpr" : [
              "IV_32.2"
            ],
            "firedtimes" : 11,
            "mitre" : {
              "technique" : [
                "Valid Accounts"
              ],
              "id" : [
                "T1078"
              ],
              "tactic" : [
                "Defense Evasion",
                "Persistence",
                "Privilege Escalation",
                "Initial Access"
              ]
            },
            "id" : "60106",
            "gpg13" : [
              "7.1",
              "7.2"
            ]
          },
          "decoder" : {
            "name" : "windows_eventchannel"
          },
          "input" : {
            "type" : "log"
          },
          "@timestamp" : "2024-05-10T08:01:17.397Z",
          "location" : "EventChannel",
          "id" : "1715328077.13211162",
          "timestamp" : "2024-05-10T08:01:17.397+0000"
        }
      },
      {
        "_index" : "wazuh-alerts-4.x-2024.05.10",
        "_id" : "UNOFYY8BDLrbEVzqY2TS",
        "_score" : 0.0,
        "_source" : {
          "cluster" : {
            "node" : "node01",
            "name" : "wazuh"
          },
          "agent" : {
            "ip" : "192.168.1.216",
            "name" : "chpiyr2",
            "id" : "014"
          },
          "manager" : {
            "name" : "wazuh-server"
          },
          "data" : {
            "win" : {
              "eventdata" : {
                "data" : "Failed to get auth header with 0x8086000c, mcpmanagementservice.dll"
              },
              "system" : {
                "eventID" : "1",
                "keywords" : "0x80000000000000",
                "level" : "2",
                "channel" : "Application",
                "opcode" : "0",
                "version" : "0",
                "systemTime" : "2024-05-10T08:01:19.2538873Z",
                "eventRecordID" : "233809",
                "threadID" : "0",
                "computer" : "CHPIYR2",
                "task" : "0",
                "processID" : "12032",
                "severityValue" : "ERROR",
                "providerName" : "Universal Print"
              }
            }
          },
          "rule" : {
            "firedtimes" : 36,
            "mail" : false,
            "level" : 9,
            "description" : "Windows application error event.",
            "groups" : [
              "windows",
              "windows_application",
              "system_error"
            ],
            "id" : "60602",
            "gdpr" : [
              "IV_35.7.d"
            ],
            "gpg13" : [
              "4.3"
            ]
          },
          "decoder" : {
            "name" : "windows_eventchannel"
          },
          "input" : {
            "type" : "log"
          },
          "@timestamp" : "2024-05-10T08:01:21.188Z",
          "location" : "EventChannel",
          "id" : "1715328081.13219330",
          "timestamp" : "2024-05-10T08:01:21.188+0000"
        }
      },
      {
        "_index" : "wazuh-alerts-4.x-2024.05.10",
        "_id" : "XdOFYY8BDLrbEVzqsWT3",
        "_score" : 0.0,
        "_source" : {
          "cluster" : {
            "node" : "node01",
            "name" : "wazuh"
          },
          "agent" : {
            "ip" : "192.168.1.216",
            "name" : "chpiyr2",
            "id" : "014"
          },
          "previous_output" : "{\"win\":{\"system\":{\"providerName\":\"Universal Print\",\"eventID\":\"1\",\"version\":\"0\",\"level\":\"2\",\"task\":\"0\",\"opcode\":\"0\",\"keywords\":\"0x80000000000000\",\"systemTime\":\"2024-05-10T08:01:35.3793447Z\",\"eventRecordID\":\"233820\",\"processID\":\"12032\",\"threadID\":\"0\",\"channel\":\"Application\",\"computer\":\"CHPIYR2\",\"severityValue\":\"ERROR\"},\"eventdata\":{\"data\":\"User Interaction Required while trying to get a token silently. ErrorCode: 0xcaa10001, Error: Need user interaction to continue., mcpmanagementservice.dll\"}}}\n{\"win\":{\"system\":{\"providerName\":\"Universal Print\",\"eventID\":\"1\",\"version\":\"0\",\"level\":\"2\",\"task\":\"0\",\"opcode\":\"0\",\"keywords\":\"0x80000000000000\",\"systemTime\":\"2024-05-10T08:01:35.3796318Z\",\"eventRecordID\":\"233821\",\"processID\":\"12032\",\"threadID\":\"0\",\"channel\":\"Application\",\"computer\":\"CHPIYR2\",\"severityValue\":\"ERROR\"},\"eventdata\":{\"data\":\"Failed to get auth header with 0x8086000c, mcpmanagementservice.dll\"}}}\n{\"win\":{\"system\":{\"providerName\":\"Universal Print\",\"eventID\":\"1\",\"version\":\"0\",\"level\":\"2\",\"task\":\"0\",\"opcode\":\"0\",\"keywords\":\"0x80000000000000\",\"systemTime\":\"2024-05-10T08:01:31.3627935Z\",\"eventRecordID\":\"233818\",\"processID\":\"12032\",\"threadID\":\"0\",\"channel\":\"Application\",\"computer\":\"CHPIYR2\",\"severityValue\":\"ERROR\"},\"eventdata\":{\"data\":\"Failed to get auth header with 0x8086000c, mcpmanagementservice.dll\"}}}\n{\"win\":{\"system\":{\"providerName\":\"Universal Print\",\"eventID\":\"1\",\"version\":\"0\",\"level\":\"2\",\"task\":\"0\",\"opcode\":\"0\",\"keywords\":\"0x80000000000000\",\"systemTime\":\"2024-05-10T08:01:31.3622513Z\",\"eventRecordID\":\"233817\",\"processID\":\"12032\",\"threadID\":\"0\",\"channel\":\"Application\",\"computer\":\"CHPIYR2\",\"severityValue\":\"ERROR\"},\"eventdata\":{\"data\":\"User Interaction Required while trying to get a token silently. ErrorCode: 0xcaa10001, Error: Need user interaction to continue., mcpmanagementservice.dll\"}}}\n{\"win\":{\"system\":{\"providerName\":\"Universal Print\",\"eventID\":\"1\",\"version\":\"0\",\"level\":\"2\",\"task\":\"0\",\"opcode\":\"0\",\"keywords\":\"0x80000000000000\",\"systemTime\":\"2024-05-10T08:01:27.3380918Z\",\"eventRecordID\":\"233815\",\"processID\":\"12032\",\"threadID\":\"0\",\"channel\":\"Application\",\"computer\":\"CHPIYR2\",\"severityValue\":\"ERROR\"},\"eventdata\":{\"data\":\"Failed to get auth header with 0x8086000c, mcpmanagementservice.dll\"}}}\n{\"win\":{\"system\":{\"providerName\":\"Universal Print\",\"eventID\":\"1\",\"version\":\"0\",\"level\":\"2\",\"task\":\"0\",\"opcode\":\"0\",\"keywords\":\"0x80000000000000\",\"systemTime\":\"2024-05-10T08:01:27.3374986Z\",\"eventRecordID\":\"233814\",\"processID\":\"12032\",\"threadID\":\"0\",\"channel\":\"Application\",\"computer\":\"CHPIYR2\",\"severityValue\":\"ERROR\"},\"eventdata\":{\"data\":\"User Interaction Required while trying to get a token silently. ErrorCode: 0xcaa10001, Error: Need user interaction to continue., mcpmanagementservice.dll\"}}}\n{\"win\":{\"system\":{\"providerName\":\"Universal Print\",\"eventID\":\"1\",\"version\":\"0\",\"level\":\"2\",\"task\":\"0\",\"opcode\":\"0\",\"keywords\":\"0x80000000000000\",\"systemTime\":\"2024-05-10T08:01:23.2944855Z\",\"eventRecordID\":\"233811\",\"processID\":\"12032\",\"threadID\":\"0\",\"channel\":\"Application\",\"computer\":\"CHPIYR2\",\"severityValue\":\"ERROR\"},\"eventdata\":{\"data\":\"User Interaction Required while trying to get a token silently. ErrorCode: 0xcaa10001, Error: Need user interaction to continue., mcpmanagementservice.dll\"}}}",
          "manager" : {
            "name" : "wazuh-server"
          },
          "data" : {
            "win" : {
              "eventdata" : {
                "data" : "User Interaction Required while trying to get a token silently. ErrorCode: 0xcaa10001, Error: Need user interaction to continue., mcpmanagementservice.dll"
              },
              "system" : {
                "eventID" : "1",
                "keywords" : "0x80000000000000",
                "level" : "2",
                "channel" : "Application",
                "opcode" : "0",
                "version" : "0",
                "systemTime" : "2024-05-10T08:01:39.4238625Z",
                "eventRecordID" : "233823",
                "threadID" : "0",
                "computer" : "CHPIYR2",
                "task" : "0",
                "processID" : "12032",
                "severityValue" : "ERROR",
                "providerName" : "Universal Print"
              }
            }
          },
          "rule" : {
            "firedtimes" : 7,
            "mail" : false,
            "level" : 10,
            "description" : "Multiple Windows error application events.",
            "groups" : [
              "windows",
              "windows_application"
            ],
            "id" : "61061",
            "frequency" : 8
          },
          "decoder" : {
            "name" : "windows_eventchannel"
          },
          "input" : {
            "type" : "log"
          },
          "@timestamp" : "2024-05-10T08:01:41.304Z",
          "location" : "EventChannel",
          "id" : "1715328101.13235696",
          "timestamp" : "2024-05-10T08:01:41.304+0000"
        }
      },
      {
        "_index" : "wazuh-alerts-4.x-2024.05.10",
        "_id" : "UtOFYY8BDLrbEVzqc2R0",
        "_score" : 0.0,
        "_source" : {
          "cluster" : {
            "node" : "node01",
            "name" : "wazuh"
          },
          "agent" : {
            "ip" : "192.168.1.216",
            "name" : "chpiyr2",
            "id" : "014"
          },
          "previous_output" : "{\"win\":{\"system\":{\"providerName\":\"Universal Print\",\"eventID\":\"1\",\"version\":\"0\",\"level\":\"2\",\"task\":\"0\",\"opcode\":\"0\",\"keywords\":\"0x80000000000000\",\"systemTime\":\"2024-05-10T08:01:19.2538873Z\",\"eventRecordID\":\"233809\",\"processID\":\"12032\",\"threadID\":\"0\",\"channel\":\"Application\",\"computer\":\"CHPIYR2\",\"severityValue\":\"ERROR\"},\"eventdata\":{\"data\":\"Failed to get auth header with 0x8086000c, mcpmanagementservice.dll\"}}}\n{\"win\":{\"system\":{\"providerName\":\"Universal Print\",\"eventID\":\"1\",\"version\":\"0\",\"level\":\"2\",\"task\":\"0\",\"opcode\":\"0\",\"keywords\":\"0x80000000000000\",\"systemTime\":\"2024-05-10T08:01:19.2533512Z\",\"eventRecordID\":\"233808\",\"processID\":\"12032\",\"threadID\":\"0\",\"channel\":\"Application\",\"computer\":\"CHPIYR2\",\"severityValue\":\"ERROR\"},\"eventdata\":{\"data\":\"User Interaction Required while trying to get a token silently. ErrorCode: 0xcaa10001, Error: Need user interaction to continue., mcpmanagementservice.dll\"}}}\n{\"win\":{\"system\":{\"providerName\":\"Universal Print\",\"eventID\":\"1\",\"version\":\"0\",\"level\":\"2\",\"task\":\"0\",\"opcode\":\"0\",\"keywords\":\"0x80000000000000\",\"systemTime\":\"2024-05-10T08:01:15.2176735Z\",\"eventRecordID\":\"233806\",\"processID\":\"12032\",\"threadID\":\"0\",\"channel\":\"Application\",\"computer\":\"CHPIYR2\",\"severityValue\":\"ERROR\"},\"eventdata\":{\"data\":\"Failed to get auth header with 0x8086000c, mcpmanagementservice.dll\"}}}\n{\"win\":{\"system\":{\"providerName\":\"Universal Print\",\"eventID\":\"1\",\"version\":\"0\",\"level\":\"2\",\"task\":\"0\",\"opcode\":\"0\",\"keywords\":\"0x80000000000000\",\"systemTime\":\"2024-05-10T08:01:15.2173048Z\",\"eventRecordID\":\"233805\",\"processID\":\"12032\",\"threadID\":\"0\",\"channel\":\"Application\",\"computer\":\"CHPIYR2\",\"severityValue\":\"ERROR\"},\"eventdata\":{\"data\":\"User Interaction Required while trying to get a token silently. ErrorCode: 0xcaa10001, Error: Need user interaction to continue., mcpmanagementservice.dll\"}}}\n{\"win\":{\"system\":{\"providerName\":\"Universal Print\",\"eventID\":\"1\",\"version\":\"0\",\"level\":\"2\",\"task\":\"0\",\"opcode\":\"0\",\"keywords\":\"0x80000000000000\",\"systemTime\":\"2024-05-10T08:01:11.1875252Z\",\"eventRecordID\":\"233803\",\"processID\":\"12032\",\"threadID\":\"0\",\"channel\":\"Application\",\"computer\":\"CHPIYR2\",\"severityValue\":\"ERROR\"},\"eventdata\":{\"data\":\"Failed to get auth header with 0x8086000c, mcpmanagementservice.dll\"}}}\n{\"win\":{\"system\":{\"providerName\":\"Universal Print\",\"eventID\":\"1\",\"version\":\"0\",\"level\":\"2\",\"task\":\"0\",\"opcode\":\"0\",\"keywords\":\"0x80000000000000\",\"systemTime\":\"2024-05-10T08:01:11.1869666Z\",\"eventRecordID\":\"233802\",\"processID\":\"12032\",\"threadID\":\"0\",\"channel\":\"Application\",\"computer\":\"CHPIYR2\",\"severityValue\":\"ERROR\"},\"eventdata\":{\"data\":\"User Interaction Required while trying to get a token silently. ErrorCode: 0xcaa10001, Error: Need user interaction to continue., mcpmanagementservice.dll\"}}}\n{\"win\":{\"system\":{\"providerName\":\"Universal Print\",\"eventID\":\"1\",\"version\":\"0\",\"level\":\"2\",\"task\":\"0\",\"opcode\":\"0\",\"keywords\":\"0x80000000000000\",\"systemTime\":\"2024-05-10T08:01:07.1538011Z\",\"eventRecordID\":\"233800\",\"processID\":\"12032\",\"threadID\":\"0\",\"channel\":\"Application\",\"computer\":\"CHPIYR2\",\"severityValue\":\"ERROR\"},\"eventdata\":{\"data\":\"Failed to get auth header with 0x8086000c, mcpmanagementservice.dll\"}}}",
          "manager" : {
            "name" : "wazuh-server"
          },
          "data" : {
            "win" : {
              "eventdata" : {
                "data" : "Failed to get auth header with 0x8086000c, mcpmanagementservice.dll"
              },
              "system" : {
                "eventID" : "1",
                "keywords" : "0x80000000000000",
                "level" : "2",
                "channel" : "Application",
                "opcode" : "0",
                "version" : "0",
                "systemTime" : "2024-05-10T08:01:23.2950782Z",
                "eventRecordID" : "233812",
                "threadID" : "0",
                "computer" : "CHPIYR2",
                "task" : "0",
                "processID" : "12032",
                "severityValue" : "ERROR",
                "providerName" : "Universal Print"
              }
            }
          },
          "rule" : {
            "firedtimes" : 6,
            "mail" : false,
            "level" : 10,
            "description" : "Multiple Windows error application events.",
            "groups" : [
              "windows",
              "windows_application"
            ],
            "id" : "61061",
            "frequency" : 8
          },
          "decoder" : {
            "name" : "windows_eventchannel"
          },
          "input" : {
            "type" : "log"
          },
          "@timestamp" : "2024-05-10T08:01:25.234Z",
          "location" : "EventChannel",
          "id" : "1715328085.13220754",
          "timestamp" : "2024-05-10T08:01:25.234+0000"
        }
      },
      {
        "_index" : "wazuh-alerts-4.x-2024.05.10",
        "_id" : "U9OFYY8BDLrbEVzqc2R0",
        "_score" : 0.0,
        "_source" : {
          "cluster" : {
            "node" : "node01",
            "name" : "wazuh"
          },
          "agent" : {
            "ip" : "192.168.1.216",
            "name" : "chpiyr2",
            "id" : "014"
          },
          "manager" : {
            "name" : "wazuh-server"
          },
          "data" : {
            "win" : {
              "eventdata" : {
                "data" : "User Interaction Required while trying to get a token silently. ErrorCode: 0xcaa10001, Error: Need user interaction to continue., mcpmanagementservice.dll"
              },
              "system" : {
                "eventID" : "1",
                "keywords" : "0x80000000000000",
                "level" : "2",
                "channel" : "Application",
                "opcode" : "0",
                "version" : "0",
                "systemTime" : "2024-05-10T08:01:23.2944855Z",
                "eventRecordID" : "233811",
                "threadID" : "0",
                "computer" : "CHPIYR2",
                "task" : "0",
                "processID" : "12032",
                "severityValue" : "ERROR",
                "providerName" : "Universal Print"
              }
            }
          },
          "rule" : {
            "firedtimes" : 37,
            "mail" : false,
            "level" : 9,
            "description" : "Windows application error event.",
            "groups" : [
              "windows",
              "windows_application",
              "system_error"
            ],
            "id" : "60602",
            "gdpr" : [
              "IV_35.7.d"
            ],
            "gpg13" : [
              "4.3"
            ]
          },
          "decoder" : {
            "name" : "windows_eventchannel"
          },
          "input" : {
            "type" : "log"
          },
          "@timestamp" : "2024-05-10T08:01:25.234Z",
          "location" : "EventChannel",
          "id" : "1715328085.13224993",
          "timestamp" : "2024-05-10T08:01:25.234+0000"
        }
      },
      {
        "_index" : "wazuh-alerts-4.x-2024.05.10",
        "_id" : "SdOFYY8BDLrbEVzqRGSQ",
        "_score" : 0.0,
        "_source" : {
          "cluster" : {
            "node" : "node01",
            "name" : "wazuh"
          },
          "agent" : {
            "ip" : "192.168.1.216",
            "name" : "chpiyr2",
            "id" : "014"
          },
          "manager" : {
            "name" : "wazuh-server"
          },
          "data" : {
            "win" : {
              "eventdata" : {
                "data" : "User Interaction Required while trying to get a token silently. ErrorCode: 0xcaa10001, Error: Need user interaction to continue., mcpmanagementservice.dll"
              },
              "system" : {
                "eventID" : "1",
                "keywords" : "0x80000000000000",
                "level" : "2",
                "channel" : "Application",
                "opcode" : "0",
                "version" : "0",
                "systemTime" : "2024-05-10T08:01:11.1869666Z",
                "eventRecordID" : "233802",
                "threadID" : "0",
                "computer" : "CHPIYR2",
                "task" : "0",
                "processID" : "12032",
                "severityValue" : "ERROR",
                "providerName" : "Universal Print"
              }
            }
          },
          "rule" : {
            "firedtimes" : 31,
            "mail" : false,
            "level" : 9,
            "description" : "Windows application error event.",
            "groups" : [
              "windows",
              "windows_application",
              "system_error"
            ],
            "id" : "60602",
            "gdpr" : [
              "IV_35.7.d"
            ],
            "gpg13" : [
              "4.3"
            ]
          },
          "decoder" : {
            "name" : "windows_eventchannel"
          },
          "input" : {
            "type" : "log"
          },
          "@timestamp" : "2024-05-10T08:01:13.068Z",
          "location" : "EventChannel",
          "id" : "1715328073.13206027",
          "timestamp" : "2024-05-10T08:01:13.068+0000"
        }
      },
      {
        "_index" : "wazuh-alerts-4.x-2024.05.10",
        "_id" : "StOFYY8BDLrbEVzqRGSQ",
        "_score" : 0.0,
        "_source" : {
          "cluster" : {
            "node" : "node01",
            "name" : "wazuh"
          },
          "agent" : {
            "ip" : "192.168.1.216",
            "name" : "chpiyr2",
            "id" : "014"
          },
          "manager" : {
            "name" : "wazuh-server"
          },
          "data" : {
            "win" : {
              "eventdata" : {
                "data" : "Failed to get auth header with 0x8086000c, mcpmanagementservice.dll"
              },
              "system" : {
                "eventID" : "1",
                "keywords" : "0x80000000000000",
                "level" : "2",
                "channel" : "Application",
                "opcode" : "0",
                "version" : "0",
                "systemTime" : "2024-05-10T08:01:11.1875252Z",
                "eventRecordID" : "233803",
                "threadID" : "0",
                "computer" : "CHPIYR2",
                "task" : "0",
                "processID" : "12032",
                "severityValue" : "ERROR",
                "providerName" : "Universal Print"
              }
            }
          },
          "rule" : {
            "firedtimes" : 32,
            "mail" : false,
            "level" : 9,
            "description" : "Windows application error event.",
            "groups" : [
              "windows",
              "windows_application",
              "system_error"
            ],
            "id" : "60602",
            "gdpr" : [
              "IV_35.7.d"
            ],
            "gpg13" : [
              "4.3"
            ]
          },
          "decoder" : {
            "name" : "windows_eventchannel"
          },
          "input" : {
            "type" : "log"
          },
          "@timestamp" : "2024-05-10T08:01:13.104Z",
          "location" : "EventChannel",
          "id" : "1715328073.13207322",
          "timestamp" : "2024-05-10T08:01:13.104+0000"
        }
      },
      {
        "_index" : "wazuh-alerts-4.x-2024.05.10",
        "_id" : "TNOFYY8BDLrbEVzqVGQy",
        "_score" : 0.0,
        "_source" : {
          "cluster" : {
            "node" : "node01",
            "name" : "wazuh"
          },
          "agent" : {
            "ip" : "192.168.1.216",
            "name" : "chpiyr2",
            "id" : "014"
          },
          "manager" : {
            "name" : "wazuh-server"
          },
          "data" : {
            "win" : {
              "eventdata" : {
                "data" : "User Interaction Required while trying to get a token silently. ErrorCode: 0xcaa10001, Error: Need user interaction to continue., mcpmanagementservice.dll"
              },
              "system" : {
                "eventID" : "1",
                "keywords" : "0x80000000000000",
                "level" : "2",
                "channel" : "Application",
                "opcode" : "0",
                "version" : "0",
                "systemTime" : "2024-05-10T08:01:15.2173048Z",
                "eventRecordID" : "233805",
                "threadID" : "0",
                "computer" : "CHPIYR2",
                "task" : "0",
                "processID" : "12032",
                "severityValue" : "ERROR",
                "providerName" : "Universal Print"
              }
            }
          },
          "rule" : {
            "firedtimes" : 33,
            "mail" : false,
            "level" : 9,
            "description" : "Windows application error event.",
            "groups" : [
              "windows",
              "windows_application",
              "system_error"
            ],
            "id" : "60602",
            "gdpr" : [
              "IV_35.7.d"
            ],
            "gpg13" : [
              "4.3"
            ]
          },
          "decoder" : {
            "name" : "windows_eventchannel"
          },
          "input" : {
            "type" : "log"
          },
          "@timestamp" : "2024-05-10T08:01:17.152Z",
          "location" : "EventChannel",
          "id" : "1715328077.13208746",
          "timestamp" : "2024-05-10T08:01:17.152+0000"
        }
      },
      {
        "_index" : "wazuh-alerts-4.x-2024.05.10",
        "_id" : "aNOFYY8BDLrbEVzq9GRi",
        "_score" : 0.0,
        "_source" : {
          "cluster" : {
            "node" : "node01",
            "name" : "wazuh"
          },
          "agent" : {
            "ip" : "192.168.1.216",
            "name" : "chpiyr2",
            "id" : "014"
          },
          "manager" : {
            "name" : "wazuh-server"
          },
          "data" : {
            "win" : {
              "eventdata" : {
                "data" : "Failed to get auth header with 0x8086000c, mcpmanagementservice.dll"
              },
              "system" : {
                "eventID" : "1",
                "keywords" : "0x80000000000000",
                "level" : "2",
                "channel" : "Application",
                "opcode" : "0",
                "version" : "0",
                "systemTime" : "2024-05-10T08:01:55.5766204Z",
                "eventRecordID" : "233836",
                "threadID" : "0",
                "computer" : "CHPIYR2",
                "task" : "0",
                "processID" : "12032",
                "severityValue" : "ERROR",
                "providerName" : "Universal Print"
              }
            }
          },
          "rule" : {
            "firedtimes" : 51,
            "mail" : false,
            "level" : 9,
            "description" : "Windows application error event.",
            "groups" : [
              "windows",
              "windows_application",
              "system_error"
            ],
            "id" : "60602",
            "gdpr" : [
              "IV_35.7.d"
            ],
            "gpg13" : [
              "4.3"
            ]
          },
          "decoder" : {
            "name" : "windows_eventchannel"
          },
          "input" : {
            "type" : "log"
          },
          "@timestamp" : "2024-05-10T08:01:57.488Z",
          "location" : "EventChannel",
          "id" : "1715328117.13253584",
          "timestamp" : "2024-05-10T08:01:57.488+0000"
        }
      },
      {
        "_index" : "wazuh-alerts-4.x-2024.05.10",
        "_id" : "fNOGYY8BDLrbEVzqAGQa",
        "_score" : 0.0,
        "_source" : {
          "cluster" : {
            "node" : "node01",
            "name" : "wazuh"
          },
          "agent" : {
            "ip" : "192.168.1.216",
            "name" : "chpiyr2",
            "id" : "014"
          },
          "manager" : {
            "name" : "wazuh-server"
          },
          "data" : {
            "win" : {
              "eventdata" : {
                "param1" : "{9A4948D9-13FC-4FAC-B60A-FBA6EE0FB11C}"
              },
              "system" : {
                "eventID" : "10010",
                "eventSourceName" : "DCOM",
                "keywords" : "0x8080000000000000",
                "providerGuid" : "{1B562E86-B7AA-4131-BADC-B6F3A001407E}",
                "level" : "2",
                "channel" : "System",
                "opcode" : "0",
                "message" : "\"伺服器 {9A4948D9-13FC-4FAC-B60A-FBA6EE0FB11C} 沒有在指定的逾時內登錄 DCOM。\"",
                "version" : "0",
                "systemTime" : "2024-05-10T08:01:56.6669981Z",
                "eventRecordID" : "312880",
                "threadID" : "27128",
                "computer" : "CHPIYR2",
                "task" : "0",
                "processID" : "1352",
                "severityValue" : "ERROR",
                "providerName" : "Microsoft-Windows-DistributedCOM"
              }
            }
          },
          "rule" : {
            "firedtimes" : 1,
            "mail" : false,
            "level" : 5,
            "description" : "Windows System error event",
            "groups" : [
              "windows",
              "windows_system",
              "system_error"
            ],
            "id" : "61102",
            "gpg13" : [
              "4.3"
            ],
            "gdpr" : [
              "IV_35.7.d"
            ]
          },
          "decoder" : {
            "name" : "windows_eventchannel"
          },
          "input" : {
            "type" : "log"
          },
          "@timestamp" : "2024-05-10T08:01:59.503Z",
          "location" : "EventChannel",
          "id" : "1715328119.13255008",
          "timestamp" : "2024-05-10T08:01:59.503+0000"
        }
      },
      {
        "_index" : "wazuh-alerts-4.x-2024.05.10",
        "_id" : "VNOFYY8BDLrbEVzqjmTM",
        "_score" : 0.0,
        "_source" : {
          "cluster" : {
            "node" : "node01",
            "name" : "wazuh"
          },
          "agent" : {
            "ip" : "192.168.1.216",
            "name" : "chpiyr2",
            "id" : "014"
          },
          "manager" : {
            "name" : "wazuh-server"
          },
          "data" : {
            "win" : {
              "eventdata" : {
                "data" : "User Interaction Required while trying to get a token silently. ErrorCode: 0xcaa10001, Error: Need user interaction to continue., mcpmanagementservice.dll"
              },
              "system" : {
                "eventID" : "1",
                "keywords" : "0x80000000000000",
                "level" : "2",
                "channel" : "Application",
                "opcode" : "0",
                "version" : "0",
                "systemTime" : "2024-05-10T08:01:27.3374986Z",
                "eventRecordID" : "233814",
                "threadID" : "0",
                "computer" : "CHPIYR2",
                "task" : "0",
                "processID" : "12032",
                "severityValue" : "ERROR",
                "providerName" : "Universal Print"
              }
            }
          },
          "rule" : {
            "firedtimes" : 38,
            "mail" : false,
            "level" : 9,
            "description" : "Windows application error event.",
            "groups" : [
              "windows",
              "windows_application",
              "system_error"
            ],
            "id" : "60602",
            "gdpr" : [
              "IV_35.7.d"
            ],
            "gpg13" : [
              "4.3"
            ]
          },
          "decoder" : {
            "name" : "windows_eventchannel"
          },
          "input" : {
            "type" : "log"
          },
          "@timestamp" : "2024-05-10T08:01:29.293Z",
          "location" : "EventChannel",
          "id" : "1715328089.13226288",
          "timestamp" : "2024-05-10T08:01:29.293+0000"
        }
      },
      {
        "_index" : "wazuh-alerts-4.x-2024.05.10",
        "_id" : "V9OFYY8BDLrbEVzqkmS0",
        "_score" : 0.0,
        "_source" : {
          "cluster" : {
            "node" : "node01",
            "name" : "wazuh"
          },
          "agent" : {
            "ip" : "192.168.1.216",
            "name" : "chpiyr2",
            "id" : "014"
          },
          "manager" : {
            "name" : "wazuh-server"
          },
          "data" : {
            "win" : {
              "eventdata" : {
                "data" : "User Interaction Required while trying to get a token silently. ErrorCode: 0xcaa10001, Error: Need user interaction to continue., mcpmanagementservice.dll"
              },
              "system" : {
                "eventID" : "1",
                "keywords" : "0x80000000000000",
                "level" : "2",
                "channel" : "Application",
                "opcode" : "0",
                "version" : "0",
                "systemTime" : "2024-05-10T08:01:31.3622513Z",
                "eventRecordID" : "233817",
                "threadID" : "0",
                "computer" : "CHPIYR2",
                "task" : "0",
                "processID" : "12032",
                "severityValue" : "ERROR",
                "providerName" : "Universal Print"
              }
            }
          },
          "rule" : {
            "firedtimes" : 40,
            "mail" : false,
            "level" : 9,
            "description" : "Windows application error event.",
            "groups" : [
              "windows",
              "windows_application",
              "system_error"
            ],
            "id" : "60602",
            "gdpr" : [
              "IV_35.7.d"
            ],
            "gpg13" : [
              "4.3"
            ]
          },
          "decoder" : {
            "name" : "windows_eventchannel"
          },
          "input" : {
            "type" : "log"
          },
          "@timestamp" : "2024-05-10T08:01:33.243Z",
          "location" : "EventChannel",
          "id" : "1715328093.13229007",
          "timestamp" : "2024-05-10T08:01:33.243+0000"
        }
      },
