{
  "took" : 12,
  "timed_out" : false,
  "_shards" : {
    "total" : 162,
    "successful" : 162,
    "skipped" : 159,
    "failed" : 0
  },
  "hits" : {
    "total" : {
      "value" : 583,
      "relation" : "eq"
    },
    "max_score" : 0.0,
    "hits" : [
      {
        "_index" : "wazuh-alerts-4.x-2024.05.02",
        "_id" : "6S0NOo8BwKHU0X25nsei",
        "_score" : 0.0,
        "_source" : {
          "cluster" : {
            "node" : "node01",
            "name" : "wazuh"
          },
          "agent" : {
            "ip" : "192.168.1.216",
            "name" : "chpiyr2",
            "id" : "014"
          },
          "manager" : {
            "name" : "wazuh-server"
          },
          "data" : {
            "win" : {
              "eventdata" : {
                "data" : "2124-04-08T16:05:20Z, RulesEngine"
              },
              "system" : {
                "eventID" : "16384",
                "eventSourceName" : "Software Protection Platform Service",
                "keywords" : "0x80000000000000",
                "providerGuid" : "{E23B33B0-C8C9-472C-A5F9-F2BDFEA0F156}",
                "level" : "4",
                "channel" : "Application",
                "opcode" : "0",
                "message" : "\"順利排程軟體保護服務在 2124-04-08T16:05:20Z 重新啟動。原因: RulesEngine。\"",
                "version" : "0",
                "systemTime" : "2024-05-02T16:05:20.3763101Z",
                "eventRecordID" : "224206",
                "threadID" : "0",
                "computer" : "CHPIYR2",
                "task" : "0",
                "processID" : "3580",
                "severityValue" : "INFORMATION",
                "providerName" : "Microsoft-Windows-Security-SPP"
              }
            }
          },
          "rule" : {
            "firedtimes" : 1,
            "mail" : false,
            "level" : 3,
            "description" : "Software protection service scheduled successfully.",
            "groups" : [
              "windows",
              "windows_application"
            ],
            "id" : "60642"
          },
          "decoder" : {
            "name" : "windows_eventchannel"
          },
          "input" : {
            "type" : "log"
          },
          "@timestamp" : "2024-05-02T16:05:19.901Z",
          "location" : "EventChannel",
          "id" : "1714665919.16872343",
          "timestamp" : "2024-05-02T16:05:19.901+0000"
        }
      },
      {
        "_index" : "wazuh-alerts-4.x-2024.05.02",
        "_id" : "QS0XOo8BwKHU0X25GMiK",
        "_score" : 0.0,
        "_source" : {
          "cluster" : {
            "node" : "node01",
            "name" : "wazuh"
          },
          "agent" : {
            "ip" : "192.168.1.216",
            "name" : "chpiyr2",
            "id" : "014"
          },
          "manager" : {
            "name" : "wazuh-server"
          },
          "data" : {
            "win" : {
              "eventdata" : {
                "subjectLogonId" : "0x3e7",
                "subjectDomainName" : "WORKGROUP",
                "targetLinkedLogonId" : "0x0",
                "impersonationLevel" : "%%1833",
                "authenticationPackageName" : "Negotiate",
                "targetLogonId" : "0x3e7",
                "logonProcessName" : "Advapi",
                "logonGuid" : "{00000000-0000-0000-0000-000000000000}",
                "targetUserName" : "SYSTEM",
                "keyLength" : "0",
                "elevatedToken" : "%%1842",
                "subjectUserSid" : "S-1-5-18",
                "processId" : "0x728",
                "processName" : "C:\\\\Windows\\\\System32\\\\services.exe",
                "targetDomainName" : "NT AUTHORITY",
                "targetUserSid" : "S-1-5-18",
                "virtualAccount" : "%%1843",
                "logonType" : "5",
                "subjectUserName" : "CHPIYR2$"
              },
              "system" : {
                "eventID" : "4624",
                "keywords" : "0x8020000000000000",
                "providerGuid" : "{54849625-5478-4994-a5ba-3e3b0328c30d}",
                "level" : "0",
                "channel" : "Security",
                "opcode" : "0",
                "message" : "\"帳戶已順利登入。\r\n\r\n主體:\r\n\t安全性識別碼:\t\tS-1-5-18\r\n\tA帳戶名稱:\t\tCHPIYR2$\r\n\t帳戶網域:\t\tWORKGROUP\r\n\t登入識別碼:\t\t0x3E7\r\n\r\n登入資訊:\r\n\t登入類型:\t\t5\r\n\t受限制的系統管理模式:\t-\r\n\tRemote Credential Guard:\t-\r\n\t虛擬帳戶:\t\t否\r\n\t提高權限的權杖:\t\t是\r\n\r\n模擬層級:\t\t模擬\r\n\r\n新登入:\r\n\t安全性識別碼:\t\tS-1-5-18\r\n\t帳戶名稱:\t\tSYSTEM\r\n\t帳戶網域:\t\tNT AUTHORITY\r\n\t登入識別碼:\t\t0x3E7\r\n\t連結的登入識別碼:\t\t0x0\r\n\t網路帳戶名稱:\t-\r\n\t網路帳戶網域:\t-\r\n\t登入 GUID:\t\t{00000000-0000-0000-0000-000000000000}\r\n\r\n處理程序資訊:\r\n\t處理程序識別碼:\t\t0x728\r\n\t處理程序名稱:\t\tC:\\Windows\\System32\\services.exe\r\n\r\n網路資訊:\r\n\t工作站名稱:\t-\r\n\t來源網路位址:\t-\r\n\t來源連接埠:\t\t-\r\n\r\n詳細的驗證資訊:\r\n\t登入處理程序:\t\tAdvapi  \r\n\t驗證封裝:\tNegotiate\r\n\t轉送的服務:\t-\r\n\t封裝名稱 (僅 NTLM):\t-\r\n\t金鑰長度:\t\t0\r\n\r\n建立登入工作階段時會產生此事件。它是在所存取的電腦上產生。\r\n\r\n主體欄位指出要求登入之本機系統上的帳戶。這通常是發生在服務 (例如伺服器服務) 或是本機處理程序 (例如 Winlogon.exe 或 Services.exe)。\r\n\r\n登入類型欄位指出發生的登入類型。最常見的類型是 2 (互動式) 與 3 (網路)。\r\n\r\n新登入欄位指出是哪個帳戶建立新登入，例如登入的帳戶。\r\n\r\n網路欄位指出遠端登入要求的來源。工作站名稱並非一律可用，在某些情況下可能會是空白。\r\n\r\n模擬層級欄位指出登入工作階段中的處理程序可以模擬的範圍。\r\n\r\n驗證資訊欄位提供關於此特定登入要求的詳細資訊。\r\n\t- 登入 GUID 是唯一識別碼，可用於關聯這個事件與 KDC 事件。\r\n\t- 轉送的服務指出哪一個中介服務已經加入這個登入要求。\r\n\t- 封裝名稱指出在 NTLM 通訊協定中使用哪一個子協定。\r\n\t- 金鑰長度指出產生的工作階段金鑰長度。如果沒有要求工作階段金鑰則為 0。\"",
                "version" : "3",
                "systemTime" : "2024-05-02T16:15:37.4152851Z",
                "eventRecordID" : "2328125",
                "threadID" : "27604",
                "computer" : "CHPIYR2",
                "task" : "12544",
                "processID" : "1868",
                "severityValue" : "AUDIT_SUCCESS",
                "providerName" : "Microsoft-Windows-Security-Auditing"
              }
            }
          },
          "rule" : {
            "mail" : false,
            "level" : 3,
            "hipaa" : [
              "164.312.b"
            ],
            "pci_dss" : [
              "10.2.5"
            ],
            "tsc" : [
              "CC6.8",
              "CC7.2",
              "CC7.3"
            ],
            "description" : "Windows logon success.",
            "groups" : [
              "windows",
              "windows_security",
              "authentication_success"
            ],
            "nist_800_53" : [
              "AC.7",
              "AU.14"
            ],
            "gdpr" : [
              "IV_32.2"
            ],
            "firedtimes" : 26,
            "mitre" : {
              "technique" : [
                "Valid Accounts"
              ],
              "id" : [
                "T1078"
              ],
              "tactic" : [
                "Defense Evasion",
                "Persistence",
                "Privilege Escalation",
                "Initial Access"
              ]
            },
            "id" : "60106",
            "gpg13" : [
              "7.1",
              "7.2"
            ]
          },
          "decoder" : {
            "name" : "windows_eventchannel"
          },
          "input" : {
            "type" : "log"
          },
          "@timestamp" : "2024-05-02T16:15:37.926Z",
          "location" : "EventChannel",
          "id" : "1714666537.17061542",
          "timestamp" : "2024-05-02T16:15:37.926+0000"
        }
      },
      {
        "_index" : "wazuh-alerts-4.x-2024.05.02",
        "_id" : "HS0SOo8BwKHU0X25Ych2",
        "_score" : 0.0,
        "_source" : {
          "cluster" : {
            "node" : "node01",
            "name" : "wazuh"
          },
          "agent" : {
            "ip" : "192.168.1.216",
            "name" : "chpiyr2",
            "id" : "014"
          },
          "manager" : {
            "name" : "wazuh-server"
          },
          "data" : {
            "win" : {
              "eventdata" : {
                "p1" : "UIHost.exe",
                "p2" : "4.1.1.859",
                "rechecking" : "0",
                "p3" : "65957eb8",
                "attachedFiles" : "  \\\\\\\\?\\\\C:\\\\ProgramData\\\\Microsoft\\\\Windows\\\\WER\\\\Temp\\\\WER.8447432d-b896-42fc-8c00-030ac589047d.tmp.mdmp  \\\\\\\\?\\\\C:\\\\ProgramData\\\\Microsoft\\\\Windows\\\\WER\\\\Temp\\\\WER.dde29028-c625-4f52-96cc-5d85d455bc15.tmp.WERInternalMetadata.xml  \\\\\\\\?\\\\C:\\\\ProgramData\\\\Microsoft\\\\Windows\\\\WER\\\\Temp\\\\WER.a24536a5-341e-4ad8-bab5-fce9aad0e913.tmp.csv  \\\\\\\\?\\\\C:\\\\ProgramData\\\\Microsoft\\\\Windows\\\\WER\\\\Temp\\\\WER.1fb0452e-3d72-4867-9f81-13529560c3d4.tmp.txt  \\\\\\\\?\\\\C:\\\\Users\\\\PoTingLU\\\\AppData\\\\Local\\\\Temp\\\\WER.6a801c58-31fc-43fb-ba04-333c13864c2e.tmp.appcompat.txt  \\\\\\\\?\\\\C:\\\\ProgramData\\\\Microsoft\\\\Windows\\\\WER\\\\Temp\\\\WER.6e3d1e75-5302-4a9b-8a5f-bb84b04ab074.tmp.xml",
                "p4" : "DSREG.DLL_unloaded",
                "reportId" : "90998ca7-3e40-4167-963d-7f1c39cd8cc7",
                "p5" : "10.0.22621.2506",
                "p6" : "37b00de2",
                "p7" : "0000000000051bb0",
                "p8" : "c0000005",
                "p9" : "0000000000000008",
                "reportStatus" : "102",
                "storePath" : "\\\\\\\\?\\\\C:\\\\ProgramData\\\\Microsoft\\\\Windows\\\\WER\\\\ReportQueue\\\\AppCrash_UIHost.exe_fdd4c8933634103ca78abb63f0d82e7404cb8_117cc9cf_cab_a81cc5f8-27af-4701-998a-c856839f2cde",
                "bucketType" : "0",
                "response" : "無法使用",
                "eventName" : "BEX64",
                "cabGuid" : "0",
                "cabId" : "0"
              },
              "system" : {
                "eventID" : "1001",
                "keywords" : "0x8000000000000000",
                "providerGuid" : "{0ead09bd-2157-539a-8d6d-c87f95b64d70}",
                "level" : "4",
                "channel" : "Application",
                "opcode" : "0",
                "message" : "\"錯誤容器 ，類型 0\r\n事件名稱: BEX64\r\n回應: 無法使用\r\nCab 識別碼: 0\r\n\r\n問題簽章:\r\nP1: UIHost.exe\r\nP2: 4.1.1.859\r\nP3: 65957eb8\r\nP4: DSREG.DLL_unloaded\r\nP5: 10.0.22621.2506\r\nP6: 37b00de2\r\nP7: 0000000000051bb0\r\nP8: c0000005\r\nP9: 0000000000000008\r\nP10: \r\n\r\n附加檔案:\r\n\\\\?\\C:\\ProgramData\\Microsoft\\Windows\\WER\\Temp\\WER.8447432d-b896-42fc-8c00-030ac589047d.tmp.mdmp\r\n\\\\?\\C:\\ProgramData\\Microsoft\\Windows\\WER\\Temp\\WER.dde29028-c625-4f52-96cc-5d85d455bc15.tmp.WERInternalMetadata.xml\r\n\\\\?\\C:\\ProgramData\\Microsoft\\Windows\\WER\\Temp\\WER.a24536a5-341e-4ad8-bab5-fce9aad0e913.tmp.csv\r\n\\\\?\\C:\\ProgramData\\Microsoft\\Windows\\WER\\Temp\\WER.1fb0452e-3d72-4867-9f81-13529560c3d4.tmp.txt\r\n\\\\?\\C:\\Users\\PoTingLU\\AppData\\Local\\Temp\\WER.6a801c58-31fc-43fb-ba04-333c13864c2e.tmp.appcompat.txt\r\n\\\\?\\C:\\ProgramData\\Microsoft\\Windows\\WER\\Temp\\WER.6e3d1e75-5302-4a9b-8a5f-bb84b04ab074.tmp.xml\r\n\r\n這些檔案可能在這裡:\r\n\\\\?\\C:\\ProgramData\\Microsoft\\Windows\\WER\\ReportQueue\\AppCrash_UIHost.exe_fdd4c8933634103ca78abb63f0d82e7404cb8_117cc9cf_cab_a81cc5f8-27af-4701-998a-c856839f2cde\r\n\r\n分析符號: \r\n重新檢查解決方案: 0\r\n報告識別碼: 90998ca7-3e40-4167-963d-7f1c39cd8cc7\r\n報告狀態: 102\r\n雜湊化容器: \r\nCab GUID: 0\"",
                "version" : "0",
                "systemTime" : "2024-05-02T16:10:26.8077751Z",
                "eventRecordID" : "224210",
                "threadID" : "34668",
                "computer" : "CHPIYR2",
                "task" : "0",
                "processID" : "4148",
                "severityValue" : "INFORMATION",
                "providerName" : "Windows Error Reporting"
              }
            }
          },
          "rule" : {
            "firedtimes" : 1,
            "mail" : false,
            "level" : 4,
            "description" : "Summary event of the report's signatures.",
            "groups" : [
              "windows",
              "windows_application"
            ],
            "id" : "60608"
          },
          "decoder" : {
            "name" : "windows_eventchannel"
          },
          "input" : {
            "type" : "log"
          },
          "@timestamp" : "2024-05-02T16:10:27.354Z",
          "location" : "EventChannel",
          "id" : "1714666227.16932651",
          "timestamp" : "2024-05-02T16:10:27.354+0000"
        }
      },
      {
        "_index" : "wazuh-alerts-4.x-2024.05.02",
        "_id" : "nC0wOo8BwKHU0X25CsmI",
        "_score" : 0.0,
        "_source" : {
          "cluster" : {
            "node" : "node01",
            "name" : "wazuh"
          },
          "agent" : {
            "ip" : "192.168.1.216",
            "name" : "chpiyr2",
            "id" : "014"
          },
          "manager" : {
            "name" : "wazuh-server"
          },
          "data" : {
            "win" : {
              "eventdata" : {
                "subjectLogonId" : "0x3e7",
                "subjectDomainName" : "WORKGROUP",
                "targetLinkedLogonId" : "0x0",
                "impersonationLevel" : "%%1833",
                "authenticationPackageName" : "Negotiate",
                "targetLogonId" : "0x3e7",
                "logonProcessName" : "Advapi",
                "logonGuid" : "{00000000-0000-0000-0000-000000000000}",
                "targetUserName" : "SYSTEM",
                "keyLength" : "0",
                "elevatedToken" : "%%1842",
                "subjectUserSid" : "S-1-5-18",
                "processId" : "0x728",
                "processName" : "C:\\\\Windows\\\\System32\\\\services.exe",
                "targetDomainName" : "NT AUTHORITY",
                "targetUserSid" : "S-1-5-18",
                "virtualAccount" : "%%1843",
                "logonType" : "5",
                "subjectUserName" : "CHPIYR2$"
              },
              "system" : {
                "eventID" : "4624",
                "keywords" : "0x8020000000000000",
                "providerGuid" : "{54849625-5478-4994-a5ba-3e3b0328c30d}",
                "level" : "0",
                "channel" : "Security",
                "opcode" : "0",
                "message" : "\"帳戶已順利登入。\r\n\r\n主體:\r\n\t安全性識別碼:\t\tS-1-5-18\r\n\tA帳戶名稱:\t\tCHPIYR2$\r\n\t帳戶網域:\t\tWORKGROUP\r\n\t登入識別碼:\t\t0x3E7\r\n\r\n登入資訊:\r\n\t登入類型:\t\t5\r\n\t受限制的系統管理模式:\t-\r\n\tRemote Credential Guard:\t-\r\n\t虛擬帳戶:\t\t否\r\n\t提高權限的權杖:\t\t是\r\n\r\n模擬層級:\t\t模擬\r\n\r\n新登入:\r\n\t安全性識別碼:\t\tS-1-5-18\r\n\t帳戶名稱:\t\tSYSTEM\r\n\t帳戶網域:\t\tNT AUTHORITY\r\n\t登入識別碼:\t\t0x3E7\r\n\t連結的登入識別碼:\t\t0x0\r\n\t網路帳戶名稱:\t-\r\n\t網路帳戶網域:\t-\r\n\t登入 GUID:\t\t{00000000-0000-0000-0000-000000000000}\r\n\r\n處理程序資訊:\r\n\t處理程序識別碼:\t\t0x728\r\n\t處理程序名稱:\t\tC:\\Windows\\System32\\services.exe\r\n\r\n網路資訊:\r\n\t工作站名稱:\t-\r\n\t來源網路位址:\t-\r\n\t來源連接埠:\t\t-\r\n\r\n詳細的驗證資訊:\r\n\t登入處理程序:\t\tAdvapi  \r\n\t驗證封裝:\tNegotiate\r\n\t轉送的服務:\t-\r\n\t封裝名稱 (僅 NTLM):\t-\r\n\t金鑰長度:\t\t0\r\n\r\n建立登入工作階段時會產生此事件。它是在所存取的電腦上產生。\r\n\r\n主體欄位指出要求登入之本機系統上的帳戶。這通常是發生在服務 (例如伺服器服務) 或是本機處理程序 (例如 Winlogon.exe 或 Services.exe)。\r\n\r\n登入類型欄位指出發生的登入類型。最常見的類型是 2 (互動式) 與 3 (網路)。\r\n\r\n新登入欄位指出是哪個帳戶建立新登入，例如登入的帳戶。\r\n\r\n網路欄位指出遠端登入要求的來源。工作站名稱並非一律可用，在某些情況下可能會是空白。\r\n\r\n模擬層級欄位指出登入工作階段中的處理程序可以模擬的範圍。\r\n\r\n驗證資訊欄位提供關於此特定登入要求的詳細資訊。\r\n\t- 登入 GUID 是唯一識別碼，可用於關聯這個事件與 KDC 事件。\r\n\t- 轉送的服務指出哪一個中介服務已經加入這個登入要求。\r\n\t- 封裝名稱指出在 NTLM 通訊協定中使用哪一個子協定。\r\n\t- 金鑰長度指出產生的工作階段金鑰長度。如果沒有要求工作階段金鑰則為 0。\"",
                "version" : "3",
                "systemTime" : "2024-05-02T16:42:54.8688617Z",
                "eventRecordID" : "2328309",
                "threadID" : "14288",
                "computer" : "CHPIYR2",
                "task" : "12544",
                "processID" : "1868",
                "severityValue" : "AUDIT_SUCCESS",
                "providerName" : "Microsoft-Windows-Security-Auditing"
              }
            }
          },
          "rule" : {
            "mail" : false,
            "level" : 3,
            "hipaa" : [
              "164.312.b"
            ],
            "pci_dss" : [
              "10.2.5"
            ],
            "tsc" : [
              "CC6.8",
              "CC7.2",
              "CC7.3"
            ],
            "description" : "Windows logon success.",
            "groups" : [
              "windows",
              "windows_security",
              "authentication_success"
            ],
            "nist_800_53" : [
              "AC.7",
              "AU.14"
            ],
            "gdpr" : [
              "IV_32.2"
            ],
            "firedtimes" : 42,
            "mitre" : {
              "technique" : [
                "Valid Accounts"
              ],
              "id" : [
                "T1078"
              ],
              "tactic" : [
                "Defense Evasion",
                "Persistence",
                "Privilege Escalation",
                "Initial Access"
              ]
            },
            "id" : "60106",
            "gpg13" : [
              "7.1",
              "7.2"
            ]
          },
          "decoder" : {
            "name" : "windows_eventchannel"
          },
          "input" : {
            "type" : "log"
          },
          "@timestamp" : "2024-05-02T16:42:54.813Z",
          "location" : "EventChannel",
          "id" : "1714668174.17421423",
          "timestamp" : "2024-05-02T16:42:54.813+0000"
        }
      },
      {
        "_index" : "wazuh-alerts-4.x-2024.05.02",
        "_id" : "nS0wOo8BwKHU0X25CsmI",
        "_score" : 0.0,
        "_source" : {
          "cluster" : {
            "node" : "node01",
            "name" : "wazuh"
          },
          "agent" : {
            "ip" : "192.168.1.216",
            "name" : "chpiyr2",
            "id" : "014"
          },
          "manager" : {
            "name" : "wazuh-server"
          },
          "data" : {
            "win" : {
              "eventdata" : {
                "subjectLogonId" : "0x3e7",
                "subjectDomainName" : "WORKGROUP",
                "targetLinkedLogonId" : "0x0",
                "impersonationLevel" : "%%1833",
                "authenticationPackageName" : "Negotiate",
                "targetLogonId" : "0x3e7",
                "logonProcessName" : "Advapi",
                "logonGuid" : "{00000000-0000-0000-0000-000000000000}",
                "targetUserName" : "SYSTEM",
                "keyLength" : "0",
                "elevatedToken" : "%%1842",
                "subjectUserSid" : "S-1-5-18",
                "processId" : "0x728",
                "processName" : "C:\\\\Windows\\\\System32\\\\services.exe",
                "targetDomainName" : "NT AUTHORITY",
                "targetUserSid" : "S-1-5-18",
                "virtualAccount" : "%%1843",
                "logonType" : "5",
                "subjectUserName" : "CHPIYR2$"
              },
              "system" : {
                "eventID" : "4624",
                "keywords" : "0x8020000000000000",
                "providerGuid" : "{54849625-5478-4994-a5ba-3e3b0328c30d}",
                "level" : "0",
                "channel" : "Security",
                "opcode" : "0",
                "message" : "\"帳戶已順利登入。\r\n\r\n主體:\r\n\t安全性識別碼:\t\tS-1-5-18\r\n\tA帳戶名稱:\t\tCHPIYR2$\r\n\t帳戶網域:\t\tWORKGROUP\r\n\t登入識別碼:\t\t0x3E7\r\n\r\n登入資訊:\r\n\t登入類型:\t\t5\r\n\t受限制的系統管理模式:\t-\r\n\tRemote Credential Guard:\t-\r\n\t虛擬帳戶:\t\t否\r\n\t提高權限的權杖:\t\t是\r\n\r\n模擬層級:\t\t模擬\r\n\r\n新登入:\r\n\t安全性識別碼:\t\tS-1-5-18\r\n\t帳戶名稱:\t\tSYSTEM\r\n\t帳戶網域:\t\tNT AUTHORITY\r\n\t登入識別碼:\t\t0x3E7\r\n\t連結的登入識別碼:\t\t0x0\r\n\t網路帳戶名稱:\t-\r\n\t網路帳戶網域:\t-\r\n\t登入 GUID:\t\t{00000000-0000-0000-0000-000000000000}\r\n\r\n處理程序資訊:\r\n\t處理程序識別碼:\t\t0x728\r\n\t處理程序名稱:\t\tC:\\Windows\\System32\\services.exe\r\n\r\n網路資訊:\r\n\t工作站名稱:\t-\r\n\t來源網路位址:\t-\r\n\t來源連接埠:\t\t-\r\n\r\n詳細的驗證資訊:\r\n\t登入處理程序:\t\tAdvapi  \r\n\t驗證封裝:\tNegotiate\r\n\t轉送的服務:\t-\r\n\t封裝名稱 (僅 NTLM):\t-\r\n\t金鑰長度:\t\t0\r\n\r\n建立登入工作階段時會產生此事件。它是在所存取的電腦上產生。\r\n\r\n主體欄位指出要求登入之本機系統上的帳戶。這通常是發生在服務 (例如伺服器服務) 或是本機處理程序 (例如 Winlogon.exe 或 Services.exe)。\r\n\r\n登入類型欄位指出發生的登入類型。最常見的類型是 2 (互動式) 與 3 (網路)。\r\n\r\n新登入欄位指出是哪個帳戶建立新登入，例如登入的帳戶。\r\n\r\n網路欄位指出遠端登入要求的來源。工作站名稱並非一律可用，在某些情況下可能會是空白。\r\n\r\n模擬層級欄位指出登入工作階段中的處理程序可以模擬的範圍。\r\n\r\n驗證資訊欄位提供關於此特定登入要求的詳細資訊。\r\n\t- 登入 GUID 是唯一識別碼，可用於關聯這個事件與 KDC 事件。\r\n\t- 轉送的服務指出哪一個中介服務已經加入這個登入要求。\r\n\t- 封裝名稱指出在 NTLM 通訊協定中使用哪一個子協定。\r\n\t- 金鑰長度指出產生的工作階段金鑰長度。如果沒有要求工作階段金鑰則為 0。\"",
                "version" : "3",
                "systemTime" : "2024-05-02T16:42:55.7942993Z",
                "eventRecordID" : "2328311",
                "threadID" : "39328",
                "computer" : "CHPIYR2",
                "task" : "12544",
                "processID" : "1868",
                "severityValue" : "AUDIT_SUCCESS",
                "providerName" : "Microsoft-Windows-Security-Auditing"
              }
            }
          },
          "rule" : {
            "mail" : false,
            "level" : 3,
            "hipaa" : [
              "164.312.b"
            ],
            "pci_dss" : [
              "10.2.5"
            ],
            "tsc" : [
              "CC6.8",
              "CC7.2",
              "CC7.3"
            ],
            "description" : "Windows logon success.",
            "groups" : [
              "windows",
              "windows_security",
              "authentication_success"
            ],
            "nist_800_53" : [
              "AC.7",
              "AU.14"
            ],
            "gdpr" : [
              "IV_32.2"
            ],
            "firedtimes" : 43,
            "mitre" : {
              "technique" : [
                "Valid Accounts"
              ],
              "id" : [
                "T1078"
              ],
              "tactic" : [
                "Defense Evasion",
                "Persistence",
                "Privilege Escalation",
                "Initial Access"
              ]
            },
            "id" : "60106",
            "gpg13" : [
              "7.1",
              "7.2"
            ]
          },
          "decoder" : {
            "name" : "windows_eventchannel"
          },
          "input" : {
            "type" : "log"
          },
          "@timestamp" : "2024-05-02T16:42:56.320Z",
          "location" : "EventChannel",
          "id" : "1714668176.17428296",
          "timestamp" : "2024-05-02T16:42:56.320+0000"
        }
      },
      {
        "_index" : "wazuh-alerts-4.x-2024.05.02",
        "_id" : "ji0oOo8BwKHU0X25Osly",
        "_score" : 0.0,
        "_source" : {
          "cluster" : {
            "node" : "node01",
            "name" : "wazuh"
          },
          "agent" : {
            "ip" : "192.168.1.216",
            "name" : "chpiyr2",
            "id" : "014"
          },
          "manager" : {
            "name" : "wazuh-server"
          },
          "data" : {
            "win" : {
              "eventdata" : {
                "subjectLogonId" : "0x3e7",
                "subjectDomainName" : "WORKGROUP",
                "targetLinkedLogonId" : "0x0",
                "impersonationLevel" : "%%1833",
                "authenticationPackageName" : "Negotiate",
                "targetLogonId" : "0x3e7",
                "logonProcessName" : "Advapi",
                "logonGuid" : "{00000000-0000-0000-0000-000000000000}",
                "targetUserName" : "SYSTEM",
                "keyLength" : "0",
                "elevatedToken" : "%%1842",
                "subjectUserSid" : "S-1-5-18",
                "processId" : "0x728",
                "processName" : "C:\\\\Windows\\\\System32\\\\services.exe",
                "targetDomainName" : "NT AUTHORITY",
                "targetUserSid" : "S-1-5-18",
                "virtualAccount" : "%%1843",
                "logonType" : "5",
                "subjectUserName" : "CHPIYR2$"
              },
              "system" : {
                "eventID" : "4624",
                "keywords" : "0x8020000000000000",
                "providerGuid" : "{54849625-5478-4994-a5ba-3e3b0328c30d}",
                "level" : "0",
                "channel" : "Security",
                "opcode" : "0",
                "message" : "\"帳戶已順利登入。\r\n\r\n主體:\r\n\t安全性識別碼:\t\tS-1-5-18\r\n\tA帳戶名稱:\t\tCHPIYR2$\r\n\t帳戶網域:\t\tWORKGROUP\r\n\t登入識別碼:\t\t0x3E7\r\n\r\n登入資訊:\r\n\t登入類型:\t\t5\r\n\t受限制的系統管理模式:\t-\r\n\tRemote Credential Guard:\t-\r\n\t虛擬帳戶:\t\t否\r\n\t提高權限的權杖:\t\t是\r\n\r\n模擬層級:\t\t模擬\r\n\r\n新登入:\r\n\t安全性識別碼:\t\tS-1-5-18\r\n\t帳戶名稱:\t\tSYSTEM\r\n\t帳戶網域:\t\tNT AUTHORITY\r\n\t登入識別碼:\t\t0x3E7\r\n\t連結的登入識別碼:\t\t0x0\r\n\t網路帳戶名稱:\t-\r\n\t網路帳戶網域:\t-\r\n\t登入 GUID:\t\t{00000000-0000-0000-0000-000000000000}\r\n\r\n處理程序資訊:\r\n\t處理程序識別碼:\t\t0x728\r\n\t處理程序名稱:\t\tC:\\Windows\\System32\\services.exe\r\n\r\n網路資訊:\r\n\t工作站名稱:\t-\r\n\t來源網路位址:\t-\r\n\t來源連接埠:\t\t-\r\n\r\n詳細的驗證資訊:\r\n\t登入處理程序:\t\tAdvapi  \r\n\t驗證封裝:\tNegotiate\r\n\t轉送的服務:\t-\r\n\t封裝名稱 (僅 NTLM):\t-\r\n\t金鑰長度:\t\t0\r\n\r\n建立登入工作階段時會產生此事件。它是在所存取的電腦上產生。\r\n\r\n主體欄位指出要求登入之本機系統上的帳戶。這通常是發生在服務 (例如伺服器服務) 或是本機處理程序 (例如 Winlogon.exe 或 Services.exe)。\r\n\r\n登入類型欄位指出發生的登入類型。最常見的類型是 2 (互動式) 與 3 (網路)。\r\n\r\n新登入欄位指出是哪個帳戶建立新登入，例如登入的帳戶。\r\n\r\n網路欄位指出遠端登入要求的來源。工作站名稱並非一律可用，在某些情況下可能會是空白。\r\n\r\n模擬層級欄位指出登入工作階段中的處理程序可以模擬的範圍。\r\n\r\n驗證資訊欄位提供關於此特定登入要求的詳細資訊。\r\n\t- 登入 GUID 是唯一識別碼，可用於關聯這個事件與 KDC 事件。\r\n\t- 轉送的服務指出哪一個中介服務已經加入這個登入要求。\r\n\t- 封裝名稱指出在 NTLM 通訊協定中使用哪一個子協定。\r\n\t- 金鑰長度指出產生的工作階段金鑰長度。如果沒有要求工作階段金鑰則為 0。\"",
                "version" : "3",
                "systemTime" : "2024-05-02T16:34:14.9759462Z",
                "eventRecordID" : "2328293",
                "threadID" : "19704",
                "computer" : "CHPIYR2",
                "task" : "12544",
                "processID" : "1868",
                "severityValue" : "AUDIT_SUCCESS",
                "providerName" : "Microsoft-Windows-Security-Auditing"
              }
            }
          },
          "rule" : {
            "mail" : false,
            "level" : 3,
            "hipaa" : [
              "164.312.b"
            ],
            "pci_dss" : [
              "10.2.5"
            ],
            "tsc" : [
              "CC6.8",
              "CC7.2",
              "CC7.3"
            ],
            "description" : "Windows logon success.",
            "groups" : [
              "windows",
              "windows_security",
              "authentication_success"
            ],
            "nist_800_53" : [
              "AC.7",
              "AU.14"
            ],
            "gdpr" : [
              "IV_32.2"
            ],
            "firedtimes" : 36,
            "mitre" : {
              "technique" : [
                "Valid Accounts"
              ],
              "id" : [
                "T1078"
              ],
              "tactic" : [
                "Defense Evasion",
                "Persistence",
                "Privilege Escalation",
                "Initial Access"
              ]
            },
            "id" : "60106",
            "gpg13" : [
              "7.1",
              "7.2"
            ]
          },
          "decoder" : {
            "name" : "windows_eventchannel"
          },
          "input" : {
            "type" : "log"
          },
          "@timestamp" : "2024-05-02T16:34:15.499Z",
          "location" : "EventChannel",
          "id" : "1714667655.17374713",
          "timestamp" : "2024-05-02T16:34:15.499+0000"
        }
      },
      {
        "_index" : "wazuh-alerts-4.x-2024.05.02",
        "_id" : "ry00Oo8BwKHU0X25Lckj",
        "_score" : 0.0,
        "_source" : {
          "cluster" : {
            "node" : "node01",
            "name" : "wazuh"
          },
          "agent" : {
            "ip" : "192.168.1.216",
            "name" : "chpiyr2",
            "id" : "014"
          },
          "manager" : {
            "name" : "wazuh-server"
          },
          "data" : {
            "win" : {
              "eventdata" : {
                "subjectLogonId" : "0x3e7",
                "subjectDomainName" : "WORKGROUP",
                "targetLinkedLogonId" : "0x0",
                "impersonationLevel" : "%%1833",
                "authenticationPackageName" : "Negotiate",
                "targetLogonId" : "0x3e7",
                "logonProcessName" : "Advapi",
                "logonGuid" : "{00000000-0000-0000-0000-000000000000}",
                "targetUserName" : "SYSTEM",
                "keyLength" : "0",
                "elevatedToken" : "%%1842",
                "subjectUserSid" : "S-1-5-18",
                "processId" : "0x728",
                "processName" : "C:\\\\Windows\\\\System32\\\\services.exe",
                "targetDomainName" : "NT AUTHORITY",
                "targetUserSid" : "S-1-5-18",
                "virtualAccount" : "%%1843",
                "logonType" : "5",
                "subjectUserName" : "CHPIYR2$"
              },
              "system" : {
                "eventID" : "4624",
                "keywords" : "0x8020000000000000",
                "providerGuid" : "{54849625-5478-4994-a5ba-3e3b0328c30d}",
                "level" : "0",
                "channel" : "Security",
                "opcode" : "0",
                "message" : "\"帳戶已順利登入。\r\n\r\n主體:\r\n\t安全性識別碼:\t\tS-1-5-18\r\n\tA帳戶名稱:\t\tCHPIYR2$\r\n\t帳戶網域:\t\tWORKGROUP\r\n\t登入識別碼:\t\t0x3E7\r\n\r\n登入資訊:\r\n\t登入類型:\t\t5\r\n\t受限制的系統管理模式:\t-\r\n\tRemote Credential Guard:\t-\r\n\t虛擬帳戶:\t\t否\r\n\t提高權限的權杖:\t\t是\r\n\r\n模擬層級:\t\t模擬\r\n\r\n新登入:\r\n\t安全性識別碼:\t\tS-1-5-18\r\n\t帳戶名稱:\t\tSYSTEM\r\n\t帳戶網域:\t\tNT AUTHORITY\r\n\t登入識別碼:\t\t0x3E7\r\n\t連結的登入識別碼:\t\t0x0\r\n\t網路帳戶名稱:\t-\r\n\t網路帳戶網域:\t-\r\n\t登入 GUID:\t\t{00000000-0000-0000-0000-000000000000}\r\n\r\n處理程序資訊:\r\n\t處理程序識別碼:\t\t0x728\r\n\t處理程序名稱:\t\tC:\\Windows\\System32\\services.exe\r\n\r\n網路資訊:\r\n\t工作站名稱:\t-\r\n\t來源網路位址:\t-\r\n\t來源連接埠:\t\t-\r\n\r\n詳細的驗證資訊:\r\n\t登入處理程序:\t\tAdvapi  \r\n\t驗證封裝:\tNegotiate\r\n\t轉送的服務:\t-\r\n\t封裝名稱 (僅 NTLM):\t-\r\n\t金鑰長度:\t\t0\r\n\r\n建立登入工作階段時會產生此事件。它是在所存取的電腦上產生。\r\n\r\n主體欄位指出要求登入之本機系統上的帳戶。這通常是發生在服務 (例如伺服器服務) 或是本機處理程序 (例如 Winlogon.exe 或 Services.exe)。\r\n\r\n登入類型欄位指出發生的登入類型。最常見的類型是 2 (互動式) 與 3 (網路)。\r\n\r\n新登入欄位指出是哪個帳戶建立新登入，例如登入的帳戶。\r\n\r\n網路欄位指出遠端登入要求的來源。工作站名稱並非一律可用，在某些情況下可能會是空白。\r\n\r\n模擬層級欄位指出登入工作階段中的處理程序可以模擬的範圍。\r\n\r\n驗證資訊欄位提供關於此特定登入要求的詳細資訊。\r\n\t- 登入 GUID 是唯一識別碼，可用於關聯這個事件與 KDC 事件。\r\n\t- 轉送的服務指出哪一個中介服務已經加入這個登入要求。\r\n\t- 封裝名稱指出在 NTLM 通訊協定中使用哪一個子協定。\r\n\t- 金鑰長度指出產生的工作階段金鑰長度。如果沒有要求工作階段金鑰則為 0。\"",
                "version" : "3",
                "systemTime" : "2024-05-02T16:47:27.7190170Z",
                "eventRecordID" : "2328398",
                "threadID" : "17896",
                "computer" : "CHPIYR2",
                "task" : "12544",
                "processID" : "1868",
                "severityValue" : "AUDIT_SUCCESS",
                "providerName" : "Microsoft-Windows-Security-Auditing"
              }
            }
          },
          "rule" : {
            "mail" : false,
            "level" : 3,
            "hipaa" : [
              "164.312.b"
            ],
            "pci_dss" : [
              "10.2.5"
            ],
            "tsc" : [
              "CC6.8",
              "CC7.2",
              "CC7.3"
            ],
            "description" : "Windows logon success.",
            "groups" : [
              "windows",
              "windows_security",
              "authentication_success"
            ],
            "nist_800_53" : [
              "AC.7",
              "AU.14"
            ],
            "gdpr" : [
              "IV_32.2"
            ],
            "firedtimes" : 47,
            "mitre" : {
              "technique" : [
                "Valid Accounts"
              ],
              "id" : [
                "T1078"
              ],
              "tactic" : [
                "Defense Evasion",
                "Persistence",
                "Privilege Escalation",
                "Initial Access"
              ]
            },
            "id" : "60106",
            "gpg13" : [
              "7.1",
              "7.2"
            ]
          },
          "decoder" : {
            "name" : "windows_eventchannel"
          },
          "input" : {
            "type" : "log"
          },
          "@timestamp" : "2024-05-02T16:47:27.740Z",
          "location" : "EventChannel",
          "id" : "1714668447.17457583",
          "timestamp" : "2024-05-02T16:47:27.740+0000"
        }
      },
      {
        "_index" : "wazuh-alerts-4.x-2024.05.02",
        "_id" : "0S05Oo8BwKHU0X25E8kf",
        "_score" : 0.0,
        "_source" : {
          "cluster" : {
            "node" : "node01",
            "name" : "wazuh"
          },
          "agent" : {
            "ip" : "192.168.1.216",
            "name" : "chpiyr2",
            "id" : "014"
          },
          "manager" : {
            "name" : "wazuh-server"
          },
          "data" : {
            "win" : {
              "eventdata" : {
                "param1" : "{AB8902B4-09CA-4BB6-B78D-A8F59079A8D5}"
              },
              "system" : {
                "eventID" : "10010",
                "eventSourceName" : "DCOM",
                "keywords" : "0x8080000000000000",
                "providerGuid" : "{1B562E86-B7AA-4131-BADC-B6F3A001407E}",
                "level" : "2",
                "channel" : "System",
                "opcode" : "0",
                "message" : "\"伺服器 {AB8902B4-09CA-4BB6-B78D-A8F59079A8D5} 沒有在指定的逾時內登錄 DCOM。\"",
                "version" : "0",
                "systemTime" : "2024-05-02T16:52:43.1362373Z",
                "eventRecordID" : "301262",
                "threadID" : "38456",
                "computer" : "CHPIYR2",
                "task" : "0",
                "processID" : "1676",
                "severityValue" : "ERROR",
                "providerName" : "Microsoft-Windows-DistributedCOM"
              }
            }
          },
          "rule" : {
            "firedtimes" : 4,
            "mail" : false,
            "level" : 5,
            "description" : "Windows System error event",
            "groups" : [
              "windows",
              "windows_system",
              "system_error"
            ],
            "id" : "61102",
            "gpg13" : [
              "4.3"
            ],
            "gdpr" : [
              "IV_35.7.d"
            ]
          },
          "decoder" : {
            "name" : "windows_eventchannel"
          },
          "input" : {
            "type" : "log"
          },
          "@timestamp" : "2024-05-02T16:52:43.652Z",
          "location" : "EventChannel",
          "id" : "1714668763.17572587",
          "timestamp" : "2024-05-02T16:52:43.652+0000"
        }
      },
      {
        "_index" : "wazuh-alerts-4.x-2024.05.02",
        "_id" : "0y05Oo8BwKHU0X25E8kf",
        "_score" : 0.0,
        "_source" : {
          "cluster" : {
            "node" : "node01",
            "name" : "wazuh"
          },
          "agent" : {
            "ip" : "192.168.1.216",
            "name" : "chpiyr2",
            "id" : "014"
          },
          "manager" : {
            "name" : "wazuh-server"
          },
          "data" : {
            "win" : {
              "eventdata" : {
                "param1" : "{AB8902B4-09CA-4BB6-B78D-A8F59079A8D5}"
              },
              "system" : {
                "eventID" : "10010",
                "eventSourceName" : "DCOM",
                "keywords" : "0x8080000000000000",
                "providerGuid" : "{1B562E86-B7AA-4131-BADC-B6F3A001407E}",
                "level" : "2",
                "channel" : "System",
                "opcode" : "0",
                "message" : "\"伺服器 {AB8902B4-09CA-4BB6-B78D-A8F59079A8D5} 沒有在指定的逾時內登錄 DCOM。\"",
                "version" : "0",
                "systemTime" : "2024-05-02T16:52:43.1518628Z",
                "eventRecordID" : "301263",
                "threadID" : "38456",
                "computer" : "CHPIYR2",
                "task" : "0",
                "processID" : "1676",
                "severityValue" : "ERROR",
                "providerName" : "Microsoft-Windows-DistributedCOM"
              }
            }
          },
          "rule" : {
            "firedtimes" : 6,
            "mail" : false,
            "level" : 5,
            "description" : "Windows System error event",
            "groups" : [
              "windows",
              "windows_system",
              "system_error"
            ],
            "id" : "61102",
            "gpg13" : [
              "4.3"
            ],
            "gdpr" : [
              "IV_35.7.d"
            ]
          },
          "decoder" : {
            "name" : "windows_eventchannel"
          },
          "input" : {
            "type" : "log"
          },
          "@timestamp" : "2024-05-02T16:52:43.652Z",
          "location" : "EventChannel",
          "id" : "1714668763.17575579",
          "timestamp" : "2024-05-02T16:52:43.652+0000"
        }
      },
      {
        "_index" : "wazuh-alerts-4.x-2024.05.02",
        "_id" : "1C05Oo8BwKHU0X25E8kf",
        "_score" : 0.0,
        "_source" : {
          "cluster" : {
            "node" : "node01",
            "name" : "wazuh"
          },
          "agent" : {
            "ip" : "192.168.1.216",
            "name" : "chpiyr2",
            "id" : "014"
          },
          "manager" : {
            "name" : "wazuh-server"
          },
          "data" : {
            "win" : {
              "eventdata" : {
                "param1" : "{AB8902B4-09CA-4BB6-B78D-A8F59079A8D5}"
              },
              "system" : {
                "eventID" : "10010",
                "eventSourceName" : "DCOM",
                "keywords" : "0x8080000000000000",
                "providerGuid" : "{1B562E86-B7AA-4131-BADC-B6F3A001407E}",
                "level" : "2",
                "channel" : "System",
                "opcode" : "0",
                "message" : "\"伺服器 {AB8902B4-09CA-4BB6-B78D-A8F59079A8D5} 沒有在指定的逾時內登錄 DCOM。\"",
                "version" : "0",
                "systemTime" : "2024-05-02T16:52:43.1674871Z",
                "eventRecordID" : "301264",
                "threadID" : "38456",
                "computer" : "CHPIYR2",
                "task" : "0",
                "processID" : "1676",
                "severityValue" : "ERROR",
                "providerName" : "Microsoft-Windows-DistributedCOM"
              }
            }
          },
          "rule" : {
            "firedtimes" : 7,
            "mail" : false,
            "level" : 5,
            "description" : "Windows System error event",
            "groups" : [
              "windows",
              "windows_system",
              "system_error"
            ],
            "id" : "61102",
            "gpg13" : [
              "4.3"
            ],
            "gdpr" : [
              "IV_35.7.d"
            ]
          },
          "decoder" : {
            "name" : "windows_eventchannel"
          },
          "input" : {
            "type" : "log"
          },
          "@timestamp" : "2024-05-02T16:52:43.665Z",
          "location" : "EventChannel",
          "id" : "1714668763.17577075",
          "timestamp" : "2024-05-02T16:52:43.665+0000"
        }
      },
      {
        "_index" : "wazuh-alerts-4.x-2024.05.02",
        "_id" : "1S05Oo8BwKHU0X25E8kf",
        "_score" : 0.0,
        "_source" : {
          "cluster" : {
            "node" : "node01",
            "name" : "wazuh"
          },
          "agent" : {
            "ip" : "192.168.1.216",
            "name" : "chpiyr2",
            "id" : "014"
          },
          "previous_output" : "{\"win\":{\"system\":{\"providerName\":\"Microsoft-Windows-DistributedCOM\",\"providerGuid\":\"{1B562E86-B7AA-4131-BADC-B6F3A001407E}\",\"eventSourceName\":\"DCOM\",\"eventID\":\"10010\",\"version\":\"0\",\"level\":\"2\",\"task\":\"0\",\"opcode\":\"0\",\"keywords\":\"0x8080000000000000\",\"systemTime\":\"2024-05-02T16:52:43.1674871Z\",\"eventRecordID\":\"301264\",\"processID\":\"1676\",\"threadID\":\"38456\",\"channel\":\"System\",\"computer\":\"CHPIYR2\",\"severityValue\":\"ERROR\",\"message\":\"\\\"伺服器 {AB8902B4-09CA-4BB6-B78D-A8F59079A8D5} 沒有在指定的逾時內登錄 DCOM。\\\"\"},\"eventdata\":{\"param1\":\"{AB8902B4-09CA-4BB6-B78D-A8F59079A8D5}\"}}}\n{\"win\":{\"system\":{\"providerName\":\"Microsoft-Windows-DistributedCOM\",\"providerGuid\":\"{1B562E86-B7AA-4131-BADC-B6F3A001407E}\",\"eventSourceName\":\"DCOM\",\"eventID\":\"10010\",\"version\":\"0\",\"level\":\"2\",\"task\":\"0\",\"opcode\":\"0\",\"keywords\":\"0x8080000000000000\",\"systemTime\":\"2024-05-02T16:52:43.1518628Z\",\"eventRecordID\":\"301263\",\"processID\":\"1676\",\"threadID\":\"38456\",\"channel\":\"System\",\"computer\":\"CHPIYR2\",\"severityValue\":\"ERROR\",\"message\":\"\\\"伺服器 {AB8902B4-09CA-4BB6-B78D-A8F59079A8D5} 沒有在指定的逾時內登錄 DCOM。\\\"\"},\"eventdata\":{\"param1\":\"{AB8902B4-09CA-4BB6-B78D-A8F59079A8D5}\"}}}\n{\"win\":{\"system\":{\"providerName\":\"Microsoft-Windows-DistributedCOM\",\"providerGuid\":\"{1B562E86-B7AA-4131-BADC-B6F3A001407E}\",\"eventSourceName\":\"DCOM\",\"eventID\":\"10010\",\"version\":\"0\",\"level\":\"2\",\"task\":\"0\",\"opcode\":\"0\",\"keywords\":\"0x8080000000000000\",\"systemTime\":\"2024-05-02T16:52:43.1362373Z\",\"eventRecordID\":\"301261\",\"processID\":\"1676\",\"threadID\":\"38456\",\"channel\":\"System\",\"computer\":\"CHPIYR2\",\"severityValue\":\"ERROR\",\"message\":\"\\\"伺服器 {AB8902B4-09CA-4BB6-B78D-A8F59079A8D5} 沒有在指定的逾時內登錄 DCOM。\\\"\"},\"eventdata\":{\"param1\":\"{AB8902B4-09CA-4BB6-B78D-A8F59079A8D5}\"}}}\n{\"win\":{\"system\":{\"providerName\":\"Microsoft-Windows-DistributedCOM\",\"providerGuid\":\"{1B562E86-B7AA-4131-BADC-B6F3A001407E}\",\"eventSourceName\":\"DCOM\",\"eventID\":\"10010\",\"version\":\"0\",\"level\":\"2\",\"task\":\"0\",\"opcode\":\"0\",\"keywords\":\"0x8080000000000000\",\"systemTime\":\"2024-05-02T16:52:43.1362373Z\",\"eventRecordID\":\"301262\",\"processID\":\"1676\",\"threadID\":\"38456\",\"channel\":\"System\",\"computer\":\"CHPIYR2\",\"severityValue\":\"ERROR\",\"message\":\"\\\"伺服器 {AB8902B4-09CA-4BB6-B78D-A8F59079A8D5} 沒有在指定的逾時內登錄 DCOM。\\\"\"},\"eventdata\":{\"param1\":\"{AB8902B4-09CA-4BB6-B78D-A8F59079A8D5}\"}}}\n{\"win\":{\"system\":{\"providerName\":\"Microsoft-Windows-DistributedCOM\",\"providerGuid\":\"{1B562E86-B7AA-4131-BADC-B6F3A001407E}\",\"eventSourceName\":\"DCOM\",\"eventID\":\"10010\",\"version\":\"0\",\"level\":\"2\",\"task\":\"0\",\"opcode\":\"0\",\"keywords\":\"0x8080000000000000\",\"systemTime\":\"2024-05-02T16:52:43.1206135Z\",\"eventRecordID\":\"301260\",\"processID\":\"1676\",\"threadID\":\"38456\",\"channel\":\"System\",\"computer\":\"CHPIYR2\",\"severityValue\":\"ERROR\",\"message\":\"\\\"伺服器 {AB8902B4-09CA-4BB6-B78D-A8F59079A8D5} 沒有在指定的逾時內登錄 DCOM。\\\"\"},\"eventdata\":{\"param1\":\"{AB8902B4-09CA-4BB6-B78D-A8F59079A8D5}\"}}}\n{\"win\":{\"system\":{\"providerName\":\"Microsoft-Windows-DistributedCOM\",\"providerGuid\":\"{1B562E86-B7AA-4131-BADC-B6F3A001407E}\",\"eventSourceName\":\"DCOM\",\"eventID\":\"10010\",\"version\":\"0\",\"level\":\"2\",\"task\":\"0\",\"opcode\":\"0\",\"keywords\":\"0x8080000000000000\",\"systemTime\":\"2024-05-02T16:52:43.0893533Z\",\"eventRecordID\":\"301259\",\"processID\":\"1676\",\"threadID\":\"38456\",\"channel\":\"System\",\"computer\":\"CHPIYR2\",\"severityValue\":\"ERROR\",\"message\":\"\\\"伺服器 {AB8902B4-09CA-4BB6-B78D-A8F59079A8D5} 沒有在指定的逾時內登錄 DCOM。\\\"\"},\"eventdata\":{\"param1\":\"{AB8902B4-09CA-4BB6-B78D-A8F59079A8D5}\"}}}\n{\"win\":{\"system\":{\"providerName\":\"Microsoft-Windows-DistributedCOM\",\"providerGuid\":\"{1B562E86-B7AA-4131-BADC-B6F3A001407E}\",\"eventSourceName\":\"DCOM\",\"eventID\":\"10010\",\"version\":\"0\",\"level\":\"2\",\"task\":\"0\",\"opcode\":\"0\",\"keywords\":\"0x8080000000000000\",\"systemTime\":\"2024-05-02T16:52:42.3358519Z\",\"eventRecordID\":\"301258\",\"processID\":\"1676\",\"threadID\":\"29100\",\"channel\":\"System\",\"computer\":\"CHPIYR2\",\"severityValue\":\"ERROR\",\"message\":\"\\\"伺服器 DolbyLaboratories.DolbyAccess_3.21.269.0_x64__rz1tebttyb220!App.AppX1vq60yhpapky3fc2vj8qa51f0d03x54j.mca 沒有在指定的逾時內登錄 DCOM。\\\"\"},\"eventdata\":{\"param1\":\"DolbyLaboratories.DolbyAccess_3.21.269.0_x64__rz1tebttyb220!App.AppX1vq60yhpapky3fc2vj8qa51f0d03x54j.mca\"}}}",
          "manager" : {
            "name" : "wazuh-server"
          },
          "data" : {
            "win" : {
              "eventdata" : {
                "param1" : "{AB8902B4-09CA-4BB6-B78D-A8F59079A8D5}"
              },
              "system" : {
                "eventID" : "10010",
                "eventSourceName" : "DCOM",
                "keywords" : "0x8080000000000000",
                "providerGuid" : "{1B562E86-B7AA-4131-BADC-B6F3A001407E}",
                "level" : "2",
                "channel" : "System",
                "opcode" : "0",
                "message" : "\"伺服器 {AB8902B4-09CA-4BB6-B78D-A8F59079A8D5} 沒有在指定的逾時內登錄 DCOM。\"",
                "version" : "0",
                "systemTime" : "2024-05-02T16:52:43.1835022Z",
                "eventRecordID" : "301265",
                "threadID" : "38456",
                "computer" : "CHPIYR2",
                "task" : "0",
                "processID" : "1676",
                "severityValue" : "ERROR",
                "providerName" : "Microsoft-Windows-DistributedCOM"
              }
            }
          },
          "rule" : {
            "firedtimes" : 1,
            "mail" : true,
            "level" : 10,
            "description" : "Multiple System error events",
            "groups" : [
              "windows",
              "windows_system"
            ],
            "id" : "61110",
            "frequency" : 8
          },
          "decoder" : {
            "name" : "windows_eventchannel"
          },
          "input" : {
            "type" : "log"
          },
          "@timestamp" : "2024-05-02T16:52:43.762Z",
          "location" : "EventChannel",
          "id" : "1714668763.17578571",
          "timestamp" : "2024-05-02T16:52:43.762+0000"
        }
      },
      {
        "_index" : "wazuh-alerts-4.x-2024.05.02",
        "_id" : "2C05Oo8BwKHU0X25E8kf",
        "_score" : 0.0,
        "_source" : {
          "cluster" : {
            "node" : "node01",
            "name" : "wazuh"
          },
          "agent" : {
            "ip" : "192.168.1.216",
            "name" : "chpiyr2",
            "id" : "014"
          },
          "manager" : {
            "name" : "wazuh-server"
          },
          "data" : {
            "win" : {
              "eventdata" : {
                "param1" : "{AB8902B4-09CA-4BB6-B78D-A8F59079A8D5}"
              },
              "system" : {
                "eventID" : "10010",
                "eventSourceName" : "DCOM",
                "keywords" : "0x8080000000000000",
                "providerGuid" : "{1B562E86-B7AA-4131-BADC-B6F3A001407E}",
                "level" : "2",
                "channel" : "System",
                "opcode" : "0",
                "message" : "\"伺服器 {AB8902B4-09CA-4BB6-B78D-A8F59079A8D5} 沒有在指定的逾時內登錄 DCOM。\"",
                "version" : "0",
                "systemTime" : "2024-05-02T16:52:43.2147611Z",
                "eventRecordID" : "301268",
                "threadID" : "38456",
                "computer" : "CHPIYR2",
                "task" : "0",
                "processID" : "1676",
                "severityValue" : "ERROR",
                "providerName" : "Microsoft-Windows-DistributedCOM"
              }
            }
          },
          "rule" : {
            "firedtimes" : 10,
            "mail" : false,
            "level" : 5,
            "description" : "Windows System error event",
            "groups" : [
              "windows",
              "windows_system",
              "system_error"
            ],
            "id" : "61102",
            "gpg13" : [
              "4.3"
            ],
            "gdpr" : [
              "IV_35.7.d"
            ]
          },
          "decoder" : {
            "name" : "windows_eventchannel"
          },
          "input" : {
            "type" : "log"
          },
          "@timestamp" : "2024-05-02T16:52:43.762Z",
          "location" : "EventChannel",
          "id" : "1714668763.17587320",
          "timestamp" : "2024-05-02T16:52:43.762+0000"
        }
      },
