      {
        "_index" : "wazuh-alerts-4.x-2024.05.02",
        "_id" : "1i2SO48BwKHU0X25etQm",
        "_score" : 0.0,
        "_source" : {
          "cluster" : {
            "node" : "node01",
            "name" : "wazuh"
          },
          "agent" : {
            "ip" : "192.168.1.216",
            "name" : "chpiyr2",
            "id" : "014"
          },
          "manager" : {
            "name" : "wazuh-server"
          },
          "data" : {
            "win" : {
              "eventdata" : {
                "data" : "0x80070005, 存取被拒。,   操作:    正在收集寫入者資料  內容:    寫入者類別識別碼: {e8132975-6f93-4464-a53e-1050253ae220}    寫入者名稱: System Writer    寫入者例項識別碼: {ff33f49d-91a2-4255-a1f7-decce0d3b94c}",
                "binary" : "2D20436F64653A20575254575254494330303030313238372D2043616C6C3A20575254575254494330303030313234312D205049443A202030303030373231362D205449443A202030303035323130302D20434D443A2020433A5C57494E444F57535C73797374656D33325C737663686F73742E657865202D6B204E6574776F726B53657276696365202D70202020202D20557365723A204E616D653A204E5420415554484F524954595C4E4554574F524B20534552564943452C205349443A532D312D352D3230"
              },
              "system" : {
                "eventID" : "8194",
                "keywords" : "0x80000000000000",
                "level" : "2",
                "channel" : "Application",
                "opcode" : "0",
                "message" : "\"磁碟區陰影複製服務錯誤: 查詢 IVssWriterCallback 介面時發生意外的錯誤。hr = 0x80070005, 存取被拒。\r\n。 這通常是因為寫入者或要求者程序中包含不正確的安全性設定所造成。 \n\n操作:\n   正在收集寫入者資料\n\n內容:\n   寫入者類別識別碼: {e8132975-6f93-4464-a53e-1050253ae220}\n   寫入者名稱: System Writer\n   寫入者例項識別碼: {ff33f49d-91a2-4255-a1f7-decce0d3b94c}\"",
                "version" : "0",
                "systemTime" : "2024-05-02T23:10:02.1013524Z",
                "eventRecordID" : "225354",
                "threadID" : "0",
                "computer" : "CHPIYR2",
                "task" : "0",
                "processID" : "7216",
                "severityValue" : "ERROR",
                "providerName" : "VSS"
              }
            }
          },
          "rule" : {
            "firedtimes" : 16,
            "mail" : true,
            "level" : 9,
            "description" : "Windows application error event.",
            "groups" : [
              "windows",
              "windows_application",
              "system_error"
            ],
            "id" : "60602",
            "gdpr" : [
              "IV_35.7.d"
            ],
            "gpg13" : [
              "4.3"
            ]
          },
          "decoder" : {
            "name" : "windows_eventchannel"
          },
          "input" : {
            "type" : "log"
          },
          "@timestamp" : "2024-05-02T23:10:03.371Z",
          "location" : "EventChannel",
          "id" : "1714691403.24651405",
          "timestamp" : "2024-05-02T23:10:03.371+0000"
        }
      },
      {
        "_index" : "wazuh-alerts-4.x-2024.05.02",
        "_id" : "2C2TO48BwKHU0X25stSp",
        "_score" : 0.0,
        "_source" : {
          "cluster" : {
            "node" : "node01",
            "name" : "wazuh"
          },
          "agent" : {
            "ip" : "192.168.1.216",
            "name" : "chpiyr2",
            "id" : "014"
          },
          "manager" : {
            "name" : "wazuh-server"
          },
          "data" : {
            "win" : {
              "eventdata" : {
                "data" : "0x80070005, 存取被拒。,   操作:    正在收集寫入者資料  內容:    寫入者類別識別碼: {e8132975-6f93-4464-a53e-1050253ae220}    寫入者名稱: System Writer    寫入者例項識別碼: {ff33f49d-91a2-4255-a1f7-decce0d3b94c}",
                "binary" : "2D20436F64653A20575254575254494330303030313238372D2043616C6C3A20575254575254494330303030313234312D205049443A202030303030373231362D205449443A202030303035323130302D20434D443A2020433A5C57494E444F57535C73797374656D33325C737663686F73742E657865202D6B204E6574776F726B53657276696365202D70202020202D20557365723A204E616D653A204E5420415554484F524954595C4E4554574F524B20534552564943452C205349443A532D312D352D3230"
              },
              "system" : {
                "eventID" : "8194",
                "keywords" : "0x80000000000000",
                "level" : "2",
                "channel" : "Application",
                "opcode" : "0",
                "message" : "\"磁碟區陰影複製服務錯誤: 查詢 IVssWriterCallback 介面時發生意外的錯誤。hr = 0x80070005, 存取被拒。\r\n。 這通常是因為寫入者或要求者程序中包含不正確的安全性設定所造成。 \n\n操作:\n   正在收集寫入者資料\n\n內容:\n   寫入者類別識別碼: {e8132975-6f93-4464-a53e-1050253ae220}\n   寫入者名稱: System Writer\n   寫入者例項識別碼: {ff33f49d-91a2-4255-a1f7-decce0d3b94c}\"",
                "version" : "0",
                "systemTime" : "2024-05-02T23:11:20.1900250Z",
                "eventRecordID" : "225356",
                "threadID" : "0",
                "computer" : "CHPIYR2",
                "task" : "0",
                "processID" : "7216",
                "severityValue" : "ERROR",
                "providerName" : "VSS"
              }
            }
          },
          "rule" : {
            "firedtimes" : 18,
            "mail" : true,
            "level" : 9,
            "description" : "Windows application error event.",
            "groups" : [
              "windows",
              "windows_application",
              "system_error"
            ],
            "id" : "60602",
            "gdpr" : [
              "IV_35.7.d"
            ],
            "gpg13" : [
              "4.3"
            ]
          },
          "decoder" : {
            "name" : "windows_eventchannel"
          },
          "input" : {
            "type" : "log"
          },
          "@timestamp" : "2024-05-02T23:11:21.459Z",
          "location" : "EventChannel",
          "id" : "1714691481.24657893",
          "timestamp" : "2024-05-02T23:11:21.459+0000"
        }
      },
      {
        "_index" : "wazuh-alerts-4.x-2024.05.02",
        "_id" : "2S2UO48BwKHU0X25YtRz",
        "_score" : 0.0,
        "_source" : {
          "cluster" : {
            "node" : "node01",
            "name" : "wazuh"
          },
          "agent" : {
            "ip" : "192.168.1.216",
            "name" : "chpiyr2",
            "id" : "014"
          },
          "manager" : {
            "name" : "wazuh-server"
          },
          "data" : {
            "win" : {
              "eventdata" : {
                "data" : "0x80070005, 存取被拒。,   操作:    正在收集寫入者資料  內容:    寫入者類別識別碼: {e8132975-6f93-4464-a53e-1050253ae220}    寫入者名稱: System Writer    寫入者例項識別碼: {ff33f49d-91a2-4255-a1f7-decce0d3b94c}",
                "binary" : "2D20436F64653A20575254575254494330303030313238372D2043616C6C3A20575254575254494330303030313234312D205049443A202030303030373231362D205449443A202030303035323130302D20434D443A2020433A5C57494E444F57535C73797374656D33325C737663686F73742E657865202D6B204E6574776F726B53657276696365202D70202020202D20557365723A204E616D653A204E5420415554484F524954595C4E4554574F524B20534552564943452C205349443A532D312D352D3230"
              },
              "system" : {
                "eventID" : "8194",
                "keywords" : "0x80000000000000",
                "level" : "2",
                "channel" : "Application",
                "opcode" : "0",
                "message" : "\"磁碟區陰影複製服務錯誤: 查詢 IVssWriterCallback 介面時發生意外的錯誤。hr = 0x80070005, 存取被拒。\r\n。 這通常是因為寫入者或要求者程序中包含不正確的安全性設定所造成。 \n\n操作:\n   正在收集寫入者資料\n\n內容:\n   寫入者類別識別碼: {e8132975-6f93-4464-a53e-1050253ae220}\n   寫入者名稱: System Writer\n   寫入者例項識別碼: {ff33f49d-91a2-4255-a1f7-decce0d3b94c}\"",
                "version" : "0",
                "systemTime" : "2024-05-02T23:11:59.4331989Z",
                "eventRecordID" : "225357",
                "threadID" : "0",
                "computer" : "CHPIYR2",
                "task" : "0",
                "processID" : "7216",
                "severityValue" : "ERROR",
                "providerName" : "VSS"
              }
            }
          },
          "rule" : {
            "firedtimes" : 19,
            "mail" : true,
            "level" : 9,
            "description" : "Windows application error event.",
            "groups" : [
              "windows",
              "windows_application",
              "system_error"
            ],
            "id" : "60602",
            "gdpr" : [
              "IV_35.7.d"
            ],
            "gpg13" : [
              "4.3"
            ]
          },
          "decoder" : {
            "name" : "windows_eventchannel"
          },
          "input" : {
            "type" : "log"
          },
          "@timestamp" : "2024-05-02T23:12:00.707Z",
          "location" : "EventChannel",
          "id" : "1714691520.24661137",
          "timestamp" : "2024-05-02T23:12:00.707+0000"
        }
      },
      {
        "_index" : "wazuh-alerts-4.x-2024.05.02",
        "_id" : "7y2XO48BwKHU0X25VNRm",
        "_score" : 0.0,
        "_source" : {
          "cluster" : {
            "node" : "node01",
            "name" : "wazuh"
          },
          "agent" : {
            "ip" : "192.168.1.216",
            "name" : "chpiyr2",
            "id" : "014"
          },
          "manager" : {
            "name" : "wazuh-server"
          },
          "data" : {
            "win" : {
              "eventdata" : {
                "data" : "0x80070005, 存取被拒。,   操作:    正在收集寫入者資料  內容:    寫入者類別識別碼: {e8132975-6f93-4464-a53e-1050253ae220}    寫入者名稱: System Writer    寫入者例項識別碼: {ff33f49d-91a2-4255-a1f7-decce0d3b94c}",
                "binary" : "2D20436F64653A20575254575254494330303030313238372D2043616C6C3A20575254575254494330303030313234312D205049443A202030303030373231362D205449443A202030303035323130302D20434D443A2020433A5C57494E444F57535C73797374656D33325C737663686F73742E657865202D6B204E6574776F726B53657276696365202D70202020202D20557365723A204E616D653A204E5420415554484F524954595C4E4554574F524B20534552564943452C205349443A532D312D352D3230"
              },
              "system" : {
                "eventID" : "8194",
                "keywords" : "0x80000000000000",
                "level" : "2",
                "channel" : "Application",
                "opcode" : "0",
                "message" : "\"磁碟區陰影複製服務錯誤: 查詢 IVssWriterCallback 介面時發生意外的錯誤。hr = 0x80070005, 存取被拒。\r\n。 這通常是因為寫入者或要求者程序中包含不正確的安全性設定所造成。 \n\n操作:\n   正在收集寫入者資料\n\n內容:\n   寫入者類別識別碼: {e8132975-6f93-4464-a53e-1050253ae220}\n   寫入者名稱: System Writer\n   寫入者例項識別碼: {ff33f49d-91a2-4255-a1f7-decce0d3b94c}\"",
                "version" : "0",
                "systemTime" : "2024-05-02T23:15:16.2130879Z",
                "eventRecordID" : "225362",
                "threadID" : "0",
                "computer" : "CHPIYR2",
                "task" : "0",
                "processID" : "7216",
                "severityValue" : "ERROR",
                "providerName" : "VSS"
              }
            }
          },
          "rule" : {
            "firedtimes" : 24,
            "mail" : true,
            "level" : 9,
            "description" : "Windows application error event.",
            "groups" : [
              "windows",
              "windows_application",
              "system_error"
            ],
            "id" : "60602",
            "gdpr" : [
              "IV_35.7.d"
            ],
            "gpg13" : [
              "4.3"
            ]
          },
          "decoder" : {
            "name" : "windows_eventchannel"
          },
          "input" : {
            "type" : "log"
          },
          "@timestamp" : "2024-05-02T23:15:17.481Z",
          "location" : "EventChannel",
          "id" : "1714691717.24699781",
          "timestamp" : "2024-05-02T23:15:17.481+0000"
        }
      },
      {
        "_index" : "wazuh-alerts-4.x-2024.05.02",
        "_id" : "9i2aO48BwKHU0X25YdSv",
        "_score" : 0.0,
        "_source" : {
          "cluster" : {
            "node" : "node01",
            "name" : "wazuh"
          },
          "agent" : {
            "ip" : "192.168.1.216",
            "name" : "chpiyr2",
            "id" : "014"
          },
          "manager" : {
            "name" : "wazuh-server"
          },
          "data" : {
            "win" : {
              "eventdata" : {
                "data" : "0x80070005, 存取被拒。,   操作:    正在收集寫入者資料  內容:    寫入者類別識別碼: {e8132975-6f93-4464-a53e-1050253ae220}    寫入者名稱: System Writer    寫入者例項識別碼: {ff33f49d-91a2-4255-a1f7-decce0d3b94c}",
                "binary" : "2D20436F64653A20575254575254494330303030313238372D2043616C6C3A20575254575254494330303030313234312D205049443A202030303030373231362D205449443A202030303035323130302D20434D443A2020433A5C57494E444F57535C73797374656D33325C737663686F73742E657865202D6B204E6574776F726B53657276696365202D70202020202D20557365723A204E616D653A204E5420415554484F524954595C4E4554574F524B20534552564943452C205349443A532D312D352D3230"
              },
              "system" : {
                "eventID" : "8194",
                "keywords" : "0x80000000000000",
                "level" : "2",
                "channel" : "Application",
                "opcode" : "0",
                "message" : "\"磁碟區陰影複製服務錯誤: 查詢 IVssWriterCallback 介面時發生意外的錯誤。hr = 0x80070005, 存取被拒。\r\n。 這通常是因為寫入者或要求者程序中包含不正確的安全性設定所造成。 \n\n操作:\n   正在收集寫入者資料\n\n內容:\n   寫入者類別識別碼: {e8132975-6f93-4464-a53e-1050253ae220}\n   寫入者名稱: System Writer\n   寫入者例項識別碼: {ff33f49d-91a2-4255-a1f7-decce0d3b94c}\"",
                "version" : "0",
                "systemTime" : "2024-05-02T23:18:33.5855177Z",
                "eventRecordID" : "225368",
                "threadID" : "0",
                "computer" : "CHPIYR2",
                "task" : "0",
                "processID" : "7216",
                "severityValue" : "ERROR",
                "providerName" : "VSS"
              }
            }
          },
          "rule" : {
            "firedtimes" : 29,
            "mail" : true,
            "level" : 9,
            "description" : "Windows application error event.",
            "groups" : [
              "windows",
              "windows_application",
              "system_error"
            ],
            "id" : "60602",
            "gdpr" : [
              "IV_35.7.d"
            ],
            "gpg13" : [
              "4.3"
            ]
          },
          "decoder" : {
            "name" : "windows_eventchannel"
          },
          "input" : {
            "type" : "log"
          },
          "@timestamp" : "2024-05-02T23:18:34.862Z",
          "location" : "EventChannel",
          "id" : "1714691914.24729747",
          "timestamp" : "2024-05-02T23:18:34.862+0000"
        }
      },
      {
        "_index" : "wazuh-alerts-4.x-2024.05.02",
        "_id" : "-C2aO48BwKHU0X257tRR",
        "_score" : 0.0,
        "_source" : {
          "cluster" : {
            "node" : "node01",
            "name" : "wazuh"
          },
          "agent" : {
            "ip" : "192.168.1.216",
            "name" : "chpiyr2",
            "id" : "014"
          },
          "manager" : {
            "name" : "wazuh-server"
          },
          "data" : {
            "win" : {
              "eventdata" : {
                "data" : "0x80070005, 存取被拒。,   操作:    正在收集寫入者資料  內容:    寫入者類別識別碼: {e8132975-6f93-4464-a53e-1050253ae220}    寫入者名稱: System Writer    寫入者例項識別碼: {ff33f49d-91a2-4255-a1f7-decce0d3b94c}",
                "binary" : "2D20436F64653A20575254575254494330303030313238372D2043616C6C3A20575254575254494330303030313234312D205049443A202030303030373231362D205449443A202030303035323130302D20434D443A2020433A5C57494E444F57535C73797374656D33325C737663686F73742E657865202D6B204E6574776F726B53657276696365202D70202020202D20557365723A204E616D653A204E5420415554484F524954595C4E4554574F524B20534552564943452C205349443A532D312D352D3230"
              },
              "system" : {
                "eventID" : "8194",
                "keywords" : "0x80000000000000",
                "level" : "2",
                "channel" : "Application",
                "opcode" : "0",
                "message" : "\"磁碟區陰影複製服務錯誤: 查詢 IVssWriterCallback 介面時發生意外的錯誤。hr = 0x80070005, 存取被拒。\r\n。 這通常是因為寫入者或要求者程序中包含不正確的安全性設定所造成。 \n\n操作:\n   正在收集寫入者資料\n\n內容:\n   寫入者類別識別碼: {e8132975-6f93-4464-a53e-1050253ae220}\n   寫入者名稱: System Writer\n   寫入者例項識別碼: {ff33f49d-91a2-4255-a1f7-decce0d3b94c}\"",
                "version" : "0",
                "systemTime" : "2024-05-02T23:19:13.5640882Z",
                "eventRecordID" : "225370",
                "threadID" : "0",
                "computer" : "CHPIYR2",
                "task" : "0",
                "processID" : "7216",
                "severityValue" : "ERROR",
                "providerName" : "VSS"
              }
            }
          },
          "rule" : {
            "firedtimes" : 30,
            "mail" : true,
            "level" : 9,
            "description" : "Windows application error event.",
            "groups" : [
              "windows",
              "windows_application",
              "system_error"
            ],
            "id" : "60602",
            "gdpr" : [
              "IV_35.7.d"
            ],
            "gpg13" : [
              "4.3"
            ]
          },
          "decoder" : {
            "name" : "windows_eventchannel"
          },
          "input" : {
            "type" : "log"
          },
          "@timestamp" : "2024-05-02T23:19:14.830Z",
          "location" : "EventChannel",
          "id" : "1714691954.24734541",
          "timestamp" : "2024-05-02T23:19:14.830+0000"
        }
      },
      {
        "_index" : "wazuh-alerts-4.x-2024.05.02",
        "_id" : "_i2dO48BwKHU0X25X9RX",
        "_score" : 0.0,
        "_source" : {
          "cluster" : {
            "node" : "node01",
            "name" : "wazuh"
          },
          "agent" : {
            "ip" : "192.168.1.216",
            "name" : "chpiyr2",
            "id" : "014"
          },
          "manager" : {
            "name" : "wazuh-server"
          },
          "data" : {
            "win" : {
              "eventdata" : {
                "data" : "0x80070005, 存取被拒。,   操作:    正在收集寫入者資料  內容:    寫入者類別識別碼: {e8132975-6f93-4464-a53e-1050253ae220}    寫入者名稱: System Writer    寫入者例項識別碼: {ff33f49d-91a2-4255-a1f7-decce0d3b94c}",
                "binary" : "2D20436F64653A20575254575254494330303030313238372D2043616C6C3A20575254575254494330303030313234312D205049443A202030303030373231362D205449443A202030303035323130302D20434D443A2020433A5C57494E444F57535C73797374656D33325C737663686F73742E657865202D6B204E6574776F726B53657276696365202D70202020202D20557365723A204E616D653A204E5420415554484F524954595C4E4554574F524B20534552564943452C205349443A532D312D352D3230"
              },
              "system" : {
                "eventID" : "8194",
                "keywords" : "0x80000000000000",
                "level" : "2",
                "channel" : "Application",
                "opcode" : "0",
                "message" : "\"磁碟區陰影複製服務錯誤: 查詢 IVssWriterCallback 介面時發生意外的錯誤。hr = 0x80070005, 存取被拒。\r\n。 這通常是因為寫入者或要求者程序中包含不正確的安全性設定所造成。 \n\n操作:\n   正在收集寫入者資料\n\n內容:\n   寫入者類別識別碼: {e8132975-6f93-4464-a53e-1050253ae220}\n   寫入者名稱: System Writer\n   寫入者例項識別碼: {ff33f49d-91a2-4255-a1f7-decce0d3b94c}\"",
                "version" : "0",
                "systemTime" : "2024-05-02T23:21:52.5904185Z",
                "eventRecordID" : "225375",
                "threadID" : "0",
                "computer" : "CHPIYR2",
                "task" : "0",
                "processID" : "7216",
                "severityValue" : "ERROR",
                "providerName" : "VSS"
              }
            }
          },
          "rule" : {
            "firedtimes" : 34,
            "mail" : true,
            "level" : 9,
            "description" : "Windows application error event.",
            "groups" : [
              "windows",
              "windows_application",
              "system_error"
            ],
            "id" : "60602",
            "gdpr" : [
              "IV_35.7.d"
            ],
            "gpg13" : [
              "4.3"
            ]
          },
          "decoder" : {
            "name" : "windows_eventchannel"
          },
          "input" : {
            "type" : "log"
          },
          "@timestamp" : "2024-05-02T23:21:53.869Z",
          "location" : "EventChannel",
          "id" : "1714692113.24747517",
          "timestamp" : "2024-05-02T23:21:53.869+0000"
        }
      },
      {
        "_index" : "wazuh-alerts-4.x-2024.05.02",
        "_id" : "AC2eO48BwKHU0X25A9Vp",
        "_score" : 0.0,
        "_source" : {
          "cluster" : {
            "node" : "node01",
            "name" : "wazuh"
          },
          "agent" : {
            "ip" : "192.168.1.216",
            "name" : "chpiyr2",
            "id" : "014"
          },
          "manager" : {
            "name" : "wazuh-server"
          },
          "data" : {
            "win" : {
              "eventdata" : {
                "data" : "0x80070005, 存取被拒。,   操作:    正在收集寫入者資料  內容:    寫入者類別識別碼: {e8132975-6f93-4464-a53e-1050253ae220}    寫入者名稱: System Writer    寫入者例項識別碼: {ff33f49d-91a2-4255-a1f7-decce0d3b94c}",
                "binary" : "2D20436F64653A20575254575254494330303030313238372D2043616C6C3A20575254575254494330303030313234312D205049443A202030303030373231362D205449443A202030303035323130302D20434D443A2020433A5C57494E444F57535C73797374656D33325C737663686F73742E657865202D6B204E6574776F726B53657276696365202D70202020202D20557365723A204E616D653A204E5420415554484F524954595C4E4554574F524B20534552564943452C205349443A532D312D352D3230"
              },
              "system" : {
                "eventID" : "8194",
                "keywords" : "0x80000000000000",
                "level" : "2",
                "channel" : "Application",
                "opcode" : "0",
                "message" : "\"磁碟區陰影複製服務錯誤: 查詢 IVssWriterCallback 介面時發生意外的錯誤。hr = 0x80070005, 存取被拒。\r\n。 這通常是因為寫入者或要求者程序中包含不正確的安全性設定所造成。 \n\n操作:\n   正在收集寫入者資料\n\n內容:\n   寫入者類別識別碼: {e8132975-6f93-4464-a53e-1050253ae220}\n   寫入者名稱: System Writer\n   寫入者例項識別碼: {ff33f49d-91a2-4255-a1f7-decce0d3b94c}\"",
                "version" : "0",
                "systemTime" : "2024-05-02T23:22:32.5710511Z",
                "eventRecordID" : "225377",
                "threadID" : "0",
                "computer" : "CHPIYR2",
                "task" : "0",
                "processID" : "7216",
                "severityValue" : "ERROR",
                "providerName" : "VSS"
              }
            }
          },
          "rule" : {
            "firedtimes" : 35,
            "mail" : true,
            "level" : 9,
            "description" : "Windows application error event.",
            "groups" : [
              "windows",
              "windows_application",
              "system_error"
            ],
            "id" : "60602",
            "gdpr" : [
              "IV_35.7.d"
            ],
            "gpg13" : [
              "4.3"
            ]
          },
          "decoder" : {
            "name" : "windows_eventchannel"
          },
          "input" : {
            "type" : "log"
          },
          "@timestamp" : "2024-05-02T23:22:33.838Z",
          "location" : "EventChannel",
          "id" : "1714692153.24752311",
          "timestamp" : "2024-05-02T23:22:33.838+0000"
        }
      },
      {
        "_index" : "wazuh-alerts-4.x-2024.05.02",
        "_id" : "AS2eO48BwKHU0X25jNUj",
        "_score" : 0.0,
        "_source" : {
          "cluster" : {
            "node" : "node01",
            "name" : "wazuh"
          },
          "agent" : {
            "ip" : "192.168.1.216",
            "name" : "chpiyr2",
            "id" : "014"
          },
          "manager" : {
            "name" : "wazuh-server"
          },
          "data" : {
            "win" : {
              "eventdata" : {
                "data" : "0x80070005, 存取被拒。,   操作:    正在收集寫入者資料  內容:    寫入者類別識別碼: {e8132975-6f93-4464-a53e-1050253ae220}    寫入者名稱: System Writer    寫入者例項識別碼: {ff33f49d-91a2-4255-a1f7-decce0d3b94c}",
                "binary" : "2D20436F64653A20575254575254494330303030313238372D2043616C6C3A20575254575254494330303030313234312D205049443A202030303030373231362D205449443A202030303035323435322D20434D443A2020433A5C57494E444F57535C73797374656D33325C737663686F73742E657865202D6B204E6574776F726B53657276696365202D70202020202D20557365723A204E616D653A204E5420415554484F524954595C4E4554574F524B20534552564943452C205349443A532D312D352D3230"
              },
              "system" : {
                "eventID" : "8194",
                "keywords" : "0x80000000000000",
                "level" : "2",
                "channel" : "Application",
                "opcode" : "0",
                "message" : "\"磁碟區陰影複製服務錯誤: 查詢 IVssWriterCallback 介面時發生意外的錯誤。hr = 0x80070005, 存取被拒。\r\n。 這通常是因為寫入者或要求者程序中包含不正確的安全性設定所造成。 \n\n操作:\n   正在收集寫入者資料\n\n內容:\n   寫入者類別識別碼: {e8132975-6f93-4464-a53e-1050253ae220}\n   寫入者名稱: System Writer\n   寫入者例項識別碼: {ff33f49d-91a2-4255-a1f7-decce0d3b94c}\"",
                "version" : "0",
                "systemTime" : "2024-05-02T23:23:12.3096798Z",
                "eventRecordID" : "225378",
                "threadID" : "0",
                "computer" : "CHPIYR2",
                "task" : "0",
                "processID" : "7216",
                "severityValue" : "ERROR",
                "providerName" : "VSS"
              }
            }
          },
          "rule" : {
            "firedtimes" : 36,
            "mail" : true,
            "level" : 9,
            "description" : "Windows application error event.",
            "groups" : [
              "windows",
              "windows_application",
              "system_error"
            ],
            "id" : "60602",
            "gdpr" : [
              "IV_35.7.d"
            ],
            "gpg13" : [
              "4.3"
            ]
          },
          "decoder" : {
            "name" : "windows_eventchannel"
          },
          "input" : {
            "type" : "log"
          },
          "@timestamp" : "2024-05-02T23:23:13.581Z",
          "location" : "EventChannel",
          "id" : "1714692193.24755555",
          "timestamp" : "2024-05-02T23:23:13.581+0000"
        }
      },
      {
        "_index" : "wazuh-alerts-4.x-2024.05.02",
        "_id" : "3y2WO48BwKHU0X25L9Rq",
        "_score" : 0.0,
        "_source" : {
          "cluster" : {
            "node" : "node01",
            "name" : "wazuh"
          },
          "agent" : {
            "ip" : "192.168.1.216",
            "name" : "chpiyr2",
            "id" : "014"
          },
          "manager" : {
            "name" : "wazuh-server"
          },
          "data" : {
            "win" : {
              "eventdata" : {
                "param3" : "自動啟動",
                "param4" : "BITS",
                "param1" : "Background Intelligent Transfer Service",
                "param2" : "指定啟動"
              },
              "system" : {
                "eventID" : "7040",
                "eventSourceName" : "Service Control Manager",
                "keywords" : "0x8080000000000000",
                "providerGuid" : "{555908d1-a6d7-4695-8e1e-26931d2012f4}",
                "level" : "4",
                "channel" : "System",
                "opcode" : "0",
                "message" : "\"Background Intelligent Transfer Service 服務的啟動類型已從 指定啟動 變更為 自動啟動。\"",
                "version" : "0",
                "systemTime" : "2024-05-02T23:14:04.7664223Z",
                "eventRecordID" : "302660",
                "threadID" : "54128",
                "computer" : "CHPIYR2",
                "task" : "0",
                "processID" : "1800",
                "severityValue" : "INFORMATION",
                "providerName" : "Service Control Manager"
              }
            }
          },
          "rule" : {
            "firedtimes" : 2,
            "mail" : false,
            "level" : 3,
            "pci_dss" : [
              "10.6"
            ],
            "hipaa" : [
              "164.312.b"
            ],
            "tsc" : [
              "CC6.1",
              "CC6.8",
              "CC7.2",
              "CC7.3"
            ],
            "description" : "Service startup type was changed",
            "groups" : [
              "windows",
              "windows_system",
              "policy_changed"
            ],
            "id" : "61104",
            "nist_800_53" : [
              "AU.6"
            ],
            "info" : "This does not appear to be logged on Windows 2000",
            "gdpr" : [
              "IV_35.7.d"
            ]
          },
          "decoder" : {
            "name" : "windows_eventchannel"
          },
          "input" : {
            "type" : "log"
          },
          "@timestamp" : "2024-05-02T23:14:07.030Z",
          "location" : "EventChannel",
          "id" : "1714691647.24687859",
          "timestamp" : "2024-05-02T23:14:07.030+0000"
        }
      },
      {
        "_index" : "wazuh-alerts-4.x-2024.05.02",
        "_id" : "_y2dO48BwKHU0X25etSw",
        "_score" : 0.0,
        "_source" : {
          "cluster" : {
            "node" : "node01",
            "name" : "wazuh"
          },
          "agent" : {
            "ip" : "192.168.1.216",
            "name" : "chpiyr2",
            "id" : "014"
          },
          "manager" : {
            "name" : "wazuh-server"
          },
          "data" : {
            "win" : {
              "eventdata" : {
                "data" : "2124-04-08T23:22:03Z, RulesEngine"
              },
              "system" : {
                "eventID" : "16384",
                "eventSourceName" : "Software Protection Platform Service",
                "keywords" : "0x80000000000000",
                "providerGuid" : "{E23B33B0-C8C9-472C-A5F9-F2BDFEA0F156}",
                "level" : "4",
                "channel" : "Application",
                "opcode" : "0",
                "message" : "\"順利排程軟體保護服務在 2124-04-08T23:22:03Z 重新啟動。原因: RulesEngine。\"",
                "version" : "0",
                "systemTime" : "2024-05-02T23:22:03.6153917Z",
                "eventRecordID" : "225376",
                "threadID" : "0",
                "computer" : "CHPIYR2",
                "task" : "0",
                "processID" : "13496",
                "severityValue" : "INFORMATION",
                "providerName" : "Microsoft-Windows-Security-SPP"
              }
            }
          },
          "rule" : {
            "firedtimes" : 3,
            "mail" : false,
            "level" : 3,
            "description" : "Software protection service scheduled successfully.",
            "groups" : [
              "windows",
              "windows_application"
            ],
            "id" : "60642"
          },
          "decoder" : {
            "name" : "windows_eventchannel"
          },
          "input" : {
            "type" : "log"
          },
          "@timestamp" : "2024-05-02T23:22:04.846Z",
          "location" : "EventChannel",
          "id" : "1714692124.24750761",
          "timestamp" : "2024-05-02T23:22:04.846+0000"
        }
      },
      {
        "_index" : "wazuh-alerts-4.x-2024.05.02",
        "_id" : "JS2oO48BwKHU0X25itXa",
        "_score" : 0.0,
        "_source" : {
          "cluster" : {
            "node" : "node01",
            "name" : "wazuh"
          },
          "agent" : {
            "ip" : "192.168.1.216",
            "name" : "chpiyr2",
            "id" : "014"
          },
          "manager" : {
            "name" : "wazuh-server"
          },
          "data" : {
            "win" : {
              "eventdata" : {
                "subjectLogonId" : "0x3e7",
                "subjectDomainName" : "WORKGROUP",
                "targetLinkedLogonId" : "0x0",
                "impersonationLevel" : "%%1833",
                "authenticationPackageName" : "Negotiate",
                "targetLogonId" : "0x3e7",
                "logonProcessName" : "Advapi",
                "logonGuid" : "{00000000-0000-0000-0000-000000000000}",
                "targetUserName" : "SYSTEM",
                "keyLength" : "0",
                "elevatedToken" : "%%1842",
                "subjectUserSid" : "S-1-5-18",
                "processId" : "0x708",
                "processName" : "C:\\\\Windows\\\\System32\\\\services.exe",
                "targetDomainName" : "NT AUTHORITY",
                "targetUserSid" : "S-1-5-18",
                "virtualAccount" : "%%1843",
                "logonType" : "5",
                "subjectUserName" : "CHPIYR2$"
              },
              "system" : {
                "eventID" : "4624",
                "keywords" : "0x8020000000000000",
                "providerGuid" : "{54849625-5478-4994-a5ba-3e3b0328c30d}",
                "level" : "0",
                "channel" : "Security",
                "opcode" : "0",
                "message" : "\"帳戶已順利登入。\r\n\r\n主體:\r\n\t安全性識別碼:\t\tS-1-5-18\r\n\tA帳戶名稱:\t\tCHPIYR2$\r\n\t帳戶網域:\t\tWORKGROUP\r\n\t登入識別碼:\t\t0x3E7\r\n\r\n登入資訊:\r\n\t登入類型:\t\t5\r\n\t受限制的系統管理模式:\t-\r\n\tRemote Credential Guard:\t-\r\n\t虛擬帳戶:\t\t否\r\n\t提高權限的權杖:\t\t是\r\n\r\n模擬層級:\t\t模擬\r\n\r\n新登入:\r\n\t安全性識別碼:\t\tS-1-5-18\r\n\t帳戶名稱:\t\tSYSTEM\r\n\t帳戶網域:\t\tNT AUTHORITY\r\n\t登入識別碼:\t\t0x3E7\r\n\t連結的登入識別碼:\t\t0x0\r\n\t網路帳戶名稱:\t-\r\n\t網路帳戶網域:\t-\r\n\t登入 GUID:\t\t{00000000-0000-0000-0000-000000000000}\r\n\r\n處理程序資訊:\r\n\t處理程序識別碼:\t\t0x708\r\n\t處理程序名稱:\t\tC:\\Windows\\System32\\services.exe\r\n\r\n網路資訊:\r\n\t工作站名稱:\t-\r\n\t來源網路位址:\t-\r\n\t來源連接埠:\t\t-\r\n\r\n詳細的驗證資訊:\r\n\t登入處理程序:\t\tAdvapi  \r\n\t驗證封裝:\tNegotiate\r\n\t轉送的服務:\t-\r\n\t封裝名稱 (僅 NTLM):\t-\r\n\t金鑰長度:\t\t0\r\n\r\n建立登入工作階段時會產生此事件。它是在所存取的電腦上產生。\r\n\r\n主體欄位指出要求登入之本機系統上的帳戶。這通常是發生在服務 (例如伺服器服務) 或是本機處理程序 (例如 Winlogon.exe 或 Services.exe)。\r\n\r\n登入類型欄位指出發生的登入類型。最常見的類型是 2 (互動式) 與 3 (網路)。\r\n\r\n新登入欄位指出是哪個帳戶建立新登入，例如登入的帳戶。\r\n\r\n網路欄位指出遠端登入要求的來源。工作站名稱並非一律可用，在某些情況下可能會是空白。\r\n\r\n模擬層級欄位指出登入工作階段中的處理程序可以模擬的範圍。\r\n\r\n驗證資訊欄位提供關於此特定登入要求的詳細資訊。\r\n\t- 登入 GUID 是唯一識別碼，可用於關聯這個事件與 KDC 事件。\r\n\t- 轉送的服務指出哪一個中介服務已經加入這個登入要求。\r\n\t- 封裝名稱指出在 NTLM 通訊協定中使用哪一個子協定。\r\n\t- 金鑰長度指出產生的工作階段金鑰長度。如果沒有要求工作階段金鑰則為 0。\"",
                "version" : "3",
                "systemTime" : "2024-05-02T23:34:03.7783535Z",
                "eventRecordID" : "2437182",
                "threadID" : "36364",
                "computer" : "CHPIYR2",
                "task" : "12544",
                "processID" : "1832",
                "severityValue" : "AUDIT_SUCCESS",
                "providerName" : "Microsoft-Windows-Security-Auditing"
              }
            }
          },
          "rule" : {
            "mail" : false,
            "level" : 3,
            "hipaa" : [
              "164.312.b"
            ],
            "pci_dss" : [
              "10.2.5"
            ],
            "tsc" : [
              "CC6.8",
              "CC7.2",
              "CC7.3"
            ],
            "description" : "Windows logon success.",
            "groups" : [
              "windows",
              "windows_security",
              "authentication_success"
            ],
            "nist_800_53" : [
              "AC.7",
              "AU.14"
            ],
            "gdpr" : [
              "IV_32.2"
            ],
            "firedtimes" : 10,
            "mitre" : {
              "technique" : [
                "Valid Accounts"
              ],
              "id" : [
                "T1078"
              ],
              "tactic" : [
                "Defense Evasion",
                "Persistence",
                "Privilege Escalation",
                "Initial Access"
              ]
            },
            "id" : "60106",
            "gpg13" : [
              "7.1",
              "7.2"
            ]
          },
          "decoder" : {
            "name" : "windows_eventchannel"
          },
          "input" : {
            "type" : "log"
          },
          "@timestamp" : "2024-05-02T23:34:06.014Z",
          "location" : "EventChannel",
          "id" : "1714692846.24822265",
          "timestamp" : "2024-05-02T23:34:06.014+0000"
        }
      },
      {
        "_index" : "wazuh-alerts-4.x-2024.05.02",
        "_id" : "Cy2iO48BwKHU0X25NdWu",
        "_score" : 0.0,
        "_source" : {
          "cluster" : {
            "node" : "node01",
            "name" : "wazuh"
          },
          "agent" : {
            "ip" : "192.168.1.216",
            "name" : "chpiyr2",
            "id" : "014"
          },
          "manager" : {
            "name" : "wazuh-server"
          },
          "data" : {
            "win" : {
              "eventdata" : {
                "data" : "0x80070005, 存取被拒。,   操作:    正在收集寫入者資料  內容:    寫入者類別識別碼: {e8132975-6f93-4464-a53e-1050253ae220}    寫入者名稱: System Writer    寫入者例項識別碼: {ff33f49d-91a2-4255-a1f7-decce0d3b94c}",
                "binary" : "2D20436F64653A20575254575254494330303030313238372D2043616C6C3A20575254575254494330303030313234312D205049443A202030303030373231362D205449443A202030303035323435322D20434D443A2020433A5C57494E444F57535C73797374656D33325C737663686F73742E657865202D6B204E6574776F726B53657276696365202D70202020202D20557365723A204E616D653A204E5420415554484F524954595C4E4554574F524B20534552564943452C205349443A532D312D352D3230"
              },
              "system" : {
                "eventID" : "8194",
                "keywords" : "0x80000000000000",
                "level" : "2",
                "channel" : "Application",
                "opcode" : "0",
                "message" : "\"磁碟區陰影複製服務錯誤: 查詢 IVssWriterCallback 介面時發生意外的錯誤。hr = 0x80070005, 存取被拒。\r\n。 這通常是因為寫入者或要求者程序中包含不正確的安全性設定所造成。 \n\n操作:\n   正在收集寫入者資料\n\n內容:\n   寫入者類別識別碼: {e8132975-6f93-4464-a53e-1050253ae220}\n   寫入者名稱: System Writer\n   寫入者例項識別碼: {ff33f49d-91a2-4255-a1f7-decce0d3b94c}\"",
                "version" : "0",
                "systemTime" : "2024-05-02T23:27:11.6203917Z",
                "eventRecordID" : "225384",
                "threadID" : "0",
                "computer" : "CHPIYR2",
                "task" : "0",
                "processID" : "7216",
                "severityValue" : "ERROR",
                "providerName" : "VSS"
              }
            }
          },
          "rule" : {
            "firedtimes" : 42,
            "mail" : true,
            "level" : 9,
            "description" : "Windows application error event.",
            "groups" : [
              "windows",
              "windows_application",
              "system_error"
            ],
            "id" : "60602",
            "gdpr" : [
              "IV_35.7.d"
            ],
            "gpg13" : [
              "4.3"
            ]
          },
          "decoder" : {
            "name" : "windows_eventchannel"
          },
          "input" : {
            "type" : "log"
          },
          "@timestamp" : "2024-05-02T23:27:12.892Z",
          "location" : "EventChannel",
          "id" : "1714692432.24783697",
          "timestamp" : "2024-05-02T23:27:12.892+0000"
        }
      },
      {
        "_index" : "wazuh-alerts-4.x-2024.05.02",
        "_id" : "DC2iO48BwKHU0X255dV4",
        "_score" : 0.0,
        "_source" : {
          "cluster" : {
            "node" : "node01",
            "name" : "wazuh"
          },
          "agent" : {
            "ip" : "192.168.1.216",
            "name" : "chpiyr2",
            "id" : "014"
          },
          "manager" : {
            "name" : "wazuh-server"
          },
          "data" : {
            "win" : {
              "eventdata" : {
                "data" : "0x80070005, 存取被拒。,   操作:    正在收集寫入者資料  內容:    寫入者類別識別碼: {e8132975-6f93-4464-a53e-1050253ae220}    寫入者名稱: System Writer    寫入者例項識別碼: {ff33f49d-91a2-4255-a1f7-decce0d3b94c}",
                "binary" : "2D20436F64653A20575254575254494330303030313238372D2043616C6C3A20575254575254494330303030313234312D205049443A202030303030373231362D205449443A202030303035323435322D20434D443A2020433A5C57494E444F57535C73797374656D33325C737663686F73742E657865202D6B204E6574776F726B53657276696365202D70202020202D20557365723A204E616D653A204E5420415554484F524954595C4E4554574F524B20534552564943452C205349443A532D312D352D3230"
              },
              "system" : {
                "eventID" : "8194",
                "keywords" : "0x80000000000000",
                "level" : "2",
                "channel" : "Application",
                "opcode" : "0",
                "message" : "\"磁碟區陰影複製服務錯誤: 查詢 IVssWriterCallback 介面時發生意外的錯誤。hr = 0x80070005, 存取被拒。\r\n。 這通常是因為寫入者或要求者程序中包含不正確的安全性設定所造成。 \n\n操作:\n   正在收集寫入者資料\n\n內容:\n   寫入者類別識別碼: {e8132975-6f93-4464-a53e-1050253ae220}\n   寫入者名稱: System Writer\n   寫入者例項識別碼: {ff33f49d-91a2-4255-a1f7-decce0d3b94c}\"",
                "version" : "0",
                "systemTime" : "2024-05-02T23:27:51.1131078Z",
                "eventRecordID" : "225385",
                "threadID" : "0",
                "computer" : "CHPIYR2",
                "task" : "0",
                "processID" : "7216",
                "severityValue" : "ERROR",
                "providerName" : "VSS"
              }
            }
          },
          "rule" : {
            "firedtimes" : 43,
            "mail" : true,
            "level" : 9,
            "description" : "Windows application error event.",
            "groups" : [
              "windows",
              "windows_application",
              "system_error"
            ],
            "id" : "60602",
            "gdpr" : [
              "IV_35.7.d"
            ],
            "gpg13" : [
              "4.3"
            ]
          },
          "decoder" : {
            "name" : "windows_eventchannel"
          },
          "input" : {
            "type" : "log"
          },
          "@timestamp" : "2024-05-02T23:27:52.384Z",
          "location" : "EventChannel",
          "id" : "1714692472.24786941",
          "timestamp" : "2024-05-02T23:27:52.384+0000"
        }
      },
      {
        "_index" : "wazuh-alerts-4.x-2024.05.02",
        "_id" : "DS2jO48BwKHU0X25btUx",
        "_score" : 0.0,
        "_source" : {
          "cluster" : {
            "node" : "node01",
            "name" : "wazuh"
          },
          "agent" : {
            "ip" : "192.168.1.216",
            "name" : "chpiyr2",
            "id" : "014"
          },
          "manager" : {
            "name" : "wazuh-server"
          },
          "data" : {
            "win" : {
              "eventdata" : {
                "data" : "0x80070005, 存取被拒。,   操作:    正在收集寫入者資料  內容:    寫入者類別識別碼: {e8132975-6f93-4464-a53e-1050253ae220}    寫入者名稱: System Writer    寫入者例項識別碼: {ff33f49d-91a2-4255-a1f7-decce0d3b94c}",
                "binary" : "2D20436F64653A20575254575254494330303030313238372D2043616C6C3A20575254575254494330303030313234312D205049443A202030303030373231362D205449443A202030303035323435322D20434D443A2020433A5C57494E444F57535C73797374656D33325C737663686F73742E657865202D6B204E6574776F726B53657276696365202D70202020202D20557365723A204E616D653A204E5420415554484F524954595C4E4554574F524B20534552564943452C205349443A532D312D352D3230"
              },
              "system" : {
                "eventID" : "8194",
                "keywords" : "0x80000000000000",
                "level" : "2",
                "channel" : "Application",
                "opcode" : "0",
                "message" : "\"磁碟區陰影複製服務錯誤: 查詢 IVssWriterCallback 介面時發生意外的錯誤。hr = 0x80070005, 存取被拒。\r\n。 這通常是因為寫入者或要求者程序中包含不正確的安全性設定所造成。 \n\n操作:\n   正在收集寫入者資料\n\n內容:\n   寫入者類別識別碼: {e8132975-6f93-4464-a53e-1050253ae220}\n   寫入者名稱: System Writer\n   寫入者例項識別碼: {ff33f49d-91a2-4255-a1f7-decce0d3b94c}\"",
                "version" : "0",
                "systemTime" : "2024-05-02T23:28:31.0694859Z",
                "eventRecordID" : "225386",
                "threadID" : "0",
                "computer" : "CHPIYR2",
                "task" : "0",
                "processID" : "7216",
                "severityValue" : "ERROR",
                "providerName" : "VSS"
              }
            }
          },
          "rule" : {
            "firedtimes" : 44,
            "mail" : true,
            "level" : 9,
            "description" : "Windows application error event.",
            "groups" : [
              "windows",
              "windows_application",
              "system_error"
            ],
            "id" : "60602",
            "gdpr" : [
              "IV_35.7.d"
            ],
            "gpg13" : [
              "4.3"
            ]
          },
          "decoder" : {
            "name" : "windows_eventchannel"
          },
          "input" : {
            "type" : "log"
          },
          "@timestamp" : "2024-05-02T23:28:32.347Z",
          "location" : "EventChannel",
          "id" : "1714692512.24790185",
          "timestamp" : "2024-05-02T23:28:32.347+0000"
        }
      },
      {
        "_index" : "wazuh-alerts-4.x-2024.05.02",
        "_id" : "Di2kO48BwKHU0X25HdX7",
        "_score" : 0.0,
        "_source" : {
          "cluster" : {
            "node" : "node01",
            "name" : "wazuh"
          },
          "agent" : {
            "ip" : "192.168.1.216",
            "name" : "chpiyr2",
            "id" : "014"
          },
          "manager" : {
            "name" : "wazuh-server"
          },
          "data" : {
            "win" : {
              "eventdata" : {
                "data" : "0x80070005, 存取被拒。,   操作:    正在收集寫入者資料  內容:    寫入者類別識別碼: {e8132975-6f93-4464-a53e-1050253ae220}    寫入者名稱: System Writer    寫入者例項識別碼: {ff33f49d-91a2-4255-a1f7-decce0d3b94c}",
                "binary" : "2D20436F64653A20575254575254494330303030313238372D2043616C6C3A20575254575254494330303030313234312D205049443A202030303030373231362D205449443A202030303035323435322D20434D443A2020433A5C57494E444F57535C73797374656D33325C737663686F73742E657865202D6B204E6574776F726B53657276696365202D70202020202D20557365723A204E616D653A204E5420415554484F524954595C4E4554574F524B20534552564943452C205349443A532D312D352D3230"
              },
              "system" : {
                "eventID" : "8194",
                "keywords" : "0x80000000000000",
                "level" : "2",
                "channel" : "Application",
                "opcode" : "0",
                "message" : "\"磁碟區陰影複製服務錯誤: 查詢 IVssWriterCallback 介面時發生意外的錯誤。hr = 0x80070005, 存取被拒。\r\n。 這通常是因為寫入者或要求者程序中包含不正確的安全性設定所造成。 \n\n操作:\n   正在收集寫入者資料\n\n內容:\n   寫入者類別識別碼: {e8132975-6f93-4464-a53e-1050253ae220}\n   寫入者名稱: System Writer\n   寫入者例項識別碼: {ff33f49d-91a2-4255-a1f7-decce0d3b94c}\"",
                "version" : "0",
                "systemTime" : "2024-05-02T23:29:11.2112006Z",
                "eventRecordID" : "225387",
                "threadID" : "0",
                "computer" : "CHPIYR2",
                "task" : "0",
                "processID" : "7216",
                "severityValue" : "ERROR",
                "providerName" : "VSS"
              }
            }
          },
          "rule" : {
            "firedtimes" : 45,
            "mail" : true,
            "level" : 9,
            "description" : "Windows application error event.",
            "groups" : [
              "windows",
              "windows_application",
              "system_error"
            ],
            "id" : "60602",
            "gdpr" : [
              "IV_35.7.d"
            ],
            "gpg13" : [
              "4.3"
            ]
          },
          "decoder" : {
            "name" : "windows_eventchannel"
          },
          "input" : {
            "type" : "log"
          },
          "@timestamp" : "2024-05-02T23:29:12.480Z",
          "location" : "EventChannel",
          "id" : "1714692552.24793429",
          "timestamp" : "2024-05-02T23:29:12.480+0000"
        }
      },
