      {
        "_index" : "wazuh-alerts-4.x-2024.04.22",
        "_id" : "fisDCI8BwKHU0X255lGn",
        "_score" : 0.0,
        "_source" : {
          "agent" : {
            "ip" : "192.168.1.216",
            "name" : "chpiyr2",
            "id" : "014"
          },
          "manager" : {
            "name" : "wazuh-server"
          },
          "data" : {
            "win" : {
              "eventdata" : {
                "subjectLogonId" : "0x3e7",
                "subjectDomainName" : "WORKGROUP",
                "targetLinkedLogonId" : "0x0",
                "impersonationLevel" : "%%1833",
                "authenticationPackageName" : "Negotiate",
                "targetLogonId" : "0x3e7",
                "logonProcessName" : "Advapi",
                "logonGuid" : "{00000000-0000-0000-0000-000000000000}",
                "targetUserName" : "SYSTEM",
                "keyLength" : "0",
                "elevatedToken" : "%%1842",
                "subjectUserSid" : "S-1-5-18",
                "processId" : "0x704",
                "processName" : "C:\\\\Windows\\\\System32\\\\services.exe",
                "targetDomainName" : "NT AUTHORITY",
                "targetUserSid" : "S-1-5-18",
                "virtualAccount" : "%%1843",
                "logonType" : "5",
                "subjectUserName" : "CHPIYR2$"
              },
              "system" : {
                "eventID" : "4624",
                "keywords" : "0x8020000000000000",
                "providerGuid" : "{54849625-5478-4994-a5ba-3e3b0328c30d}",
                "level" : "0",
                "channel" : "Security",
                "opcode" : "0",
                "message" : "\"帳戶已順利登入。\r\n\r\n主體:\r\n\t安全性識別碼:\t\tS-1-5-18\r\n\tA帳戶名稱:\t\tCHPIYR2$\r\n\t帳戶網域:\t\tWORKGROUP\r\n\t登入識別碼:\t\t0x3E7\r\n\r\n登入資訊:\r\n\t登入類型:\t\t5\r\n\t受限制的系統管理模式:\t-\r\n\tRemote Credential Guard:\t-\r\n\t虛擬帳戶:\t\t否\r\n\t提高權限的權杖:\t\t是\r\n\r\n模擬層級:\t\t模擬\r\n\r\n新登入:\r\n\t安全性識別碼:\t\tS-1-5-18\r\n\t帳戶名稱:\t\tSYSTEM\r\n\t帳戶網域:\t\tNT AUTHORITY\r\n\t登入識別碼:\t\t0x3E7\r\n\t連結的登入識別碼:\t\t0x0\r\n\t網路帳戶名稱:\t-\r\n\t網路帳戶網域:\t-\r\n\t登入 GUID:\t\t{00000000-0000-0000-0000-000000000000}\r\n\r\n處理程序資訊:\r\n\t處理程序識別碼:\t\t0x704\r\n\t處理程序名稱:\t\tC:\\Windows\\System32\\services.exe\r\n\r\n網路資訊:\r\n\t工作站名稱:\t-\r\n\t來源網路位址:\t-\r\n\t來源連接埠:\t\t-\r\n\r\n詳細的驗證資訊:\r\n\t登入處理程序:\t\tAdvapi  \r\n\t驗證封裝:\tNegotiate\r\n\t轉送的服務:\t-\r\n\t封裝名稱 (僅 NTLM):\t-\r\n\t金鑰長度:\t\t0\r\n\r\n建立登入工作階段時會產生此事件。它是在所存取的電腦上產生。\r\n\r\n主體欄位指出要求登入之本機系統上的帳戶。這通常是發生在服務 (例如伺服器服務) 或是本機處理程序 (例如 Winlogon.exe 或 Services.exe)。\r\n\r\n登入類型欄位指出發生的登入類型。最常見的類型是 2 (互動式) 與 3 (網路)。\r\n\r\n新登入欄位指出是哪個帳戶建立新登入，例如登入的帳戶。\r\n\r\n網路欄位指出遠端登入要求的來源。工作站名稱並非一律可用，在某些情況下可能會是空白。\r\n\r\n模擬層級欄位指出登入工作階段中的處理程序可以模擬的範圍。\r\n\r\n驗證資訊欄位提供關於此特定登入要求的詳細資訊。\r\n\t- 登入 GUID 是唯一識別碼，可用於關聯這個事件與 KDC 事件。\r\n\t- 轉送的服務指出哪一個中介服務已經加入這個登入要求。\r\n\t- 封裝名稱指出在 NTLM 通訊協定中使用哪一個子協定。\r\n\t- 金鑰長度指出產生的工作階段金鑰長度。如果沒有要求工作階段金鑰則為 0。\"",
                "version" : "3",
                "systemTime" : "2024-04-22T22:53:38.3979189Z",
                "eventRecordID" : "2250746",
                "threadID" : "24104",
                "computer" : "CHPIYR2",
                "task" : "12544",
                "processID" : "1832",
                "severityValue" : "AUDIT_SUCCESS",
                "providerName" : "Microsoft-Windows-Security-Auditing"
              }
            }
          },
          "rule" : {
            "mail" : false,
            "level" : 3,
            "hipaa" : [
              "164.312.b"
            ],
            "pci_dss" : [
              "10.2.5"
            ],
            "tsc" : [
              "CC6.8",
              "CC7.2",
              "CC7.3"
            ],
            "description" : "Windows logon success.",
            "groups" : [
              "windows",
              "windows_security",
              "authentication_success"
            ],
            "nist_800_53" : [
              "AC.7",
              "AU.14"
            ],
            "gdpr" : [
              "IV_32.2"
            ],
            "firedtimes" : 23,
            "mitre" : {
              "technique" : [
                "Valid Accounts"
              ],
              "id" : [
                "T1078"
              ],
              "tactic" : [
                "Defense Evasion",
                "Persistence",
                "Privilege Escalation",
                "Initial Access"
              ]
            },
            "id" : "60106",
            "gpg13" : [
              "7.1",
              "7.2"
            ]
          },
          "decoder" : {
            "name" : "windows_eventchannel"
          },
          "input" : {
            "type" : "log"
          },
          "@timestamp" : "2024-04-22T22:53:39.042Z",
          "location" : "EventChannel",
          "id" : "1713826419.15894709",
          "timestamp" : "2024-04-22T22:53:39.042+0000"
        }
      },
      {
        "_index" : "wazuh-alerts-4.x-2024.04.22",
        "_id" : "lysSCI8BwKHU0X25F1GP",
        "_score" : 0.0,
        "_source" : {
          "agent" : {
            "ip" : "192.168.1.216",
            "name" : "chpiyr2",
            "id" : "014"
          },
          "manager" : {
            "name" : "wazuh-server"
          },
          "data" : {
            "win" : {
              "eventdata" : {
                "subjectLogonId" : "0x3e7",
                "subjectDomainName" : "WORKGROUP",
                "targetLinkedLogonId" : "0x0",
                "impersonationLevel" : "%%1833",
                "authenticationPackageName" : "Negotiate",
                "targetLogonId" : "0x3e7",
                "logonProcessName" : "Advapi",
                "logonGuid" : "{00000000-0000-0000-0000-000000000000}",
                "targetUserName" : "SYSTEM",
                "keyLength" : "0",
                "elevatedToken" : "%%1842",
                "subjectUserSid" : "S-1-5-18",
                "processId" : "0x704",
                "processName" : "C:\\\\Windows\\\\System32\\\\services.exe",
                "targetDomainName" : "NT AUTHORITY",
                "targetUserSid" : "S-1-5-18",
                "virtualAccount" : "%%1843",
                "logonType" : "5",
                "subjectUserName" : "CHPIYR2$"
              },
              "system" : {
                "eventID" : "4624",
                "keywords" : "0x8020000000000000",
                "providerGuid" : "{54849625-5478-4994-a5ba-3e3b0328c30d}",
                "level" : "0",
                "channel" : "Security",
                "opcode" : "0",
                "message" : "\"帳戶已順利登入。\r\n\r\n主體:\r\n\t安全性識別碼:\t\tS-1-5-18\r\n\tA帳戶名稱:\t\tCHPIYR2$\r\n\t帳戶網域:\t\tWORKGROUP\r\n\t登入識別碼:\t\t0x3E7\r\n\r\n登入資訊:\r\n\t登入類型:\t\t5\r\n\t受限制的系統管理模式:\t-\r\n\tRemote Credential Guard:\t-\r\n\t虛擬帳戶:\t\t否\r\n\t提高權限的權杖:\t\t是\r\n\r\n模擬層級:\t\t模擬\r\n\r\n新登入:\r\n\t安全性識別碼:\t\tS-1-5-18\r\n\t帳戶名稱:\t\tSYSTEM\r\n\t帳戶網域:\t\tNT AUTHORITY\r\n\t登入識別碼:\t\t0x3E7\r\n\t連結的登入識別碼:\t\t0x0\r\n\t網路帳戶名稱:\t-\r\n\t網路帳戶網域:\t-\r\n\t登入 GUID:\t\t{00000000-0000-0000-0000-000000000000}\r\n\r\n處理程序資訊:\r\n\t處理程序識別碼:\t\t0x704\r\n\t處理程序名稱:\t\tC:\\Windows\\System32\\services.exe\r\n\r\n網路資訊:\r\n\t工作站名稱:\t-\r\n\t來源網路位址:\t-\r\n\t來源連接埠:\t\t-\r\n\r\n詳細的驗證資訊:\r\n\t登入處理程序:\t\tAdvapi  \r\n\t驗證封裝:\tNegotiate\r\n\t轉送的服務:\t-\r\n\t封裝名稱 (僅 NTLM):\t-\r\n\t金鑰長度:\t\t0\r\n\r\n建立登入工作階段時會產生此事件。它是在所存取的電腦上產生。\r\n\r\n主體欄位指出要求登入之本機系統上的帳戶。這通常是發生在服務 (例如伺服器服務) 或是本機處理程序 (例如 Winlogon.exe 或 Services.exe)。\r\n\r\n登入類型欄位指出發生的登入類型。最常見的類型是 2 (互動式) 與 3 (網路)。\r\n\r\n新登入欄位指出是哪個帳戶建立新登入，例如登入的帳戶。\r\n\r\n網路欄位指出遠端登入要求的來源。工作站名稱並非一律可用，在某些情況下可能會是空白。\r\n\r\n模擬層級欄位指出登入工作階段中的處理程序可以模擬的範圍。\r\n\r\n驗證資訊欄位提供關於此特定登入要求的詳細資訊。\r\n\t- 登入 GUID 是唯一識別碼，可用於關聯這個事件與 KDC 事件。\r\n\t- 轉送的服務指出哪一個中介服務已經加入這個登入要求。\r\n\t- 封裝名稱指出在 NTLM 通訊協定中使用哪一個子協定。\r\n\t- 金鑰長度指出產生的工作階段金鑰長度。如果沒有要求工作階段金鑰則為 0。\"",
                "version" : "3",
                "systemTime" : "2024-04-22T23:09:08.5671039Z",
                "eventRecordID" : "2250775",
                "threadID" : "24932",
                "computer" : "CHPIYR2",
                "task" : "12544",
                "processID" : "1832",
                "severityValue" : "AUDIT_SUCCESS",
                "providerName" : "Microsoft-Windows-Security-Auditing"
              }
            }
          },
          "rule" : {
            "mail" : false,
            "level" : 3,
            "hipaa" : [
              "164.312.b"
            ],
            "pci_dss" : [
              "10.2.5"
            ],
            "tsc" : [
              "CC6.8",
              "CC7.2",
              "CC7.3"
            ],
            "description" : "Windows logon success.",
            "groups" : [
              "windows",
              "windows_security",
              "authentication_success"
            ],
            "nist_800_53" : [
              "AC.7",
              "AU.14"
            ],
            "gdpr" : [
              "IV_32.2"
            ],
            "firedtimes" : 4,
            "mitre" : {
              "technique" : [
                "Valid Accounts"
              ],
              "id" : [
                "T1078"
              ],
              "tactic" : [
                "Defense Evasion",
                "Persistence",
                "Privilege Escalation",
                "Initial Access"
              ]
            },
            "id" : "60106",
            "gpg13" : [
              "7.1",
              "7.2"
            ]
          },
          "decoder" : {
            "name" : "windows_eventchannel"
          },
          "input" : {
            "type" : "log"
          },
          "@timestamp" : "2024-04-22T23:09:09.207Z",
          "location" : "EventChannel",
          "id" : "1713827349.15934356",
          "timestamp" : "2024-04-22T23:09:09.207+0000"
        }
      },
      {
        "_index" : "wazuh-alerts-4.x-2024.04.22",
        "_id" : "qysbCI8BwKHU0X25UlHp",
        "_score" : 0.0,
        "_source" : {
          "agent" : {
            "ip" : "192.168.1.216",
            "name" : "chpiyr2",
            "id" : "014"
          },
          "manager" : {
            "name" : "wazuh-server"
          },
          "data" : {
            "win" : {
              "eventdata" : {
                "subjectLogonId" : "0x3e7",
                "subjectDomainName" : "WORKGROUP",
                "targetLinkedLogonId" : "0x0",
                "impersonationLevel" : "%%1833",
                "authenticationPackageName" : "Negotiate",
                "targetLogonId" : "0x3e7",
                "logonProcessName" : "Advapi",
                "logonGuid" : "{00000000-0000-0000-0000-000000000000}",
                "targetUserName" : "SYSTEM",
                "keyLength" : "0",
                "elevatedToken" : "%%1842",
                "subjectUserSid" : "S-1-5-18",
                "processId" : "0x704",
                "processName" : "C:\\\\Windows\\\\System32\\\\services.exe",
                "targetDomainName" : "NT AUTHORITY",
                "targetUserSid" : "S-1-5-18",
                "virtualAccount" : "%%1843",
                "logonType" : "5",
                "subjectUserName" : "CHPIYR2$"
              },
              "system" : {
                "eventID" : "4624",
                "keywords" : "0x8020000000000000",
                "providerGuid" : "{54849625-5478-4994-a5ba-3e3b0328c30d}",
                "level" : "0",
                "channel" : "Security",
                "opcode" : "0",
                "message" : "\"帳戶已順利登入。\r\n\r\n主體:\r\n\t安全性識別碼:\t\tS-1-5-18\r\n\tA帳戶名稱:\t\tCHPIYR2$\r\n\t帳戶網域:\t\tWORKGROUP\r\n\t登入識別碼:\t\t0x3E7\r\n\r\n登入資訊:\r\n\t登入類型:\t\t5\r\n\t受限制的系統管理模式:\t-\r\n\tRemote Credential Guard:\t-\r\n\t虛擬帳戶:\t\t否\r\n\t提高權限的權杖:\t\t是\r\n\r\n模擬層級:\t\t模擬\r\n\r\n新登入:\r\n\t安全性識別碼:\t\tS-1-5-18\r\n\t帳戶名稱:\t\tSYSTEM\r\n\t帳戶網域:\t\tNT AUTHORITY\r\n\t登入識別碼:\t\t0x3E7\r\n\t連結的登入識別碼:\t\t0x0\r\n\t網路帳戶名稱:\t-\r\n\t網路帳戶網域:\t-\r\n\t登入 GUID:\t\t{00000000-0000-0000-0000-000000000000}\r\n\r\n處理程序資訊:\r\n\t處理程序識別碼:\t\t0x704\r\n\t處理程序名稱:\t\tC:\\Windows\\System32\\services.exe\r\n\r\n網路資訊:\r\n\t工作站名稱:\t-\r\n\t來源網路位址:\t-\r\n\t來源連接埠:\t\t-\r\n\r\n詳細的驗證資訊:\r\n\t登入處理程序:\t\tAdvapi  \r\n\t驗證封裝:\tNegotiate\r\n\t轉送的服務:\t-\r\n\t封裝名稱 (僅 NTLM):\t-\r\n\t金鑰長度:\t\t0\r\n\r\n建立登入工作階段時會產生此事件。它是在所存取的電腦上產生。\r\n\r\n主體欄位指出要求登入之本機系統上的帳戶。這通常是發生在服務 (例如伺服器服務) 或是本機處理程序 (例如 Winlogon.exe 或 Services.exe)。\r\n\r\n登入類型欄位指出發生的登入類型。最常見的類型是 2 (互動式) 與 3 (網路)。\r\n\r\n新登入欄位指出是哪個帳戶建立新登入，例如登入的帳戶。\r\n\r\n網路欄位指出遠端登入要求的來源。工作站名稱並非一律可用，在某些情況下可能會是空白。\r\n\r\n模擬層級欄位指出登入工作階段中的處理程序可以模擬的範圍。\r\n\r\n驗證資訊欄位提供關於此特定登入要求的詳細資訊。\r\n\t- 登入 GUID 是唯一識別碼，可用於關聯這個事件與 KDC 事件。\r\n\t- 轉送的服務指出哪一個中介服務已經加入這個登入要求。\r\n\t- 封裝名稱指出在 NTLM 通訊協定中使用哪一個子協定。\r\n\t- 金鑰長度指出產生的工作階段金鑰長度。如果沒有要求工作階段金鑰則為 0。\"",
                "version" : "3",
                "systemTime" : "2024-04-22T23:19:07.9871604Z",
                "eventRecordID" : "2250791",
                "threadID" : "24932",
                "computer" : "CHPIYR2",
                "task" : "12544",
                "processID" : "1832",
                "severityValue" : "AUDIT_SUCCESS",
                "providerName" : "Microsoft-Windows-Security-Auditing"
              }
            }
          },
          "rule" : {
            "mail" : false,
            "level" : 3,
            "hipaa" : [
              "164.312.b"
            ],
            "pci_dss" : [
              "10.2.5"
            ],
            "tsc" : [
              "CC6.8",
              "CC7.2",
              "CC7.3"
            ],
            "description" : "Windows logon success.",
            "groups" : [
              "windows",
              "windows_security",
              "authentication_success"
            ],
            "nist_800_53" : [
              "AC.7",
              "AU.14"
            ],
            "gdpr" : [
              "IV_32.2"
            ],
            "firedtimes" : 7,
            "mitre" : {
              "technique" : [
                "Valid Accounts"
              ],
              "id" : [
                "T1078"
              ],
              "tactic" : [
                "Defense Evasion",
                "Persistence",
                "Privilege Escalation",
                "Initial Access"
              ]
            },
            "id" : "60106",
            "gpg13" : [
              "7.1",
              "7.2"
            ]
          },
          "decoder" : {
            "name" : "windows_eventchannel"
          },
          "input" : {
            "type" : "log"
          },
          "@timestamp" : "2024-04-22T23:19:08.629Z",
          "location" : "EventChannel",
          "id" : "1713827948.15958495",
          "timestamp" : "2024-04-22T23:19:08.629+0000"
        }
      },
      {
        "_index" : "wazuh-alerts-4.x-2024.04.22",
        "_id" : "RSvnB48BwKHU0X25cVE_",
        "_score" : 0.0,
        "_source" : {
          "agent" : {
            "ip" : "192.168.1.216",
            "name" : "chpiyr2",
            "id" : "014"
          },
          "manager" : {
            "name" : "wazuh-server"
          },
          "data" : {
            "win" : {
              "eventdata" : {
                "data" : "2124-03-29T22:22:31Z, RulesEngine"
              },
              "system" : {
                "eventID" : "16384",
                "eventSourceName" : "Software Protection Platform Service",
                "keywords" : "0x80000000000000",
                "providerGuid" : "{E23B33B0-C8C9-472C-A5F9-F2BDFEA0F156}",
                "level" : "4",
                "channel" : "Application",
                "opcode" : "0",
                "message" : "\"順利排程軟體保護服務在 2124-03-29T22:22:31Z 重新啟動。原因: RulesEngine。\"",
                "version" : "0",
                "systemTime" : "2024-04-22T22:22:31.6891500Z",
                "eventRecordID" : "218137",
                "threadID" : "0",
                "computer" : "CHPIYR2",
                "task" : "0",
                "processID" : "29008",
                "severityValue" : "INFORMATION",
                "providerName" : "Microsoft-Windows-Security-SPP"
              }
            }
          },
          "rule" : {
            "firedtimes" : 1,
            "mail" : false,
            "level" : 3,
            "description" : "Software protection service scheduled successfully.",
            "groups" : [
              "windows",
              "windows_application"
            ],
            "id" : "60642"
          },
          "decoder" : {
            "name" : "windows_eventchannel"
          },
          "input" : {
            "type" : "log"
          },
          "@timestamp" : "2024-04-22T22:22:31.330Z",
          "location" : "EventChannel",
          "id" : "1713824551.15794970",
          "timestamp" : "2024-04-22T22:22:31.330+0000"
        }
      },
      {
        "_index" : "wazuh-alerts-4.x-2024.04.22",
        "_id" : "aSv4B48BwKHU0X256lER",
        "_score" : 0.0,
        "_source" : {
          "agent" : {
            "ip" : "192.168.1.216",
            "name" : "chpiyr2",
            "id" : "014"
          },
          "manager" : {
            "name" : "wazuh-server"
          },
          "data" : {
            "win" : {
              "eventdata" : {
                "binary" : "2D20436F64653A2020434F525356434330303030303737322D2043616C6C3A2020434F525356434330303030303735342D205049443A202030303032343338342D205449443A202030303030323137362D20434D443A2020433A5C57494E444F57535C73797374656D33325C76737376632E6578652020202D20557365723A204E616D653A204E5420415554484F524954595C53595354454D2C205349443A532D312D352D313820"
              },
              "system" : {
                "eventID" : "8224",
                "keywords" : "0x80000000000000",
                "level" : "4",
                "channel" : "Application",
                "opcode" : "0",
                "message" : "\"VSS 服務關閉，因為閒置逾時。 \"",
                "version" : "0",
                "systemTime" : "2024-04-22T22:41:38.2461777Z",
                "eventRecordID" : "218145",
                "threadID" : "0",
                "computer" : "CHPIYR2",
                "task" : "0",
                "processID" : "24384",
                "severityValue" : "INFORMATION",
                "providerName" : "VSS"
              }
            }
          },
          "rule" : {
            "firedtimes" : 9,
            "mail" : false,
            "level" : 5,
            "description" : "The VSS service is shutting down due to idle timeout.",
            "groups" : [
              "windows",
              "windows_application"
            ],
            "id" : "60702"
          },
          "decoder" : {
            "name" : "windows_eventchannel"
          },
          "input" : {
            "type" : "log"
          },
          "@timestamp" : "2024-04-22T22:41:37.929Z",
          "location" : "EventChannel",
          "id" : "1713825697.15868806",
          "timestamp" : "2024-04-22T22:41:37.929+0000"
        }
      },
      {
        "_index" : "wazuh-alerts-4.x-2024.04.22",
        "_id" : "fSsCCI8BwKHU0X25JVFs",
        "_score" : 0.0,
        "_source" : {
          "agent" : {
            "ip" : "192.168.1.216",
            "name" : "chpiyr2",
            "id" : "014"
          },
          "manager" : {
            "name" : "wazuh-server"
          },
          "data" : {
            "win" : {
              "eventdata" : {
                "binary" : "2D20436F64653A2020434F525356434330303030303737322D2043616C6C3A2020434F525356434330303030303735342D205049443A202030303032363934302D205449443A202030303030393631362D20434D443A2020433A5C57494E444F57535C73797374656D33325C76737376632E6578652020202D20557365723A204E616D653A204E5420415554484F524954595C53595354454D2C205349443A532D312D352D313820"
              },
              "system" : {
                "eventID" : "8224",
                "keywords" : "0x80000000000000",
                "level" : "4",
                "channel" : "Application",
                "opcode" : "0",
                "message" : "\"VSS 服務關閉，因為閒置逾時。 \"",
                "version" : "0",
                "systemTime" : "2024-04-22T22:51:38.3779970Z",
                "eventRecordID" : "218147",
                "threadID" : "0",
                "computer" : "CHPIYR2",
                "task" : "0",
                "processID" : "26940",
                "severityValue" : "INFORMATION",
                "providerName" : "VSS"
              }
            }
          },
          "rule" : {
            "firedtimes" : 11,
            "mail" : false,
            "level" : 5,
            "description" : "The VSS service is shutting down due to idle timeout.",
            "groups" : [
              "windows",
              "windows_application"
            ],
            "id" : "60702"
          },
          "decoder" : {
            "name" : "windows_eventchannel"
          },
          "input" : {
            "type" : "log"
          },
          "@timestamp" : "2024-04-22T22:51:38.063Z",
          "location" : "EventChannel",
          "id" : "1713826298.15892947",
          "timestamp" : "2024-04-22T22:51:38.063+0000"
        }
      },
      {
        "_index" : "wazuh-alerts-4.x-2024.04.22",
        "_id" : "3ys1CI8BwKHU0X25rVE9",
        "_score" : 0.0,
        "_source" : {
          "agent" : {
            "ip" : "192.168.1.216",
            "name" : "chpiyr2",
            "id" : "014"
          },
          "manager" : {
            "name" : "wazuh-server"
          },
          "data" : {
            "win" : {
              "eventdata" : {
                "subjectLogonId" : "0x3e7",
                "subjectDomainName" : "WORKGROUP",
                "targetLinkedLogonId" : "0x0",
                "impersonationLevel" : "%%1833",
                "authenticationPackageName" : "Negotiate",
                "targetLogonId" : "0x3e7",
                "logonProcessName" : "Advapi",
                "logonGuid" : "{00000000-0000-0000-0000-000000000000}",
                "targetUserName" : "SYSTEM",
                "keyLength" : "0",
                "elevatedToken" : "%%1842",
                "subjectUserSid" : "S-1-5-18",
                "processId" : "0x704",
                "processName" : "C:\\\\Windows\\\\System32\\\\services.exe",
                "targetDomainName" : "NT AUTHORITY",
                "targetUserSid" : "S-1-5-18",
                "virtualAccount" : "%%1843",
                "logonType" : "5",
                "subjectUserName" : "CHPIYR2$"
              },
              "system" : {
                "eventID" : "4624",
                "keywords" : "0x8020000000000000",
                "providerGuid" : "{54849625-5478-4994-a5ba-3e3b0328c30d}",
                "level" : "0",
                "channel" : "Security",
                "opcode" : "0",
                "message" : "\"帳戶已順利登入。\r\n\r\n主體:\r\n\t安全性識別碼:\t\tS-1-5-18\r\n\tA帳戶名稱:\t\tCHPIYR2$\r\n\t帳戶網域:\t\tWORKGROUP\r\n\t登入識別碼:\t\t0x3E7\r\n\r\n登入資訊:\r\n\t登入類型:\t\t5\r\n\t受限制的系統管理模式:\t-\r\n\tRemote Credential Guard:\t-\r\n\t虛擬帳戶:\t\t否\r\n\t提高權限的權杖:\t\t是\r\n\r\n模擬層級:\t\t模擬\r\n\r\n新登入:\r\n\t安全性識別碼:\t\tS-1-5-18\r\n\t帳戶名稱:\t\tSYSTEM\r\n\t帳戶網域:\t\tNT AUTHORITY\r\n\t登入識別碼:\t\t0x3E7\r\n\t連結的登入識別碼:\t\t0x0\r\n\t網路帳戶名稱:\t-\r\n\t網路帳戶網域:\t-\r\n\t登入 GUID:\t\t{00000000-0000-0000-0000-000000000000}\r\n\r\n處理程序資訊:\r\n\t處理程序識別碼:\t\t0x704\r\n\t處理程序名稱:\t\tC:\\Windows\\System32\\services.exe\r\n\r\n網路資訊:\r\n\t工作站名稱:\t-\r\n\t來源網路位址:\t-\r\n\t來源連接埠:\t\t-\r\n\r\n詳細的驗證資訊:\r\n\t登入處理程序:\t\tAdvapi  \r\n\t驗證封裝:\tNegotiate\r\n\t轉送的服務:\t-\r\n\t封裝名稱 (僅 NTLM):\t-\r\n\t金鑰長度:\t\t0\r\n\r\n建立登入工作階段時會產生此事件。它是在所存取的電腦上產生。\r\n\r\n主體欄位指出要求登入之本機系統上的帳戶。這通常是發生在服務 (例如伺服器服務) 或是本機處理程序 (例如 Winlogon.exe 或 Services.exe)。\r\n\r\n登入類型欄位指出發生的登入類型。最常見的類型是 2 (互動式) 與 3 (網路)。\r\n\r\n新登入欄位指出是哪個帳戶建立新登入，例如登入的帳戶。\r\n\r\n網路欄位指出遠端登入要求的來源。工作站名稱並非一律可用，在某些情況下可能會是空白。\r\n\r\n模擬層級欄位指出登入工作階段中的處理程序可以模擬的範圍。\r\n\r\n驗證資訊欄位提供關於此特定登入要求的詳細資訊。\r\n\t- 登入 GUID 是唯一識別碼，可用於關聯這個事件與 KDC 事件。\r\n\t- 轉送的服務指出哪一個中介服務已經加入這個登入要求。\r\n\t- 封裝名稱指出在 NTLM 通訊協定中使用哪一個子協定。\r\n\t- 金鑰長度指出產生的工作階段金鑰長度。如果沒有要求工作階段金鑰則為 0。\"",
                "version" : "3",
                "systemTime" : "2024-04-22T23:47:56.9662379Z",
                "eventRecordID" : "2250904",
                "threadID" : "7644",
                "computer" : "CHPIYR2",
                "task" : "12544",
                "processID" : "1832",
                "severityValue" : "AUDIT_SUCCESS",
                "providerName" : "Microsoft-Windows-Security-Auditing"
              }
            }
          },
          "rule" : {
            "mail" : false,
            "level" : 3,
            "hipaa" : [
              "164.312.b"
            ],
            "pci_dss" : [
              "10.2.5"
            ],
            "tsc" : [
              "CC6.8",
              "CC7.2",
              "CC7.3"
            ],
            "description" : "Windows logon success.",
            "groups" : [
              "windows",
              "windows_security",
              "authentication_success"
            ],
            "nist_800_53" : [
              "AC.7",
              "AU.14"
            ],
            "gdpr" : [
              "IV_32.2"
            ],
            "firedtimes" : 16,
            "mitre" : {
              "technique" : [
                "Valid Accounts"
              ],
              "id" : [
                "T1078"
              ],
              "tactic" : [
                "Defense Evasion",
                "Persistence",
                "Privilege Escalation",
                "Initial Access"
              ]
            },
            "id" : "60106",
            "gpg13" : [
              "7.1",
              "7.2"
            ]
          },
          "decoder" : {
            "name" : "windows_eventchannel"
          },
          "input" : {
            "type" : "log"
          },
          "@timestamp" : "2024-04-22T23:47:57.604Z",
          "location" : "EventChannel",
          "id" : "1713829677.16034346",
          "timestamp" : "2024-04-22T23:47:57.604+0000"
        }
      },
      {
        "_index" : "wazuh-alerts-4.x-2024.04.22",
        "_id" : "4Cs1CI8BwKHU0X25rVE9",
        "_score" : 0.0,
        "_source" : {
          "agent" : {
            "ip" : "192.168.1.216",
            "name" : "chpiyr2",
            "id" : "014"
          },
          "manager" : {
            "name" : "wazuh-server"
          },
          "data" : {
            "win" : {
              "eventdata" : {
                "subjectLogonId" : "0x3e7",
                "subjectDomainName" : "WORKGROUP",
                "targetLinkedLogonId" : "0x0",
                "impersonationLevel" : "%%1833",
                "authenticationPackageName" : "Negotiate",
                "targetLogonId" : "0x3e7",
                "logonProcessName" : "Advapi",
                "logonGuid" : "{00000000-0000-0000-0000-000000000000}",
                "targetUserName" : "SYSTEM",
                "keyLength" : "0",
                "elevatedToken" : "%%1842",
                "subjectUserSid" : "S-1-5-18",
                "processId" : "0x704",
                "processName" : "C:\\\\Windows\\\\System32\\\\services.exe",
                "targetDomainName" : "NT AUTHORITY",
                "targetUserSid" : "S-1-5-18",
                "virtualAccount" : "%%1843",
                "logonType" : "5",
                "subjectUserName" : "CHPIYR2$"
              },
              "system" : {
                "eventID" : "4624",
                "keywords" : "0x8020000000000000",
                "providerGuid" : "{54849625-5478-4994-a5ba-3e3b0328c30d}",
                "level" : "0",
                "channel" : "Security",
                "opcode" : "0",
                "message" : "\"帳戶已順利登入。\r\n\r\n主體:\r\n\t安全性識別碼:\t\tS-1-5-18\r\n\tA帳戶名稱:\t\tCHPIYR2$\r\n\t帳戶網域:\t\tWORKGROUP\r\n\t登入識別碼:\t\t0x3E7\r\n\r\n登入資訊:\r\n\t登入類型:\t\t5\r\n\t受限制的系統管理模式:\t-\r\n\tRemote Credential Guard:\t-\r\n\t虛擬帳戶:\t\t否\r\n\t提高權限的權杖:\t\t是\r\n\r\n模擬層級:\t\t模擬\r\n\r\n新登入:\r\n\t安全性識別碼:\t\tS-1-5-18\r\n\t帳戶名稱:\t\tSYSTEM\r\n\t帳戶網域:\t\tNT AUTHORITY\r\n\t登入識別碼:\t\t0x3E7\r\n\t連結的登入識別碼:\t\t0x0\r\n\t網路帳戶名稱:\t-\r\n\t網路帳戶網域:\t-\r\n\t登入 GUID:\t\t{00000000-0000-0000-0000-000000000000}\r\n\r\n處理程序資訊:\r\n\t處理程序識別碼:\t\t0x704\r\n\t處理程序名稱:\t\tC:\\Windows\\System32\\services.exe\r\n\r\n網路資訊:\r\n\t工作站名稱:\t-\r\n\t來源網路位址:\t-\r\n\t來源連接埠:\t\t-\r\n\r\n詳細的驗證資訊:\r\n\t登入處理程序:\t\tAdvapi  \r\n\t驗證封裝:\tNegotiate\r\n\t轉送的服務:\t-\r\n\t封裝名稱 (僅 NTLM):\t-\r\n\t金鑰長度:\t\t0\r\n\r\n建立登入工作階段時會產生此事件。它是在所存取的電腦上產生。\r\n\r\n主體欄位指出要求登入之本機系統上的帳戶。這通常是發生在服務 (例如伺服器服務) 或是本機處理程序 (例如 Winlogon.exe 或 Services.exe)。\r\n\r\n登入類型欄位指出發生的登入類型。最常見的類型是 2 (互動式) 與 3 (網路)。\r\n\r\n新登入欄位指出是哪個帳戶建立新登入，例如登入的帳戶。\r\n\r\n網路欄位指出遠端登入要求的來源。工作站名稱並非一律可用，在某些情況下可能會是空白。\r\n\r\n模擬層級欄位指出登入工作階段中的處理程序可以模擬的範圍。\r\n\r\n驗證資訊欄位提供關於此特定登入要求的詳細資訊。\r\n\t- 登入 GUID 是唯一識別碼，可用於關聯這個事件與 KDC 事件。\r\n\t- 轉送的服務指出哪一個中介服務已經加入這個登入要求。\r\n\t- 封裝名稱指出在 NTLM 通訊協定中使用哪一個子協定。\r\n\t- 金鑰長度指出產生的工作階段金鑰長度。如果沒有要求工作階段金鑰則為 0。\"",
                "version" : "3",
                "systemTime" : "2024-04-22T23:47:57.0507847Z",
                "eventRecordID" : "2250906",
                "threadID" : "7644",
                "computer" : "CHPIYR2",
                "task" : "12544",
                "processID" : "1832",
                "severityValue" : "AUDIT_SUCCESS",
                "providerName" : "Microsoft-Windows-Security-Auditing"
              }
            }
          },
          "rule" : {
            "mail" : false,
            "level" : 3,
            "hipaa" : [
              "164.312.b"
            ],
            "pci_dss" : [
              "10.2.5"
            ],
            "tsc" : [
              "CC6.8",
              "CC7.2",
              "CC7.3"
            ],
            "description" : "Windows logon success.",
            "groups" : [
              "windows",
              "windows_security",
              "authentication_success"
            ],
            "nist_800_53" : [
              "AC.7",
              "AU.14"
            ],
            "gdpr" : [
              "IV_32.2"
            ],
            "firedtimes" : 17,
            "mitre" : {
              "technique" : [
                "Valid Accounts"
              ],
              "id" : [
                "T1078"
              ],
              "tactic" : [
                "Defense Evasion",
                "Persistence",
                "Privilege Escalation",
                "Initial Access"
              ]
            },
            "id" : "60106",
            "gpg13" : [
              "7.1",
              "7.2"
            ]
          },
          "decoder" : {
            "name" : "windows_eventchannel"
          },
          "input" : {
            "type" : "log"
          },
          "@timestamp" : "2024-04-22T23:47:57.609Z",
          "location" : "EventChannel",
          "id" : "1713829677.16041217",
          "timestamp" : "2024-04-22T23:47:57.609+0000"
        }
      },
      {
        "_index" : "wazuh-alerts-4.x-2024.04.22",
        "_id" : "6Ss_CI8BwKHU0X25XVHI",
        "_score" : 0.0,
        "_source" : {
          "agent" : {
            "ip" : "192.168.1.216",
            "name" : "chpiyr2",
            "id" : "014"
          },
          "manager" : {
            "name" : "wazuh-server"
          },
          "data" : {
            "win" : {
              "eventdata" : {
                "subjectLogonId" : "0x3e7",
                "subjectDomainName" : "WORKGROUP",
                "targetLinkedLogonId" : "0x0",
                "impersonationLevel" : "%%1833",
                "authenticationPackageName" : "Negotiate",
                "targetLogonId" : "0x3e7",
                "logonProcessName" : "Advapi",
                "logonGuid" : "{00000000-0000-0000-0000-000000000000}",
                "targetUserName" : "SYSTEM",
                "keyLength" : "0",
                "elevatedToken" : "%%1842",
                "subjectUserSid" : "S-1-5-18",
                "processId" : "0x704",
                "processName" : "C:\\\\Windows\\\\System32\\\\services.exe",
                "targetDomainName" : "NT AUTHORITY",
                "targetUserSid" : "S-1-5-18",
                "virtualAccount" : "%%1843",
                "logonType" : "5",
                "subjectUserName" : "CHPIYR2$"
              },
              "system" : {
                "eventID" : "4624",
                "keywords" : "0x8020000000000000",
                "providerGuid" : "{54849625-5478-4994-a5ba-3e3b0328c30d}",
                "level" : "0",
                "channel" : "Security",
                "opcode" : "0",
                "message" : "\"帳戶已順利登入。\r\n\r\n主體:\r\n\t安全性識別碼:\t\tS-1-5-18\r\n\tA帳戶名稱:\t\tCHPIYR2$\r\n\t帳戶網域:\t\tWORKGROUP\r\n\t登入識別碼:\t\t0x3E7\r\n\r\n登入資訊:\r\n\t登入類型:\t\t5\r\n\t受限制的系統管理模式:\t-\r\n\tRemote Credential Guard:\t-\r\n\t虛擬帳戶:\t\t否\r\n\t提高權限的權杖:\t\t是\r\n\r\n模擬層級:\t\t模擬\r\n\r\n新登入:\r\n\t安全性識別碼:\t\tS-1-5-18\r\n\t帳戶名稱:\t\tSYSTEM\r\n\t帳戶網域:\t\tNT AUTHORITY\r\n\t登入識別碼:\t\t0x3E7\r\n\t連結的登入識別碼:\t\t0x0\r\n\t網路帳戶名稱:\t-\r\n\t網路帳戶網域:\t-\r\n\t登入 GUID:\t\t{00000000-0000-0000-0000-000000000000}\r\n\r\n處理程序資訊:\r\n\t處理程序識別碼:\t\t0x704\r\n\t處理程序名稱:\t\tC:\\Windows\\System32\\services.exe\r\n\r\n網路資訊:\r\n\t工作站名稱:\t-\r\n\t來源網路位址:\t-\r\n\t來源連接埠:\t\t-\r\n\r\n詳細的驗證資訊:\r\n\t登入處理程序:\t\tAdvapi  \r\n\t驗證封裝:\tNegotiate\r\n\t轉送的服務:\t-\r\n\t封裝名稱 (僅 NTLM):\t-\r\n\t金鑰長度:\t\t0\r\n\r\n建立登入工作階段時會產生此事件。它是在所存取的電腦上產生。\r\n\r\n主體欄位指出要求登入之本機系統上的帳戶。這通常是發生在服務 (例如伺服器服務) 或是本機處理程序 (例如 Winlogon.exe 或 Services.exe)。\r\n\r\n登入類型欄位指出發生的登入類型。最常見的類型是 2 (互動式) 與 3 (網路)。\r\n\r\n新登入欄位指出是哪個帳戶建立新登入，例如登入的帳戶。\r\n\r\n網路欄位指出遠端登入要求的來源。工作站名稱並非一律可用，在某些情況下可能會是空白。\r\n\r\n模擬層級欄位指出登入工作階段中的處理程序可以模擬的範圍。\r\n\r\n驗證資訊欄位提供關於此特定登入要求的詳細資訊。\r\n\t- 登入 GUID 是唯一識別碼，可用於關聯這個事件與 KDC 事件。\r\n\t- 轉送的服務指出哪一個中介服務已經加入這個登入要求。\r\n\t- 封裝名稱指出在 NTLM 通訊協定中使用哪一個子協定。\r\n\t- 金鑰長度指出產生的工作階段金鑰長度。如果沒有要求工作階段金鑰則為 0。\"",
                "version" : "3",
                "systemTime" : "2024-04-22T23:58:39.2304312Z",
                "eventRecordID" : "2250920",
                "threadID" : "21296",
                "computer" : "CHPIYR2",
                "task" : "12544",
                "processID" : "1832",
                "severityValue" : "AUDIT_SUCCESS",
                "providerName" : "Microsoft-Windows-Security-Auditing"
              }
            }
          },
          "rule" : {
            "mail" : false,
            "level" : 3,
            "hipaa" : [
              "164.312.b"
            ],
            "pci_dss" : [
              "10.2.5"
            ],
            "tsc" : [
              "CC6.8",
              "CC7.2",
              "CC7.3"
            ],
            "description" : "Windows logon success.",
            "groups" : [
              "windows",
              "windows_security",
              "authentication_success"
            ],
            "nist_800_53" : [
              "AC.7",
              "AU.14"
            ],
            "gdpr" : [
              "IV_32.2"
            ],
            "firedtimes" : 20,
            "mitre" : {
              "technique" : [
                "Valid Accounts"
              ],
              "id" : [
                "T1078"
              ],
              "tactic" : [
                "Defense Evasion",
                "Persistence",
                "Privilege Escalation",
                "Initial Access"
              ]
            },
            "id" : "60106",
            "gpg13" : [
              "7.1",
              "7.2"
            ]
          },
          "decoder" : {
            "name" : "windows_eventchannel"
          },
          "input" : {
            "type" : "log"
          },
          "@timestamp" : "2024-04-22T23:58:39.858Z",
          "location" : "EventChannel",
          "id" : "1713830319.16065354",
          "timestamp" : "2024-04-22T23:58:39.858+0000"
        }
      },
      {
        "_index" : "wazuh-alerts-4.x-2024.04.22",
        "_id" : "wisoCI8BwKHU0X25mVF4",
        "_score" : 0.0,
        "_source" : {
          "agent" : {
            "ip" : "192.168.1.216",
            "name" : "chpiyr2",
            "id" : "014"
          },
          "manager" : {
            "name" : "wazuh-server"
          },
          "data" : {
            "win" : {
              "eventdata" : {
                "subjectLogonId" : "0x3e7",
                "subjectDomainName" : "WORKGROUP",
                "targetLinkedLogonId" : "0x0",
                "impersonationLevel" : "%%1833",
                "authenticationPackageName" : "Negotiate",
                "targetLogonId" : "0x3e7",
                "logonProcessName" : "Advapi",
                "logonGuid" : "{00000000-0000-0000-0000-000000000000}",
                "targetUserName" : "SYSTEM",
                "keyLength" : "0",
                "elevatedToken" : "%%1842",
                "subjectUserSid" : "S-1-5-18",
                "processId" : "0x704",
                "processName" : "C:\\\\Windows\\\\System32\\\\services.exe",
                "targetDomainName" : "NT AUTHORITY",
                "targetUserSid" : "S-1-5-18",
                "virtualAccount" : "%%1843",
                "logonType" : "5",
                "subjectUserName" : "CHPIYR2$"
              },
              "system" : {
                "eventID" : "4624",
                "keywords" : "0x8020000000000000",
                "providerGuid" : "{54849625-5478-4994-a5ba-3e3b0328c30d}",
                "level" : "0",
                "channel" : "Security",
                "opcode" : "0",
                "message" : "\"帳戶已順利登入。\r\n\r\n主體:\r\n\t安全性識別碼:\t\tS-1-5-18\r\n\tA帳戶名稱:\t\tCHPIYR2$\r\n\t帳戶網域:\t\tWORKGROUP\r\n\t登入識別碼:\t\t0x3E7\r\n\r\n登入資訊:\r\n\t登入類型:\t\t5\r\n\t受限制的系統管理模式:\t-\r\n\tRemote Credential Guard:\t-\r\n\t虛擬帳戶:\t\t否\r\n\t提高權限的權杖:\t\t是\r\n\r\n模擬層級:\t\t模擬\r\n\r\n新登入:\r\n\t安全性識別碼:\t\tS-1-5-18\r\n\t帳戶名稱:\t\tSYSTEM\r\n\t帳戶網域:\t\tNT AUTHORITY\r\n\t登入識別碼:\t\t0x3E7\r\n\t連結的登入識別碼:\t\t0x0\r\n\t網路帳戶名稱:\t-\r\n\t網路帳戶網域:\t-\r\n\t登入 GUID:\t\t{00000000-0000-0000-0000-000000000000}\r\n\r\n處理程序資訊:\r\n\t處理程序識別碼:\t\t0x704\r\n\t處理程序名稱:\t\tC:\\Windows\\System32\\services.exe\r\n\r\n網路資訊:\r\n\t工作站名稱:\t-\r\n\t來源網路位址:\t-\r\n\t來源連接埠:\t\t-\r\n\r\n詳細的驗證資訊:\r\n\t登入處理程序:\t\tAdvapi  \r\n\t驗證封裝:\tNegotiate\r\n\t轉送的服務:\t-\r\n\t封裝名稱 (僅 NTLM):\t-\r\n\t金鑰長度:\t\t0\r\n\r\n建立登入工作階段時會產生此事件。它是在所存取的電腦上產生。\r\n\r\n主體欄位指出要求登入之本機系統上的帳戶。這通常是發生在服務 (例如伺服器服務) 或是本機處理程序 (例如 Winlogon.exe 或 Services.exe)。\r\n\r\n登入類型欄位指出發生的登入類型。最常見的類型是 2 (互動式) 與 3 (網路)。\r\n\r\n新登入欄位指出是哪個帳戶建立新登入，例如登入的帳戶。\r\n\r\n網路欄位指出遠端登入要求的來源。工作站名稱並非一律可用，在某些情況下可能會是空白。\r\n\r\n模擬層級欄位指出登入工作階段中的處理程序可以模擬的範圍。\r\n\r\n驗證資訊欄位提供關於此特定登入要求的詳細資訊。\r\n\t- 登入 GUID 是唯一識別碼，可用於關聯這個事件與 KDC 事件。\r\n\t- 轉送的服務指出哪一個中介服務已經加入這個登入要求。\r\n\t- 封裝名稱指出在 NTLM 通訊協定中使用哪一個子協定。\r\n\t- 金鑰長度指出產生的工作階段金鑰長度。如果沒有要求工作階段金鑰則為 0。\"",
                "version" : "3",
                "systemTime" : "2024-04-22T23:33:38.9134855Z",
                "eventRecordID" : "2250807",
                "threadID" : "7668",
                "computer" : "CHPIYR2",
                "task" : "12544",
                "processID" : "1832",
                "severityValue" : "AUDIT_SUCCESS",
                "providerName" : "Microsoft-Windows-Security-Auditing"
              }
            }
          },
          "rule" : {
            "mail" : false,
            "level" : 3,
            "hipaa" : [
              "164.312.b"
            ],
            "pci_dss" : [
              "10.2.5"
            ],
            "tsc" : [
              "CC6.8",
              "CC7.2",
              "CC7.3"
            ],
            "description" : "Windows logon success.",
            "groups" : [
              "windows",
              "windows_security",
              "authentication_success"
            ],
            "nist_800_53" : [
              "AC.7",
              "AU.14"
            ],
            "gdpr" : [
              "IV_32.2"
            ],
            "firedtimes" : 10,
            "mitre" : {
              "technique" : [
                "Valid Accounts"
              ],
              "id" : [
                "T1078"
              ],
              "tactic" : [
                "Defense Evasion",
                "Persistence",
                "Privilege Escalation",
                "Initial Access"
              ]
            },
            "id" : "60106",
            "gpg13" : [
              "7.1",
              "7.2"
            ]
          },
          "decoder" : {
            "name" : "windows_eventchannel"
          },
          "input" : {
            "type" : "log"
          },
          "@timestamp" : "2024-04-22T23:33:39.549Z",
          "location" : "EventChannel",
          "id" : "1713828819.15984396",
          "timestamp" : "2024-04-22T23:33:39.549+0000"
        }
      },
      {
        "_index" : "wazuh-alerts-4.x-2024.04.22",
        "_id" : "yisuCI8BwKHU0X25jFH0",
        "_score" : 0.0,
        "_source" : {
          "agent" : {
            "ip" : "192.168.1.216",
            "name" : "chpiyr2",
            "id" : "014"
          },
          "manager" : {
            "name" : "wazuh-server"
          },
          "data" : {
            "win" : {
              "eventdata" : {
                "subjectLogonId" : "0x3e7",
                "subjectDomainName" : "WORKGROUP",
                "targetLinkedLogonId" : "0x0",
                "impersonationLevel" : "%%1833",
                "authenticationPackageName" : "Negotiate",
                "targetLogonId" : "0x3e7",
                "logonProcessName" : "Advapi",
                "logonGuid" : "{00000000-0000-0000-0000-000000000000}",
                "targetUserName" : "SYSTEM",
                "keyLength" : "0",
                "elevatedToken" : "%%1842",
                "subjectUserSid" : "S-1-5-18",
                "processId" : "0x704",
                "processName" : "C:\\\\Windows\\\\System32\\\\services.exe",
                "targetDomainName" : "NT AUTHORITY",
                "targetUserSid" : "S-1-5-18",
                "virtualAccount" : "%%1843",
                "logonType" : "5",
                "subjectUserName" : "CHPIYR2$"
              },
              "system" : {
                "eventID" : "4624",
                "keywords" : "0x8020000000000000",
                "providerGuid" : "{54849625-5478-4994-a5ba-3e3b0328c30d}",
                "level" : "0",
                "channel" : "Security",
                "opcode" : "0",
                "message" : "\"帳戶已順利登入。\r\n\r\n主體:\r\n\t安全性識別碼:\t\tS-1-5-18\r\n\tA帳戶名稱:\t\tCHPIYR2$\r\n\t帳戶網域:\t\tWORKGROUP\r\n\t登入識別碼:\t\t0x3E7\r\n\r\n登入資訊:\r\n\t登入類型:\t\t5\r\n\t受限制的系統管理模式:\t-\r\n\tRemote Credential Guard:\t-\r\n\t虛擬帳戶:\t\t否\r\n\t提高權限的權杖:\t\t是\r\n\r\n模擬層級:\t\t模擬\r\n\r\n新登入:\r\n\t安全性識別碼:\t\tS-1-5-18\r\n\t帳戶名稱:\t\tSYSTEM\r\n\t帳戶網域:\t\tNT AUTHORITY\r\n\t登入識別碼:\t\t0x3E7\r\n\t連結的登入識別碼:\t\t0x0\r\n\t網路帳戶名稱:\t-\r\n\t網路帳戶網域:\t-\r\n\t登入 GUID:\t\t{00000000-0000-0000-0000-000000000000}\r\n\r\n處理程序資訊:\r\n\t處理程序識別碼:\t\t0x704\r\n\t處理程序名稱:\t\tC:\\Windows\\System32\\services.exe\r\n\r\n網路資訊:\r\n\t工作站名稱:\t-\r\n\t來源網路位址:\t-\r\n\t來源連接埠:\t\t-\r\n\r\n詳細的驗證資訊:\r\n\t登入處理程序:\t\tAdvapi  \r\n\t驗證封裝:\tNegotiate\r\n\t轉送的服務:\t-\r\n\t封裝名稱 (僅 NTLM):\t-\r\n\t金鑰長度:\t\t0\r\n\r\n建立登入工作階段時會產生此事件。它是在所存取的電腦上產生。\r\n\r\n主體欄位指出要求登入之本機系統上的帳戶。這通常是發生在服務 (例如伺服器服務) 或是本機處理程序 (例如 Winlogon.exe 或 Services.exe)。\r\n\r\n登入類型欄位指出發生的登入類型。最常見的類型是 2 (互動式) 與 3 (網路)。\r\n\r\n新登入欄位指出是哪個帳戶建立新登入，例如登入的帳戶。\r\n\r\n網路欄位指出遠端登入要求的來源。工作站名稱並非一律可用，在某些情況下可能會是空白。\r\n\r\n模擬層級欄位指出登入工作階段中的處理程序可以模擬的範圍。\r\n\r\n驗證資訊欄位提供關於此特定登入要求的詳細資訊。\r\n\t- 登入 GUID 是唯一識別碼，可用於關聯這個事件與 KDC 事件。\r\n\t- 轉送的服務指出哪一個中介服務已經加入這個登入要求。\r\n\t- 封裝名稱指出在 NTLM 通訊協定中使用哪一個子協定。\r\n\t- 金鑰長度指出產生的工作階段金鑰長度。如果沒有要求工作階段金鑰則為 0。\"",
                "version" : "3",
                "systemTime" : "2024-04-22T23:40:13.7280525Z",
                "eventRecordID" : "2250819",
                "threadID" : "1880",
                "computer" : "CHPIYR2",
                "task" : "12544",
                "processID" : "1832",
                "severityValue" : "AUDIT_SUCCESS",
                "providerName" : "Microsoft-Windows-Security-Auditing"
              }
            }
          },
          "rule" : {
            "mail" : false,
            "level" : 3,
            "hipaa" : [
              "164.312.b"
            ],
            "pci_dss" : [
              "10.2.5"
            ],
            "tsc" : [
              "CC6.8",
              "CC7.2",
              "CC7.3"
            ],
            "description" : "Windows logon success.",
            "groups" : [
              "windows",
              "windows_security",
              "authentication_success"
            ],
            "nist_800_53" : [
              "AC.7",
              "AU.14"
            ],
            "gdpr" : [
              "IV_32.2"
            ],
            "firedtimes" : 12,
            "mitre" : {
              "technique" : [
                "Valid Accounts"
              ],
              "id" : [
                "T1078"
              ],
              "tactic" : [
                "Defense Evasion",
                "Persistence",
                "Privilege Escalation",
                "Initial Access"
              ]
            },
            "id" : "60106",
            "gpg13" : [
              "7.1",
              "7.2"
            ]
          },
          "decoder" : {
            "name" : "windows_eventchannel"
          },
          "input" : {
            "type" : "log"
          },
          "@timestamp" : "2024-04-22T23:40:14.357Z",
          "location" : "EventChannel",
          "id" : "1713829214.16001450",
          "timestamp" : "2024-04-22T23:40:14.357+0000"
        }
      },
