      {
        "_index" : "wazuh-alerts-4.x-2024.05.15",
        "_id" : "eZ7Ie48BFz3DvWCk8N42",
        "_score" : 0.0,
        "_source" : {
          "cluster" : {
            "node" : "node01",
            "name" : "wazuh"
          },
          "agent" : {
            "ip" : "192.168.1.216",
            "name" : "chpiyr2",
            "id" : "014"
          },
          "manager" : {
            "name" : "wazuh-server"
          },
          "data" : {
            "win" : {
              "eventdata" : {
                "subjectLogonId" : "0x3e7",
                "subjectDomainName" : "WORKGROUP",
                "targetLinkedLogonId" : "0x0",
                "impersonationLevel" : "%%1833",
                "authenticationPackageName" : "Negotiate",
                "targetLogonId" : "0x3e7",
                "logonProcessName" : "Advapi",
                "logonGuid" : "{00000000-0000-0000-0000-000000000000}",
                "targetUserName" : "SYSTEM",
                "keyLength" : "0",
                "elevatedToken" : "%%1842",
                "subjectUserSid" : "S-1-5-18",
                "processId" : "0x714",
                "processName" : "C:\\\\Windows\\\\System32\\\\services.exe",
                "targetDomainName" : "NT AUTHORITY",
                "targetUserSid" : "S-1-5-18",
                "virtualAccount" : "%%1843",
                "logonType" : "5",
                "subjectUserName" : "CHPIYR2$"
              },
              "system" : {
                "eventID" : "4624",
                "keywords" : "0x8020000000000000",
                "providerGuid" : "{54849625-5478-4994-a5ba-3e3b0328c30d}",
                "level" : "0",
                "channel" : "Security",
                "opcode" : "0",
                "message" : "\"帳戶已順利登入。\r\n\r\n主體:\r\n\t安全性識別碼:\t\tS-1-5-18\r\n\tA帳戶名稱:\t\tCHPIYR2$\r\n\t帳戶網域:\t\tWORKGROUP\r\n\t登入識別碼:\t\t0x3E7\r\n\r\n登入資訊:\r\n\t登入類型:\t\t5\r\n\t受限制的系統管理模式:\t-\r\n\tRemote Credential Guard:\t-\r\n\t虛擬帳戶:\t\t否\r\n\t提高權限的權杖:\t\t是\r\n\r\n模擬層級:\t\t模擬\r\n\r\n新登入:\r\n\t安全性識別碼:\t\tS-1-5-18\r\n\t帳戶名稱:\t\tSYSTEM\r\n\t帳戶網域:\t\tNT AUTHORITY\r\n\t登入識別碼:\t\t0x3E7\r\n\t連結的登入識別碼:\t\t0x0\r\n\t網路帳戶名稱:\t-\r\n\t網路帳戶網域:\t-\r\n\t登入 GUID:\t\t{00000000-0000-0000-0000-000000000000}\r\n\r\n處理程序資訊:\r\n\t處理程序識別碼:\t\t0x714\r\n\t處理程序名稱:\t\tC:\\Windows\\System32\\services.exe\r\n\r\n網路資訊:\r\n\t工作站名稱:\t-\r\n\t來源網路位址:\t-\r\n\t來源連接埠:\t\t-\r\n\r\n詳細的驗證資訊:\r\n\t登入處理程序:\t\tAdvapi  \r\n\t驗證封裝:\tNegotiate\r\n\t轉送的服務:\t-\r\n\t封裝名稱 (僅 NTLM):\t-\r\n\t金鑰長度:\t\t0\r\n\r\n建立登入工作階段時會產生此事件。它是在所存取的電腦上產生。\r\n\r\n主體欄位指出要求登入之本機系統上的帳戶。這通常是發生在服務 (例如伺服器服務) 或是本機處理程序 (例如 Winlogon.exe 或 Services.exe)。\r\n\r\n登入類型欄位指出發生的登入類型。最常見的類型是 2 (互動式) 與 3 (網路)。\r\n\r\n新登入欄位指出是哪個帳戶建立新登入，例如登入的帳戶。\r\n\r\n網路欄位指出遠端登入要求的來源。工作站名稱並非一律可用，在某些情況下可能會是空白。\r\n\r\n模擬層級欄位指出登入工作階段中的處理程序可以模擬的範圍。\r\n\r\n驗證資訊欄位提供關於此特定登入要求的詳細資訊。\r\n\t- 登入 GUID 是唯一識別碼，可用於關聯這個事件與 KDC 事件。\r\n\t- 轉送的服務指出哪一個中介服務已經加入這個登入要求。\r\n\t- 封裝名稱指出在 NTLM 通訊協定中使用哪一個子協定。\r\n\t- 金鑰長度指出產生的工作階段金鑰長度。如果沒有要求工作階段金鑰則為 0。\"",
                "version" : "3",
                "systemTime" : "2024-05-15T10:25:08.2853282Z",
                "eventRecordID" : "3260982",
                "threadID" : "1956",
                "computer" : "CHPIYR2",
                "task" : "12544",
                "processID" : "1848",
                "severityValue" : "AUDIT_SUCCESS",
                "providerName" : "Microsoft-Windows-Security-Auditing"
              }
            }
          },
          "rule" : {
            "mail" : false,
            "level" : 3,
            "hipaa" : [
              "164.312.b"
            ],
            "pci_dss" : [
              "10.2.5"
            ],
            "tsc" : [
              "CC6.8",
              "CC7.2",
              "CC7.3"
            ],
            "description" : "Windows logon success.",
            "groups" : [
              "windows",
              "windows_security",
              "authentication_success"
            ],
            "nist_800_53" : [
              "AC.7",
              "AU.14"
            ],
            "gdpr" : [
              "IV_32.2"
            ],
            "firedtimes" : 33,
            "mitre" : {
              "technique" : [
                "Valid Accounts"
              ],
              "id" : [
                "T1078"
              ],
              "tactic" : [
                "Defense Evasion",
                "Persistence",
                "Privilege Escalation",
                "Initial Access"
              ]
            },
            "id" : "60106",
            "gpg13" : [
              "7.1",
              "7.2"
            ]
          },
          "decoder" : {
            "name" : "windows_eventchannel"
          },
          "input" : {
            "type" : "log"
          },
          "@timestamp" : "2024-05-15T10:25:10.218Z",
          "location" : "EventChannel",
          "id" : "1715768710.9698319",
          "timestamp" : "2024-05-15T10:25:10.218+0000"
        }
      },
      {
        "_index" : "wazuh-alerts-4.x-2024.05.15",
        "_id" : "rJ7Ke48BFz3DvWCkpd69",
        "_score" : 0.0,
        "_source" : {
          "cluster" : {
            "node" : "node01",
            "name" : "wazuh"
          },
          "agent" : {
            "ip" : "192.168.1.216",
            "name" : "chpiyr2",
            "id" : "014"
          },
          "manager" : {
            "name" : "wazuh-server"
          },
          "data" : {
            "win" : {
              "eventdata" : {
                "subjectLogonId" : "0x3e7",
                "subjectDomainName" : "WORKGROUP",
                "targetLinkedLogonId" : "0x0",
                "impersonationLevel" : "%%1833",
                "authenticationPackageName" : "Negotiate",
                "targetLogonId" : "0x3e7",
                "logonProcessName" : "Advapi",
                "logonGuid" : "{00000000-0000-0000-0000-000000000000}",
                "targetUserName" : "SYSTEM",
                "keyLength" : "0",
                "elevatedToken" : "%%1842",
                "subjectUserSid" : "S-1-5-18",
                "processId" : "0x72c",
                "processName" : "C:\\\\Windows\\\\System32\\\\services.exe",
                "targetDomainName" : "NT AUTHORITY",
                "targetUserSid" : "S-1-5-18",
                "virtualAccount" : "%%1843",
                "logonType" : "5",
                "subjectUserName" : "CHPIYR2$"
              },
              "system" : {
                "eventID" : "4624",
                "keywords" : "0x8020000000000000",
                "providerGuid" : "{54849625-5478-4994-a5ba-3e3b0328c30d}",
                "level" : "0",
                "channel" : "Security",
                "opcode" : "0",
                "message" : "\"帳戶已順利登入。\r\n\r\n主體:\r\n\t安全性識別碼:\t\tS-1-5-18\r\n\tA帳戶名稱:\t\tCHPIYR2$\r\n\t帳戶網域:\t\tWORKGROUP\r\n\t登入識別碼:\t\t0x3E7\r\n\r\n登入資訊:\r\n\t登入類型:\t\t5\r\n\t受限制的系統管理模式:\t-\r\n\tRemote Credential Guard:\t-\r\n\t虛擬帳戶:\t\t否\r\n\t提高權限的權杖:\t\t是\r\n\r\n模擬層級:\t\t模擬\r\n\r\n新登入:\r\n\t安全性識別碼:\t\tS-1-5-18\r\n\t帳戶名稱:\t\tSYSTEM\r\n\t帳戶網域:\t\tNT AUTHORITY\r\n\t登入識別碼:\t\t0x3E7\r\n\t連結的登入識別碼:\t\t0x0\r\n\t網路帳戶名稱:\t-\r\n\t網路帳戶網域:\t-\r\n\t登入 GUID:\t\t{00000000-0000-0000-0000-000000000000}\r\n\r\n處理程序資訊:\r\n\t處理程序識別碼:\t\t0x72c\r\n\t處理程序名稱:\t\tC:\\Windows\\System32\\services.exe\r\n\r\n網路資訊:\r\n\t工作站名稱:\t-\r\n\t來源網路位址:\t-\r\n\t來源連接埠:\t\t-\r\n\r\n詳細的驗證資訊:\r\n\t登入處理程序:\t\tAdvapi  \r\n\t驗證封裝:\tNegotiate\r\n\t轉送的服務:\t-\r\n\t封裝名稱 (僅 NTLM):\t-\r\n\t金鑰長度:\t\t0\r\n\r\n建立登入工作階段時會產生此事件。它是在所存取的電腦上產生。\r\n\r\n主體欄位指出要求登入之本機系統上的帳戶。這通常是發生在服務 (例如伺服器服務) 或是本機處理程序 (例如 Winlogon.exe 或 Services.exe)。\r\n\r\n登入類型欄位指出發生的登入類型。最常見的類型是 2 (互動式) 與 3 (網路)。\r\n\r\n新登入欄位指出是哪個帳戶建立新登入，例如登入的帳戶。\r\n\r\n網路欄位指出遠端登入要求的來源。工作站名稱並非一律可用，在某些情況下可能會是空白。\r\n\r\n模擬層級欄位指出登入工作階段中的處理程序可以模擬的範圍。\r\n\r\n驗證資訊欄位提供關於此特定登入要求的詳細資訊。\r\n\t- 登入 GUID 是唯一識別碼，可用於關聯這個事件與 KDC 事件。\r\n\t- 轉送的服務指出哪一個中介服務已經加入這個登入要求。\r\n\t- 封裝名稱指出在 NTLM 通訊協定中使用哪一個子協定。\r\n\t- 金鑰長度指出產生的工作階段金鑰長度。如果沒有要求工作階段金鑰則為 0。\"",
                "version" : "3",
                "systemTime" : "2024-05-15T10:27:01.4675344Z",
                "eventRecordID" : "3261857",
                "threadID" : "1976",
                "computer" : "CHPIYR2",
                "task" : "12544",
                "processID" : "1872",
                "severityValue" : "AUDIT_SUCCESS",
                "providerName" : "Microsoft-Windows-Security-Auditing"
              }
            }
          },
          "rule" : {
            "mail" : false,
            "level" : 3,
            "hipaa" : [
              "164.312.b"
            ],
            "pci_dss" : [
              "10.2.5"
            ],
            "tsc" : [
              "CC6.8",
              "CC7.2",
              "CC7.3"
            ],
            "description" : "Windows logon success.",
            "groups" : [
              "windows",
              "windows_security",
              "authentication_success"
            ],
            "nist_800_53" : [
              "AC.7",
              "AU.14"
            ],
            "gdpr" : [
              "IV_32.2"
            ],
            "firedtimes" : 36,
            "mitre" : {
              "technique" : [
                "Valid Accounts"
              ],
              "id" : [
                "T1078"
              ],
              "tactic" : [
                "Defense Evasion",
                "Persistence",
                "Privilege Escalation",
                "Initial Access"
              ]
            },
            "id" : "60106",
            "gpg13" : [
              "7.1",
              "7.2"
            ]
          },
          "decoder" : {
            "name" : "windows_eventchannel"
          },
          "input" : {
            "type" : "log"
          },
          "@timestamp" : "2024-05-15T10:27:07.459Z",
          "location" : "EventChannel",
          "id" : "1715768827.9734019",
          "timestamp" : "2024-05-15T10:27:07.459+0000"
        }
      },
      {
        "_index" : "wazuh-alerts-4.x-2024.05.15",
        "_id" : "PJ7Ge48BFz3DvWCk5N7A",
        "_score" : 0.0,
        "_source" : {
          "cluster" : {
            "node" : "node01",
            "name" : "wazuh"
          },
          "agent" : {
            "ip" : "192.168.1.216",
            "name" : "chpiyr2",
            "id" : "014"
          },
          "manager" : {
            "name" : "wazuh-server"
          },
          "data" : {
            "win" : {
              "eventdata" : {
                "subjectLogonId" : "0x3e7",
                "targetUserName" : "__vmware__",
                "subjectUserSid" : "S-1-5-18",
                "subjectDomainName" : "WORKGROUP",
                "samAccountName" : "__vmware__",
                "targetDomainName" : "CHPIYR2",
                "targetSid" : "S-1-5-21-2544888737-179973029-3458687457-1009",
                "subjectUserName" : "CHPIYR2$"
              },
              "system" : {
                "eventID" : "4731",
                "keywords" : "0x8020000000000000",
                "providerGuid" : "{54849625-5478-4994-a5ba-3e3b0328c30d}",
                "level" : "0",
                "channel" : "Security",
                "opcode" : "0",
                "message" : "\"已建立安全性啟用本機群組。\r\n\r\n主旨:\r\n\t安全性識別碼:\t\tS-1-5-18\r\n\t帳戶名稱:\t\tCHPIYR2$\r\n\t帳戶網域:\t\tWORKGROUP\r\n\t登入識別碼:\t\t0x3E7\r\n\r\n新群組:\r\n\t安全性識別碼:\t\tS-1-5-21-2544888737-179973029-3458687457-1009\r\n\t群組名稱:\t\t__vmware__\r\n\t群組網域:\t\tCHPIYR2\r\n\r\n屬性:\r\n\tSAM 帳戶名稱:\t__vmware__\r\n\tSID 歷程記錄:\t\t-\r\n\r\n其他資訊:\r\n\t特殊權限:\t\t-\"",
                "version" : "0",
                "systemTime" : "2024-05-15T10:22:52.1273990Z",
                "eventRecordID" : "3260782",
                "threadID" : "1956",
                "computer" : "CHPIYR2",
                "task" : "13826",
                "processID" : "1848",
                "severityValue" : "AUDIT_SUCCESS",
                "providerName" : "Microsoft-Windows-Security-Auditing"
              }
            }
          },
          "rule" : {
            "mail" : false,
            "level" : 5,
            "hipaa" : [
              "164.312.a.2.I",
              "164.312.a.2.II",
              "164.312.b"
            ],
            "pci_dss" : [
              "10.2.5",
              "8.1.2"
            ],
            "tsc" : [
              "CC6.8",
              "CC7.2",
              "CC7.3"
            ],
            "description" : "Security enabled local group created .",
            "groups" : [
              "windows",
              "windows_security",
              "group_created",
              "win_group_created"
            ],
            "nist_800_53" : [
              "AC.2",
              "AC.7",
              "AU.14",
              "IA.4"
            ],
            "gdpr" : [
              "IV_32.2",
              "IV_35.7.d"
            ],
            "firedtimes" : 1,
            "mitre" : {
              "technique" : [
                "Domain Policy Modification"
              ],
              "id" : [
                "T1484"
              ],
              "tactic" : [
                "Defense Evasion",
                "Privilege Escalation"
              ]
            },
            "id" : "60143",
            "gpg13" : [
              "7.10"
            ]
          },
          "decoder" : {
            "name" : "windows_eventchannel"
          },
          "input" : {
            "type" : "log"
          },
          "@timestamp" : "2024-05-15T10:22:54.063Z",
          "location" : "EventChannel",
          "id" : "1715768574.9634029",
          "timestamp" : "2024-05-15T10:22:54.063+0000"
        }
      },
      {
        "_index" : "wazuh-alerts-4.x-2024.05.15",
        "_id" : "PZ7Ge48BFz3DvWCk5N7A",
        "_score" : 0.0,
        "_source" : {
          "cluster" : {
            "node" : "node01",
            "name" : "wazuh"
          },
          "agent" : {
            "ip" : "192.168.1.216",
            "name" : "chpiyr2",
            "id" : "014"
          },
          "manager" : {
            "name" : "wazuh-server"
          },
          "data" : {
            "win" : {
              "eventdata" : {
                "subjectLogonId" : "0x3e7",
                "targetUserName" : "__vmware__",
                "subjectUserSid" : "S-1-5-18",
                "subjectDomainName" : "WORKGROUP",
                "targetDomainName" : "CHPIYR2",
                "targetSid" : "S-1-5-21-2544888737-179973029-3458687457-1009",
                "subjectUserName" : "CHPIYR2$"
              },
              "system" : {
                "eventID" : "4735",
                "keywords" : "0x8020000000000000",
                "providerGuid" : "{54849625-5478-4994-a5ba-3e3b0328c30d}",
                "level" : "0",
                "channel" : "Security",
                "opcode" : "0",
                "message" : "\"已變更安全性啟用本機群組。\r\n\r\n主旨:\r\n\t安全性識別碼:\t\tS-1-5-18\r\n\t帳戶名稱:\t\tCHPIYR2$\r\n\t帳戶網域:\t\tWORKGROUP\r\n\t登入識別碼:\t\t0x3E7\r\n\r\n群組:\r\n\t安全性識別碼:\t\tS-1-5-21-2544888737-179973029-3458687457-1009\r\n\t群組名稱:\t\t__vmware__\r\n\t群組網域:\t\tCHPIYR2\r\n\r\n變更的屬性:\r\n\tSAM 帳戶名稱:\t-\r\n\tSID 歷程記錄:\t\t-\r\n\r\n其他資訊:\r\n\t特殊權限:\t\t-\"",
                "version" : "0",
                "systemTime" : "2024-05-15T10:22:52.1275639Z",
                "eventRecordID" : "3260783",
                "threadID" : "1956",
                "computer" : "CHPIYR2",
                "task" : "13826",
                "processID" : "1848",
                "severityValue" : "AUDIT_SUCCESS",
                "providerName" : "Microsoft-Windows-Security-Auditing"
              }
            }
          },
          "rule" : {
            "mail" : false,
            "level" : 5,
            "hipaa" : [
              "164.312.a.2.I",
              "164.312.a.2.II",
              "164.312.b"
            ],
            "pci_dss" : [
              "10.2.5",
              "8.1.2"
            ],
            "tsc" : [
              "CC6.8",
              "CC7.2",
              "CC7.3"
            ],
            "description" : "Security enabled local group changed.",
            "groups" : [
              "windows",
              "windows_security",
              "group_changed",
              "win_group_changed"
            ],
            "nist_800_53" : [
              "AC.2",
              "AC.7",
              "AU.14",
              "IA.4"
            ],
            "gdpr" : [
              "IV_32.2",
              "IV_35.7.d"
            ],
            "firedtimes" : 1,
            "mitre" : {
              "technique" : [
                "Domain Policy Modification"
              ],
              "id" : [
                "T1484"
              ],
              "tactic" : [
                "Defense Evasion",
                "Privilege Escalation"
              ]
            },
            "id" : "60147",
            "gpg13" : [
              "7.10"
            ]
          },
          "decoder" : {
            "name" : "windows_eventchannel"
          },
          "input" : {
            "type" : "log"
          },
          "@timestamp" : "2024-05-15T10:22:54.072Z",
          "location" : "EventChannel",
          "id" : "1715768574.9636914",
          "timestamp" : "2024-05-15T10:22:54.072+0000"
        }
      },
      {
        "_index" : "wazuh-alerts-4.x-2024.05.15",
        "_id" : "RJ7Ge48BFz3DvWCk7N6Q",
        "_score" : 0.0,
        "_source" : {
          "cluster" : {
            "node" : "node01",
            "name" : "wazuh"
          },
          "agent" : {
            "ip" : "192.168.1.216",
            "name" : "chpiyr2",
            "id" : "014"
          },
          "manager" : {
            "name" : "wazuh-server"
          },
          "data" : {
            "win" : {
              "eventdata" : {
                "serviceType" : "核心模式驅動程式",
                "imagePath" : "\\\\SystemRoot\\\\system32\\\\DRIVERS\\\\vmnetbridge.sys",
                "startType" : "自動啟動",
                "serviceName" : "VMware Bridge Protocol"
              },
              "system" : {
                "eventID" : "7045",
                "eventSourceName" : "Service Control Manager",
                "keywords" : "0x8080000000000000",
                "providerGuid" : "{555908d1-a6d7-4695-8e1e-26931d2012f4}",
                "level" : "4",
                "channel" : "System",
                "opcode" : "0",
                "message" : "\"服務已經安裝在系統中。\r\n\r\n服務名稱:  VMware Bridge Protocol\r\n服務檔案名稱:  \\SystemRoot\\system32\\DRIVERS\\vmnetbridge.sys\r\n服務類型:  核心模式驅動程式\r\n服務啟動類型:  自動啟動\r\n服務帳戶:  \"",
                "version" : "0",
                "systemTime" : "2024-05-15T10:23:00.9776913Z",
                "eventRecordID" : "322676",
                "threadID" : "33512",
                "computer" : "CHPIYR2",
                "task" : "0",
                "processID" : "1812",
                "severityValue" : "INFORMATION",
                "providerName" : "Service Control Manager"
              }
            }
          },
          "rule" : {
            "firedtimes" : 5,
            "mail" : false,
            "level" : 5,
            "description" : "New Windows Service Created",
            "groups" : [
              "windows",
              "windows_system"
            ],
            "mitre" : {
              "technique" : [
                "Windows Service"
              ],
              "id" : [
                "T1543.003"
              ],
              "tactic" : [
                "Persistence",
                "Privilege Escalation"
              ]
            },
            "id" : "61138"
          },
          "decoder" : {
            "name" : "windows_eventchannel"
          },
          "input" : {
            "type" : "log"
          },
          "@timestamp" : "2024-05-15T10:23:02.903Z",
          "location" : "EventChannel",
          "id" : "1715768582.9662347",
          "timestamp" : "2024-05-15T10:23:02.903+0000"
        }
      },
      {
        "_index" : "wazuh-alerts-4.x-2024.05.15",
        "_id" : "RZ7Ge48BFz3DvWCk7N6Q",
        "_score" : 0.0,
        "_source" : {
          "cluster" : {
            "node" : "node01",
            "name" : "wazuh"
          },
          "agent" : {
            "ip" : "192.168.1.216",
            "name" : "chpiyr2",
            "id" : "014"
          },
          "manager" : {
            "name" : "wazuh-server"
          },
          "data" : {
            "win" : {
              "eventdata" : {
                "serviceType" : "核心模式驅動程式",
                "imagePath" : "\\\\SystemRoot\\\\system32\\\\DRIVERS\\\\vmnetuserif.sys",
                "startType" : "自動啟動",
                "serviceName" : "VMware Virtual Ethernet Userif for VMnet"
              },
              "system" : {
                "eventID" : "7045",
                "eventSourceName" : "Service Control Manager",
                "keywords" : "0x8080000000000000",
                "providerGuid" : "{555908d1-a6d7-4695-8e1e-26931d2012f4}",
                "level" : "4",
                "channel" : "System",
                "opcode" : "0",
                "message" : "\"服務已經安裝在系統中。\r\n\r\n服務名稱:  VMware Virtual Ethernet Userif for VMnet\r\n服務檔案名稱:  \\SystemRoot\\system32\\DRIVERS\\vmnetuserif.sys\r\n服務類型:  核心模式驅動程式\r\n服務啟動類型:  自動啟動\r\n服務帳戶:  \"",
                "version" : "0",
                "systemTime" : "2024-05-15T10:23:01.8492408Z",
                "eventRecordID" : "322678",
                "threadID" : "28056",
                "computer" : "CHPIYR2",
                "task" : "0",
                "processID" : "1812",
                "severityValue" : "INFORMATION",
                "providerName" : "Service Control Manager"
              }
            }
          },
          "rule" : {
            "firedtimes" : 6,
            "mail" : false,
            "level" : 5,
            "description" : "New Windows Service Created",
            "groups" : [
              "windows",
              "windows_system"
            ],
            "mitre" : {
              "technique" : [
                "Windows Service"
              ],
              "id" : [
                "T1543.003"
              ],
              "tactic" : [
                "Persistence",
                "Privilege Escalation"
              ]
            },
            "id" : "61138"
          },
          "decoder" : {
            "name" : "windows_eventchannel"
          },
          "input" : {
            "type" : "log"
          },
          "@timestamp" : "2024-05-15T10:23:02.982Z",
          "location" : "EventChannel",
          "id" : "1715768582.9664420",
          "timestamp" : "2024-05-15T10:23:02.982+0000"
        }
      },
      {
        "_index" : "wazuh-alerts-4.x-2024.05.15",
        "_id" : "FJ7Fe48BFz3DvWCkrN47",
        "_score" : 0.0,
        "_source" : {
          "cluster" : {
            "node" : "node01",
            "name" : "wazuh"
          },
          "agent" : {
            "ip" : "192.168.1.216",
            "name" : "chpiyr2",
            "id" : "014"
          },
          "manager" : {
            "name" : "wazuh-server"
          },
          "data" : {
            "win" : {
              "eventdata" : {
                "param3" : "關閉",
                "param4" : "vmci",
                "param1" : "VMware VMCI Bus Driver",
                "param2" : "開機啟動"
              },
              "system" : {
                "eventID" : "7040",
                "eventSourceName" : "Service Control Manager",
                "keywords" : "0x8080000000000000",
                "providerGuid" : "{555908d1-a6d7-4695-8e1e-26931d2012f4}",
                "level" : "4",
                "channel" : "System",
                "opcode" : "0",
                "message" : "\"VMware VMCI Bus Driver 服務的啟動類型已從 開機啟動 變更為 關閉。\"",
                "version" : "0",
                "systemTime" : "2024-05-15T10:21:38.7232986Z",
                "eventRecordID" : "322663",
                "threadID" : "33512",
                "computer" : "CHPIYR2",
                "task" : "0",
                "processID" : "1812",
                "severityValue" : "INFORMATION",
                "providerName" : "Service Control Manager"
              }
            }
          },
          "rule" : {
            "firedtimes" : 2,
            "mail" : false,
            "level" : 3,
            "pci_dss" : [
              "10.6"
            ],
            "hipaa" : [
              "164.312.b"
            ],
            "tsc" : [
              "CC6.1",
              "CC6.8",
              "CC7.2",
              "CC7.3"
            ],
            "description" : "Service startup type was changed",
            "groups" : [
              "windows",
              "windows_system",
              "policy_changed"
            ],
            "id" : "61104",
            "nist_800_53" : [
              "AU.6"
            ],
            "info" : "This does not appear to be logged on Windows 2000",
            "gdpr" : [
              "IV_35.7.d"
            ]
          },
          "decoder" : {
            "name" : "windows_eventchannel"
          },
          "input" : {
            "type" : "log"
          },
          "@timestamp" : "2024-05-15T10:21:39.790Z",
          "location" : "EventChannel",
          "id" : "1715768499.9629651",
          "timestamp" : "2024-05-15T10:21:39.790+0000"
        }
      },
      {
        "_index" : "wazuh-alerts-4.x-2024.05.15",
        "_id" : "Y57Ie48BFz3DvWCkZ96C",
        "_score" : 0.0,
        "_source" : {
          "cluster" : {
            "node" : "node01",
            "name" : "wazuh"
          },
          "agent" : {
            "ip" : "192.168.1.216",
            "name" : "chpiyr2",
            "id" : "014"
          },
          "manager" : {
            "name" : "wazuh-server"
          },
          "data" : {
            "win" : {
              "eventdata" : {
                "data" : "\\\\Device\\\\Harddisk2\\\\DR2",
                "binary" : "0F00800001000000000000000B0004C0030100000000000000000000160000000000000000000000F9B51C0000000000FFFFFFFF06000000580000050000000000000612280108000000000073000000000000000000000000C2F0580EACFFFF0000000000000000A0DADD660EACFFFF000000000000000000000000000000001B000000010000000000000000000000000000000000000000000000000000000000000000000000"
              },
              "system" : {
                "eventID" : "11",
                "keywords" : "0x80000000000000",
                "level" : "2",
                "channel" : "System",
                "opcode" : "0",
                "message" : "\"驅動程式在 \\Device\\Harddisk2\\DR2 上偵測到控制器錯誤。\"",
                "version" : "0",
                "systemTime" : "2024-05-15T10:24:30.8748577Z",
                "eventRecordID" : "322693",
                "threadID" : "26768",
                "computer" : "CHPIYR2",
                "task" : "0",
                "processID" : "4",
                "severityValue" : "ERROR",
                "providerName" : "disk"
              }
            }
          },
          "rule" : {
            "firedtimes" : 2,
            "mail" : false,
            "level" : 5,
            "description" : "Windows System error event",
            "groups" : [
              "windows",
              "windows_system",
              "system_error"
            ],
            "id" : "61102",
            "gpg13" : [
              "4.3"
            ],
            "gdpr" : [
              "IV_35.7.d"
            ]
          },
          "decoder" : {
            "name" : "windows_eventchannel"
          },
          "input" : {
            "type" : "log"
          },
          "@timestamp" : "2024-05-15T10:24:32.886Z",
          "location" : "EventChannel",
          "id" : "1715768672.9696434",
          "timestamp" : "2024-05-15T10:24:32.886+0000"
        }
      },
      {
        "_index" : "wazuh-alerts-4.x-2024.05.15",
        "_id" : "rZ7Ke48BFz3DvWCk4N5V",
        "_score" : 0.0,
        "_source" : {
          "cluster" : {
            "node" : "node01",
            "name" : "wazuh"
          },
          "agent" : {
            "ip" : "192.168.1.216",
            "name" : "chpiyr2",
            "id" : "014"
          },
          "manager" : {
            "name" : "wazuh-server"
          },
          "data" : {
            "win" : {
              "eventdata" : {
                "data" : "2124-04-21T10:27:16Z, RulesEngine"
              },
              "system" : {
                "eventID" : "16384",
                "eventSourceName" : "Software Protection Platform Service",
                "keywords" : "0x80000000000000",
                "providerGuid" : "{E23B33B0-C8C9-472C-A5F9-F2BDFEA0F156}",
                "level" : "4",
                "channel" : "Application",
                "opcode" : "0",
                "message" : "\"順利排程軟體保護服務在 2124-04-21T10:27:16Z 重新啟動。原因: RulesEngine。\"",
                "version" : "0",
                "systemTime" : "2024-05-15T10:27:16.8070028Z",
                "eventRecordID" : "238166",
                "threadID" : "0",
                "computer" : "CHPIYR2",
                "task" : "0",
                "processID" : "23408",
                "severityValue" : "INFORMATION",
                "providerName" : "Microsoft-Windows-Security-SPP"
              }
            }
          },
          "rule" : {
            "firedtimes" : 4,
            "mail" : false,
            "level" : 3,
            "description" : "Software protection service scheduled successfully.",
            "groups" : [
              "windows",
              "windows_application"
            ],
            "id" : "60642"
          },
          "decoder" : {
            "name" : "windows_eventchannel"
          },
          "input" : {
            "type" : "log"
          },
          "@timestamp" : "2024-05-15T10:27:20.203Z",
          "location" : "EventChannel",
          "id" : "1715768840.9740889",
          "timestamp" : "2024-05-15T10:27:20.203+0000"
        }
      },
      {
        "_index" : "wazuh-alerts-4.x-2024.05.15",
        "_id" : "ip7Ue48BFz3DvWCkSt-a",
        "_score" : 0.0,
        "_source" : {
          "cluster" : {
            "node" : "node01",
            "name" : "wazuh"
          },
          "agent" : {
            "ip" : "192.168.1.216",
            "name" : "chpiyr2",
            "id" : "014"
          },
          "manager" : {
            "name" : "wazuh-server"
          },
          "data" : {
            "win" : {
              "eventdata" : {
                "subjectLogonId" : "0x3e7",
                "subjectDomainName" : "WORKGROUP",
                "targetLinkedLogonId" : "0x0",
                "impersonationLevel" : "%%1833",
                "authenticationPackageName" : "Negotiate",
                "targetLogonId" : "0x3e7",
                "logonProcessName" : "Advapi",
                "logonGuid" : "{00000000-0000-0000-0000-000000000000}",
                "targetUserName" : "SYSTEM",
                "keyLength" : "0",
                "elevatedToken" : "%%1842",
                "subjectUserSid" : "S-1-5-18",
                "processId" : "0x72c",
                "processName" : "C:\\\\Windows\\\\System32\\\\services.exe",
                "targetDomainName" : "NT AUTHORITY",
                "targetUserSid" : "S-1-5-18",
                "virtualAccount" : "%%1843",
                "logonType" : "5",
                "subjectUserName" : "CHPIYR2$"
              },
              "system" : {
                "eventID" : "4624",
                "keywords" : "0x8020000000000000",
                "providerGuid" : "{54849625-5478-4994-a5ba-3e3b0328c30d}",
                "level" : "0",
                "channel" : "Security",
                "opcode" : "0",
                "message" : "\"帳戶已順利登入。\r\n\r\n主體:\r\n\t安全性識別碼:\t\tS-1-5-18\r\n\tA帳戶名稱:\t\tCHPIYR2$\r\n\t帳戶網域:\t\tWORKGROUP\r\n\t登入識別碼:\t\t0x3E7\r\n\r\n登入資訊:\r\n\t登入類型:\t\t5\r\n\t受限制的系統管理模式:\t-\r\n\tRemote Credential Guard:\t-\r\n\t虛擬帳戶:\t\t否\r\n\t提高權限的權杖:\t\t是\r\n\r\n模擬層級:\t\t模擬\r\n\r\n新登入:\r\n\t安全性識別碼:\t\tS-1-5-18\r\n\t帳戶名稱:\t\tSYSTEM\r\n\t帳戶網域:\t\tNT AUTHORITY\r\n\t登入識別碼:\t\t0x3E7\r\n\t連結的登入識別碼:\t\t0x0\r\n\t網路帳戶名稱:\t-\r\n\t網路帳戶網域:\t-\r\n\t登入 GUID:\t\t{00000000-0000-0000-0000-000000000000}\r\n\r\n處理程序資訊:\r\n\t處理程序識別碼:\t\t0x72c\r\n\t處理程序名稱:\t\tC:\\Windows\\System32\\services.exe\r\n\r\n網路資訊:\r\n\t工作站名稱:\t-\r\n\t來源網路位址:\t-\r\n\t來源連接埠:\t\t-\r\n\r\n詳細的驗證資訊:\r\n\t登入處理程序:\t\tAdvapi  \r\n\t驗證封裝:\tNegotiate\r\n\t轉送的服務:\t-\r\n\t封裝名稱 (僅 NTLM):\t-\r\n\t金鑰長度:\t\t0\r\n\r\n建立登入工作階段時會產生此事件。它是在所存取的電腦上產生。\r\n\r\n主體欄位指出要求登入之本機系統上的帳戶。這通常是發生在服務 (例如伺服器服務) 或是本機處理程序 (例如 Winlogon.exe 或 Services.exe)。\r\n\r\n登入類型欄位指出發生的登入類型。最常見的類型是 2 (互動式) 與 3 (網路)。\r\n\r\n新登入欄位指出是哪個帳戶建立新登入，例如登入的帳戶。\r\n\r\n網路欄位指出遠端登入要求的來源。工作站名稱並非一律可用，在某些情況下可能會是空白。\r\n\r\n模擬層級欄位指出登入工作階段中的處理程序可以模擬的範圍。\r\n\r\n驗證資訊欄位提供關於此特定登入要求的詳細資訊。\r\n\t- 登入 GUID 是唯一識別碼，可用於關聯這個事件與 KDC 事件。\r\n\t- 轉送的服務指出哪一個中介服務已經加入這個登入要求。\r\n\t- 封裝名稱指出在 NTLM 通訊協定中使用哪一個子協定。\r\n\t- 金鑰長度指出產生的工作階段金鑰長度。如果沒有要求工作階段金鑰則為 0。\"",
                "version" : "3",
                "systemTime" : "2024-05-15T10:37:29.6877927Z",
                "eventRecordID" : "3262493",
                "threadID" : "1908",
                "computer" : "CHPIYR2",
                "task" : "12544",
                "processID" : "1872",
                "severityValue" : "AUDIT_SUCCESS",
                "providerName" : "Microsoft-Windows-Security-Auditing"
              }
            }
          },
          "rule" : {
            "mail" : false,
            "level" : 3,
            "hipaa" : [
              "164.312.b"
            ],
            "pci_dss" : [
              "10.2.5"
            ],
            "tsc" : [
              "CC6.8",
              "CC7.2",
              "CC7.3"
            ],
            "description" : "Windows logon success.",
            "groups" : [
              "windows",
              "windows_security",
              "authentication_success"
            ],
            "nist_800_53" : [
              "AC.7",
              "AU.14"
            ],
            "gdpr" : [
              "IV_32.2"
            ],
            "firedtimes" : 49,
            "mitre" : {
              "technique" : [
                "Valid Accounts"
              ],
              "id" : [
                "T1078"
              ],
              "tactic" : [
                "Defense Evasion",
                "Persistence",
                "Privilege Escalation",
                "Initial Access"
              ]
            },
            "id" : "60106",
            "gpg13" : [
              "7.1",
              "7.2"
            ]
          },
          "decoder" : {
            "name" : "windows_eventchannel"
          },
          "input" : {
            "type" : "log"
          },
          "@timestamp" : "2024-05-15T10:37:31.711Z",
          "location" : "EventChannel",
          "id" : "1715769451.9863536",
          "timestamp" : "2024-05-15T10:37:31.711+0000"
        }
      },
      {
        "_index" : "wazuh-alerts-4.x-2024.05.15",
        "_id" : "i57Ue48BFz3DvWCkSt-a",
        "_score" : 0.0,
        "_source" : {
          "cluster" : {
            "node" : "node01",
            "name" : "wazuh"
          },
          "agent" : {
            "ip" : "192.168.1.216",
            "name" : "chpiyr2",
            "id" : "014"
          },
          "manager" : {
            "name" : "wazuh-server"
          },
          "data" : {
            "win" : {
              "eventdata" : {
                "p1" : "UIHost.exe",
                "p2" : "4.1.1.859",
                "rechecking" : "0",
                "p3" : "65957eb8",
                "attachedFiles" : "  \\\\\\\\?\\\\C:\\\\ProgramData\\\\Microsoft\\\\Windows\\\\WER\\\\Temp\\\\WER.8447432d-b896-42fc-8c00-030ac589047d.tmp.mdmp  \\\\\\\\?\\\\C:\\\\ProgramData\\\\Microsoft\\\\Windows\\\\WER\\\\Temp\\\\WER.dde29028-c625-4f52-96cc-5d85d455bc15.tmp.WERInternalMetadata.xml  \\\\\\\\?\\\\C:\\\\ProgramData\\\\Microsoft\\\\Windows\\\\WER\\\\Temp\\\\WER.a24536a5-341e-4ad8-bab5-fce9aad0e913.tmp.csv  \\\\\\\\?\\\\C:\\\\ProgramData\\\\Microsoft\\\\Windows\\\\WER\\\\Temp\\\\WER.1fb0452e-3d72-4867-9f81-13529560c3d4.tmp.txt  \\\\\\\\?\\\\C:\\\\Users\\\\PoTingLU\\\\AppData\\\\Local\\\\Temp\\\\WER.6a801c58-31fc-43fb-ba04-333c13864c2e.tmp.appcompat.txt  \\\\\\\\?\\\\C:\\\\ProgramData\\\\Microsoft\\\\Windows\\\\WER\\\\Temp\\\\WER.6e3d1e75-5302-4a9b-8a5f-bb84b04ab074.tmp.xml",
                "p4" : "DSREG.DLL_unloaded",
                "reportId" : "90998ca7-3e40-4167-963d-7f1c39cd8cc7",
                "p5" : "10.0.22621.2506",
                "p6" : "37b00de2",
                "p7" : "0000000000051bb0",
                "p8" : "c0000005",
                "p9" : "0000000000000008",
                "reportStatus" : "102",
                "storePath" : "\\\\\\\\?\\\\C:\\\\ProgramData\\\\Microsoft\\\\Windows\\\\WER\\\\ReportQueue\\\\AppCrash_UIHost.exe_fdd4c8933634103ca78abb63f0d82e7404cb8_117cc9cf_cab_a81cc5f8-27af-4701-998a-c856839f2cde",
                "bucketType" : "0",
                "response" : "無法使用",
                "eventName" : "BEX64",
                "cabGuid" : "0",
                "cabId" : "0"
              },
              "system" : {
                "eventID" : "1001",
                "keywords" : "0x8000000000000000",
                "providerGuid" : "{0ead09bd-2157-539a-8d6d-c87f95b64d70}",
                "level" : "4",
                "channel" : "Application",
                "opcode" : "0",
                "message" : "\"錯誤容器 ，類型 0\r\n事件名稱: BEX64\r\n回應: 無法使用\r\nCab 識別碼: 0\r\n\r\n問題簽章:\r\nP1: UIHost.exe\r\nP2: 4.1.1.859\r\nP3: 65957eb8\r\nP4: DSREG.DLL_unloaded\r\nP5: 10.0.22621.2506\r\nP6: 37b00de2\r\nP7: 0000000000051bb0\r\nP8: c0000005\r\nP9: 0000000000000008\r\nP10: \r\n\r\n附加檔案:\r\n\\\\?\\C:\\ProgramData\\Microsoft\\Windows\\WER\\Temp\\WER.8447432d-b896-42fc-8c00-030ac589047d.tmp.mdmp\r\n\\\\?\\C:\\ProgramData\\Microsoft\\Windows\\WER\\Temp\\WER.dde29028-c625-4f52-96cc-5d85d455bc15.tmp.WERInternalMetadata.xml\r\n\\\\?\\C:\\ProgramData\\Microsoft\\Windows\\WER\\Temp\\WER.a24536a5-341e-4ad8-bab5-fce9aad0e913.tmp.csv\r\n\\\\?\\C:\\ProgramData\\Microsoft\\Windows\\WER\\Temp\\WER.1fb0452e-3d72-4867-9f81-13529560c3d4.tmp.txt\r\n\\\\?\\C:\\Users\\PoTingLU\\AppData\\Local\\Temp\\WER.6a801c58-31fc-43fb-ba04-333c13864c2e.tmp.appcompat.txt\r\n\\\\?\\C:\\ProgramData\\Microsoft\\Windows\\WER\\Temp\\WER.6e3d1e75-5302-4a9b-8a5f-bb84b04ab074.tmp.xml\r\n\r\n這些檔案可能在這裡:\r\n\\\\?\\C:\\ProgramData\\Microsoft\\Windows\\WER\\ReportQueue\\AppCrash_UIHost.exe_fdd4c8933634103ca78abb63f0d82e7404cb8_117cc9cf_cab_a81cc5f8-27af-4701-998a-c856839f2cde\r\n\r\n分析符號: \r\n重新檢查解決方案: 0\r\n報告識別碼: 90998ca7-3e40-4167-963d-7f1c39cd8cc7\r\n報告狀態: 102\r\n雜湊化容器: \r\nCab GUID: 0\"",
                "version" : "0",
                "systemTime" : "2024-05-15T10:37:31.2466073Z",
                "eventRecordID" : "238196",
                "threadID" : "25580",
                "computer" : "CHPIYR2",
                "task" : "0",
                "processID" : "21080",
                "severityValue" : "INFORMATION",
                "providerName" : "Windows Error Reporting"
              }
            }
          },
          "rule" : {
            "firedtimes" : 12,
            "mail" : false,
            "level" : 4,
            "description" : "Summary event of the report's signatures.",
            "groups" : [
              "windows",
              "windows_application"
            ],
            "id" : "60608"
          },
          "decoder" : {
            "name" : "windows_eventchannel"
          },
          "input" : {
            "type" : "log"
          },
          "@timestamp" : "2024-05-15T10:37:33.302Z",
          "location" : "EventChannel",
          "id" : "1715769453.9870406",
          "timestamp" : "2024-05-15T10:37:33.302+0000"
        }
      },
      {
        "_index" : "wazuh-alerts-4.x-2024.05.15",
        "_id" : "jJ7Ue48BFz3DvWCkVt9S",
        "_score" : 0.0,
        "_source" : {
          "cluster" : {
            "node" : "node01",
            "name" : "wazuh"
          },
          "agent" : {
            "ip" : "192.168.1.216",
            "name" : "chpiyr2",
            "id" : "014"
          },
          "manager" : {
            "name" : "wazuh-server"
          },
          "data" : {
            "win" : {
              "eventdata" : {
                "subjectLogonId" : "0x3e7",
                "subjectDomainName" : "WORKGROUP",
                "targetLinkedLogonId" : "0x0",
                "impersonationLevel" : "%%1833",
                "authenticationPackageName" : "Negotiate",
                "targetLogonId" : "0x3e7",
                "logonProcessName" : "Advapi",
                "logonGuid" : "{00000000-0000-0000-0000-000000000000}",
                "targetUserName" : "SYSTEM",
                "keyLength" : "0",
                "elevatedToken" : "%%1842",
                "subjectUserSid" : "S-1-5-18",
                "processId" : "0x72c",
                "processName" : "C:\\\\Windows\\\\System32\\\\services.exe",
                "targetDomainName" : "NT AUTHORITY",
                "targetUserSid" : "S-1-5-18",
                "virtualAccount" : "%%1843",
                "logonType" : "5",
                "subjectUserName" : "CHPIYR2$"
              },
              "system" : {
                "eventID" : "4624",
                "keywords" : "0x8020000000000000",
                "providerGuid" : "{54849625-5478-4994-a5ba-3e3b0328c30d}",
                "level" : "0",
                "channel" : "Security",
                "opcode" : "0",
                "message" : "\"帳戶已順利登入。\r\n\r\n主體:\r\n\t安全性識別碼:\t\tS-1-5-18\r\n\tA帳戶名稱:\t\tCHPIYR2$\r\n\t帳戶網域:\t\tWORKGROUP\r\n\t登入識別碼:\t\t0x3E7\r\n\r\n登入資訊:\r\n\t登入類型:\t\t5\r\n\t受限制的系統管理模式:\t-\r\n\tRemote Credential Guard:\t-\r\n\t虛擬帳戶:\t\t否\r\n\t提高權限的權杖:\t\t是\r\n\r\n模擬層級:\t\t模擬\r\n\r\n新登入:\r\n\t安全性識別碼:\t\tS-1-5-18\r\n\t帳戶名稱:\t\tSYSTEM\r\n\t帳戶網域:\t\tNT AUTHORITY\r\n\t登入識別碼:\t\t0x3E7\r\n\t連結的登入識別碼:\t\t0x0\r\n\t網路帳戶名稱:\t-\r\n\t網路帳戶網域:\t-\r\n\t登入 GUID:\t\t{00000000-0000-0000-0000-000000000000}\r\n\r\n處理程序資訊:\r\n\t處理程序識別碼:\t\t0x72c\r\n\t處理程序名稱:\t\tC:\\Windows\\System32\\services.exe\r\n\r\n網路資訊:\r\n\t工作站名稱:\t-\r\n\t來源網路位址:\t-\r\n\t來源連接埠:\t\t-\r\n\r\n詳細的驗證資訊:\r\n\t登入處理程序:\t\tAdvapi  \r\n\t驗證封裝:\tNegotiate\r\n\t轉送的服務:\t-\r\n\t封裝名稱 (僅 NTLM):\t-\r\n\t金鑰長度:\t\t0\r\n\r\n建立登入工作階段時會產生此事件。它是在所存取的電腦上產生。\r\n\r\n主體欄位指出要求登入之本機系統上的帳戶。這通常是發生在服務 (例如伺服器服務) 或是本機處理程序 (例如 Winlogon.exe 或 Services.exe)。\r\n\r\n登入類型欄位指出發生的登入類型。最常見的類型是 2 (互動式) 與 3 (網路)。\r\n\r\n新登入欄位指出是哪個帳戶建立新登入，例如登入的帳戶。\r\n\r\n網路欄位指出遠端登入要求的來源。工作站名稱並非一律可用，在某些情況下可能會是空白。\r\n\r\n模擬層級欄位指出登入工作階段中的處理程序可以模擬的範圍。\r\n\r\n驗證資訊欄位提供關於此特定登入要求的詳細資訊。\r\n\t- 登入 GUID 是唯一識別碼，可用於關聯這個事件與 KDC 事件。\r\n\t- 轉送的服務指出哪一個中介服務已經加入這個登入要求。\r\n\t- 封裝名稱指出在 NTLM 通訊協定中使用哪一個子協定。\r\n\t- 金鑰長度指出產生的工作階段金鑰長度。如果沒有要求工作階段金鑰則為 0。\"",
                "version" : "3",
                "systemTime" : "2024-05-15T10:37:39.7873829Z",
                "eventRecordID" : "3262525",
                "threadID" : "1976",
                "computer" : "CHPIYR2",
                "task" : "12544",
                "processID" : "1872",
                "severityValue" : "AUDIT_SUCCESS",
                "providerName" : "Microsoft-Windows-Security-Auditing"
              }
            }
          },
          "rule" : {
            "mail" : false,
            "level" : 3,
            "hipaa" : [
              "164.312.b"
            ],
            "pci_dss" : [
              "10.2.5"
            ],
            "tsc" : [
              "CC6.8",
              "CC7.2",
              "CC7.3"
            ],
            "description" : "Windows logon success.",
            "groups" : [
              "windows",
              "windows_security",
              "authentication_success"
            ],
            "nist_800_53" : [
              "AC.7",
              "AU.14"
            ],
            "gdpr" : [
              "IV_32.2"
            ],
            "firedtimes" : 50,
            "mitre" : {
              "technique" : [
                "Valid Accounts"
              ],
              "id" : [
                "T1078"
              ],
              "tactic" : [
                "Defense Evasion",
                "Persistence",
                "Privilege Escalation",
                "Initial Access"
              ]
            },
            "id" : "60106",
            "gpg13" : [
              "7.1",
              "7.2"
            ]
          },
          "decoder" : {
            "name" : "windows_eventchannel"
          },
          "input" : {
            "type" : "log"
          },
          "@timestamp" : "2024-05-15T10:37:42.373Z",
          "location" : "EventChannel",
          "id" : "1715769462.9876908",
          "timestamp" : "2024-05-15T10:37:42.373+0000"
        }
      },
      {
        "_index" : "wazuh-alerts-4.x-2024.05.15",
        "_id" : "DZ7Oe48BFz3DvWCkN9_a",
        "_score" : 0.0,
        "_source" : {
          "cluster" : {
            "node" : "node01",
            "name" : "wazuh"
          },
          "agent" : {
            "ip" : "192.168.1.216",
            "name" : "chpiyr2",
            "id" : "014"
          },
          "manager" : {
            "name" : "wazuh-server"
          },
          "data" : {
            "win" : {
              "eventdata" : {
                "subjectLogonId" : "0x3e7",
                "subjectDomainName" : "WORKGROUP",
                "targetLinkedLogonId" : "0x0",
                "impersonationLevel" : "%%1833",
                "authenticationPackageName" : "Negotiate",
                "targetLogonId" : "0x3e7",
                "logonProcessName" : "Advapi",
                "logonGuid" : "{00000000-0000-0000-0000-000000000000}",
                "targetUserName" : "SYSTEM",
                "keyLength" : "0",
                "elevatedToken" : "%%1842",
                "subjectUserSid" : "S-1-5-18",
                "processId" : "0x72c",
                "processName" : "C:\\\\Windows\\\\System32\\\\services.exe",
                "targetDomainName" : "NT AUTHORITY",
                "targetUserSid" : "S-1-5-18",
                "virtualAccount" : "%%1843",
                "logonType" : "5",
                "subjectUserName" : "CHPIYR2$"
              },
              "system" : {
                "eventID" : "4624",
                "keywords" : "0x8020000000000000",
                "providerGuid" : "{54849625-5478-4994-a5ba-3e3b0328c30d}",
                "level" : "0",
                "channel" : "Security",
                "opcode" : "0",
                "message" : "\"帳戶已順利登入。\r\n\r\n主體:\r\n\t安全性識別碼:\t\tS-1-5-18\r\n\tA帳戶名稱:\t\tCHPIYR2$\r\n\t帳戶網域:\t\tWORKGROUP\r\n\t登入識別碼:\t\t0x3E7\r\n\r\n登入資訊:\r\n\t登入類型:\t\t5\r\n\t受限制的系統管理模式:\t-\r\n\tRemote Credential Guard:\t-\r\n\t虛擬帳戶:\t\t否\r\n\t提高權限的權杖:\t\t是\r\n\r\n模擬層級:\t\t模擬\r\n\r\n新登入:\r\n\t安全性識別碼:\t\tS-1-5-18\r\n\t帳戶名稱:\t\tSYSTEM\r\n\t帳戶網域:\t\tNT AUTHORITY\r\n\t登入識別碼:\t\t0x3E7\r\n\t連結的登入識別碼:\t\t0x0\r\n\t網路帳戶名稱:\t-\r\n\t網路帳戶網域:\t-\r\n\t登入 GUID:\t\t{00000000-0000-0000-0000-000000000000}\r\n\r\n處理程序資訊:\r\n\t處理程序識別碼:\t\t0x72c\r\n\t處理程序名稱:\t\tC:\\Windows\\System32\\services.exe\r\n\r\n網路資訊:\r\n\t工作站名稱:\t-\r\n\t來源網路位址:\t-\r\n\t來源連接埠:\t\t-\r\n\r\n詳細的驗證資訊:\r\n\t登入處理程序:\t\tAdvapi  \r\n\t驗證封裝:\tNegotiate\r\n\t轉送的服務:\t-\r\n\t封裝名稱 (僅 NTLM):\t-\r\n\t金鑰長度:\t\t0\r\n\r\n建立登入工作階段時會產生此事件。它是在所存取的電腦上產生。\r\n\r\n主體欄位指出要求登入之本機系統上的帳戶。這通常是發生在服務 (例如伺服器服務) 或是本機處理程序 (例如 Winlogon.exe 或 Services.exe)。\r\n\r\n登入類型欄位指出發生的登入類型。最常見的類型是 2 (互動式) 與 3 (網路)。\r\n\r\n新登入欄位指出是哪個帳戶建立新登入，例如登入的帳戶。\r\n\r\n網路欄位指出遠端登入要求的來源。工作站名稱並非一律可用，在某些情況下可能會是空白。\r\n\r\n模擬層級欄位指出登入工作階段中的處理程序可以模擬的範圍。\r\n\r\n驗證資訊欄位提供關於此特定登入要求的詳細資訊。\r\n\t- 登入 GUID 是唯一識別碼，可用於關聯這個事件與 KDC 事件。\r\n\t- 轉送的服務指出哪一個中介服務已經加入這個登入要求。\r\n\t- 封裝名稱指出在 NTLM 通訊協定中使用哪一個子協定。\r\n\t- 金鑰長度指出產生的工作階段金鑰長度。如果沒有要求工作階段金鑰則為 0。\"",
                "version" : "3",
                "systemTime" : "2024-05-15T10:30:59.2084201Z",
                "eventRecordID" : "3262368",
                "threadID" : "13820",
                "computer" : "CHPIYR2",
                "task" : "12544",
                "processID" : "1872",
                "severityValue" : "AUDIT_SUCCESS",
                "providerName" : "Microsoft-Windows-Security-Auditing"
              }
            }
          },
          "rule" : {
            "mail" : false,
            "level" : 3,
            "hipaa" : [
              "164.312.b"
            ],
            "pci_dss" : [
              "10.2.5"
            ],
            "tsc" : [
              "CC6.8",
              "CC7.2",
              "CC7.3"
            ],
            "description" : "Windows logon success.",
            "groups" : [
              "windows",
              "windows_security",
              "authentication_success"
            ],
            "nist_800_53" : [
              "AC.7",
              "AU.14"
            ],
            "gdpr" : [
              "IV_32.2"
            ],
            "firedtimes" : 45,
            "mitre" : {
              "technique" : [
                "Valid Accounts"
              ],
              "id" : [
                "T1078"
              ],
              "tactic" : [
                "Defense Evasion",
                "Persistence",
                "Privilege Escalation",
                "Initial Access"
              ]
            },
            "id" : "60106",
            "gpg13" : [
              "7.1",
              "7.2"
            ]
          },
          "decoder" : {
            "name" : "windows_eventchannel"
          },
          "input" : {
            "type" : "log"
          },
          "@timestamp" : "2024-05-15T10:31:00.883Z",
          "location" : "EventChannel",
          "id" : "1715769060.9822135",
          "timestamp" : "2024-05-15T10:31:00.883+0000"
        }
      },
