      {
        "_index" : "wazuh-alerts-4.x-2024.05.18",
        "_id" : "a7I6io8BSo6fEa2Hs9c-",
        "_score" : 0.0,
        "_source" : {
          "cluster" : {
            "node" : "node01",
            "name" : "wazuh"
          },
          "agent" : {
            "ip" : "192.168.1.216",
            "name" : "chpiyr2",
            "id" : "014"
          },
          "manager" : {
            "name" : "wazuh-server"
          },
          "data" : {
            "win" : {
              "eventdata" : {
                "subjectLogonId" : "0x3e7",
                "subjectDomainName" : "WORKGROUP",
                "targetLinkedLogonId" : "0x0",
                "impersonationLevel" : "%%1833",
                "authenticationPackageName" : "Negotiate",
                "targetLogonId" : "0x3e7",
                "logonProcessName" : "Advapi",
                "logonGuid" : "{00000000-0000-0000-0000-000000000000}",
                "targetUserName" : "SYSTEM",
                "keyLength" : "0",
                "elevatedToken" : "%%1842",
                "subjectUserSid" : "S-1-5-18",
                "processId" : "0x6fc",
                "processName" : "C:\\\\Windows\\\\System32\\\\services.exe",
                "targetDomainName" : "NT AUTHORITY",
                "targetUserSid" : "S-1-5-18",
                "virtualAccount" : "%%1843",
                "logonType" : "5",
                "subjectUserName" : "CHPIYR2$"
              },
              "system" : {
                "eventID" : "4624",
                "keywords" : "0x8020000000000000",
                "providerGuid" : "{54849625-5478-4994-a5ba-3e3b0328c30d}",
                "level" : "0",
                "channel" : "Security",
                "opcode" : "0",
                "message" : "\"帳戶已順利登入。\r\n\r\n主體:\r\n\t安全性識別碼:\t\tS-1-5-18\r\n\tA帳戶名稱:\t\tCHPIYR2$\r\n\t帳戶網域:\t\tWORKGROUP\r\n\t登入識別碼:\t\t0x3E7\r\n\r\n登入資訊:\r\n\t登入類型:\t\t5\r\n\t受限制的系統管理模式:\t-\r\n\tRemote Credential Guard:\t-\r\n\t虛擬帳戶:\t\t否\r\n\t提高權限的權杖:\t\t是\r\n\r\n模擬層級:\t\t模擬\r\n\r\n新登入:\r\n\t安全性識別碼:\t\tS-1-5-18\r\n\t帳戶名稱:\t\tSYSTEM\r\n\t帳戶網域:\t\tNT AUTHORITY\r\n\t登入識別碼:\t\t0x3E7\r\n\t連結的登入識別碼:\t\t0x0\r\n\t網路帳戶名稱:\t-\r\n\t網路帳戶網域:\t-\r\n\t登入 GUID:\t\t{00000000-0000-0000-0000-000000000000}\r\n\r\n處理程序資訊:\r\n\t處理程序識別碼:\t\t0x6fc\r\n\t處理程序名稱:\t\tC:\\Windows\\System32\\services.exe\r\n\r\n網路資訊:\r\n\t工作站名稱:\t-\r\n\t來源網路位址:\t-\r\n\t來源連接埠:\t\t-\r\n\r\n詳細的驗證資訊:\r\n\t登入處理程序:\t\tAdvapi  \r\n\t驗證封裝:\tNegotiate\r\n\t轉送的服務:\t-\r\n\t封裝名稱 (僅 NTLM):\t-\r\n\t金鑰長度:\t\t0\r\n\r\n建立登入工作階段時會產生此事件。它是在所存取的電腦上產生。\r\n\r\n主體欄位指出要求登入之本機系統上的帳戶。這通常是發生在服務 (例如伺服器服務) 或是本機處理程序 (例如 Winlogon.exe 或 Services.exe)。\r\n\r\n登入類型欄位指出發生的登入類型。最常見的類型是 2 (互動式) 與 3 (網路)。\r\n\r\n新登入欄位指出是哪個帳戶建立新登入，例如登入的帳戶。\r\n\r\n網路欄位指出遠端登入要求的來源。工作站名稱並非一律可用，在某些情況下可能會是空白。\r\n\r\n模擬層級欄位指出登入工作階段中的處理程序可以模擬的範圍。\r\n\r\n驗證資訊欄位提供關於此特定登入要求的詳細資訊。\r\n\t- 登入 GUID 是唯一識別碼，可用於關聯這個事件與 KDC 事件。\r\n\t- 轉送的服務指出哪一個中介服務已經加入這個登入要求。\r\n\t- 封裝名稱指出在 NTLM 通訊協定中使用哪一個子協定。\r\n\t- 金鑰長度指出產生的工作階段金鑰長度。如果沒有要求工作階段金鑰則為 0。\"",
                "version" : "3",
                "systemTime" : "2024-05-18T05:44:09.6284633Z",
                "eventRecordID" : "3446004",
                "threadID" : "57300",
                "computer" : "CHPIYR2",
                "task" : "12544",
                "processID" : "1824",
                "severityValue" : "AUDIT_SUCCESS",
                "providerName" : "Microsoft-Windows-Security-Auditing"
              }
            }
          },
          "rule" : {
            "mail" : false,
            "level" : 3,
            "hipaa" : [
              "164.312.b"
            ],
            "pci_dss" : [
              "10.2.5"
            ],
            "tsc" : [
              "CC6.8",
              "CC7.2",
              "CC7.3"
            ],
            "description" : "Windows logon success.",
            "groups" : [
              "windows",
              "windows_security",
              "authentication_success"
            ],
            "nist_800_53" : [
              "AC.7",
              "AU.14"
            ],
            "gdpr" : [
              "IV_32.2"
            ],
            "firedtimes" : 37,
            "mitre" : {
              "technique" : [
                "Valid Accounts"
              ],
              "id" : [
                "T1078"
              ],
              "tactic" : [
                "Defense Evasion",
                "Persistence",
                "Privilege Escalation",
                "Initial Access"
              ]
            },
            "id" : "60106",
            "gpg13" : [
              "7.1",
              "7.2"
            ]
          },
          "decoder" : {
            "name" : "windows_eventchannel"
          },
          "input" : {
            "type" : "log"
          },
          "@timestamp" : "2024-05-18T05:44:10.191Z",
          "location" : "EventChannel",
          "id" : "1716011050.4566080",
          "timestamp" : "2024-05-18T05:44:10.191+0000"
        }
      },
      {
        "_index" : "wazuh-alerts-4.x-2024.05.18",
        "_id" : "1LI1io8BSo6fEa2HTNZg",
        "_score" : 0.0,
        "_source" : {
          "cluster" : {
            "node" : "node01",
            "name" : "wazuh"
          },
          "agent" : {
            "ip" : "192.168.1.216",
            "name" : "chpiyr2",
            "id" : "014"
          },
          "manager" : {
            "name" : "wazuh-server"
          },
          "data" : {
            "win" : {
              "eventdata" : {
                "data" : "0x80070005, 存取被拒。,   操作:    正在收集寫入者資料  內容:    寫入者類別識別碼: {e8132975-6f93-4464-a53e-1050253ae220}    寫入者名稱: System Writer    寫入者例項識別碼: {7152e2e9-870b-4d91-aa41-70a0579bf007}",
                "binary" : "2D20436F64653A20575254575254494330303030313238372D2043616C6C3A20575254575254494330303030313234312D205049443A202030303030373038382D205449443A202030303034323637322D20434D443A2020433A5C57494E444F57535C73797374656D33325C737663686F73742E657865202D6B204E6574776F726B53657276696365202D70202020202D20557365723A204E616D653A204E5420415554484F524954595C4E4554574F524B20534552564943452C205349443A532D312D352D3230"
              },
              "system" : {
                "eventID" : "8194",
                "keywords" : "0x80000000000000",
                "level" : "2",
                "channel" : "Application",
                "opcode" : "0",
                "message" : "\"磁碟區陰影複製服務錯誤: 查詢 IVssWriterCallback 介面時發生意外的錯誤。hr = 0x80070005, 存取被拒。\r\n。 這通常是因為寫入者或要求者程序中包含不正確的安全性設定所造成。 \n\n操作:\n   正在收集寫入者資料\n\n內容:\n   寫入者類別識別碼: {e8132975-6f93-4464-a53e-1050253ae220}\n   寫入者名稱: System Writer\n   寫入者例項識別碼: {7152e2e9-870b-4d91-aa41-70a0579bf007}\"",
                "version" : "0",
                "systemTime" : "2024-05-18T05:38:13.1501037Z",
                "eventRecordID" : "240634",
                "threadID" : "0",
                "computer" : "CHPIYR2",
                "task" : "0",
                "processID" : "7088",
                "severityValue" : "ERROR",
                "providerName" : "VSS"
              }
            }
          },
          "rule" : {
            "firedtimes" : 53,
            "mail" : false,
            "level" : 9,
            "description" : "Windows application error event.",
            "groups" : [
              "windows",
              "windows_application",
              "system_error"
            ],
            "id" : "60602",
            "gdpr" : [
              "IV_35.7.d"
            ],
            "gpg13" : [
              "4.3"
            ]
          },
          "decoder" : {
            "name" : "windows_eventchannel"
          },
          "input" : {
            "type" : "log"
          },
          "@timestamp" : "2024-05-18T05:38:12.800Z",
          "location" : "EventChannel",
          "id" : "1716010692.4529332",
          "timestamp" : "2024-05-18T05:38:12.800+0000"
        }
      },
      {
        "_index" : "wazuh-alerts-4.x-2024.05.18",
        "_id" : "B7JAio8BSo6fEa2Hpti_",
        "_score" : 0.0,
        "_source" : {
          "cluster" : {
            "node" : "node01",
            "name" : "wazuh"
          },
          "agent" : {
            "ip" : "192.168.1.216",
            "name" : "chpiyr2",
            "id" : "014"
          },
          "manager" : {
            "name" : "wazuh-server"
          },
          "data" : {
            "win" : {
              "eventdata" : {
                "data" : "0x80070005, 存取被拒。,   操作:    正在收集寫入者資料  內容:    寫入者類別識別碼: {e8132975-6f93-4464-a53e-1050253ae220}    寫入者名稱: System Writer    寫入者例項識別碼: {7152e2e9-870b-4d91-aa41-70a0579bf007}",
                "binary" : "2D20436F64653A20575254575254494330303030313238372D2043616C6C3A20575254575254494330303030313234312D205049443A202030303030373038382D205449443A202030303032373730342D20434D443A2020433A5C57494E444F57535C73797374656D33325C737663686F73742E657865202D6B204E6574776F726B53657276696365202D70202020202D20557365723A204E616D653A204E5420415554484F524954595C4E4554574F524B20534552564943452C205349443A532D312D352D3230"
              },
              "system" : {
                "eventID" : "8194",
                "keywords" : "0x80000000000000",
                "level" : "2",
                "channel" : "Application",
                "opcode" : "0",
                "message" : "\"磁碟區陰影複製服務錯誤: 查詢 IVssWriterCallback 介面時發生意外的錯誤。hr = 0x80070005, 存取被拒。\r\n。 這通常是因為寫入者或要求者程序中包含不正確的安全性設定所造成。 \n\n操作:\n   正在收集寫入者資料\n\n內容:\n   寫入者類別識別碼: {e8132975-6f93-4464-a53e-1050253ae220}\n   寫入者名稱: System Writer\n   寫入者例項識別碼: {7152e2e9-870b-4d91-aa41-70a0579bf007}\"",
                "version" : "0",
                "systemTime" : "2024-05-18T05:50:34.5382596Z",
                "eventRecordID" : "240651",
                "threadID" : "0",
                "computer" : "CHPIYR2",
                "task" : "0",
                "processID" : "7088",
                "severityValue" : "ERROR",
                "providerName" : "VSS"
              }
            }
          },
          "rule" : {
            "firedtimes" : 70,
            "mail" : false,
            "level" : 9,
            "description" : "Windows application error event.",
            "groups" : [
              "windows",
              "windows_application",
              "system_error"
            ],
            "id" : "60602",
            "gdpr" : [
              "IV_35.7.d"
            ],
            "gpg13" : [
              "4.3"
            ]
          },
          "decoder" : {
            "name" : "windows_eventchannel"
          },
          "input" : {
            "type" : "log"
          },
          "@timestamp" : "2024-05-18T05:50:34.195Z",
          "location" : "EventChannel",
          "id" : "1716011434.4627897",
          "timestamp" : "2024-05-18T05:50:34.195+0000"
        }
      },
      {
        "_index" : "wazuh-alerts-4.x-2024.05.18",
        "_id" : "abJNio8BSo6fEa2HTdkq",
        "_score" : 0.0,
        "_source" : {
          "cluster" : {
            "node" : "node01",
            "name" : "wazuh"
          },
          "agent" : {
            "ip" : "192.168.1.216",
            "name" : "chpiyr2",
            "id" : "014"
          },
          "manager" : {
            "name" : "wazuh-server"
          },
          "data" : {
            "win" : {
              "eventdata" : {
                "data" : "0x80070005, 存取被拒。,   操作:    正在收集寫入者資料  內容:    寫入者類別識別碼: {e8132975-6f93-4464-a53e-1050253ae220}    寫入者名稱: System Writer    寫入者例項識別碼: {7152e2e9-870b-4d91-aa41-70a0579bf007}",
                "binary" : "2D20436F64653A20575254575254494330303030313238372D2043616C6C3A20575254575254494330303030313234312D205049443A202030303030373038382D205449443A202030303036303935362D20434D443A2020433A5C57494E444F57535C73797374656D33325C737663686F73742E657865202D6B204E6574776F726B53657276696365202D70202020202D20557365723A204E616D653A204E5420415554484F524954595C4E4554574F524B20534552564943452C205349443A532D312D352D3230"
              },
              "system" : {
                "eventID" : "8194",
                "keywords" : "0x80000000000000",
                "level" : "2",
                "channel" : "Application",
                "opcode" : "0",
                "message" : "\"磁碟區陰影複製服務錯誤: 查詢 IVssWriterCallback 介面時發生意外的錯誤。hr = 0x80070005, 存取被拒。\r\n。 這通常是因為寫入者或要求者程序中包含不正確的安全性設定所造成。 \n\n操作:\n   正在收集寫入者資料\n\n內容:\n   寫入者類別識別碼: {e8132975-6f93-4464-a53e-1050253ae220}\n   寫入者名稱: System Writer\n   寫入者例項識別碼: {7152e2e9-870b-4d91-aa41-70a0579bf007}\"",
                "version" : "0",
                "systemTime" : "2024-05-18T06:04:22.6906502Z",
                "eventRecordID" : "240670",
                "threadID" : "0",
                "computer" : "CHPIYR2",
                "task" : "0",
                "processID" : "7088",
                "severityValue" : "ERROR",
                "providerName" : "VSS"
              }
            }
          },
          "rule" : {
            "firedtimes" : 6,
            "mail" : false,
            "level" : 9,
            "description" : "Windows application error event.",
            "groups" : [
              "windows",
              "windows_application",
              "system_error"
            ],
            "id" : "60602",
            "gdpr" : [
              "IV_35.7.d"
            ],
            "gpg13" : [
              "4.3"
            ]
          },
          "decoder" : {
            "name" : "windows_eventchannel"
          },
          "input" : {
            "type" : "log"
          },
          "@timestamp" : "2024-05-18T06:04:22.338Z",
          "location" : "EventChannel",
          "id" : "1716012262.4702589",
          "timestamp" : "2024-05-18T06:04:22.338+0000"
        }
      },
      {
        "_index" : "wazuh-alerts-4.x-2024.05.18",
        "_id" : "ObJCio8BSo6fEa2Hg9hU",
        "_score" : 0.0,
        "_source" : {
          "cluster" : {
            "node" : "node01",
            "name" : "wazuh"
          },
          "agent" : {
            "ip" : "192.168.1.216",
            "name" : "chpiyr2",
            "id" : "014"
          },
          "manager" : {
            "name" : "wazuh-server"
          },
          "data" : {
            "win" : {
              "eventdata" : {
                "data" : "0x80070005, 存取被拒。,   操作:    正在收集寫入者資料  內容:    寫入者類別識別碼: {e8132975-6f93-4464-a53e-1050253ae220}    寫入者名稱: System Writer    寫入者例項識別碼: {7152e2e9-870b-4d91-aa41-70a0579bf007}",
                "binary" : "2D20436F64653A20575254575254494330303030313238372D2043616C6C3A20575254575254494330303030313234312D205049443A202030303030373038382D205449443A202030303036303735322D20434D443A2020433A5C57494E444F57535C73797374656D33325C737663686F73742E657865202D6B204E6574776F726B53657276696365202D70202020202D20557365723A204E616D653A204E5420415554484F524954595C4E4554574F524B20534552564943452C205349443A532D312D352D3230"
              },
              "system" : {
                "eventID" : "8194",
                "keywords" : "0x80000000000000",
                "level" : "2",
                "channel" : "Application",
                "opcode" : "0",
                "message" : "\"磁碟區陰影複製服務錯誤: 查詢 IVssWriterCallback 介面時發生意外的錯誤。hr = 0x80070005, 存取被拒。\r\n。 這通常是因為寫入者或要求者程序中包含不正確的安全性設定所造成。 \n\n操作:\n   正在收集寫入者資料\n\n內容:\n   寫入者類別識別碼: {e8132975-6f93-4464-a53e-1050253ae220}\n   寫入者名稱: System Writer\n   寫入者例項識別碼: {7152e2e9-870b-4d91-aa41-70a0579bf007}\"",
                "version" : "0",
                "systemTime" : "2024-05-18T05:52:44.8390955Z",
                "eventRecordID" : "240654",
                "threadID" : "0",
                "computer" : "CHPIYR2",
                "task" : "0",
                "processID" : "7088",
                "severityValue" : "ERROR",
                "providerName" : "VSS"
              }
            }
          },
          "rule" : {
            "firedtimes" : 73,
            "mail" : false,
            "level" : 9,
            "description" : "Windows application error event.",
            "groups" : [
              "windows",
              "windows_application",
              "system_error"
            ],
            "id" : "60602",
            "gdpr" : [
              "IV_35.7.d"
            ],
            "gpg13" : [
              "4.3"
            ]
          },
          "decoder" : {
            "name" : "windows_eventchannel"
          },
          "input" : {
            "type" : "log"
          },
          "@timestamp" : "2024-05-18T05:52:44.488Z",
          "location" : "EventChannel",
          "id" : "1716011564.4638345",
          "timestamp" : "2024-05-18T05:52:44.488+0000"
        }
      },
      {
        "_index" : "wazuh-alerts-4.x-2024.05.18",
        "_id" : "t7JHio8BSo6fEa2HStgI",
        "_score" : 0.0,
        "_source" : {
          "cluster" : {
            "node" : "node01",
            "name" : "wazuh"
          },
          "agent" : {
            "ip" : "192.168.1.216",
            "name" : "chpiyr2",
            "id" : "014"
          },
          "manager" : {
            "name" : "wazuh-server"
          },
          "data" : {
            "win" : {
              "eventdata" : {
                "data" : "0x80070005, 存取被拒。,   操作:    正在收集寫入者資料  內容:    寫入者類別識別碼: {e8132975-6f93-4464-a53e-1050253ae220}    寫入者名稱: System Writer    寫入者例項識別碼: {7152e2e9-870b-4d91-aa41-70a0579bf007}",
                "binary" : "2D20436F64653A20575254575254494330303030313238372D2043616C6C3A20575254575254494330303030313234312D205049443A202030303030373038382D205449443A202030303032373730342D20434D443A2020433A5C57494E444F57535C73797374656D33325C737663686F73742E657865202D6B204E6574776F726B53657276696365202D70202020202D20557365723A204E616D653A204E5420415554484F524954595C4E4554574F524B20534552564943452C205349443A532D312D352D3230"
              },
              "system" : {
                "eventID" : "8194",
                "keywords" : "0x80000000000000",
                "level" : "2",
                "channel" : "Application",
                "opcode" : "0",
                "message" : "\"磁碟區陰影複製服務錯誤: 查詢 IVssWriterCallback 介面時發生意外的錯誤。hr = 0x80070005, 存取被拒。\r\n。 這通常是因為寫入者或要求者程序中包含不正確的安全性設定所造成。 \n\n操作:\n   正在收集寫入者資料\n\n內容:\n   寫入者類別識別碼: {e8132975-6f93-4464-a53e-1050253ae220}\n   寫入者名稱: System Writer\n   寫入者例項識別碼: {7152e2e9-870b-4d91-aa41-70a0579bf007}\"",
                "version" : "0",
                "systemTime" : "2024-05-18T05:57:50.1402145Z",
                "eventRecordID" : "240661",
                "threadID" : "0",
                "computer" : "CHPIYR2",
                "task" : "0",
                "processID" : "7088",
                "severityValue" : "ERROR",
                "providerName" : "VSS"
              }
            }
          },
          "rule" : {
            "firedtimes" : 80,
            "mail" : false,
            "level" : 9,
            "description" : "Windows application error event.",
            "groups" : [
              "windows",
              "windows_application",
              "system_error"
            ],
            "id" : "60602",
            "gdpr" : [
              "IV_35.7.d"
            ],
            "gpg13" : [
              "4.3"
            ]
          },
          "decoder" : {
            "name" : "windows_eventchannel"
          },
          "input" : {
            "type" : "log"
          },
          "@timestamp" : "2024-05-18T05:57:49.791Z",
          "location" : "EventChannel",
          "id" : "1716011869.4662124",
          "timestamp" : "2024-05-18T05:57:49.791+0000"
        }
      },
      {
        "_index" : "wazuh-alerts-4.x-2024.05.18",
        "_id" : "H7JKio8BSo6fEa2HodmL",
        "_score" : 0.0,
        "_source" : {
          "cluster" : {
            "node" : "node01",
            "name" : "wazuh"
          },
          "agent" : {
            "ip" : "192.168.1.216",
            "name" : "chpiyr2",
            "id" : "014"
          },
          "manager" : {
            "name" : "wazuh-server"
          },
          "data" : {
            "win" : {
              "eventdata" : {
                "data" : "0x80070005, 存取被拒。,   操作:    正在收集寫入者資料  內容:    寫入者類別識別碼: {e8132975-6f93-4464-a53e-1050253ae220}    寫入者名稱: System Writer    寫入者例項識別碼: {7152e2e9-870b-4d91-aa41-70a0579bf007}",
                "binary" : "2D20436F64653A20575254575254494330303030313238372D2043616C6C3A20575254575254494330303030313234312D205049443A202030303030373038382D205449443A202030303032383835322D20434D443A2020433A5C57494E444F57535C73797374656D33325C737663686F73742E657865202D6B204E6574776F726B53657276696365202D70202020202D20557365723A204E616D653A204E5420415554484F524954595C4E4554574F524B20534552564943452C205349443A532D312D352D3230"
              },
              "system" : {
                "eventID" : "8194",
                "keywords" : "0x80000000000000",
                "level" : "2",
                "channel" : "Application",
                "opcode" : "0",
                "message" : "\"磁碟區陰影複製服務錯誤: 查詢 IVssWriterCallback 介面時發生意外的錯誤。hr = 0x80070005, 存取被拒。\r\n。 這通常是因為寫入者或要求者程序中包含不正確的安全性設定所造成。 \n\n操作:\n   正在收集寫入者資料\n\n內容:\n   寫入者類別識別碼: {e8132975-6f93-4464-a53e-1050253ae220}\n   寫入者名稱: System Writer\n   寫入者例項識別碼: {7152e2e9-870b-4d91-aa41-70a0579bf007}\"",
                "version" : "0",
                "systemTime" : "2024-05-18T06:01:28.3494461Z",
                "eventRecordID" : "240666",
                "threadID" : "0",
                "computer" : "CHPIYR2",
                "task" : "0",
                "processID" : "7088",
                "severityValue" : "ERROR",
                "providerName" : "VSS"
              }
            }
          },
          "rule" : {
            "firedtimes" : 2,
            "mail" : false,
            "level" : 9,
            "description" : "Windows application error event.",
            "groups" : [
              "windows",
              "windows_application",
              "system_error"
            ],
            "id" : "60602",
            "gdpr" : [
              "IV_35.7.d"
            ],
            "gpg13" : [
              "4.3"
            ]
          },
          "decoder" : {
            "name" : "windows_eventchannel"
          },
          "input" : {
            "type" : "log"
          },
          "@timestamp" : "2024-05-18T06:01:27.998Z",
          "location" : "EventChannel",
          "id" : "1716012087.4682723",
          "timestamp" : "2024-05-18T06:01:27.998+0000"
        }
      },
      {
        "_index" : "wazuh-alerts-4.x-2024.05.18",
        "_id" : "hbJNio8BSo6fEa2H1dnk",
        "_score" : 0.0,
        "_source" : {
          "cluster" : {
            "node" : "node01",
            "name" : "wazuh"
          },
          "agent" : {
            "ip" : "192.168.1.216",
            "name" : "chpiyr2",
            "id" : "014"
          },
          "manager" : {
            "name" : "wazuh-server"
          },
          "data" : {
            "win" : {
              "eventdata" : {
                "data" : "0x80070005, 存取被拒。,   操作:    正在收集寫入者資料  內容:    寫入者類別識別碼: {e8132975-6f93-4464-a53e-1050253ae220}    寫入者名稱: System Writer    寫入者例項識別碼: {7152e2e9-870b-4d91-aa41-70a0579bf007}",
                "binary" : "2D20436F64653A20575254575254494330303030313238372D2043616C6C3A20575254575254494330303030313234312D205049443A202030303030373038382D205449443A202030303036303935362D20434D443A2020433A5C57494E444F57535C73797374656D33325C737663686F73742E657865202D6B204E6574776F726B53657276696365202D70202020202D20557365723A204E616D653A204E5420415554484F524954595C4E4554574F524B20534552564943452C205349443A532D312D352D3230"
              },
              "system" : {
                "eventID" : "8194",
                "keywords" : "0x80000000000000",
                "level" : "2",
                "channel" : "Application",
                "opcode" : "0",
                "message" : "\"磁碟區陰影複製服務錯誤: 查詢 IVssWriterCallback 介面時發生意外的錯誤。hr = 0x80070005, 存取被拒。\r\n。 這通常是因為寫入者或要求者程序中包含不正確的安全性設定所造成。 \n\n操作:\n   正在收集寫入者資料\n\n內容:\n   寫入者類別識別碼: {e8132975-6f93-4464-a53e-1050253ae220}\n   寫入者名稱: System Writer\n   寫入者例項識別碼: {7152e2e9-870b-4d91-aa41-70a0579bf007}\"",
                "version" : "0",
                "systemTime" : "2024-05-18T06:05:05.9983226Z",
                "eventRecordID" : "240671",
                "threadID" : "0",
                "computer" : "CHPIYR2",
                "task" : "0",
                "processID" : "7088",
                "severityValue" : "ERROR",
                "providerName" : "VSS"
              }
            }
          },
          "rule" : {
            "firedtimes" : 7,
            "mail" : false,
            "level" : 9,
            "description" : "Windows application error event.",
            "groups" : [
              "windows",
              "windows_application",
              "system_error"
            ],
            "id" : "60602",
            "gdpr" : [
              "IV_35.7.d"
            ],
            "gpg13" : [
              "4.3"
            ]
          },
          "decoder" : {
            "name" : "windows_eventchannel"
          },
          "input" : {
            "type" : "log"
          },
          "@timestamp" : "2024-05-18T06:05:05.649Z",
          "location" : "EventChannel",
          "id" : "1716012305.4714562",
          "timestamp" : "2024-05-18T06:05:05.649+0000"
        }
      },
      {
        "_index" : "wazuh-alerts-4.x-2024.05.18",
        "_id" : "nrJFio8BSo6fEa2H6th1",
        "_score" : 0.0,
        "_source" : {
          "cluster" : {
            "node" : "node01",
            "name" : "wazuh"
          },
          "agent" : {
            "ip" : "192.168.1.216",
            "name" : "chpiyr2",
            "id" : "014"
          },
          "manager" : {
            "name" : "wazuh-server"
          },
          "data" : {
            "win" : {
              "eventdata" : {
                "data" : "0x80070005, 存取被拒。,   操作:    正在收集寫入者資料  內容:    寫入者類別識別碼: {e8132975-6f93-4464-a53e-1050253ae220}    寫入者名稱: System Writer    寫入者例項識別碼: {7152e2e9-870b-4d91-aa41-70a0579bf007}",
                "binary" : "2D20436F64653A20575254575254494330303030313238372D2043616C6C3A20575254575254494330303030313234312D205049443A202030303030373038382D205449443A202030303032373730342D20434D443A2020433A5C57494E444F57535C73797374656D33325C737663686F73742E657865202D6B204E6574776F726B53657276696365202D70202020202D20557365723A204E616D653A204E5420415554484F524954595C4E4554574F524B20534552564943452C205349443A532D312D352D3230"
              },
              "system" : {
                "eventID" : "8194",
                "keywords" : "0x80000000000000",
                "level" : "2",
                "channel" : "Application",
                "opcode" : "0",
                "message" : "\"磁碟區陰影複製服務錯誤: 查詢 IVssWriterCallback 介面時發生意外的錯誤。hr = 0x80070005, 存取被拒。\r\n。 這通常是因為寫入者或要求者程序中包含不正確的安全性設定所造成。 \n\n操作:\n   正在收集寫入者資料\n\n內容:\n   寫入者類別識別碼: {e8132975-6f93-4464-a53e-1050253ae220}\n   寫入者名稱: System Writer\n   寫入者例項識別碼: {7152e2e9-870b-4d91-aa41-70a0579bf007}\"",
                "version" : "0",
                "systemTime" : "2024-05-18T05:56:23.1492899Z",
                "eventRecordID" : "240659",
                "threadID" : "0",
                "computer" : "CHPIYR2",
                "task" : "0",
                "processID" : "7088",
                "severityValue" : "ERROR",
                "providerName" : "VSS"
              }
            }
          },
          "rule" : {
            "firedtimes" : 78,
            "mail" : false,
            "level" : 9,
            "description" : "Windows application error event.",
            "groups" : [
              "windows",
              "windows_application",
              "system_error"
            ],
            "id" : "60602",
            "gdpr" : [
              "IV_35.7.d"
            ],
            "gpg13" : [
              "4.3"
            ]
          },
          "decoder" : {
            "name" : "windows_eventchannel"
          },
          "input" : {
            "type" : "log"
          },
          "@timestamp" : "2024-05-18T05:56:22.798Z",
          "location" : "EventChannel",
          "id" : "1716011782.4655650",
          "timestamp" : "2024-05-18T05:56:22.798+0000"
        }
      },
      {
        "_index" : "wazuh-alerts-4.x-2024.05.18",
        "_id" : "trJGio8BSo6fEa2Hmtg-",
        "_score" : 0.0,
        "_source" : {
          "cluster" : {
            "node" : "node01",
            "name" : "wazuh"
          },
          "agent" : {
            "ip" : "192.168.1.216",
            "name" : "chpiyr2",
            "id" : "014"
          },
          "manager" : {
            "name" : "wazuh-server"
          },
          "data" : {
            "win" : {
              "eventdata" : {
                "data" : "0x80070005, 存取被拒。,   操作:    正在收集寫入者資料  內容:    寫入者類別識別碼: {e8132975-6f93-4464-a53e-1050253ae220}    寫入者名稱: System Writer    寫入者例項識別碼: {7152e2e9-870b-4d91-aa41-70a0579bf007}",
                "binary" : "2D20436F64653A20575254575254494330303030313238372D2043616C6C3A20575254575254494330303030313234312D205049443A202030303030373038382D205449443A202030303033303538342D20434D443A2020433A5C57494E444F57535C73797374656D33325C737663686F73742E657865202D6B204E6574776F726B53657276696365202D70202020202D20557365723A204E616D653A204E5420415554484F524954595C4E4554574F524B20534552564943452C205349443A532D312D352D3230"
              },
              "system" : {
                "eventID" : "8194",
                "keywords" : "0x80000000000000",
                "level" : "2",
                "channel" : "Application",
                "opcode" : "0",
                "message" : "\"磁碟區陰影複製服務錯誤: 查詢 IVssWriterCallback 介面時發生意外的錯誤。hr = 0x80070005, 存取被拒。\r\n。 這通常是因為寫入者或要求者程序中包含不正確的安全性設定所造成。 \n\n操作:\n   正在收集寫入者資料\n\n內容:\n   寫入者類別識別碼: {e8132975-6f93-4464-a53e-1050253ae220}\n   寫入者名稱: System Writer\n   寫入者例項識別碼: {7152e2e9-870b-4d91-aa41-70a0579bf007}\"",
                "version" : "0",
                "systemTime" : "2024-05-18T05:57:06.5320495Z",
                "eventRecordID" : "240660",
                "threadID" : "0",
                "computer" : "CHPIYR2",
                "task" : "0",
                "processID" : "7088",
                "severityValue" : "ERROR",
                "providerName" : "VSS"
              }
            }
          },
          "rule" : {
            "firedtimes" : 79,
            "mail" : false,
            "level" : 9,
            "description" : "Windows application error event.",
            "groups" : [
              "windows",
              "windows_application",
              "system_error"
            ],
            "id" : "60602",
            "gdpr" : [
              "IV_35.7.d"
            ],
            "gpg13" : [
              "4.3"
            ]
          },
          "decoder" : {
            "name" : "windows_eventchannel"
          },
          "input" : {
            "type" : "log"
          },
          "@timestamp" : "2024-05-18T05:57:06.182Z",
          "location" : "EventChannel",
          "id" : "1716011826.4658887",
          "timestamp" : "2024-05-18T05:57:06.182+0000"
        }
      },
      {
        "_index" : "wazuh-alerts-4.x-2024.05.18",
        "_id" : "h7JOio8BSo6fEa2HodkG",
        "_score" : 0.0,
        "_source" : {
          "cluster" : {
            "node" : "node01",
            "name" : "wazuh"
          },
          "agent" : {
            "ip" : "192.168.1.216",
            "name" : "chpiyr2",
            "id" : "014"
          },
          "manager" : {
            "name" : "wazuh-server"
          },
          "data" : {
            "win" : {
              "eventdata" : {
                "data" : "0x80070005, 存取被拒。,   操作:    正在收集寫入者資料  內容:    寫入者類別識別碼: {e8132975-6f93-4464-a53e-1050253ae220}    寫入者名稱: System Writer    寫入者例項識別碼: {7152e2e9-870b-4d91-aa41-70a0579bf007}",
                "binary" : "2D20436F64653A20575254575254494330303030313238372D2043616C6C3A20575254575254494330303030313234312D205049443A202030303030373038382D205449443A202030303032373730342D20434D443A2020433A5C57494E444F57535C73797374656D33325C737663686F73742E657865202D6B204E6574776F726B53657276696365202D70202020202D20557365723A204E616D653A204E5420415554484F524954595C4E4554574F524B20534552564943452C205349443A532D312D352D3230"
              },
              "system" : {
                "eventID" : "8194",
                "keywords" : "0x80000000000000",
                "level" : "2",
                "channel" : "Application",
                "opcode" : "0",
                "message" : "\"磁碟區陰影複製服務錯誤: 查詢 IVssWriterCallback 介面時發生意外的錯誤。hr = 0x80070005, 存取被拒。\r\n。 這通常是因為寫入者或要求者程序中包含不正確的安全性設定所造成。 \n\n操作:\n   正在收集寫入者資料\n\n內容:\n   寫入者類別識別碼: {e8132975-6f93-4464-a53e-1050253ae220}\n   寫入者名稱: System Writer\n   寫入者例項識別碼: {7152e2e9-870b-4d91-aa41-70a0579bf007}\"",
                "version" : "0",
                "systemTime" : "2024-05-18T06:05:49.9927502Z",
                "eventRecordID" : "240672",
                "threadID" : "0",
                "computer" : "CHPIYR2",
                "task" : "0",
                "processID" : "7088",
                "severityValue" : "ERROR",
                "providerName" : "VSS"
              }
            }
          },
          "rule" : {
            "firedtimes" : 8,
            "mail" : false,
            "level" : 9,
            "description" : "Windows application error event.",
            "groups" : [
              "windows",
              "windows_application",
              "system_error"
            ],
            "id" : "60602",
            "gdpr" : [
              "IV_35.7.d"
            ],
            "gpg13" : [
              "4.3"
            ]
          },
          "decoder" : {
            "name" : "windows_eventchannel"
          },
          "input" : {
            "type" : "log"
          },
          "@timestamp" : "2024-05-18T06:05:49.651Z",
          "location" : "EventChannel",
          "id" : "1716012349.4724671",
          "timestamp" : "2024-05-18T06:05:49.651+0000"
        }
      },
      {
        "_index" : "wazuh-alerts-4.x-2024.05.18",
        "_id" : "urJPio8BSo6fEa2H5dlD",
        "_score" : 0.0,
        "_source" : {
          "cluster" : {
            "node" : "node01",
            "name" : "wazuh"
          },
          "agent" : {
            "ip" : "192.168.1.216",
            "name" : "chpiyr2",
            "id" : "014"
          },
          "manager" : {
            "name" : "wazuh-server"
          },
          "data" : {
            "win" : {
              "eventdata" : {
                "data" : "0x80070005, 存取被拒。,   操作:    正在收集寫入者資料  內容:    寫入者類別識別碼: {e8132975-6f93-4464-a53e-1050253ae220}    寫入者名稱: System Writer    寫入者例項識別碼: {7152e2e9-870b-4d91-aa41-70a0579bf007}",
                "binary" : "2D20436F64653A20575254575254494330303030313238372D2043616C6C3A20575254575254494330303030313234312D205049443A202030303030373038382D205449443A202030303034313233322D20434D443A2020433A5C57494E444F57535C73797374656D33325C737663686F73742E657865202D6B204E6574776F726B53657276696365202D70202020202D20557365723A204E616D653A204E5420415554484F524954595C4E4554574F524B20534552564943452C205349443A532D312D352D3230"
              },
              "system" : {
                "eventID" : "8194",
                "keywords" : "0x80000000000000",
                "level" : "2",
                "channel" : "Application",
                "opcode" : "0",
                "message" : "\"磁碟區陰影複製服務錯誤: 查詢 IVssWriterCallback 介面時發生意外的錯誤。hr = 0x80070005, 存取被拒。\r\n。 這通常是因為寫入者或要求者程序中包含不正確的安全性設定所造成。 \n\n操作:\n   正在收集寫入者資料\n\n內容:\n   寫入者類別識別碼: {e8132975-6f93-4464-a53e-1050253ae220}\n   寫入者名稱: System Writer\n   寫入者例項識別碼: {7152e2e9-870b-4d91-aa41-70a0579bf007}\"",
                "version" : "0",
                "systemTime" : "2024-05-18T06:07:17.3796696Z",
                "eventRecordID" : "240674",
                "threadID" : "0",
                "computer" : "CHPIYR2",
                "task" : "0",
                "processID" : "7088",
                "severityValue" : "ERROR",
                "providerName" : "VSS"
              }
            }
          },
          "rule" : {
            "firedtimes" : 10,
            "mail" : false,
            "level" : 9,
            "description" : "Windows application error event.",
            "groups" : [
              "windows",
              "windows_application",
              "system_error"
            ],
            "id" : "60602",
            "gdpr" : [
              "IV_35.7.d"
            ],
            "gpg13" : [
              "4.3"
            ]
          },
          "decoder" : {
            "name" : "windows_eventchannel"
          },
          "input" : {
            "type" : "log"
          },
          "@timestamp" : "2024-05-18T06:07:17.024Z",
          "location" : "EventChannel",
          "id" : "1716012437.4740618",
          "timestamp" : "2024-05-18T06:07:17.024+0000"
        }
      },
      {
        "_index" : "wazuh-alerts-4.x-2024.05.18",
        "_id" : "T7JVio8BSo6fEa2H7NpK",
        "_score" : 0.0,
        "_source" : {
          "cluster" : {
            "node" : "node01",
            "name" : "wazuh"
          },
          "agent" : {
            "ip" : "192.168.1.216",
            "name" : "chpiyr2",
            "id" : "014"
          },
          "manager" : {
            "name" : "wazuh-server"
          },
          "data" : {
            "win" : {
              "eventdata" : {
                "data" : "0x80070005, 存取被拒。,   操作:    正在收集寫入者資料  內容:    寫入者類別識別碼: {e8132975-6f93-4464-a53e-1050253ae220}    寫入者名稱: System Writer    寫入者例項識別碼: {7152e2e9-870b-4d91-aa41-70a0579bf007}",
                "binary" : "2D20436F64653A20575254575254494330303030313238372D2043616C6C3A20575254575254494330303030313234312D205049443A202030303030373038382D205449443A202030303032373730342D20434D443A2020433A5C57494E444F57535C73797374656D33325C737663686F73742E657865202D6B204E6574776F726B53657276696365202D70202020202D20557365723A204E616D653A204E5420415554484F524954595C4E4554574F524B20534552564943452C205349443A532D312D352D3230"
              },
              "system" : {
                "eventID" : "8194",
                "keywords" : "0x80000000000000",
                "level" : "2",
                "channel" : "Application",
                "opcode" : "0",
                "message" : "\"磁碟區陰影複製服務錯誤: 查詢 IVssWriterCallback 介面時發生意外的錯誤。hr = 0x80070005, 存取被拒。\r\n。 這通常是因為寫入者或要求者程序中包含不正確的安全性設定所造成。 \n\n操作:\n   正在收集寫入者資料\n\n內容:\n   寫入者類別識別碼: {e8132975-6f93-4464-a53e-1050253ae220}\n   寫入者名稱: System Writer\n   寫入者例項識別碼: {7152e2e9-870b-4d91-aa41-70a0579bf007}\"",
                "version" : "0",
                "systemTime" : "2024-05-18T06:13:49.2269537Z",
                "eventRecordID" : "240683",
                "threadID" : "0",
                "computer" : "CHPIYR2",
                "task" : "0",
                "processID" : "7088",
                "severityValue" : "ERROR",
                "providerName" : "VSS"
              }
            }
          },
          "rule" : {
            "firedtimes" : 19,
            "mail" : false,
            "level" : 9,
            "description" : "Windows application error event.",
            "groups" : [
              "windows",
              "windows_application",
              "system_error"
            ],
            "id" : "60602",
            "gdpr" : [
              "IV_35.7.d"
            ],
            "gpg13" : [
              "4.3"
            ]
          },
          "decoder" : {
            "name" : "windows_eventchannel"
          },
          "input" : {
            "type" : "log"
          },
          "@timestamp" : "2024-05-18T06:13:48.965Z",
          "location" : "EventChannel",
          "id" : "1716012828.4769751",
          "timestamp" : "2024-05-18T06:13:48.965+0000"
        }
      },
      {
        "_index" : "wazuh-alerts-4.x-2024.05.18",
        "_id" : "gbJXio8BSo6fEa2HJNrN",
        "_score" : 0.0,
        "_source" : {
          "cluster" : {
            "node" : "node01",
            "name" : "wazuh"
          },
          "agent" : {
            "ip" : "192.168.1.216",
            "name" : "chpiyr2",
            "id" : "014"
          },
          "manager" : {
            "name" : "wazuh-server"
          },
          "data" : {
            "win" : {
              "eventdata" : {
                "data" : "0x80070005, 存取被拒。,   操作:    正在收集寫入者資料  內容:    寫入者類別識別碼: {e8132975-6f93-4464-a53e-1050253ae220}    寫入者名稱: System Writer    寫入者例項識別碼: {7152e2e9-870b-4d91-aa41-70a0579bf007}",
                "binary" : "2D20436F64653A20575254575254494330303030313238372D2043616C6C3A20575254575254494330303030313234312D205049443A202030303030373038382D205449443A202030303032373730342D20434D443A2020433A5C57494E444F57535C73797374656D33325C737663686F73742E657865202D6B204E6574776F726B53657276696365202D70202020202D20557365723A204E616D653A204E5420415554484F524954595C4E4554574F524B20534552564943452C205349443A532D312D352D3230"
              },
              "system" : {
                "eventID" : "8194",
                "keywords" : "0x80000000000000",
                "level" : "2",
                "channel" : "Application",
                "opcode" : "0",
                "message" : "\"磁碟區陰影複製服務錯誤: 查詢 IVssWriterCallback 介面時發生意外的錯誤。hr = 0x80070005, 存取被拒。\r\n。 這通常是因為寫入者或要求者程序中包含不正確的安全性設定所造成。 \n\n操作:\n   正在收集寫入者資料\n\n內容:\n   寫入者類別識別碼: {e8132975-6f93-4464-a53e-1050253ae220}\n   寫入者名稱: System Writer\n   寫入者例項識別碼: {7152e2e9-870b-4d91-aa41-70a0579bf007}\"",
                "version" : "0",
                "systemTime" : "2024-05-18T06:15:16.8412511Z",
                "eventRecordID" : "240685",
                "threadID" : "0",
                "computer" : "CHPIYR2",
                "task" : "0",
                "processID" : "7088",
                "severityValue" : "ERROR",
                "providerName" : "VSS"
              }
            }
          },
          "rule" : {
            "firedtimes" : 21,
            "mail" : false,
            "level" : 9,
            "description" : "Windows application error event.",
            "groups" : [
              "windows",
              "windows_application",
              "system_error"
            ],
            "id" : "60602",
            "gdpr" : [
              "IV_35.7.d"
            ],
            "gpg13" : [
              "4.3"
            ]
          },
          "decoder" : {
            "name" : "windows_eventchannel"
          },
          "input" : {
            "type" : "log"
          },
          "@timestamp" : "2024-05-18T06:15:16.493Z",
          "location" : "EventChannel",
          "id" : "1716012916.4776225",
          "timestamp" : "2024-05-18T06:15:16.493+0000"
        }
      },
      {
        "_index" : "wazuh-alerts-4.x-2024.05.18",
        "_id" : "mbJXio8BSo6fEa2H1NqW",
        "_score" : 0.0,
        "_source" : {
          "cluster" : {
            "node" : "node01",
            "name" : "wazuh"
          },
          "agent" : {
            "ip" : "192.168.1.216",
            "name" : "chpiyr2",
            "id" : "014"
          },
          "manager" : {
            "name" : "wazuh-server"
          },
          "data" : {
            "win" : {
              "eventdata" : {
                "data" : "0x80070005, 存取被拒。,   操作:    正在收集寫入者資料  內容:    寫入者類別識別碼: {e8132975-6f93-4464-a53e-1050253ae220}    寫入者名稱: System Writer    寫入者例項識別碼: {7152e2e9-870b-4d91-aa41-70a0579bf007}",
                "binary" : "2D20436F64653A20575254575254494330303030313238372D2043616C6C3A20575254575254494330303030313234312D205049443A202030303030373038382D205449443A202030303031373531322D20434D443A2020433A5C57494E444F57535C73797374656D33325C737663686F73742E657865202D6B204E6574776F726B53657276696365202D70202020202D20557365723A204E616D653A204E5420415554484F524954595C4E4554574F524B20534552564943452C205349443A532D312D352D3230"
              },
              "system" : {
                "eventID" : "8194",
                "keywords" : "0x80000000000000",
                "level" : "2",
                "channel" : "Application",
                "opcode" : "0",
                "message" : "\"磁碟區陰影複製服務錯誤: 查詢 IVssWriterCallback 介面時發生意外的錯誤。hr = 0x80070005, 存取被拒。\r\n。 這通常是因為寫入者或要求者程序中包含不正確的安全性設定所造成。 \n\n操作:\n   正在收集寫入者資料\n\n內容:\n   寫入者類別識別碼: {e8132975-6f93-4464-a53e-1050253ae220}\n   寫入者名稱: System Writer\n   寫入者例項識別碼: {7152e2e9-870b-4d91-aa41-70a0579bf007}\"",
                "version" : "0",
                "systemTime" : "2024-05-18T06:16:00.2955178Z",
                "eventRecordID" : "240687",
                "threadID" : "0",
                "computer" : "CHPIYR2",
                "task" : "0",
                "processID" : "7088",
                "severityValue" : "ERROR",
                "providerName" : "VSS"
              }
            }
          },
          "rule" : {
            "firedtimes" : 22,
            "mail" : false,
            "level" : 9,
            "description" : "Windows application error event.",
            "groups" : [
              "windows",
              "windows_application",
              "system_error"
            ],
            "id" : "60602",
            "gdpr" : [
              "IV_35.7.d"
            ],
            "gpg13" : [
              "4.3"
            ]
          },
          "decoder" : {
            "name" : "windows_eventchannel"
          },
          "input" : {
            "type" : "log"
          },
          "@timestamp" : "2024-05-18T06:15:59.951Z",
          "location" : "EventChannel",
          "id" : "1716012959.4779462",
          "timestamp" : "2024-05-18T06:15:59.951+0000"
        }
      },
      {
        "_index" : "wazuh-alerts-4.x-2024.05.18",
        "_id" : "tLJZio8BSo6fEa2HNNor",
        "_score" : 0.0,
        "_source" : {
          "cluster" : {
            "node" : "node01",
            "name" : "wazuh"
          },
          "agent" : {
            "ip" : "192.168.1.216",
            "name" : "chpiyr2",
            "id" : "014"
          },
          "manager" : {
            "name" : "wazuh-server"
          },
          "data" : {
            "win" : {
              "eventdata" : {
                "data" : "0x80070005, 存取被拒。,   操作:    正在收集寫入者資料  內容:    寫入者類別識別碼: {e8132975-6f93-4464-a53e-1050253ae220}    寫入者名稱: System Writer    寫入者例項識別碼: {7152e2e9-870b-4d91-aa41-70a0579bf007}",
                "binary" : "2D20436F64653A20575254575254494330303030313238372D2043616C6C3A20575254575254494330303030313234312D205049443A202030303030373038382D205449443A202030303031373531322D20434D443A2020433A5C57494E444F57535C73797374656D33325C737663686F73742E657865202D6B204E6574776F726B53657276696365202D70202020202D20557365723A204E616D653A204E5420415554484F524954595C4E4554574F524B20534552564943452C205349443A532D312D352D3230"
              },
              "system" : {
                "eventID" : "8194",
                "keywords" : "0x80000000000000",
                "level" : "2",
                "channel" : "Application",
                "opcode" : "0",
                "message" : "\"磁碟區陰影複製服務錯誤: 查詢 IVssWriterCallback 介面時發生意外的錯誤。hr = 0x80070005, 存取被拒。\r\n。 這通常是因為寫入者或要求者程序中包含不正確的安全性設定所造成。 \n\n操作:\n   正在收集寫入者資料\n\n內容:\n   寫入者類別識別碼: {e8132975-6f93-4464-a53e-1050253ae220}\n   寫入者名稱: System Writer\n   寫入者例項識別碼: {7152e2e9-870b-4d91-aa41-70a0579bf007}\"",
                "version" : "0",
                "systemTime" : "2024-05-18T06:17:26.9515860Z",
                "eventRecordID" : "240690",
                "threadID" : "0",
                "computer" : "CHPIYR2",
                "task" : "0",
                "processID" : "7088",
                "severityValue" : "ERROR",
                "providerName" : "VSS"
              }
            }
          },
          "rule" : {
            "firedtimes" : 24,
            "mail" : false,
            "level" : 9,
            "description" : "Windows application error event.",
            "groups" : [
              "windows",
              "windows_application",
              "system_error"
            ],
            "id" : "60602",
            "gdpr" : [
              "IV_35.7.d"
            ],
            "gpg13" : [
              "4.3"
            ]
          },
          "decoder" : {
            "name" : "windows_eventchannel"
          },
          "input" : {
            "type" : "log"
          },
          "@timestamp" : "2024-05-18T06:17:26.597Z",
          "location" : "EventChannel",
          "id" : "1716013046.4788040",
          "timestamp" : "2024-05-18T06:17:26.597+0000"
        }
      },
