      {
        "_index" : "ids-2018-benign",
        "_id" : "kpYlxY4BVtxcAtGl1pqm",
        "_score" : 0.0,
        "_source" : {
          "agent" : {
            "name" : "CHPIYR2",
            "id" : "60d66234-2dc5-408a-9a6e-a0a6278a7ae3",
            "ephemeral_id" : "1c6955e6-2277-429a-894f-d607367fd783",
            "type" : "winlogbeat",
            "version" : "8.11.3"
          },
          "@timestamp" : "2018-02-19T23:47:02.504Z",
          "winlog" : {
            "computer_name" : "EC2AMAZ-O4EL3NG",
            "record_id" : 37101,
            "process" : {
              "pid" : 720,
              "thread" : {
                "id" : 3736
              }
            },
            "task" : "None",
            "event_id" : "7024",
            "keywords" : [
              "傳統"
            ],
            "provider_guid" : "{555908d1-a6d7-4695-8e1e-26931d2012f4}",
            "channel" : "System",
            "event_data" : {
              "Binary" : "41006D0061007A006F006E00530053004D004100670065006E0074000000",
              "param1" : "Amazon SSM Agent",
              "param2" : "%%1"
            },
            "api" : "wineventlog",
            "provider_name" : "Service Control Manager",
            "opcode" : "Info"
          },
          "ecs" : {
            "version" : "8.0.0"
          },
          "log" : {
            "file" : {
              "path" : "D:\\AIXSOAR\\EDR\\IDS_2018\\benign\\Tuesday-20-02-2018\\EC2AMAZ-O4EL3NG-172.31.69.19.evtx"
            },
            "level" : "錯誤"
          },
          "host" : {
            "os" : {
              "type" : "windows",
              "family" : "windows"
            },
            "name" : "EC2AMAZ-O4EL3NG"
          },
          "event" : {
            "ingested" : "2024-04-09T23:16:15.141105567Z",
            "code" : "7024",
            "provider" : "Service Control Manager",
            "kind" : "event",
            "created" : "2024-04-09T23:16:11.609Z",
            "action" : "None"
          },
          "message" : "Amazon SSM Agent 服務因下列服務特定錯誤而終止: \n功能錯誤。"
        }
      },
      {
        "_index" : "ids-2018-benign",
        "_id" : "k5YlxY4BVtxcAtGl1pqm",
        "_score" : 0.0,
        "_source" : {
          "agent" : {
            "name" : "CHPIYR2",
            "id" : "60d66234-2dc5-408a-9a6e-a0a6278a7ae3",
            "type" : "winlogbeat",
            "ephemeral_id" : "1c6955e6-2277-429a-894f-d607367fd783",
            "version" : "8.11.3"
          },
          "@timestamp" : "2018-02-19T23:47:02.504Z",
          "winlog" : {
            "record_id" : 37102,
            "computer_name" : "EC2AMAZ-O4EL3NG",
            "process" : {
              "pid" : 720,
              "thread" : {
                "id" : 3628
              }
            },
            "event_id" : "7031",
            "task" : "None",
            "keywords" : [
              "傳統"
            ],
            "provider_guid" : "{555908d1-a6d7-4695-8e1e-26931d2012f4}",
            "channel" : "System",
            "api" : "wineventlog",
            "event_data" : {
              "param5" : "Restart the service",
              "Binary" : "41006D0061007A006F006E00530053004D004100670065006E0074000000",
              "param3" : "30000",
              "param4" : "1",
              "param1" : "Amazon SSM Agent",
              "param2" : "747"
            },
            "opcode" : "Info",
            "provider_name" : "Service Control Manager"
          },
          "ecs" : {
            "version" : "8.0.0"
          },
          "log" : {
            "file" : {
              "path" : "D:\\AIXSOAR\\EDR\\IDS_2018\\benign\\Tuesday-20-02-2018\\EC2AMAZ-O4EL3NG-172.31.69.19.evtx"
            },
            "level" : "錯誤"
          },
          "host" : {
            "os" : {
              "type" : "windows",
              "family" : "windows"
            },
            "name" : "EC2AMAZ-O4EL3NG"
          },
          "message" : "Amazon SSM Agent 服務意外終止，服務曾完成這項動作 747 次。以下的修正操作將在 30000 毫秒內執行: Restart the service。",
          "event" : {
            "ingested" : "2024-04-09T23:16:15.141146166Z",
            "code" : "7031",
            "provider" : "Service Control Manager",
            "created" : "2024-04-09T23:16:11.609Z",
            "kind" : "event",
            "action" : "None"
          }
        }
      },
      {
        "_index" : "ids-2018-benign",
        "_id" : "lJYlxY4BVtxcAtGl1pqm",
        "_score" : 0.0,
        "_source" : {
          "agent" : {
            "name" : "CHPIYR2",
            "id" : "60d66234-2dc5-408a-9a6e-a0a6278a7ae3",
            "ephemeral_id" : "1c6955e6-2277-429a-894f-d607367fd783",
            "type" : "winlogbeat",
            "version" : "8.11.3"
          },
          "@timestamp" : "2018-02-19T23:49:15.580Z",
          "winlog" : {
            "record_id" : 37103,
            "computer_name" : "EC2AMAZ-O4EL3NG",
            "process" : {
              "pid" : 720,
              "thread" : {
                "id" : 636
              }
            },
            "task" : "None",
            "event_id" : "7036",
            "keywords" : [
              "傳統"
            ],
            "provider_guid" : "{555908d1-a6d7-4695-8e1e-26931d2012f4}",
            "channel" : "System",
            "api" : "wineventlog",
            "event_data" : {
              "Binary" : "41006D0061007A006F006E00530053004D004100670065006E0074002F0031000000",
              "param1" : "Amazon SSM Agent",
              "param2" : "stopped"
            },
            "opcode" : "Info",
            "provider_name" : "Service Control Manager"
          },
          "ecs" : {
            "version" : "8.0.0"
          },
          "log" : {
            "file" : {
              "path" : "D:\\AIXSOAR\\EDR\\IDS_2018\\benign\\Tuesday-20-02-2018\\EC2AMAZ-O4EL3NG-172.31.69.19.evtx"
            },
            "level" : "資訊"
          },
          "host" : {
            "os" : {
              "type" : "windows",
              "family" : "windows"
            },
            "name" : "EC2AMAZ-O4EL3NG"
          },
          "message" : "Amazon SSM Agent 服務已進入 stopped 狀態。",
          "event" : {
            "ingested" : "2024-04-09T23:16:15.141186317Z",
            "code" : "7036",
            "provider" : "Service Control Manager",
            "kind" : "event",
            "created" : "2024-04-09T23:16:11.609Z",
            "action" : "None"
          }
        }
      },
      {
        "_index" : "ids-2018-benign",
        "_id" : "lZYlxY4BVtxcAtGl1pqm",
        "_score" : 0.0,
        "_source" : {
          "agent" : {
            "name" : "CHPIYR2",
            "id" : "60d66234-2dc5-408a-9a6e-a0a6278a7ae3",
            "type" : "winlogbeat",
            "ephemeral_id" : "1c6955e6-2277-429a-894f-d607367fd783",
            "version" : "8.11.3"
          },
          "@timestamp" : "2018-02-19T23:49:15.580Z",
          "winlog" : {
            "record_id" : 37104,
            "computer_name" : "EC2AMAZ-O4EL3NG",
            "process" : {
              "pid" : 720,
              "thread" : {
                "id" : 636
              }
            },
            "task" : "None",
            "event_id" : "7024",
            "keywords" : [
              "傳統"
            ],
            "provider_guid" : "{555908d1-a6d7-4695-8e1e-26931d2012f4}",
            "channel" : "System",
            "event_data" : {
              "Binary" : "41006D0061007A006F006E00530053004D004100670065006E0074000000",
              "param1" : "Amazon SSM Agent",
              "param2" : "%%1"
            },
            "api" : "wineventlog",
            "opcode" : "Info",
            "provider_name" : "Service Control Manager"
          },
          "ecs" : {
            "version" : "8.0.0"
          },
          "log" : {
            "file" : {
              "path" : "D:\\AIXSOAR\\EDR\\IDS_2018\\benign\\Tuesday-20-02-2018\\EC2AMAZ-O4EL3NG-172.31.69.19.evtx"
            },
            "level" : "錯誤"
          },
          "host" : {
            "os" : {
              "type" : "windows",
              "family" : "windows"
            },
            "name" : "EC2AMAZ-O4EL3NG"
          },
          "event" : {
            "ingested" : "2024-04-09T23:16:15.141225970Z",
            "code" : "7024",
            "provider" : "Service Control Manager",
            "kind" : "event",
            "created" : "2024-04-09T23:16:11.609Z",
            "action" : "None"
          },
          "message" : "Amazon SSM Agent 服務因下列服務特定錯誤而終止: \n功能錯誤。"
        }
      },
      {
        "_index" : "ids-2018-benign",
        "_id" : "lpYlxY4BVtxcAtGl1pqm",
        "_score" : 0.0,
        "_source" : {
          "agent" : {
            "name" : "CHPIYR2",
            "id" : "60d66234-2dc5-408a-9a6e-a0a6278a7ae3",
            "type" : "winlogbeat",
            "ephemeral_id" : "1c6955e6-2277-429a-894f-d607367fd783",
            "version" : "8.11.3"
          },
          "@timestamp" : "2018-02-19T23:49:15.580Z",
          "winlog" : {
            "computer_name" : "EC2AMAZ-O4EL3NG",
            "record_id" : 37105,
            "process" : {
              "pid" : 720,
              "thread" : {
                "id" : 4080
              }
            },
            "event_id" : "7031",
            "task" : "None",
            "keywords" : [
              "傳統"
            ],
            "provider_guid" : "{555908d1-a6d7-4695-8e1e-26931d2012f4}",
            "channel" : "System",
            "api" : "wineventlog",
            "event_data" : {
              "param5" : "Restart the service",
              "Binary" : "41006D0061007A006F006E00530053004D004100670065006E0074000000",
              "param3" : "30000",
              "param4" : "1",
              "param1" : "Amazon SSM Agent",
              "param2" : "748"
            },
            "opcode" : "Info",
            "provider_name" : "Service Control Manager"
          },
          "ecs" : {
            "version" : "8.0.0"
          },
          "log" : {
            "file" : {
              "path" : "D:\\AIXSOAR\\EDR\\IDS_2018\\benign\\Tuesday-20-02-2018\\EC2AMAZ-O4EL3NG-172.31.69.19.evtx"
            },
            "level" : "錯誤"
          },
          "host" : {
            "os" : {
              "type" : "windows",
              "family" : "windows"
            },
            "name" : "EC2AMAZ-O4EL3NG"
          },
          "event" : {
            "ingested" : "2024-04-09T23:16:15.141264649Z",
            "code" : "7031",
            "provider" : "Service Control Manager",
            "created" : "2024-04-09T23:16:11.609Z",
            "kind" : "event",
            "action" : "None"
          },
          "message" : "Amazon SSM Agent 服務意外終止，服務曾完成這項動作 748 次。以下的修正操作將在 30000 毫秒內執行: Restart the service。"
        }
      },
      {
        "_index" : "ids-2018-benign",
        "_id" : "l5YlxY4BVtxcAtGl1pqm",
        "_score" : 0.0,
        "_source" : {
          "agent" : {
            "name" : "CHPIYR2",
            "id" : "60d66234-2dc5-408a-9a6e-a0a6278a7ae3",
            "ephemeral_id" : "1c6955e6-2277-429a-894f-d607367fd783",
            "type" : "winlogbeat",
            "version" : "8.11.3"
          },
          "@timestamp" : "2018-02-19T23:51:29.234Z",
          "winlog" : {
            "record_id" : 37106,
            "computer_name" : "EC2AMAZ-O4EL3NG",
            "process" : {
              "pid" : 720,
              "thread" : {
                "id" : 3736
              }
            },
            "event_id" : "7036",
            "task" : "None",
            "keywords" : [
              "傳統"
            ],
            "provider_guid" : "{555908d1-a6d7-4695-8e1e-26931d2012f4}",
            "channel" : "System",
            "api" : "wineventlog",
            "event_data" : {
              "Binary" : "41006D0061007A006F006E00530053004D004100670065006E0074002F0031000000",
              "param1" : "Amazon SSM Agent",
              "param2" : "stopped"
            },
            "opcode" : "Info",
            "provider_name" : "Service Control Manager"
          },
          "ecs" : {
            "version" : "8.0.0"
          },
          "log" : {
            "file" : {
              "path" : "D:\\AIXSOAR\\EDR\\IDS_2018\\benign\\Tuesday-20-02-2018\\EC2AMAZ-O4EL3NG-172.31.69.19.evtx"
            },
            "level" : "資訊"
          },
          "host" : {
            "os" : {
              "type" : "windows",
              "family" : "windows"
            },
            "name" : "EC2AMAZ-O4EL3NG"
          },
          "event" : {
            "ingested" : "2024-04-09T23:16:15.141303708Z",
            "code" : "7036",
            "provider" : "Service Control Manager",
            "created" : "2024-04-09T23:16:11.609Z",
            "kind" : "event",
            "action" : "None"
          },
          "message" : "Amazon SSM Agent 服務已進入 stopped 狀態。"
        }
      },
      {
        "_index" : "ids-2018-benign",
        "_id" : "mJYlxY4BVtxcAtGl1pqm",
        "_score" : 0.0,
        "_source" : {
          "agent" : {
            "name" : "CHPIYR2",
            "id" : "60d66234-2dc5-408a-9a6e-a0a6278a7ae3",
            "ephemeral_id" : "1c6955e6-2277-429a-894f-d607367fd783",
            "type" : "winlogbeat",
            "version" : "8.11.3"
          },
          "@timestamp" : "2018-02-19T23:51:29.234Z",
          "winlog" : {
            "computer_name" : "EC2AMAZ-O4EL3NG",
            "record_id" : 37107,
            "process" : {
              "pid" : 720,
              "thread" : {
                "id" : 3736
              }
            },
            "event_id" : "7024",
            "task" : "None",
            "keywords" : [
              "傳統"
            ],
            "provider_guid" : "{555908d1-a6d7-4695-8e1e-26931d2012f4}",
            "channel" : "System",
            "api" : "wineventlog",
            "event_data" : {
              "Binary" : "41006D0061007A006F006E00530053004D004100670065006E0074000000",
              "param1" : "Amazon SSM Agent",
              "param2" : "%%1"
            },
            "provider_name" : "Service Control Manager",
            "opcode" : "Info"
          },
          "ecs" : {
            "version" : "8.0.0"
          },
          "log" : {
            "file" : {
              "path" : "D:\\AIXSOAR\\EDR\\IDS_2018\\benign\\Tuesday-20-02-2018\\EC2AMAZ-O4EL3NG-172.31.69.19.evtx"
            },
            "level" : "錯誤"
          },
          "host" : {
            "os" : {
              "type" : "windows",
              "family" : "windows"
            },
            "name" : "EC2AMAZ-O4EL3NG"
          },
          "event" : {
            "ingested" : "2024-04-09T23:16:15.141340573Z",
            "code" : "7024",
            "provider" : "Service Control Manager",
            "created" : "2024-04-09T23:16:11.609Z",
            "kind" : "event",
            "action" : "None"
          },
          "message" : "Amazon SSM Agent 服務因下列服務特定錯誤而終止: \n功能錯誤。"
        }
      },
      {
        "_index" : "ids-2018-benign",
        "_id" : "mZYlxY4BVtxcAtGl1pqm",
        "_score" : 0.0,
        "_source" : {
          "agent" : {
            "name" : "CHPIYR2",
            "id" : "60d66234-2dc5-408a-9a6e-a0a6278a7ae3",
            "type" : "winlogbeat",
            "ephemeral_id" : "1c6955e6-2277-429a-894f-d607367fd783",
            "version" : "8.11.3"
          },
          "@timestamp" : "2018-02-19T23:51:29.234Z",
          "winlog" : {
            "computer_name" : "EC2AMAZ-O4EL3NG",
            "record_id" : 37108,
            "process" : {
              "pid" : 720,
              "thread" : {
                "id" : 4164
              }
            },
            "task" : "None",
            "event_id" : "7031",
            "keywords" : [
              "傳統"
            ],
            "provider_guid" : "{555908d1-a6d7-4695-8e1e-26931d2012f4}",
            "channel" : "System",
            "event_data" : {
              "param5" : "Restart the service",
              "Binary" : "41006D0061007A006F006E00530053004D004100670065006E0074000000",
              "param3" : "30000",
              "param4" : "1",
              "param1" : "Amazon SSM Agent",
              "param2" : "749"
            },
            "api" : "wineventlog",
            "provider_name" : "Service Control Manager",
            "opcode" : "Info"
          },
          "ecs" : {
            "version" : "8.0.0"
          },
          "log" : {
            "file" : {
              "path" : "D:\\AIXSOAR\\EDR\\IDS_2018\\benign\\Tuesday-20-02-2018\\EC2AMAZ-O4EL3NG-172.31.69.19.evtx"
            },
            "level" : "錯誤"
          },
          "host" : {
            "os" : {
              "type" : "windows",
              "family" : "windows"
            },
            "name" : "EC2AMAZ-O4EL3NG"
          },
          "event" : {
            "ingested" : "2024-04-09T23:16:15.141377971Z",
            "code" : "7031",
            "provider" : "Service Control Manager",
            "kind" : "event",
            "created" : "2024-04-09T23:16:11.609Z",
            "action" : "None"
          },
          "message" : "Amazon SSM Agent 服務意外終止，服務曾完成這項動作 749 次。以下的修正操作將在 30000 毫秒內執行: Restart the service。"
        }
      },
      {
        "_index" : "ids-2018-benign",
        "_id" : "mpYlxY4BVtxcAtGl1pqm",
        "_score" : 0.0,
        "_source" : {
          "agent" : {
            "name" : "CHPIYR2",
            "id" : "60d66234-2dc5-408a-9a6e-a0a6278a7ae3",
            "type" : "winlogbeat",
            "ephemeral_id" : "1c6955e6-2277-429a-894f-d607367fd783",
            "version" : "8.11.3"
          },
          "@timestamp" : "2018-02-19T23:53:41.295Z",
          "winlog" : {
            "record_id" : 37109,
            "computer_name" : "EC2AMAZ-O4EL3NG",
            "process" : {
              "pid" : 720,
              "thread" : {
                "id" : 636
              }
            },
            "event_id" : "7036",
            "task" : "None",
            "keywords" : [
              "傳統"
            ],
            "provider_guid" : "{555908d1-a6d7-4695-8e1e-26931d2012f4}",
            "channel" : "System",
            "event_data" : {
              "Binary" : "41006D0061007A006F006E00530053004D004100670065006E0074002F0031000000",
              "param1" : "Amazon SSM Agent",
              "param2" : "stopped"
            },
            "api" : "wineventlog",
            "provider_name" : "Service Control Manager",
            "opcode" : "Info"
          },
          "ecs" : {
            "version" : "8.0.0"
          },
          "log" : {
            "file" : {
              "path" : "D:\\AIXSOAR\\EDR\\IDS_2018\\benign\\Tuesday-20-02-2018\\EC2AMAZ-O4EL3NG-172.31.69.19.evtx"
            },
            "level" : "資訊"
          },
          "host" : {
            "os" : {
              "type" : "windows",
              "family" : "windows"
            },
            "name" : "EC2AMAZ-O4EL3NG"
          },
          "event" : {
            "ingested" : "2024-04-09T23:16:15.141416029Z",
            "code" : "7036",
            "provider" : "Service Control Manager",
            "created" : "2024-04-09T23:16:11.609Z",
            "kind" : "event",
            "action" : "None"
          },
          "message" : "Amazon SSM Agent 服務已進入 stopped 狀態。"
        }
      },
      {
        "_index" : "ids-2018-benign",
        "_id" : "m5YlxY4BVtxcAtGl1pqm",
        "_score" : 0.0,
        "_source" : {
          "agent" : {
            "name" : "CHPIYR2",
            "id" : "60d66234-2dc5-408a-9a6e-a0a6278a7ae3",
            "ephemeral_id" : "1c6955e6-2277-429a-894f-d607367fd783",
            "type" : "winlogbeat",
            "version" : "8.11.3"
          },
          "@timestamp" : "2018-02-19T23:53:41.295Z",
          "winlog" : {
            "record_id" : 37110,
            "computer_name" : "EC2AMAZ-O4EL3NG",
            "process" : {
              "pid" : 720,
              "thread" : {
                "id" : 636
              }
            },
            "event_id" : "7024",
            "task" : "None",
            "keywords" : [
              "傳統"
            ],
            "provider_guid" : "{555908d1-a6d7-4695-8e1e-26931d2012f4}",
            "channel" : "System",
            "api" : "wineventlog",
            "event_data" : {
              "Binary" : "41006D0061007A006F006E00530053004D004100670065006E0074000000",
              "param1" : "Amazon SSM Agent",
              "param2" : "%%1"
            },
            "opcode" : "Info",
            "provider_name" : "Service Control Manager"
          },
          "ecs" : {
            "version" : "8.0.0"
          },
          "log" : {
            "file" : {
              "path" : "D:\\AIXSOAR\\EDR\\IDS_2018\\benign\\Tuesday-20-02-2018\\EC2AMAZ-O4EL3NG-172.31.69.19.evtx"
            },
            "level" : "錯誤"
          },
          "host" : {
            "os" : {
              "type" : "windows",
              "family" : "windows"
            },
            "name" : "EC2AMAZ-O4EL3NG"
          },
          "message" : "Amazon SSM Agent 服務因下列服務特定錯誤而終止: \n功能錯誤。",
          "event" : {
            "ingested" : "2024-04-09T23:16:15.141452598Z",
            "code" : "7024",
            "provider" : "Service Control Manager",
            "kind" : "event",
            "created" : "2024-04-09T23:16:11.609Z",
            "action" : "None"
          }
        }
      },
      {
        "_index" : "ids-2018-benign",
        "_id" : "nJYlxY4BVtxcAtGl1pqm",
        "_score" : 0.0,
        "_source" : {
          "agent" : {
            "name" : "CHPIYR2",
            "id" : "60d66234-2dc5-408a-9a6e-a0a6278a7ae3",
            "type" : "winlogbeat",
            "ephemeral_id" : "1c6955e6-2277-429a-894f-d607367fd783",
            "version" : "8.11.3"
          },
          "@timestamp" : "2018-02-19T23:53:41.295Z",
          "winlog" : {
            "computer_name" : "EC2AMAZ-O4EL3NG",
            "record_id" : 37111,
            "process" : {
              "pid" : 720,
              "thread" : {
                "id" : 2064
              }
            },
            "event_id" : "7031",
            "task" : "None",
            "keywords" : [
              "傳統"
            ],
            "provider_guid" : "{555908d1-a6d7-4695-8e1e-26931d2012f4}",
            "channel" : "System",
            "event_data" : {
              "param5" : "Restart the service",
              "Binary" : "41006D0061007A006F006E00530053004D004100670065006E0074000000",
              "param3" : "30000",
              "param4" : "1",
              "param1" : "Amazon SSM Agent",
              "param2" : "750"
            },
            "api" : "wineventlog",
            "provider_name" : "Service Control Manager",
            "opcode" : "Info"
          },
          "ecs" : {
            "version" : "8.0.0"
          },
          "log" : {
            "file" : {
              "path" : "D:\\AIXSOAR\\EDR\\IDS_2018\\benign\\Tuesday-20-02-2018\\EC2AMAZ-O4EL3NG-172.31.69.19.evtx"
            },
            "level" : "錯誤"
          },
          "host" : {
            "os" : {
              "type" : "windows",
              "family" : "windows"
            },
            "name" : "EC2AMAZ-O4EL3NG"
          },
          "message" : "Amazon SSM Agent 服務意外終止，服務曾完成這項動作 750 次。以下的修正操作將在 30000 毫秒內執行: Restart the service。",
          "event" : {
            "ingested" : "2024-04-09T23:16:15.141490516Z",
            "code" : "7031",
            "provider" : "Service Control Manager",
            "created" : "2024-04-09T23:16:11.609Z",
            "kind" : "event",
            "action" : "None"
          }
        }
      },
      {
        "_index" : "ids-2018-benign",
        "_id" : "nZYlxY4BVtxcAtGl1pqm",
        "_score" : 0.0,
        "_source" : {
          "agent" : {
            "name" : "CHPIYR2",
            "id" : "60d66234-2dc5-408a-9a6e-a0a6278a7ae3",
            "ephemeral_id" : "1c6955e6-2277-429a-894f-d607367fd783",
            "type" : "winlogbeat",
            "version" : "8.11.3"
          },
          "@timestamp" : "2018-02-19T23:55:53.168Z",
          "winlog" : {
            "record_id" : 37112,
            "computer_name" : "EC2AMAZ-O4EL3NG",
            "process" : {
              "pid" : 720,
              "thread" : {
                "id" : 3736
              }
            },
            "task" : "None",
            "event_id" : "7036",
            "keywords" : [
              "傳統"
            ],
            "provider_guid" : "{555908d1-a6d7-4695-8e1e-26931d2012f4}",
            "channel" : "System",
            "event_data" : {
              "Binary" : "41006D0061007A006F006E00530053004D004100670065006E0074002F0031000000",
              "param1" : "Amazon SSM Agent",
              "param2" : "stopped"
            },
            "api" : "wineventlog",
            "provider_name" : "Service Control Manager",
            "opcode" : "Info"
          },
          "ecs" : {
            "version" : "8.0.0"
          },
          "log" : {
            "file" : {
              "path" : "D:\\AIXSOAR\\EDR\\IDS_2018\\benign\\Tuesday-20-02-2018\\EC2AMAZ-O4EL3NG-172.31.69.19.evtx"
            },
            "level" : "資訊"
          },
          "host" : {
            "os" : {
              "type" : "windows",
              "family" : "windows"
            },
            "name" : "EC2AMAZ-O4EL3NG"
          },
          "event" : {
            "ingested" : "2024-04-09T23:16:15.141528204Z",
            "code" : "7036",
            "provider" : "Service Control Manager",
            "created" : "2024-04-09T23:16:11.609Z",
            "kind" : "event",
            "action" : "None"
          },
          "message" : "Amazon SSM Agent 服務已進入 stopped 狀態。"
        }
      },
      {
        "_index" : "ids-2018-benign",
        "_id" : "npYlxY4BVtxcAtGl1pqm",
        "_score" : 0.0,
        "_source" : {
          "agent" : {
            "name" : "CHPIYR2",
            "id" : "60d66234-2dc5-408a-9a6e-a0a6278a7ae3",
            "type" : "winlogbeat",
            "ephemeral_id" : "1c6955e6-2277-429a-894f-d607367fd783",
            "version" : "8.11.3"
          },
          "@timestamp" : "2018-02-19T23:55:53.168Z",
          "winlog" : {
            "record_id" : 37113,
            "computer_name" : "EC2AMAZ-O4EL3NG",
            "process" : {
              "pid" : 720,
              "thread" : {
                "id" : 3736
              }
            },
            "event_id" : "7024",
            "task" : "None",
            "keywords" : [
              "傳統"
            ],
            "provider_guid" : "{555908d1-a6d7-4695-8e1e-26931d2012f4}",
            "channel" : "System",
            "event_data" : {
              "Binary" : "41006D0061007A006F006E00530053004D004100670065006E0074000000",
              "param1" : "Amazon SSM Agent",
              "param2" : "%%1"
            },
            "api" : "wineventlog",
            "opcode" : "Info",
            "provider_name" : "Service Control Manager"
          },
          "ecs" : {
            "version" : "8.0.0"
          },
          "log" : {
            "file" : {
              "path" : "D:\\AIXSOAR\\EDR\\IDS_2018\\benign\\Tuesday-20-02-2018\\EC2AMAZ-O4EL3NG-172.31.69.19.evtx"
            },
            "level" : "錯誤"
          },
          "host" : {
            "os" : {
              "type" : "windows",
              "family" : "windows"
            },
            "name" : "EC2AMAZ-O4EL3NG"
          },
          "event" : {
            "ingested" : "2024-04-09T23:16:15.141564692Z",
            "code" : "7024",
            "provider" : "Service Control Manager",
            "created" : "2024-04-09T23:16:11.609Z",
            "kind" : "event",
            "action" : "None"
          },
          "message" : "Amazon SSM Agent 服務因下列服務特定錯誤而終止: \n功能錯誤。"
        }
      },
      {
        "_index" : "ids-2018-benign",
        "_id" : "n5YlxY4BVtxcAtGl1pqm",
        "_score" : 0.0,
        "_source" : {
          "agent" : {
            "name" : "CHPIYR2",
            "id" : "60d66234-2dc5-408a-9a6e-a0a6278a7ae3",
            "ephemeral_id" : "1c6955e6-2277-429a-894f-d607367fd783",
            "type" : "winlogbeat",
            "version" : "8.11.3"
          },
          "@timestamp" : "2018-02-19T23:55:53.168Z",
          "winlog" : {
            "record_id" : 37114,
            "computer_name" : "EC2AMAZ-O4EL3NG",
            "process" : {
              "pid" : 720,
              "thread" : {
                "id" : 4548
              }
            },
            "task" : "None",
            "event_id" : "7031",
            "keywords" : [
              "傳統"
            ],
            "provider_guid" : "{555908d1-a6d7-4695-8e1e-26931d2012f4}",
            "channel" : "System",
            "api" : "wineventlog",
            "event_data" : {
              "param5" : "Restart the service",
              "Binary" : "41006D0061007A006F006E00530053004D004100670065006E0074000000",
              "param3" : "30000",
              "param4" : "1",
              "param1" : "Amazon SSM Agent",
              "param2" : "751"
            },
            "opcode" : "Info",
            "provider_name" : "Service Control Manager"
          },
          "ecs" : {
            "version" : "8.0.0"
          },
          "log" : {
            "file" : {
              "path" : "D:\\AIXSOAR\\EDR\\IDS_2018\\benign\\Tuesday-20-02-2018\\EC2AMAZ-O4EL3NG-172.31.69.19.evtx"
            },
            "level" : "錯誤"
          },
          "host" : {
            "os" : {
              "type" : "windows",
              "family" : "windows"
            },
            "name" : "EC2AMAZ-O4EL3NG"
          },
          "message" : "Amazon SSM Agent 服務意外終止，服務曾完成這項動作 751 次。以下的修正操作將在 30000 毫秒內執行: Restart the service。",
          "event" : {
            "ingested" : "2024-04-09T23:16:15.141601699Z",
            "code" : "7031",
            "provider" : "Service Control Manager",
            "kind" : "event",
            "created" : "2024-04-09T23:16:11.610Z",
            "action" : "None"
          }
        }
      },
      {
        "_index" : "ids-2018-benign",
        "_id" : "oJYlxY4BVtxcAtGl1pqm",
        "_score" : 0.0,
        "_source" : {
          "agent" : {
            "name" : "CHPIYR2",
            "id" : "60d66234-2dc5-408a-9a6e-a0a6278a7ae3",
            "ephemeral_id" : "1c6955e6-2277-429a-894f-d607367fd783",
            "type" : "winlogbeat",
            "version" : "8.11.3"
          },
          "@timestamp" : "2018-02-19T23:58:09.698Z",
          "winlog" : {
            "record_id" : 37115,
            "computer_name" : "EC2AMAZ-O4EL3NG",
            "process" : {
              "pid" : 720,
              "thread" : {
                "id" : 4680
              }
            },
            "event_id" : "7036",
            "task" : "None",
            "keywords" : [
              "傳統"
            ],
            "provider_guid" : "{555908d1-a6d7-4695-8e1e-26931d2012f4}",
            "channel" : "System",
            "api" : "wineventlog",
            "event_data" : {
              "Binary" : "41006D0061007A006F006E00530053004D004100670065006E0074002F0031000000",
              "param1" : "Amazon SSM Agent",
              "param2" : "stopped"
            },
            "provider_name" : "Service Control Manager",
            "opcode" : "Info"
          },
          "ecs" : {
            "version" : "8.0.0"
          },
          "log" : {
            "file" : {
              "path" : "D:\\AIXSOAR\\EDR\\IDS_2018\\benign\\Tuesday-20-02-2018\\EC2AMAZ-O4EL3NG-172.31.69.19.evtx"
            },
            "level" : "資訊"
          },
          "host" : {
            "os" : {
              "type" : "windows",
              "family" : "windows"
            },
            "name" : "EC2AMAZ-O4EL3NG"
          },
          "event" : {
            "ingested" : "2024-04-09T23:16:15.141639439Z",
            "code" : "7036",
            "provider" : "Service Control Manager",
            "kind" : "event",
            "created" : "2024-04-09T23:16:11.610Z",
            "action" : "None"
          },
          "message" : "Amazon SSM Agent 服務已進入 stopped 狀態。"
        }
      },
      {
        "_index" : "ids-2018-benign",
        "_id" : "oZYlxY4BVtxcAtGl1pqm",
        "_score" : 0.0,
        "_source" : {
          "agent" : {
            "name" : "CHPIYR2",
            "id" : "60d66234-2dc5-408a-9a6e-a0a6278a7ae3",
            "ephemeral_id" : "1c6955e6-2277-429a-894f-d607367fd783",
            "type" : "winlogbeat",
            "version" : "8.11.3"
          },
          "@timestamp" : "2018-02-19T23:58:09.698Z",
          "winlog" : {
            "record_id" : 37116,
            "computer_name" : "EC2AMAZ-O4EL3NG",
            "process" : {
              "pid" : 720,
              "thread" : {
                "id" : 4680
              }
            },
            "event_id" : "7024",
            "task" : "None",
            "keywords" : [
              "傳統"
            ],
            "provider_guid" : "{555908d1-a6d7-4695-8e1e-26931d2012f4}",
            "channel" : "System",
            "api" : "wineventlog",
            "event_data" : {
              "Binary" : "41006D0061007A006F006E00530053004D004100670065006E0074000000",
              "param1" : "Amazon SSM Agent",
              "param2" : "%%1"
            },
            "provider_name" : "Service Control Manager",
            "opcode" : "Info"
          },
          "ecs" : {
            "version" : "8.0.0"
          },
          "log" : {
            "file" : {
              "path" : "D:\\AIXSOAR\\EDR\\IDS_2018\\benign\\Tuesday-20-02-2018\\EC2AMAZ-O4EL3NG-172.31.69.19.evtx"
            },
            "level" : "錯誤"
          },
          "host" : {
            "os" : {
              "type" : "windows",
              "family" : "windows"
            },
            "name" : "EC2AMAZ-O4EL3NG"
          },
          "event" : {
            "ingested" : "2024-04-09T23:16:15.141674906Z",
            "code" : "7024",
            "provider" : "Service Control Manager",
            "created" : "2024-04-09T23:16:11.610Z",
            "kind" : "event",
            "action" : "None"
          },
          "message" : "Amazon SSM Agent 服務因下列服務特定錯誤而終止: \n功能錯誤。"
        }
      },
      {
        "_index" : "ids-2018-benign",
        "_id" : "opYlxY4BVtxcAtGl1pqm",
        "_score" : 0.0,
        "_source" : {
          "agent" : {
            "name" : "CHPIYR2",
            "id" : "60d66234-2dc5-408a-9a6e-a0a6278a7ae3",
            "ephemeral_id" : "1c6955e6-2277-429a-894f-d607367fd783",
            "type" : "winlogbeat",
            "version" : "8.11.3"
          },
          "@timestamp" : "2018-02-19T23:58:09.698Z",
          "winlog" : {
            "computer_name" : "EC2AMAZ-O4EL3NG",
            "record_id" : 37117,
            "process" : {
              "pid" : 720,
              "thread" : {
                "id" : 868
              }
            },
            "event_id" : "7031",
            "task" : "None",
            "keywords" : [
              "傳統"
            ],
            "provider_guid" : "{555908d1-a6d7-4695-8e1e-26931d2012f4}",
            "channel" : "System",
            "event_data" : {
              "param5" : "Restart the service",
              "Binary" : "41006D0061007A006F006E00530053004D004100670065006E0074000000",
              "param3" : "30000",
              "param4" : "1",
              "param1" : "Amazon SSM Agent",
              "param2" : "752"
            },
            "api" : "wineventlog",
            "opcode" : "Info",
            "provider_name" : "Service Control Manager"
          },
          "ecs" : {
            "version" : "8.0.0"
          },
          "log" : {
            "file" : {
              "path" : "D:\\AIXSOAR\\EDR\\IDS_2018\\benign\\Tuesday-20-02-2018\\EC2AMAZ-O4EL3NG-172.31.69.19.evtx"
            },
            "level" : "錯誤"
          },
          "host" : {
            "os" : {
              "type" : "windows",
              "family" : "windows"
            },
            "name" : "EC2AMAZ-O4EL3NG"
          },
          "event" : {
            "ingested" : "2024-04-09T23:16:15.141711814Z",
            "code" : "7031",
            "provider" : "Service Control Manager",
            "created" : "2024-04-09T23:16:11.610Z",
            "kind" : "event",
            "action" : "None"
          },
          "message" : "Amazon SSM Agent 服務意外終止，服務曾完成這項動作 752 次。以下的修正操作將在 30000 毫秒內執行: Restart the service。"
        }
      },
      {
        "_index" : "ids-2018-benign",
        "_id" : "HpYmxY4BVtxcAtGle9Xl",
        "_score" : 0.0,
        "_source" : {
          "agent" : {
            "name" : "CHPIYR2",
            "id" : "60d66234-2dc5-408a-9a6e-a0a6278a7ae3",
            "type" : "winlogbeat",
            "ephemeral_id" : "8aa1c5bf-668c-43a2-93cc-4e3a4e988a55",
            "version" : "8.11.3"
          },
          "@timestamp" : "2018-02-19T23:31:51.306Z",
          "winlog" : {
            "record_id" : 31833,
            "computer_name" : "EC2AMAZ-O4EL3NG",
            "process" : {
              "pid" : 720,
              "thread" : {
                "id" : 3444
              }
            },
            "event_id" : "7036",
            "task" : "None",
            "keywords" : [
              "傳統"
            ],
            "provider_guid" : "{555908d1-a6d7-4695-8e1e-26931d2012f4}",
            "channel" : "System",
            "api" : "wineventlog",
            "event_data" : {
              "Binary" : "41006D0061007A006F006E00530053004D004100670065006E0074002F0031000000",
              "param1" : "Amazon SSM Agent",
              "param2" : "stopped"
            },
            "opcode" : "Info",
            "provider_name" : "Service Control Manager"
          },
          "ecs" : {
            "version" : "8.0.0"
          },
          "log" : {
            "file" : {
              "path" : "D:\\AIXSOAR\\EDR\\IDS_2018\\benign\\Wednesday-21-02-2018\\EC2AMAZ-O4EL3NG-172.31.69.11.evtx"
            },
            "level" : "資訊"
          },
          "host" : {
            "os" : {
              "type" : "windows",
              "family" : "windows"
            },
            "name" : "EC2AMAZ-O4EL3NG"
          },
          "event" : {
            "ingested" : "2024-04-09T23:16:57.445459137Z",
            "code" : "7036",
            "provider" : "Service Control Manager",
            "created" : "2024-04-09T23:16:53.387Z",
            "kind" : "event",
            "action" : "None"
          },
          "message" : "Amazon SSM Agent 服務已進入 stopped 狀態。"
        }
      },
      {
        "_index" : "ids-2018-benign",
        "_id" : "H5YmxY4BVtxcAtGle9Xl",
        "_score" : 0.0,
        "_source" : {
          "agent" : {
            "name" : "CHPIYR2",
            "id" : "60d66234-2dc5-408a-9a6e-a0a6278a7ae3",
            "ephemeral_id" : "8aa1c5bf-668c-43a2-93cc-4e3a4e988a55",
            "type" : "winlogbeat",
            "version" : "8.11.3"
          },
          "@timestamp" : "2018-02-19T23:31:51.306Z",
          "winlog" : {
            "record_id" : 31834,
            "computer_name" : "EC2AMAZ-O4EL3NG",
            "process" : {
              "pid" : 720,
              "thread" : {
                "id" : 3444
              }
            },
            "task" : "None",
            "event_id" : "7024",
            "keywords" : [
              "傳統"
            ],
            "provider_guid" : "{555908d1-a6d7-4695-8e1e-26931d2012f4}",
            "channel" : "System",
            "event_data" : {
              "Binary" : "41006D0061007A006F006E00530053004D004100670065006E0074000000",
              "param1" : "Amazon SSM Agent",
              "param2" : "%%1"
            },
            "api" : "wineventlog",
            "provider_name" : "Service Control Manager",
            "opcode" : "Info"
          },
          "ecs" : {
            "version" : "8.0.0"
          },
          "log" : {
            "file" : {
              "path" : "D:\\AIXSOAR\\EDR\\IDS_2018\\benign\\Wednesday-21-02-2018\\EC2AMAZ-O4EL3NG-172.31.69.11.evtx"
            },
            "level" : "錯誤"
          },
          "host" : {
            "os" : {
              "type" : "windows",
              "family" : "windows"
            },
            "name" : "EC2AMAZ-O4EL3NG"
          },
          "event" : {
            "ingested" : "2024-04-09T23:16:57.445484017Z",
            "code" : "7024",
            "provider" : "Service Control Manager",
            "kind" : "event",
            "created" : "2024-04-09T23:16:53.387Z",
            "action" : "None"
          },
          "message" : "Amazon SSM Agent 服務因下列服務特定錯誤而終止: \n功能錯誤。"
        }
      },
      {
        "_index" : "ids-2018-benign",
        "_id" : "IJYmxY4BVtxcAtGle9Xl",
        "_score" : 0.0,
        "_source" : {
          "agent" : {
            "name" : "CHPIYR2",
            "id" : "60d66234-2dc5-408a-9a6e-a0a6278a7ae3",
            "type" : "winlogbeat",
            "ephemeral_id" : "8aa1c5bf-668c-43a2-93cc-4e3a4e988a55",
            "version" : "8.11.3"
          },
          "@timestamp" : "2018-02-19T23:31:51.306Z",
          "winlog" : {
            "record_id" : 31835,
            "computer_name" : "EC2AMAZ-O4EL3NG",
            "process" : {
              "pid" : 720,
              "thread" : {
                "id" : 2052
              }
            },
            "task" : "None",
            "event_id" : "7031",
            "keywords" : [
              "傳統"
            ],
            "provider_guid" : "{555908d1-a6d7-4695-8e1e-26931d2012f4}",
            "channel" : "System",
            "event_data" : {
              "param5" : "Restart the service",
              "Binary" : "41006D0061007A006F006E00530053004D004100670065006E0074000000",
              "param3" : "30000",
              "param4" : "1",
              "param1" : "Amazon SSM Agent",
              "param2" : "745"
            },
            "api" : "wineventlog",
            "provider_name" : "Service Control Manager",
            "opcode" : "Info"
          },
          "ecs" : {
            "version" : "8.0.0"
          },
          "log" : {
            "file" : {
              "path" : "D:\\AIXSOAR\\EDR\\IDS_2018\\benign\\Wednesday-21-02-2018\\EC2AMAZ-O4EL3NG-172.31.69.11.evtx"
            },
            "level" : "錯誤"
          },
          "host" : {
            "os" : {
              "type" : "windows",
              "family" : "windows"
            },
            "name" : "EC2AMAZ-O4EL3NG"
          },
          "event" : {
            "ingested" : "2024-04-09T23:16:57.445506660Z",
            "code" : "7031",
            "provider" : "Service Control Manager",
            "kind" : "event",
            "created" : "2024-04-09T23:16:53.387Z",
            "action" : "None"
          },
          "message" : "Amazon SSM Agent 服務意外終止，服務曾完成這項動作 745 次。以下的修正操作將在 30000 毫秒內執行: Restart the service。"
        }
      },
      {
        "_index" : "ids-2018-benign",
        "_id" : "IZYmxY4BVtxcAtGle9Xl",
        "_score" : 0.0,
        "_source" : {
          "agent" : {
            "name" : "CHPIYR2",
            "id" : "60d66234-2dc5-408a-9a6e-a0a6278a7ae3",
            "ephemeral_id" : "8aa1c5bf-668c-43a2-93cc-4e3a4e988a55",
            "type" : "winlogbeat",
            "version" : "8.11.3"
          },
          "@timestamp" : "2018-02-19T23:34:01.976Z",
          "winlog" : {
            "record_id" : 31836,
            "computer_name" : "EC2AMAZ-O4EL3NG",
            "process" : {
              "pid" : 720,
              "thread" : {
                "id" : 3136
              }
            },
            "event_id" : "7036",
            "task" : "None",
            "keywords" : [
              "傳統"
            ],
            "provider_guid" : "{555908d1-a6d7-4695-8e1e-26931d2012f4}",
            "channel" : "System",
            "event_data" : {
              "Binary" : "41006D0061007A006F006E00530053004D004100670065006E0074002F0031000000",
              "param1" : "Amazon SSM Agent",
              "param2" : "stopped"
            },
            "api" : "wineventlog",
            "provider_name" : "Service Control Manager",
            "opcode" : "Info"
          },
          "ecs" : {
            "version" : "8.0.0"
          },
          "log" : {
            "file" : {
              "path" : "D:\\AIXSOAR\\EDR\\IDS_2018\\benign\\Wednesday-21-02-2018\\EC2AMAZ-O4EL3NG-172.31.69.11.evtx"
            },
            "level" : "資訊"
          },
          "host" : {
            "os" : {
              "type" : "windows",
              "family" : "windows"
            },
            "name" : "EC2AMAZ-O4EL3NG"
          },
          "message" : "Amazon SSM Agent 服務已進入 stopped 狀態。",
          "event" : {
            "ingested" : "2024-04-09T23:16:57.445529354Z",
            "code" : "7036",
            "provider" : "Service Control Manager",
            "kind" : "event",
            "created" : "2024-04-09T23:16:53.387Z",
            "action" : "None"
          }
        }
      },
      {
        "_index" : "ids-2018-benign",
        "_id" : "IpYmxY4BVtxcAtGle9Xl",
        "_score" : 0.0,
        "_source" : {
          "agent" : {
            "name" : "CHPIYR2",
            "id" : "60d66234-2dc5-408a-9a6e-a0a6278a7ae3",
            "ephemeral_id" : "8aa1c5bf-668c-43a2-93cc-4e3a4e988a55",
            "type" : "winlogbeat",
            "version" : "8.11.3"
          },
          "@timestamp" : "2018-02-19T23:34:01.976Z",
          "winlog" : {
            "computer_name" : "EC2AMAZ-O4EL3NG",
            "record_id" : 31837,
            "process" : {
              "pid" : 720,
              "thread" : {
                "id" : 3136
              }
            },
            "task" : "None",
            "event_id" : "7024",
            "keywords" : [
              "傳統"
            ],
            "provider_guid" : "{555908d1-a6d7-4695-8e1e-26931d2012f4}",
            "channel" : "System",
            "api" : "wineventlog",
            "event_data" : {
              "Binary" : "41006D0061007A006F006E00530053004D004100670065006E0074000000",
              "param1" : "Amazon SSM Agent",
              "param2" : "%%1"
            },
            "provider_name" : "Service Control Manager",
            "opcode" : "Info"
          },
          "ecs" : {
            "version" : "8.0.0"
          },
          "log" : {
            "file" : {
              "path" : "D:\\AIXSOAR\\EDR\\IDS_2018\\benign\\Wednesday-21-02-2018\\EC2AMAZ-O4EL3NG-172.31.69.11.evtx"
            },
            "level" : "錯誤"
          },
          "host" : {
            "os" : {
              "type" : "windows",
              "family" : "windows"
            },
            "name" : "EC2AMAZ-O4EL3NG"
          },
          "event" : {
            "ingested" : "2024-04-09T23:16:57.445551658Z",
            "code" : "7024",
            "provider" : "Service Control Manager",
            "created" : "2024-04-09T23:16:53.387Z",
            "kind" : "event",
            "action" : "None"
          },
          "message" : "Amazon SSM Agent 服務因下列服務特定錯誤而終止: \n功能錯誤。"
        }
      },
      {
        "_index" : "ids-2018-benign",
        "_id" : "I5YmxY4BVtxcAtGle9Xl",
        "_score" : 0.0,
        "_source" : {
          "agent" : {
            "name" : "CHPIYR2",
            "id" : "60d66234-2dc5-408a-9a6e-a0a6278a7ae3",
            "type" : "winlogbeat",
            "ephemeral_id" : "8aa1c5bf-668c-43a2-93cc-4e3a4e988a55",
            "version" : "8.11.3"
          },
          "@timestamp" : "2018-02-19T23:34:01.976Z",
          "winlog" : {
            "record_id" : 31838,
            "computer_name" : "EC2AMAZ-O4EL3NG",
            "process" : {
              "pid" : 720,
              "thread" : {
                "id" : 3700
              }
            },
            "task" : "None",
            "event_id" : "7031",
            "keywords" : [
              "傳統"
            ],
            "provider_guid" : "{555908d1-a6d7-4695-8e1e-26931d2012f4}",
            "channel" : "System",
            "api" : "wineventlog",
            "event_data" : {
              "param5" : "Restart the service",
              "Binary" : "41006D0061007A006F006E00530053004D004100670065006E0074000000",
              "param3" : "30000",
              "param4" : "1",
              "param1" : "Amazon SSM Agent",
              "param2" : "746"
            },
            "provider_name" : "Service Control Manager",
            "opcode" : "Info"
          },
          "ecs" : {
            "version" : "8.0.0"
          },
          "log" : {
            "file" : {
              "path" : "D:\\AIXSOAR\\EDR\\IDS_2018\\benign\\Wednesday-21-02-2018\\EC2AMAZ-O4EL3NG-172.31.69.11.evtx"
            },
            "level" : "錯誤"
          },
          "host" : {
            "os" : {
              "type" : "windows",
              "family" : "windows"
            },
            "name" : "EC2AMAZ-O4EL3NG"
          },
          "event" : {
            "ingested" : "2024-04-09T23:16:57.445573280Z",
            "code" : "7031",
            "provider" : "Service Control Manager",
            "created" : "2024-04-09T23:16:53.387Z",
            "kind" : "event",
            "action" : "None"
          },
          "message" : "Amazon SSM Agent 服務意外終止，服務曾完成這項動作 746 次。以下的修正操作將在 30000 毫秒內執行: Restart the service。"
        }
      },
