      {
        "_index" : "ids-2018-benign",
        "_id" : "8JUixY4BVtxcAtGlKjzi",
        "_score" : 0.0,
        "_source" : {
          "agent" : {
            "name" : "CHPIYR2",
            "id" : "60d66234-2dc5-408a-9a6e-a0a6278a7ae3",
            "type" : "winlogbeat",
            "ephemeral_id" : "639fb464-a7bd-4977-8c32-48332ab62537",
            "version" : "8.11.3"
          },
          "@timestamp" : "2018-02-13T12:36:59.303Z",
          "winlog" : {
            "record_id" : 27942,
            "computer_name" : "EC2AMAZ-O4EL3NG",
            "process" : {
              "pid" : 720,
              "thread" : {
                "id" : 788
              }
            },
            "event_id" : "7036",
            "task" : "None",
            "keywords" : [
              "傳統"
            ],
            "provider_guid" : "{555908d1-a6d7-4695-8e1e-26931d2012f4}",
            "channel" : "System",
            "event_data" : {
              "Binary" : "530079007300740065006D004500760065006E0074007300420072006F006B00650072002F0034000000",
              "param1" : "SystemEventsBroker",
              "param2" : "running"
            },
            "api" : "wineventlog",
            "provider_name" : "Service Control Manager",
            "opcode" : "Info"
          },
          "ecs" : {
            "version" : "8.0.0"
          },
          "log" : {
            "file" : {
              "path" : "D:\\AIXSOAR\\EDR\\IDS_2018\\benign\\Friday-23-02-2018\\EC2AMAZ-O4EL3NG-172.31.69.19.evtx"
            },
            "level" : "資訊"
          },
          "host" : {
            "os" : {
              "type" : "windows",
              "family" : "windows"
            },
            "name" : "EC2AMAZ-O4EL3NG"
          },
          "message" : "SystemEventsBroker 服務已進入 running 狀態。",
          "event" : {
            "ingested" : "2024-04-09T23:12:14.560700394Z",
            "code" : "7036",
            "provider" : "Service Control Manager",
            "created" : "2024-04-09T23:12:07.293Z",
            "kind" : "event",
            "action" : "None"
          }
        }
      },
      {
        "_index" : "ids-2018-benign",
        "_id" : "8ZUixY4BVtxcAtGlKjzi",
        "_score" : 0.0,
        "_source" : {
          "agent" : {
            "name" : "CHPIYR2",
            "id" : "60d66234-2dc5-408a-9a6e-a0a6278a7ae3",
            "type" : "winlogbeat",
            "ephemeral_id" : "639fb464-a7bd-4977-8c32-48332ab62537",
            "version" : "8.11.3"
          },
          "@timestamp" : "2018-02-13T12:36:59.678Z",
          "winlog" : {
            "record_id" : 27943,
            "computer_name" : "EC2AMAZ-O4EL3NG",
            "process" : {
              "pid" : 720,
              "thread" : {
                "id" : 828
              }
            },
            "task" : "None",
            "event_id" : "7036",
            "keywords" : [
              "傳統"
            ],
            "provider_guid" : "{555908d1-a6d7-4695-8e1e-26931d2012f4}",
            "channel" : "System",
            "api" : "wineventlog",
            "event_data" : {
              "Binary" : "43006F00720065004D006500730073006100670069006E0067005200650067006900730074007200610072002F0034000000",
              "param1" : "CoreMessagingRegistrar",
              "param2" : "running"
            },
            "opcode" : "Info",
            "provider_name" : "Service Control Manager"
          },
          "ecs" : {
            "version" : "8.0.0"
          },
          "log" : {
            "file" : {
              "path" : "D:\\AIXSOAR\\EDR\\IDS_2018\\benign\\Friday-23-02-2018\\EC2AMAZ-O4EL3NG-172.31.69.19.evtx"
            },
            "level" : "資訊"
          },
          "host" : {
            "os" : {
              "type" : "windows",
              "family" : "windows"
            },
            "name" : "EC2AMAZ-O4EL3NG"
          },
          "message" : "CoreMessagingRegistrar 服務已進入 running 狀態。",
          "event" : {
            "ingested" : "2024-04-09T23:12:14.560758637Z",
            "code" : "7036",
            "provider" : "Service Control Manager",
            "kind" : "event",
            "created" : "2024-04-09T23:12:07.414Z",
            "action" : "None"
          }
        }
      },
      {
        "_index" : "ids-2018-benign",
        "_id" : "8pUixY4BVtxcAtGlKjzi",
        "_score" : 0.0,
        "_source" : {
          "agent" : {
            "name" : "CHPIYR2",
            "id" : "60d66234-2dc5-408a-9a6e-a0a6278a7ae3",
            "type" : "winlogbeat",
            "ephemeral_id" : "639fb464-a7bd-4977-8c32-48332ab62537",
            "version" : "8.11.3"
          },
          "@timestamp" : "2018-02-13T12:36:59.678Z",
          "winlog" : {
            "computer_name" : "EC2AMAZ-O4EL3NG",
            "record_id" : 27944,
            "process" : {
              "pid" : 720,
              "thread" : {
                "id" : 612
              }
            },
            "task" : "None",
            "event_id" : "7036",
            "keywords" : [
              "傳統"
            ],
            "provider_guid" : "{555908d1-a6d7-4695-8e1e-26931d2012f4}",
            "channel" : "System",
            "event_data" : {
              "Binary" : "6C006D0068006F007300740073002F0034000000",
              "param1" : "lmhosts",
              "param2" : "running"
            },
            "api" : "wineventlog",
            "opcode" : "Info",
            "provider_name" : "Service Control Manager"
          },
          "ecs" : {
            "version" : "8.0.0"
          },
          "log" : {
            "file" : {
              "path" : "D:\\AIXSOAR\\EDR\\IDS_2018\\benign\\Friday-23-02-2018\\EC2AMAZ-O4EL3NG-172.31.69.19.evtx"
            },
            "level" : "資訊"
          },
          "host" : {
            "os" : {
              "type" : "windows",
              "family" : "windows"
            },
            "name" : "EC2AMAZ-O4EL3NG"
          },
          "event" : {
            "ingested" : "2024-04-09T23:12:14.560818053Z",
            "code" : "7036",
            "provider" : "Service Control Manager",
            "created" : "2024-04-09T23:12:07.414Z",
            "kind" : "event",
            "action" : "None"
          },
          "message" : "lmhosts 服務已進入 running 狀態。"
        }
      },
      {
        "_index" : "ids-2018-benign",
        "_id" : "85UixY4BVtxcAtGlKjzi",
        "_score" : 0.0,
        "_source" : {
          "agent" : {
            "name" : "CHPIYR2",
            "id" : "60d66234-2dc5-408a-9a6e-a0a6278a7ae3",
            "ephemeral_id" : "639fb464-a7bd-4977-8c32-48332ab62537",
            "type" : "winlogbeat",
            "version" : "8.11.3"
          },
          "@timestamp" : "2018-02-13T12:36:59.709Z",
          "winlog" : {
            "record_id" : 27945,
            "computer_name" : "EC2AMAZ-O4EL3NG",
            "process" : {
              "pid" : 720,
              "thread" : {
                "id" : 612
              }
            },
            "event_id" : "7036",
            "task" : "None",
            "keywords" : [
              "傳統"
            ],
            "provider_guid" : "{555908d1-a6d7-4695-8e1e-26931d2012f4}",
            "channel" : "System",
            "event_data" : {
              "Binary" : "5400650072006D0053006500720076006900630065002F0034000000",
              "param1" : "TermService",
              "param2" : "running"
            },
            "api" : "wineventlog",
            "opcode" : "Info",
            "provider_name" : "Service Control Manager"
          },
          "ecs" : {
            "version" : "8.0.0"
          },
          "log" : {
            "file" : {
              "path" : "D:\\AIXSOAR\\EDR\\IDS_2018\\benign\\Friday-23-02-2018\\EC2AMAZ-O4EL3NG-172.31.69.19.evtx"
            },
            "level" : "資訊"
          },
          "host" : {
            "os" : {
              "type" : "windows",
              "family" : "windows"
            },
            "name" : "EC2AMAZ-O4EL3NG"
          },
          "message" : "TermService 服務已進入 running 狀態。",
          "event" : {
            "ingested" : "2024-04-09T23:12:14.560874567Z",
            "code" : "7036",
            "provider" : "Service Control Manager",
            "created" : "2024-04-09T23:12:07.414Z",
            "kind" : "event",
            "action" : "None"
          }
        }
      },
      {
        "_index" : "ids-2018-benign",
        "_id" : "9JUixY4BVtxcAtGlKjzi",
        "_score" : 0.0,
        "_source" : {
          "agent" : {
            "name" : "CHPIYR2",
            "id" : "60d66234-2dc5-408a-9a6e-a0a6278a7ae3",
            "type" : "winlogbeat",
            "ephemeral_id" : "639fb464-a7bd-4977-8c32-48332ab62537",
            "version" : "8.11.3"
          },
          "@timestamp" : "2018-02-13T12:36:59.894Z",
          "winlog" : {
            "computer_name" : "EC2AMAZ-O4EL3NG",
            "process" : {
              "pid" : 4,
              "thread" : {
                "id" : 88
              }
            },
            "channel" : "System",
            "event_data" : {
              "ExtraInfoLength" : "201",
              "DeviceVersionMinor" : "0",
              "DeviceTime" : "2017-11-01T18:09:40.0000000Z",
              "ExtraInfoString" : "{ \"flags\" : \"0x00000014\" , \"registration_version\" : \"0x00000203\" , \"tx\" : false , \"sections\" : false , \"frame\" : 0 , \"class_name\" : \"FSFilter Virtualization\" , \"instances\" : [[\"135000\",\"0x00000000\"]] }",
              "DeviceVersionMajor" : "10",
              "DeviceNameLength" : "5",
              "FinalStatus" : "0x0",
              "FilterID" : "{02000000-0008-0000-3eae-9657c7a4d301}",
              "DeviceName" : "luafv"
            },
            "opcode" : "資訊",
            "version" : 1,
            "record_id" : 27946,
            "event_id" : "6",
            "task" : "None",
            "provider_guid" : "{f3c5e28e-63f6-49c7-a204-e48a1bc4b09d}",
            "api" : "wineventlog",
            "provider_name" : "Microsoft-Windows-FilterManager",
            "user" : {
              "identifier" : "S-1-5-18",
              "domain" : "NT AUTHORITY",
              "name" : "SYSTEM",
              "type" : "Well Known Group"
            }
          },
          "ecs" : {
            "version" : "8.0.0"
          },
          "log" : {
            "file" : {
              "path" : "D:\\AIXSOAR\\EDR\\IDS_2018\\benign\\Friday-23-02-2018\\EC2AMAZ-O4EL3NG-172.31.69.19.evtx"
            },
            "level" : "資訊"
          },
          "host" : {
            "os" : {
              "type" : "windows",
              "family" : "windows"
            },
            "name" : "EC2AMAZ-O4EL3NG"
          },
          "event" : {
            "ingested" : "2024-04-09T23:12:14.560941427Z",
            "code" : "6",
            "provider" : "Microsoft-Windows-FilterManager",
            "kind" : "event",
            "created" : "2024-04-09T23:12:07.414Z",
            "action" : "None"
          }
        }
      },
      {
        "_index" : "ids-2018-benign",
        "_id" : "9ZUixY4BVtxcAtGlKjzi",
        "_score" : 0.0,
        "_source" : {
          "agent" : {
            "name" : "CHPIYR2",
            "id" : "60d66234-2dc5-408a-9a6e-a0a6278a7ae3",
            "ephemeral_id" : "639fb464-a7bd-4977-8c32-48332ab62537",
            "type" : "winlogbeat",
            "version" : "8.11.3"
          },
          "@timestamp" : "2018-02-13T12:36:59.899Z",
          "winlog" : {
            "computer_name" : "EC2AMAZ-O4EL3NG",
            "process" : {
              "pid" : 4,
              "thread" : {
                "id" : 88
              }
            },
            "channel" : "System",
            "event_data" : {
              "ExtraInfoLength" : "201",
              "DeviceVersionMinor" : "0",
              "DeviceTime" : "2018-01-01T00:48:57.0000000Z",
              "ExtraInfoString" : "{ \"flags\" : \"0x00000014\" , \"registration_version\" : \"0x00000203\" , \"tx\" : false , \"sections\" : false , \"frame\" : 0 , \"class_name\" : \"FSFilter Virtualization\" , \"instances\" : [[\"189900\",\"0x00000000\"]] }",
              "DeviceVersionMajor" : "10",
              "DeviceNameLength" : "5",
              "FinalStatus" : "0x0",
              "FilterID" : "{02000000-0009-0000-8710-9957c7a4d301}",
              "DeviceName" : "wcifs"
            },
            "opcode" : "資訊",
            "version" : 1,
            "record_id" : 27947,
            "event_id" : "6",
            "task" : "None",
            "provider_guid" : "{f3c5e28e-63f6-49c7-a204-e48a1bc4b09d}",
            "api" : "wineventlog",
            "provider_name" : "Microsoft-Windows-FilterManager",
            "user" : {
              "identifier" : "S-1-5-18",
              "domain" : "NT AUTHORITY",
              "name" : "SYSTEM",
              "type" : "Well Known Group"
            }
          },
          "ecs" : {
            "version" : "8.0.0"
          },
          "log" : {
            "file" : {
              "path" : "D:\\AIXSOAR\\EDR\\IDS_2018\\benign\\Friday-23-02-2018\\EC2AMAZ-O4EL3NG-172.31.69.19.evtx"
            },
            "level" : "資訊"
          },
          "host" : {
            "os" : {
              "type" : "windows",
              "family" : "windows"
            },
            "name" : "EC2AMAZ-O4EL3NG"
          },
          "event" : {
            "ingested" : "2024-04-09T23:12:14.561007584Z",
            "code" : "6",
            "provider" : "Microsoft-Windows-FilterManager",
            "created" : "2024-04-09T23:12:07.414Z",
            "kind" : "event",
            "action" : "None"
          }
        }
      },
      {
        "_index" : "ids-2018-benign",
        "_id" : "9pUixY4BVtxcAtGlKjzj",
        "_score" : 0.0,
        "_source" : {
          "agent" : {
            "name" : "CHPIYR2",
            "id" : "60d66234-2dc5-408a-9a6e-a0a6278a7ae3",
            "ephemeral_id" : "639fb464-a7bd-4977-8c32-48332ab62537",
            "type" : "winlogbeat",
            "version" : "8.11.3"
          },
          "@timestamp" : "2018-02-13T12:36:59.909Z",
          "winlog" : {
            "computer_name" : "EC2AMAZ-O4EL3NG",
            "process" : {
              "pid" : 4,
              "thread" : {
                "id" : 88
              }
            },
            "channel" : "System",
            "event_data" : {
              "ExtraInfoLength" : "203",
              "DeviceVersionMinor" : "0",
              "DeviceTime" : "2018-01-01T00:48:05.0000000Z",
              "ExtraInfoString" : "{ \"flags\" : \"0x00000010\" , \"registration_version\" : \"0x00000203\" , \"tx\" : false , \"sections\" : false , \"frame\" : 0 , \"class_name\" : \"FSFilter Quota Management\" , \"instances\" : [[\"244000\",\"0x00000000\"]] }",
              "DeviceVersionMajor" : "10",
              "DeviceNameLength" : "10",
              "FinalStatus" : "0x0",
              "FilterID" : "{02000000-000a-0000-8710-9957c7a4d301}",
              "DeviceName" : "storqosflt"
            },
            "opcode" : "資訊",
            "version" : 1,
            "record_id" : 27948,
            "event_id" : "6",
            "task" : "None",
            "provider_guid" : "{f3c5e28e-63f6-49c7-a204-e48a1bc4b09d}",
            "api" : "wineventlog",
            "provider_name" : "Microsoft-Windows-FilterManager",
            "user" : {
              "identifier" : "S-1-5-18",
              "domain" : "NT AUTHORITY",
              "name" : "SYSTEM",
              "type" : "Well Known Group"
            }
          },
          "ecs" : {
            "version" : "8.0.0"
          },
          "log" : {
            "file" : {
              "path" : "D:\\AIXSOAR\\EDR\\IDS_2018\\benign\\Friday-23-02-2018\\EC2AMAZ-O4EL3NG-172.31.69.19.evtx"
            },
            "level" : "資訊"
          },
          "host" : {
            "os" : {
              "type" : "windows",
              "family" : "windows"
            },
            "name" : "EC2AMAZ-O4EL3NG"
          },
          "event" : {
            "ingested" : "2024-04-09T23:12:14.561071849Z",
            "code" : "6",
            "provider" : "Microsoft-Windows-FilterManager",
            "kind" : "event",
            "created" : "2024-04-09T23:12:07.415Z",
            "action" : "None"
          }
        }
      },
      {
        "_index" : "ids-2018-benign",
        "_id" : "95UixY4BVtxcAtGlKjzj",
        "_score" : 0.0,
        "_source" : {
          "agent" : {
            "name" : "CHPIYR2",
            "id" : "60d66234-2dc5-408a-9a6e-a0a6278a7ae3",
            "ephemeral_id" : "639fb464-a7bd-4977-8c32-48332ab62537",
            "type" : "winlogbeat",
            "version" : "8.11.3"
          },
          "@timestamp" : "2018-02-13T12:36:59.991Z",
          "winlog" : {
            "record_id" : 27949,
            "computer_name" : "EC2AMAZ-O4EL3NG",
            "process" : {
              "pid" : 720,
              "thread" : {
                "id" : 1144
              }
            },
            "task" : "None",
            "event_id" : "7036",
            "keywords" : [
              "傳統"
            ],
            "provider_guid" : "{555908d1-a6d7-4695-8e1e-26931d2012f4}",
            "channel" : "System",
            "api" : "wineventlog",
            "event_data" : {
              "Binary" : "57005000440042007500730045006E0075006D002F0034000000",
              "param1" : "WPDBusEnum",
              "param2" : "running"
            },
            "opcode" : "Info",
            "provider_name" : "Service Control Manager"
          },
          "ecs" : {
            "version" : "8.0.0"
          },
          "log" : {
            "file" : {
              "path" : "D:\\AIXSOAR\\EDR\\IDS_2018\\benign\\Friday-23-02-2018\\EC2AMAZ-O4EL3NG-172.31.69.19.evtx"
            },
            "level" : "資訊"
          },
          "host" : {
            "os" : {
              "type" : "windows",
              "family" : "windows"
            },
            "name" : "EC2AMAZ-O4EL3NG"
          },
          "message" : "WPDBusEnum 服務已進入 running 狀態。",
          "event" : {
            "ingested" : "2024-04-09T23:12:14.561130194Z",
            "code" : "7036",
            "provider" : "Service Control Manager",
            "kind" : "event",
            "created" : "2024-04-09T23:12:07.415Z",
            "action" : "None"
          }
        }
      },
      {
        "_index" : "ids-2018-benign",
        "_id" : "-JUixY4BVtxcAtGlKjzj",
        "_score" : 0.0,
        "_source" : {
          "agent" : {
            "name" : "CHPIYR2",
            "id" : "60d66234-2dc5-408a-9a6e-a0a6278a7ae3",
            "type" : "winlogbeat",
            "ephemeral_id" : "639fb464-a7bd-4977-8c32-48332ab62537",
            "version" : "8.11.3"
          },
          "@timestamp" : "2018-02-13T12:36:59.991Z",
          "winlog" : {
            "computer_name" : "EC2AMAZ-O4EL3NG",
            "record_id" : 27950,
            "process" : {
              "pid" : 720,
              "thread" : {
                "id" : 828
              }
            },
            "event_id" : "7036",
            "task" : "None",
            "keywords" : [
              "傳統"
            ],
            "provider_guid" : "{555908d1-a6d7-4695-8e1e-26931d2012f4}",
            "channel" : "System",
            "api" : "wineventlog",
            "event_data" : {
              "Binary" : "4500760065006E0074004C006F0067002F0034000000",
              "param1" : "EventLog",
              "param2" : "running"
            },
            "opcode" : "Info",
            "provider_name" : "Service Control Manager"
          },
          "ecs" : {
            "version" : "8.0.0"
          },
          "log" : {
            "file" : {
              "path" : "D:\\AIXSOAR\\EDR\\IDS_2018\\benign\\Friday-23-02-2018\\EC2AMAZ-O4EL3NG-172.31.69.19.evtx"
            },
            "level" : "資訊"
          },
          "host" : {
            "os" : {
              "type" : "windows",
              "family" : "windows"
            },
            "name" : "EC2AMAZ-O4EL3NG"
          },
          "message" : "EventLog 服務已進入 running 狀態。",
          "event" : {
            "ingested" : "2024-04-09T23:12:14.561184700Z",
            "code" : "7036",
            "provider" : "Service Control Manager",
            "created" : "2024-04-09T23:12:07.415Z",
            "kind" : "event",
            "action" : "None"
          }
        }
      },
      {
        "_index" : "ids-2018-benign",
        "_id" : "-ZUixY4BVtxcAtGlKjzj",
        "_score" : 0.0,
        "_source" : {
          "agent" : {
            "name" : "CHPIYR2",
            "id" : "60d66234-2dc5-408a-9a6e-a0a6278a7ae3",
            "ephemeral_id" : "639fb464-a7bd-4977-8c32-48332ab62537",
            "type" : "winlogbeat",
            "version" : "8.11.3"
          },
          "@timestamp" : "2018-02-13T12:36:59.991Z",
          "winlog" : {
            "computer_name" : "EC2AMAZ-O4EL3NG",
            "record_id" : 27951,
            "process" : {
              "pid" : 720,
              "thread" : {
                "id" : 828
              }
            },
            "task" : "None",
            "event_id" : "7036",
            "keywords" : [
              "傳統"
            ],
            "provider_guid" : "{555908d1-a6d7-4695-8e1e-26931d2012f4}",
            "channel" : "System",
            "api" : "wineventlog",
            "event_data" : {
              "Binary" : "5400680065006D00650073002F0034000000",
              "param1" : "Themes",
              "param2" : "running"
            },
            "provider_name" : "Service Control Manager",
            "opcode" : "Info"
          },
          "ecs" : {
            "version" : "8.0.0"
          },
          "log" : {
            "file" : {
              "path" : "D:\\AIXSOAR\\EDR\\IDS_2018\\benign\\Friday-23-02-2018\\EC2AMAZ-O4EL3NG-172.31.69.19.evtx"
            },
            "level" : "資訊"
          },
          "host" : {
            "os" : {
              "type" : "windows",
              "family" : "windows"
            },
            "name" : "EC2AMAZ-O4EL3NG"
          },
          "message" : "Themes 服務已進入 running 狀態。",
          "event" : {
            "ingested" : "2024-04-09T23:12:14.561239100Z",
            "code" : "7036",
            "provider" : "Service Control Manager",
            "created" : "2024-04-09T23:12:07.415Z",
            "kind" : "event",
            "action" : "None"
          }
        }
      },
      {
        "_index" : "ids-2018-benign",
        "_id" : "-pUixY4BVtxcAtGlKjzj",
        "_score" : 0.0,
        "_source" : {
          "agent" : {
            "name" : "CHPIYR2",
            "id" : "60d66234-2dc5-408a-9a6e-a0a6278a7ae3",
            "type" : "winlogbeat",
            "ephemeral_id" : "639fb464-a7bd-4977-8c32-48332ab62537",
            "version" : "8.11.3"
          },
          "@timestamp" : "2018-02-13T12:36:59.991Z",
          "winlog" : {
            "record_id" : 27952,
            "computer_name" : "EC2AMAZ-O4EL3NG",
            "process" : {
              "pid" : 720,
              "thread" : {
                "id" : 1188
              }
            },
            "event_id" : "7036",
            "task" : "None",
            "keywords" : [
              "傳統"
            ],
            "provider_guid" : "{555908d1-a6d7-4695-8e1e-26931d2012f4}",
            "channel" : "System",
            "event_data" : {
              "Binary" : "46006F006E007400430061006300680065002F0034000000",
              "param1" : "FontCache",
              "param2" : "running"
            },
            "api" : "wineventlog",
            "opcode" : "Info",
            "provider_name" : "Service Control Manager"
          },
          "ecs" : {
            "version" : "8.0.0"
          },
          "log" : {
            "file" : {
              "path" : "D:\\AIXSOAR\\EDR\\IDS_2018\\benign\\Friday-23-02-2018\\EC2AMAZ-O4EL3NG-172.31.69.19.evtx"
            },
            "level" : "資訊"
          },
          "host" : {
            "os" : {
              "type" : "windows",
              "family" : "windows"
            },
            "name" : "EC2AMAZ-O4EL3NG"
          },
          "message" : "FontCache 服務已進入 running 狀態。",
          "event" : {
            "ingested" : "2024-04-09T23:12:14.561293316Z",
            "code" : "7036",
            "provider" : "Service Control Manager",
            "created" : "2024-04-09T23:12:07.415Z",
            "kind" : "event",
            "action" : "None"
          }
        }
      },
      {
        "_index" : "ids-2018-benign",
        "_id" : "-5UixY4BVtxcAtGlKjzj",
        "_score" : 0.0,
        "_source" : {
          "agent" : {
            "name" : "CHPIYR2",
            "id" : "60d66234-2dc5-408a-9a6e-a0a6278a7ae3",
            "ephemeral_id" : "639fb464-a7bd-4977-8c32-48332ab62537",
            "type" : "winlogbeat",
            "version" : "8.11.3"
          },
          "@timestamp" : "2018-02-13T12:37:00.006Z",
          "winlog" : {
            "computer_name" : "EC2AMAZ-O4EL3NG",
            "record_id" : 27953,
            "process" : {
              "pid" : 720,
              "thread" : {
                "id" : 1188
              }
            },
            "event_id" : "7036",
            "task" : "None",
            "keywords" : [
              "傳統"
            ],
            "provider_guid" : "{555908d1-a6d7-4695-8e1e-26931d2012f4}",
            "channel" : "System",
            "event_data" : {
              "Binary" : "6E00730069002F0034000000",
              "param1" : "nsi",
              "param2" : "running"
            },
            "api" : "wineventlog",
            "opcode" : "Info",
            "provider_name" : "Service Control Manager"
          },
          "ecs" : {
            "version" : "8.0.0"
          },
          "log" : {
            "file" : {
              "path" : "D:\\AIXSOAR\\EDR\\IDS_2018\\benign\\Friday-23-02-2018\\EC2AMAZ-O4EL3NG-172.31.69.19.evtx"
            },
            "level" : "資訊"
          },
          "host" : {
            "os" : {
              "type" : "windows",
              "family" : "windows"
            },
            "name" : "EC2AMAZ-O4EL3NG"
          },
          "message" : "nsi 服務已進入 running 狀態。",
          "event" : {
            "ingested" : "2024-04-09T23:12:14.561347255Z",
            "code" : "7036",
            "provider" : "Service Control Manager",
            "kind" : "event",
            "created" : "2024-04-09T23:12:07.415Z",
            "action" : "None"
          }
        }
      },
      {
        "_index" : "ids-2018-benign",
        "_id" : "_JUixY4BVtxcAtGlKjzj",
        "_score" : 0.0,
        "_source" : {
          "agent" : {
            "name" : "CHPIYR2",
            "id" : "60d66234-2dc5-408a-9a6e-a0a6278a7ae3",
            "type" : "winlogbeat",
            "ephemeral_id" : "639fb464-a7bd-4977-8c32-48332ab62537",
            "version" : "8.11.3"
          },
          "@timestamp" : "2018-02-13T12:37:00.006Z",
          "winlog" : {
            "computer_name" : "EC2AMAZ-O4EL3NG",
            "record_id" : 27954,
            "process" : {
              "pid" : 720,
              "thread" : {
                "id" : 1188
              }
            },
            "event_id" : "7036",
            "task" : "None",
            "keywords" : [
              "傳統"
            ],
            "provider_guid" : "{555908d1-a6d7-4695-8e1e-26931d2012f4}",
            "channel" : "System",
            "api" : "wineventlog",
            "event_data" : {
              "Binary" : "4500760065006E007400530079007300740065006D002F0034000000",
              "param1" : "EventSystem",
              "param2" : "running"
            },
            "opcode" : "Info",
            "provider_name" : "Service Control Manager"
          },
          "ecs" : {
            "version" : "8.0.0"
          },
          "log" : {
            "file" : {
              "path" : "D:\\AIXSOAR\\EDR\\IDS_2018\\benign\\Friday-23-02-2018\\EC2AMAZ-O4EL3NG-172.31.69.19.evtx"
            },
            "level" : "資訊"
          },
          "host" : {
            "os" : {
              "type" : "windows",
              "family" : "windows"
            },
            "name" : "EC2AMAZ-O4EL3NG"
          },
          "message" : "EventSystem 服務已進入 running 狀態。",
          "event" : {
            "ingested" : "2024-04-09T23:12:14.561401772Z",
            "code" : "7036",
            "provider" : "Service Control Manager",
            "created" : "2024-04-09T23:12:07.415Z",
            "kind" : "event",
            "action" : "None"
          }
        }
      },
      {
        "_index" : "ids-2018-benign",
        "_id" : "_ZUixY4BVtxcAtGlKjzj",
        "_score" : 0.0,
        "_source" : {
          "agent" : {
            "name" : "CHPIYR2",
            "id" : "60d66234-2dc5-408a-9a6e-a0a6278a7ae3",
            "ephemeral_id" : "639fb464-a7bd-4977-8c32-48332ab62537",
            "type" : "winlogbeat",
            "version" : "8.11.3"
          },
          "@timestamp" : "2018-02-13T12:37:00.006Z",
          "winlog" : {
            "record_id" : 27955,
            "computer_name" : "EC2AMAZ-O4EL3NG",
            "process" : {
              "pid" : 720,
              "thread" : {
                "id" : 1188
              }
            },
            "event_id" : "7036",
            "task" : "None",
            "keywords" : [
              "傳統"
            ],
            "provider_guid" : "{555908d1-a6d7-4695-8e1e-26931d2012f4}",
            "channel" : "System",
            "event_data" : {
              "Binary" : "670070007300760063002F0034000000",
              "param1" : "gpsvc",
              "param2" : "running"
            },
            "api" : "wineventlog",
            "provider_name" : "Service Control Manager",
            "opcode" : "Info"
          },
          "ecs" : {
            "version" : "8.0.0"
          },
          "log" : {
            "file" : {
              "path" : "D:\\AIXSOAR\\EDR\\IDS_2018\\benign\\Friday-23-02-2018\\EC2AMAZ-O4EL3NG-172.31.69.19.evtx"
            },
            "level" : "資訊"
          },
          "host" : {
            "os" : {
              "type" : "windows",
              "family" : "windows"
            },
            "name" : "EC2AMAZ-O4EL3NG"
          },
          "event" : {
            "ingested" : "2024-04-09T23:12:14.561456733Z",
            "code" : "7036",
            "provider" : "Service Control Manager",
            "kind" : "event",
            "created" : "2024-04-09T23:12:07.415Z",
            "action" : "None"
          },
          "message" : "gpsvc 服務已進入 running 狀態。"
        }
      },
      {
        "_index" : "ids-2018-benign",
        "_id" : "_pUixY4BVtxcAtGlKjzj",
        "_score" : 0.0,
        "_source" : {
          "agent" : {
            "name" : "CHPIYR2",
            "id" : "60d66234-2dc5-408a-9a6e-a0a6278a7ae3",
            "type" : "winlogbeat",
            "ephemeral_id" : "639fb464-a7bd-4977-8c32-48332ab62537",
            "version" : "8.11.3"
          },
          "@timestamp" : "2018-02-13T12:37:00.039Z",
          "winlog" : {
            "record_id" : 27956,
            "computer_name" : "EC2AMAZ-O4EL3NG",
            "process" : {
              "pid" : 776,
              "thread" : {
                "id" : 1216
              }
            },
            "event_id" : "50036",
            "task" : "服務狀態事件",
            "provider_guid" : "{15a7a4f8-0072-4eab-abad-f98a4d666aed}",
            "channel" : "System",
            "api" : "wineventlog",
            "provider_name" : "Microsoft-Windows-Dhcp-Client",
            "opcode" : "ServiceStart",
            "user" : {
              "identifier" : "S-1-5-19",
              "domain" : "NT AUTHORITY",
              "name" : "LOCAL SERVICE",
              "type" : "Well Known Group"
            }
          },
          "ecs" : {
            "version" : "8.0.0"
          },
          "log" : {
            "file" : {
              "path" : "D:\\AIXSOAR\\EDR\\IDS_2018\\benign\\Friday-23-02-2018\\EC2AMAZ-O4EL3NG-172.31.69.19.evtx"
            },
            "level" : "資訊"
          },
          "host" : {
            "os" : {
              "type" : "windows",
              "family" : "windows"
            },
            "name" : "EC2AMAZ-O4EL3NG"
          },
          "event" : {
            "ingested" : "2024-04-09T23:12:14.561511479Z",
            "code" : "50036",
            "provider" : "Microsoft-Windows-Dhcp-Client",
            "created" : "2024-04-09T23:12:07.415Z",
            "kind" : "event",
            "action" : "服務狀態事件"
          },
          "message" : "DHCPv4 用戶端服務已啟動"
        }
      },
      {
        "_index" : "ids-2018-benign",
        "_id" : "_5UixY4BVtxcAtGlKjzj",
        "_score" : 0.0,
        "_source" : {
          "agent" : {
            "name" : "CHPIYR2",
            "id" : "60d66234-2dc5-408a-9a6e-a0a6278a7ae3",
            "type" : "winlogbeat",
            "ephemeral_id" : "639fb464-a7bd-4977-8c32-48332ab62537",
            "version" : "8.11.3"
          },
          "@timestamp" : "2018-02-13T12:37:00.075Z",
          "winlog" : {
            "computer_name" : "EC2AMAZ-O4EL3NG",
            "record_id" : 27957,
            "process" : {
              "pid" : 776,
              "thread" : {
                "id" : 1248
              }
            },
            "task" : "Service State Event",
            "event_id" : "51046",
            "provider_guid" : "{6a1f2b00-6a90-4c38-95a5-5cab3b056778}",
            "channel" : "System",
            "api" : "wineventlog",
            "provider_name" : "Microsoft-Windows-DHCPv6-Client",
            "opcode" : "ServiceStart",
            "user" : {
              "identifier" : "S-1-5-19",
              "domain" : "NT AUTHORITY",
              "name" : "LOCAL SERVICE",
              "type" : "Well Known Group"
            }
          },
          "ecs" : {
            "version" : "8.0.0"
          },
          "log" : {
            "file" : {
              "path" : "D:\\AIXSOAR\\EDR\\IDS_2018\\benign\\Friday-23-02-2018\\EC2AMAZ-O4EL3NG-172.31.69.19.evtx"
            },
            "level" : "資訊"
          },
          "host" : {
            "os" : {
              "type" : "windows",
              "family" : "windows"
            },
            "name" : "EC2AMAZ-O4EL3NG"
          },
          "message" : "DHCPv6 用戶端服務已啟動",
          "event" : {
            "ingested" : "2024-04-09T23:12:14.561565331Z",
            "code" : "51046",
            "provider" : "Microsoft-Windows-DHCPv6-Client",
            "kind" : "event",
            "created" : "2024-04-09T23:12:07.415Z",
            "action" : "Service State Event"
          }
        }
      },
      {
        "_index" : "ids-2018-benign",
        "_id" : "AJUixY4BVtxcAtGlKj3j",
        "_score" : 0.0,
        "_source" : {
          "agent" : {
            "name" : "CHPIYR2",
            "id" : "60d66234-2dc5-408a-9a6e-a0a6278a7ae3",
            "ephemeral_id" : "639fb464-a7bd-4977-8c32-48332ab62537",
            "type" : "winlogbeat",
            "version" : "8.11.3"
          },
          "@timestamp" : "2018-02-13T12:37:00.131Z",
          "winlog" : {
            "computer_name" : "EC2AMAZ-O4EL3NG",
            "record_id" : 27958,
            "process" : {
              "pid" : 720,
              "thread" : {
                "id" : 612
              }
            },
            "event_id" : "7036",
            "task" : "None",
            "keywords" : [
              "傳統"
            ],
            "provider_guid" : "{555908d1-a6d7-4695-8e1e-26931d2012f4}",
            "channel" : "System",
            "api" : "wineventlog",
            "event_data" : {
              "Binary" : "530045004E0053002F0034000000",
              "param1" : "SENS",
              "param2" : "running"
            },
            "opcode" : "Info",
            "provider_name" : "Service Control Manager"
          },
          "ecs" : {
            "version" : "8.0.0"
          },
          "log" : {
            "file" : {
              "path" : "D:\\AIXSOAR\\EDR\\IDS_2018\\benign\\Friday-23-02-2018\\EC2AMAZ-O4EL3NG-172.31.69.19.evtx"
            },
            "level" : "資訊"
          },
          "host" : {
            "os" : {
              "type" : "windows",
              "family" : "windows"
            },
            "name" : "EC2AMAZ-O4EL3NG"
          },
          "event" : {
            "ingested" : "2024-04-09T23:12:14.561618114Z",
            "code" : "7036",
            "provider" : "Service Control Manager",
            "kind" : "event",
            "created" : "2024-04-09T23:12:07.415Z",
            "action" : "None"
          },
          "message" : "SENS 服務已進入 running 狀態。"
        }
      },
      {
        "_index" : "ids-2018-benign",
        "_id" : "AZUixY4BVtxcAtGlKj3j",
        "_score" : 0.0,
        "_source" : {
          "agent" : {
            "name" : "CHPIYR2",
            "id" : "60d66234-2dc5-408a-9a6e-a0a6278a7ae3",
            "ephemeral_id" : "639fb464-a7bd-4977-8c32-48332ab62537",
            "type" : "winlogbeat",
            "version" : "8.11.3"
          },
          "@timestamp" : "2018-02-13T12:37:00.147Z",
          "winlog" : {
            "record_id" : 27959,
            "computer_name" : "EC2AMAZ-O4EL3NG",
            "process" : {
              "pid" : 720,
              "thread" : {
                "id" : 548
              }
            },
            "event_id" : "7036",
            "task" : "None",
            "keywords" : [
              "傳統"
            ],
            "provider_guid" : "{555908d1-a6d7-4695-8e1e-26931d2012f4}",
            "channel" : "System",
            "api" : "wineventlog",
            "event_data" : {
              "Binary" : "500072006F0066005300760063002F0034000000",
              "param1" : "ProfSvc",
              "param2" : "running"
            },
            "opcode" : "Info",
            "provider_name" : "Service Control Manager"
          },
          "ecs" : {
            "version" : "8.0.0"
          },
          "log" : {
            "file" : {
              "path" : "D:\\AIXSOAR\\EDR\\IDS_2018\\benign\\Friday-23-02-2018\\EC2AMAZ-O4EL3NG-172.31.69.19.evtx"
            },
            "level" : "資訊"
          },
          "host" : {
            "os" : {
              "type" : "windows",
              "family" : "windows"
            },
            "name" : "EC2AMAZ-O4EL3NG"
          },
          "message" : "ProfSvc 服務已進入 running 狀態。",
          "event" : {
            "ingested" : "2024-04-09T23:12:14.561671236Z",
            "code" : "7036",
            "provider" : "Service Control Manager",
            "created" : "2024-04-09T23:12:07.415Z",
            "kind" : "event",
            "action" : "None"
          }
        }
      },
      {
        "_index" : "ids-2018-benign",
        "_id" : "ApUixY4BVtxcAtGlKj3j",
        "_score" : 0.0,
        "_source" : {
          "agent" : {
            "name" : "CHPIYR2",
            "id" : "60d66234-2dc5-408a-9a6e-a0a6278a7ae3",
            "type" : "winlogbeat",
            "ephemeral_id" : "639fb464-a7bd-4977-8c32-48332ab62537",
            "version" : "8.11.3"
          },
          "@timestamp" : "2018-02-13T12:37:00.147Z",
          "winlog" : {
            "computer_name" : "EC2AMAZ-O4EL3NG",
            "record_id" : 27960,
            "process" : {
              "pid" : 720,
              "thread" : {
                "id" : 548
              }
            },
            "event_id" : "7036",
            "task" : "None",
            "keywords" : [
              "傳統"
            ],
            "provider_guid" : "{555908d1-a6d7-4695-8e1e-26931d2012f4}",
            "channel" : "System",
            "event_data" : {
              "Binary" : "44006800630070002F0034000000",
              "param1" : "Dhcp",
              "param2" : "running"
            },
            "api" : "wineventlog",
            "opcode" : "Info",
            "provider_name" : "Service Control Manager"
          },
          "ecs" : {
            "version" : "8.0.0"
          },
          "log" : {
            "file" : {
              "path" : "D:\\AIXSOAR\\EDR\\IDS_2018\\benign\\Friday-23-02-2018\\EC2AMAZ-O4EL3NG-172.31.69.19.evtx"
            },
            "level" : "資訊"
          },
          "host" : {
            "os" : {
              "type" : "windows",
              "family" : "windows"
            },
            "name" : "EC2AMAZ-O4EL3NG"
          },
          "message" : "Dhcp 服務已進入 running 狀態。",
          "event" : {
            "ingested" : "2024-04-09T23:12:14.561724586Z",
            "code" : "7036",
            "provider" : "Service Control Manager",
            "kind" : "event",
            "created" : "2024-04-09T23:12:07.415Z",
            "action" : "None"
          }
        }
      },
      {
        "_index" : "ids-2018-benign",
        "_id" : "A5UixY4BVtxcAtGlKj3j",
        "_score" : 0.0,
        "_source" : {
          "agent" : {
            "name" : "CHPIYR2",
            "id" : "60d66234-2dc5-408a-9a6e-a0a6278a7ae3",
            "ephemeral_id" : "639fb464-a7bd-4977-8c32-48332ab62537",
            "type" : "winlogbeat",
            "version" : "8.11.3"
          },
          "@timestamp" : "2018-02-13T12:37:00.225Z",
          "winlog" : {
            "computer_name" : "EC2AMAZ-O4EL3NG",
            "record_id" : 27961,
            "process" : {
              "pid" : 720,
              "thread" : {
                "id" : 828
              }
            },
            "event_id" : "7036",
            "task" : "None",
            "keywords" : [
              "傳統"
            ],
            "provider_guid" : "{555908d1-a6d7-4695-8e1e-26931d2012f4}",
            "channel" : "System",
            "api" : "wineventlog",
            "event_data" : {
              "Binary" : "55006D0052006400700053006500720076006900630065002F0034000000",
              "param1" : "UmRdpService",
              "param2" : "running"
            },
            "provider_name" : "Service Control Manager",
            "opcode" : "Info"
          },
          "ecs" : {
            "version" : "8.0.0"
          },
          "log" : {
            "file" : {
              "path" : "D:\\AIXSOAR\\EDR\\IDS_2018\\benign\\Friday-23-02-2018\\EC2AMAZ-O4EL3NG-172.31.69.19.evtx"
            },
            "level" : "資訊"
          },
          "host" : {
            "os" : {
              "type" : "windows",
              "family" : "windows"
            },
            "name" : "EC2AMAZ-O4EL3NG"
          },
          "message" : "UmRdpService 服務已進入 running 狀態。",
          "event" : {
            "ingested" : "2024-04-09T23:12:14.561777142Z",
            "code" : "7036",
            "provider" : "Service Control Manager",
            "created" : "2024-04-09T23:12:07.415Z",
            "kind" : "event",
            "action" : "None"
          }
        }
      },
      {
        "_index" : "ids-2018-benign",
        "_id" : "BJUixY4BVtxcAtGlKj3j",
        "_score" : 0.0,
        "_source" : {
          "agent" : {
            "name" : "CHPIYR2",
            "id" : "60d66234-2dc5-408a-9a6e-a0a6278a7ae3",
            "ephemeral_id" : "639fb464-a7bd-4977-8c32-48332ab62537",
            "type" : "winlogbeat",
            "version" : "8.11.3"
          },
          "@timestamp" : "2018-02-13T12:37:00.319Z",
          "winlog" : {
            "computer_name" : "EC2AMAZ-O4EL3NG",
            "record_id" : 27962,
            "process" : {
              "pid" : 720,
              "thread" : {
                "id" : 548
              }
            },
            "event_id" : "7036",
            "task" : "None",
            "keywords" : [
              "傳統"
            ],
            "provider_guid" : "{555908d1-a6d7-4695-8e1e-26931d2012f4}",
            "channel" : "System",
            "api" : "wineventlog",
            "event_data" : {
              "Binary" : "570063006D007300760063002F0034000000",
              "param1" : "Wcmsvc",
              "param2" : "running"
            },
            "opcode" : "Info",
            "provider_name" : "Service Control Manager"
          },
          "ecs" : {
            "version" : "8.0.0"
          },
          "log" : {
            "file" : {
              "path" : "D:\\AIXSOAR\\EDR\\IDS_2018\\benign\\Friday-23-02-2018\\EC2AMAZ-O4EL3NG-172.31.69.19.evtx"
            },
            "level" : "資訊"
          },
          "host" : {
            "os" : {
              "type" : "windows",
              "family" : "windows"
            },
            "name" : "EC2AMAZ-O4EL3NG"
          },
          "event" : {
            "ingested" : "2024-04-09T23:12:14.561829457Z",
            "code" : "7036",
            "provider" : "Service Control Manager",
            "created" : "2024-04-09T23:12:07.415Z",
            "kind" : "event",
            "action" : "None"
          },
          "message" : "Wcmsvc 服務已進入 running 狀態。"
        }
      },
      {
        "_index" : "ids-2018-benign",
        "_id" : "BZUixY4BVtxcAtGlKj3j",
        "_score" : 0.0,
        "_source" : {
          "agent" : {
            "name" : "CHPIYR2",
            "id" : "60d66234-2dc5-408a-9a6e-a0a6278a7ae3",
            "type" : "winlogbeat",
            "ephemeral_id" : "639fb464-a7bd-4977-8c32-48332ab62537",
            "version" : "8.11.3"
          },
          "@timestamp" : "2018-02-13T12:37:00.319Z",
          "winlog" : {
            "record_id" : 27963,
            "computer_name" : "EC2AMAZ-O4EL3NG",
            "process" : {
              "pid" : 720,
              "thread" : {
                "id" : 1188
              }
            },
            "event_id" : "7036",
            "task" : "None",
            "keywords" : [
              "傳統"
            ],
            "provider_guid" : "{555908d1-a6d7-4695-8e1e-26931d2012f4}",
            "channel" : "System",
            "api" : "wineventlog",
            "event_data" : {
              "Binary" : "44006E007300630061006300680065002F0034000000",
              "param1" : "Dnscache",
              "param2" : "running"
            },
            "provider_name" : "Service Control Manager",
            "opcode" : "Info"
          },
          "ecs" : {
            "version" : "8.0.0"
          },
          "log" : {
            "file" : {
              "path" : "D:\\AIXSOAR\\EDR\\IDS_2018\\benign\\Friday-23-02-2018\\EC2AMAZ-O4EL3NG-172.31.69.19.evtx"
            },
            "level" : "資訊"
          },
          "host" : {
            "os" : {
              "type" : "windows",
              "family" : "windows"
            },
            "name" : "EC2AMAZ-O4EL3NG"
          },
          "message" : "Dnscache 服務已進入 running 狀態。",
          "event" : {
            "ingested" : "2024-04-09T23:12:14.561895759Z",
            "code" : "7036",
            "provider" : "Service Control Manager",
            "created" : "2024-04-09T23:12:07.415Z",
            "kind" : "event",
            "action" : "None"
          }
        }
      },
      {
        "_index" : "ids-2018-benign",
        "_id" : "BpUixY4BVtxcAtGlKj3j",
        "_score" : 0.0,
        "_source" : {
          "agent" : {
            "name" : "CHPIYR2",
            "id" : "60d66234-2dc5-408a-9a6e-a0a6278a7ae3",
            "type" : "winlogbeat",
            "ephemeral_id" : "639fb464-a7bd-4977-8c32-48332ab62537",
            "version" : "8.11.3"
          },
          "@timestamp" : "2018-02-13T12:37:00.319Z",
          "winlog" : {
            "computer_name" : "EC2AMAZ-O4EL3NG",
            "record_id" : 27964,
            "process" : {
              "pid" : 720,
              "thread" : {
                "id" : 716
              }
            },
            "event_id" : "7036",
            "task" : "None",
            "keywords" : [
              "傳統"
            ],
            "provider_guid" : "{555908d1-a6d7-4695-8e1e-26931d2012f4}",
            "channel" : "System",
            "api" : "wineventlog",
            "event_data" : {
              "Binary" : "5300680065006C006C004800570044006500740065006300740069006F006E002F0034000000",
              "param1" : "ShellHWDetection",
              "param2" : "running"
            },
            "opcode" : "Info",
            "provider_name" : "Service Control Manager"
          },
          "ecs" : {
            "version" : "8.0.0"
          },
          "log" : {
            "file" : {
              "path" : "D:\\AIXSOAR\\EDR\\IDS_2018\\benign\\Friday-23-02-2018\\EC2AMAZ-O4EL3NG-172.31.69.19.evtx"
            },
            "level" : "資訊"
          },
          "host" : {
            "os" : {
              "type" : "windows",
              "family" : "windows"
            },
            "name" : "EC2AMAZ-O4EL3NG"
          },
          "event" : {
            "ingested" : "2024-04-09T23:12:14.561949339Z",
            "code" : "7036",
            "provider" : "Service Control Manager",
            "kind" : "event",
            "created" : "2024-04-09T23:12:07.415Z",
            "action" : "None"
          },
          "message" : "ShellHWDetection 服務已進入 running 狀態。"
        }
      },
