      {
        "_index" : "ids-2018-benign",
        "_id" : "hZYmxY4BVtxcAtGlXrur",
        "_score" : 0.0,
        "_source" : {
          "agent" : {
            "name" : "CHPIYR2",
            "id" : "60d66234-2dc5-408a-9a6e-a0a6278a7ae3",
            "type" : "winlogbeat",
            "ephemeral_id" : "8aa1c5bf-668c-43a2-93cc-4e3a4e988a55",
            "version" : "8.11.3"
          },
          "@timestamp" : "2018-02-11T02:39:58.809Z",
          "winlog" : {
            "computer_name" : "EC2AMAZ-O4EL3NG",
            "record_id" : 25280,
            "process" : {
              "pid" : 720,
              "thread" : {
                "id" : 4480
              }
            },
            "task" : "None",
            "event_id" : "7036",
            "keywords" : [
              "傳統"
            ],
            "provider_guid" : "{555908d1-a6d7-4695-8e1e-26931d2012f4}",
            "channel" : "System",
            "event_data" : {
              "Binary" : "41006D0061007A006F006E00530053004D004100670065006E0074002F0031000000",
              "param1" : "Amazon SSM Agent",
              "param2" : "stopped"
            },
            "api" : "wineventlog",
            "opcode" : "Info",
            "provider_name" : "Service Control Manager"
          },
          "ecs" : {
            "version" : "8.0.0"
          },
          "log" : {
            "file" : {
              "path" : "D:\\AIXSOAR\\EDR\\IDS_2018\\benign\\Wednesday-21-02-2018\\EC2AMAZ-O4EL3NG-172.31.69.11.evtx"
            },
            "level" : "資訊"
          },
          "host" : {
            "os" : {
              "type" : "windows",
              "family" : "windows"
            },
            "name" : "EC2AMAZ-O4EL3NG"
          },
          "event" : {
            "ingested" : "2024-04-09T23:16:49.962656619Z",
            "code" : "7036",
            "provider" : "Service Control Manager",
            "created" : "2024-04-09T23:16:46.320Z",
            "kind" : "event",
            "action" : "None"
          },
          "message" : "Amazon SSM Agent 服務已進入 stopped 狀態。"
        }
      },
      {
        "_index" : "ids-2018-benign",
        "_id" : "hpYmxY4BVtxcAtGlXrur",
        "_score" : 0.0,
        "_source" : {
          "agent" : {
            "name" : "CHPIYR2",
            "id" : "60d66234-2dc5-408a-9a6e-a0a6278a7ae3",
            "ephemeral_id" : "8aa1c5bf-668c-43a2-93cc-4e3a4e988a55",
            "type" : "winlogbeat",
            "version" : "8.11.3"
          },
          "@timestamp" : "2018-02-11T02:39:58.809Z",
          "winlog" : {
            "record_id" : 25281,
            "computer_name" : "EC2AMAZ-O4EL3NG",
            "process" : {
              "pid" : 720,
              "thread" : {
                "id" : 4480
              }
            },
            "task" : "None",
            "event_id" : "7024",
            "keywords" : [
              "傳統"
            ],
            "provider_guid" : "{555908d1-a6d7-4695-8e1e-26931d2012f4}",
            "channel" : "System",
            "event_data" : {
              "Binary" : "41006D0061007A006F006E00530053004D004100670065006E0074000000",
              "param1" : "Amazon SSM Agent",
              "param2" : "%%1"
            },
            "api" : "wineventlog",
            "provider_name" : "Service Control Manager",
            "opcode" : "Info"
          },
          "ecs" : {
            "version" : "8.0.0"
          },
          "log" : {
            "file" : {
              "path" : "D:\\AIXSOAR\\EDR\\IDS_2018\\benign\\Wednesday-21-02-2018\\EC2AMAZ-O4EL3NG-172.31.69.11.evtx"
            },
            "level" : "錯誤"
          },
          "host" : {
            "os" : {
              "type" : "windows",
              "family" : "windows"
            },
            "name" : "EC2AMAZ-O4EL3NG"
          },
          "event" : {
            "ingested" : "2024-04-09T23:16:49.962690969Z",
            "code" : "7024",
            "provider" : "Service Control Manager",
            "created" : "2024-04-09T23:16:46.320Z",
            "kind" : "event",
            "action" : "None"
          },
          "message" : "Amazon SSM Agent 服務因下列服務特定錯誤而終止: \n功能錯誤。"
        }
      },
      {
        "_index" : "ids-2018-benign",
        "_id" : "h5YmxY4BVtxcAtGlXrur",
        "_score" : 0.0,
        "_source" : {
          "agent" : {
            "name" : "CHPIYR2",
            "id" : "60d66234-2dc5-408a-9a6e-a0a6278a7ae3",
            "ephemeral_id" : "8aa1c5bf-668c-43a2-93cc-4e3a4e988a55",
            "type" : "winlogbeat",
            "version" : "8.11.3"
          },
          "@timestamp" : "2018-02-11T02:39:58.809Z",
          "winlog" : {
            "computer_name" : "EC2AMAZ-O4EL3NG",
            "record_id" : 25282,
            "process" : {
              "pid" : 720,
              "thread" : {
                "id" : 4640
              }
            },
            "task" : "None",
            "event_id" : "7031",
            "keywords" : [
              "傳統"
            ],
            "provider_guid" : "{555908d1-a6d7-4695-8e1e-26931d2012f4}",
            "channel" : "System",
            "event_data" : {
              "param5" : "Restart the service",
              "Binary" : "41006D0061007A006F006E00530053004D004100670065006E0074000000",
              "param3" : "30000",
              "param4" : "1",
              "param1" : "Amazon SSM Agent",
              "param2" : "361"
            },
            "api" : "wineventlog",
            "opcode" : "Info",
            "provider_name" : "Service Control Manager"
          },
          "ecs" : {
            "version" : "8.0.0"
          },
          "log" : {
            "file" : {
              "path" : "D:\\AIXSOAR\\EDR\\IDS_2018\\benign\\Wednesday-21-02-2018\\EC2AMAZ-O4EL3NG-172.31.69.11.evtx"
            },
            "level" : "錯誤"
          },
          "host" : {
            "os" : {
              "type" : "windows",
              "family" : "windows"
            },
            "name" : "EC2AMAZ-O4EL3NG"
          },
          "message" : "Amazon SSM Agent 服務意外終止，服務曾完成這項動作 361 次。以下的修正操作將在 30000 毫秒內執行: Restart the service。",
          "event" : {
            "ingested" : "2024-04-09T23:16:49.962725936Z",
            "code" : "7031",
            "provider" : "Service Control Manager",
            "created" : "2024-04-09T23:16:46.320Z",
            "kind" : "event",
            "action" : "None"
          }
        }
      },
      {
        "_index" : "ids-2018-benign",
        "_id" : "iJYmxY4BVtxcAtGlXrur",
        "_score" : 0.0,
        "_source" : {
          "agent" : {
            "name" : "CHPIYR2",
            "id" : "60d66234-2dc5-408a-9a6e-a0a6278a7ae3",
            "ephemeral_id" : "8aa1c5bf-668c-43a2-93cc-4e3a4e988a55",
            "type" : "winlogbeat",
            "version" : "8.11.3"
          },
          "@timestamp" : "2018-02-11T02:42:18.087Z",
          "winlog" : {
            "computer_name" : "EC2AMAZ-O4EL3NG",
            "record_id" : 25283,
            "process" : {
              "pid" : 720,
              "thread" : {
                "id" : 4200
              }
            },
            "event_id" : "7036",
            "task" : "None",
            "keywords" : [
              "傳統"
            ],
            "provider_guid" : "{555908d1-a6d7-4695-8e1e-26931d2012f4}",
            "channel" : "System",
            "api" : "wineventlog",
            "event_data" : {
              "Binary" : "41006D0061007A006F006E00530053004D004100670065006E0074002F0031000000",
              "param1" : "Amazon SSM Agent",
              "param2" : "stopped"
            },
            "opcode" : "Info",
            "provider_name" : "Service Control Manager"
          },
          "ecs" : {
            "version" : "8.0.0"
          },
          "log" : {
            "file" : {
              "path" : "D:\\AIXSOAR\\EDR\\IDS_2018\\benign\\Wednesday-21-02-2018\\EC2AMAZ-O4EL3NG-172.31.69.11.evtx"
            },
            "level" : "資訊"
          },
          "host" : {
            "os" : {
              "type" : "windows",
              "family" : "windows"
            },
            "name" : "EC2AMAZ-O4EL3NG"
          },
          "event" : {
            "ingested" : "2024-04-09T23:16:49.962761862Z",
            "code" : "7036",
            "provider" : "Service Control Manager",
            "created" : "2024-04-09T23:16:46.320Z",
            "kind" : "event",
            "action" : "None"
          },
          "message" : "Amazon SSM Agent 服務已進入 stopped 狀態。"
        }
      },
      {
        "_index" : "ids-2018-benign",
        "_id" : "iZYmxY4BVtxcAtGlXrur",
        "_score" : 0.0,
        "_source" : {
          "agent" : {
            "name" : "CHPIYR2",
            "id" : "60d66234-2dc5-408a-9a6e-a0a6278a7ae3",
            "ephemeral_id" : "8aa1c5bf-668c-43a2-93cc-4e3a4e988a55",
            "type" : "winlogbeat",
            "version" : "8.11.3"
          },
          "@timestamp" : "2018-02-11T02:42:18.087Z",
          "winlog" : {
            "record_id" : 25284,
            "computer_name" : "EC2AMAZ-O4EL3NG",
            "process" : {
              "pid" : 720,
              "thread" : {
                "id" : 4200
              }
            },
            "task" : "None",
            "event_id" : "7024",
            "keywords" : [
              "傳統"
            ],
            "provider_guid" : "{555908d1-a6d7-4695-8e1e-26931d2012f4}",
            "channel" : "System",
            "event_data" : {
              "Binary" : "41006D0061007A006F006E00530053004D004100670065006E0074000000",
              "param1" : "Amazon SSM Agent",
              "param2" : "%%1"
            },
            "api" : "wineventlog",
            "provider_name" : "Service Control Manager",
            "opcode" : "Info"
          },
          "ecs" : {
            "version" : "8.0.0"
          },
          "log" : {
            "file" : {
              "path" : "D:\\AIXSOAR\\EDR\\IDS_2018\\benign\\Wednesday-21-02-2018\\EC2AMAZ-O4EL3NG-172.31.69.11.evtx"
            },
            "level" : "錯誤"
          },
          "host" : {
            "os" : {
              "type" : "windows",
              "family" : "windows"
            },
            "name" : "EC2AMAZ-O4EL3NG"
          },
          "event" : {
            "ingested" : "2024-04-09T23:16:49.962796421Z",
            "code" : "7024",
            "provider" : "Service Control Manager",
            "created" : "2024-04-09T23:16:46.320Z",
            "kind" : "event",
            "action" : "None"
          },
          "message" : "Amazon SSM Agent 服務因下列服務特定錯誤而終止: \n功能錯誤。"
        }
      },
      {
        "_index" : "ids-2018-benign",
        "_id" : "ipYmxY4BVtxcAtGlXrur",
        "_score" : 0.0,
        "_source" : {
          "agent" : {
            "name" : "CHPIYR2",
            "id" : "60d66234-2dc5-408a-9a6e-a0a6278a7ae3",
            "ephemeral_id" : "8aa1c5bf-668c-43a2-93cc-4e3a4e988a55",
            "type" : "winlogbeat",
            "version" : "8.11.3"
          },
          "@timestamp" : "2018-02-11T02:42:18.087Z",
          "winlog" : {
            "record_id" : 25285,
            "computer_name" : "EC2AMAZ-O4EL3NG",
            "process" : {
              "pid" : 720,
              "thread" : {
                "id" : 980
              }
            },
            "event_id" : "7031",
            "task" : "None",
            "keywords" : [
              "傳統"
            ],
            "provider_guid" : "{555908d1-a6d7-4695-8e1e-26931d2012f4}",
            "channel" : "System",
            "event_data" : {
              "param5" : "Restart the service",
              "Binary" : "41006D0061007A006F006E00530053004D004100670065006E0074000000",
              "param3" : "30000",
              "param4" : "1",
              "param1" : "Amazon SSM Agent",
              "param2" : "362"
            },
            "api" : "wineventlog",
            "opcode" : "Info",
            "provider_name" : "Service Control Manager"
          },
          "ecs" : {
            "version" : "8.0.0"
          },
          "log" : {
            "file" : {
              "path" : "D:\\AIXSOAR\\EDR\\IDS_2018\\benign\\Wednesday-21-02-2018\\EC2AMAZ-O4EL3NG-172.31.69.11.evtx"
            },
            "level" : "錯誤"
          },
          "host" : {
            "os" : {
              "type" : "windows",
              "family" : "windows"
            },
            "name" : "EC2AMAZ-O4EL3NG"
          },
          "event" : {
            "ingested" : "2024-04-09T23:16:49.962831622Z",
            "code" : "7031",
            "provider" : "Service Control Manager",
            "created" : "2024-04-09T23:16:46.320Z",
            "kind" : "event",
            "action" : "None"
          },
          "message" : "Amazon SSM Agent 服務意外終止，服務曾完成這項動作 362 次。以下的修正操作將在 30000 毫秒內執行: Restart the service。"
        }
      },
      {
        "_index" : "ids-2018-benign",
        "_id" : "i5YmxY4BVtxcAtGlXrur",
        "_score" : 0.0,
        "_source" : {
          "agent" : {
            "name" : "CHPIYR2",
            "id" : "60d66234-2dc5-408a-9a6e-a0a6278a7ae3",
            "ephemeral_id" : "8aa1c5bf-668c-43a2-93cc-4e3a4e988a55",
            "type" : "winlogbeat",
            "version" : "8.11.3"
          },
          "@timestamp" : "2018-02-11T02:44:33.895Z",
          "winlog" : {
            "record_id" : 25286,
            "computer_name" : "EC2AMAZ-O4EL3NG",
            "process" : {
              "pid" : 720,
              "thread" : {
                "id" : 4480
              }
            },
            "event_id" : "7036",
            "task" : "None",
            "keywords" : [
              "傳統"
            ],
            "provider_guid" : "{555908d1-a6d7-4695-8e1e-26931d2012f4}",
            "channel" : "System",
            "api" : "wineventlog",
            "event_data" : {
              "Binary" : "41006D0061007A006F006E00530053004D004100670065006E0074002F0031000000",
              "param1" : "Amazon SSM Agent",
              "param2" : "stopped"
            },
            "opcode" : "Info",
            "provider_name" : "Service Control Manager"
          },
          "ecs" : {
            "version" : "8.0.0"
          },
          "log" : {
            "file" : {
              "path" : "D:\\AIXSOAR\\EDR\\IDS_2018\\benign\\Wednesday-21-02-2018\\EC2AMAZ-O4EL3NG-172.31.69.11.evtx"
            },
            "level" : "資訊"
          },
          "host" : {
            "os" : {
              "type" : "windows",
              "family" : "windows"
            },
            "name" : "EC2AMAZ-O4EL3NG"
          },
          "event" : {
            "ingested" : "2024-04-09T23:16:49.962867298Z",
            "code" : "7036",
            "provider" : "Service Control Manager",
            "created" : "2024-04-09T23:16:46.320Z",
            "kind" : "event",
            "action" : "None"
          },
          "message" : "Amazon SSM Agent 服務已進入 stopped 狀態。"
        }
      },
      {
        "_index" : "ids-2018-benign",
        "_id" : "jJYmxY4BVtxcAtGlXrur",
        "_score" : 0.0,
        "_source" : {
          "agent" : {
            "name" : "CHPIYR2",
            "id" : "60d66234-2dc5-408a-9a6e-a0a6278a7ae3",
            "ephemeral_id" : "8aa1c5bf-668c-43a2-93cc-4e3a4e988a55",
            "type" : "winlogbeat",
            "version" : "8.11.3"
          },
          "@timestamp" : "2018-02-11T02:44:33.895Z",
          "winlog" : {
            "computer_name" : "EC2AMAZ-O4EL3NG",
            "record_id" : 25287,
            "process" : {
              "pid" : 720,
              "thread" : {
                "id" : 4480
              }
            },
            "task" : "None",
            "event_id" : "7024",
            "keywords" : [
              "傳統"
            ],
            "provider_guid" : "{555908d1-a6d7-4695-8e1e-26931d2012f4}",
            "channel" : "System",
            "event_data" : {
              "Binary" : "41006D0061007A006F006E00530053004D004100670065006E0074000000",
              "param1" : "Amazon SSM Agent",
              "param2" : "%%1"
            },
            "api" : "wineventlog",
            "opcode" : "Info",
            "provider_name" : "Service Control Manager"
          },
          "ecs" : {
            "version" : "8.0.0"
          },
          "log" : {
            "file" : {
              "path" : "D:\\AIXSOAR\\EDR\\IDS_2018\\benign\\Wednesday-21-02-2018\\EC2AMAZ-O4EL3NG-172.31.69.11.evtx"
            },
            "level" : "錯誤"
          },
          "host" : {
            "os" : {
              "type" : "windows",
              "family" : "windows"
            },
            "name" : "EC2AMAZ-O4EL3NG"
          },
          "message" : "Amazon SSM Agent 服務因下列服務特定錯誤而終止: \n功能錯誤。",
          "event" : {
            "ingested" : "2024-04-09T23:16:49.962901924Z",
            "code" : "7024",
            "provider" : "Service Control Manager",
            "created" : "2024-04-09T23:16:46.320Z",
            "kind" : "event",
            "action" : "None"
          }
        }
      },
      {
        "_index" : "ids-2018-benign",
        "_id" : "jZYmxY4BVtxcAtGlXrur",
        "_score" : 0.0,
        "_source" : {
          "agent" : {
            "name" : "CHPIYR2",
            "id" : "60d66234-2dc5-408a-9a6e-a0a6278a7ae3",
            "type" : "winlogbeat",
            "ephemeral_id" : "8aa1c5bf-668c-43a2-93cc-4e3a4e988a55",
            "version" : "8.11.3"
          },
          "@timestamp" : "2018-02-11T02:44:33.895Z",
          "winlog" : {
            "record_id" : 25288,
            "computer_name" : "EC2AMAZ-O4EL3NG",
            "process" : {
              "pid" : 720,
              "thread" : {
                "id" : 856
              }
            },
            "task" : "None",
            "event_id" : "7031",
            "keywords" : [
              "傳統"
            ],
            "provider_guid" : "{555908d1-a6d7-4695-8e1e-26931d2012f4}",
            "channel" : "System",
            "event_data" : {
              "param5" : "Restart the service",
              "Binary" : "41006D0061007A006F006E00530053004D004100670065006E0074000000",
              "param3" : "30000",
              "param4" : "1",
              "param1" : "Amazon SSM Agent",
              "param2" : "363"
            },
            "api" : "wineventlog",
            "provider_name" : "Service Control Manager",
            "opcode" : "Info"
          },
          "ecs" : {
            "version" : "8.0.0"
          },
          "log" : {
            "file" : {
              "path" : "D:\\AIXSOAR\\EDR\\IDS_2018\\benign\\Wednesday-21-02-2018\\EC2AMAZ-O4EL3NG-172.31.69.11.evtx"
            },
            "level" : "錯誤"
          },
          "host" : {
            "os" : {
              "type" : "windows",
              "family" : "windows"
            },
            "name" : "EC2AMAZ-O4EL3NG"
          },
          "event" : {
            "ingested" : "2024-04-09T23:16:49.962937069Z",
            "code" : "7031",
            "provider" : "Service Control Manager",
            "created" : "2024-04-09T23:16:46.320Z",
            "kind" : "event",
            "action" : "None"
          },
          "message" : "Amazon SSM Agent 服務意外終止，服務曾完成這項動作 363 次。以下的修正操作將在 30000 毫秒內執行: Restart the service。"
        }
      },
      {
        "_index" : "ids-2018-benign",
        "_id" : "jpYmxY4BVtxcAtGlXrur",
        "_score" : 0.0,
        "_source" : {
          "agent" : {
            "name" : "CHPIYR2",
            "id" : "60d66234-2dc5-408a-9a6e-a0a6278a7ae3",
            "ephemeral_id" : "8aa1c5bf-668c-43a2-93cc-4e3a4e988a55",
            "type" : "winlogbeat",
            "version" : "8.11.3"
          },
          "@timestamp" : "2018-02-11T02:46:44.017Z",
          "winlog" : {
            "record_id" : 25289,
            "computer_name" : "EC2AMAZ-O4EL3NG",
            "process" : {
              "pid" : 720,
              "thread" : {
                "id" : 4200
              }
            },
            "event_id" : "7036",
            "task" : "None",
            "keywords" : [
              "傳統"
            ],
            "provider_guid" : "{555908d1-a6d7-4695-8e1e-26931d2012f4}",
            "channel" : "System",
            "event_data" : {
              "Binary" : "41006D0061007A006F006E00530053004D004100670065006E0074002F0031000000",
              "param1" : "Amazon SSM Agent",
              "param2" : "stopped"
            },
            "api" : "wineventlog",
            "provider_name" : "Service Control Manager",
            "opcode" : "Info"
          },
          "ecs" : {
            "version" : "8.0.0"
          },
          "log" : {
            "file" : {
              "path" : "D:\\AIXSOAR\\EDR\\IDS_2018\\benign\\Wednesday-21-02-2018\\EC2AMAZ-O4EL3NG-172.31.69.11.evtx"
            },
            "level" : "資訊"
          },
          "host" : {
            "os" : {
              "type" : "windows",
              "family" : "windows"
            },
            "name" : "EC2AMAZ-O4EL3NG"
          },
          "event" : {
            "ingested" : "2024-04-09T23:16:49.962972118Z",
            "code" : "7036",
            "provider" : "Service Control Manager",
            "kind" : "event",
            "created" : "2024-04-09T23:16:46.320Z",
            "action" : "None"
          },
          "message" : "Amazon SSM Agent 服務已進入 stopped 狀態。"
        }
      },
      {
        "_index" : "ids-2018-benign",
        "_id" : "j5YmxY4BVtxcAtGlXrur",
        "_score" : 0.0,
        "_source" : {
          "agent" : {
            "name" : "CHPIYR2",
            "id" : "60d66234-2dc5-408a-9a6e-a0a6278a7ae3",
            "type" : "winlogbeat",
            "ephemeral_id" : "8aa1c5bf-668c-43a2-93cc-4e3a4e988a55",
            "version" : "8.11.3"
          },
          "@timestamp" : "2018-02-11T02:46:44.017Z",
          "winlog" : {
            "computer_name" : "EC2AMAZ-O4EL3NG",
            "record_id" : 25290,
            "process" : {
              "pid" : 720,
              "thread" : {
                "id" : 4200
              }
            },
            "task" : "None",
            "event_id" : "7024",
            "keywords" : [
              "傳統"
            ],
            "provider_guid" : "{555908d1-a6d7-4695-8e1e-26931d2012f4}",
            "channel" : "System",
            "event_data" : {
              "Binary" : "41006D0061007A006F006E00530053004D004100670065006E0074000000",
              "param1" : "Amazon SSM Agent",
              "param2" : "%%1"
            },
            "api" : "wineventlog",
            "opcode" : "Info",
            "provider_name" : "Service Control Manager"
          },
          "ecs" : {
            "version" : "8.0.0"
          },
          "log" : {
            "file" : {
              "path" : "D:\\AIXSOAR\\EDR\\IDS_2018\\benign\\Wednesday-21-02-2018\\EC2AMAZ-O4EL3NG-172.31.69.11.evtx"
            },
            "level" : "錯誤"
          },
          "host" : {
            "os" : {
              "type" : "windows",
              "family" : "windows"
            },
            "name" : "EC2AMAZ-O4EL3NG"
          },
          "event" : {
            "ingested" : "2024-04-09T23:16:49.963006303Z",
            "code" : "7024",
            "provider" : "Service Control Manager",
            "kind" : "event",
            "created" : "2024-04-09T23:16:46.320Z",
            "action" : "None"
          },
          "message" : "Amazon SSM Agent 服務因下列服務特定錯誤而終止: \n功能錯誤。"
        }
      },
      {
        "_index" : "ids-2018-benign",
        "_id" : "kJYmxY4BVtxcAtGlXrur",
        "_score" : 0.0,
        "_source" : {
          "agent" : {
            "name" : "CHPIYR2",
            "id" : "60d66234-2dc5-408a-9a6e-a0a6278a7ae3",
            "ephemeral_id" : "8aa1c5bf-668c-43a2-93cc-4e3a4e988a55",
            "type" : "winlogbeat",
            "version" : "8.11.3"
          },
          "@timestamp" : "2018-02-11T02:46:44.017Z",
          "winlog" : {
            "computer_name" : "EC2AMAZ-O4EL3NG",
            "record_id" : 25291,
            "process" : {
              "pid" : 720,
              "thread" : {
                "id" : 696
              }
            },
            "event_id" : "7031",
            "task" : "None",
            "keywords" : [
              "傳統"
            ],
            "provider_guid" : "{555908d1-a6d7-4695-8e1e-26931d2012f4}",
            "channel" : "System",
            "event_data" : {
              "param5" : "Restart the service",
              "Binary" : "41006D0061007A006F006E00530053004D004100670065006E0074000000",
              "param3" : "30000",
              "param4" : "1",
              "param1" : "Amazon SSM Agent",
              "param2" : "364"
            },
            "api" : "wineventlog",
            "provider_name" : "Service Control Manager",
            "opcode" : "Info"
          },
          "ecs" : {
            "version" : "8.0.0"
          },
          "log" : {
            "file" : {
              "path" : "D:\\AIXSOAR\\EDR\\IDS_2018\\benign\\Wednesday-21-02-2018\\EC2AMAZ-O4EL3NG-172.31.69.11.evtx"
            },
            "level" : "錯誤"
          },
          "host" : {
            "os" : {
              "type" : "windows",
              "family" : "windows"
            },
            "name" : "EC2AMAZ-O4EL3NG"
          },
          "message" : "Amazon SSM Agent 服務意外終止，服務曾完成這項動作 364 次。以下的修正操作將在 30000 毫秒內執行: Restart the service。",
          "event" : {
            "ingested" : "2024-04-09T23:16:49.963041733Z",
            "code" : "7031",
            "provider" : "Service Control Manager",
            "created" : "2024-04-09T23:16:46.320Z",
            "kind" : "event",
            "action" : "None"
          }
        }
      },
      {
        "_index" : "ids-2018-benign",
        "_id" : "kZYmxY4BVtxcAtGlXrur",
        "_score" : 0.0,
        "_source" : {
          "agent" : {
            "name" : "CHPIYR2",
            "id" : "60d66234-2dc5-408a-9a6e-a0a6278a7ae3",
            "ephemeral_id" : "8aa1c5bf-668c-43a2-93cc-4e3a4e988a55",
            "type" : "winlogbeat",
            "version" : "8.11.3"
          },
          "@timestamp" : "2018-02-11T02:49:04.935Z",
          "winlog" : {
            "computer_name" : "EC2AMAZ-O4EL3NG",
            "record_id" : 25292,
            "process" : {
              "pid" : 720,
              "thread" : {
                "id" : 4044
              }
            },
            "task" : "None",
            "event_id" : "7036",
            "keywords" : [
              "傳統"
            ],
            "provider_guid" : "{555908d1-a6d7-4695-8e1e-26931d2012f4}",
            "channel" : "System",
            "api" : "wineventlog",
            "event_data" : {
              "Binary" : "41006D0061007A006F006E00530053004D004100670065006E0074002F0031000000",
              "param1" : "Amazon SSM Agent",
              "param2" : "stopped"
            },
            "provider_name" : "Service Control Manager",
            "opcode" : "Info"
          },
          "ecs" : {
            "version" : "8.0.0"
          },
          "log" : {
            "file" : {
              "path" : "D:\\AIXSOAR\\EDR\\IDS_2018\\benign\\Wednesday-21-02-2018\\EC2AMAZ-O4EL3NG-172.31.69.11.evtx"
            },
            "level" : "資訊"
          },
          "host" : {
            "os" : {
              "type" : "windows",
              "family" : "windows"
            },
            "name" : "EC2AMAZ-O4EL3NG"
          },
          "message" : "Amazon SSM Agent 服務已進入 stopped 狀態。",
          "event" : {
            "ingested" : "2024-04-09T23:16:49.963077575Z",
            "code" : "7036",
            "provider" : "Service Control Manager",
            "kind" : "event",
            "created" : "2024-04-09T23:16:46.320Z",
            "action" : "None"
          }
        }
      },
      {
        "_index" : "ids-2018-benign",
        "_id" : "kpYmxY4BVtxcAtGlXru-",
        "_score" : 0.0,
        "_source" : {
          "agent" : {
            "name" : "CHPIYR2",
            "id" : "60d66234-2dc5-408a-9a6e-a0a6278a7ae3",
            "type" : "winlogbeat",
            "ephemeral_id" : "8aa1c5bf-668c-43a2-93cc-4e3a4e988a55",
            "version" : "8.11.3"
          },
          "@timestamp" : "2018-02-11T02:49:04.935Z",
          "winlog" : {
            "computer_name" : "EC2AMAZ-O4EL3NG",
            "record_id" : 25293,
            "process" : {
              "pid" : 720,
              "thread" : {
                "id" : 4044
              }
            },
            "task" : "None",
            "event_id" : "7024",
            "keywords" : [
              "傳統"
            ],
            "provider_guid" : "{555908d1-a6d7-4695-8e1e-26931d2012f4}",
            "channel" : "System",
            "api" : "wineventlog",
            "event_data" : {
              "Binary" : "41006D0061007A006F006E00530053004D004100670065006E0074000000",
              "param1" : "Amazon SSM Agent",
              "param2" : "%%1"
            },
            "provider_name" : "Service Control Manager",
            "opcode" : "Info"
          },
          "ecs" : {
            "version" : "8.0.0"
          },
          "log" : {
            "file" : {
              "path" : "D:\\AIXSOAR\\EDR\\IDS_2018\\benign\\Wednesday-21-02-2018\\EC2AMAZ-O4EL3NG-172.31.69.11.evtx"
            },
            "level" : "錯誤"
          },
          "host" : {
            "os" : {
              "type" : "windows",
              "family" : "windows"
            },
            "name" : "EC2AMAZ-O4EL3NG"
          },
          "event" : {
            "ingested" : "2024-04-09T23:16:49.981013990Z",
            "code" : "7024",
            "provider" : "Service Control Manager",
            "created" : "2024-04-09T23:16:46.320Z",
            "kind" : "event",
            "action" : "None"
          },
          "message" : "Amazon SSM Agent 服務因下列服務特定錯誤而終止: \n功能錯誤。"
        }
      },
      {
        "_index" : "ids-2018-benign",
        "_id" : "k5YmxY4BVtxcAtGlXru-",
        "_score" : 0.0,
        "_source" : {
          "agent" : {
            "name" : "CHPIYR2",
            "id" : "60d66234-2dc5-408a-9a6e-a0a6278a7ae3",
            "ephemeral_id" : "8aa1c5bf-668c-43a2-93cc-4e3a4e988a55",
            "type" : "winlogbeat",
            "version" : "8.11.3"
          },
          "@timestamp" : "2018-02-11T02:49:04.935Z",
          "winlog" : {
            "computer_name" : "EC2AMAZ-O4EL3NG",
            "record_id" : 25294,
            "process" : {
              "pid" : 720,
              "thread" : {
                "id" : 2268
              }
            },
            "event_id" : "7031",
            "task" : "None",
            "keywords" : [
              "傳統"
            ],
            "provider_guid" : "{555908d1-a6d7-4695-8e1e-26931d2012f4}",
            "channel" : "System",
            "event_data" : {
              "param5" : "Restart the service",
              "Binary" : "41006D0061007A006F006E00530053004D004100670065006E0074000000",
              "param3" : "30000",
              "param4" : "1",
              "param1" : "Amazon SSM Agent",
              "param2" : "365"
            },
            "api" : "wineventlog",
            "provider_name" : "Service Control Manager",
            "opcode" : "Info"
          },
          "ecs" : {
            "version" : "8.0.0"
          },
          "log" : {
            "file" : {
              "path" : "D:\\AIXSOAR\\EDR\\IDS_2018\\benign\\Wednesday-21-02-2018\\EC2AMAZ-O4EL3NG-172.31.69.11.evtx"
            },
            "level" : "錯誤"
          },
          "host" : {
            "os" : {
              "type" : "windows",
              "family" : "windows"
            },
            "name" : "EC2AMAZ-O4EL3NG"
          },
          "event" : {
            "ingested" : "2024-04-09T23:16:49.981126122Z",
            "code" : "7031",
            "provider" : "Service Control Manager",
            "created" : "2024-04-09T23:16:46.320Z",
            "kind" : "event",
            "action" : "None"
          },
          "message" : "Amazon SSM Agent 服務意外終止，服務曾完成這項動作 365 次。以下的修正操作將在 30000 毫秒內執行: Restart the service。"
        }
      },
      {
        "_index" : "ids-2018-benign",
        "_id" : "lJYmxY4BVtxcAtGlXru-",
        "_score" : 0.0,
        "_source" : {
          "agent" : {
            "name" : "CHPIYR2",
            "id" : "60d66234-2dc5-408a-9a6e-a0a6278a7ae3",
            "ephemeral_id" : "8aa1c5bf-668c-43a2-93cc-4e3a4e988a55",
            "type" : "winlogbeat",
            "version" : "8.11.3"
          },
          "@timestamp" : "2018-02-11T02:51:20.963Z",
          "winlog" : {
            "record_id" : 25295,
            "computer_name" : "EC2AMAZ-O4EL3NG",
            "process" : {
              "pid" : 720,
              "thread" : {
                "id" : 4480
              }
            },
            "event_id" : "7036",
            "task" : "None",
            "keywords" : [
              "傳統"
            ],
            "provider_guid" : "{555908d1-a6d7-4695-8e1e-26931d2012f4}",
            "channel" : "System",
            "api" : "wineventlog",
            "event_data" : {
              "Binary" : "41006D0061007A006F006E00530053004D004100670065006E0074002F0031000000",
              "param1" : "Amazon SSM Agent",
              "param2" : "stopped"
            },
            "provider_name" : "Service Control Manager",
            "opcode" : "Info"
          },
          "ecs" : {
            "version" : "8.0.0"
          },
          "log" : {
            "file" : {
              "path" : "D:\\AIXSOAR\\EDR\\IDS_2018\\benign\\Wednesday-21-02-2018\\EC2AMAZ-O4EL3NG-172.31.69.11.evtx"
            },
            "level" : "資訊"
          },
          "host" : {
            "os" : {
              "type" : "windows",
              "family" : "windows"
            },
            "name" : "EC2AMAZ-O4EL3NG"
          },
          "event" : {
            "ingested" : "2024-04-09T23:16:49.981177861Z",
            "code" : "7036",
            "provider" : "Service Control Manager",
            "kind" : "event",
            "created" : "2024-04-09T23:16:46.320Z",
            "action" : "None"
          },
          "message" : "Amazon SSM Agent 服務已進入 stopped 狀態。"
        }
      },
      {
        "_index" : "ids-2018-benign",
        "_id" : "lZYmxY4BVtxcAtGlXru-",
        "_score" : 0.0,
        "_source" : {
          "agent" : {
            "name" : "CHPIYR2",
            "id" : "60d66234-2dc5-408a-9a6e-a0a6278a7ae3",
            "ephemeral_id" : "8aa1c5bf-668c-43a2-93cc-4e3a4e988a55",
            "type" : "winlogbeat",
            "version" : "8.11.3"
          },
          "@timestamp" : "2018-02-11T02:51:20.963Z",
          "winlog" : {
            "record_id" : 25296,
            "computer_name" : "EC2AMAZ-O4EL3NG",
            "process" : {
              "pid" : 720,
              "thread" : {
                "id" : 4480
              }
            },
            "task" : "None",
            "event_id" : "7024",
            "keywords" : [
              "傳統"
            ],
            "provider_guid" : "{555908d1-a6d7-4695-8e1e-26931d2012f4}",
            "channel" : "System",
            "event_data" : {
              "Binary" : "41006D0061007A006F006E00530053004D004100670065006E0074000000",
              "param1" : "Amazon SSM Agent",
              "param2" : "%%1"
            },
            "api" : "wineventlog",
            "provider_name" : "Service Control Manager",
            "opcode" : "Info"
          },
          "ecs" : {
            "version" : "8.0.0"
          },
          "log" : {
            "file" : {
              "path" : "D:\\AIXSOAR\\EDR\\IDS_2018\\benign\\Wednesday-21-02-2018\\EC2AMAZ-O4EL3NG-172.31.69.11.evtx"
            },
            "level" : "錯誤"
          },
          "host" : {
            "os" : {
              "type" : "windows",
              "family" : "windows"
            },
            "name" : "EC2AMAZ-O4EL3NG"
          },
          "event" : {
            "ingested" : "2024-04-09T23:16:49.981220237Z",
            "code" : "7024",
            "provider" : "Service Control Manager",
            "created" : "2024-04-09T23:16:46.320Z",
            "kind" : "event",
            "action" : "None"
          },
          "message" : "Amazon SSM Agent 服務因下列服務特定錯誤而終止: \n功能錯誤。"
        }
      },
      {
        "_index" : "ids-2018-benign",
        "_id" : "lpYmxY4BVtxcAtGlXru-",
        "_score" : 0.0,
        "_source" : {
          "agent" : {
            "name" : "CHPIYR2",
            "id" : "60d66234-2dc5-408a-9a6e-a0a6278a7ae3",
            "ephemeral_id" : "8aa1c5bf-668c-43a2-93cc-4e3a4e988a55",
            "type" : "winlogbeat",
            "version" : "8.11.3"
          },
          "@timestamp" : "2018-02-11T02:51:20.963Z",
          "winlog" : {
            "computer_name" : "EC2AMAZ-O4EL3NG",
            "record_id" : 25297,
            "process" : {
              "pid" : 720,
              "thread" : {
                "id" : 2068
              }
            },
            "task" : "None",
            "event_id" : "7031",
            "keywords" : [
              "傳統"
            ],
            "provider_guid" : "{555908d1-a6d7-4695-8e1e-26931d2012f4}",
            "channel" : "System",
            "event_data" : {
              "param5" : "Restart the service",
              "Binary" : "41006D0061007A006F006E00530053004D004100670065006E0074000000",
              "param3" : "30000",
              "param4" : "1",
              "param1" : "Amazon SSM Agent",
              "param2" : "366"
            },
            "api" : "wineventlog",
            "provider_name" : "Service Control Manager",
            "opcode" : "Info"
          },
          "ecs" : {
            "version" : "8.0.0"
          },
          "log" : {
            "file" : {
              "path" : "D:\\AIXSOAR\\EDR\\IDS_2018\\benign\\Wednesday-21-02-2018\\EC2AMAZ-O4EL3NG-172.31.69.11.evtx"
            },
            "level" : "錯誤"
          },
          "host" : {
            "os" : {
              "type" : "windows",
              "family" : "windows"
            },
            "name" : "EC2AMAZ-O4EL3NG"
          },
          "message" : "Amazon SSM Agent 服務意外終止，服務曾完成這項動作 366 次。以下的修正操作將在 30000 毫秒內執行: Restart the service。",
          "event" : {
            "ingested" : "2024-04-09T23:16:49.981260170Z",
            "code" : "7031",
            "provider" : "Service Control Manager",
            "kind" : "event",
            "created" : "2024-04-09T23:16:46.320Z",
            "action" : "None"
          }
        }
      },
      {
        "_index" : "ids-2018-benign",
        "_id" : "l5YmxY4BVtxcAtGlXru-",
        "_score" : 0.0,
        "_source" : {
          "agent" : {
            "name" : "CHPIYR2",
            "id" : "60d66234-2dc5-408a-9a6e-a0a6278a7ae3",
            "type" : "winlogbeat",
            "ephemeral_id" : "8aa1c5bf-668c-43a2-93cc-4e3a4e988a55",
            "version" : "8.11.3"
          },
          "@timestamp" : "2018-02-11T02:53:35.258Z",
          "winlog" : {
            "record_id" : 25298,
            "computer_name" : "EC2AMAZ-O4EL3NG",
            "process" : {
              "pid" : 720,
              "thread" : {
                "id" : 4044
              }
            },
            "task" : "None",
            "event_id" : "7036",
            "keywords" : [
              "傳統"
            ],
            "provider_guid" : "{555908d1-a6d7-4695-8e1e-26931d2012f4}",
            "channel" : "System",
            "event_data" : {
              "Binary" : "41006D0061007A006F006E00530053004D004100670065006E0074002F0031000000",
              "param1" : "Amazon SSM Agent",
              "param2" : "stopped"
            },
            "api" : "wineventlog",
            "opcode" : "Info",
            "provider_name" : "Service Control Manager"
          },
          "ecs" : {
            "version" : "8.0.0"
          },
          "log" : {
            "file" : {
              "path" : "D:\\AIXSOAR\\EDR\\IDS_2018\\benign\\Wednesday-21-02-2018\\EC2AMAZ-O4EL3NG-172.31.69.11.evtx"
            },
            "level" : "資訊"
          },
          "host" : {
            "os" : {
              "type" : "windows",
              "family" : "windows"
            },
            "name" : "EC2AMAZ-O4EL3NG"
          },
          "event" : {
            "ingested" : "2024-04-09T23:16:49.981299960Z",
            "code" : "7036",
            "provider" : "Service Control Manager",
            "created" : "2024-04-09T23:16:46.320Z",
            "kind" : "event",
            "action" : "None"
          },
          "message" : "Amazon SSM Agent 服務已進入 stopped 狀態。"
        }
      },
      {
        "_index" : "ids-2018-benign",
        "_id" : "mJYmxY4BVtxcAtGlXru-",
        "_score" : 0.0,
        "_source" : {
          "agent" : {
            "name" : "CHPIYR2",
            "id" : "60d66234-2dc5-408a-9a6e-a0a6278a7ae3",
            "ephemeral_id" : "8aa1c5bf-668c-43a2-93cc-4e3a4e988a55",
            "type" : "winlogbeat",
            "version" : "8.11.3"
          },
          "@timestamp" : "2018-02-11T02:53:35.258Z",
          "winlog" : {
            "record_id" : 25299,
            "computer_name" : "EC2AMAZ-O4EL3NG",
            "process" : {
              "pid" : 720,
              "thread" : {
                "id" : 4044
              }
            },
            "task" : "None",
            "event_id" : "7024",
            "keywords" : [
              "傳統"
            ],
            "provider_guid" : "{555908d1-a6d7-4695-8e1e-26931d2012f4}",
            "channel" : "System",
            "api" : "wineventlog",
            "event_data" : {
              "Binary" : "41006D0061007A006F006E00530053004D004100670065006E0074000000",
              "param1" : "Amazon SSM Agent",
              "param2" : "%%1"
            },
            "provider_name" : "Service Control Manager",
            "opcode" : "Info"
          },
          "ecs" : {
            "version" : "8.0.0"
          },
          "log" : {
            "file" : {
              "path" : "D:\\AIXSOAR\\EDR\\IDS_2018\\benign\\Wednesday-21-02-2018\\EC2AMAZ-O4EL3NG-172.31.69.11.evtx"
            },
            "level" : "錯誤"
          },
          "host" : {
            "os" : {
              "type" : "windows",
              "family" : "windows"
            },
            "name" : "EC2AMAZ-O4EL3NG"
          },
          "message" : "Amazon SSM Agent 服務因下列服務特定錯誤而終止: \n功能錯誤。",
          "event" : {
            "ingested" : "2024-04-09T23:16:49.981337722Z",
            "code" : "7024",
            "provider" : "Service Control Manager",
            "kind" : "event",
            "created" : "2024-04-09T23:16:46.320Z",
            "action" : "None"
          }
        }
      },
      {
        "_index" : "ids-2018-benign",
        "_id" : "mZYmxY4BVtxcAtGlXru-",
        "_score" : 0.0,
        "_source" : {
          "agent" : {
            "name" : "CHPIYR2",
            "id" : "60d66234-2dc5-408a-9a6e-a0a6278a7ae3",
            "ephemeral_id" : "8aa1c5bf-668c-43a2-93cc-4e3a4e988a55",
            "type" : "winlogbeat",
            "version" : "8.11.3"
          },
          "@timestamp" : "2018-02-11T02:53:35.258Z",
          "winlog" : {
            "record_id" : 25300,
            "computer_name" : "EC2AMAZ-O4EL3NG",
            "process" : {
              "pid" : 720,
              "thread" : {
                "id" : 876
              }
            },
            "event_id" : "7031",
            "task" : "None",
            "keywords" : [
              "傳統"
            ],
            "provider_guid" : "{555908d1-a6d7-4695-8e1e-26931d2012f4}",
            "channel" : "System",
            "api" : "wineventlog",
            "event_data" : {
              "param5" : "Restart the service",
              "Binary" : "41006D0061007A006F006E00530053004D004100670065006E0074000000",
              "param3" : "30000",
              "param4" : "1",
              "param1" : "Amazon SSM Agent",
              "param2" : "367"
            },
            "provider_name" : "Service Control Manager",
            "opcode" : "Info"
          },
          "ecs" : {
            "version" : "8.0.0"
          },
          "log" : {
            "file" : {
              "path" : "D:\\AIXSOAR\\EDR\\IDS_2018\\benign\\Wednesday-21-02-2018\\EC2AMAZ-O4EL3NG-172.31.69.11.evtx"
            },
            "level" : "錯誤"
          },
          "host" : {
            "os" : {
              "type" : "windows",
              "family" : "windows"
            },
            "name" : "EC2AMAZ-O4EL3NG"
          },
          "event" : {
            "ingested" : "2024-04-09T23:16:49.981376324Z",
            "code" : "7031",
            "provider" : "Service Control Manager",
            "kind" : "event",
            "created" : "2024-04-09T23:16:46.320Z",
            "action" : "None"
          },
          "message" : "Amazon SSM Agent 服務意外終止，服務曾完成這項動作 367 次。以下的修正操作將在 30000 毫秒內執行: Restart the service。"
        }
      },
      {
        "_index" : "ids-2018-benign",
        "_id" : "mpYmxY4BVtxcAtGlXru-",
        "_score" : 0.0,
        "_source" : {
          "agent" : {
            "name" : "CHPIYR2",
            "id" : "60d66234-2dc5-408a-9a6e-a0a6278a7ae3",
            "ephemeral_id" : "8aa1c5bf-668c-43a2-93cc-4e3a4e988a55",
            "type" : "winlogbeat",
            "version" : "8.11.3"
          },
          "@timestamp" : "2018-02-11T02:55:49.409Z",
          "winlog" : {
            "computer_name" : "EC2AMAZ-O4EL3NG",
            "record_id" : 25301,
            "process" : {
              "pid" : 720,
              "thread" : {
                "id" : 4480
              }
            },
            "event_id" : "7036",
            "task" : "None",
            "keywords" : [
              "傳統"
            ],
            "provider_guid" : "{555908d1-a6d7-4695-8e1e-26931d2012f4}",
            "channel" : "System",
            "event_data" : {
              "Binary" : "41006D0061007A006F006E00530053004D004100670065006E0074002F0031000000",
              "param1" : "Amazon SSM Agent",
              "param2" : "stopped"
            },
            "api" : "wineventlog",
            "provider_name" : "Service Control Manager",
            "opcode" : "Info"
          },
          "ecs" : {
            "version" : "8.0.0"
          },
          "log" : {
            "file" : {
              "path" : "D:\\AIXSOAR\\EDR\\IDS_2018\\benign\\Wednesday-21-02-2018\\EC2AMAZ-O4EL3NG-172.31.69.11.evtx"
            },
            "level" : "資訊"
          },
          "host" : {
            "os" : {
              "type" : "windows",
              "family" : "windows"
            },
            "name" : "EC2AMAZ-O4EL3NG"
          },
          "event" : {
            "ingested" : "2024-04-09T23:16:49.981412889Z",
            "code" : "7036",
            "provider" : "Service Control Manager",
            "kind" : "event",
            "created" : "2024-04-09T23:16:46.320Z",
            "action" : "None"
          },
          "message" : "Amazon SSM Agent 服務已進入 stopped 狀態。"
        }
      },
      {
        "_index" : "ids-2018-benign",
        "_id" : "m5YmxY4BVtxcAtGlXru_",
        "_score" : 0.0,
        "_source" : {
          "agent" : {
            "name" : "CHPIYR2",
            "id" : "60d66234-2dc5-408a-9a6e-a0a6278a7ae3",
            "type" : "winlogbeat",
            "ephemeral_id" : "8aa1c5bf-668c-43a2-93cc-4e3a4e988a55",
            "version" : "8.11.3"
          },
          "@timestamp" : "2018-02-11T02:55:49.409Z",
          "winlog" : {
            "computer_name" : "EC2AMAZ-O4EL3NG",
            "record_id" : 25302,
            "process" : {
              "pid" : 720,
              "thread" : {
                "id" : 4480
              }
            },
            "event_id" : "7024",
            "task" : "None",
            "keywords" : [
              "傳統"
            ],
            "provider_guid" : "{555908d1-a6d7-4695-8e1e-26931d2012f4}",
            "channel" : "System",
            "api" : "wineventlog",
            "event_data" : {
              "Binary" : "41006D0061007A006F006E00530053004D004100670065006E0074000000",
              "param1" : "Amazon SSM Agent",
              "param2" : "%%1"
            },
            "opcode" : "Info",
            "provider_name" : "Service Control Manager"
          },
          "ecs" : {
            "version" : "8.0.0"
          },
          "log" : {
            "file" : {
              "path" : "D:\\AIXSOAR\\EDR\\IDS_2018\\benign\\Wednesday-21-02-2018\\EC2AMAZ-O4EL3NG-172.31.69.11.evtx"
            },
            "level" : "錯誤"
          },
          "host" : {
            "os" : {
              "type" : "windows",
              "family" : "windows"
            },
            "name" : "EC2AMAZ-O4EL3NG"
          },
          "event" : {
            "ingested" : "2024-04-09T23:16:49.981448236Z",
            "code" : "7024",
            "provider" : "Service Control Manager",
            "kind" : "event",
            "created" : "2024-04-09T23:16:46.320Z",
            "action" : "None"
          },
          "message" : "Amazon SSM Agent 服務因下列服務特定錯誤而終止: \n功能錯誤。"
        }
      },
