      {
        "_index" : "ids-2018-benign",
        "_id" : "Y5YkxY4BVtxcAtGlTwqN",
        "_score" : 0.0,
        "_source" : {
          "agent" : {
            "name" : "CHPIYR2",
            "id" : "60d66234-2dc5-408a-9a6e-a0a6278a7ae3",
            "type" : "winlogbeat",
            "ephemeral_id" : "f439d8ee-da31-43e9-8cd6-80318275f6d1",
            "version" : "8.11.3"
          },
          "@timestamp" : "2018-02-20T12:59:57.646Z",
          "winlog" : {
            "record_id" : 38366,
            "computer_name" : "EC2AMAZ-O4EL3NG",
            "process" : {
              "pid" : 720,
              "thread" : {
                "id" : 1744
              }
            },
            "task" : "None",
            "event_id" : "7036",
            "keywords" : [
              "傳統"
            ],
            "provider_guid" : "{555908d1-a6d7-4695-8e1e-26931d2012f4}",
            "channel" : "System",
            "event_data" : {
              "Binary" : "41006D0061007A006F006E00530053004D004100670065006E0074002F0031000000",
              "param1" : "Amazon SSM Agent",
              "param2" : "stopped"
            },
            "api" : "wineventlog",
            "opcode" : "Info",
            "provider_name" : "Service Control Manager"
          },
          "ecs" : {
            "version" : "8.0.0"
          },
          "log" : {
            "file" : {
              "path" : "D:\\AIXSOAR\\EDR\\IDS_2018\\benign\\Thursday-22-02-2018\\EC2AMAZ-O4EL3NG-172.31.69.19.evtx"
            },
            "level" : "資訊"
          },
          "host" : {
            "os" : {
              "type" : "windows",
              "family" : "windows"
            },
            "name" : "EC2AMAZ-O4EL3NG"
          },
          "event" : {
            "ingested" : "2024-04-09T23:14:35.020425106Z",
            "code" : "7036",
            "provider" : "Service Control Manager",
            "kind" : "event",
            "created" : "2024-04-09T23:14:30.892Z",
            "action" : "None"
          },
          "message" : "Amazon SSM Agent 服務已進入 stopped 狀態。"
        }
      },
      {
        "_index" : "ids-2018-benign",
        "_id" : "ZJYkxY4BVtxcAtGlTwqN",
        "_score" : 0.0,
        "_source" : {
          "agent" : {
            "name" : "CHPIYR2",
            "id" : "60d66234-2dc5-408a-9a6e-a0a6278a7ae3",
            "ephemeral_id" : "f439d8ee-da31-43e9-8cd6-80318275f6d1",
            "type" : "winlogbeat",
            "version" : "8.11.3"
          },
          "@timestamp" : "2018-02-20T12:59:57.646Z",
          "winlog" : {
            "record_id" : 38367,
            "computer_name" : "EC2AMAZ-O4EL3NG",
            "process" : {
              "pid" : 720,
              "thread" : {
                "id" : 1744
              }
            },
            "event_id" : "7024",
            "task" : "None",
            "keywords" : [
              "傳統"
            ],
            "provider_guid" : "{555908d1-a6d7-4695-8e1e-26931d2012f4}",
            "channel" : "System",
            "event_data" : {
              "Binary" : "41006D0061007A006F006E00530053004D004100670065006E0074000000",
              "param1" : "Amazon SSM Agent",
              "param2" : "%%1"
            },
            "api" : "wineventlog",
            "opcode" : "Info",
            "provider_name" : "Service Control Manager"
          },
          "ecs" : {
            "version" : "8.0.0"
          },
          "log" : {
            "file" : {
              "path" : "D:\\AIXSOAR\\EDR\\IDS_2018\\benign\\Thursday-22-02-2018\\EC2AMAZ-O4EL3NG-172.31.69.19.evtx"
            },
            "level" : "錯誤"
          },
          "host" : {
            "os" : {
              "type" : "windows",
              "family" : "windows"
            },
            "name" : "EC2AMAZ-O4EL3NG"
          },
          "message" : "Amazon SSM Agent 服務因下列服務特定錯誤而終止: \n功能錯誤。",
          "event" : {
            "ingested" : "2024-04-09T23:14:35.020446233Z",
            "code" : "7024",
            "provider" : "Service Control Manager",
            "created" : "2024-04-09T23:14:30.892Z",
            "kind" : "event",
            "action" : "None"
          }
        }
      },
      {
        "_index" : "ids-2018-benign",
        "_id" : "ZZYkxY4BVtxcAtGlTwqN",
        "_score" : 0.0,
        "_source" : {
          "agent" : {
            "name" : "CHPIYR2",
            "id" : "60d66234-2dc5-408a-9a6e-a0a6278a7ae3",
            "ephemeral_id" : "f439d8ee-da31-43e9-8cd6-80318275f6d1",
            "type" : "winlogbeat",
            "version" : "8.11.3"
          },
          "@timestamp" : "2018-02-20T12:59:57.646Z",
          "winlog" : {
            "record_id" : 38368,
            "computer_name" : "EC2AMAZ-O4EL3NG",
            "process" : {
              "pid" : 720,
              "thread" : {
                "id" : 3040
              }
            },
            "event_id" : "7031",
            "task" : "None",
            "keywords" : [
              "傳統"
            ],
            "provider_guid" : "{555908d1-a6d7-4695-8e1e-26931d2012f4}",
            "channel" : "System",
            "event_data" : {
              "param5" : "Restart the service",
              "Binary" : "41006D0061007A006F006E00530053004D004100670065006E0074000000",
              "param3" : "30000",
              "param4" : "1",
              "param1" : "Amazon SSM Agent",
              "param2" : "14"
            },
            "api" : "wineventlog",
            "opcode" : "Info",
            "provider_name" : "Service Control Manager"
          },
          "ecs" : {
            "version" : "8.0.0"
          },
          "log" : {
            "file" : {
              "path" : "D:\\AIXSOAR\\EDR\\IDS_2018\\benign\\Thursday-22-02-2018\\EC2AMAZ-O4EL3NG-172.31.69.19.evtx"
            },
            "level" : "錯誤"
          },
          "host" : {
            "os" : {
              "type" : "windows",
              "family" : "windows"
            },
            "name" : "EC2AMAZ-O4EL3NG"
          },
          "event" : {
            "ingested" : "2024-04-09T23:14:35.020468353Z",
            "code" : "7031",
            "provider" : "Service Control Manager",
            "created" : "2024-04-09T23:14:30.892Z",
            "kind" : "event",
            "action" : "None"
          },
          "message" : "Amazon SSM Agent 服務意外終止，服務曾完成這項動作 14 次。以下的修正操作將在 30000 毫秒內執行: Restart the service。"
        }
      },
      {
        "_index" : "ids-2018-benign",
        "_id" : "I5YlxY4BVtxcAtGlBU4U",
        "_score" : 0.0,
        "_source" : {
          "agent" : {
            "name" : "CHPIYR2",
            "id" : "60d66234-2dc5-408a-9a6e-a0a6278a7ae3",
            "type" : "winlogbeat",
            "ephemeral_id" : "c854f444-c181-4072-bad9-5447946eeb1e",
            "version" : "8.11.3"
          },
          "@timestamp" : "2018-02-20T12:30:09.132Z",
          "winlog" : {
            "computer_name" : "EC2AMAZ-O4EL3NG",
            "record_id" : 33029,
            "process" : {
              "pid" : 720,
              "thread" : {
                "id" : 816
              }
            },
            "task" : "None",
            "event_id" : "7036",
            "keywords" : [
              "傳統"
            ],
            "provider_guid" : "{555908d1-a6d7-4695-8e1e-26931d2012f4}",
            "channel" : "System",
            "api" : "wineventlog",
            "event_data" : {
              "Binary" : "7300700070007300760063002F0031000000",
              "param1" : "sppsvc",
              "param2" : "stopped"
            },
            "opcode" : "Info",
            "provider_name" : "Service Control Manager"
          },
          "ecs" : {
            "version" : "8.0.0"
          },
          "log" : {
            "file" : {
              "path" : "D:\\AIXSOAR\\EDR\\IDS_2018\\benign\\Tuesday-20-02-2018\\EC2AMAZ-O4EL3NG-172.31.69.11.evtx"
            },
            "level" : "資訊"
          },
          "host" : {
            "os" : {
              "type" : "windows",
              "family" : "windows"
            },
            "name" : "EC2AMAZ-O4EL3NG"
          },
          "event" : {
            "ingested" : "2024-04-09T23:15:21.492167725Z",
            "code" : "7036",
            "provider" : "Service Control Manager",
            "kind" : "event",
            "created" : "2024-04-09T23:15:17.681Z",
            "action" : "None"
          },
          "message" : "sppsvc 服務已進入 stopped 狀態。"
        }
      },
      {
        "_index" : "ids-2018-benign",
        "_id" : "JJYlxY4BVtxcAtGlBU4U",
        "_score" : 0.0,
        "_source" : {
          "agent" : {
            "name" : "CHPIYR2",
            "id" : "60d66234-2dc5-408a-9a6e-a0a6278a7ae3",
            "ephemeral_id" : "c854f444-c181-4072-bad9-5447946eeb1e",
            "type" : "winlogbeat",
            "version" : "8.11.3"
          },
          "@timestamp" : "2018-02-20T12:31:22.842Z",
          "winlog" : {
            "record_id" : 33030,
            "computer_name" : "EC2AMAZ-O4EL3NG",
            "process" : {
              "pid" : 720,
              "thread" : {
                "id" : 816
              }
            },
            "task" : "None",
            "event_id" : "7036",
            "keywords" : [
              "傳統"
            ],
            "provider_guid" : "{555908d1-a6d7-4695-8e1e-26931d2012f4}",
            "channel" : "System",
            "api" : "wineventlog",
            "event_data" : {
              "Binary" : "41006D0061007A006F006E00530053004D004100670065006E0074002F0031000000",
              "param1" : "AmazonSSMAgent",
              "param2" : "stopped"
            },
            "opcode" : "Info",
            "provider_name" : "Service Control Manager"
          },
          "ecs" : {
            "version" : "8.0.0"
          },
          "log" : {
            "file" : {
              "path" : "D:\\AIXSOAR\\EDR\\IDS_2018\\benign\\Tuesday-20-02-2018\\EC2AMAZ-O4EL3NG-172.31.69.11.evtx"
            },
            "level" : "資訊"
          },
          "host" : {
            "os" : {
              "type" : "windows",
              "family" : "windows"
            },
            "name" : "EC2AMAZ-O4EL3NG"
          },
          "event" : {
            "ingested" : "2024-04-09T23:15:21.492192226Z",
            "code" : "7036",
            "provider" : "Service Control Manager",
            "created" : "2024-04-09T23:15:17.681Z",
            "kind" : "event",
            "action" : "None"
          },
          "message" : "AmazonSSMAgent 服務已進入 stopped 狀態。"
        }
      },
      {
        "_index" : "ids-2018-benign",
        "_id" : "JZYlxY4BVtxcAtGlBU4U",
        "_score" : 0.0,
        "_source" : {
          "agent" : {
            "name" : "CHPIYR2",
            "id" : "60d66234-2dc5-408a-9a6e-a0a6278a7ae3",
            "type" : "winlogbeat",
            "ephemeral_id" : "c854f444-c181-4072-bad9-5447946eeb1e",
            "version" : "8.11.3"
          },
          "@timestamp" : "2018-02-20T12:31:22.842Z",
          "winlog" : {
            "record_id" : 33031,
            "computer_name" : "EC2AMAZ-O4EL3NG",
            "process" : {
              "pid" : 720,
              "thread" : {
                "id" : 816
              }
            },
            "task" : "None",
            "event_id" : "7024",
            "keywords" : [
              "傳統"
            ],
            "provider_guid" : "{555908d1-a6d7-4695-8e1e-26931d2012f4}",
            "channel" : "System",
            "event_data" : {
              "Binary" : "41006D0061007A006F006E00530053004D004100670065006E0074000000",
              "param1" : "Amazon SSM Agent",
              "param2" : "%%1"
            },
            "api" : "wineventlog",
            "provider_name" : "Service Control Manager",
            "opcode" : "Info"
          },
          "ecs" : {
            "version" : "8.0.0"
          },
          "log" : {
            "file" : {
              "path" : "D:\\AIXSOAR\\EDR\\IDS_2018\\benign\\Tuesday-20-02-2018\\EC2AMAZ-O4EL3NG-172.31.69.11.evtx"
            },
            "level" : "錯誤"
          },
          "host" : {
            "os" : {
              "type" : "windows",
              "family" : "windows"
            },
            "name" : "EC2AMAZ-O4EL3NG"
          },
          "message" : "Amazon SSM Agent 服務因下列服務特定錯誤而終止: \n功能錯誤。",
          "event" : {
            "ingested" : "2024-04-09T23:15:21.492215472Z",
            "code" : "7024",
            "provider" : "Service Control Manager",
            "kind" : "event",
            "created" : "2024-04-09T23:15:17.681Z",
            "action" : "None"
          }
        }
      },
      {
        "_index" : "ids-2018-benign",
        "_id" : "JpYlxY4BVtxcAtGlBU4U",
        "_score" : 0.0,
        "_source" : {
          "agent" : {
            "name" : "CHPIYR2",
            "id" : "60d66234-2dc5-408a-9a6e-a0a6278a7ae3",
            "type" : "winlogbeat",
            "ephemeral_id" : "c854f444-c181-4072-bad9-5447946eeb1e",
            "version" : "8.11.3"
          },
          "@timestamp" : "2018-02-20T12:31:22.843Z",
          "winlog" : {
            "record_id" : 33032,
            "computer_name" : "EC2AMAZ-O4EL3NG",
            "process" : {
              "pid" : 720,
              "thread" : {
                "id" : 4496
              }
            },
            "event_id" : "7031",
            "task" : "None",
            "keywords" : [
              "傳統"
            ],
            "provider_guid" : "{555908d1-a6d7-4695-8e1e-26931d2012f4}",
            "channel" : "System",
            "api" : "wineventlog",
            "event_data" : {
              "param5" : "Restart the service",
              "Binary" : "41006D0061007A006F006E00530053004D004100670065006E0074000000",
              "param3" : "30000",
              "param4" : "1",
              "param1" : "Amazon SSM Agent",
              "param2" : "1"
            },
            "provider_name" : "Service Control Manager",
            "opcode" : "Info"
          },
          "ecs" : {
            "version" : "8.0.0"
          },
          "log" : {
            "file" : {
              "path" : "D:\\AIXSOAR\\EDR\\IDS_2018\\benign\\Tuesday-20-02-2018\\EC2AMAZ-O4EL3NG-172.31.69.11.evtx"
            },
            "level" : "錯誤"
          },
          "host" : {
            "os" : {
              "type" : "windows",
              "family" : "windows"
            },
            "name" : "EC2AMAZ-O4EL3NG"
          },
          "event" : {
            "ingested" : "2024-04-09T23:15:21.492237900Z",
            "code" : "7031",
            "provider" : "Service Control Manager",
            "kind" : "event",
            "created" : "2024-04-09T23:15:17.681Z",
            "action" : "None"
          },
          "message" : "Amazon SSM Agent 服務意外終止，服務曾完成這項動作 1 次。以下的修正操作將在 30000 毫秒內執行: Restart the service。"
        }
      },
      {
        "_index" : "ids-2018-benign",
        "_id" : "J5YlxY4BVtxcAtGlBU4U",
        "_score" : 0.0,
        "_source" : {
          "agent" : {
            "name" : "CHPIYR2",
            "id" : "60d66234-2dc5-408a-9a6e-a0a6278a7ae3",
            "ephemeral_id" : "c854f444-c181-4072-bad9-5447946eeb1e",
            "type" : "winlogbeat",
            "version" : "8.11.3"
          },
          "@timestamp" : "2018-02-20T12:31:33.389Z",
          "winlog" : {
            "computer_name" : "EC2AMAZ-O4EL3NG",
            "record_id" : 33033,
            "process" : {
              "pid" : 720,
              "thread" : {
                "id" : 780
              }
            },
            "event_id" : "7036",
            "task" : "None",
            "keywords" : [
              "傳統"
            ],
            "provider_guid" : "{555908d1-a6d7-4695-8e1e-26931d2012f4}",
            "channel" : "System",
            "event_data" : {
              "Binary" : "57005000440042007500730045006E0075006D002F0031000000",
              "param1" : "WPDBusEnum",
              "param2" : "stopped"
            },
            "api" : "wineventlog",
            "opcode" : "Info",
            "provider_name" : "Service Control Manager"
          },
          "ecs" : {
            "version" : "8.0.0"
          },
          "log" : {
            "file" : {
              "path" : "D:\\AIXSOAR\\EDR\\IDS_2018\\benign\\Tuesday-20-02-2018\\EC2AMAZ-O4EL3NG-172.31.69.11.evtx"
            },
            "level" : "資訊"
          },
          "host" : {
            "os" : {
              "type" : "windows",
              "family" : "windows"
            },
            "name" : "EC2AMAZ-O4EL3NG"
          },
          "event" : {
            "ingested" : "2024-04-09T23:15:21.492264068Z",
            "code" : "7036",
            "provider" : "Service Control Manager",
            "created" : "2024-04-09T23:15:17.681Z",
            "kind" : "event",
            "action" : "None"
          },
          "message" : "WPDBusEnum 服務已進入 stopped 狀態。"
        }
      },
      {
        "_index" : "ids-2018-benign",
        "_id" : "KJYlxY4BVtxcAtGlBU4U",
        "_score" : 0.0,
        "_source" : {
          "agent" : {
            "name" : "CHPIYR2",
            "id" : "60d66234-2dc5-408a-9a6e-a0a6278a7ae3",
            "type" : "winlogbeat",
            "ephemeral_id" : "c854f444-c181-4072-bad9-5447946eeb1e",
            "version" : "8.11.3"
          },
          "@timestamp" : "2018-02-20T12:31:36.357Z",
          "winlog" : {
            "record_id" : 33034,
            "computer_name" : "EC2AMAZ-O4EL3NG",
            "process" : {
              "pid" : 720,
              "thread" : {
                "id" : 816
              }
            },
            "task" : "None",
            "event_id" : "7036",
            "keywords" : [
              "傳統"
            ],
            "provider_guid" : "{555908d1-a6d7-4695-8e1e-26931d2012f4}",
            "channel" : "System",
            "event_data" : {
              "Binary" : "4300440050005300760063002F0034000000",
              "param1" : "Connected Devices Platform Service",
              "param2" : "running"
            },
            "api" : "wineventlog",
            "opcode" : "Info",
            "provider_name" : "Service Control Manager"
          },
          "ecs" : {
            "version" : "8.0.0"
          },
          "log" : {
            "file" : {
              "path" : "D:\\AIXSOAR\\EDR\\IDS_2018\\benign\\Tuesday-20-02-2018\\EC2AMAZ-O4EL3NG-172.31.69.11.evtx"
            },
            "level" : "資訊"
          },
          "host" : {
            "os" : {
              "type" : "windows",
              "family" : "windows"
            },
            "name" : "EC2AMAZ-O4EL3NG"
          },
          "message" : "Connected Devices Platform Service 服務已進入 running 狀態。",
          "event" : {
            "ingested" : "2024-04-09T23:15:21.492285390Z",
            "code" : "7036",
            "provider" : "Service Control Manager",
            "created" : "2024-04-09T23:15:17.682Z",
            "kind" : "event",
            "action" : "None"
          }
        }
      },
      {
        "_index" : "ids-2018-benign",
        "_id" : "KZYlxY4BVtxcAtGlBU4U",
        "_score" : 0.0,
        "_source" : {
          "agent" : {
            "name" : "CHPIYR2",
            "id" : "60d66234-2dc5-408a-9a6e-a0a6278a7ae3",
            "ephemeral_id" : "c854f444-c181-4072-bad9-5447946eeb1e",
            "type" : "winlogbeat",
            "version" : "8.11.3"
          },
          "@timestamp" : "2018-02-20T12:31:36.467Z",
          "winlog" : {
            "computer_name" : "EC2AMAZ-O4EL3NG",
            "record_id" : 33035,
            "process" : {
              "pid" : 720,
              "thread" : {
                "id" : 816
              }
            },
            "task" : "None",
            "event_id" : "7036",
            "keywords" : [
              "傳統"
            ],
            "provider_guid" : "{555908d1-a6d7-4695-8e1e-26931d2012f4}",
            "channel" : "System",
            "event_data" : {
              "Binary" : "4400500053002F0034000000",
              "param1" : "DPS",
              "param2" : "running"
            },
            "api" : "wineventlog",
            "opcode" : "Info",
            "provider_name" : "Service Control Manager"
          },
          "ecs" : {
            "version" : "8.0.0"
          },
          "log" : {
            "file" : {
              "path" : "D:\\AIXSOAR\\EDR\\IDS_2018\\benign\\Tuesday-20-02-2018\\EC2AMAZ-O4EL3NG-172.31.69.11.evtx"
            },
            "level" : "資訊"
          },
          "host" : {
            "os" : {
              "type" : "windows",
              "family" : "windows"
            },
            "name" : "EC2AMAZ-O4EL3NG"
          },
          "event" : {
            "ingested" : "2024-04-09T23:15:21.492307247Z",
            "code" : "7036",
            "provider" : "Service Control Manager",
            "created" : "2024-04-09T23:15:17.682Z",
            "kind" : "event",
            "action" : "None"
          },
          "message" : "DPS 服務已進入 running 狀態。"
        }
      },
      {
        "_index" : "ids-2018-benign",
        "_id" : "KpYlxY4BVtxcAtGlBU4U",
        "_score" : 0.0,
        "_source" : {
          "agent" : {
            "name" : "CHPIYR2",
            "id" : "60d66234-2dc5-408a-9a6e-a0a6278a7ae3",
            "type" : "winlogbeat",
            "ephemeral_id" : "c854f444-c181-4072-bad9-5447946eeb1e",
            "version" : "8.11.3"
          },
          "@timestamp" : "2018-02-20T12:31:36.717Z",
          "winlog" : {
            "record_id" : 33036,
            "computer_name" : "EC2AMAZ-O4EL3NG",
            "process" : {
              "pid" : 720,
              "thread" : {
                "id" : 816
              }
            },
            "event_id" : "7036",
            "task" : "None",
            "keywords" : [
              "傳統"
            ],
            "provider_guid" : "{555908d1-a6d7-4695-8e1e-26931d2012f4}",
            "channel" : "System",
            "api" : "wineventlog",
            "event_data" : {
              "Binary" : "4D00610070007300420072006F006B00650072002F0034000000",
              "param1" : "MapsBroker",
              "param2" : "running"
            },
            "provider_name" : "Service Control Manager",
            "opcode" : "Info"
          },
          "ecs" : {
            "version" : "8.0.0"
          },
          "log" : {
            "file" : {
              "path" : "D:\\AIXSOAR\\EDR\\IDS_2018\\benign\\Tuesday-20-02-2018\\EC2AMAZ-O4EL3NG-172.31.69.11.evtx"
            },
            "level" : "資訊"
          },
          "host" : {
            "os" : {
              "type" : "windows",
              "family" : "windows"
            },
            "name" : "EC2AMAZ-O4EL3NG"
          },
          "message" : "MapsBroker 服務已進入 running 狀態。",
          "event" : {
            "ingested" : "2024-04-09T23:15:21.492331373Z",
            "code" : "7036",
            "provider" : "Service Control Manager",
            "created" : "2024-04-09T23:15:17.682Z",
            "kind" : "event",
            "action" : "None"
          }
        }
      },
      {
        "_index" : "ids-2018-benign",
        "_id" : "K5YlxY4BVtxcAtGlBU4U",
        "_score" : 0.0,
        "_source" : {
          "agent" : {
            "name" : "CHPIYR2",
            "id" : "60d66234-2dc5-408a-9a6e-a0a6278a7ae3",
            "ephemeral_id" : "c854f444-c181-4072-bad9-5447946eeb1e",
            "type" : "winlogbeat",
            "version" : "8.11.3"
          },
          "@timestamp" : "2018-02-20T12:31:36.935Z",
          "winlog" : {
            "computer_name" : "EC2AMAZ-O4EL3NG",
            "record_id" : 33037,
            "process" : {
              "pid" : 720,
              "thread" : {
                "id" : 816
              }
            },
            "event_id" : "7036",
            "task" : "None",
            "keywords" : [
              "傳統"
            ],
            "provider_guid" : "{555908d1-a6d7-4695-8e1e-26931d2012f4}",
            "channel" : "System",
            "event_data" : {
              "Binary" : "4D0053004400540043002F0034000000",
              "param1" : "Distributed Transaction Coordinator",
              "param2" : "running"
            },
            "api" : "wineventlog",
            "provider_name" : "Service Control Manager",
            "opcode" : "Info"
          },
          "ecs" : {
            "version" : "8.0.0"
          },
          "log" : {
            "file" : {
              "path" : "D:\\AIXSOAR\\EDR\\IDS_2018\\benign\\Tuesday-20-02-2018\\EC2AMAZ-O4EL3NG-172.31.69.11.evtx"
            },
            "level" : "資訊"
          },
          "host" : {
            "os" : {
              "type" : "windows",
              "family" : "windows"
            },
            "name" : "EC2AMAZ-O4EL3NG"
          },
          "message" : "Distributed Transaction Coordinator 服務已進入 running 狀態。",
          "event" : {
            "ingested" : "2024-04-09T23:15:21.492351869Z",
            "code" : "7036",
            "provider" : "Service Control Manager",
            "created" : "2024-04-09T23:15:17.682Z",
            "kind" : "event",
            "action" : "None"
          }
        }
      },
      {
        "_index" : "ids-2018-benign",
        "_id" : "LJYlxY4BVtxcAtGlBU4U",
        "_score" : 0.0,
        "_source" : {
          "agent" : {
            "name" : "CHPIYR2",
            "id" : "60d66234-2dc5-408a-9a6e-a0a6278a7ae3",
            "ephemeral_id" : "c854f444-c181-4072-bad9-5447946eeb1e",
            "type" : "winlogbeat",
            "version" : "8.11.3"
          },
          "@timestamp" : "2018-02-20T12:31:36.998Z",
          "winlog" : {
            "record_id" : 33038,
            "computer_name" : "EC2AMAZ-O4EL3NG",
            "process" : {
              "pid" : 720,
              "thread" : {
                "id" : 816
              }
            },
            "task" : "None",
            "event_id" : "7036",
            "keywords" : [
              "傳統"
            ],
            "provider_guid" : "{555908d1-a6d7-4695-8e1e-26931d2012f4}",
            "channel" : "System",
            "event_data" : {
              "Binary" : "7300700070007300760063002F0034000000",
              "param1" : "sppsvc",
              "param2" : "running"
            },
            "api" : "wineventlog",
            "provider_name" : "Service Control Manager",
            "opcode" : "Info"
          },
          "ecs" : {
            "version" : "8.0.0"
          },
          "log" : {
            "file" : {
              "path" : "D:\\AIXSOAR\\EDR\\IDS_2018\\benign\\Tuesday-20-02-2018\\EC2AMAZ-O4EL3NG-172.31.69.11.evtx"
            },
            "level" : "資訊"
          },
          "host" : {
            "os" : {
              "type" : "windows",
              "family" : "windows"
            },
            "name" : "EC2AMAZ-O4EL3NG"
          },
          "event" : {
            "ingested" : "2024-04-09T23:15:21.492373114Z",
            "code" : "7036",
            "provider" : "Service Control Manager",
            "kind" : "event",
            "created" : "2024-04-09T23:15:17.682Z",
            "action" : "None"
          },
          "message" : "sppsvc 服務已進入 running 狀態。"
        }
      },
      {
        "_index" : "ids-2018-benign",
        "_id" : "LZYlxY4BVtxcAtGlBU4U",
        "_score" : 0.0,
        "_source" : {
          "agent" : {
            "name" : "CHPIYR2",
            "id" : "60d66234-2dc5-408a-9a6e-a0a6278a7ae3",
            "ephemeral_id" : "c854f444-c181-4072-bad9-5447946eeb1e",
            "type" : "winlogbeat",
            "version" : "8.11.3"
          },
          "@timestamp" : "2018-02-20T12:31:37.060Z",
          "winlog" : {
            "computer_name" : "EC2AMAZ-O4EL3NG",
            "record_id" : 33039,
            "process" : {
              "pid" : 720,
              "thread" : {
                "id" : 816
              }
            },
            "task" : "None",
            "event_id" : "7036",
            "keywords" : [
              "傳統"
            ],
            "provider_guid" : "{555908d1-a6d7-4695-8e1e-26931d2012f4}",
            "channel" : "System",
            "event_data" : {
              "Binary" : "4F006E006500530079006E0063005300760063005F00320034006200300061002F0034000000",
              "param1" : "Sync Host_24b0a",
              "param2" : "running"
            },
            "api" : "wineventlog",
            "provider_name" : "Service Control Manager",
            "opcode" : "Info"
          },
          "ecs" : {
            "version" : "8.0.0"
          },
          "log" : {
            "file" : {
              "path" : "D:\\AIXSOAR\\EDR\\IDS_2018\\benign\\Tuesday-20-02-2018\\EC2AMAZ-O4EL3NG-172.31.69.11.evtx"
            },
            "level" : "資訊"
          },
          "host" : {
            "os" : {
              "type" : "windows",
              "family" : "windows"
            },
            "name" : "EC2AMAZ-O4EL3NG"
          },
          "event" : {
            "ingested" : "2024-04-09T23:15:21.492393567Z",
            "code" : "7036",
            "provider" : "Service Control Manager",
            "created" : "2024-04-09T23:15:17.682Z",
            "kind" : "event",
            "action" : "None"
          },
          "message" : "Sync Host_24b0a 服務已進入 running 狀態。"
        }
      },
      {
        "_index" : "ids-2018-benign",
        "_id" : "LpYlxY4BVtxcAtGlBU4U",
        "_score" : 0.0,
        "_source" : {
          "agent" : {
            "name" : "CHPIYR2",
            "id" : "60d66234-2dc5-408a-9a6e-a0a6278a7ae3",
            "ephemeral_id" : "c854f444-c181-4072-bad9-5447946eeb1e",
            "type" : "winlogbeat",
            "version" : "8.11.3"
          },
          "@timestamp" : "2018-02-20T12:31:37.076Z",
          "winlog" : {
            "computer_name" : "EC2AMAZ-O4EL3NG",
            "record_id" : 33040,
            "process" : {
              "pid" : 720,
              "thread" : {
                "id" : 612
              }
            },
            "event_id" : "7036",
            "task" : "None",
            "keywords" : [
              "傳統"
            ],
            "provider_guid" : "{555908d1-a6d7-4695-8e1e-26931d2012f4}",
            "channel" : "System",
            "api" : "wineventlog",
            "event_data" : {
              "Binary" : "5600610075006C0074005300760063002F0034000000",
              "param1" : "VaultSvc",
              "param2" : "running"
            },
            "opcode" : "Info",
            "provider_name" : "Service Control Manager"
          },
          "ecs" : {
            "version" : "8.0.0"
          },
          "log" : {
            "file" : {
              "path" : "D:\\AIXSOAR\\EDR\\IDS_2018\\benign\\Tuesday-20-02-2018\\EC2AMAZ-O4EL3NG-172.31.69.11.evtx"
            },
            "level" : "資訊"
          },
          "host" : {
            "os" : {
              "type" : "windows",
              "family" : "windows"
            },
            "name" : "EC2AMAZ-O4EL3NG"
          },
          "event" : {
            "ingested" : "2024-04-09T23:15:21.492413781Z",
            "code" : "7036",
            "provider" : "Service Control Manager",
            "created" : "2024-04-09T23:15:17.682Z",
            "kind" : "event",
            "action" : "None"
          },
          "message" : "VaultSvc 服務已進入 running 狀態。"
        }
      },
      {
        "_index" : "ids-2018-benign",
        "_id" : "L5YlxY4BVtxcAtGlBU4U",
        "_score" : 0.0,
        "_source" : {
          "agent" : {
            "name" : "CHPIYR2",
            "id" : "60d66234-2dc5-408a-9a6e-a0a6278a7ae3",
            "ephemeral_id" : "c854f444-c181-4072-bad9-5447946eeb1e",
            "type" : "winlogbeat",
            "version" : "8.11.3"
          },
          "@timestamp" : "2018-02-20T12:31:38.842Z",
          "winlog" : {
            "computer_name" : "EC2AMAZ-O4EL3NG",
            "record_id" : 33041,
            "process" : {
              "pid" : 720,
              "thread" : {
                "id" : 1768
              }
            },
            "event_id" : "7036",
            "task" : "None",
            "keywords" : [
              "傳統"
            ],
            "provider_guid" : "{555908d1-a6d7-4695-8e1e-26931d2012f4}",
            "channel" : "System",
            "api" : "wineventlog",
            "event_data" : {
              "Binary" : "550041004C005300560043002F0034000000",
              "param1" : "UALSVC",
              "param2" : "running"
            },
            "opcode" : "Info",
            "provider_name" : "Service Control Manager"
          },
          "ecs" : {
            "version" : "8.0.0"
          },
          "log" : {
            "file" : {
              "path" : "D:\\AIXSOAR\\EDR\\IDS_2018\\benign\\Tuesday-20-02-2018\\EC2AMAZ-O4EL3NG-172.31.69.11.evtx"
            },
            "level" : "資訊"
          },
          "host" : {
            "os" : {
              "type" : "windows",
              "family" : "windows"
            },
            "name" : "EC2AMAZ-O4EL3NG"
          },
          "message" : "UALSVC 服務已進入 running 狀態。",
          "event" : {
            "ingested" : "2024-04-09T23:15:21.492434363Z",
            "code" : "7036",
            "provider" : "Service Control Manager",
            "kind" : "event",
            "created" : "2024-04-09T23:15:17.682Z",
            "action" : "None"
          }
        }
      },
      {
        "_index" : "ids-2018-benign",
        "_id" : "MJYlxY4BVtxcAtGlBU4U",
        "_score" : 0.0,
        "_source" : {
          "agent" : {
            "name" : "CHPIYR2",
            "id" : "60d66234-2dc5-408a-9a6e-a0a6278a7ae3",
            "type" : "winlogbeat",
            "ephemeral_id" : "c854f444-c181-4072-bad9-5447946eeb1e",
            "version" : "8.11.3"
          },
          "@timestamp" : "2018-02-20T12:31:46.716Z",
          "winlog" : {
            "computer_name" : "EC2AMAZ-O4EL3NG",
            "record_id" : 33042,
            "process" : {
              "pid" : 720,
              "thread" : {
                "id" : 780
              }
            },
            "event_id" : "7036",
            "task" : "None",
            "keywords" : [
              "傳統"
            ],
            "provider_guid" : "{555908d1-a6d7-4695-8e1e-26931d2012f4}",
            "channel" : "System",
            "api" : "wineventlog",
            "event_data" : {
              "Binary" : "4D00610070007300420072006F006B00650072002F0031000000",
              "param1" : "MapsBroker",
              "param2" : "stopped"
            },
            "provider_name" : "Service Control Manager",
            "opcode" : "Info"
          },
          "ecs" : {
            "version" : "8.0.0"
          },
          "log" : {
            "file" : {
              "path" : "D:\\AIXSOAR\\EDR\\IDS_2018\\benign\\Tuesday-20-02-2018\\EC2AMAZ-O4EL3NG-172.31.69.11.evtx"
            },
            "level" : "資訊"
          },
          "host" : {
            "os" : {
              "type" : "windows",
              "family" : "windows"
            },
            "name" : "EC2AMAZ-O4EL3NG"
          },
          "event" : {
            "ingested" : "2024-04-09T23:15:21.492458698Z",
            "code" : "7036",
            "provider" : "Service Control Manager",
            "created" : "2024-04-09T23:15:17.682Z",
            "kind" : "event",
            "action" : "None"
          },
          "message" : "MapsBroker 服務已進入 stopped 狀態。"
        }
      },
      {
        "_index" : "ids-2018-benign",
        "_id" : "MZYlxY4BVtxcAtGlBU5V",
        "_score" : 0.0,
        "_source" : {
          "agent" : {
            "name" : "CHPIYR2",
            "id" : "60d66234-2dc5-408a-9a6e-a0a6278a7ae3",
            "type" : "winlogbeat",
            "ephemeral_id" : "c854f444-c181-4072-bad9-5447946eeb1e",
            "version" : "8.11.3"
          },
          "@timestamp" : "2018-02-20T12:32:07.841Z",
          "winlog" : {
            "computer_name" : "EC2AMAZ-O4EL3NG",
            "record_id" : 33043,
            "process" : {
              "pid" : 720,
              "thread" : {
                "id" : 1768
              }
            },
            "event_id" : "7036",
            "task" : "None",
            "keywords" : [
              "傳統"
            ],
            "provider_guid" : "{555908d1-a6d7-4695-8e1e-26931d2012f4}",
            "channel" : "System",
            "event_data" : {
              "Binary" : "7300700070007300760063002F0031000000",
              "param1" : "sppsvc",
              "param2" : "stopped"
            },
            "api" : "wineventlog",
            "opcode" : "Info",
            "provider_name" : "Service Control Manager"
          },
          "ecs" : {
            "version" : "8.0.0"
          },
          "log" : {
            "file" : {
              "path" : "D:\\AIXSOAR\\EDR\\IDS_2018\\benign\\Tuesday-20-02-2018\\EC2AMAZ-O4EL3NG-172.31.69.11.evtx"
            },
            "level" : "資訊"
          },
          "host" : {
            "os" : {
              "type" : "windows",
              "family" : "windows"
            },
            "name" : "EC2AMAZ-O4EL3NG"
          },
          "message" : "sppsvc 服務已進入 stopped 狀態。",
          "event" : {
            "ingested" : "2024-04-09T23:15:21.554720258Z",
            "code" : "7036",
            "provider" : "Service Control Manager",
            "created" : "2024-04-09T23:15:17.785Z",
            "kind" : "event",
            "action" : "None"
          }
        }
      },
      {
        "_index" : "ids-2018-benign",
        "_id" : "MpYlxY4BVtxcAtGlBU5V",
        "_score" : 0.0,
        "_source" : {
          "agent" : {
            "name" : "CHPIYR2",
            "id" : "60d66234-2dc5-408a-9a6e-a0a6278a7ae3",
            "ephemeral_id" : "c854f444-c181-4072-bad9-5447946eeb1e",
            "type" : "winlogbeat",
            "version" : "8.11.3"
          },
          "@timestamp" : "2018-02-20T12:32:30.997Z",
          "winlog" : {
            "computer_name" : "EC2AMAZ-O4EL3NG",
            "record_id" : 33044,
            "process" : {
              "pid" : 720,
              "thread" : {
                "id" : 1768
              }
            },
            "event_id" : "7036",
            "task" : "None",
            "keywords" : [
              "傳統"
            ],
            "provider_guid" : "{555908d1-a6d7-4695-8e1e-26931d2012f4}",
            "channel" : "System",
            "api" : "wineventlog",
            "event_data" : {
              "Binary" : "550073006F005300760063002F0034000000",
              "param1" : "UsoSvc",
              "param2" : "running"
            },
            "opcode" : "Info",
            "provider_name" : "Service Control Manager"
          },
          "ecs" : {
            "version" : "8.0.0"
          },
          "log" : {
            "file" : {
              "path" : "D:\\AIXSOAR\\EDR\\IDS_2018\\benign\\Tuesday-20-02-2018\\EC2AMAZ-O4EL3NG-172.31.69.11.evtx"
            },
            "level" : "資訊"
          },
          "host" : {
            "os" : {
              "type" : "windows",
              "family" : "windows"
            },
            "name" : "EC2AMAZ-O4EL3NG"
          },
          "event" : {
            "ingested" : "2024-04-09T23:15:21.554840825Z",
            "code" : "7036",
            "provider" : "Service Control Manager",
            "created" : "2024-04-09T23:15:17.785Z",
            "kind" : "event",
            "action" : "None"
          },
          "message" : "UsoSvc 服務已進入 running 狀態。"
        }
      },
      {
        "_index" : "ids-2018-benign",
        "_id" : "M5YlxY4BVtxcAtGlBU5V",
        "_score" : 0.0,
        "_source" : {
          "agent" : {
            "name" : "CHPIYR2",
            "id" : "60d66234-2dc5-408a-9a6e-a0a6278a7ae3",
            "type" : "winlogbeat",
            "ephemeral_id" : "c854f444-c181-4072-bad9-5447946eeb1e",
            "version" : "8.11.3"
          },
          "@timestamp" : "2018-02-20T12:32:31.122Z",
          "winlog" : {
            "record_id" : 33045,
            "computer_name" : "EC2AMAZ-O4EL3NG",
            "process" : {
              "pid" : 720,
              "thread" : {
                "id" : 780
              }
            },
            "event_id" : "7036",
            "task" : "None",
            "keywords" : [
              "傳統"
            ],
            "provider_guid" : "{555908d1-a6d7-4695-8e1e-26931d2012f4}",
            "channel" : "System",
            "api" : "wineventlog",
            "event_data" : {
              "Binary" : "770069007300760063002F0034000000",
              "param1" : "wisvc",
              "param2" : "running"
            },
            "opcode" : "Info",
            "provider_name" : "Service Control Manager"
          },
          "ecs" : {
            "version" : "8.0.0"
          },
          "log" : {
            "file" : {
              "path" : "D:\\AIXSOAR\\EDR\\IDS_2018\\benign\\Tuesday-20-02-2018\\EC2AMAZ-O4EL3NG-172.31.69.11.evtx"
            },
            "level" : "資訊"
          },
          "host" : {
            "os" : {
              "type" : "windows",
              "family" : "windows"
            },
            "name" : "EC2AMAZ-O4EL3NG"
          },
          "message" : "wisvc 服務已進入 running 狀態。",
          "event" : {
            "ingested" : "2024-04-09T23:15:21.554896434Z",
            "code" : "7036",
            "provider" : "Service Control Manager",
            "created" : "2024-04-09T23:15:17.785Z",
            "kind" : "event",
            "action" : "None"
          }
        }
      },
      {
        "_index" : "ids-2018-benign",
        "_id" : "NJYlxY4BVtxcAtGlBU5V",
        "_score" : 0.0,
        "_source" : {
          "agent" : {
            "name" : "CHPIYR2",
            "id" : "60d66234-2dc5-408a-9a6e-a0a6278a7ae3",
            "ephemeral_id" : "c854f444-c181-4072-bad9-5447946eeb1e",
            "type" : "winlogbeat",
            "version" : "8.11.3"
          },
          "@timestamp" : "2018-02-20T12:32:36.763Z",
          "winlog" : {
            "record_id" : 33046,
            "computer_name" : "EC2AMAZ-O4EL3NG",
            "process" : {
              "pid" : 720,
              "thread" : {
                "id" : 780
              }
            },
            "event_id" : "7036",
            "task" : "None",
            "keywords" : [
              "傳統"
            ],
            "provider_guid" : "{555908d1-a6d7-4695-8e1e-26931d2012f4}",
            "channel" : "System",
            "event_data" : {
              "Binary" : "77006C00690064007300760063002F0031000000",
              "param1" : "wlidsvc",
              "param2" : "stopped"
            },
            "api" : "wineventlog",
            "provider_name" : "Service Control Manager",
            "opcode" : "Info"
          },
          "ecs" : {
            "version" : "8.0.0"
          },
          "log" : {
            "file" : {
              "path" : "D:\\AIXSOAR\\EDR\\IDS_2018\\benign\\Tuesday-20-02-2018\\EC2AMAZ-O4EL3NG-172.31.69.11.evtx"
            },
            "level" : "資訊"
          },
          "host" : {
            "os" : {
              "type" : "windows",
              "family" : "windows"
            },
            "name" : "EC2AMAZ-O4EL3NG"
          },
          "message" : "wlidsvc 服務已進入 stopped 狀態。",
          "event" : {
            "ingested" : "2024-04-09T23:15:21.554944484Z",
            "code" : "7036",
            "provider" : "Service Control Manager",
            "kind" : "event",
            "created" : "2024-04-09T23:15:17.785Z",
            "action" : "None"
          }
        }
      },
      {
        "_index" : "ids-2018-benign",
        "_id" : "NZYlxY4BVtxcAtGlBU5V",
        "_score" : 0.0,
        "_source" : {
          "agent" : {
            "name" : "CHPIYR2",
            "id" : "60d66234-2dc5-408a-9a6e-a0a6278a7ae3",
            "ephemeral_id" : "c854f444-c181-4072-bad9-5447946eeb1e",
            "type" : "winlogbeat",
            "version" : "8.11.3"
          },
          "@timestamp" : "2018-02-20T12:33:31.261Z",
          "winlog" : {
            "computer_name" : "EC2AMAZ-O4EL3NG",
            "record_id" : 33047,
            "process" : {
              "pid" : 720,
              "thread" : {
                "id" : 780
              }
            },
            "event_id" : "7036",
            "task" : "None",
            "keywords" : [
              "傳統"
            ],
            "provider_guid" : "{555908d1-a6d7-4695-8e1e-26931d2012f4}",
            "channel" : "System",
            "event_data" : {
              "Binary" : "770069007300760063002F0031000000",
              "param1" : "wisvc",
              "param2" : "stopped"
            },
            "api" : "wineventlog",
            "opcode" : "Info",
            "provider_name" : "Service Control Manager"
          },
          "ecs" : {
            "version" : "8.0.0"
          },
          "log" : {
            "file" : {
              "path" : "D:\\AIXSOAR\\EDR\\IDS_2018\\benign\\Tuesday-20-02-2018\\EC2AMAZ-O4EL3NG-172.31.69.11.evtx"
            },
            "level" : "資訊"
          },
          "host" : {
            "os" : {
              "type" : "windows",
              "family" : "windows"
            },
            "name" : "EC2AMAZ-O4EL3NG"
          },
          "event" : {
            "ingested" : "2024-04-09T23:15:21.554989918Z",
            "code" : "7036",
            "provider" : "Service Control Manager",
            "created" : "2024-04-09T23:15:17.785Z",
            "kind" : "event",
            "action" : "None"
          },
          "message" : "wisvc 服務已進入 stopped 狀態。"
        }
      },
      {
        "_index" : "ids-2018-benign",
        "_id" : "NpYlxY4BVtxcAtGlBU5V",
        "_score" : 0.0,
        "_source" : {
          "agent" : {
            "name" : "CHPIYR2",
            "id" : "60d66234-2dc5-408a-9a6e-a0a6278a7ae3",
            "type" : "winlogbeat",
            "ephemeral_id" : "c854f444-c181-4072-bad9-5447946eeb1e",
            "version" : "8.11.3"
          },
          "@timestamp" : "2018-02-20T12:33:36.433Z",
          "winlog" : {
            "computer_name" : "EC2AMAZ-O4EL3NG",
            "record_id" : 33048,
            "process" : {
              "pid" : 720,
              "thread" : {
                "id" : 780
              }
            },
            "event_id" : "7036",
            "task" : "None",
            "keywords" : [
              "傳統"
            ],
            "provider_guid" : "{555908d1-a6d7-4695-8e1e-26931d2012f4}",
            "channel" : "System",
            "api" : "wineventlog",
            "event_data" : {
              "Binary" : "550073006F005300760063002F0031000000",
              "param1" : "Update Orchestrator Service for Windows Update",
              "param2" : "stopped"
            },
            "provider_name" : "Service Control Manager",
            "opcode" : "Info"
          },
          "ecs" : {
            "version" : "8.0.0"
          },
          "log" : {
            "file" : {
              "path" : "D:\\AIXSOAR\\EDR\\IDS_2018\\benign\\Tuesday-20-02-2018\\EC2AMAZ-O4EL3NG-172.31.69.11.evtx"
            },
            "level" : "資訊"
          },
          "host" : {
            "os" : {
              "type" : "windows",
              "family" : "windows"
            },
            "name" : "EC2AMAZ-O4EL3NG"
          },
          "event" : {
            "ingested" : "2024-04-09T23:15:21.555034166Z",
            "code" : "7036",
            "provider" : "Service Control Manager",
            "created" : "2024-04-09T23:15:17.785Z",
            "kind" : "event",
            "action" : "None"
          },
          "message" : "Update Orchestrator Service for Windows Update 服務已進入 stopped 狀態。"
        }
      },
