      {
        "_index" : "ids-2018-benign",
        "_id" : "rJUjxY4BVtxcAtGlpqpa",
        "_score" : 0.0,
        "_source" : {
          "agent" : {
            "name" : "CHPIYR2",
            "id" : "60d66234-2dc5-408a-9a6e-a0a6278a7ae3",
            "type" : "winlogbeat",
            "ephemeral_id" : "eb398e54-10d2-4abf-a50c-85de95dae9f3",
            "version" : "8.11.3"
          },
          "@timestamp" : "2018-02-20T07:04:51.110Z",
          "winlog" : {
            "computer_name" : "EC2AMAZ-O4EL3NG",
            "record_id" : 32456,
            "process" : {
              "pid" : 720,
              "thread" : {
                "id" : 3548
              }
            },
            "event_id" : "7024",
            "task" : "None",
            "keywords" : [
              "傳統"
            ],
            "provider_guid" : "{555908d1-a6d7-4695-8e1e-26931d2012f4}",
            "channel" : "System",
            "event_data" : {
              "Binary" : "41006D0061007A006F006E00530053004D004100670065006E0074000000",
              "param1" : "Amazon SSM Agent",
              "param2" : "%%1"
            },
            "api" : "wineventlog",
            "opcode" : "Info",
            "provider_name" : "Service Control Manager"
          },
          "ecs" : {
            "version" : "8.0.0"
          },
          "log" : {
            "file" : {
              "path" : "D:\\AIXSOAR\\EDR\\IDS_2018\\benign\\Thursday-22-02-2018\\EC2AMAZ-O4EL3NG-172.31.69.11.evtx"
            },
            "level" : "錯誤"
          },
          "host" : {
            "os" : {
              "type" : "windows",
              "family" : "windows"
            },
            "name" : "EC2AMAZ-O4EL3NG"
          },
          "event" : {
            "ingested" : "2024-04-09T23:13:51.704876069Z",
            "code" : "7024",
            "provider" : "Service Control Manager",
            "kind" : "event",
            "created" : "2024-04-09T23:13:47.515Z",
            "action" : "None"
          },
          "message" : "Amazon SSM Agent 服務因下列服務特定錯誤而終止: \n功能錯誤。"
        }
      },
      {
        "_index" : "ids-2018-benign",
        "_id" : "rZUjxY4BVtxcAtGlpqpa",
        "_score" : 0.0,
        "_source" : {
          "agent" : {
            "name" : "CHPIYR2",
            "id" : "60d66234-2dc5-408a-9a6e-a0a6278a7ae3",
            "type" : "winlogbeat",
            "ephemeral_id" : "eb398e54-10d2-4abf-a50c-85de95dae9f3",
            "version" : "8.11.3"
          },
          "@timestamp" : "2018-02-20T07:04:51.110Z",
          "winlog" : {
            "computer_name" : "EC2AMAZ-O4EL3NG",
            "record_id" : 32457,
            "process" : {
              "pid" : 720,
              "thread" : {
                "id" : 4716
              }
            },
            "event_id" : "7031",
            "task" : "None",
            "keywords" : [
              "傳統"
            ],
            "provider_guid" : "{555908d1-a6d7-4695-8e1e-26931d2012f4}",
            "channel" : "System",
            "event_data" : {
              "param5" : "Restart the service",
              "Binary" : "41006D0061007A006F006E00530053004D004100670065006E0074000000",
              "param3" : "30000",
              "param4" : "1",
              "param1" : "Amazon SSM Agent",
              "param2" : "949"
            },
            "api" : "wineventlog",
            "provider_name" : "Service Control Manager",
            "opcode" : "Info"
          },
          "ecs" : {
            "version" : "8.0.0"
          },
          "log" : {
            "file" : {
              "path" : "D:\\AIXSOAR\\EDR\\IDS_2018\\benign\\Thursday-22-02-2018\\EC2AMAZ-O4EL3NG-172.31.69.11.evtx"
            },
            "level" : "錯誤"
          },
          "host" : {
            "os" : {
              "type" : "windows",
              "family" : "windows"
            },
            "name" : "EC2AMAZ-O4EL3NG"
          },
          "message" : "Amazon SSM Agent 服務意外終止，服務曾完成這項動作 949 次。以下的修正操作將在 30000 毫秒內執行: Restart the service。",
          "event" : {
            "ingested" : "2024-04-09T23:13:51.705110027Z",
            "code" : "7031",
            "provider" : "Service Control Manager",
            "created" : "2024-04-09T23:13:47.515Z",
            "kind" : "event",
            "action" : "None"
          }
        }
      },
      {
        "_index" : "ids-2018-benign",
        "_id" : "rpUjxY4BVtxcAtGlpqpa",
        "_score" : 0.0,
        "_source" : {
          "agent" : {
            "name" : "CHPIYR2",
            "id" : "60d66234-2dc5-408a-9a6e-a0a6278a7ae3",
            "type" : "winlogbeat",
            "ephemeral_id" : "eb398e54-10d2-4abf-a50c-85de95dae9f3",
            "version" : "8.11.3"
          },
          "@timestamp" : "2018-02-20T07:07:11.169Z",
          "winlog" : {
            "record_id" : 32458,
            "computer_name" : "EC2AMAZ-O4EL3NG",
            "process" : {
              "pid" : 720,
              "thread" : {
                "id" : 2940
              }
            },
            "task" : "None",
            "event_id" : "7036",
            "keywords" : [
              "傳統"
            ],
            "provider_guid" : "{555908d1-a6d7-4695-8e1e-26931d2012f4}",
            "channel" : "System",
            "api" : "wineventlog",
            "event_data" : {
              "Binary" : "41006D0061007A006F006E00530053004D004100670065006E0074002F0031000000",
              "param1" : "Amazon SSM Agent",
              "param2" : "stopped"
            },
            "provider_name" : "Service Control Manager",
            "opcode" : "Info"
          },
          "ecs" : {
            "version" : "8.0.0"
          },
          "log" : {
            "file" : {
              "path" : "D:\\AIXSOAR\\EDR\\IDS_2018\\benign\\Thursday-22-02-2018\\EC2AMAZ-O4EL3NG-172.31.69.11.evtx"
            },
            "level" : "資訊"
          },
          "host" : {
            "os" : {
              "type" : "windows",
              "family" : "windows"
            },
            "name" : "EC2AMAZ-O4EL3NG"
          },
          "message" : "Amazon SSM Agent 服務已進入 stopped 狀態。",
          "event" : {
            "ingested" : "2024-04-09T23:13:51.705184178Z",
            "code" : "7036",
            "provider" : "Service Control Manager",
            "created" : "2024-04-09T23:13:47.515Z",
            "kind" : "event",
            "action" : "None"
          }
        }
      },
      {
        "_index" : "ids-2018-benign",
        "_id" : "r5UjxY4BVtxcAtGlpqpa",
        "_score" : 0.0,
        "_source" : {
          "agent" : {
            "name" : "CHPIYR2",
            "id" : "60d66234-2dc5-408a-9a6e-a0a6278a7ae3",
            "type" : "winlogbeat",
            "ephemeral_id" : "eb398e54-10d2-4abf-a50c-85de95dae9f3",
            "version" : "8.11.3"
          },
          "@timestamp" : "2018-02-20T07:07:11.169Z",
          "winlog" : {
            "record_id" : 32459,
            "computer_name" : "EC2AMAZ-O4EL3NG",
            "process" : {
              "pid" : 720,
              "thread" : {
                "id" : 2940
              }
            },
            "task" : "None",
            "event_id" : "7024",
            "keywords" : [
              "傳統"
            ],
            "provider_guid" : "{555908d1-a6d7-4695-8e1e-26931d2012f4}",
            "channel" : "System",
            "api" : "wineventlog",
            "event_data" : {
              "Binary" : "41006D0061007A006F006E00530053004D004100670065006E0074000000",
              "param1" : "Amazon SSM Agent",
              "param2" : "%%1"
            },
            "provider_name" : "Service Control Manager",
            "opcode" : "Info"
          },
          "ecs" : {
            "version" : "8.0.0"
          },
          "log" : {
            "file" : {
              "path" : "D:\\AIXSOAR\\EDR\\IDS_2018\\benign\\Thursday-22-02-2018\\EC2AMAZ-O4EL3NG-172.31.69.11.evtx"
            },
            "level" : "錯誤"
          },
          "host" : {
            "os" : {
              "type" : "windows",
              "family" : "windows"
            },
            "name" : "EC2AMAZ-O4EL3NG"
          },
          "event" : {
            "ingested" : "2024-04-09T23:13:51.705225365Z",
            "code" : "7024",
            "provider" : "Service Control Manager",
            "kind" : "event",
            "created" : "2024-04-09T23:13:47.515Z",
            "action" : "None"
          },
          "message" : "Amazon SSM Agent 服務因下列服務特定錯誤而終止: \n功能錯誤。"
        }
      },
      {
        "_index" : "ids-2018-benign",
        "_id" : "sJUjxY4BVtxcAtGlpqpa",
        "_score" : 0.0,
        "_source" : {
          "agent" : {
            "name" : "CHPIYR2",
            "id" : "60d66234-2dc5-408a-9a6e-a0a6278a7ae3",
            "type" : "winlogbeat",
            "ephemeral_id" : "eb398e54-10d2-4abf-a50c-85de95dae9f3",
            "version" : "8.11.3"
          },
          "@timestamp" : "2018-02-20T07:07:11.169Z",
          "winlog" : {
            "computer_name" : "EC2AMAZ-O4EL3NG",
            "record_id" : 32460,
            "process" : {
              "pid" : 720,
              "thread" : {
                "id" : 1700
              }
            },
            "task" : "None",
            "event_id" : "7031",
            "keywords" : [
              "傳統"
            ],
            "provider_guid" : "{555908d1-a6d7-4695-8e1e-26931d2012f4}",
            "channel" : "System",
            "event_data" : {
              "param5" : "Restart the service",
              "Binary" : "41006D0061007A006F006E00530053004D004100670065006E0074000000",
              "param3" : "30000",
              "param4" : "1",
              "param1" : "Amazon SSM Agent",
              "param2" : "950"
            },
            "api" : "wineventlog",
            "provider_name" : "Service Control Manager",
            "opcode" : "Info"
          },
          "ecs" : {
            "version" : "8.0.0"
          },
          "log" : {
            "file" : {
              "path" : "D:\\AIXSOAR\\EDR\\IDS_2018\\benign\\Thursday-22-02-2018\\EC2AMAZ-O4EL3NG-172.31.69.11.evtx"
            },
            "level" : "錯誤"
          },
          "host" : {
            "os" : {
              "type" : "windows",
              "family" : "windows"
            },
            "name" : "EC2AMAZ-O4EL3NG"
          },
          "event" : {
            "ingested" : "2024-04-09T23:13:51.705263444Z",
            "code" : "7031",
            "provider" : "Service Control Manager",
            "created" : "2024-04-09T23:13:47.515Z",
            "kind" : "event",
            "action" : "None"
          },
          "message" : "Amazon SSM Agent 服務意外終止，服務曾完成這項動作 950 次。以下的修正操作將在 30000 毫秒內執行: Restart the service。"
        }
      },
      {
        "_index" : "ids-2018-benign",
        "_id" : "sZUjxY4BVtxcAtGlpqpa",
        "_score" : 0.0,
        "_source" : {
          "agent" : {
            "name" : "CHPIYR2",
            "id" : "60d66234-2dc5-408a-9a6e-a0a6278a7ae3",
            "type" : "winlogbeat",
            "ephemeral_id" : "eb398e54-10d2-4abf-a50c-85de95dae9f3",
            "version" : "8.11.3"
          },
          "@timestamp" : "2018-02-20T07:09:24.089Z",
          "winlog" : {
            "record_id" : 32461,
            "computer_name" : "EC2AMAZ-O4EL3NG",
            "process" : {
              "pid" : 720,
              "thread" : {
                "id" : 3548
              }
            },
            "event_id" : "7036",
            "task" : "None",
            "keywords" : [
              "傳統"
            ],
            "provider_guid" : "{555908d1-a6d7-4695-8e1e-26931d2012f4}",
            "channel" : "System",
            "api" : "wineventlog",
            "event_data" : {
              "Binary" : "41006D0061007A006F006E00530053004D004100670065006E0074002F0031000000",
              "param1" : "Amazon SSM Agent",
              "param2" : "stopped"
            },
            "provider_name" : "Service Control Manager",
            "opcode" : "Info"
          },
          "ecs" : {
            "version" : "8.0.0"
          },
          "log" : {
            "file" : {
              "path" : "D:\\AIXSOAR\\EDR\\IDS_2018\\benign\\Thursday-22-02-2018\\EC2AMAZ-O4EL3NG-172.31.69.11.evtx"
            },
            "level" : "資訊"
          },
          "host" : {
            "os" : {
              "type" : "windows",
              "family" : "windows"
            },
            "name" : "EC2AMAZ-O4EL3NG"
          },
          "message" : "Amazon SSM Agent 服務已進入 stopped 狀態。",
          "event" : {
            "ingested" : "2024-04-09T23:13:51.705301808Z",
            "code" : "7036",
            "provider" : "Service Control Manager",
            "created" : "2024-04-09T23:13:47.515Z",
            "kind" : "event",
            "action" : "None"
          }
        }
      },
      {
        "_index" : "ids-2018-benign",
        "_id" : "spUjxY4BVtxcAtGlpqpa",
        "_score" : 0.0,
        "_source" : {
          "agent" : {
            "name" : "CHPIYR2",
            "id" : "60d66234-2dc5-408a-9a6e-a0a6278a7ae3",
            "ephemeral_id" : "eb398e54-10d2-4abf-a50c-85de95dae9f3",
            "type" : "winlogbeat",
            "version" : "8.11.3"
          },
          "@timestamp" : "2018-02-20T07:09:24.089Z",
          "winlog" : {
            "record_id" : 32462,
            "computer_name" : "EC2AMAZ-O4EL3NG",
            "process" : {
              "pid" : 720,
              "thread" : {
                "id" : 3548
              }
            },
            "task" : "None",
            "event_id" : "7024",
            "keywords" : [
              "傳統"
            ],
            "provider_guid" : "{555908d1-a6d7-4695-8e1e-26931d2012f4}",
            "channel" : "System",
            "event_data" : {
              "Binary" : "41006D0061007A006F006E00530053004D004100670065006E0074000000",
              "param1" : "Amazon SSM Agent",
              "param2" : "%%1"
            },
            "api" : "wineventlog",
            "provider_name" : "Service Control Manager",
            "opcode" : "Info"
          },
          "ecs" : {
            "version" : "8.0.0"
          },
          "log" : {
            "file" : {
              "path" : "D:\\AIXSOAR\\EDR\\IDS_2018\\benign\\Thursday-22-02-2018\\EC2AMAZ-O4EL3NG-172.31.69.11.evtx"
            },
            "level" : "錯誤"
          },
          "host" : {
            "os" : {
              "type" : "windows",
              "family" : "windows"
            },
            "name" : "EC2AMAZ-O4EL3NG"
          },
          "event" : {
            "ingested" : "2024-04-09T23:13:51.705338994Z",
            "code" : "7024",
            "provider" : "Service Control Manager",
            "created" : "2024-04-09T23:13:47.515Z",
            "kind" : "event",
            "action" : "None"
          },
          "message" : "Amazon SSM Agent 服務因下列服務特定錯誤而終止: \n功能錯誤。"
        }
      },
      {
        "_index" : "ids-2018-benign",
        "_id" : "s5UjxY4BVtxcAtGlpqpa",
        "_score" : 0.0,
        "_source" : {
          "agent" : {
            "name" : "CHPIYR2",
            "id" : "60d66234-2dc5-408a-9a6e-a0a6278a7ae3",
            "type" : "winlogbeat",
            "ephemeral_id" : "eb398e54-10d2-4abf-a50c-85de95dae9f3",
            "version" : "8.11.3"
          },
          "@timestamp" : "2018-02-20T07:09:24.089Z",
          "winlog" : {
            "computer_name" : "EC2AMAZ-O4EL3NG",
            "record_id" : 32463,
            "process" : {
              "pid" : 720,
              "thread" : {
                "id" : 4072
              }
            },
            "event_id" : "7031",
            "task" : "None",
            "keywords" : [
              "傳統"
            ],
            "provider_guid" : "{555908d1-a6d7-4695-8e1e-26931d2012f4}",
            "channel" : "System",
            "api" : "wineventlog",
            "event_data" : {
              "param5" : "Restart the service",
              "Binary" : "41006D0061007A006F006E00530053004D004100670065006E0074000000",
              "param3" : "30000",
              "param4" : "1",
              "param1" : "Amazon SSM Agent",
              "param2" : "951"
            },
            "opcode" : "Info",
            "provider_name" : "Service Control Manager"
          },
          "ecs" : {
            "version" : "8.0.0"
          },
          "log" : {
            "file" : {
              "path" : "D:\\AIXSOAR\\EDR\\IDS_2018\\benign\\Thursday-22-02-2018\\EC2AMAZ-O4EL3NG-172.31.69.11.evtx"
            },
            "level" : "錯誤"
          },
          "host" : {
            "os" : {
              "type" : "windows",
              "family" : "windows"
            },
            "name" : "EC2AMAZ-O4EL3NG"
          },
          "message" : "Amazon SSM Agent 服務意外終止，服務曾完成這項動作 951 次。以下的修正操作將在 30000 毫秒內執行: Restart the service。",
          "event" : {
            "ingested" : "2024-04-09T23:13:51.705376431Z",
            "code" : "7031",
            "provider" : "Service Control Manager",
            "created" : "2024-04-09T23:13:47.515Z",
            "kind" : "event",
            "action" : "None"
          }
        }
      },
      {
        "_index" : "ids-2018-benign",
        "_id" : "tJUjxY4BVtxcAtGlpqpa",
        "_score" : 0.0,
        "_source" : {
          "agent" : {
            "name" : "CHPIYR2",
            "id" : "60d66234-2dc5-408a-9a6e-a0a6278a7ae3",
            "type" : "winlogbeat",
            "ephemeral_id" : "eb398e54-10d2-4abf-a50c-85de95dae9f3",
            "version" : "8.11.3"
          },
          "@timestamp" : "2018-02-20T07:11:28.320Z",
          "winlog" : {
            "record_id" : 32464,
            "computer_name" : "EC2AMAZ-O4EL3NG",
            "process" : {
              "pid" : 720,
              "thread" : {
                "id" : 2940
              }
            },
            "task" : "None",
            "event_id" : "7036",
            "keywords" : [
              "傳統"
            ],
            "provider_guid" : "{555908d1-a6d7-4695-8e1e-26931d2012f4}",
            "channel" : "System",
            "api" : "wineventlog",
            "event_data" : {
              "Binary" : "41006D0061007A006F006E00530053004D004100670065006E0074002F0031000000",
              "param1" : "Amazon SSM Agent",
              "param2" : "stopped"
            },
            "opcode" : "Info",
            "provider_name" : "Service Control Manager"
          },
          "ecs" : {
            "version" : "8.0.0"
          },
          "log" : {
            "file" : {
              "path" : "D:\\AIXSOAR\\EDR\\IDS_2018\\benign\\Thursday-22-02-2018\\EC2AMAZ-O4EL3NG-172.31.69.11.evtx"
            },
            "level" : "資訊"
          },
          "host" : {
            "os" : {
              "type" : "windows",
              "family" : "windows"
            },
            "name" : "EC2AMAZ-O4EL3NG"
          },
          "event" : {
            "ingested" : "2024-04-09T23:13:51.705416553Z",
            "code" : "7036",
            "provider" : "Service Control Manager",
            "created" : "2024-04-09T23:13:47.515Z",
            "kind" : "event",
            "action" : "None"
          },
          "message" : "Amazon SSM Agent 服務已進入 stopped 狀態。"
        }
      },
      {
        "_index" : "ids-2018-benign",
        "_id" : "tZUjxY4BVtxcAtGlpqpa",
        "_score" : 0.0,
        "_source" : {
          "agent" : {
            "name" : "CHPIYR2",
            "id" : "60d66234-2dc5-408a-9a6e-a0a6278a7ae3",
            "type" : "winlogbeat",
            "ephemeral_id" : "eb398e54-10d2-4abf-a50c-85de95dae9f3",
            "version" : "8.11.3"
          },
          "@timestamp" : "2018-02-20T07:11:28.320Z",
          "winlog" : {
            "record_id" : 32465,
            "computer_name" : "EC2AMAZ-O4EL3NG",
            "process" : {
              "pid" : 720,
              "thread" : {
                "id" : 2940
              }
            },
            "event_id" : "7024",
            "task" : "None",
            "keywords" : [
              "傳統"
            ],
            "provider_guid" : "{555908d1-a6d7-4695-8e1e-26931d2012f4}",
            "channel" : "System",
            "event_data" : {
              "Binary" : "41006D0061007A006F006E00530053004D004100670065006E0074000000",
              "param1" : "Amazon SSM Agent",
              "param2" : "%%1"
            },
            "api" : "wineventlog",
            "provider_name" : "Service Control Manager",
            "opcode" : "Info"
          },
          "ecs" : {
            "version" : "8.0.0"
          },
          "log" : {
            "file" : {
              "path" : "D:\\AIXSOAR\\EDR\\IDS_2018\\benign\\Thursday-22-02-2018\\EC2AMAZ-O4EL3NG-172.31.69.11.evtx"
            },
            "level" : "錯誤"
          },
          "host" : {
            "os" : {
              "type" : "windows",
              "family" : "windows"
            },
            "name" : "EC2AMAZ-O4EL3NG"
          },
          "message" : "Amazon SSM Agent 服務因下列服務特定錯誤而終止: \n功能錯誤。",
          "event" : {
            "ingested" : "2024-04-09T23:13:51.705454236Z",
            "code" : "7024",
            "provider" : "Service Control Manager",
            "created" : "2024-04-09T23:13:47.515Z",
            "kind" : "event",
            "action" : "None"
          }
        }
      },
      {
        "_index" : "ids-2018-benign",
        "_id" : "tpUjxY4BVtxcAtGlpqpa",
        "_score" : 0.0,
        "_source" : {
          "agent" : {
            "name" : "CHPIYR2",
            "id" : "60d66234-2dc5-408a-9a6e-a0a6278a7ae3",
            "type" : "winlogbeat",
            "ephemeral_id" : "eb398e54-10d2-4abf-a50c-85de95dae9f3",
            "version" : "8.11.3"
          },
          "@timestamp" : "2018-02-20T07:11:28.320Z",
          "winlog" : {
            "record_id" : 32466,
            "computer_name" : "EC2AMAZ-O4EL3NG",
            "process" : {
              "pid" : 720,
              "thread" : {
                "id" : 4848
              }
            },
            "task" : "None",
            "event_id" : "7031",
            "keywords" : [
              "傳統"
            ],
            "provider_guid" : "{555908d1-a6d7-4695-8e1e-26931d2012f4}",
            "channel" : "System",
            "api" : "wineventlog",
            "event_data" : {
              "param5" : "Restart the service",
              "Binary" : "41006D0061007A006F006E00530053004D004100670065006E0074000000",
              "param3" : "30000",
              "param4" : "1",
              "param1" : "Amazon SSM Agent",
              "param2" : "952"
            },
            "opcode" : "Info",
            "provider_name" : "Service Control Manager"
          },
          "ecs" : {
            "version" : "8.0.0"
          },
          "log" : {
            "file" : {
              "path" : "D:\\AIXSOAR\\EDR\\IDS_2018\\benign\\Thursday-22-02-2018\\EC2AMAZ-O4EL3NG-172.31.69.11.evtx"
            },
            "level" : "錯誤"
          },
          "host" : {
            "os" : {
              "type" : "windows",
              "family" : "windows"
            },
            "name" : "EC2AMAZ-O4EL3NG"
          },
          "event" : {
            "ingested" : "2024-04-09T23:13:51.705492923Z",
            "code" : "7031",
            "provider" : "Service Control Manager",
            "kind" : "event",
            "created" : "2024-04-09T23:13:47.515Z",
            "action" : "None"
          },
          "message" : "Amazon SSM Agent 服務意外終止，服務曾完成這項動作 952 次。以下的修正操作將在 30000 毫秒內執行: Restart the service。"
        }
      },
      {
        "_index" : "ids-2018-benign",
        "_id" : "t5UjxY4BVtxcAtGlpqpa",
        "_score" : 0.0,
        "_source" : {
          "agent" : {
            "name" : "CHPIYR2",
            "id" : "60d66234-2dc5-408a-9a6e-a0a6278a7ae3",
            "type" : "winlogbeat",
            "ephemeral_id" : "eb398e54-10d2-4abf-a50c-85de95dae9f3",
            "version" : "8.11.3"
          },
          "@timestamp" : "2018-02-20T07:13:45.270Z",
          "winlog" : {
            "computer_name" : "EC2AMAZ-O4EL3NG",
            "record_id" : 32467,
            "process" : {
              "pid" : 720,
              "thread" : {
                "id" : 3548
              }
            },
            "event_id" : "7036",
            "task" : "None",
            "keywords" : [
              "傳統"
            ],
            "provider_guid" : "{555908d1-a6d7-4695-8e1e-26931d2012f4}",
            "channel" : "System",
            "event_data" : {
              "Binary" : "41006D0061007A006F006E00530053004D004100670065006E0074002F0031000000",
              "param1" : "Amazon SSM Agent",
              "param2" : "stopped"
            },
            "api" : "wineventlog",
            "provider_name" : "Service Control Manager",
            "opcode" : "Info"
          },
          "ecs" : {
            "version" : "8.0.0"
          },
          "log" : {
            "file" : {
              "path" : "D:\\AIXSOAR\\EDR\\IDS_2018\\benign\\Thursday-22-02-2018\\EC2AMAZ-O4EL3NG-172.31.69.11.evtx"
            },
            "level" : "資訊"
          },
          "host" : {
            "os" : {
              "type" : "windows",
              "family" : "windows"
            },
            "name" : "EC2AMAZ-O4EL3NG"
          },
          "event" : {
            "ingested" : "2024-04-09T23:13:51.705532117Z",
            "code" : "7036",
            "provider" : "Service Control Manager",
            "created" : "2024-04-09T23:13:47.515Z",
            "kind" : "event",
            "action" : "None"
          },
          "message" : "Amazon SSM Agent 服務已進入 stopped 狀態。"
        }
      },
      {
        "_index" : "ids-2018-benign",
        "_id" : "uJUjxY4BVtxcAtGlpqpa",
        "_score" : 0.0,
        "_source" : {
          "agent" : {
            "name" : "CHPIYR2",
            "id" : "60d66234-2dc5-408a-9a6e-a0a6278a7ae3",
            "type" : "winlogbeat",
            "ephemeral_id" : "eb398e54-10d2-4abf-a50c-85de95dae9f3",
            "version" : "8.11.3"
          },
          "@timestamp" : "2018-02-20T07:13:45.270Z",
          "winlog" : {
            "record_id" : 32468,
            "computer_name" : "EC2AMAZ-O4EL3NG",
            "process" : {
              "pid" : 720,
              "thread" : {
                "id" : 3548
              }
            },
            "event_id" : "7024",
            "task" : "None",
            "keywords" : [
              "傳統"
            ],
            "provider_guid" : "{555908d1-a6d7-4695-8e1e-26931d2012f4}",
            "channel" : "System",
            "event_data" : {
              "Binary" : "41006D0061007A006F006E00530053004D004100670065006E0074000000",
              "param1" : "Amazon SSM Agent",
              "param2" : "%%1"
            },
            "api" : "wineventlog",
            "opcode" : "Info",
            "provider_name" : "Service Control Manager"
          },
          "ecs" : {
            "version" : "8.0.0"
          },
          "log" : {
            "file" : {
              "path" : "D:\\AIXSOAR\\EDR\\IDS_2018\\benign\\Thursday-22-02-2018\\EC2AMAZ-O4EL3NG-172.31.69.11.evtx"
            },
            "level" : "錯誤"
          },
          "host" : {
            "os" : {
              "type" : "windows",
              "family" : "windows"
            },
            "name" : "EC2AMAZ-O4EL3NG"
          },
          "message" : "Amazon SSM Agent 服務因下列服務特定錯誤而終止: \n功能錯誤。",
          "event" : {
            "ingested" : "2024-04-09T23:13:51.705568856Z",
            "code" : "7024",
            "provider" : "Service Control Manager",
            "created" : "2024-04-09T23:13:47.515Z",
            "kind" : "event",
            "action" : "None"
          }
        }
      },
      {
        "_index" : "ids-2018-benign",
        "_id" : "uZUjxY4BVtxcAtGlpqpa",
        "_score" : 0.0,
        "_source" : {
          "agent" : {
            "name" : "CHPIYR2",
            "id" : "60d66234-2dc5-408a-9a6e-a0a6278a7ae3",
            "ephemeral_id" : "eb398e54-10d2-4abf-a50c-85de95dae9f3",
            "type" : "winlogbeat",
            "version" : "8.11.3"
          },
          "@timestamp" : "2018-02-20T07:13:45.270Z",
          "winlog" : {
            "computer_name" : "EC2AMAZ-O4EL3NG",
            "record_id" : 32469,
            "process" : {
              "pid" : 720,
              "thread" : {
                "id" : 900
              }
            },
            "task" : "None",
            "event_id" : "7031",
            "keywords" : [
              "傳統"
            ],
            "provider_guid" : "{555908d1-a6d7-4695-8e1e-26931d2012f4}",
            "channel" : "System",
            "api" : "wineventlog",
            "event_data" : {
              "param5" : "Restart the service",
              "Binary" : "41006D0061007A006F006E00530053004D004100670065006E0074000000",
              "param3" : "30000",
              "param4" : "1",
              "param1" : "Amazon SSM Agent",
              "param2" : "953"
            },
            "opcode" : "Info",
            "provider_name" : "Service Control Manager"
          },
          "ecs" : {
            "version" : "8.0.0"
          },
          "log" : {
            "file" : {
              "path" : "D:\\AIXSOAR\\EDR\\IDS_2018\\benign\\Thursday-22-02-2018\\EC2AMAZ-O4EL3NG-172.31.69.11.evtx"
            },
            "level" : "錯誤"
          },
          "host" : {
            "os" : {
              "type" : "windows",
              "family" : "windows"
            },
            "name" : "EC2AMAZ-O4EL3NG"
          },
          "message" : "Amazon SSM Agent 服務意外終止，服務曾完成這項動作 953 次。以下的修正操作將在 30000 毫秒內執行: Restart the service。",
          "event" : {
            "ingested" : "2024-04-09T23:13:51.705607389Z",
            "code" : "7031",
            "provider" : "Service Control Manager",
            "created" : "2024-04-09T23:13:47.515Z",
            "kind" : "event",
            "action" : "None"
          }
        }
      },
      {
        "_index" : "ids-2018-benign",
        "_id" : "upUjxY4BVtxcAtGlpqpa",
        "_score" : 0.0,
        "_source" : {
          "agent" : {
            "name" : "CHPIYR2",
            "id" : "60d66234-2dc5-408a-9a6e-a0a6278a7ae3",
            "type" : "winlogbeat",
            "ephemeral_id" : "eb398e54-10d2-4abf-a50c-85de95dae9f3",
            "version" : "8.11.3"
          },
          "@timestamp" : "2018-02-20T07:15:55.236Z",
          "winlog" : {
            "computer_name" : "EC2AMAZ-O4EL3NG",
            "record_id" : 32470,
            "process" : {
              "pid" : 720,
              "thread" : {
                "id" : 2940
              }
            },
            "task" : "None",
            "event_id" : "7036",
            "keywords" : [
              "傳統"
            ],
            "provider_guid" : "{555908d1-a6d7-4695-8e1e-26931d2012f4}",
            "channel" : "System",
            "api" : "wineventlog",
            "event_data" : {
              "Binary" : "41006D0061007A006F006E00530053004D004100670065006E0074002F0031000000",
              "param1" : "Amazon SSM Agent",
              "param2" : "stopped"
            },
            "provider_name" : "Service Control Manager",
            "opcode" : "Info"
          },
          "ecs" : {
            "version" : "8.0.0"
          },
          "log" : {
            "file" : {
              "path" : "D:\\AIXSOAR\\EDR\\IDS_2018\\benign\\Thursday-22-02-2018\\EC2AMAZ-O4EL3NG-172.31.69.11.evtx"
            },
            "level" : "資訊"
          },
          "host" : {
            "os" : {
              "type" : "windows",
              "family" : "windows"
            },
            "name" : "EC2AMAZ-O4EL3NG"
          },
          "message" : "Amazon SSM Agent 服務已進入 stopped 狀態。",
          "event" : {
            "ingested" : "2024-04-09T23:13:51.705645655Z",
            "code" : "7036",
            "provider" : "Service Control Manager",
            "created" : "2024-04-09T23:13:47.515Z",
            "kind" : "event",
            "action" : "None"
          }
        }
      },
      {
        "_index" : "ids-2018-benign",
        "_id" : "u5UjxY4BVtxcAtGlpqpa",
        "_score" : 0.0,
        "_source" : {
          "agent" : {
            "name" : "CHPIYR2",
            "id" : "60d66234-2dc5-408a-9a6e-a0a6278a7ae3",
            "type" : "winlogbeat",
            "ephemeral_id" : "eb398e54-10d2-4abf-a50c-85de95dae9f3",
            "version" : "8.11.3"
          },
          "@timestamp" : "2018-02-20T07:15:55.236Z",
          "winlog" : {
            "computer_name" : "EC2AMAZ-O4EL3NG",
            "record_id" : 32471,
            "process" : {
              "pid" : 720,
              "thread" : {
                "id" : 2940
              }
            },
            "event_id" : "7024",
            "task" : "None",
            "keywords" : [
              "傳統"
            ],
            "provider_guid" : "{555908d1-a6d7-4695-8e1e-26931d2012f4}",
            "channel" : "System",
            "event_data" : {
              "Binary" : "41006D0061007A006F006E00530053004D004100670065006E0074000000",
              "param1" : "Amazon SSM Agent",
              "param2" : "%%1"
            },
            "api" : "wineventlog",
            "provider_name" : "Service Control Manager",
            "opcode" : "Info"
          },
          "ecs" : {
            "version" : "8.0.0"
          },
          "log" : {
            "file" : {
              "path" : "D:\\AIXSOAR\\EDR\\IDS_2018\\benign\\Thursday-22-02-2018\\EC2AMAZ-O4EL3NG-172.31.69.11.evtx"
            },
            "level" : "錯誤"
          },
          "host" : {
            "os" : {
              "type" : "windows",
              "family" : "windows"
            },
            "name" : "EC2AMAZ-O4EL3NG"
          },
          "event" : {
            "ingested" : "2024-04-09T23:13:51.705682306Z",
            "code" : "7024",
            "provider" : "Service Control Manager",
            "created" : "2024-04-09T23:13:47.515Z",
            "kind" : "event",
            "action" : "None"
          },
          "message" : "Amazon SSM Agent 服務因下列服務特定錯誤而終止: \n功能錯誤。"
        }
      },
      {
        "_index" : "ids-2018-benign",
        "_id" : "vJUjxY4BVtxcAtGlpqpa",
        "_score" : 0.0,
        "_source" : {
          "agent" : {
            "name" : "CHPIYR2",
            "id" : "60d66234-2dc5-408a-9a6e-a0a6278a7ae3",
            "type" : "winlogbeat",
            "ephemeral_id" : "eb398e54-10d2-4abf-a50c-85de95dae9f3",
            "version" : "8.11.3"
          },
          "@timestamp" : "2018-02-20T07:15:55.236Z",
          "winlog" : {
            "record_id" : 32472,
            "computer_name" : "EC2AMAZ-O4EL3NG",
            "process" : {
              "pid" : 720,
              "thread" : {
                "id" : 3896
              }
            },
            "task" : "None",
            "event_id" : "7031",
            "keywords" : [
              "傳統"
            ],
            "provider_guid" : "{555908d1-a6d7-4695-8e1e-26931d2012f4}",
            "channel" : "System",
            "api" : "wineventlog",
            "event_data" : {
              "param5" : "Restart the service",
              "Binary" : "41006D0061007A006F006E00530053004D004100670065006E0074000000",
              "param3" : "30000",
              "param4" : "1",
              "param1" : "Amazon SSM Agent",
              "param2" : "954"
            },
            "provider_name" : "Service Control Manager",
            "opcode" : "Info"
          },
          "ecs" : {
            "version" : "8.0.0"
          },
          "log" : {
            "file" : {
              "path" : "D:\\AIXSOAR\\EDR\\IDS_2018\\benign\\Thursday-22-02-2018\\EC2AMAZ-O4EL3NG-172.31.69.11.evtx"
            },
            "level" : "錯誤"
          },
          "host" : {
            "os" : {
              "type" : "windows",
              "family" : "windows"
            },
            "name" : "EC2AMAZ-O4EL3NG"
          },
          "message" : "Amazon SSM Agent 服務意外終止，服務曾完成這項動作 954 次。以下的修正操作將在 30000 毫秒內執行: Restart the service。",
          "event" : {
            "ingested" : "2024-04-09T23:13:51.705720050Z",
            "code" : "7031",
            "provider" : "Service Control Manager",
            "created" : "2024-04-09T23:13:47.515Z",
            "kind" : "event",
            "action" : "None"
          }
        }
      },
      {
        "_index" : "ids-2018-benign",
        "_id" : "vZUjxY4BVtxcAtGlpqpa",
        "_score" : 0.0,
        "_source" : {
          "agent" : {
            "name" : "CHPIYR2",
            "id" : "60d66234-2dc5-408a-9a6e-a0a6278a7ae3",
            "type" : "winlogbeat",
            "ephemeral_id" : "eb398e54-10d2-4abf-a50c-85de95dae9f3",
            "version" : "8.11.3"
          },
          "@timestamp" : "2018-02-20T07:18:07.186Z",
          "winlog" : {
            "computer_name" : "EC2AMAZ-O4EL3NG",
            "record_id" : 32473,
            "process" : {
              "pid" : 720,
              "thread" : {
                "id" : 3548
              }
            },
            "task" : "None",
            "event_id" : "7036",
            "keywords" : [
              "傳統"
            ],
            "provider_guid" : "{555908d1-a6d7-4695-8e1e-26931d2012f4}",
            "channel" : "System",
            "api" : "wineventlog",
            "event_data" : {
              "Binary" : "41006D0061007A006F006E00530053004D004100670065006E0074002F0031000000",
              "param1" : "Amazon SSM Agent",
              "param2" : "stopped"
            },
            "provider_name" : "Service Control Manager",
            "opcode" : "Info"
          },
          "ecs" : {
            "version" : "8.0.0"
          },
          "log" : {
            "file" : {
              "path" : "D:\\AIXSOAR\\EDR\\IDS_2018\\benign\\Thursday-22-02-2018\\EC2AMAZ-O4EL3NG-172.31.69.11.evtx"
            },
            "level" : "資訊"
          },
          "host" : {
            "os" : {
              "type" : "windows",
              "family" : "windows"
            },
            "name" : "EC2AMAZ-O4EL3NG"
          },
          "event" : {
            "ingested" : "2024-04-09T23:13:51.705757822Z",
            "code" : "7036",
            "provider" : "Service Control Manager",
            "kind" : "event",
            "created" : "2024-04-09T23:13:47.516Z",
            "action" : "None"
          },
          "message" : "Amazon SSM Agent 服務已進入 stopped 狀態。"
        }
      },
      {
        "_index" : "ids-2018-benign",
        "_id" : "vpUjxY4BVtxcAtGlpqpa",
        "_score" : 0.0,
        "_source" : {
          "agent" : {
            "name" : "CHPIYR2",
            "id" : "60d66234-2dc5-408a-9a6e-a0a6278a7ae3",
            "type" : "winlogbeat",
            "ephemeral_id" : "eb398e54-10d2-4abf-a50c-85de95dae9f3",
            "version" : "8.11.3"
          },
          "@timestamp" : "2018-02-20T07:18:07.186Z",
          "winlog" : {
            "computer_name" : "EC2AMAZ-O4EL3NG",
            "record_id" : 32474,
            "process" : {
              "pid" : 720,
              "thread" : {
                "id" : 3548
              }
            },
            "task" : "None",
            "event_id" : "7024",
            "keywords" : [
              "傳統"
            ],
            "provider_guid" : "{555908d1-a6d7-4695-8e1e-26931d2012f4}",
            "channel" : "System",
            "event_data" : {
              "Binary" : "41006D0061007A006F006E00530053004D004100670065006E0074000000",
              "param1" : "Amazon SSM Agent",
              "param2" : "%%1"
            },
            "api" : "wineventlog",
            "opcode" : "Info",
            "provider_name" : "Service Control Manager"
          },
          "ecs" : {
            "version" : "8.0.0"
          },
          "log" : {
            "file" : {
              "path" : "D:\\AIXSOAR\\EDR\\IDS_2018\\benign\\Thursday-22-02-2018\\EC2AMAZ-O4EL3NG-172.31.69.11.evtx"
            },
            "level" : "錯誤"
          },
          "host" : {
            "os" : {
              "type" : "windows",
              "family" : "windows"
            },
            "name" : "EC2AMAZ-O4EL3NG"
          },
          "event" : {
            "ingested" : "2024-04-09T23:13:51.705795587Z",
            "code" : "7024",
            "provider" : "Service Control Manager",
            "created" : "2024-04-09T23:13:47.516Z",
            "kind" : "event",
            "action" : "None"
          },
          "message" : "Amazon SSM Agent 服務因下列服務特定錯誤而終止: \n功能錯誤。"
        }
      },
      {
        "_index" : "ids-2018-benign",
        "_id" : "v5UjxY4BVtxcAtGlpqpa",
        "_score" : 0.0,
        "_source" : {
          "agent" : {
            "name" : "CHPIYR2",
            "id" : "60d66234-2dc5-408a-9a6e-a0a6278a7ae3",
            "ephemeral_id" : "eb398e54-10d2-4abf-a50c-85de95dae9f3",
            "type" : "winlogbeat",
            "version" : "8.11.3"
          },
          "@timestamp" : "2018-02-20T07:18:07.186Z",
          "winlog" : {
            "record_id" : 32475,
            "computer_name" : "EC2AMAZ-O4EL3NG",
            "process" : {
              "pid" : 720,
              "thread" : {
                "id" : 1832
              }
            },
            "task" : "None",
            "event_id" : "7031",
            "keywords" : [
              "傳統"
            ],
            "provider_guid" : "{555908d1-a6d7-4695-8e1e-26931d2012f4}",
            "channel" : "System",
            "api" : "wineventlog",
            "event_data" : {
              "param5" : "Restart the service",
              "Binary" : "41006D0061007A006F006E00530053004D004100670065006E0074000000",
              "param3" : "30000",
              "param4" : "1",
              "param1" : "Amazon SSM Agent",
              "param2" : "955"
            },
            "opcode" : "Info",
            "provider_name" : "Service Control Manager"
          },
          "ecs" : {
            "version" : "8.0.0"
          },
          "log" : {
            "file" : {
              "path" : "D:\\AIXSOAR\\EDR\\IDS_2018\\benign\\Thursday-22-02-2018\\EC2AMAZ-O4EL3NG-172.31.69.11.evtx"
            },
            "level" : "錯誤"
          },
          "host" : {
            "os" : {
              "type" : "windows",
              "family" : "windows"
            },
            "name" : "EC2AMAZ-O4EL3NG"
          },
          "event" : {
            "ingested" : "2024-04-09T23:13:51.705833535Z",
            "code" : "7031",
            "provider" : "Service Control Manager",
            "created" : "2024-04-09T23:13:47.516Z",
            "kind" : "event",
            "action" : "None"
          },
          "message" : "Amazon SSM Agent 服務意外終止，服務曾完成這項動作 955 次。以下的修正操作將在 30000 毫秒內執行: Restart the service。"
        }
      },
      {
        "_index" : "ids-2018-benign",
        "_id" : "wJUjxY4BVtxcAtGlpqpa",
        "_score" : 0.0,
        "_source" : {
          "agent" : {
            "name" : "CHPIYR2",
            "id" : "60d66234-2dc5-408a-9a6e-a0a6278a7ae3",
            "type" : "winlogbeat",
            "ephemeral_id" : "eb398e54-10d2-4abf-a50c-85de95dae9f3",
            "version" : "8.11.3"
          },
          "@timestamp" : "2018-02-20T07:20:25.839Z",
          "winlog" : {
            "computer_name" : "EC2AMAZ-O4EL3NG",
            "record_id" : 32476,
            "process" : {
              "pid" : 720,
              "thread" : {
                "id" : 2940
              }
            },
            "event_id" : "7036",
            "task" : "None",
            "keywords" : [
              "傳統"
            ],
            "provider_guid" : "{555908d1-a6d7-4695-8e1e-26931d2012f4}",
            "channel" : "System",
            "api" : "wineventlog",
            "event_data" : {
              "Binary" : "41006D0061007A006F006E00530053004D004100670065006E0074002F0031000000",
              "param1" : "Amazon SSM Agent",
              "param2" : "stopped"
            },
            "provider_name" : "Service Control Manager",
            "opcode" : "Info"
          },
          "ecs" : {
            "version" : "8.0.0"
          },
          "log" : {
            "file" : {
              "path" : "D:\\AIXSOAR\\EDR\\IDS_2018\\benign\\Thursday-22-02-2018\\EC2AMAZ-O4EL3NG-172.31.69.11.evtx"
            },
            "level" : "資訊"
          },
          "host" : {
            "os" : {
              "type" : "windows",
              "family" : "windows"
            },
            "name" : "EC2AMAZ-O4EL3NG"
          },
          "message" : "Amazon SSM Agent 服務已進入 stopped 狀態。",
          "event" : {
            "ingested" : "2024-04-09T23:13:51.705870058Z",
            "code" : "7036",
            "provider" : "Service Control Manager",
            "created" : "2024-04-09T23:13:47.516Z",
            "kind" : "event",
            "action" : "None"
          }
        }
      },
      {
        "_index" : "ids-2018-benign",
        "_id" : "wZUjxY4BVtxcAtGlpqpa",
        "_score" : 0.0,
        "_source" : {
          "agent" : {
            "name" : "CHPIYR2",
            "id" : "60d66234-2dc5-408a-9a6e-a0a6278a7ae3",
            "type" : "winlogbeat",
            "ephemeral_id" : "eb398e54-10d2-4abf-a50c-85de95dae9f3",
            "version" : "8.11.3"
          },
          "@timestamp" : "2018-02-20T07:20:25.839Z",
          "winlog" : {
            "record_id" : 32477,
            "computer_name" : "EC2AMAZ-O4EL3NG",
            "process" : {
              "pid" : 720,
              "thread" : {
                "id" : 2940
              }
            },
            "event_id" : "7024",
            "task" : "None",
            "keywords" : [
              "傳統"
            ],
            "provider_guid" : "{555908d1-a6d7-4695-8e1e-26931d2012f4}",
            "channel" : "System",
            "api" : "wineventlog",
            "event_data" : {
              "Binary" : "41006D0061007A006F006E00530053004D004100670065006E0074000000",
              "param1" : "Amazon SSM Agent",
              "param2" : "%%1"
            },
            "opcode" : "Info",
            "provider_name" : "Service Control Manager"
          },
          "ecs" : {
            "version" : "8.0.0"
          },
          "log" : {
            "file" : {
              "path" : "D:\\AIXSOAR\\EDR\\IDS_2018\\benign\\Thursday-22-02-2018\\EC2AMAZ-O4EL3NG-172.31.69.11.evtx"
            },
            "level" : "錯誤"
          },
          "host" : {
            "os" : {
              "type" : "windows",
              "family" : "windows"
            },
            "name" : "EC2AMAZ-O4EL3NG"
          },
          "event" : {
            "ingested" : "2024-04-09T23:13:51.705905726Z",
            "code" : "7024",
            "provider" : "Service Control Manager",
            "created" : "2024-04-09T23:13:47.516Z",
            "kind" : "event",
            "action" : "None"
          },
          "message" : "Amazon SSM Agent 服務因下列服務特定錯誤而終止: \n功能錯誤。"
        }
      },
      {
        "_index" : "ids-2018-benign",
        "_id" : "wpUjxY4BVtxcAtGlpqpa",
        "_score" : 0.0,
        "_source" : {
          "agent" : {
            "name" : "CHPIYR2",
            "id" : "60d66234-2dc5-408a-9a6e-a0a6278a7ae3",
            "ephemeral_id" : "eb398e54-10d2-4abf-a50c-85de95dae9f3",
            "type" : "winlogbeat",
            "version" : "8.11.3"
          },
          "@timestamp" : "2018-02-20T07:20:25.839Z",
          "winlog" : {
            "computer_name" : "EC2AMAZ-O4EL3NG",
            "record_id" : 32478,
            "process" : {
              "pid" : 720,
              "thread" : {
                "id" : 4532
              }
            },
            "event_id" : "7031",
            "task" : "None",
            "keywords" : [
              "傳統"
            ],
            "provider_guid" : "{555908d1-a6d7-4695-8e1e-26931d2012f4}",
            "channel" : "System",
            "event_data" : {
              "param5" : "Restart the service",
              "Binary" : "41006D0061007A006F006E00530053004D004100670065006E0074000000",
              "param3" : "30000",
              "param4" : "1",
              "param1" : "Amazon SSM Agent",
              "param2" : "956"
            },
            "api" : "wineventlog",
            "provider_name" : "Service Control Manager",
            "opcode" : "Info"
          },
          "ecs" : {
            "version" : "8.0.0"
          },
          "log" : {
            "file" : {
              "path" : "D:\\AIXSOAR\\EDR\\IDS_2018\\benign\\Thursday-22-02-2018\\EC2AMAZ-O4EL3NG-172.31.69.11.evtx"
            },
            "level" : "錯誤"
          },
          "host" : {
            "os" : {
              "type" : "windows",
              "family" : "windows"
            },
            "name" : "EC2AMAZ-O4EL3NG"
          },
          "event" : {
            "ingested" : "2024-04-09T23:13:51.705942290Z",
            "code" : "7031",
            "provider" : "Service Control Manager",
            "created" : "2024-04-09T23:13:47.516Z",
            "kind" : "event",
            "action" : "None"
          },
          "message" : "Amazon SSM Agent 服務意外終止，服務曾完成這項動作 956 次。以下的修正操作將在 30000 毫秒內執行: Restart the service。"
        }
      },
