      {
        "_index" : "ids-2018-benign",
        "_id" : "PJUjxY4BVtxcAtGlgYwh",
        "_score" : 0.0,
        "_source" : {
          "agent" : {
            "name" : "CHPIYR2",
            "id" : "60d66234-2dc5-408a-9a6e-a0a6278a7ae3",
            "ephemeral_id" : "eb398e54-10d2-4abf-a50c-85de95dae9f3",
            "type" : "winlogbeat",
            "version" : "8.11.3"
          },
          "@timestamp" : "2018-02-10T19:10:36.067Z",
          "winlog" : {
            "record_id" : 24664,
            "computer_name" : "EC2AMAZ-O4EL3NG",
            "process" : {
              "pid" : 720,
              "thread" : {
                "id" : 876
              }
            },
            "task" : "None",
            "event_id" : "7031",
            "keywords" : [
              "傳統"
            ],
            "provider_guid" : "{555908d1-a6d7-4695-8e1e-26931d2012f4}",
            "channel" : "System",
            "api" : "wineventlog",
            "event_data" : {
              "param5" : "Restart the service",
              "Binary" : "41006D0061007A006F006E00530053004D004100670065006E0074000000",
              "param3" : "30000",
              "param4" : "1",
              "param1" : "Amazon SSM Agent",
              "param2" : "159"
            },
            "opcode" : "Info",
            "provider_name" : "Service Control Manager"
          },
          "ecs" : {
            "version" : "8.0.0"
          },
          "log" : {
            "file" : {
              "path" : "D:\\AIXSOAR\\EDR\\IDS_2018\\benign\\Thursday-22-02-2018\\EC2AMAZ-O4EL3NG-172.31.69.11.evtx"
            },
            "level" : "錯誤"
          },
          "host" : {
            "os" : {
              "type" : "windows",
              "family" : "windows"
            },
            "name" : "EC2AMAZ-O4EL3NG"
          },
          "message" : "Amazon SSM Agent 服務意外終止，服務曾完成這項動作 159 次。以下的修正操作將在 30000 毫秒內執行: Restart the service。",
          "event" : {
            "ingested" : "2024-04-09T23:13:42.176095535Z",
            "code" : "7031",
            "provider" : "Service Control Manager",
            "created" : "2024-04-09T23:13:38.496Z",
            "kind" : "event",
            "action" : "None"
          }
        }
      },
      {
        "_index" : "ids-2018-benign",
        "_id" : "PZUjxY4BVtxcAtGlgYwh",
        "_score" : 0.0,
        "_source" : {
          "agent" : {
            "name" : "CHPIYR2",
            "id" : "60d66234-2dc5-408a-9a6e-a0a6278a7ae3",
            "type" : "winlogbeat",
            "ephemeral_id" : "eb398e54-10d2-4abf-a50c-85de95dae9f3",
            "version" : "8.11.3"
          },
          "@timestamp" : "2018-02-10T19:12:47.267Z",
          "winlog" : {
            "computer_name" : "EC2AMAZ-O4EL3NG",
            "record_id" : 24665,
            "process" : {
              "pid" : 720,
              "thread" : {
                "id" : 2652
              }
            },
            "task" : "None",
            "event_id" : "7036",
            "keywords" : [
              "傳統"
            ],
            "provider_guid" : "{555908d1-a6d7-4695-8e1e-26931d2012f4}",
            "channel" : "System",
            "event_data" : {
              "Binary" : "41006D0061007A006F006E00530053004D004100670065006E0074002F0031000000",
              "param1" : "Amazon SSM Agent",
              "param2" : "stopped"
            },
            "api" : "wineventlog",
            "opcode" : "Info",
            "provider_name" : "Service Control Manager"
          },
          "ecs" : {
            "version" : "8.0.0"
          },
          "log" : {
            "file" : {
              "path" : "D:\\AIXSOAR\\EDR\\IDS_2018\\benign\\Thursday-22-02-2018\\EC2AMAZ-O4EL3NG-172.31.69.11.evtx"
            },
            "level" : "資訊"
          },
          "host" : {
            "os" : {
              "type" : "windows",
              "family" : "windows"
            },
            "name" : "EC2AMAZ-O4EL3NG"
          },
          "event" : {
            "ingested" : "2024-04-09T23:13:42.176136314Z",
            "code" : "7036",
            "provider" : "Service Control Manager",
            "created" : "2024-04-09T23:13:38.496Z",
            "kind" : "event",
            "action" : "None"
          },
          "message" : "Amazon SSM Agent 服務已進入 stopped 狀態。"
        }
      },
      {
        "_index" : "ids-2018-benign",
        "_id" : "PpUjxY4BVtxcAtGlgYwh",
        "_score" : 0.0,
        "_source" : {
          "agent" : {
            "name" : "CHPIYR2",
            "id" : "60d66234-2dc5-408a-9a6e-a0a6278a7ae3",
            "type" : "winlogbeat",
            "ephemeral_id" : "eb398e54-10d2-4abf-a50c-85de95dae9f3",
            "version" : "8.11.3"
          },
          "@timestamp" : "2018-02-10T19:12:47.267Z",
          "winlog" : {
            "record_id" : 24666,
            "computer_name" : "EC2AMAZ-O4EL3NG",
            "process" : {
              "pid" : 720,
              "thread" : {
                "id" : 2652
              }
            },
            "event_id" : "7024",
            "task" : "None",
            "keywords" : [
              "傳統"
            ],
            "provider_guid" : "{555908d1-a6d7-4695-8e1e-26931d2012f4}",
            "channel" : "System",
            "event_data" : {
              "Binary" : "41006D0061007A006F006E00530053004D004100670065006E0074000000",
              "param1" : "Amazon SSM Agent",
              "param2" : "%%1"
            },
            "api" : "wineventlog",
            "provider_name" : "Service Control Manager",
            "opcode" : "Info"
          },
          "ecs" : {
            "version" : "8.0.0"
          },
          "log" : {
            "file" : {
              "path" : "D:\\AIXSOAR\\EDR\\IDS_2018\\benign\\Thursday-22-02-2018\\EC2AMAZ-O4EL3NG-172.31.69.11.evtx"
            },
            "level" : "錯誤"
          },
          "host" : {
            "os" : {
              "type" : "windows",
              "family" : "windows"
            },
            "name" : "EC2AMAZ-O4EL3NG"
          },
          "event" : {
            "ingested" : "2024-04-09T23:13:42.176174942Z",
            "code" : "7024",
            "provider" : "Service Control Manager",
            "created" : "2024-04-09T23:13:38.496Z",
            "kind" : "event",
            "action" : "None"
          },
          "message" : "Amazon SSM Agent 服務因下列服務特定錯誤而終止: \n功能錯誤。"
        }
      },
      {
        "_index" : "ids-2018-benign",
        "_id" : "P5UjxY4BVtxcAtGlgYwh",
        "_score" : 0.0,
        "_source" : {
          "agent" : {
            "name" : "CHPIYR2",
            "id" : "60d66234-2dc5-408a-9a6e-a0a6278a7ae3",
            "type" : "winlogbeat",
            "ephemeral_id" : "eb398e54-10d2-4abf-a50c-85de95dae9f3",
            "version" : "8.11.3"
          },
          "@timestamp" : "2018-02-10T19:12:47.267Z",
          "winlog" : {
            "record_id" : 24667,
            "computer_name" : "EC2AMAZ-O4EL3NG",
            "process" : {
              "pid" : 720,
              "thread" : {
                "id" : 492
              }
            },
            "task" : "None",
            "event_id" : "7031",
            "keywords" : [
              "傳統"
            ],
            "provider_guid" : "{555908d1-a6d7-4695-8e1e-26931d2012f4}",
            "channel" : "System",
            "api" : "wineventlog",
            "event_data" : {
              "param5" : "Restart the service",
              "Binary" : "41006D0061007A006F006E00530053004D004100670065006E0074000000",
              "param3" : "30000",
              "param4" : "1",
              "param1" : "Amazon SSM Agent",
              "param2" : "160"
            },
            "opcode" : "Info",
            "provider_name" : "Service Control Manager"
          },
          "ecs" : {
            "version" : "8.0.0"
          },
          "log" : {
            "file" : {
              "path" : "D:\\AIXSOAR\\EDR\\IDS_2018\\benign\\Thursday-22-02-2018\\EC2AMAZ-O4EL3NG-172.31.69.11.evtx"
            },
            "level" : "錯誤"
          },
          "host" : {
            "os" : {
              "type" : "windows",
              "family" : "windows"
            },
            "name" : "EC2AMAZ-O4EL3NG"
          },
          "event" : {
            "ingested" : "2024-04-09T23:13:42.176214482Z",
            "code" : "7031",
            "provider" : "Service Control Manager",
            "kind" : "event",
            "created" : "2024-04-09T23:13:38.496Z",
            "action" : "None"
          },
          "message" : "Amazon SSM Agent 服務意外終止，服務曾完成這項動作 160 次。以下的修正操作將在 30000 毫秒內執行: Restart the service。"
        }
      },
      {
        "_index" : "ids-2018-benign",
        "_id" : "QJUjxY4BVtxcAtGlgYwh",
        "_score" : 0.0,
        "_source" : {
          "agent" : {
            "name" : "CHPIYR2",
            "id" : "60d66234-2dc5-408a-9a6e-a0a6278a7ae3",
            "type" : "winlogbeat",
            "ephemeral_id" : "eb398e54-10d2-4abf-a50c-85de95dae9f3",
            "version" : "8.11.3"
          },
          "@timestamp" : "2018-02-10T19:15:04.295Z",
          "winlog" : {
            "record_id" : 24668,
            "computer_name" : "EC2AMAZ-O4EL3NG",
            "process" : {
              "pid" : 720,
              "thread" : {
                "id" : 4372
              }
            },
            "task" : "None",
            "event_id" : "7036",
            "keywords" : [
              "傳統"
            ],
            "provider_guid" : "{555908d1-a6d7-4695-8e1e-26931d2012f4}",
            "channel" : "System",
            "api" : "wineventlog",
            "event_data" : {
              "Binary" : "41006D0061007A006F006E00530053004D004100670065006E0074002F0031000000",
              "param1" : "Amazon SSM Agent",
              "param2" : "stopped"
            },
            "opcode" : "Info",
            "provider_name" : "Service Control Manager"
          },
          "ecs" : {
            "version" : "8.0.0"
          },
          "log" : {
            "file" : {
              "path" : "D:\\AIXSOAR\\EDR\\IDS_2018\\benign\\Thursday-22-02-2018\\EC2AMAZ-O4EL3NG-172.31.69.11.evtx"
            },
            "level" : "資訊"
          },
          "host" : {
            "os" : {
              "type" : "windows",
              "family" : "windows"
            },
            "name" : "EC2AMAZ-O4EL3NG"
          },
          "message" : "Amazon SSM Agent 服務已進入 stopped 狀態。",
          "event" : {
            "ingested" : "2024-04-09T23:13:42.176253154Z",
            "code" : "7036",
            "provider" : "Service Control Manager",
            "created" : "2024-04-09T23:13:38.496Z",
            "kind" : "event",
            "action" : "None"
          }
        }
      },
      {
        "_index" : "ids-2018-benign",
        "_id" : "QZUjxY4BVtxcAtGlgYwh",
        "_score" : 0.0,
        "_source" : {
          "agent" : {
            "name" : "CHPIYR2",
            "id" : "60d66234-2dc5-408a-9a6e-a0a6278a7ae3",
            "type" : "winlogbeat",
            "ephemeral_id" : "eb398e54-10d2-4abf-a50c-85de95dae9f3",
            "version" : "8.11.3"
          },
          "@timestamp" : "2018-02-10T19:15:04.295Z",
          "winlog" : {
            "computer_name" : "EC2AMAZ-O4EL3NG",
            "record_id" : 24669,
            "process" : {
              "pid" : 720,
              "thread" : {
                "id" : 4372
              }
            },
            "task" : "None",
            "event_id" : "7024",
            "keywords" : [
              "傳統"
            ],
            "provider_guid" : "{555908d1-a6d7-4695-8e1e-26931d2012f4}",
            "channel" : "System",
            "api" : "wineventlog",
            "event_data" : {
              "Binary" : "41006D0061007A006F006E00530053004D004100670065006E0074000000",
              "param1" : "Amazon SSM Agent",
              "param2" : "%%1"
            },
            "provider_name" : "Service Control Manager",
            "opcode" : "Info"
          },
          "ecs" : {
            "version" : "8.0.0"
          },
          "log" : {
            "file" : {
              "path" : "D:\\AIXSOAR\\EDR\\IDS_2018\\benign\\Thursday-22-02-2018\\EC2AMAZ-O4EL3NG-172.31.69.11.evtx"
            },
            "level" : "錯誤"
          },
          "host" : {
            "os" : {
              "type" : "windows",
              "family" : "windows"
            },
            "name" : "EC2AMAZ-O4EL3NG"
          },
          "event" : {
            "ingested" : "2024-04-09T23:13:42.176291183Z",
            "code" : "7024",
            "provider" : "Service Control Manager",
            "created" : "2024-04-09T23:13:38.496Z",
            "kind" : "event",
            "action" : "None"
          },
          "message" : "Amazon SSM Agent 服務因下列服務特定錯誤而終止: \n功能錯誤。"
        }
      },
      {
        "_index" : "ids-2018-benign",
        "_id" : "QpUjxY4BVtxcAtGlgYwh",
        "_score" : 0.0,
        "_source" : {
          "agent" : {
            "name" : "CHPIYR2",
            "id" : "60d66234-2dc5-408a-9a6e-a0a6278a7ae3",
            "ephemeral_id" : "eb398e54-10d2-4abf-a50c-85de95dae9f3",
            "type" : "winlogbeat",
            "version" : "8.11.3"
          },
          "@timestamp" : "2018-02-10T19:15:04.295Z",
          "winlog" : {
            "computer_name" : "EC2AMAZ-O4EL3NG",
            "record_id" : 24670,
            "process" : {
              "pid" : 720,
              "thread" : {
                "id" : 4608
              }
            },
            "event_id" : "7031",
            "task" : "None",
            "keywords" : [
              "傳統"
            ],
            "provider_guid" : "{555908d1-a6d7-4695-8e1e-26931d2012f4}",
            "channel" : "System",
            "event_data" : {
              "param5" : "Restart the service",
              "Binary" : "41006D0061007A006F006E00530053004D004100670065006E0074000000",
              "param3" : "30000",
              "param4" : "1",
              "param1" : "Amazon SSM Agent",
              "param2" : "161"
            },
            "api" : "wineventlog",
            "provider_name" : "Service Control Manager",
            "opcode" : "Info"
          },
          "ecs" : {
            "version" : "8.0.0"
          },
          "log" : {
            "file" : {
              "path" : "D:\\AIXSOAR\\EDR\\IDS_2018\\benign\\Thursday-22-02-2018\\EC2AMAZ-O4EL3NG-172.31.69.11.evtx"
            },
            "level" : "錯誤"
          },
          "host" : {
            "os" : {
              "type" : "windows",
              "family" : "windows"
            },
            "name" : "EC2AMAZ-O4EL3NG"
          },
          "event" : {
            "ingested" : "2024-04-09T23:13:42.176330120Z",
            "code" : "7031",
            "provider" : "Service Control Manager",
            "created" : "2024-04-09T23:13:38.496Z",
            "kind" : "event",
            "action" : "None"
          },
          "message" : "Amazon SSM Agent 服務意外終止，服務曾完成這項動作 161 次。以下的修正操作將在 30000 毫秒內執行: Restart the service。"
        }
      },
      {
        "_index" : "ids-2018-benign",
        "_id" : "Q5UjxY4BVtxcAtGlgYwh",
        "_score" : 0.0,
        "_source" : {
          "agent" : {
            "name" : "CHPIYR2",
            "id" : "60d66234-2dc5-408a-9a6e-a0a6278a7ae3",
            "type" : "winlogbeat",
            "ephemeral_id" : "eb398e54-10d2-4abf-a50c-85de95dae9f3",
            "version" : "8.11.3"
          },
          "@timestamp" : "2018-02-10T19:17:17.792Z",
          "winlog" : {
            "record_id" : 24671,
            "computer_name" : "EC2AMAZ-O4EL3NG",
            "process" : {
              "pid" : 720,
              "thread" : {
                "id" : 2652
              }
            },
            "task" : "None",
            "event_id" : "7036",
            "keywords" : [
              "傳統"
            ],
            "provider_guid" : "{555908d1-a6d7-4695-8e1e-26931d2012f4}",
            "channel" : "System",
            "api" : "wineventlog",
            "event_data" : {
              "Binary" : "41006D0061007A006F006E00530053004D004100670065006E0074002F0031000000",
              "param1" : "Amazon SSM Agent",
              "param2" : "stopped"
            },
            "provider_name" : "Service Control Manager",
            "opcode" : "Info"
          },
          "ecs" : {
            "version" : "8.0.0"
          },
          "log" : {
            "file" : {
              "path" : "D:\\AIXSOAR\\EDR\\IDS_2018\\benign\\Thursday-22-02-2018\\EC2AMAZ-O4EL3NG-172.31.69.11.evtx"
            },
            "level" : "資訊"
          },
          "host" : {
            "os" : {
              "type" : "windows",
              "family" : "windows"
            },
            "name" : "EC2AMAZ-O4EL3NG"
          },
          "event" : {
            "ingested" : "2024-04-09T23:13:42.176369375Z",
            "code" : "7036",
            "provider" : "Service Control Manager",
            "kind" : "event",
            "created" : "2024-04-09T23:13:38.496Z",
            "action" : "None"
          },
          "message" : "Amazon SSM Agent 服務已進入 stopped 狀態。"
        }
      },
      {
        "_index" : "ids-2018-benign",
        "_id" : "RJUjxY4BVtxcAtGlgYwh",
        "_score" : 0.0,
        "_source" : {
          "agent" : {
            "name" : "CHPIYR2",
            "id" : "60d66234-2dc5-408a-9a6e-a0a6278a7ae3",
            "type" : "winlogbeat",
            "ephemeral_id" : "eb398e54-10d2-4abf-a50c-85de95dae9f3",
            "version" : "8.11.3"
          },
          "@timestamp" : "2018-02-10T19:17:17.792Z",
          "winlog" : {
            "computer_name" : "EC2AMAZ-O4EL3NG",
            "record_id" : 24672,
            "process" : {
              "pid" : 720,
              "thread" : {
                "id" : 2652
              }
            },
            "event_id" : "7024",
            "task" : "None",
            "keywords" : [
              "傳統"
            ],
            "provider_guid" : "{555908d1-a6d7-4695-8e1e-26931d2012f4}",
            "channel" : "System",
            "api" : "wineventlog",
            "event_data" : {
              "Binary" : "41006D0061007A006F006E00530053004D004100670065006E0074000000",
              "param1" : "Amazon SSM Agent",
              "param2" : "%%1"
            },
            "provider_name" : "Service Control Manager",
            "opcode" : "Info"
          },
          "ecs" : {
            "version" : "8.0.0"
          },
          "log" : {
            "file" : {
              "path" : "D:\\AIXSOAR\\EDR\\IDS_2018\\benign\\Thursday-22-02-2018\\EC2AMAZ-O4EL3NG-172.31.69.11.evtx"
            },
            "level" : "錯誤"
          },
          "host" : {
            "os" : {
              "type" : "windows",
              "family" : "windows"
            },
            "name" : "EC2AMAZ-O4EL3NG"
          },
          "event" : {
            "ingested" : "2024-04-09T23:13:42.176407737Z",
            "code" : "7024",
            "provider" : "Service Control Manager",
            "created" : "2024-04-09T23:13:38.496Z",
            "kind" : "event",
            "action" : "None"
          },
          "message" : "Amazon SSM Agent 服務因下列服務特定錯誤而終止: \n功能錯誤。"
        }
      },
      {
        "_index" : "ids-2018-benign",
        "_id" : "RZUjxY4BVtxcAtGlgYwh",
        "_score" : 0.0,
        "_source" : {
          "agent" : {
            "name" : "CHPIYR2",
            "id" : "60d66234-2dc5-408a-9a6e-a0a6278a7ae3",
            "ephemeral_id" : "eb398e54-10d2-4abf-a50c-85de95dae9f3",
            "type" : "winlogbeat",
            "version" : "8.11.3"
          },
          "@timestamp" : "2018-02-10T19:17:17.792Z",
          "winlog" : {
            "record_id" : 24673,
            "computer_name" : "EC2AMAZ-O4EL3NG",
            "process" : {
              "pid" : 720,
              "thread" : {
                "id" : 4776
              }
            },
            "event_id" : "7031",
            "task" : "None",
            "keywords" : [
              "傳統"
            ],
            "provider_guid" : "{555908d1-a6d7-4695-8e1e-26931d2012f4}",
            "channel" : "System",
            "event_data" : {
              "param5" : "Restart the service",
              "Binary" : "41006D0061007A006F006E00530053004D004100670065006E0074000000",
              "param3" : "30000",
              "param4" : "1",
              "param1" : "Amazon SSM Agent",
              "param2" : "162"
            },
            "api" : "wineventlog",
            "opcode" : "Info",
            "provider_name" : "Service Control Manager"
          },
          "ecs" : {
            "version" : "8.0.0"
          },
          "log" : {
            "file" : {
              "path" : "D:\\AIXSOAR\\EDR\\IDS_2018\\benign\\Thursday-22-02-2018\\EC2AMAZ-O4EL3NG-172.31.69.11.evtx"
            },
            "level" : "錯誤"
          },
          "host" : {
            "os" : {
              "type" : "windows",
              "family" : "windows"
            },
            "name" : "EC2AMAZ-O4EL3NG"
          },
          "message" : "Amazon SSM Agent 服務意外終止，服務曾完成這項動作 162 次。以下的修正操作將在 30000 毫秒內執行: Restart the service。",
          "event" : {
            "ingested" : "2024-04-09T23:13:42.176446757Z",
            "code" : "7031",
            "provider" : "Service Control Manager",
            "created" : "2024-04-09T23:13:38.496Z",
            "kind" : "event",
            "action" : "None"
          }
        }
      },
      {
        "_index" : "ids-2018-benign",
        "_id" : "RpUjxY4BVtxcAtGlgYwh",
        "_score" : 0.0,
        "_source" : {
          "agent" : {
            "name" : "CHPIYR2",
            "id" : "60d66234-2dc5-408a-9a6e-a0a6278a7ae3",
            "ephemeral_id" : "eb398e54-10d2-4abf-a50c-85de95dae9f3",
            "type" : "winlogbeat",
            "version" : "8.11.3"
          },
          "@timestamp" : "2018-02-10T19:19:34.319Z",
          "winlog" : {
            "computer_name" : "EC2AMAZ-O4EL3NG",
            "record_id" : 24674,
            "process" : {
              "pid" : 720,
              "thread" : {
                "id" : 4468
              }
            },
            "task" : "None",
            "event_id" : "7036",
            "keywords" : [
              "傳統"
            ],
            "provider_guid" : "{555908d1-a6d7-4695-8e1e-26931d2012f4}",
            "channel" : "System",
            "api" : "wineventlog",
            "event_data" : {
              "Binary" : "41006D0061007A006F006E00530053004D004100670065006E0074002F0031000000",
              "param1" : "Amazon SSM Agent",
              "param2" : "stopped"
            },
            "opcode" : "Info",
            "provider_name" : "Service Control Manager"
          },
          "ecs" : {
            "version" : "8.0.0"
          },
          "log" : {
            "file" : {
              "path" : "D:\\AIXSOAR\\EDR\\IDS_2018\\benign\\Thursday-22-02-2018\\EC2AMAZ-O4EL3NG-172.31.69.11.evtx"
            },
            "level" : "資訊"
          },
          "host" : {
            "os" : {
              "type" : "windows",
              "family" : "windows"
            },
            "name" : "EC2AMAZ-O4EL3NG"
          },
          "message" : "Amazon SSM Agent 服務已進入 stopped 狀態。",
          "event" : {
            "ingested" : "2024-04-09T23:13:42.176486197Z",
            "code" : "7036",
            "provider" : "Service Control Manager",
            "kind" : "event",
            "created" : "2024-04-09T23:13:38.496Z",
            "action" : "None"
          }
        }
      },
      {
        "_index" : "ids-2018-benign",
        "_id" : "R5UjxY4BVtxcAtGlgYwh",
        "_score" : 0.0,
        "_source" : {
          "agent" : {
            "name" : "CHPIYR2",
            "id" : "60d66234-2dc5-408a-9a6e-a0a6278a7ae3",
            "type" : "winlogbeat",
            "ephemeral_id" : "eb398e54-10d2-4abf-a50c-85de95dae9f3",
            "version" : "8.11.3"
          },
          "@timestamp" : "2018-02-10T19:19:34.319Z",
          "winlog" : {
            "computer_name" : "EC2AMAZ-O4EL3NG",
            "record_id" : 24675,
            "process" : {
              "pid" : 720,
              "thread" : {
                "id" : 4468
              }
            },
            "event_id" : "7024",
            "task" : "None",
            "keywords" : [
              "傳統"
            ],
            "provider_guid" : "{555908d1-a6d7-4695-8e1e-26931d2012f4}",
            "channel" : "System",
            "event_data" : {
              "Binary" : "41006D0061007A006F006E00530053004D004100670065006E0074000000",
              "param1" : "Amazon SSM Agent",
              "param2" : "%%1"
            },
            "api" : "wineventlog",
            "opcode" : "Info",
            "provider_name" : "Service Control Manager"
          },
          "ecs" : {
            "version" : "8.0.0"
          },
          "log" : {
            "file" : {
              "path" : "D:\\AIXSOAR\\EDR\\IDS_2018\\benign\\Thursday-22-02-2018\\EC2AMAZ-O4EL3NG-172.31.69.11.evtx"
            },
            "level" : "錯誤"
          },
          "host" : {
            "os" : {
              "type" : "windows",
              "family" : "windows"
            },
            "name" : "EC2AMAZ-O4EL3NG"
          },
          "event" : {
            "ingested" : "2024-04-09T23:13:42.176524057Z",
            "code" : "7024",
            "provider" : "Service Control Manager",
            "created" : "2024-04-09T23:13:38.496Z",
            "kind" : "event",
            "action" : "None"
          },
          "message" : "Amazon SSM Agent 服務因下列服務特定錯誤而終止: \n功能錯誤。"
        }
      },
      {
        "_index" : "ids-2018-benign",
        "_id" : "SJUjxY4BVtxcAtGlgYwh",
        "_score" : 0.0,
        "_source" : {
          "agent" : {
            "name" : "CHPIYR2",
            "id" : "60d66234-2dc5-408a-9a6e-a0a6278a7ae3",
            "type" : "winlogbeat",
            "ephemeral_id" : "eb398e54-10d2-4abf-a50c-85de95dae9f3",
            "version" : "8.11.3"
          },
          "@timestamp" : "2018-02-10T19:19:34.319Z",
          "winlog" : {
            "computer_name" : "EC2AMAZ-O4EL3NG",
            "record_id" : 24676,
            "process" : {
              "pid" : 720,
              "thread" : {
                "id" : 3984
              }
            },
            "event_id" : "7031",
            "task" : "None",
            "keywords" : [
              "傳統"
            ],
            "provider_guid" : "{555908d1-a6d7-4695-8e1e-26931d2012f4}",
            "channel" : "System",
            "api" : "wineventlog",
            "event_data" : {
              "param5" : "Restart the service",
              "Binary" : "41006D0061007A006F006E00530053004D004100670065006E0074000000",
              "param3" : "30000",
              "param4" : "1",
              "param1" : "Amazon SSM Agent",
              "param2" : "163"
            },
            "opcode" : "Info",
            "provider_name" : "Service Control Manager"
          },
          "ecs" : {
            "version" : "8.0.0"
          },
          "log" : {
            "file" : {
              "path" : "D:\\AIXSOAR\\EDR\\IDS_2018\\benign\\Thursday-22-02-2018\\EC2AMAZ-O4EL3NG-172.31.69.11.evtx"
            },
            "level" : "錯誤"
          },
          "host" : {
            "os" : {
              "type" : "windows",
              "family" : "windows"
            },
            "name" : "EC2AMAZ-O4EL3NG"
          },
          "message" : "Amazon SSM Agent 服務意外終止，服務曾完成這項動作 163 次。以下的修正操作將在 30000 毫秒內執行: Restart the service。",
          "event" : {
            "ingested" : "2024-04-09T23:13:42.176561963Z",
            "code" : "7031",
            "provider" : "Service Control Manager",
            "kind" : "event",
            "created" : "2024-04-09T23:13:38.496Z",
            "action" : "None"
          }
        }
      },
      {
        "_index" : "ids-2018-benign",
        "_id" : "SZUjxY4BVtxcAtGlgYwh",
        "_score" : 0.0,
        "_source" : {
          "agent" : {
            "name" : "CHPIYR2",
            "id" : "60d66234-2dc5-408a-9a6e-a0a6278a7ae3",
            "ephemeral_id" : "eb398e54-10d2-4abf-a50c-85de95dae9f3",
            "type" : "winlogbeat",
            "version" : "8.11.3"
          },
          "@timestamp" : "2018-02-10T19:22:05.581Z",
          "winlog" : {
            "record_id" : 24677,
            "computer_name" : "EC2AMAZ-O4EL3NG",
            "process" : {
              "pid" : 720,
              "thread" : {
                "id" : 4372
              }
            },
            "event_id" : "7036",
            "task" : "None",
            "keywords" : [
              "傳統"
            ],
            "provider_guid" : "{555908d1-a6d7-4695-8e1e-26931d2012f4}",
            "channel" : "System",
            "api" : "wineventlog",
            "event_data" : {
              "Binary" : "41006D0061007A006F006E00530053004D004100670065006E0074002F0031000000",
              "param1" : "Amazon SSM Agent",
              "param2" : "stopped"
            },
            "opcode" : "Info",
            "provider_name" : "Service Control Manager"
          },
          "ecs" : {
            "version" : "8.0.0"
          },
          "log" : {
            "file" : {
              "path" : "D:\\AIXSOAR\\EDR\\IDS_2018\\benign\\Thursday-22-02-2018\\EC2AMAZ-O4EL3NG-172.31.69.11.evtx"
            },
            "level" : "資訊"
          },
          "host" : {
            "os" : {
              "type" : "windows",
              "family" : "windows"
            },
            "name" : "EC2AMAZ-O4EL3NG"
          },
          "message" : "Amazon SSM Agent 服務已進入 stopped 狀態。",
          "event" : {
            "ingested" : "2024-04-09T23:13:42.176642679Z",
            "code" : "7036",
            "provider" : "Service Control Manager",
            "created" : "2024-04-09T23:13:38.496Z",
            "kind" : "event",
            "action" : "None"
          }
        }
      },
      {
        "_index" : "ids-2018-benign",
        "_id" : "SpUjxY4BVtxcAtGlgYwh",
        "_score" : 0.0,
        "_source" : {
          "agent" : {
            "name" : "CHPIYR2",
            "id" : "60d66234-2dc5-408a-9a6e-a0a6278a7ae3",
            "ephemeral_id" : "eb398e54-10d2-4abf-a50c-85de95dae9f3",
            "type" : "winlogbeat",
            "version" : "8.11.3"
          },
          "@timestamp" : "2018-02-10T19:22:05.581Z",
          "winlog" : {
            "record_id" : 24678,
            "computer_name" : "EC2AMAZ-O4EL3NG",
            "process" : {
              "pid" : 720,
              "thread" : {
                "id" : 4372
              }
            },
            "task" : "None",
            "event_id" : "7024",
            "keywords" : [
              "傳統"
            ],
            "provider_guid" : "{555908d1-a6d7-4695-8e1e-26931d2012f4}",
            "channel" : "System",
            "api" : "wineventlog",
            "event_data" : {
              "Binary" : "41006D0061007A006F006E00530053004D004100670065006E0074000000",
              "param1" : "Amazon SSM Agent",
              "param2" : "%%1"
            },
            "provider_name" : "Service Control Manager",
            "opcode" : "Info"
          },
          "ecs" : {
            "version" : "8.0.0"
          },
          "log" : {
            "file" : {
              "path" : "D:\\AIXSOAR\\EDR\\IDS_2018\\benign\\Thursday-22-02-2018\\EC2AMAZ-O4EL3NG-172.31.69.11.evtx"
            },
            "level" : "錯誤"
          },
          "host" : {
            "os" : {
              "type" : "windows",
              "family" : "windows"
            },
            "name" : "EC2AMAZ-O4EL3NG"
          },
          "event" : {
            "ingested" : "2024-04-09T23:13:42.176705938Z",
            "code" : "7024",
            "provider" : "Service Control Manager",
            "created" : "2024-04-09T23:13:38.496Z",
            "kind" : "event",
            "action" : "None"
          },
          "message" : "Amazon SSM Agent 服務因下列服務特定錯誤而終止: \n功能錯誤。"
        }
      },
      {
        "_index" : "ids-2018-benign",
        "_id" : "S5UjxY4BVtxcAtGlgYwh",
        "_score" : 0.0,
        "_source" : {
          "agent" : {
            "name" : "CHPIYR2",
            "id" : "60d66234-2dc5-408a-9a6e-a0a6278a7ae3",
            "type" : "winlogbeat",
            "ephemeral_id" : "eb398e54-10d2-4abf-a50c-85de95dae9f3",
            "version" : "8.11.3"
          },
          "@timestamp" : "2018-02-10T19:22:05.581Z",
          "winlog" : {
            "computer_name" : "EC2AMAZ-O4EL3NG",
            "record_id" : 24679,
            "process" : {
              "pid" : 720,
              "thread" : {
                "id" : 4236
              }
            },
            "task" : "None",
            "event_id" : "7031",
            "keywords" : [
              "傳統"
            ],
            "provider_guid" : "{555908d1-a6d7-4695-8e1e-26931d2012f4}",
            "channel" : "System",
            "event_data" : {
              "param5" : "Restart the service",
              "Binary" : "41006D0061007A006F006E00530053004D004100670065006E0074000000",
              "param3" : "30000",
              "param4" : "1",
              "param1" : "Amazon SSM Agent",
              "param2" : "164"
            },
            "api" : "wineventlog",
            "provider_name" : "Service Control Manager",
            "opcode" : "Info"
          },
          "ecs" : {
            "version" : "8.0.0"
          },
          "log" : {
            "file" : {
              "path" : "D:\\AIXSOAR\\EDR\\IDS_2018\\benign\\Thursday-22-02-2018\\EC2AMAZ-O4EL3NG-172.31.69.11.evtx"
            },
            "level" : "錯誤"
          },
          "host" : {
            "os" : {
              "type" : "windows",
              "family" : "windows"
            },
            "name" : "EC2AMAZ-O4EL3NG"
          },
          "event" : {
            "ingested" : "2024-04-09T23:13:42.176751836Z",
            "code" : "7031",
            "provider" : "Service Control Manager",
            "created" : "2024-04-09T23:13:38.496Z",
            "kind" : "event",
            "action" : "None"
          },
          "message" : "Amazon SSM Agent 服務意外終止，服務曾完成這項動作 164 次。以下的修正操作將在 30000 毫秒內執行: Restart the service。"
        }
      },
      {
        "_index" : "ids-2018-benign",
        "_id" : "TJUjxY4BVtxcAtGlgYwh",
        "_score" : 0.0,
        "_source" : {
          "agent" : {
            "name" : "CHPIYR2",
            "id" : "60d66234-2dc5-408a-9a6e-a0a6278a7ae3",
            "type" : "winlogbeat",
            "ephemeral_id" : "eb398e54-10d2-4abf-a50c-85de95dae9f3",
            "version" : "8.11.3"
          },
          "@timestamp" : "2018-02-10T19:24:22.640Z",
          "winlog" : {
            "computer_name" : "EC2AMAZ-O4EL3NG",
            "record_id" : 24680,
            "process" : {
              "pid" : 720,
              "thread" : {
                "id" : 4468
              }
            },
            "task" : "None",
            "event_id" : "7036",
            "keywords" : [
              "傳統"
            ],
            "provider_guid" : "{555908d1-a6d7-4695-8e1e-26931d2012f4}",
            "channel" : "System",
            "api" : "wineventlog",
            "event_data" : {
              "Binary" : "41006D0061007A006F006E00530053004D004100670065006E0074002F0031000000",
              "param1" : "Amazon SSM Agent",
              "param2" : "stopped"
            },
            "provider_name" : "Service Control Manager",
            "opcode" : "Info"
          },
          "ecs" : {
            "version" : "8.0.0"
          },
          "log" : {
            "file" : {
              "path" : "D:\\AIXSOAR\\EDR\\IDS_2018\\benign\\Thursday-22-02-2018\\EC2AMAZ-O4EL3NG-172.31.69.11.evtx"
            },
            "level" : "資訊"
          },
          "host" : {
            "os" : {
              "type" : "windows",
              "family" : "windows"
            },
            "name" : "EC2AMAZ-O4EL3NG"
          },
          "event" : {
            "ingested" : "2024-04-09T23:13:42.176790876Z",
            "code" : "7036",
            "provider" : "Service Control Manager",
            "created" : "2024-04-09T23:13:38.496Z",
            "kind" : "event",
            "action" : "None"
          },
          "message" : "Amazon SSM Agent 服務已進入 stopped 狀態。"
        }
      },
      {
        "_index" : "ids-2018-benign",
        "_id" : "TZUjxY4BVtxcAtGlgYwh",
        "_score" : 0.0,
        "_source" : {
          "agent" : {
            "name" : "CHPIYR2",
            "id" : "60d66234-2dc5-408a-9a6e-a0a6278a7ae3",
            "type" : "winlogbeat",
            "ephemeral_id" : "eb398e54-10d2-4abf-a50c-85de95dae9f3",
            "version" : "8.11.3"
          },
          "@timestamp" : "2018-02-10T19:24:22.640Z",
          "winlog" : {
            "computer_name" : "EC2AMAZ-O4EL3NG",
            "record_id" : 24681,
            "process" : {
              "pid" : 720,
              "thread" : {
                "id" : 4468
              }
            },
            "task" : "None",
            "event_id" : "7024",
            "keywords" : [
              "傳統"
            ],
            "provider_guid" : "{555908d1-a6d7-4695-8e1e-26931d2012f4}",
            "channel" : "System",
            "api" : "wineventlog",
            "event_data" : {
              "Binary" : "41006D0061007A006F006E00530053004D004100670065006E0074000000",
              "param1" : "Amazon SSM Agent",
              "param2" : "%%1"
            },
            "provider_name" : "Service Control Manager",
            "opcode" : "Info"
          },
          "ecs" : {
            "version" : "8.0.0"
          },
          "log" : {
            "file" : {
              "path" : "D:\\AIXSOAR\\EDR\\IDS_2018\\benign\\Thursday-22-02-2018\\EC2AMAZ-O4EL3NG-172.31.69.11.evtx"
            },
            "level" : "錯誤"
          },
          "host" : {
            "os" : {
              "type" : "windows",
              "family" : "windows"
            },
            "name" : "EC2AMAZ-O4EL3NG"
          },
          "event" : {
            "ingested" : "2024-04-09T23:13:42.176828483Z",
            "code" : "7024",
            "provider" : "Service Control Manager",
            "kind" : "event",
            "created" : "2024-04-09T23:13:38.496Z",
            "action" : "None"
          },
          "message" : "Amazon SSM Agent 服務因下列服務特定錯誤而終止: \n功能錯誤。"
        }
      },
      {
        "_index" : "ids-2018-benign",
        "_id" : "TpUjxY4BVtxcAtGlgYwh",
        "_score" : 0.0,
        "_source" : {
          "agent" : {
            "name" : "CHPIYR2",
            "id" : "60d66234-2dc5-408a-9a6e-a0a6278a7ae3",
            "ephemeral_id" : "eb398e54-10d2-4abf-a50c-85de95dae9f3",
            "type" : "winlogbeat",
            "version" : "8.11.3"
          },
          "@timestamp" : "2018-02-10T19:24:22.640Z",
          "winlog" : {
            "computer_name" : "EC2AMAZ-O4EL3NG",
            "record_id" : 24682,
            "process" : {
              "pid" : 720,
              "thread" : {
                "id" : 4620
              }
            },
            "event_id" : "7031",
            "task" : "None",
            "keywords" : [
              "傳統"
            ],
            "provider_guid" : "{555908d1-a6d7-4695-8e1e-26931d2012f4}",
            "channel" : "System",
            "api" : "wineventlog",
            "event_data" : {
              "param5" : "Restart the service",
              "Binary" : "41006D0061007A006F006E00530053004D004100670065006E0074000000",
              "param3" : "30000",
              "param4" : "1",
              "param1" : "Amazon SSM Agent",
              "param2" : "165"
            },
            "opcode" : "Info",
            "provider_name" : "Service Control Manager"
          },
          "ecs" : {
            "version" : "8.0.0"
          },
          "log" : {
            "file" : {
              "path" : "D:\\AIXSOAR\\EDR\\IDS_2018\\benign\\Thursday-22-02-2018\\EC2AMAZ-O4EL3NG-172.31.69.11.evtx"
            },
            "level" : "錯誤"
          },
          "host" : {
            "os" : {
              "type" : "windows",
              "family" : "windows"
            },
            "name" : "EC2AMAZ-O4EL3NG"
          },
          "message" : "Amazon SSM Agent 服務意外終止，服務曾完成這項動作 165 次。以下的修正操作將在 30000 毫秒內執行: Restart the service。",
          "event" : {
            "ingested" : "2024-04-09T23:13:42.176867916Z",
            "code" : "7031",
            "provider" : "Service Control Manager",
            "created" : "2024-04-09T23:13:38.496Z",
            "kind" : "event",
            "action" : "None"
          }
        }
      },
      {
        "_index" : "ids-2018-benign",
        "_id" : "T5UjxY4BVtxcAtGlgYwh",
        "_score" : 0.0,
        "_source" : {
          "agent" : {
            "name" : "CHPIYR2",
            "id" : "60d66234-2dc5-408a-9a6e-a0a6278a7ae3",
            "type" : "winlogbeat",
            "ephemeral_id" : "eb398e54-10d2-4abf-a50c-85de95dae9f3",
            "version" : "8.11.3"
          },
          "@timestamp" : "2018-02-10T19:26:44.745Z",
          "winlog" : {
            "record_id" : 24683,
            "computer_name" : "EC2AMAZ-O4EL3NG",
            "process" : {
              "pid" : 720,
              "thread" : {
                "id" : 4372
              }
            },
            "event_id" : "7036",
            "task" : "None",
            "keywords" : [
              "傳統"
            ],
            "provider_guid" : "{555908d1-a6d7-4695-8e1e-26931d2012f4}",
            "channel" : "System",
            "event_data" : {
              "Binary" : "41006D0061007A006F006E00530053004D004100670065006E0074002F0031000000",
              "param1" : "Amazon SSM Agent",
              "param2" : "stopped"
            },
            "api" : "wineventlog",
            "opcode" : "Info",
            "provider_name" : "Service Control Manager"
          },
          "ecs" : {
            "version" : "8.0.0"
          },
          "log" : {
            "file" : {
              "path" : "D:\\AIXSOAR\\EDR\\IDS_2018\\benign\\Thursday-22-02-2018\\EC2AMAZ-O4EL3NG-172.31.69.11.evtx"
            },
            "level" : "資訊"
          },
          "host" : {
            "os" : {
              "type" : "windows",
              "family" : "windows"
            },
            "name" : "EC2AMAZ-O4EL3NG"
          },
          "event" : {
            "ingested" : "2024-04-09T23:13:42.176906817Z",
            "code" : "7036",
            "provider" : "Service Control Manager",
            "created" : "2024-04-09T23:13:38.496Z",
            "kind" : "event",
            "action" : "None"
          },
          "message" : "Amazon SSM Agent 服務已進入 stopped 狀態。"
        }
      },
      {
        "_index" : "ids-2018-benign",
        "_id" : "UJUjxY4BVtxcAtGlgYwh",
        "_score" : 0.0,
        "_source" : {
          "agent" : {
            "name" : "CHPIYR2",
            "id" : "60d66234-2dc5-408a-9a6e-a0a6278a7ae3",
            "type" : "winlogbeat",
            "ephemeral_id" : "eb398e54-10d2-4abf-a50c-85de95dae9f3",
            "version" : "8.11.3"
          },
          "@timestamp" : "2018-02-10T19:26:44.745Z",
          "winlog" : {
            "computer_name" : "EC2AMAZ-O4EL3NG",
            "record_id" : 24684,
            "process" : {
              "pid" : 720,
              "thread" : {
                "id" : 4372
              }
            },
            "task" : "None",
            "event_id" : "7024",
            "keywords" : [
              "傳統"
            ],
            "provider_guid" : "{555908d1-a6d7-4695-8e1e-26931d2012f4}",
            "channel" : "System",
            "event_data" : {
              "Binary" : "41006D0061007A006F006E00530053004D004100670065006E0074000000",
              "param1" : "Amazon SSM Agent",
              "param2" : "%%1"
            },
            "api" : "wineventlog",
            "provider_name" : "Service Control Manager",
            "opcode" : "Info"
          },
          "ecs" : {
            "version" : "8.0.0"
          },
          "log" : {
            "file" : {
              "path" : "D:\\AIXSOAR\\EDR\\IDS_2018\\benign\\Thursday-22-02-2018\\EC2AMAZ-O4EL3NG-172.31.69.11.evtx"
            },
            "level" : "錯誤"
          },
          "host" : {
            "os" : {
              "type" : "windows",
              "family" : "windows"
            },
            "name" : "EC2AMAZ-O4EL3NG"
          },
          "message" : "Amazon SSM Agent 服務因下列服務特定錯誤而終止: \n功能錯誤。",
          "event" : {
            "ingested" : "2024-04-09T23:13:42.176944281Z",
            "code" : "7024",
            "provider" : "Service Control Manager",
            "created" : "2024-04-09T23:13:38.496Z",
            "kind" : "event",
            "action" : "None"
          }
        }
      },
      {
        "_index" : "ids-2018-benign",
        "_id" : "UZUjxY4BVtxcAtGlgYwh",
        "_score" : 0.0,
        "_source" : {
          "agent" : {
            "name" : "CHPIYR2",
            "id" : "60d66234-2dc5-408a-9a6e-a0a6278a7ae3",
            "type" : "winlogbeat",
            "ephemeral_id" : "eb398e54-10d2-4abf-a50c-85de95dae9f3",
            "version" : "8.11.3"
          },
          "@timestamp" : "2018-02-10T19:26:44.745Z",
          "winlog" : {
            "record_id" : 24685,
            "computer_name" : "EC2AMAZ-O4EL3NG",
            "process" : {
              "pid" : 720,
              "thread" : {
                "id" : 1536
              }
            },
            "task" : "None",
            "event_id" : "7031",
            "keywords" : [
              "傳統"
            ],
            "provider_guid" : "{555908d1-a6d7-4695-8e1e-26931d2012f4}",
            "channel" : "System",
            "event_data" : {
              "param5" : "Restart the service",
              "Binary" : "41006D0061007A006F006E00530053004D004100670065006E0074000000",
              "param3" : "30000",
              "param4" : "1",
              "param1" : "Amazon SSM Agent",
              "param2" : "166"
            },
            "api" : "wineventlog",
            "opcode" : "Info",
            "provider_name" : "Service Control Manager"
          },
          "ecs" : {
            "version" : "8.0.0"
          },
          "log" : {
            "file" : {
              "path" : "D:\\AIXSOAR\\EDR\\IDS_2018\\benign\\Thursday-22-02-2018\\EC2AMAZ-O4EL3NG-172.31.69.11.evtx"
            },
            "level" : "錯誤"
          },
          "host" : {
            "os" : {
              "type" : "windows",
              "family" : "windows"
            },
            "name" : "EC2AMAZ-O4EL3NG"
          },
          "event" : {
            "ingested" : "2024-04-09T23:13:42.176983123Z",
            "code" : "7031",
            "provider" : "Service Control Manager",
            "kind" : "event",
            "created" : "2024-04-09T23:13:38.496Z",
            "action" : "None"
          },
          "message" : "Amazon SSM Agent 服務意外終止，服務曾完成這項動作 166 次。以下的修正操作將在 30000 毫秒內執行: Restart the service。"
        }
      },
      {
        "_index" : "ids-2018-benign",
        "_id" : "UpUjxY4BVtxcAtGlgYwh",
        "_score" : 0.0,
        "_source" : {
          "agent" : {
            "name" : "CHPIYR2",
            "id" : "60d66234-2dc5-408a-9a6e-a0a6278a7ae3",
            "type" : "winlogbeat",
            "ephemeral_id" : "eb398e54-10d2-4abf-a50c-85de95dae9f3",
            "version" : "8.11.3"
          },
          "@timestamp" : "2018-02-10T19:29:01.507Z",
          "winlog" : {
            "record_id" : 24686,
            "computer_name" : "EC2AMAZ-O4EL3NG",
            "process" : {
              "pid" : 720,
              "thread" : {
                "id" : 4468
              }
            },
            "event_id" : "7036",
            "task" : "None",
            "keywords" : [
              "傳統"
            ],
            "provider_guid" : "{555908d1-a6d7-4695-8e1e-26931d2012f4}",
            "channel" : "System",
            "api" : "wineventlog",
            "event_data" : {
              "Binary" : "41006D0061007A006F006E00530053004D004100670065006E0074002F0031000000",
              "param1" : "Amazon SSM Agent",
              "param2" : "stopped"
            },
            "opcode" : "Info",
            "provider_name" : "Service Control Manager"
          },
          "ecs" : {
            "version" : "8.0.0"
          },
          "log" : {
            "file" : {
              "path" : "D:\\AIXSOAR\\EDR\\IDS_2018\\benign\\Thursday-22-02-2018\\EC2AMAZ-O4EL3NG-172.31.69.11.evtx"
            },
            "level" : "資訊"
          },
          "host" : {
            "os" : {
              "type" : "windows",
              "family" : "windows"
            },
            "name" : "EC2AMAZ-O4EL3NG"
          },
          "message" : "Amazon SSM Agent 服務已進入 stopped 狀態。",
          "event" : {
            "ingested" : "2024-04-09T23:13:42.177022835Z",
            "code" : "7036",
            "provider" : "Service Control Manager",
            "created" : "2024-04-09T23:13:38.496Z",
            "kind" : "event",
            "action" : "None"
          }
        }
      },
