      {
        "_index" : "ids-2018-172.31.64.54",
        "_id" : "kPgeiY4B6U4O_9c5RozY",
        "_score" : 0.0,
        "_source" : {
          "agent" : {
            "name" : "CHPIYR2",
            "id" : "60d66234-2dc5-408a-9a6e-a0a6278a7ae3",
            "type" : "winlogbeat",
            "ephemeral_id" : "cbc62cd6-a758-4639-8eeb-85bf53ffa004",
            "version" : "8.11.3"
          },
          "@timestamp" : "2017-12-05T18:11:57.375Z",
          "winlog" : {
            "computer_name" : "DESKTOP-AN3U28N",
            "process" : {
              "pid" : 432,
              "thread" : {
                "id" : 1300
              }
            },
            "keywords" : [
              "ms:Telemetry"
            ],
            "channel" : "System",
            "event_data" : {
              "UserSid" : "S-1-5-21-913095808-1976597276-3100954228-1001",
              "TSId" : "1"
            },
            "opcode" : "資訊",
            "record_id" : 317,
            "event_id" : "7002",
            "task" : "WinSqmUserLogoff",
            "provider_guid" : "{dbe9b383-7cf3-4331-91cc-a3cb16a3b538}",
            "api" : "wineventlog",
            "provider_name" : "Microsoft-Windows-Winlogon",
            "user" : {
              "identifier" : "S-1-5-18",
              "domain" : "NT AUTHORITY",
              "name" : "SYSTEM",
              "type" : "Well Known Group"
            }
          },
          "ecs" : {
            "version" : "8.0.0"
          },
          "log" : {
            "file" : {
              "path" : "D:\\AIXSOAR\\IDS_2018\\logs_2018-02-16\\DESKTOP-AN3U28N-172.31.64.54.evtx"
            },
            "level" : "資訊"
          },
          "host" : {
            "os" : {
              "type" : "windows",
              "family" : "windows"
            },
            "name" : "DESKTOP-AN3U28N"
          },
          "message" : "客戶經驗改進計畫的使用者登出通知",
          "event" : {
            "ingested" : "2024-03-29T07:30:46.614409389Z",
            "code" : "7002",
            "provider" : "Microsoft-Windows-Winlogon",
            "created" : "2024-03-29T07:30:10.695Z",
            "kind" : "event",
            "action" : "WinSqmUserLogoff"
          }
        }
      },
      {
        "_index" : "ids-2018-172.31.64.54",
        "_id" : "kfgeiY4B6U4O_9c5RozY",
        "_score" : 0.0,
        "_source" : {
          "agent" : {
            "name" : "CHPIYR2",
            "id" : "60d66234-2dc5-408a-9a6e-a0a6278a7ae3",
            "type" : "winlogbeat",
            "ephemeral_id" : "cbc62cd6-a758-4639-8eeb-85bf53ffa004",
            "version" : "8.11.3"
          },
          "@timestamp" : "2017-12-05T18:11:59.000Z",
          "winlog" : {
            "record_id" : 318,
            "computer_name" : "DESKTOP-AN3U28N",
            "task" : "None",
            "event_id" : "6006",
            "keywords" : [
              "傳統"
            ],
            "channel" : "System",
            "api" : "wineventlog",
            "event_data" : {
              "Binary" : "0100000000000000"
            },
            "provider_name" : "EventLog"
          },
          "ecs" : {
            "version" : "8.0.0"
          },
          "log" : {
            "file" : {
              "path" : "D:\\AIXSOAR\\IDS_2018\\logs_2018-02-16\\DESKTOP-AN3U28N-172.31.64.54.evtx"
            },
            "level" : "資訊"
          },
          "host" : {
            "os" : {
              "type" : "windows",
              "family" : "windows"
            },
            "name" : "DESKTOP-AN3U28N"
          },
          "event" : {
            "ingested" : "2024-03-29T07:30:46.614476431Z",
            "code" : "6006",
            "provider" : "EventLog",
            "created" : "2024-03-29T07:30:10.695Z",
            "kind" : "event",
            "action" : "None"
          },
          "message" : "事件記錄檔服務已中止。"
        }
      },
      {
        "_index" : "ids-2018-172.31.64.54",
        "_id" : "kvgeiY4B6U4O_9c5RozY",
        "_score" : 0.0,
        "_source" : {
          "agent" : {
            "name" : "CHPIYR2",
            "id" : "60d66234-2dc5-408a-9a6e-a0a6278a7ae3",
            "type" : "winlogbeat",
            "ephemeral_id" : "cbc62cd6-a758-4639-8eeb-85bf53ffa004",
            "version" : "8.11.3"
          },
          "@timestamp" : "2017-12-05T18:11:59.655Z",
          "winlog" : {
            "record_id" : 319,
            "computer_name" : "DESKTOP-AN3U28N",
            "process" : {
              "pid" : 788,
              "thread" : {
                "id" : 268
              }
            },
            "event_id" : "51047",
            "task" : "Service State Event",
            "provider_guid" : "{6a1f2b00-6a90-4c38-95a5-5cab3b056778}",
            "channel" : "System",
            "api" : "wineventlog",
            "event_data" : {
              "DwordVal" : "1"
            },
            "opcode" : "ServiceStop",
            "provider_name" : "Microsoft-Windows-DHCPv6-Client",
            "user" : {
              "identifier" : "S-1-5-19",
              "domain" : "NT AUTHORITY",
              "name" : "LOCAL SERVICE",
              "type" : "Well Known Group"
            }
          },
          "ecs" : {
            "version" : "8.0.0"
          },
          "log" : {
            "file" : {
              "path" : "D:\\AIXSOAR\\IDS_2018\\logs_2018-02-16\\DESKTOP-AN3U28N-172.31.64.54.evtx"
            },
            "level" : "資訊"
          },
          "host" : {
            "os" : {
              "type" : "windows",
              "family" : "windows"
            },
            "name" : "DESKTOP-AN3U28N"
          },
          "event" : {
            "ingested" : "2024-03-29T07:30:46.614534643Z",
            "code" : "51047",
            "provider" : "Microsoft-Windows-DHCPv6-Client",
            "created" : "2024-03-29T07:30:10.695Z",
            "kind" : "event",
            "action" : "Service State Event"
          },
          "message" : "DHCPv6 用戶端服務已停止。關機旗標值是 1"
        }
      },
      {
        "_index" : "ids-2018-172.31.64.54",
        "_id" : "k_geiY4B6U4O_9c5RozY",
        "_score" : 0.0,
        "_source" : {
          "agent" : {
            "name" : "CHPIYR2",
            "id" : "60d66234-2dc5-408a-9a6e-a0a6278a7ae3",
            "type" : "winlogbeat",
            "ephemeral_id" : "cbc62cd6-a758-4639-8eeb-85bf53ffa004",
            "version" : "8.11.3"
          },
          "@timestamp" : "2017-12-05T18:11:59.657Z",
          "winlog" : {
            "record_id" : 320,
            "computer_name" : "DESKTOP-AN3U28N",
            "process" : {
              "pid" : 788,
              "thread" : {
                "id" : 224
              }
            },
            "task" : "服務狀態事件",
            "event_id" : "50037",
            "provider_guid" : "{15a7a4f8-0072-4eab-abad-f98a4d666aed}",
            "channel" : "System",
            "event_data" : {
              "DwordVal" : "1"
            },
            "api" : "wineventlog",
            "provider_name" : "Microsoft-Windows-Dhcp-Client",
            "opcode" : "ServiceStop",
            "user" : {
              "identifier" : "S-1-5-19",
              "domain" : "NT AUTHORITY",
              "name" : "LOCAL SERVICE",
              "type" : "Well Known Group"
            }
          },
          "ecs" : {
            "version" : "8.0.0"
          },
          "log" : {
            "file" : {
              "path" : "D:\\AIXSOAR\\IDS_2018\\logs_2018-02-16\\DESKTOP-AN3U28N-172.31.64.54.evtx"
            },
            "level" : "資訊"
          },
          "host" : {
            "os" : {
              "type" : "windows",
              "family" : "windows"
            },
            "name" : "DESKTOP-AN3U28N"
          },
          "event" : {
            "ingested" : "2024-03-29T07:30:46.614595043Z",
            "code" : "50037",
            "provider" : "Microsoft-Windows-Dhcp-Client",
            "created" : "2024-03-29T07:30:10.695Z",
            "kind" : "event",
            "action" : "服務狀態事件"
          },
          "message" : "DHCPv4 用戶端服務已停止。關機旗標值為 1"
        }
      },
      {
        "_index" : "ids-2018-172.31.64.54",
        "_id" : "lPgeiY4B6U4O_9c5RozY",
        "_score" : 0.0,
        "_source" : {
          "agent" : {
            "name" : "CHPIYR2",
            "id" : "60d66234-2dc5-408a-9a6e-a0a6278a7ae3",
            "ephemeral_id" : "cbc62cd6-a758-4639-8eeb-85bf53ffa004",
            "type" : "winlogbeat",
            "version" : "8.11.3"
          },
          "@timestamp" : "2017-12-05T18:12:21.000Z",
          "winlog" : {
            "computer_name" : "DESKTOP-AN3U28N",
            "record_id" : 321,
            "task" : "None",
            "event_id" : "6009",
            "keywords" : [
              "傳統"
            ],
            "channel" : "System",
            "event_data" : {
              "param5" : "16384",
              "param4" : "Multiprocessor Free",
              "param1" : "10.00.",
              "param2" : "10240"
            },
            "api" : "wineventlog",
            "provider_name" : "EventLog"
          },
          "ecs" : {
            "version" : "8.0.0"
          },
          "log" : {
            "file" : {
              "path" : "D:\\AIXSOAR\\IDS_2018\\logs_2018-02-16\\DESKTOP-AN3U28N-172.31.64.54.evtx"
            },
            "level" : "資訊"
          },
          "host" : {
            "os" : {
              "type" : "windows",
              "family" : "windows"
            },
            "name" : "DESKTOP-AN3U28N"
          },
          "message" : "Microsoft (R) Windows (R) 10.00. 10240  Multiprocessor Free。",
          "event" : {
            "ingested" : "2024-03-29T07:30:46.614647133Z",
            "code" : "6009",
            "provider" : "EventLog",
            "created" : "2024-03-29T07:30:10.695Z",
            "kind" : "event",
            "action" : "None"
          }
        }
      },
      {
        "_index" : "ids-2018-172.31.64.54",
        "_id" : "lfgeiY4B6U4O_9c5RozY",
        "_score" : 0.0,
        "_source" : {
          "agent" : {
            "name" : "CHPIYR2",
            "id" : "60d66234-2dc5-408a-9a6e-a0a6278a7ae3",
            "type" : "winlogbeat",
            "ephemeral_id" : "cbc62cd6-a758-4639-8eeb-85bf53ffa004",
            "version" : "8.11.3"
          },
          "@timestamp" : "2017-12-05T18:12:21.000Z",
          "winlog" : {
            "record_id" : 322,
            "computer_name" : "DESKTOP-AN3U28N",
            "task" : "None",
            "event_id" : "6005",
            "keywords" : [
              "傳統"
            ],
            "channel" : "System",
            "event_data" : {
              "Binary" : "E1070C000200050012000C00150012030000000000000000"
            },
            "api" : "wineventlog",
            "provider_name" : "EventLog"
          },
          "ecs" : {
            "version" : "8.0.0"
          },
          "log" : {
            "file" : {
              "path" : "D:\\AIXSOAR\\IDS_2018\\logs_2018-02-16\\DESKTOP-AN3U28N-172.31.64.54.evtx"
            },
            "level" : "資訊"
          },
          "host" : {
            "os" : {
              "type" : "windows",
              "family" : "windows"
            },
            "name" : "DESKTOP-AN3U28N"
          },
          "event" : {
            "ingested" : "2024-03-29T07:30:46.614688496Z",
            "code" : "6005",
            "provider" : "EventLog",
            "kind" : "event",
            "created" : "2024-03-29T07:30:10.695Z",
            "action" : "None"
          },
          "message" : "事件記錄檔服務已啟動。"
        }
      },
      {
        "_index" : "ids-2018-172.31.64.54",
        "_id" : "lvgeiY4B6U4O_9c5RozY",
        "_score" : 0.0,
        "_ignored" : [
          "winlog.event_data.Binary.keyword"
        ],
        "_source" : {
          "agent" : {
            "name" : "CHPIYR2",
            "id" : "60d66234-2dc5-408a-9a6e-a0a6278a7ae3",
            "ephemeral_id" : "cbc62cd6-a758-4639-8eeb-85bf53ffa004",
            "type" : "winlogbeat",
            "version" : "8.11.3"
          },
          "@timestamp" : "2017-12-05T18:12:21.000Z",
          "winlog" : {
            "record_id" : 323,
            "computer_name" : "DESKTOP-AN3U28N",
            "task" : "None",
            "event_id" : "6013",
            "keywords" : [
              "傳統"
            ],
            "channel" : "System",
            "event_data" : {
              "param7" : "480 Pacific Standard Time",
              "param5" : "9",
              "param6" : "60",
              "Binary" : "31002E003100000030000000570069006E0064006F00770073002000310030002000500072006F000000310030002E0030002E003100300032003400300020004200750069006C0064002000310030003200340030002000200000004D0075006C0074006900700072006F0063006500730073006F007200200046007200650065000000310030003200340030002E007400680031002E003100350030003700300039002D00310037003000300000003500610032003600620065003300630000004E006F007400200041007600610069006C00610062006C00650000004E006F007400200041007600610069006C00610062006C006500000039000000310000003400300039003600000034003000390000004400450053004B0054004F0050002D0041004E0033005500320038004E0000000000"
            },
            "api" : "wineventlog",
            "provider_name" : "EventLog"
          },
          "ecs" : {
            "version" : "8.0.0"
          },
          "log" : {
            "file" : {
              "path" : "D:\\AIXSOAR\\IDS_2018\\logs_2018-02-16\\DESKTOP-AN3U28N-172.31.64.54.evtx"
            },
            "level" : "資訊"
          },
          "host" : {
            "os" : {
              "type" : "windows",
              "family" : "windows"
            },
            "name" : "DESKTOP-AN3U28N"
          },
          "event" : {
            "ingested" : "2024-03-29T07:30:46.614733961Z",
            "code" : "6013",
            "provider" : "EventLog",
            "kind" : "event",
            "created" : "2024-03-29T07:30:10.695Z",
            "action" : "None"
          },
          "message" : "系統執行時間是 9 秒。"
        }
      },
      {
        "_index" : "ids-2018-172.31.64.54",
        "_id" : "l_geiY4B6U4O_9c5RozY",
        "_score" : 0.0,
        "_source" : {
          "agent" : {
            "name" : "CHPIYR2",
            "id" : "60d66234-2dc5-408a-9a6e-a0a6278a7ae3",
            "type" : "winlogbeat",
            "ephemeral_id" : "cbc62cd6-a758-4639-8eeb-85bf53ffa004",
            "version" : "8.11.3"
          },
          "@timestamp" : "2017-12-05T18:12:04.584Z",
          "winlog" : {
            "record_id" : 324,
            "computer_name" : "DESKTOP-AN3U28N",
            "process" : {
              "pid" : 376,
              "thread" : {
                "id" : 380
              }
            },
            "task" : "ShutdownAction",
            "event_id" : "109",
            "keywords" : [
              "ms:Telemetry",
              "po:Diagnostic"
            ],
            "provider_guid" : "{331c3b3a-2005-44c2-ac5e-77220c37d6b4}",
            "channel" : "System",
            "event_data" : {
              "ShutdownActionType" : "5",
              "ShutdownEventCode" : "0",
              "ShutdownReason" : "5"
            },
            "api" : "wineventlog",
            "provider_name" : "Microsoft-Windows-Kernel-Power",
            "opcode" : "資訊"
          },
          "ecs" : {
            "version" : "8.0.0"
          },
          "log" : {
            "file" : {
              "path" : "D:\\AIXSOAR\\IDS_2018\\logs_2018-02-16\\DESKTOP-AN3U28N-172.31.64.54.evtx"
            },
            "level" : "資訊"
          },
          "host" : {
            "os" : {
              "type" : "windows",
              "family" : "windows"
            },
            "name" : "DESKTOP-AN3U28N"
          },
          "event" : {
            "ingested" : "2024-03-29T07:30:46.614815761Z",
            "code" : "109",
            "provider" : "Microsoft-Windows-Kernel-Power",
            "kind" : "event",
            "created" : "2024-03-29T07:30:10.695Z",
            "action" : "ShutdownAction"
          },
          "message" : "核心電源管理員已起始關機轉換。\n\n動作： Power Action Reboot \n事件代碼： 0x0 \n原因： Kernel API"
        }
      },
      {
        "_index" : "ids-2018-172.31.64.54",
        "_id" : "mPgeiY4B6U4O_9c5RozY",
        "_score" : 0.0,
        "_source" : {
          "agent" : {
            "name" : "CHPIYR2",
            "id" : "60d66234-2dc5-408a-9a6e-a0a6278a7ae3",
            "type" : "winlogbeat",
            "ephemeral_id" : "cbc62cd6-a758-4639-8eeb-85bf53ffa004",
            "version" : "8.11.3"
          },
          "@timestamp" : "2017-12-05T18:12:04.672Z",
          "winlog" : {
            "computer_name" : "DESKTOP-AN3U28N",
            "record_id" : 325,
            "process" : {
              "pid" : 4,
              "thread" : {
                "id" : 2628
              }
            },
            "task" : "None",
            "event_id" : "13",
            "provider_guid" : "{a68ca8b7-004f-d7b6-a698-07e2de0f1f5d}",
            "channel" : "System",
            "event_data" : {
              "StopTime" : "2017-12-05T18:12:04.6724563Z"
            },
            "api" : "wineventlog",
            "provider_name" : "Microsoft-Windows-Kernel-General",
            "opcode" : "資訊"
          },
          "ecs" : {
            "version" : "8.0.0"
          },
          "log" : {
            "file" : {
              "path" : "D:\\AIXSOAR\\IDS_2018\\logs_2018-02-16\\DESKTOP-AN3U28N-172.31.64.54.evtx"
            },
            "level" : "資訊"
          },
          "host" : {
            "os" : {
              "type" : "windows",
              "family" : "windows"
            },
            "name" : "DESKTOP-AN3U28N"
          },
          "event" : {
            "ingested" : "2024-03-29T07:30:46.614863318Z",
            "code" : "13",
            "provider" : "Microsoft-Windows-Kernel-General",
            "created" : "2024-03-29T07:30:10.695Z",
            "kind" : "event",
            "action" : "None"
          },
          "message" : "作業系統已經在系統時間 ‎2017‎-‎12‎-‎05T18:12:04.672456300Z 關閉。"
        }
      },
      {
        "_index" : "ids-2018-172.31.64.54",
        "_id" : "mfgeiY4B6U4O_9c5RozY",
        "_score" : 0.0,
        "_source" : {
          "agent" : {
            "name" : "CHPIYR2",
            "id" : "60d66234-2dc5-408a-9a6e-a0a6278a7ae3",
            "ephemeral_id" : "cbc62cd6-a758-4639-8eeb-85bf53ffa004",
            "type" : "winlogbeat",
            "version" : "8.11.3"
          },
          "@timestamp" : "2017-12-05T18:12:12.568Z",
          "winlog" : {
            "computer_name" : "DESKTOP-AN3U28N",
            "record_id" : 326,
            "process" : {
              "pid" : 4,
              "thread" : {
                "id" : 8
              }
            },
            "task" : "None",
            "event_id" : "12",
            "provider_guid" : "{a68ca8b7-004f-d7b6-a698-07e2de0f1f5d}",
            "channel" : "System",
            "event_data" : {
              "MajorVersion" : "10",
              "BootMode" : "0",
              "StartTime" : "2017-12-05T18:12:12.4998551Z",
              "ServiceVersion" : "0",
              "MinorVersion" : "0",
              "BuildVersion" : "10240",
              "QfeVersion" : "16384"
            },
            "api" : "wineventlog",
            "provider_name" : "Microsoft-Windows-Kernel-General",
            "opcode" : "資訊",
            "user" : {
              "identifier" : "S-1-5-18",
              "domain" : "NT AUTHORITY",
              "name" : "SYSTEM",
              "type" : "Well Known Group"
            }
          },
          "ecs" : {
            "version" : "8.0.0"
          },
          "log" : {
            "file" : {
              "path" : "D:\\AIXSOAR\\IDS_2018\\logs_2018-02-16\\DESKTOP-AN3U28N-172.31.64.54.evtx"
            },
            "level" : "資訊"
          },
          "host" : {
            "os" : {
              "type" : "windows",
              "family" : "windows"
            },
            "name" : "DESKTOP-AN3U28N"
          },
          "event" : {
            "ingested" : "2024-03-29T07:30:46.614914338Z",
            "code" : "12",
            "provider" : "Microsoft-Windows-Kernel-General",
            "created" : "2024-03-29T07:30:10.695Z",
            "kind" : "event",
            "action" : "None"
          },
          "message" : "作業系統已經在系統時間 ‎2017‎-‎12‎-‎05T18:12:12.499855100Z 啟動。"
        }
      },
      {
        "_index" : "ids-2018-172.31.64.54",
        "_id" : "mvgeiY4B6U4O_9c5RozY",
        "_score" : 0.0,
        "_source" : {
          "agent" : {
            "name" : "CHPIYR2",
            "id" : "60d66234-2dc5-408a-9a6e-a0a6278a7ae3",
            "type" : "winlogbeat",
            "ephemeral_id" : "cbc62cd6-a758-4639-8eeb-85bf53ffa004",
            "version" : "8.11.3"
          },
          "@timestamp" : "2017-12-05T18:12:12.568Z",
          "winlog" : {
            "record_id" : 327,
            "computer_name" : "DESKTOP-AN3U28N",
            "process" : {
              "pid" : 4,
              "thread" : {
                "id" : 8
              }
            },
            "task" : "None",
            "event_id" : "20",
            "provider_guid" : "{15ca44ff-4d7a-4baa-bba5-0998955e531e}",
            "channel" : "System",
            "event_data" : {
              "LastBootGood" : "true",
              "LastShutdownGood" : "true"
            },
            "api" : "wineventlog",
            "provider_name" : "Microsoft-Windows-Kernel-Boot",
            "opcode" : "資訊",
            "user" : {
              "identifier" : "S-1-5-18",
              "domain" : "NT AUTHORITY",
              "name" : "SYSTEM",
              "type" : "Well Known Group"
            }
          },
          "ecs" : {
            "version" : "8.0.0"
          },
          "log" : {
            "file" : {
              "path" : "D:\\AIXSOAR\\IDS_2018\\logs_2018-02-16\\DESKTOP-AN3U28N-172.31.64.54.evtx"
            },
            "level" : "資訊"
          },
          "host" : {
            "os" : {
              "type" : "windows",
              "family" : "windows"
            },
            "name" : "DESKTOP-AN3U28N"
          },
          "event" : {
            "ingested" : "2024-03-29T07:30:46.614978629Z",
            "code" : "20",
            "provider" : "Microsoft-Windows-Kernel-Boot",
            "created" : "2024-03-29T07:30:10.695Z",
            "kind" : "event",
            "action" : "None"
          },
          "message" : "上次關機的成功狀態為 true。上次開機的成功狀態為 true。"
        }
      },
      {
        "_index" : "ids-2018-172.31.64.54",
        "_id" : "m_geiY4B6U4O_9c5RozY",
        "_score" : 0.0,
        "_source" : {
          "agent" : {
            "name" : "CHPIYR2",
            "id" : "60d66234-2dc5-408a-9a6e-a0a6278a7ae3",
            "ephemeral_id" : "cbc62cd6-a758-4639-8eeb-85bf53ffa004",
            "type" : "winlogbeat",
            "version" : "8.11.3"
          },
          "@timestamp" : "2017-12-05T18:12:12.568Z",
          "winlog" : {
            "record_id" : 328,
            "computer_name" : "DESKTOP-AN3U28N",
            "process" : {
              "pid" : 4,
              "thread" : {
                "id" : 8
              }
            },
            "event_id" : "27",
            "task" : "None",
            "provider_guid" : "{15ca44ff-4d7a-4baa-bba5-0998955e531e}",
            "channel" : "System",
            "api" : "wineventlog",
            "event_data" : {
              "BootType" : "0"
            },
            "provider_name" : "Microsoft-Windows-Kernel-Boot",
            "opcode" : "資訊",
            "user" : {
              "identifier" : "S-1-5-18",
              "domain" : "NT AUTHORITY",
              "name" : "SYSTEM",
              "type" : "Well Known Group"
            }
          },
          "ecs" : {
            "version" : "8.0.0"
          },
          "log" : {
            "file" : {
              "path" : "D:\\AIXSOAR\\IDS_2018\\logs_2018-02-16\\DESKTOP-AN3U28N-172.31.64.54.evtx"
            },
            "level" : "資訊"
          },
          "host" : {
            "os" : {
              "type" : "windows",
              "family" : "windows"
            },
            "name" : "DESKTOP-AN3U28N"
          },
          "event" : {
            "ingested" : "2024-03-29T07:30:46.615036849Z",
            "code" : "27",
            "provider" : "Microsoft-Windows-Kernel-Boot",
            "created" : "2024-03-29T07:30:10.695Z",
            "kind" : "event",
            "action" : "None"
          },
          "message" : "開機類型為 0x0。"
        }
      },
      {
        "_index" : "ids-2018-172.31.64.54",
        "_id" : "nPgeiY4B6U4O_9c5RozY",
        "_score" : 0.0,
        "_source" : {
          "agent" : {
            "name" : "CHPIYR2",
            "id" : "60d66234-2dc5-408a-9a6e-a0a6278a7ae3",
            "type" : "winlogbeat",
            "ephemeral_id" : "cbc62cd6-a758-4639-8eeb-85bf53ffa004",
            "version" : "8.11.3"
          },
          "@timestamp" : "2017-12-05T18:12:12.568Z",
          "winlog" : {
            "record_id" : 329,
            "computer_name" : "DESKTOP-AN3U28N",
            "process" : {
              "pid" : 4,
              "thread" : {
                "id" : 8
              }
            },
            "event_id" : "25",
            "task" : "None",
            "provider_guid" : "{15ca44ff-4d7a-4baa-bba5-0998955e531e}",
            "channel" : "System",
            "api" : "wineventlog",
            "event_data" : {
              "BootMenuPolicy" : "1"
            },
            "opcode" : "資訊",
            "provider_name" : "Microsoft-Windows-Kernel-Boot",
            "user" : {
              "identifier" : "S-1-5-18",
              "domain" : "NT AUTHORITY",
              "name" : "SYSTEM",
              "type" : "Well Known Group"
            }
          },
          "ecs" : {
            "version" : "8.0.0"
          },
          "log" : {
            "file" : {
              "path" : "D:\\AIXSOAR\\IDS_2018\\logs_2018-02-16\\DESKTOP-AN3U28N-172.31.64.54.evtx"
            },
            "level" : "資訊"
          },
          "host" : {
            "os" : {
              "type" : "windows",
              "family" : "windows"
            },
            "name" : "DESKTOP-AN3U28N"
          },
          "event" : {
            "ingested" : "2024-03-29T07:30:46.615167785Z",
            "code" : "25",
            "provider" : "Microsoft-Windows-Kernel-Boot",
            "created" : "2024-03-29T07:30:10.695Z",
            "kind" : "event",
            "action" : "None"
          },
          "message" : "開機功能表原則為 0x1。"
        }
      },
      {
        "_index" : "ids-2018-172.31.64.54",
        "_id" : "nfgeiY4B6U4O_9c5RozY",
        "_score" : 0.0,
        "_source" : {
          "agent" : {
            "name" : "CHPIYR2",
            "id" : "60d66234-2dc5-408a-9a6e-a0a6278a7ae3",
            "type" : "winlogbeat",
            "ephemeral_id" : "cbc62cd6-a758-4639-8eeb-85bf53ffa004",
            "version" : "8.11.3"
          },
          "@timestamp" : "2017-12-05T18:12:12.568Z",
          "winlog" : {
            "computer_name" : "DESKTOP-AN3U28N",
            "record_id" : 330,
            "process" : {
              "pid" : 4,
              "thread" : {
                "id" : 8
              }
            },
            "event_id" : "18",
            "task" : "None",
            "provider_guid" : "{15ca44ff-4d7a-4baa-bba5-0998955e531e}",
            "channel" : "System",
            "event_data" : {
              "EntryCount" : "1"
            },
            "api" : "wineventlog",
            "opcode" : "資訊",
            "provider_name" : "Microsoft-Windows-Kernel-Boot",
            "user" : {
              "identifier" : "S-1-5-18",
              "domain" : "NT AUTHORITY",
              "name" : "SYSTEM",
              "type" : "Well Known Group"
            }
          },
          "ecs" : {
            "version" : "8.0.0"
          },
          "log" : {
            "file" : {
              "path" : "D:\\AIXSOAR\\IDS_2018\\logs_2018-02-16\\DESKTOP-AN3U28N-172.31.64.54.evtx"
            },
            "level" : "資訊"
          },
          "host" : {
            "os" : {
              "type" : "windows",
              "family" : "windows"
            },
            "name" : "DESKTOP-AN3U28N"
          },
          "event" : {
            "ingested" : "2024-03-29T07:30:46.615236006Z",
            "code" : "18",
            "provider" : "Microsoft-Windows-Kernel-Boot",
            "kind" : "event",
            "created" : "2024-03-29T07:30:10.695Z",
            "action" : "None"
          },
          "message" : "此系統上有 0x1 個開機選項。"
        }
      },
      {
        "_index" : "ids-2018-172.31.64.54",
        "_id" : "nvgeiY4B6U4O_9c5RozY",
        "_score" : 0.0,
        "_source" : {
          "agent" : {
            "name" : "CHPIYR2",
            "id" : "60d66234-2dc5-408a-9a6e-a0a6278a7ae3",
            "type" : "winlogbeat",
            "ephemeral_id" : "cbc62cd6-a758-4639-8eeb-85bf53ffa004",
            "version" : "8.11.3"
          },
          "@timestamp" : "2017-12-05T18:12:12.568Z",
          "winlog" : {
            "computer_name" : "DESKTOP-AN3U28N",
            "record_id" : 331,
            "process" : {
              "pid" : 4,
              "thread" : {
                "id" : 8
              }
            },
            "event_id" : "32",
            "task" : "None",
            "provider_guid" : "{15ca44ff-4d7a-4baa-bba5-0998955e531e}",
            "channel" : "System",
            "api" : "wineventlog",
            "event_data" : {
              "BitlockerUserInputTime" : "0"
            },
            "provider_name" : "Microsoft-Windows-Kernel-Boot",
            "opcode" : "資訊",
            "user" : {
              "identifier" : "S-1-5-18",
              "domain" : "NT AUTHORITY",
              "name" : "SYSTEM",
              "type" : "Well Known Group"
            }
          },
          "ecs" : {
            "version" : "8.0.0"
          },
          "log" : {
            "file" : {
              "path" : "D:\\AIXSOAR\\IDS_2018\\logs_2018-02-16\\DESKTOP-AN3U28N-172.31.64.54.evtx"
            },
            "level" : "資訊"
          },
          "host" : {
            "os" : {
              "type" : "windows",
              "family" : "windows"
            },
            "name" : "DESKTOP-AN3U28N"
          },
          "event" : {
            "ingested" : "2024-03-29T07:30:46.615294583Z",
            "code" : "32",
            "provider" : "Microsoft-Windows-Kernel-Boot",
            "created" : "2024-03-29T07:30:10.695Z",
            "kind" : "event",
            "action" : "None"
          },
          "message" : "bootmgr 花了 0 毫秒的時間等候使用者輸入。"
        }
      },
      {
        "_index" : "ids-2018-172.31.64.54",
        "_id" : "n_geiY4B6U4O_9c5RozY",
        "_score" : 0.0,
        "_source" : {
          "agent" : {
            "name" : "CHPIYR2",
            "id" : "60d66234-2dc5-408a-9a6e-a0a6278a7ae3",
            "type" : "winlogbeat",
            "ephemeral_id" : "cbc62cd6-a758-4639-8eeb-85bf53ffa004",
            "version" : "8.11.3"
          },
          "@timestamp" : "2017-12-05T18:12:16.238Z",
          "winlog" : {
            "computer_name" : "DESKTOP-AN3U28N",
            "process" : {
              "pid" : 4,
              "thread" : {
                "id" : 8
              }
            },
            "channel" : "System",
            "event_data" : {
              "ExtraInfoLength" : "192",
              "DeviceVersionMinor" : "0",
              "DeviceTime" : "2015-07-09T19:14:57.0000000Z",
              "ExtraInfoString" : "{ \"flags\" : \"0x00000010\" , \"registration_version\" : \"0x00000203\" , \"tx\" : false , \"sections\" : false , \"frame\" : 0 , \"class_name\" : \"FSFilter Bottom\" , \"instances\" : [[\"45000\",\"0x00000000\"]] }",
              "DeviceVersionMajor" : "10",
              "DeviceNameLength" : "8",
              "FilterID" : "{02000000-0001-0000-955b-f494f46dd301}",
              "FinalStatus" : "0x0",
              "DeviceName" : "FileInfo"
            },
            "opcode" : "資訊",
            "version" : 1,
            "record_id" : 332,
            "event_id" : "6",
            "task" : "None",
            "provider_guid" : "{f3c5e28e-63f6-49c7-a204-e48a1bc4b09d}",
            "api" : "wineventlog",
            "provider_name" : "Microsoft-Windows-FilterManager",
            "user" : {
              "identifier" : "S-1-5-18",
              "domain" : "NT AUTHORITY",
              "name" : "SYSTEM",
              "type" : "Well Known Group"
            }
          },
          "ecs" : {
            "version" : "8.0.0"
          },
          "log" : {
            "file" : {
              "path" : "D:\\AIXSOAR\\IDS_2018\\logs_2018-02-16\\DESKTOP-AN3U28N-172.31.64.54.evtx"
            },
            "level" : "資訊"
          },
          "host" : {
            "os" : {
              "type" : "windows",
              "family" : "windows"
            },
            "name" : "DESKTOP-AN3U28N"
          },
          "event" : {
            "ingested" : "2024-03-29T07:30:46.615331735Z",
            "code" : "6",
            "provider" : "Microsoft-Windows-FilterManager",
            "created" : "2024-03-29T07:30:10.695Z",
            "kind" : "event",
            "action" : "None"
          }
        }
      },
      {
        "_index" : "ids-2018-172.31.64.54",
        "_id" : "oPgeiY4B6U4O_9c5RozY",
        "_score" : 0.0,
        "_source" : {
          "agent" : {
            "name" : "CHPIYR2",
            "id" : "60d66234-2dc5-408a-9a6e-a0a6278a7ae3",
            "ephemeral_id" : "cbc62cd6-a758-4639-8eeb-85bf53ffa004",
            "type" : "winlogbeat",
            "version" : "8.11.3"
          },
          "@timestamp" : "2017-12-05T18:12:16.239Z",
          "winlog" : {
            "computer_name" : "DESKTOP-AN3U28N",
            "process" : {
              "pid" : 4,
              "thread" : {
                "id" : 8
              }
            },
            "channel" : "System",
            "event_data" : {
              "ExtraInfoLength" : "196",
              "DeviceVersionMinor" : "0",
              "DeviceTime" : "2015-07-09T19:15:05.0000000Z",
              "ExtraInfoString" : "{ \"flags\" : \"0x00000010\" , \"registration_version\" : \"0x00000203\" , \"tx\" : true , \"sections\" : false , \"frame\" : 0 , \"class_name\" : \"FSFilter Compression\" , \"instances\" : [[\"40700\",\"0x00000000\"]] }",
              "DeviceVersionMajor" : "10",
              "DeviceNameLength" : "3",
              "FinalStatus" : "0x0",
              "FilterID" : "{02000000-0002-0000-955b-f494f46dd301}",
              "DeviceName" : "Wof"
            },
            "opcode" : "資訊",
            "version" : 1,
            "record_id" : 333,
            "event_id" : "6",
            "task" : "None",
            "provider_guid" : "{f3c5e28e-63f6-49c7-a204-e48a1bc4b09d}",
            "api" : "wineventlog",
            "provider_name" : "Microsoft-Windows-FilterManager",
            "user" : {
              "identifier" : "S-1-5-18",
              "domain" : "NT AUTHORITY",
              "name" : "SYSTEM",
              "type" : "Well Known Group"
            }
          },
          "ecs" : {
            "version" : "8.0.0"
          },
          "log" : {
            "file" : {
              "path" : "D:\\AIXSOAR\\IDS_2018\\logs_2018-02-16\\DESKTOP-AN3U28N-172.31.64.54.evtx"
            },
            "level" : "資訊"
          },
          "host" : {
            "os" : {
              "type" : "windows",
              "family" : "windows"
            },
            "name" : "DESKTOP-AN3U28N"
          },
          "event" : {
            "ingested" : "2024-03-29T07:30:46.615381734Z",
            "code" : "6",
            "provider" : "Microsoft-Windows-FilterManager",
            "created" : "2024-03-29T07:30:10.695Z",
            "kind" : "event",
            "action" : "None"
          }
        }
      },
      {
        "_index" : "ids-2018-172.31.64.54",
        "_id" : "ofgeiY4B6U4O_9c5RozY",
        "_score" : 0.0,
        "_source" : {
          "agent" : {
            "name" : "CHPIYR2",
            "id" : "60d66234-2dc5-408a-9a6e-a0a6278a7ae3",
            "ephemeral_id" : "cbc62cd6-a758-4639-8eeb-85bf53ffa004",
            "type" : "winlogbeat",
            "version" : "8.11.3"
          },
          "@timestamp" : "2017-12-05T18:12:16.239Z",
          "winlog" : {
            "computer_name" : "DESKTOP-AN3U28N",
            "process" : {
              "pid" : 4,
              "thread" : {
                "id" : 8
              }
            },
            "channel" : "System",
            "event_data" : {
              "ExtraInfoLength" : "196",
              "DeviceVersionMinor" : "0",
              "DeviceTime" : "2015-07-09T19:19:05.0000000Z",
              "ExtraInfoString" : "{ \"flags\" : \"0x00000010\" , \"registration_version\" : \"0x00000203\" , \"tx\" : true , \"sections\" : false , \"frame\" : 0 , \"class_name\" : \"FSFilter Anti-Virus\" , \"instances\" : [[\"328010\",\"0x00000000\"]] }",
              "DeviceVersionMajor" : "10",
              "DeviceNameLength" : "8",
              "FinalStatus" : "0x0",
              "FilterID" : "{02000000-0003-0000-955b-f494f46dd301}",
              "DeviceName" : "WdFilter"
            },
            "opcode" : "資訊",
            "version" : 1,
            "record_id" : 334,
            "event_id" : "6",
            "task" : "None",
            "provider_guid" : "{f3c5e28e-63f6-49c7-a204-e48a1bc4b09d}",
            "api" : "wineventlog",
            "provider_name" : "Microsoft-Windows-FilterManager",
            "user" : {
              "identifier" : "S-1-5-18",
              "domain" : "NT AUTHORITY",
              "name" : "SYSTEM",
              "type" : "Well Known Group"
            }
          },
          "ecs" : {
            "version" : "8.0.0"
          },
          "log" : {
            "file" : {
              "path" : "D:\\AIXSOAR\\IDS_2018\\logs_2018-02-16\\DESKTOP-AN3U28N-172.31.64.54.evtx"
            },
            "level" : "資訊"
          },
          "host" : {
            "os" : {
              "type" : "windows",
              "family" : "windows"
            },
            "name" : "DESKTOP-AN3U28N"
          },
          "event" : {
            "ingested" : "2024-03-29T07:30:46.615446591Z",
            "code" : "6",
            "provider" : "Microsoft-Windows-FilterManager",
            "created" : "2024-03-29T07:30:10.695Z",
            "kind" : "event",
            "action" : "None"
          }
        }
      },
      {
        "_index" : "ids-2018-172.31.64.54",
        "_id" : "ovgeiY4B6U4O_9c5RozY",
        "_score" : 0.0,
        "_source" : {
          "agent" : {
            "name" : "CHPIYR2",
            "id" : "60d66234-2dc5-408a-9a6e-a0a6278a7ae3",
            "type" : "winlogbeat",
            "ephemeral_id" : "cbc62cd6-a758-4639-8eeb-85bf53ffa004",
            "version" : "8.11.3"
          },
          "@timestamp" : "2017-12-05T18:12:17.011Z",
          "winlog" : {
            "computer_name" : "DESKTOP-AN3U28N",
            "process" : {
              "pid" : 4,
              "thread" : {
                "id" : 184
              }
            },
            "keywords" : [
              "VolumeCorruptionActionStateChange"
            ],
            "channel" : "System",
            "event_data" : {
              "DriveName" : "C:",
              "CorruptionActionState" : "0",
              "DeviceName" : "\\Device\\HarddiskVolume2"
            },
            "opcode" : "資訊",
            "record_id" : 335,
            "task" : "None",
            "event_id" : "98",
            "provider_guid" : "{3ff37a1c-a68d-4d6e-8c9b-f79e8b16c482}",
            "api" : "wineventlog",
            "provider_name" : "Microsoft-Windows-Ntfs",
            "user" : {
              "identifier" : "S-1-5-18",
              "domain" : "NT AUTHORITY",
              "name" : "SYSTEM",
              "type" : "Well Known Group"
            }
          },
          "ecs" : {
            "version" : "8.0.0"
          },
          "log" : {
            "file" : {
              "path" : "D:\\AIXSOAR\\IDS_2018\\logs_2018-02-16\\DESKTOP-AN3U28N-172.31.64.54.evtx"
            },
            "level" : "資訊"
          },
          "host" : {
            "os" : {
              "type" : "windows",
              "family" : "windows"
            },
            "name" : "DESKTOP-AN3U28N"
          },
          "event" : {
            "ingested" : "2024-03-29T07:30:46.615506018Z",
            "code" : "98",
            "provider" : "Microsoft-Windows-Ntfs",
            "created" : "2024-03-29T07:30:10.695Z",
            "kind" : "event",
            "action" : "None"
          },
          "message" : "磁碟區 C: (\\Device\\HarddiskVolume2) 的健康情況良好。不需要採取任何動作。"
        }
      },
      {
        "_index" : "ids-2018-172.31.64.54",
        "_id" : "o_geiY4B6U4O_9c5RozY",
        "_score" : 0.0,
        "_source" : {
          "agent" : {
            "name" : "CHPIYR2",
            "id" : "60d66234-2dc5-408a-9a6e-a0a6278a7ae3",
            "type" : "winlogbeat",
            "ephemeral_id" : "cbc62cd6-a758-4639-8eeb-85bf53ffa004",
            "version" : "8.11.3"
          },
          "@timestamp" : "2017-12-05T18:12:17.142Z",
          "winlog" : {
            "computer_name" : "DESKTOP-AN3U28N",
            "process" : {
              "pid" : 4,
              "thread" : {
                "id" : 8
              }
            },
            "channel" : "System",
            "event_data" : {
              "ExtraInfoLength" : "197",
              "DeviceVersionMinor" : "0",
              "DeviceTime" : "2015-07-09T19:14:31.0000000Z",
              "ExtraInfoString" : "{ \"flags\" : \"0x00000000\" , \"registration_version\" : \"0x00000203\" , \"tx\" : false , \"sections\" : false , \"frame\" : 0 , \"class_name\" : \"FSFilter Encryption\" , \"instances\" : [[\"141100\",\"0x00000000\"]] }",
              "DeviceVersionMajor" : "10",
              "DeviceNameLength" : "9",
              "FilterID" : "{02000000-0005-0000-f918-7d95f46dd301}",
              "FinalStatus" : "0x0",
              "DeviceName" : "FileCrypt"
            },
            "opcode" : "資訊",
            "version" : 1,
            "record_id" : 336,
            "task" : "None",
            "event_id" : "6",
            "provider_guid" : "{f3c5e28e-63f6-49c7-a204-e48a1bc4b09d}",
            "api" : "wineventlog",
            "provider_name" : "Microsoft-Windows-FilterManager",
            "user" : {
              "identifier" : "S-1-5-18",
              "domain" : "NT AUTHORITY",
              "name" : "SYSTEM",
              "type" : "Well Known Group"
            }
          },
          "ecs" : {
            "version" : "8.0.0"
          },
          "log" : {
            "file" : {
              "path" : "D:\\AIXSOAR\\IDS_2018\\logs_2018-02-16\\DESKTOP-AN3U28N-172.31.64.54.evtx"
            },
            "level" : "資訊"
          },
          "host" : {
            "os" : {
              "type" : "windows",
              "family" : "windows"
            },
            "name" : "DESKTOP-AN3U28N"
          },
          "event" : {
            "ingested" : "2024-03-29T07:30:46.615543890Z",
            "code" : "6",
            "provider" : "Microsoft-Windows-FilterManager",
            "created" : "2024-03-29T07:30:10.695Z",
            "kind" : "event",
            "action" : "None"
          }
        }
      },
      {
        "_index" : "ids-2018-172.31.64.54",
        "_id" : "pPgeiY4B6U4O_9c5RozY",
        "_score" : 0.0,
        "_source" : {
          "agent" : {
            "name" : "CHPIYR2",
            "id" : "60d66234-2dc5-408a-9a6e-a0a6278a7ae3",
            "ephemeral_id" : "cbc62cd6-a758-4639-8eeb-85bf53ffa004",
            "type" : "winlogbeat",
            "version" : "8.11.3"
          },
          "@timestamp" : "2017-12-05T18:12:17.208Z",
          "winlog" : {
            "computer_name" : "DESKTOP-AN3U28N",
            "process" : {
              "pid" : 4,
              "thread" : {
                "id" : 8
              }
            },
            "channel" : "System",
            "event_data" : {
              "ExtraInfoLength" : "183",
              "DeviceVersionMinor" : "0",
              "DeviceTime" : "2015-07-09T19:14:31.0000000Z",
              "ExtraInfoString" : "{ \"flags\" : \"0x00000008\" , \"registration_version\" : \"0x00000203\" , \"tx\" : false , \"sections\" : false , \"frame\" : 0 , \"class_name\" : \"(null)\" , \"instances\" : [[\"46000\",\"0x00000000\"]] }",
              "DeviceVersionMajor" : "10",
              "DeviceNameLength" : "9",
              "FilterID" : "{02000000-0006-0000-61a2-8695f46dd301}",
              "FinalStatus" : "0x0",
              "DeviceName" : "npsvctrig"
            },
            "opcode" : "資訊",
            "version" : 1,
            "record_id" : 337,
            "event_id" : "6",
            "task" : "None",
            "provider_guid" : "{f3c5e28e-63f6-49c7-a204-e48a1bc4b09d}",
            "api" : "wineventlog",
            "provider_name" : "Microsoft-Windows-FilterManager",
            "user" : {
              "identifier" : "S-1-5-18",
              "domain" : "NT AUTHORITY",
              "name" : "SYSTEM",
              "type" : "Well Known Group"
            }
          },
          "ecs" : {
            "version" : "8.0.0"
          },
          "log" : {
            "file" : {
              "path" : "D:\\AIXSOAR\\IDS_2018\\logs_2018-02-16\\DESKTOP-AN3U28N-172.31.64.54.evtx"
            },
            "level" : "資訊"
          },
          "host" : {
            "os" : {
              "type" : "windows",
              "family" : "windows"
            },
            "name" : "DESKTOP-AN3U28N"
          },
          "event" : {
            "ingested" : "2024-03-29T07:30:46.615578712Z",
            "code" : "6",
            "provider" : "Microsoft-Windows-FilterManager",
            "kind" : "event",
            "created" : "2024-03-29T07:30:10.695Z",
            "action" : "None"
          }
        }
      },
      {
        "_index" : "ids-2018-172.31.64.54",
        "_id" : "pfgeiY4B6U4O_9c5RozY",
        "_score" : 0.0,
        "_source" : {
          "agent" : {
            "name" : "CHPIYR2",
            "id" : "60d66234-2dc5-408a-9a6e-a0a6278a7ae3",
            "type" : "winlogbeat",
            "ephemeral_id" : "cbc62cd6-a758-4639-8eeb-85bf53ffa004",
            "version" : "8.11.3"
          },
          "@timestamp" : "2017-12-05T18:12:17.440Z",
          "winlog" : {
            "computer_name" : "DESKTOP-AN3U28N",
            "process" : {
              "pid" : 4,
              "thread" : {
                "id" : 184
              }
            },
            "keywords" : [
              "VolumeCorruptionActionStateChange"
            ],
            "channel" : "System",
            "event_data" : {
              "DriveName" : "\\\\?\\Volume{4a6ec97e-0000-0000-0000-100000000000}",
              "CorruptionActionState" : "0",
              "DeviceName" : "\\Device\\HarddiskVolume1"
            },
            "opcode" : "資訊",
            "record_id" : 338,
            "event_id" : "98",
            "task" : "None",
            "provider_guid" : "{3ff37a1c-a68d-4d6e-8c9b-f79e8b16c482}",
            "api" : "wineventlog",
            "provider_name" : "Microsoft-Windows-Ntfs",
            "user" : {
              "identifier" : "S-1-5-18",
              "domain" : "NT AUTHORITY",
              "name" : "SYSTEM",
              "type" : "Well Known Group"
            }
          },
          "ecs" : {
            "version" : "8.0.0"
          },
          "log" : {
            "file" : {
              "path" : "D:\\AIXSOAR\\IDS_2018\\logs_2018-02-16\\DESKTOP-AN3U28N-172.31.64.54.evtx"
            },
            "level" : "資訊"
          },
          "host" : {
            "os" : {
              "type" : "windows",
              "family" : "windows"
            },
            "name" : "DESKTOP-AN3U28N"
          },
          "message" : "磁碟區 \\\\?\\Volume{4a6ec97e-0000-0000-0000-100000000000} (\\Device\\HarddiskVolume1) 的健康情況良好。不需要採取任何動作。",
          "event" : {
            "ingested" : "2024-03-29T07:30:46.615627809Z",
            "code" : "98",
            "provider" : "Microsoft-Windows-Ntfs",
            "created" : "2024-03-29T07:30:10.695Z",
            "kind" : "event",
            "action" : "None"
          }
        }
      },
