{
  "took" : 5,
  "timed_out" : false,
  "_shards" : {
    "total" : 1,
    "successful" : 1,
    "skipped" : 0,
    "failed" : 0
  },
  "hits" : {
    "total" : {
      "value" : 210,
      "relation" : "eq"
    },
    "max_score" : 0.0,
    "hits" : [
      {
        "_index" : "ids-2018-172.31.64.54",
        "_id" : "9PgfiY4B6U4O_9c5VaaH",
        "_score" : 0.0,
        "_source" : {
          "agent" : {
            "name" : "CHPIYR2",
            "id" : "60d66234-2dc5-408a-9a6e-a0a6278a7ae3",
            "type" : "winlogbeat",
            "ephemeral_id" : "a06e73b9-f1c1-4373-8054-f1bb7187bfa2",
            "version" : "8.11.3"
          },
          "@timestamp" : "2018-01-18T19:09:44.361Z",
          "winlog" : {
            "computer_name" : "DESKTOP-AN3U28N",
            "process" : {
              "pid" : 704,
              "thread" : {
                "id" : 1188
              }
            },
            "keywords" : [
              "傳統"
            ],
            "channel" : "System",
            "event_data" : {
              "param3" : "demand start",
              "param4" : "BITS",
              "param1" : "Background Intelligent Transfer Service",
              "param2" : "auto start"
            },
            "opcode" : "Info",
            "record_id" : 1137,
            "task" : "None",
            "event_id" : "7040",
            "provider_guid" : "{555908d1-a6d7-4695-8e1e-26931d2012f4}",
            "api" : "wineventlog",
            "provider_name" : "Service Control Manager",
            "user" : {
              "identifier" : "S-1-5-18",
              "domain" : "NT AUTHORITY",
              "name" : "SYSTEM",
              "type" : "Well Known Group"
            }
          },
          "ecs" : {
            "version" : "8.0.0"
          },
          "log" : {
            "file" : {
              "path" : "D:\\AIXSOAR\\IDS_2018\\logs_2018-03-01\\DESKTOP-AN3U28N-172.31.64.54.evtx"
            },
            "level" : "資訊"
          },
          "host" : {
            "os" : {
              "type" : "windows",
              "family" : "windows"
            },
            "name" : "DESKTOP-AN3U28N"
          },
          "message" : "Background Intelligent Transfer Service 服務的啟動類型已從 auto start 變更為 demand start。",
          "event" : {
            "ingested" : "2024-03-29T07:31:55.910352676Z",
            "code" : "7040",
            "provider" : "Service Control Manager",
            "kind" : "event",
            "created" : "2024-03-29T07:31:55.716Z",
            "action" : "None"
          }
        }
      },
      {
        "_index" : "ids-2018-172.31.64.54",
        "_id" : "9fgfiY4B6U4O_9c5VaaH",
        "_score" : 0.0,
        "_source" : {
          "agent" : {
            "name" : "CHPIYR2",
            "id" : "60d66234-2dc5-408a-9a6e-a0a6278a7ae3",
            "ephemeral_id" : "a06e73b9-f1c1-4373-8054-f1bb7187bfa2",
            "type" : "winlogbeat",
            "version" : "8.11.3"
          },
          "@timestamp" : "2018-01-18T19:13:39.995Z",
          "winlog" : {
            "computer_name" : "DESKTOP-AN3U28N",
            "process" : {
              "pid" : 704,
              "thread" : {
                "id" : 4676
              }
            },
            "keywords" : [
              "傳統"
            ],
            "channel" : "System",
            "event_data" : {
              "param3" : "auto start",
              "param4" : "IKEEXT",
              "param1" : "IKE and AuthIP IPsec Keying Modules",
              "param2" : "demand start"
            },
            "opcode" : "Info",
            "record_id" : 1138,
            "task" : "None",
            "event_id" : "7040",
            "provider_guid" : "{555908d1-a6d7-4695-8e1e-26931d2012f4}",
            "api" : "wineventlog",
            "provider_name" : "Service Control Manager",
            "user" : {
              "identifier" : "S-1-5-18",
              "domain" : "NT AUTHORITY",
              "name" : "SYSTEM",
              "type" : "Well Known Group"
            }
          },
          "ecs" : {
            "version" : "8.0.0"
          },
          "log" : {
            "file" : {
              "path" : "D:\\AIXSOAR\\IDS_2018\\logs_2018-03-01\\DESKTOP-AN3U28N-172.31.64.54.evtx"
            },
            "level" : "資訊"
          },
          "host" : {
            "os" : {
              "type" : "windows",
              "family" : "windows"
            },
            "name" : "DESKTOP-AN3U28N"
          },
          "event" : {
            "ingested" : "2024-03-29T07:31:55.910403295Z",
            "code" : "7040",
            "provider" : "Service Control Manager",
            "created" : "2024-03-29T07:31:55.716Z",
            "kind" : "event",
            "action" : "None"
          },
          "message" : "IKE and AuthIP IPsec Keying Modules 服務的啟動類型已從 demand start 變更為 auto start。"
        }
      },
      {
        "_index" : "ids-2018-172.31.64.54",
        "_id" : "9vgfiY4B6U4O_9c5VaaH",
        "_score" : 0.0,
        "_source" : {
          "agent" : {
            "name" : "CHPIYR2",
            "id" : "60d66234-2dc5-408a-9a6e-a0a6278a7ae3",
            "type" : "winlogbeat",
            "ephemeral_id" : "a06e73b9-f1c1-4373-8054-f1bb7187bfa2",
            "version" : "8.11.3"
          },
          "@timestamp" : "2018-01-18T19:13:40.686Z",
          "winlog" : {
            "computer_name" : "DESKTOP-AN3U28N",
            "process" : {
              "pid" : 704,
              "thread" : {
                "id" : 4676
              }
            },
            "keywords" : [
              "傳統"
            ],
            "channel" : "System",
            "event_data" : {
              "param3" : "auto start",
              "param4" : "BITS",
              "param1" : "Background Intelligent Transfer Service",
              "param2" : "demand start"
            },
            "opcode" : "Info",
            "record_id" : 1139,
            "event_id" : "7040",
            "task" : "None",
            "provider_guid" : "{555908d1-a6d7-4695-8e1e-26931d2012f4}",
            "api" : "wineventlog",
            "provider_name" : "Service Control Manager",
            "user" : {
              "identifier" : "S-1-5-18",
              "domain" : "NT AUTHORITY",
              "name" : "SYSTEM",
              "type" : "Well Known Group"
            }
          },
          "ecs" : {
            "version" : "8.0.0"
          },
          "log" : {
            "file" : {
              "path" : "D:\\AIXSOAR\\IDS_2018\\logs_2018-03-01\\DESKTOP-AN3U28N-172.31.64.54.evtx"
            },
            "level" : "資訊"
          },
          "host" : {
            "os" : {
              "type" : "windows",
              "family" : "windows"
            },
            "name" : "DESKTOP-AN3U28N"
          },
          "event" : {
            "ingested" : "2024-03-29T07:31:55.910438808Z",
            "code" : "7040",
            "provider" : "Service Control Manager",
            "kind" : "event",
            "created" : "2024-03-29T07:31:55.716Z",
            "action" : "None"
          },
          "message" : "Background Intelligent Transfer Service 服務的啟動類型已從 demand start 變更為 auto start。"
        }
      },
      {
        "_index" : "ids-2018-172.31.64.54",
        "_id" : "9_gfiY4B6U4O_9c5VaaH",
        "_score" : 0.0,
        "_ignored" : [
          "message.keyword"
        ],
        "_source" : {
          "agent" : {
            "name" : "CHPIYR2",
            "id" : "60d66234-2dc5-408a-9a6e-a0a6278a7ae3",
            "type" : "winlogbeat",
            "ephemeral_id" : "a06e73b9-f1c1-4373-8054-f1bb7187bfa2",
            "version" : "8.11.3"
          },
          "@timestamp" : "2018-01-18T19:56:04.895Z",
          "winlog" : {
            "computer_name" : "DESKTOP-AN3U28N",
            "process" : {
              "pid" : 820,
              "thread" : {
                "id" : 1596
              }
            },
            "keywords" : [
              "傳統"
            ],
            "channel" : "System",
            "event_data" : {
              "param7" : "NETWORK SERVICE",
              "param8" : "S-1-5-20",
              "param5" : "{9CA88EE3-ACB7-47C8-AFC4-AB702511C276}",
              "param6" : "NT AUTHORITY",
              "param9" : "LocalHost (Using LRPC)",
              "param10" : "Unavailable",
              "param11" : "Unavailable",
              "param3" : "Activation",
              "param4" : "{D63B10C5-BB46-4990-A94F-E40B9D520160}",
              "param1" : "application-specific",
              "param2" : "Local"
            },
            "opcode" : "資訊",
            "record_id" : 1140,
            "event_id" : "10016",
            "task" : "None",
            "provider_guid" : "{1B562E86-B7AA-4131-BADC-B6F3A001407E}",
            "api" : "wineventlog",
            "provider_name" : "Microsoft-Windows-DistributedCOM",
            "user" : {
              "identifier" : "S-1-5-20",
              "domain" : "NT AUTHORITY",
              "name" : "NETWORK SERVICE",
              "type" : "Well Known Group"
            }
          },
          "ecs" : {
            "version" : "8.0.0"
          },
          "log" : {
            "file" : {
              "path" : "D:\\AIXSOAR\\IDS_2018\\logs_2018-03-01\\DESKTOP-AN3U28N-172.31.64.54.evtx"
            },
            "level" : "錯誤"
          },
          "host" : {
            "os" : {
              "type" : "windows",
              "family" : "windows"
            },
            "name" : "DESKTOP-AN3U28N"
          },
          "event" : {
            "ingested" : "2024-03-29T07:31:55.910470956Z",
            "code" : "10016",
            "provider" : "Microsoft-Windows-DistributedCOM",
            "created" : "2024-03-29T07:31:55.716Z",
            "kind" : "event",
            "action" : "None"
          },
          "message" : "application-specific 權限設定無法將含有 CLSID \n{D63B10C5-BB46-4990-A94F-E40B9D520160}\n 與 APPID \n{9CA88EE3-ACB7-47C8-AFC4-AB702511C276}\n 之 COM 伺服器應用程式的 Local Activation 權限授與來自位址 LocalHost (Using LRPC) (在應用程式容器 Unavailable SID (Unavailable) 中執行) 的使用者 NT AUTHORITY\\NETWORK SERVICE SID (S-1-5-20)。您可以使用元件服務系統管理工具修改此安全性權限。"
        }
      },
      {
        "_index" : "ids-2018-172.31.64.54",
        "_id" : "-PgfiY4B6U4O_9c5VaaH",
        "_score" : 0.0,
        "_source" : {
          "agent" : {
            "name" : "CHPIYR2",
            "id" : "60d66234-2dc5-408a-9a6e-a0a6278a7ae3",
            "type" : "winlogbeat",
            "ephemeral_id" : "a06e73b9-f1c1-4373-8054-f1bb7187bfa2",
            "version" : "8.11.3"
          },
          "@timestamp" : "2018-01-18T20:33:11.959Z",
          "winlog" : {
            "computer_name" : "DESKTOP-AN3U28N",
            "process" : {
              "pid" : 540,
              "thread" : {
                "id" : 4248
              }
            },
            "keywords" : [
              "傳統"
            ],
            "channel" : "System",
            "event_data" : {
              "param7" : "NT AUTHORITY\\SYSTEM",
              "param5" : "restart",
              "param3" : "No title for this reason could be found",
              "param4" : "0x8000000c",
              "param1" : "C:\\Program Files\\Amazon\\XenTools\\LiteAgent.exe (DESKTOP-AN3U28N)",
              "param2" : "DESKTOP-AN3U28N"
            },
            "opcode" : "Info",
            "record_id" : 1141,
            "task" : "None",
            "event_id" : "1074",
            "provider_guid" : "{b0aa8734-56f7-41cc-b2f4-de228e98b946}",
            "api" : "wineventlog",
            "provider_name" : "User32",
            "user" : {
              "identifier" : "S-1-5-18",
              "domain" : "NT AUTHORITY",
              "name" : "SYSTEM",
              "type" : "Well Known Group"
            }
          },
          "ecs" : {
            "version" : "8.0.0"
          },
          "log" : {
            "file" : {
              "path" : "D:\\AIXSOAR\\IDS_2018\\logs_2018-03-01\\DESKTOP-AN3U28N-172.31.64.54.evtx"
            },
            "level" : "資訊"
          },
          "host" : {
            "os" : {
              "type" : "windows",
              "family" : "windows"
            },
            "name" : "DESKTOP-AN3U28N"
          },
          "event" : {
            "ingested" : "2024-03-29T07:31:55.910522445Z",
            "code" : "1074",
            "provider" : "User32",
            "created" : "2024-03-29T07:31:55.716Z",
            "kind" : "event",
            "action" : "None"
          },
          "message" : "處理程序 C:\\Program Files\\Amazon\\XenTools\\LiteAgent.exe (DESKTOP-AN3U28N)已代表使用者 NT AUTHORITY\\SYSTEM，啟動電腦 DESKTOP-AN3U28N 的 restart，原因如下: No title for this reason could be found\n 理由代碼: 0x8000000c\n 關機類型: restart\n 註解: "
        }
      },
      {
        "_index" : "ids-2018-172.31.64.54",
        "_id" : "-fgfiY4B6U4O_9c5VaaH",
        "_score" : 0.0,
        "_source" : {
          "agent" : {
            "name" : "CHPIYR2",
            "id" : "60d66234-2dc5-408a-9a6e-a0a6278a7ae3",
            "ephemeral_id" : "a06e73b9-f1c1-4373-8054-f1bb7187bfa2",
            "type" : "winlogbeat",
            "version" : "8.11.3"
          },
          "@timestamp" : "2018-01-18T20:33:12.136Z",
          "winlog" : {
            "record_id" : 1142,
            "computer_name" : "DESKTOP-AN3U28N",
            "process" : {
              "pid" : 704,
              "thread" : {
                "id" : 2704
              }
            },
            "task" : "None",
            "event_id" : "7031",
            "keywords" : [
              "傳統"
            ],
            "provider_guid" : "{555908d1-a6d7-4695-8e1e-26931d2012f4}",
            "channel" : "System",
            "event_data" : {
              "param5" : "Restart the service",
              "Binary" : "4F006E006500530079006E0063005300760063005F00530065007300730069006F006E0032000000",
              "param3" : "10000",
              "param4" : "1",
              "param1" : "Sync Host_Session2",
              "param2" : "1"
            },
            "api" : "wineventlog",
            "provider_name" : "Service Control Manager",
            "opcode" : "Info"
          },
          "ecs" : {
            "version" : "8.0.0"
          },
          "log" : {
            "file" : {
              "path" : "D:\\AIXSOAR\\IDS_2018\\logs_2018-03-01\\DESKTOP-AN3U28N-172.31.64.54.evtx"
            },
            "level" : "錯誤"
          },
          "host" : {
            "os" : {
              "type" : "windows",
              "family" : "windows"
            },
            "name" : "DESKTOP-AN3U28N"
          },
          "event" : {
            "ingested" : "2024-03-29T07:31:55.910575202Z",
            "code" : "7031",
            "provider" : "Service Control Manager",
            "kind" : "event",
            "created" : "2024-03-29T07:31:55.716Z",
            "action" : "None"
          },
          "message" : "Sync Host_Session2 服務意外終止，服務曾完成這項動作 1 次。以下的修正操作將在 10000 毫秒內執行: Restart the service。"
        }
      },
      {
        "_index" : "ids-2018-172.31.64.54",
        "_id" : "-vgfiY4B6U4O_9c5VaaH",
        "_score" : 0.0,
        "_source" : {
          "agent" : {
            "name" : "CHPIYR2",
            "id" : "60d66234-2dc5-408a-9a6e-a0a6278a7ae3",
            "type" : "winlogbeat",
            "ephemeral_id" : "a06e73b9-f1c1-4373-8054-f1bb7187bfa2",
            "version" : "8.11.3"
          },
          "@timestamp" : "2018-01-18T20:33:12.645Z",
          "winlog" : {
            "computer_name" : "DESKTOP-AN3U28N",
            "process" : {
              "pid" : 1372,
              "thread" : {
                "id" : 2960
              }
            },
            "keywords" : [
              "ms:Telemetry"
            ],
            "channel" : "System",
            "event_data" : {
              "UserSid" : "S-1-5-21-913095808-1976597276-3100954228-500",
              "TSId" : "2"
            },
            "opcode" : "資訊",
            "record_id" : 1143,
            "task" : "WinSqmUserLogoff",
            "event_id" : "7002",
            "provider_guid" : "{dbe9b383-7cf3-4331-91cc-a3cb16a3b538}",
            "api" : "wineventlog",
            "provider_name" : "Microsoft-Windows-Winlogon",
            "user" : {
              "identifier" : "S-1-5-18",
              "domain" : "NT AUTHORITY",
              "name" : "SYSTEM",
              "type" : "Well Known Group"
            }
          },
          "ecs" : {
            "version" : "8.0.0"
          },
          "log" : {
            "file" : {
              "path" : "D:\\AIXSOAR\\IDS_2018\\logs_2018-03-01\\DESKTOP-AN3U28N-172.31.64.54.evtx"
            },
            "level" : "資訊"
          },
          "host" : {
            "os" : {
              "type" : "windows",
              "family" : "windows"
            },
            "name" : "DESKTOP-AN3U28N"
          },
          "event" : {
            "ingested" : "2024-03-29T07:31:55.910615853Z",
            "code" : "7002",
            "provider" : "Microsoft-Windows-Winlogon",
            "kind" : "event",
            "created" : "2024-03-29T07:31:55.716Z",
            "action" : "WinSqmUserLogoff"
          },
          "message" : "客戶經驗改進計畫的使用者登出通知"
        }
      },
      {
        "_index" : "ids-2018-172.31.64.54",
        "_id" : "-_gfiY4B6U4O_9c5VaaH",
        "_score" : 0.0,
        "_source" : {
          "agent" : {
            "name" : "CHPIYR2",
            "id" : "60d66234-2dc5-408a-9a6e-a0a6278a7ae3",
            "ephemeral_id" : "a06e73b9-f1c1-4373-8054-f1bb7187bfa2",
            "type" : "winlogbeat",
            "version" : "8.11.3"
          },
          "@timestamp" : "2018-01-18T20:33:13.000Z",
          "winlog" : {
            "computer_name" : "DESKTOP-AN3U28N",
            "record_id" : 1144,
            "event_id" : "6006",
            "task" : "None",
            "keywords" : [
              "傳統"
            ],
            "channel" : "System",
            "event_data" : {
              "Binary" : "0100000000000000"
            },
            "api" : "wineventlog",
            "provider_name" : "EventLog"
          },
          "ecs" : {
            "version" : "8.0.0"
          },
          "log" : {
            "file" : {
              "path" : "D:\\AIXSOAR\\IDS_2018\\logs_2018-03-01\\DESKTOP-AN3U28N-172.31.64.54.evtx"
            },
            "level" : "資訊"
          },
          "host" : {
            "os" : {
              "type" : "windows",
              "family" : "windows"
            },
            "name" : "DESKTOP-AN3U28N"
          },
          "message" : "事件記錄檔服務已中止。",
          "event" : {
            "ingested" : "2024-03-29T07:31:55.910640734Z",
            "code" : "6006",
            "provider" : "EventLog",
            "created" : "2024-03-29T07:31:55.716Z",
            "kind" : "event",
            "action" : "None"
          }
        }
      },
      {
        "_index" : "ids-2018-172.31.64.54",
        "_id" : "_PgfiY4B6U4O_9c5VaaH",
        "_score" : 0.0,
        "_source" : {
          "agent" : {
            "name" : "CHPIYR2",
            "id" : "60d66234-2dc5-408a-9a6e-a0a6278a7ae3",
            "type" : "winlogbeat",
            "ephemeral_id" : "a06e73b9-f1c1-4373-8054-f1bb7187bfa2",
            "version" : "8.11.3"
          },
          "@timestamp" : "2018-01-18T20:33:13.116Z",
          "winlog" : {
            "computer_name" : "DESKTOP-AN3U28N",
            "record_id" : 1145,
            "process" : {
              "pid" : 388,
              "thread" : {
                "id" : 1256
              }
            },
            "event_id" : "51047",
            "task" : "Service State Event",
            "provider_guid" : "{6a1f2b00-6a90-4c38-95a5-5cab3b056778}",
            "channel" : "System",
            "api" : "wineventlog",
            "event_data" : {
              "DwordVal" : "1"
            },
            "opcode" : "ServiceStop",
            "provider_name" : "Microsoft-Windows-DHCPv6-Client",
            "user" : {
              "identifier" : "S-1-5-19",
              "domain" : "NT AUTHORITY",
              "name" : "LOCAL SERVICE",
              "type" : "Well Known Group"
            }
          },
          "ecs" : {
            "version" : "8.0.0"
          },
          "log" : {
            "file" : {
              "path" : "D:\\AIXSOAR\\IDS_2018\\logs_2018-03-01\\DESKTOP-AN3U28N-172.31.64.54.evtx"
            },
            "level" : "資訊"
          },
          "host" : {
            "os" : {
              "type" : "windows",
              "family" : "windows"
            },
            "name" : "DESKTOP-AN3U28N"
          },
          "event" : {
            "ingested" : "2024-03-29T07:31:55.910685133Z",
            "code" : "51047",
            "provider" : "Microsoft-Windows-DHCPv6-Client",
            "kind" : "event",
            "created" : "2024-03-29T07:31:55.716Z",
            "action" : "Service State Event"
          },
          "message" : "DHCPv6 用戶端服務已停止。關機旗標值是 1"
        }
      },
      {
        "_index" : "ids-2018-172.31.64.54",
        "_id" : "_fgfiY4B6U4O_9c5VaaH",
        "_score" : 0.0,
        "_source" : {
          "agent" : {
            "name" : "CHPIYR2",
            "id" : "60d66234-2dc5-408a-9a6e-a0a6278a7ae3",
            "ephemeral_id" : "a06e73b9-f1c1-4373-8054-f1bb7187bfa2",
            "type" : "winlogbeat",
            "version" : "8.11.3"
          },
          "@timestamp" : "2018-01-18T20:33:13.117Z",
          "winlog" : {
            "computer_name" : "DESKTOP-AN3U28N",
            "record_id" : 1146,
            "process" : {
              "pid" : 388,
              "thread" : {
                "id" : 1248
              }
            },
            "event_id" : "50037",
            "task" : "服務狀態事件",
            "provider_guid" : "{15a7a4f8-0072-4eab-abad-f98a4d666aed}",
            "channel" : "System",
            "event_data" : {
              "DwordVal" : "1"
            },
            "api" : "wineventlog",
            "opcode" : "ServiceStop",
            "provider_name" : "Microsoft-Windows-Dhcp-Client",
            "user" : {
              "identifier" : "S-1-5-19",
              "domain" : "NT AUTHORITY",
              "name" : "LOCAL SERVICE",
              "type" : "Well Known Group"
            }
          },
          "ecs" : {
            "version" : "8.0.0"
          },
          "log" : {
            "file" : {
              "path" : "D:\\AIXSOAR\\IDS_2018\\logs_2018-03-01\\DESKTOP-AN3U28N-172.31.64.54.evtx"
            },
            "level" : "資訊"
          },
          "host" : {
            "os" : {
              "type" : "windows",
              "family" : "windows"
            },
            "name" : "DESKTOP-AN3U28N"
          },
          "event" : {
            "ingested" : "2024-03-29T07:31:55.910732016Z",
            "code" : "50037",
            "provider" : "Microsoft-Windows-Dhcp-Client",
            "created" : "2024-03-29T07:31:55.716Z",
            "kind" : "event",
            "action" : "服務狀態事件"
          },
          "message" : "DHCPv4 用戶端服務已停止。關機旗標值為 1"
        }
      },
      {
        "_index" : "ids-2018-172.31.64.54",
        "_id" : "_vgfiY4B6U4O_9c5VaaH",
        "_score" : 0.0,
        "_source" : {
          "agent" : {
            "name" : "CHPIYR2",
            "id" : "60d66234-2dc5-408a-9a6e-a0a6278a7ae3",
            "ephemeral_id" : "a06e73b9-f1c1-4373-8054-f1bb7187bfa2",
            "type" : "winlogbeat",
            "version" : "8.11.3"
          },
          "@timestamp" : "2018-01-18T20:33:54.000Z",
          "winlog" : {
            "computer_name" : "DESKTOP-AN3U28N",
            "record_id" : 1147,
            "task" : "None",
            "event_id" : "6009",
            "keywords" : [
              "傳統"
            ],
            "channel" : "System",
            "event_data" : {
              "param5" : "16384",
              "param4" : "Multiprocessor Free",
              "param1" : "10.00.",
              "param2" : "10240"
            },
            "api" : "wineventlog",
            "provider_name" : "EventLog"
          },
          "ecs" : {
            "version" : "8.0.0"
          },
          "log" : {
            "file" : {
              "path" : "D:\\AIXSOAR\\IDS_2018\\logs_2018-03-01\\DESKTOP-AN3U28N-172.31.64.54.evtx"
            },
            "level" : "資訊"
          },
          "host" : {
            "os" : {
              "type" : "windows",
              "family" : "windows"
            },
            "name" : "DESKTOP-AN3U28N"
          },
          "event" : {
            "ingested" : "2024-03-29T07:31:55.910778086Z",
            "code" : "6009",
            "provider" : "EventLog",
            "kind" : "event",
            "created" : "2024-03-29T07:31:55.716Z",
            "action" : "None"
          },
          "message" : "Microsoft (R) Windows (R) 10.00. 10240  Multiprocessor Free。"
        }
      },
      {
        "_index" : "ids-2018-172.31.64.54",
        "_id" : "__gfiY4B6U4O_9c5VaaH",
        "_score" : 0.0,
        "_source" : {
          "agent" : {
            "name" : "CHPIYR2",
            "id" : "60d66234-2dc5-408a-9a6e-a0a6278a7ae3",
            "ephemeral_id" : "a06e73b9-f1c1-4373-8054-f1bb7187bfa2",
            "type" : "winlogbeat",
            "version" : "8.11.3"
          },
          "@timestamp" : "2018-01-18T20:33:54.000Z",
          "winlog" : {
            "record_id" : 1148,
            "computer_name" : "DESKTOP-AN3U28N",
            "event_id" : "6005",
            "task" : "None",
            "keywords" : [
              "傳統"
            ],
            "channel" : "System",
            "api" : "wineventlog",
            "event_data" : {
              "Binary" : "E20701000400120014002100360018000000000000000000"
            },
            "provider_name" : "EventLog"
          },
          "ecs" : {
            "version" : "8.0.0"
          },
          "log" : {
            "file" : {
              "path" : "D:\\AIXSOAR\\IDS_2018\\logs_2018-03-01\\DESKTOP-AN3U28N-172.31.64.54.evtx"
            },
            "level" : "資訊"
          },
          "host" : {
            "os" : {
              "type" : "windows",
              "family" : "windows"
            },
            "name" : "DESKTOP-AN3U28N"
          },
          "event" : {
            "ingested" : "2024-03-29T07:31:55.910804984Z",
            "code" : "6005",
            "provider" : "EventLog",
            "created" : "2024-03-29T07:31:55.716Z",
            "kind" : "event",
            "action" : "None"
          },
          "message" : "事件記錄檔服務已啟動。"
        }
      },
      {
        "_index" : "ids-2018-172.31.64.54",
        "_id" : "APgfiY4B6U4O_9c5VaeH",
        "_score" : 0.0,
        "_ignored" : [
          "winlog.event_data.Binary.keyword"
        ],
        "_source" : {
          "agent" : {
            "name" : "CHPIYR2",
            "id" : "60d66234-2dc5-408a-9a6e-a0a6278a7ae3",
            "ephemeral_id" : "a06e73b9-f1c1-4373-8054-f1bb7187bfa2",
            "type" : "winlogbeat",
            "version" : "8.11.3"
          },
          "@timestamp" : "2018-01-18T20:33:54.000Z",
          "winlog" : {
            "record_id" : 1149,
            "computer_name" : "DESKTOP-AN3U28N",
            "event_id" : "6013",
            "task" : "None",
            "keywords" : [
              "傳統"
            ],
            "channel" : "System",
            "event_data" : {
              "param7" : "240 Atlantic Standard Time",
              "param5" : "14",
              "param6" : "60",
              "Binary" : "31002E003100000030000000570069006E0064006F00770073002000310030002000500072006F000000310030002E0030002E003100300032003400300020004200750069006C0064002000310030003200340030002000200000004D0075006C0074006900700072006F0063006500730073006F007200200046007200650065000000310030003200340030002E007400680031002E003100350030003700300039002D00310037003000300000003500610032003600620065003300630000004E006F007400200041007600610069006C00610062006C00650000004E006F007400200041007600610069006C00610062006C006500000039000000310000003100300032003400000034003000390000004400450053004B0054004F0050002D0041004E0033005500320038004E0000000000"
            },
            "api" : "wineventlog",
            "provider_name" : "EventLog"
          },
          "ecs" : {
            "version" : "8.0.0"
          },
          "log" : {
            "file" : {
              "path" : "D:\\AIXSOAR\\IDS_2018\\logs_2018-03-01\\DESKTOP-AN3U28N-172.31.64.54.evtx"
            },
            "level" : "資訊"
          },
          "host" : {
            "os" : {
              "type" : "windows",
              "family" : "windows"
            },
            "name" : "DESKTOP-AN3U28N"
          },
          "event" : {
            "ingested" : "2024-03-29T07:31:55.910828046Z",
            "code" : "6013",
            "provider" : "EventLog",
            "created" : "2024-03-29T07:31:55.716Z",
            "kind" : "event",
            "action" : "None"
          },
          "message" : "系統執行時間是 14 秒。"
        }
      },
      {
        "_index" : "ids-2018-172.31.64.54",
        "_id" : "AfgfiY4B6U4O_9c5VaeH",
        "_score" : 0.0,
        "_source" : {
          "agent" : {
            "name" : "CHPIYR2",
            "id" : "60d66234-2dc5-408a-9a6e-a0a6278a7ae3",
            "type" : "winlogbeat",
            "ephemeral_id" : "a06e73b9-f1c1-4373-8054-f1bb7187bfa2",
            "version" : "8.11.3"
          },
          "@timestamp" : "2018-01-18T20:33:18.064Z",
          "winlog" : {
            "computer_name" : "DESKTOP-AN3U28N",
            "record_id" : 1150,
            "process" : {
              "pid" : 600,
              "thread" : {
                "id" : 604
              }
            },
            "event_id" : "109",
            "task" : "ShutdownAction",
            "keywords" : [
              "ms:Telemetry",
              "po:Diagnostic"
            ],
            "provider_guid" : "{331c3b3a-2005-44c2-ac5e-77220c37d6b4}",
            "channel" : "System",
            "api" : "wineventlog",
            "event_data" : {
              "ShutdownActionType" : "5",
              "ShutdownEventCode" : "0",
              "ShutdownReason" : "5"
            },
            "provider_name" : "Microsoft-Windows-Kernel-Power",
            "opcode" : "資訊"
          },
          "ecs" : {
            "version" : "8.0.0"
          },
          "log" : {
            "file" : {
              "path" : "D:\\AIXSOAR\\IDS_2018\\logs_2018-03-01\\DESKTOP-AN3U28N-172.31.64.54.evtx"
            },
            "level" : "資訊"
          },
          "host" : {
            "os" : {
              "type" : "windows",
              "family" : "windows"
            },
            "name" : "DESKTOP-AN3U28N"
          },
          "event" : {
            "ingested" : "2024-03-29T07:31:55.910858838Z",
            "code" : "109",
            "provider" : "Microsoft-Windows-Kernel-Power",
            "created" : "2024-03-29T07:31:55.716Z",
            "kind" : "event",
            "action" : "ShutdownAction"
          },
          "message" : "核心電源管理員已起始關機轉換。\n\n動作： Power Action Reboot \n事件代碼： 0x0 \n原因： Kernel API"
        }
      },
      {
        "_index" : "ids-2018-172.31.64.54",
        "_id" : "AvgfiY4B6U4O_9c5Vaem",
        "_score" : 0.0,
        "_source" : {
          "agent" : {
            "name" : "CHPIYR2",
            "id" : "60d66234-2dc5-408a-9a6e-a0a6278a7ae3",
            "ephemeral_id" : "a06e73b9-f1c1-4373-8054-f1bb7187bfa2",
            "type" : "winlogbeat",
            "version" : "8.11.3"
          },
          "@timestamp" : "2018-01-18T20:33:18.611Z",
          "winlog" : {
            "record_id" : 1151,
            "computer_name" : "DESKTOP-AN3U28N",
            "process" : {
              "pid" : 4,
              "thread" : {
                "id" : 2832
              }
            },
            "task" : "None",
            "event_id" : "13",
            "provider_guid" : "{a68ca8b7-004f-d7b6-a698-07e2de0f1f5d}",
            "channel" : "System",
            "event_data" : {
              "StopTime" : "2018-01-18T20:33:18.6119300Z"
            },
            "api" : "wineventlog",
            "opcode" : "資訊",
            "provider_name" : "Microsoft-Windows-Kernel-General"
          },
          "ecs" : {
            "version" : "8.0.0"
          },
          "log" : {
            "file" : {
              "path" : "D:\\AIXSOAR\\IDS_2018\\logs_2018-03-01\\DESKTOP-AN3U28N-172.31.64.54.evtx"
            },
            "level" : "資訊"
          },
          "host" : {
            "os" : {
              "type" : "windows",
              "family" : "windows"
            },
            "name" : "DESKTOP-AN3U28N"
          },
          "message" : "作業系統已經在系統時間 ‎2018‎-‎01‎-‎18T20:33:18.611930000Z 關閉。",
          "event" : {
            "ingested" : "2024-03-29T07:31:55.937617471Z",
            "code" : "13",
            "provider" : "Microsoft-Windows-Kernel-General",
            "created" : "2024-03-29T07:31:55.716Z",
            "kind" : "event",
            "action" : "None"
          }
        }
      },
      {
        "_index" : "ids-2018-172.31.64.54",
        "_id" : "A_gfiY4B6U4O_9c5Vaem",
        "_score" : 0.0,
        "_source" : {
          "agent" : {
            "name" : "CHPIYR2",
            "id" : "60d66234-2dc5-408a-9a6e-a0a6278a7ae3",
            "ephemeral_id" : "a06e73b9-f1c1-4373-8054-f1bb7187bfa2",
            "type" : "winlogbeat",
            "version" : "8.11.3"
          },
          "@timestamp" : "2018-01-18T20:33:39.687Z",
          "winlog" : {
            "computer_name" : "DESKTOP-AN3U28N",
            "record_id" : 1152,
            "process" : {
              "pid" : 4,
              "thread" : {
                "id" : 8
              }
            },
            "event_id" : "12",
            "task" : "None",
            "provider_guid" : "{a68ca8b7-004f-d7b6-a698-07e2de0f1f5d}",
            "channel" : "System",
            "api" : "wineventlog",
            "event_data" : {
              "MajorVersion" : "10",
              "BootMode" : "0",
              "StartTime" : "2018-01-18T20:33:39.4968364Z",
              "MinorVersion" : "0",
              "BuildVersion" : "10240",
              "ServiceVersion" : "0",
              "QfeVersion" : "16384"
            },
            "opcode" : "資訊",
            "provider_name" : "Microsoft-Windows-Kernel-General",
            "user" : {
              "identifier" : "S-1-5-18",
              "domain" : "NT AUTHORITY",
              "name" : "SYSTEM",
              "type" : "Well Known Group"
            }
          },
          "ecs" : {
            "version" : "8.0.0"
          },
          "log" : {
            "file" : {
              "path" : "D:\\AIXSOAR\\IDS_2018\\logs_2018-03-01\\DESKTOP-AN3U28N-172.31.64.54.evtx"
            },
            "level" : "資訊"
          },
          "host" : {
            "os" : {
              "type" : "windows",
              "family" : "windows"
            },
            "name" : "DESKTOP-AN3U28N"
          },
          "event" : {
            "ingested" : "2024-03-29T07:31:55.937783007Z",
            "code" : "12",
            "provider" : "Microsoft-Windows-Kernel-General",
            "created" : "2024-03-29T07:31:55.716Z",
            "kind" : "event",
            "action" : "None"
          },
          "message" : "作業系統已經在系統時間 ‎2018‎-‎01‎-‎18T20:33:39.496836400Z 啟動。"
        }
      },
      {
        "_index" : "ids-2018-172.31.64.54",
        "_id" : "BPgfiY4B6U4O_9c5Vaem",
        "_score" : 0.0,
        "_source" : {
          "agent" : {
            "name" : "CHPIYR2",
            "id" : "60d66234-2dc5-408a-9a6e-a0a6278a7ae3",
            "ephemeral_id" : "a06e73b9-f1c1-4373-8054-f1bb7187bfa2",
            "type" : "winlogbeat",
            "version" : "8.11.3"
          },
          "@timestamp" : "2018-01-18T20:33:39.687Z",
          "winlog" : {
            "record_id" : 1153,
            "computer_name" : "DESKTOP-AN3U28N",
            "process" : {
              "pid" : 4,
              "thread" : {
                "id" : 8
              }
            },
            "task" : "None",
            "event_id" : "20",
            "provider_guid" : "{15ca44ff-4d7a-4baa-bba5-0998955e531e}",
            "channel" : "System",
            "event_data" : {
              "LastBootGood" : "true",
              "LastShutdownGood" : "true"
            },
            "api" : "wineventlog",
            "provider_name" : "Microsoft-Windows-Kernel-Boot",
            "opcode" : "資訊",
            "user" : {
              "identifier" : "S-1-5-18",
              "domain" : "NT AUTHORITY",
              "name" : "SYSTEM",
              "type" : "Well Known Group"
            }
          },
          "ecs" : {
            "version" : "8.0.0"
          },
          "log" : {
            "file" : {
              "path" : "D:\\AIXSOAR\\IDS_2018\\logs_2018-03-01\\DESKTOP-AN3U28N-172.31.64.54.evtx"
            },
            "level" : "資訊"
          },
          "host" : {
            "os" : {
              "type" : "windows",
              "family" : "windows"
            },
            "name" : "DESKTOP-AN3U28N"
          },
          "message" : "上次關機的成功狀態為 true。上次開機的成功狀態為 true。",
          "event" : {
            "ingested" : "2024-03-29T07:31:55.937856232Z",
            "code" : "20",
            "provider" : "Microsoft-Windows-Kernel-Boot",
            "kind" : "event",
            "created" : "2024-03-29T07:31:55.716Z",
            "action" : "None"
          }
        }
      },
      {
        "_index" : "ids-2018-172.31.64.54",
        "_id" : "BfgfiY4B6U4O_9c5Vaem",
        "_score" : 0.0,
        "_source" : {
          "agent" : {
            "name" : "CHPIYR2",
            "id" : "60d66234-2dc5-408a-9a6e-a0a6278a7ae3",
            "type" : "winlogbeat",
            "ephemeral_id" : "a06e73b9-f1c1-4373-8054-f1bb7187bfa2",
            "version" : "8.11.3"
          },
          "@timestamp" : "2018-01-18T20:33:39.687Z",
          "winlog" : {
            "record_id" : 1154,
            "computer_name" : "DESKTOP-AN3U28N",
            "process" : {
              "pid" : 4,
              "thread" : {
                "id" : 8
              }
            },
            "task" : "None",
            "event_id" : "27",
            "provider_guid" : "{15ca44ff-4d7a-4baa-bba5-0998955e531e}",
            "channel" : "System",
            "event_data" : {
              "BootType" : "0"
            },
            "api" : "wineventlog",
            "opcode" : "資訊",
            "provider_name" : "Microsoft-Windows-Kernel-Boot",
            "user" : {
              "identifier" : "S-1-5-18",
              "domain" : "NT AUTHORITY",
              "name" : "SYSTEM",
              "type" : "Well Known Group"
            }
          },
          "ecs" : {
            "version" : "8.0.0"
          },
          "log" : {
            "file" : {
              "path" : "D:\\AIXSOAR\\IDS_2018\\logs_2018-03-01\\DESKTOP-AN3U28N-172.31.64.54.evtx"
            },
            "level" : "資訊"
          },
          "host" : {
            "os" : {
              "type" : "windows",
              "family" : "windows"
            },
            "name" : "DESKTOP-AN3U28N"
          },
          "event" : {
            "ingested" : "2024-03-29T07:31:55.937916183Z",
            "code" : "27",
            "provider" : "Microsoft-Windows-Kernel-Boot",
            "kind" : "event",
            "created" : "2024-03-29T07:31:55.716Z",
            "action" : "None"
          },
          "message" : "開機類型為 0x0。"
        }
      },
      {
        "_index" : "ids-2018-172.31.64.54",
        "_id" : "BvgfiY4B6U4O_9c5Vaem",
        "_score" : 0.0,
        "_source" : {
          "agent" : {
            "name" : "CHPIYR2",
            "id" : "60d66234-2dc5-408a-9a6e-a0a6278a7ae3",
            "type" : "winlogbeat",
            "ephemeral_id" : "a06e73b9-f1c1-4373-8054-f1bb7187bfa2",
            "version" : "8.11.3"
          },
          "@timestamp" : "2018-01-18T20:33:39.687Z",
          "winlog" : {
            "record_id" : 1155,
            "computer_name" : "DESKTOP-AN3U28N",
            "process" : {
              "pid" : 4,
              "thread" : {
                "id" : 8
              }
            },
            "task" : "None",
            "event_id" : "25",
            "provider_guid" : "{15ca44ff-4d7a-4baa-bba5-0998955e531e}",
            "channel" : "System",
            "api" : "wineventlog",
            "event_data" : {
              "BootMenuPolicy" : "1"
            },
            "provider_name" : "Microsoft-Windows-Kernel-Boot",
            "opcode" : "資訊",
            "user" : {
              "identifier" : "S-1-5-18",
              "domain" : "NT AUTHORITY",
              "name" : "SYSTEM",
              "type" : "Well Known Group"
            }
          },
          "ecs" : {
            "version" : "8.0.0"
          },
          "log" : {
            "file" : {
              "path" : "D:\\AIXSOAR\\IDS_2018\\logs_2018-03-01\\DESKTOP-AN3U28N-172.31.64.54.evtx"
            },
            "level" : "資訊"
          },
          "host" : {
            "os" : {
              "type" : "windows",
              "family" : "windows"
            },
            "name" : "DESKTOP-AN3U28N"
          },
          "event" : {
            "ingested" : "2024-03-29T07:31:55.937972360Z",
            "code" : "25",
            "provider" : "Microsoft-Windows-Kernel-Boot",
            "kind" : "event",
            "created" : "2024-03-29T07:31:55.716Z",
            "action" : "None"
          },
          "message" : "開機功能表原則為 0x1。"
        }
      },
      {
        "_index" : "ids-2018-172.31.64.54",
        "_id" : "B_gfiY4B6U4O_9c5Vaem",
        "_score" : 0.0,
        "_source" : {
          "agent" : {
            "name" : "CHPIYR2",
            "id" : "60d66234-2dc5-408a-9a6e-a0a6278a7ae3",
            "ephemeral_id" : "a06e73b9-f1c1-4373-8054-f1bb7187bfa2",
            "type" : "winlogbeat",
            "version" : "8.11.3"
          },
          "@timestamp" : "2018-01-18T20:33:39.687Z",
          "winlog" : {
            "record_id" : 1156,
            "computer_name" : "DESKTOP-AN3U28N",
            "process" : {
              "pid" : 4,
              "thread" : {
                "id" : 8
              }
            },
            "event_id" : "18",
            "task" : "None",
            "provider_guid" : "{15ca44ff-4d7a-4baa-bba5-0998955e531e}",
            "channel" : "System",
            "api" : "wineventlog",
            "event_data" : {
              "EntryCount" : "1"
            },
            "provider_name" : "Microsoft-Windows-Kernel-Boot",
            "opcode" : "資訊",
            "user" : {
              "identifier" : "S-1-5-18",
              "domain" : "NT AUTHORITY",
              "name" : "SYSTEM",
              "type" : "Well Known Group"
            }
          },
          "ecs" : {
            "version" : "8.0.0"
          },
          "log" : {
            "file" : {
              "path" : "D:\\AIXSOAR\\IDS_2018\\logs_2018-03-01\\DESKTOP-AN3U28N-172.31.64.54.evtx"
            },
            "level" : "資訊"
          },
          "host" : {
            "os" : {
              "type" : "windows",
              "family" : "windows"
            },
            "name" : "DESKTOP-AN3U28N"
          },
          "message" : "此系統上有 0x1 個開機選項。",
          "event" : {
            "ingested" : "2024-03-29T07:31:55.938024993Z",
            "code" : "18",
            "provider" : "Microsoft-Windows-Kernel-Boot",
            "created" : "2024-03-29T07:31:55.716Z",
            "kind" : "event",
            "action" : "None"
          }
        }
      },
      {
        "_index" : "ids-2018-172.31.64.54",
        "_id" : "CPgfiY4B6U4O_9c5Vaem",
        "_score" : 0.0,
        "_source" : {
          "agent" : {
            "name" : "CHPIYR2",
            "id" : "60d66234-2dc5-408a-9a6e-a0a6278a7ae3",
            "ephemeral_id" : "a06e73b9-f1c1-4373-8054-f1bb7187bfa2",
            "type" : "winlogbeat",
            "version" : "8.11.3"
          },
          "@timestamp" : "2018-01-18T20:33:39.687Z",
          "winlog" : {
            "computer_name" : "DESKTOP-AN3U28N",
            "record_id" : 1157,
            "process" : {
              "pid" : 4,
              "thread" : {
                "id" : 8
              }
            },
            "event_id" : "32",
            "task" : "None",
            "provider_guid" : "{15ca44ff-4d7a-4baa-bba5-0998955e531e}",
            "channel" : "System",
            "api" : "wineventlog",
            "event_data" : {
              "BitlockerUserInputTime" : "0"
            },
            "provider_name" : "Microsoft-Windows-Kernel-Boot",
            "opcode" : "資訊",
            "user" : {
              "identifier" : "S-1-5-18",
              "domain" : "NT AUTHORITY",
              "name" : "SYSTEM",
              "type" : "Well Known Group"
            }
          },
          "ecs" : {
            "version" : "8.0.0"
          },
          "log" : {
            "file" : {
              "path" : "D:\\AIXSOAR\\IDS_2018\\logs_2018-03-01\\DESKTOP-AN3U28N-172.31.64.54.evtx"
            },
            "level" : "資訊"
          },
          "host" : {
            "os" : {
              "type" : "windows",
              "family" : "windows"
            },
            "name" : "DESKTOP-AN3U28N"
          },
          "event" : {
            "ingested" : "2024-03-29T07:31:55.938076017Z",
            "code" : "32",
            "provider" : "Microsoft-Windows-Kernel-Boot",
            "created" : "2024-03-29T07:31:55.716Z",
            "kind" : "event",
            "action" : "None"
          },
          "message" : "bootmgr 花了 0 毫秒的時間等候使用者輸入。"
        }
      },
      {
        "_index" : "ids-2018-172.31.64.54",
        "_id" : "CfgfiY4B6U4O_9c5Vaem",
        "_score" : 0.0,
        "_source" : {
          "agent" : {
            "name" : "CHPIYR2",
            "id" : "60d66234-2dc5-408a-9a6e-a0a6278a7ae3",
            "ephemeral_id" : "a06e73b9-f1c1-4373-8054-f1bb7187bfa2",
            "type" : "winlogbeat",
            "version" : "8.11.3"
          },
          "@timestamp" : "2018-01-18T20:33:43.312Z",
          "winlog" : {
            "computer_name" : "DESKTOP-AN3U28N",
            "process" : {
              "pid" : 4,
              "thread" : {
                "id" : 8
              }
            },
            "channel" : "System",
            "event_data" : {
              "ExtraInfoLength" : "192",
              "DeviceVersionMinor" : "0",
              "DeviceTime" : "2015-07-09T23:14:57.0000000Z",
              "ExtraInfoString" : "{ \"flags\" : \"0x00000010\" , \"registration_version\" : \"0x00000203\" , \"tx\" : false , \"sections\" : false , \"frame\" : 0 , \"class_name\" : \"FSFilter Bottom\" , \"instances\" : [[\"45000\",\"0x00000000\"]] }",
              "DeviceVersionMajor" : "10",
              "DeviceNameLength" : "8",
              "FinalStatus" : "0x0",
              "FilterID" : "{02000000-0001-0000-3061-d1a19b90d301}",
              "DeviceName" : "FileInfo"
            },
            "opcode" : "資訊",
            "version" : 1,
            "record_id" : 1158,
            "event_id" : "6",
            "task" : "None",
            "provider_guid" : "{f3c5e28e-63f6-49c7-a204-e48a1bc4b09d}",
            "api" : "wineventlog",
            "provider_name" : "Microsoft-Windows-FilterManager",
            "user" : {
              "identifier" : "S-1-5-18",
              "domain" : "NT AUTHORITY",
              "name" : "SYSTEM",
              "type" : "Well Known Group"
            }
          },
          "ecs" : {
            "version" : "8.0.0"
          },
          "log" : {
            "file" : {
              "path" : "D:\\AIXSOAR\\IDS_2018\\logs_2018-03-01\\DESKTOP-AN3U28N-172.31.64.54.evtx"
            },
            "level" : "資訊"
          },
          "host" : {
            "os" : {
              "type" : "windows",
              "family" : "windows"
            },
            "name" : "DESKTOP-AN3U28N"
          },
          "event" : {
            "ingested" : "2024-03-29T07:31:55.938139691Z",
            "code" : "6",
            "provider" : "Microsoft-Windows-FilterManager",
            "kind" : "event",
            "created" : "2024-03-29T07:31:55.716Z",
            "action" : "None"
          }
        }
      },
