      {
        "_index" : "ids-2018-172.31.64.54",
        "_id" : "zPgfiY4B6U4O_9c56rvn",
        "_score" : 0.0,
        "_source" : {
          "agent" : {
            "name" : "CHPIYR2",
            "id" : "60d66234-2dc5-408a-9a6e-a0a6278a7ae3",
            "type" : "winlogbeat",
            "ephemeral_id" : "6a77f265-064f-4f9a-b644-2b115b221d8a",
            "version" : "8.11.3"
          },
          "@timestamp" : "2018-02-22T12:21:53.061Z",
          "winlog" : {
            "computer_name" : "DESKTOP-AN3U28N",
            "process" : {
              "pid" : 4,
              "thread" : {
                "id" : 8
              }
            },
            "channel" : "System",
            "event_data" : {
              "ExtraInfoLength" : "183",
              "DeviceVersionMinor" : "0",
              "DeviceTime" : "2015-07-09T23:14:31.0000000Z",
              "ExtraInfoString" : "{ \"flags\" : \"0x00000008\" , \"registration_version\" : \"0x00000203\" , \"tx\" : false , \"sections\" : false , \"frame\" : 0 , \"class_name\" : \"(null)\" , \"instances\" : [[\"46000\",\"0x00000000\"]] }",
              "DeviceVersionMajor" : "10",
              "DeviceNameLength" : "9",
              "FilterID" : "{02000000-0006-0000-a0bf-cbb8d7abd301}",
              "FinalStatus" : "0x0",
              "DeviceName" : "npsvctrig"
            },
            "opcode" : "資訊",
            "version" : 1,
            "record_id" : 3014,
            "task" : "None",
            "event_id" : "6",
            "provider_guid" : "{f3c5e28e-63f6-49c7-a204-e48a1bc4b09d}",
            "api" : "wineventlog",
            "provider_name" : "Microsoft-Windows-FilterManager",
            "user" : {
              "identifier" : "S-1-5-18",
              "domain" : "NT AUTHORITY",
              "name" : "SYSTEM",
              "type" : "Well Known Group"
            }
          },
          "ecs" : {
            "version" : "8.0.0"
          },
          "log" : {
            "file" : {
              "path" : "D:\\AIXSOAR\\IDS_2018\\logs_2018-03-02\\DESKTOP-AN3U28N-172.31.64.54.evtx"
            },
            "level" : "資訊"
          },
          "host" : {
            "os" : {
              "type" : "windows",
              "family" : "windows"
            },
            "name" : "DESKTOP-AN3U28N"
          },
          "event" : {
            "ingested" : "2024-03-29T07:32:34.150017689Z",
            "code" : "6",
            "provider" : "Microsoft-Windows-FilterManager",
            "created" : "2024-03-29T07:32:34.115Z",
            "kind" : "event",
            "action" : "None"
          }
        }
      },
      {
        "_index" : "ids-2018-172.31.64.54",
        "_id" : "zfgfiY4B6U4O_9c56rvn",
        "_score" : 0.0,
        "_source" : {
          "agent" : {
            "name" : "CHPIYR2",
            "id" : "60d66234-2dc5-408a-9a6e-a0a6278a7ae3",
            "type" : "winlogbeat",
            "ephemeral_id" : "6a77f265-064f-4f9a-b644-2b115b221d8a",
            "version" : "8.11.3"
          },
          "@timestamp" : "2018-02-22T12:21:53.134Z",
          "winlog" : {
            "record_id" : 3015,
            "computer_name" : "DESKTOP-AN3U28N",
            "process" : {
              "pid" : 4,
              "thread" : {
                "id" : 396
              }
            },
            "event_id" : "55",
            "task" : "Summary2",
            "provider_guid" : "{0f67e49f-fe51-4e9f-b490-6f2948cc6027}",
            "channel" : "System",
            "api" : "wineventlog",
            "event_data" : {
              "Group" : "0",
              "Number" : "0",
              "MaximumPerformancePercent" : "100",
              "MinimumThrottlePercent" : "100",
              "MinimumPerformancePercent" : "100",
              "IdleImplementation" : "1",
              "NominalFrequency" : "2400",
              "IdleStateCount" : "1",
              "PerformanceImplementation" : "0"
            },
            "provider_name" : "Microsoft-Windows-Kernel-Processor-Power",
            "opcode" : "資訊",
            "user" : {
              "identifier" : "S-1-5-18",
              "domain" : "NT AUTHORITY",
              "name" : "SYSTEM",
              "type" : "Well Known Group"
            }
          },
          "ecs" : {
            "version" : "8.0.0"
          },
          "log" : {
            "file" : {
              "path" : "D:\\AIXSOAR\\IDS_2018\\logs_2018-03-02\\DESKTOP-AN3U28N-172.31.64.54.evtx"
            },
            "level" : "資訊"
          },
          "host" : {
            "os" : {
              "type" : "windows",
              "family" : "windows"
            },
            "name" : "DESKTOP-AN3U28N"
          },
          "event" : {
            "ingested" : "2024-03-29T07:32:34.150048135Z",
            "code" : "55",
            "provider" : "Microsoft-Windows-Kernel-Processor-Power",
            "kind" : "event",
            "created" : "2024-03-29T07:32:34.115Z",
            "action" : "Summary2"
          },
          "message" : "群組 0 中的處理器 0 公開下列電源管理功能:\n\n閒置狀態類型: ACPI 閒置 (C) 狀態 (1 狀態)\n\n效能狀態類型: 無\n額定頻率 (MHz): 2400\n最大效能百分比: 100\n最小效能百分比: 100\n最小節流百分比: 100"
        }
      },
      {
        "_index" : "ids-2018-172.31.64.54",
        "_id" : "zvgfiY4B6U4O_9c56rvn",
        "_score" : 0.0,
        "_source" : {
          "agent" : {
            "name" : "CHPIYR2",
            "id" : "60d66234-2dc5-408a-9a6e-a0a6278a7ae3",
            "ephemeral_id" : "6a77f265-064f-4f9a-b644-2b115b221d8a",
            "type" : "winlogbeat",
            "version" : "8.11.3"
          },
          "@timestamp" : "2018-02-22T12:21:55.914Z",
          "winlog" : {
            "computer_name" : "DESKTOP-AN3U28N",
            "process" : {
              "pid" : 4,
              "thread" : {
                "id" : 192
              }
            },
            "keywords" : [
              "VolumeCorruptionActionStateChange"
            ],
            "channel" : "System",
            "event_data" : {
              "DriveName" : "\\\\?\\Volume{4a6ec97e-0000-0000-0000-100000000000}",
              "CorruptionActionState" : "0",
              "DeviceName" : "\\Device\\HarddiskVolume1"
            },
            "opcode" : "資訊",
            "record_id" : 3016,
            "event_id" : "98",
            "task" : "None",
            "provider_guid" : "{3ff37a1c-a68d-4d6e-8c9b-f79e8b16c482}",
            "api" : "wineventlog",
            "provider_name" : "Microsoft-Windows-Ntfs",
            "user" : {
              "identifier" : "S-1-5-18",
              "domain" : "NT AUTHORITY",
              "name" : "SYSTEM",
              "type" : "Well Known Group"
            }
          },
          "ecs" : {
            "version" : "8.0.0"
          },
          "log" : {
            "file" : {
              "path" : "D:\\AIXSOAR\\IDS_2018\\logs_2018-03-02\\DESKTOP-AN3U28N-172.31.64.54.evtx"
            },
            "level" : "資訊"
          },
          "host" : {
            "os" : {
              "type" : "windows",
              "family" : "windows"
            },
            "name" : "DESKTOP-AN3U28N"
          },
          "event" : {
            "ingested" : "2024-03-29T07:32:34.150077248Z",
            "code" : "98",
            "provider" : "Microsoft-Windows-Ntfs",
            "created" : "2024-03-29T07:32:34.115Z",
            "kind" : "event",
            "action" : "None"
          },
          "message" : "磁碟區 \\\\?\\Volume{4a6ec97e-0000-0000-0000-100000000000} (\\Device\\HarddiskVolume1) 的健康情況良好。不需要採取任何動作。"
        }
      },
      {
        "_index" : "ids-2018-172.31.64.54",
        "_id" : "z_gfiY4B6U4O_9c56rvn",
        "_score" : 0.0,
        "_source" : {
          "agent" : {
            "name" : "CHPIYR2",
            "id" : "60d66234-2dc5-408a-9a6e-a0a6278a7ae3",
            "ephemeral_id" : "6a77f265-064f-4f9a-b644-2b115b221d8a",
            "type" : "winlogbeat",
            "version" : "8.11.3"
          },
          "@timestamp" : "2018-02-22T12:21:57.596Z",
          "winlog" : {
            "computer_name" : "DESKTOP-AN3U28N",
            "process" : {
              "pid" : 4,
              "thread" : {
                "id" : 396
              }
            },
            "channel" : "System",
            "event_data" : {
              "ExtraInfoLength" : "201",
              "DeviceVersionMinor" : "0",
              "DeviceTime" : "2015-07-09T23:14:34.0000000Z",
              "ExtraInfoString" : "{ \"flags\" : \"0x00000014\" , \"registration_version\" : \"0x00000203\" , \"tx\" : false , \"sections\" : false , \"frame\" : 0 , \"class_name\" : \"FSFilter Virtualization\" , \"instances\" : [[\"135000\",\"0x00000000\"]] }",
              "DeviceVersionMajor" : "10",
              "DeviceNameLength" : "5",
              "FinalStatus" : "0x0",
              "FilterID" : "{02000000-0007-0000-7625-7fbbd7abd301}",
              "DeviceName" : "luafv"
            },
            "opcode" : "資訊",
            "version" : 1,
            "record_id" : 3017,
            "task" : "None",
            "event_id" : "6",
            "provider_guid" : "{f3c5e28e-63f6-49c7-a204-e48a1bc4b09d}",
            "api" : "wineventlog",
            "provider_name" : "Microsoft-Windows-FilterManager",
            "user" : {
              "identifier" : "S-1-5-18",
              "domain" : "NT AUTHORITY",
              "name" : "SYSTEM",
              "type" : "Well Known Group"
            }
          },
          "ecs" : {
            "version" : "8.0.0"
          },
          "log" : {
            "file" : {
              "path" : "D:\\AIXSOAR\\IDS_2018\\logs_2018-03-02\\DESKTOP-AN3U28N-172.31.64.54.evtx"
            },
            "level" : "資訊"
          },
          "host" : {
            "os" : {
              "type" : "windows",
              "family" : "windows"
            },
            "name" : "DESKTOP-AN3U28N"
          },
          "event" : {
            "ingested" : "2024-03-29T07:32:34.150105147Z",
            "code" : "6",
            "provider" : "Microsoft-Windows-FilterManager",
            "created" : "2024-03-29T07:32:34.116Z",
            "kind" : "event",
            "action" : "None"
          }
        }
      },
      {
        "_index" : "ids-2018-172.31.64.54",
        "_id" : "0PgfiY4B6U4O_9c56rvn",
        "_score" : 0.0,
        "_source" : {
          "agent" : {
            "name" : "CHPIYR2",
            "id" : "60d66234-2dc5-408a-9a6e-a0a6278a7ae3",
            "type" : "winlogbeat",
            "ephemeral_id" : "6a77f265-064f-4f9a-b644-2b115b221d8a",
            "version" : "8.11.3"
          },
          "@timestamp" : "2018-02-22T12:21:57.598Z",
          "winlog" : {
            "computer_name" : "DESKTOP-AN3U28N",
            "process" : {
              "pid" : 4,
              "thread" : {
                "id" : 396
              }
            },
            "channel" : "System",
            "event_data" : {
              "ExtraInfoLength" : "203",
              "DeviceVersionMinor" : "0",
              "DeviceTime" : "2015-07-09T23:17:31.0000000Z",
              "ExtraInfoString" : "{ \"flags\" : \"0x00000000\" , \"registration_version\" : \"0x00000203\" , \"tx\" : false , \"sections\" : false , \"frame\" : 0 , \"class_name\" : \"FSFilter Quota Management\" , \"instances\" : [[\"244000\",\"0x00000000\"]] }",
              "DeviceVersionMajor" : "10",
              "DeviceNameLength" : "10",
              "FinalStatus" : "0x0",
              "FilterID" : "{02000000-0008-0000-7625-7fbbd7abd301}",
              "DeviceName" : "storqosflt"
            },
            "opcode" : "資訊",
            "version" : 1,
            "record_id" : 3018,
            "event_id" : "6",
            "task" : "None",
            "provider_guid" : "{f3c5e28e-63f6-49c7-a204-e48a1bc4b09d}",
            "api" : "wineventlog",
            "provider_name" : "Microsoft-Windows-FilterManager",
            "user" : {
              "identifier" : "S-1-5-18",
              "domain" : "NT AUTHORITY",
              "name" : "SYSTEM",
              "type" : "Well Known Group"
            }
          },
          "ecs" : {
            "version" : "8.0.0"
          },
          "log" : {
            "file" : {
              "path" : "D:\\AIXSOAR\\IDS_2018\\logs_2018-03-02\\DESKTOP-AN3U28N-172.31.64.54.evtx"
            },
            "level" : "資訊"
          },
          "host" : {
            "os" : {
              "type" : "windows",
              "family" : "windows"
            },
            "name" : "DESKTOP-AN3U28N"
          },
          "event" : {
            "ingested" : "2024-03-29T07:32:34.150131930Z",
            "code" : "6",
            "provider" : "Microsoft-Windows-FilterManager",
            "created" : "2024-03-29T07:32:34.116Z",
            "kind" : "event",
            "action" : "None"
          }
        }
      },
      {
        "_index" : "ids-2018-172.31.64.54",
        "_id" : "0fgfiY4B6U4O_9c56rvn",
        "_score" : 0.0,
        "_source" : {
          "agent" : {
            "name" : "CHPIYR2",
            "id" : "60d66234-2dc5-408a-9a6e-a0a6278a7ae3",
            "type" : "winlogbeat",
            "ephemeral_id" : "6a77f265-064f-4f9a-b644-2b115b221d8a",
            "version" : "8.11.3"
          },
          "@timestamp" : "2018-02-22T12:21:57.910Z",
          "winlog" : {
            "computer_name" : "DESKTOP-AN3U28N",
            "record_id" : 3019,
            "process" : {
              "pid" : 452,
              "thread" : {
                "id" : 1304
              }
            },
            "event_id" : "50036",
            "task" : "服務狀態事件",
            "provider_guid" : "{15a7a4f8-0072-4eab-abad-f98a4d666aed}",
            "channel" : "System",
            "api" : "wineventlog",
            "opcode" : "ServiceStart",
            "provider_name" : "Microsoft-Windows-Dhcp-Client",
            "user" : {
              "identifier" : "S-1-5-19",
              "domain" : "NT AUTHORITY",
              "name" : "LOCAL SERVICE",
              "type" : "Well Known Group"
            }
          },
          "ecs" : {
            "version" : "8.0.0"
          },
          "log" : {
            "file" : {
              "path" : "D:\\AIXSOAR\\IDS_2018\\logs_2018-03-02\\DESKTOP-AN3U28N-172.31.64.54.evtx"
            },
            "level" : "資訊"
          },
          "host" : {
            "os" : {
              "type" : "windows",
              "family" : "windows"
            },
            "name" : "DESKTOP-AN3U28N"
          },
          "event" : {
            "ingested" : "2024-03-29T07:32:34.150156244Z",
            "code" : "50036",
            "provider" : "Microsoft-Windows-Dhcp-Client",
            "created" : "2024-03-29T07:32:34.116Z",
            "kind" : "event",
            "action" : "服務狀態事件"
          },
          "message" : "DHCPv4 用戶端服務已啟動"
        }
      },
      {
        "_index" : "ids-2018-172.31.64.54",
        "_id" : "0vgfiY4B6U4O_9c56rvn",
        "_score" : 0.0,
        "_source" : {
          "agent" : {
            "name" : "CHPIYR2",
            "id" : "60d66234-2dc5-408a-9a6e-a0a6278a7ae3",
            "type" : "winlogbeat",
            "ephemeral_id" : "6a77f265-064f-4f9a-b644-2b115b221d8a",
            "version" : "8.11.3"
          },
          "@timestamp" : "2018-02-22T12:21:57.928Z",
          "winlog" : {
            "record_id" : 3020,
            "computer_name" : "DESKTOP-AN3U28N",
            "process" : {
              "pid" : 452,
              "thread" : {
                "id" : 1332
              }
            },
            "task" : "Service State Event",
            "event_id" : "51046",
            "provider_guid" : "{6a1f2b00-6a90-4c38-95a5-5cab3b056778}",
            "channel" : "System",
            "api" : "wineventlog",
            "provider_name" : "Microsoft-Windows-DHCPv6-Client",
            "opcode" : "ServiceStart",
            "user" : {
              "identifier" : "S-1-5-19",
              "domain" : "NT AUTHORITY",
              "name" : "LOCAL SERVICE",
              "type" : "Well Known Group"
            }
          },
          "ecs" : {
            "version" : "8.0.0"
          },
          "log" : {
            "file" : {
              "path" : "D:\\AIXSOAR\\IDS_2018\\logs_2018-03-02\\DESKTOP-AN3U28N-172.31.64.54.evtx"
            },
            "level" : "資訊"
          },
          "host" : {
            "os" : {
              "type" : "windows",
              "family" : "windows"
            },
            "name" : "DESKTOP-AN3U28N"
          },
          "event" : {
            "ingested" : "2024-03-29T07:32:34.150179164Z",
            "code" : "51046",
            "provider" : "Microsoft-Windows-DHCPv6-Client",
            "created" : "2024-03-29T07:32:34.116Z",
            "kind" : "event",
            "action" : "Service State Event"
          },
          "message" : "DHCPv6 用戶端服務已啟動"
        }
      },
      {
        "_index" : "ids-2018-172.31.64.54",
        "_id" : "0_gfiY4B6U4O_9c56rvn",
        "_score" : 0.0,
        "_source" : {
          "agent" : {
            "name" : "CHPIYR2",
            "id" : "60d66234-2dc5-408a-9a6e-a0a6278a7ae3",
            "ephemeral_id" : "6a77f265-064f-4f9a-b644-2b115b221d8a",
            "type" : "winlogbeat",
            "version" : "8.11.3"
          },
          "@timestamp" : "2018-02-22T12:21:58.169Z",
          "winlog" : {
            "record_id" : 3021,
            "computer_name" : "DESKTOP-AN3U28N",
            "process" : {
              "pid" : 900,
              "thread" : {
                "id" : 1248
              }
            },
            "task" : "Task Misconfiguration",
            "event_id" : "414",
            "provider_guid" : "{de7b24ea-73c8-4a09-985d-5bdadcfa9017}",
            "channel" : "System",
            "event_data" : {
              "TaskName" : "NT TASK\\Microsoft\\Windows\\rempl\\shell-unlock-sih",
              "Parameter" : "%ProgramFiles%\\rempl\\remsh.exe"
            },
            "api" : "wineventlog",
            "opcode" : "資訊",
            "provider_name" : "Microsoft-Windows-TaskScheduler",
            "user" : {
              "identifier" : "S-1-5-18",
              "domain" : "NT AUTHORITY",
              "name" : "SYSTEM",
              "type" : "Well Known Group"
            }
          },
          "ecs" : {
            "version" : "8.0.0"
          },
          "log" : {
            "file" : {
              "path" : "D:\\AIXSOAR\\IDS_2018\\logs_2018-03-02\\DESKTOP-AN3U28N-172.31.64.54.evtx"
            },
            "level" : "警告"
          },
          "host" : {
            "os" : {
              "type" : "windows",
              "family" : "windows"
            },
            "name" : "DESKTOP-AN3U28N"
          },
          "message" : "工作排程器服務在 NT TASK\\Microsoft\\Windows\\rempl\\shell-unlock-sih 定義中找到設定錯誤。其他資料: 錯誤值: %ProgramFiles%\\rempl\\remsh.exe。",
          "event" : {
            "ingested" : "2024-03-29T07:32:34.150203505Z",
            "code" : "414",
            "provider" : "Microsoft-Windows-TaskScheduler",
            "created" : "2024-03-29T07:32:34.116Z",
            "kind" : "event",
            "action" : "Task Misconfiguration"
          }
        }
      },
      {
        "_index" : "ids-2018-172.31.64.54",
        "_id" : "1PgfiY4B6U4O_9c56rvn",
        "_score" : 0.0,
        "_source" : {
          "agent" : {
            "name" : "CHPIYR2",
            "id" : "60d66234-2dc5-408a-9a6e-a0a6278a7ae3",
            "type" : "winlogbeat",
            "ephemeral_id" : "6a77f265-064f-4f9a-b644-2b115b221d8a",
            "version" : "8.11.3"
          },
          "@timestamp" : "2018-02-22T12:21:58.175Z",
          "winlog" : {
            "computer_name" : "DESKTOP-AN3U28N",
            "record_id" : 3022,
            "process" : {
              "pid" : 900,
              "thread" : {
                "id" : 1248
              }
            },
            "event_id" : "414",
            "task" : "Task Misconfiguration",
            "provider_guid" : "{de7b24ea-73c8-4a09-985d-5bdadcfa9017}",
            "channel" : "System",
            "api" : "wineventlog",
            "event_data" : {
              "TaskName" : "NT TASK\\OneDrive Standalone Update Task-S-1-5-21-913095808-1976597276-3100954228-1001",
              "Parameter" : "%localappdata%\\Microsoft\\OneDrive\\OneDriveStandaloneUpdater.exe"
            },
            "opcode" : "資訊",
            "provider_name" : "Microsoft-Windows-TaskScheduler",
            "user" : {
              "identifier" : "S-1-5-18",
              "domain" : "NT AUTHORITY",
              "name" : "SYSTEM",
              "type" : "Well Known Group"
            }
          },
          "ecs" : {
            "version" : "8.0.0"
          },
          "log" : {
            "file" : {
              "path" : "D:\\AIXSOAR\\IDS_2018\\logs_2018-03-02\\DESKTOP-AN3U28N-172.31.64.54.evtx"
            },
            "level" : "警告"
          },
          "host" : {
            "os" : {
              "type" : "windows",
              "family" : "windows"
            },
            "name" : "DESKTOP-AN3U28N"
          },
          "event" : {
            "ingested" : "2024-03-29T07:32:34.150230035Z",
            "code" : "414",
            "provider" : "Microsoft-Windows-TaskScheduler",
            "created" : "2024-03-29T07:32:34.116Z",
            "kind" : "event",
            "action" : "Task Misconfiguration"
          },
          "message" : "工作排程器服務在 NT TASK\\OneDrive Standalone Update Task-S-1-5-21-913095808-1976597276-3100954228-1001 定義中找到設定錯誤。其他資料: 錯誤值: %localappdata%\\Microsoft\\OneDrive\\OneDriveStandaloneUpdater.exe。"
        }
      },
      {
        "_index" : "ids-2018-172.31.64.54",
        "_id" : "1fgfiY4B6U4O_9c56rvn",
        "_score" : 0.0,
        "_source" : {
          "agent" : {
            "name" : "CHPIYR2",
            "id" : "60d66234-2dc5-408a-9a6e-a0a6278a7ae3",
            "type" : "winlogbeat",
            "ephemeral_id" : "6a77f265-064f-4f9a-b644-2b115b221d8a",
            "version" : "8.11.3"
          },
          "@timestamp" : "2018-02-22T12:21:58.190Z",
          "winlog" : {
            "record_id" : 3023,
            "computer_name" : "DESKTOP-AN3U28N",
            "process" : {
              "pid" : 900,
              "thread" : {
                "id" : 1248
              }
            },
            "task" : "Task Misconfiguration",
            "event_id" : "414",
            "provider_guid" : "{de7b24ea-73c8-4a09-985d-5bdadcfa9017}",
            "channel" : "System",
            "event_data" : {
              "TaskName" : "NT TASK\\Microsoft\\Windows\\rempl\\shell-compact",
              "Parameter" : "%ProgramFiles%\\rempl\\remsh.exe"
            },
            "api" : "wineventlog",
            "provider_name" : "Microsoft-Windows-TaskScheduler",
            "opcode" : "資訊",
            "user" : {
              "identifier" : "S-1-5-18",
              "domain" : "NT AUTHORITY",
              "name" : "SYSTEM",
              "type" : "Well Known Group"
            }
          },
          "ecs" : {
            "version" : "8.0.0"
          },
          "log" : {
            "file" : {
              "path" : "D:\\AIXSOAR\\IDS_2018\\logs_2018-03-02\\DESKTOP-AN3U28N-172.31.64.54.evtx"
            },
            "level" : "警告"
          },
          "host" : {
            "os" : {
              "type" : "windows",
              "family" : "windows"
            },
            "name" : "DESKTOP-AN3U28N"
          },
          "event" : {
            "ingested" : "2024-03-29T07:32:34.150255858Z",
            "code" : "414",
            "provider" : "Microsoft-Windows-TaskScheduler",
            "kind" : "event",
            "created" : "2024-03-29T07:32:34.116Z",
            "action" : "Task Misconfiguration"
          },
          "message" : "工作排程器服務在 NT TASK\\Microsoft\\Windows\\rempl\\shell-compact 定義中找到設定錯誤。其他資料: 錯誤值: %ProgramFiles%\\rempl\\remsh.exe。"
        }
      },
      {
        "_index" : "ids-2018-172.31.64.54",
        "_id" : "1vgfiY4B6U4O_9c56rvn",
        "_score" : 0.0,
        "_source" : {
          "agent" : {
            "name" : "CHPIYR2",
            "id" : "60d66234-2dc5-408a-9a6e-a0a6278a7ae3",
            "ephemeral_id" : "6a77f265-064f-4f9a-b644-2b115b221d8a",
            "type" : "winlogbeat",
            "version" : "8.11.3"
          },
          "@timestamp" : "2018-02-22T12:21:58.230Z",
          "winlog" : {
            "record_id" : 3024,
            "computer_name" : "DESKTOP-AN3U28N",
            "process" : {
              "pid" : 900,
              "thread" : {
                "id" : 1248
              }
            },
            "event_id" : "414",
            "task" : "Task Misconfiguration",
            "provider_guid" : "{de7b24ea-73c8-4a09-985d-5bdadcfa9017}",
            "channel" : "System",
            "event_data" : {
              "TaskName" : "NT TASK\\Microsoft\\Windows\\rempl\\shell-restore",
              "Parameter" : "%ProgramFiles%\\rempl\\remsh.exe"
            },
            "api" : "wineventlog",
            "opcode" : "資訊",
            "provider_name" : "Microsoft-Windows-TaskScheduler",
            "user" : {
              "identifier" : "S-1-5-18",
              "domain" : "NT AUTHORITY",
              "name" : "SYSTEM",
              "type" : "Well Known Group"
            }
          },
          "ecs" : {
            "version" : "8.0.0"
          },
          "log" : {
            "file" : {
              "path" : "D:\\AIXSOAR\\IDS_2018\\logs_2018-03-02\\DESKTOP-AN3U28N-172.31.64.54.evtx"
            },
            "level" : "警告"
          },
          "host" : {
            "os" : {
              "type" : "windows",
              "family" : "windows"
            },
            "name" : "DESKTOP-AN3U28N"
          },
          "event" : {
            "ingested" : "2024-03-29T07:32:34.150281356Z",
            "code" : "414",
            "provider" : "Microsoft-Windows-TaskScheduler",
            "kind" : "event",
            "created" : "2024-03-29T07:32:34.116Z",
            "action" : "Task Misconfiguration"
          },
          "message" : "工作排程器服務在 NT TASK\\Microsoft\\Windows\\rempl\\shell-restore 定義中找到設定錯誤。其他資料: 錯誤值: %ProgramFiles%\\rempl\\remsh.exe。"
        }
      },
      {
        "_index" : "ids-2018-172.31.64.54",
        "_id" : "1_gfiY4B6U4O_9c56rvn",
        "_score" : 0.0,
        "_source" : {
          "agent" : {
            "name" : "CHPIYR2",
            "id" : "60d66234-2dc5-408a-9a6e-a0a6278a7ae3",
            "ephemeral_id" : "6a77f265-064f-4f9a-b644-2b115b221d8a",
            "type" : "winlogbeat",
            "version" : "8.11.3"
          },
          "@timestamp" : "2018-02-22T12:21:58.231Z",
          "winlog" : {
            "record_id" : 3025,
            "computer_name" : "DESKTOP-AN3U28N",
            "process" : {
              "pid" : 900,
              "thread" : {
                "id" : 1248
              }
            },
            "task" : "Task Misconfiguration",
            "event_id" : "414",
            "provider_guid" : "{de7b24ea-73c8-4a09-985d-5bdadcfa9017}",
            "channel" : "System",
            "event_data" : {
              "TaskName" : "NT TASK\\Microsoft\\Windows\\rempl\\shell",
              "Parameter" : "%ProgramFiles%\\rempl\\remsh.exe"
            },
            "api" : "wineventlog",
            "opcode" : "資訊",
            "provider_name" : "Microsoft-Windows-TaskScheduler",
            "user" : {
              "identifier" : "S-1-5-18",
              "domain" : "NT AUTHORITY",
              "name" : "SYSTEM",
              "type" : "Well Known Group"
            }
          },
          "ecs" : {
            "version" : "8.0.0"
          },
          "log" : {
            "file" : {
              "path" : "D:\\AIXSOAR\\IDS_2018\\logs_2018-03-02\\DESKTOP-AN3U28N-172.31.64.54.evtx"
            },
            "level" : "警告"
          },
          "host" : {
            "os" : {
              "type" : "windows",
              "family" : "windows"
            },
            "name" : "DESKTOP-AN3U28N"
          },
          "message" : "工作排程器服務在 NT TASK\\Microsoft\\Windows\\rempl\\shell 定義中找到設定錯誤。其他資料: 錯誤值: %ProgramFiles%\\rempl\\remsh.exe。",
          "event" : {
            "ingested" : "2024-03-29T07:32:34.150306004Z",
            "code" : "414",
            "provider" : "Microsoft-Windows-TaskScheduler",
            "created" : "2024-03-29T07:32:34.116Z",
            "kind" : "event",
            "action" : "Task Misconfiguration"
          }
        }
      },
      {
        "_index" : "ids-2018-172.31.64.54",
        "_id" : "2PgfiY4B6U4O_9c56rvn",
        "_score" : 0.0,
        "_source" : {
          "agent" : {
            "name" : "CHPIYR2",
            "id" : "60d66234-2dc5-408a-9a6e-a0a6278a7ae3",
            "type" : "winlogbeat",
            "ephemeral_id" : "6a77f265-064f-4f9a-b644-2b115b221d8a",
            "version" : "8.11.3"
          },
          "@timestamp" : "2018-02-22T12:21:58.236Z",
          "winlog" : {
            "computer_name" : "DESKTOP-AN3U28N",
            "record_id" : 3026,
            "process" : {
              "pid" : 900,
              "thread" : {
                "id" : 1248
              }
            },
            "task" : "Task Misconfiguration",
            "event_id" : "414",
            "provider_guid" : "{de7b24ea-73c8-4a09-985d-5bdadcfa9017}",
            "channel" : "System",
            "api" : "wineventlog",
            "event_data" : {
              "TaskName" : "NT TASK\\Microsoft\\Windows\\rempl\\shell-unlock",
              "Parameter" : "%ProgramFiles%\\rempl\\remsh.exe"
            },
            "provider_name" : "Microsoft-Windows-TaskScheduler",
            "opcode" : "資訊",
            "user" : {
              "identifier" : "S-1-5-18",
              "domain" : "NT AUTHORITY",
              "name" : "SYSTEM",
              "type" : "Well Known Group"
            }
          },
          "ecs" : {
            "version" : "8.0.0"
          },
          "log" : {
            "file" : {
              "path" : "D:\\AIXSOAR\\IDS_2018\\logs_2018-03-02\\DESKTOP-AN3U28N-172.31.64.54.evtx"
            },
            "level" : "警告"
          },
          "host" : {
            "os" : {
              "type" : "windows",
              "family" : "windows"
            },
            "name" : "DESKTOP-AN3U28N"
          },
          "message" : "工作排程器服務在 NT TASK\\Microsoft\\Windows\\rempl\\shell-unlock 定義中找到設定錯誤。其他資料: 錯誤值: %ProgramFiles%\\rempl\\remsh.exe。",
          "event" : {
            "ingested" : "2024-03-29T07:32:34.150330254Z",
            "code" : "414",
            "provider" : "Microsoft-Windows-TaskScheduler",
            "created" : "2024-03-29T07:32:34.116Z",
            "kind" : "event",
            "action" : "Task Misconfiguration"
          }
        }
      },
      {
        "_index" : "ids-2018-172.31.64.54",
        "_id" : "2fgfiY4B6U4O_9c56rvn",
        "_score" : 0.0,
        "_source" : {
          "agent" : {
            "name" : "CHPIYR2",
            "id" : "60d66234-2dc5-408a-9a6e-a0a6278a7ae3",
            "type" : "winlogbeat",
            "ephemeral_id" : "6a77f265-064f-4f9a-b644-2b115b221d8a",
            "version" : "8.11.3"
          },
          "@timestamp" : "2018-02-22T12:21:58.269Z",
          "winlog" : {
            "record_id" : 3027,
            "computer_name" : "DESKTOP-AN3U28N",
            "process" : {
              "pid" : 900,
              "thread" : {
                "id" : 1248
              }
            },
            "event_id" : "414",
            "task" : "Task Misconfiguration",
            "provider_guid" : "{de7b24ea-73c8-4a09-985d-5bdadcfa9017}",
            "channel" : "System",
            "event_data" : {
              "TaskName" : "NT TASK\\Microsoft\\Windows\\rempl\\shell-unlock-storagesense",
              "Parameter" : "%ProgramFiles%\\rempl\\remsh.exe"
            },
            "api" : "wineventlog",
            "provider_name" : "Microsoft-Windows-TaskScheduler",
            "opcode" : "資訊",
            "user" : {
              "identifier" : "S-1-5-18",
              "domain" : "NT AUTHORITY",
              "name" : "SYSTEM",
              "type" : "Well Known Group"
            }
          },
          "ecs" : {
            "version" : "8.0.0"
          },
          "log" : {
            "file" : {
              "path" : "D:\\AIXSOAR\\IDS_2018\\logs_2018-03-02\\DESKTOP-AN3U28N-172.31.64.54.evtx"
            },
            "level" : "警告"
          },
          "host" : {
            "os" : {
              "type" : "windows",
              "family" : "windows"
            },
            "name" : "DESKTOP-AN3U28N"
          },
          "event" : {
            "ingested" : "2024-03-29T07:32:34.150354421Z",
            "code" : "414",
            "provider" : "Microsoft-Windows-TaskScheduler",
            "kind" : "event",
            "created" : "2024-03-29T07:32:34.116Z",
            "action" : "Task Misconfiguration"
          },
          "message" : "工作排程器服務在 NT TASK\\Microsoft\\Windows\\rempl\\shell-unlock-storagesense 定義中找到設定錯誤。其他資料: 錯誤值: %ProgramFiles%\\rempl\\remsh.exe。"
        }
      },
      {
        "_index" : "ids-2018-172.31.64.54",
        "_id" : "2vgfiY4B6U4O_9c56rvn",
        "_score" : 0.0,
        "_source" : {
          "agent" : {
            "name" : "CHPIYR2",
            "id" : "60d66234-2dc5-408a-9a6e-a0a6278a7ae3",
            "type" : "winlogbeat",
            "ephemeral_id" : "6a77f265-064f-4f9a-b644-2b115b221d8a",
            "version" : "8.11.3"
          },
          "@timestamp" : "2018-02-22T12:21:58.271Z",
          "winlog" : {
            "record_id" : 3028,
            "computer_name" : "DESKTOP-AN3U28N",
            "process" : {
              "pid" : 900,
              "thread" : {
                "id" : 1248
              }
            },
            "event_id" : "414",
            "task" : "Task Misconfiguration",
            "provider_guid" : "{de7b24ea-73c8-4a09-985d-5bdadcfa9017}",
            "channel" : "System",
            "api" : "wineventlog",
            "event_data" : {
              "TaskName" : "NT TASK\\OneDrive Standalone Update Task-S-1-5-21-913095808-1976597276-3100954228-1002",
              "Parameter" : "%localappdata%\\Microsoft\\OneDrive\\OneDriveStandaloneUpdater.exe"
            },
            "provider_name" : "Microsoft-Windows-TaskScheduler",
            "opcode" : "資訊",
            "user" : {
              "identifier" : "S-1-5-18",
              "domain" : "NT AUTHORITY",
              "name" : "SYSTEM",
              "type" : "Well Known Group"
            }
          },
          "ecs" : {
            "version" : "8.0.0"
          },
          "log" : {
            "file" : {
              "path" : "D:\\AIXSOAR\\IDS_2018\\logs_2018-03-02\\DESKTOP-AN3U28N-172.31.64.54.evtx"
            },
            "level" : "警告"
          },
          "host" : {
            "os" : {
              "type" : "windows",
              "family" : "windows"
            },
            "name" : "DESKTOP-AN3U28N"
          },
          "event" : {
            "ingested" : "2024-03-29T07:32:34.150379131Z",
            "code" : "414",
            "provider" : "Microsoft-Windows-TaskScheduler",
            "created" : "2024-03-29T07:32:34.116Z",
            "kind" : "event",
            "action" : "Task Misconfiguration"
          },
          "message" : "工作排程器服務在 NT TASK\\OneDrive Standalone Update Task-S-1-5-21-913095808-1976597276-3100954228-1002 定義中找到設定錯誤。其他資料: 錯誤值: %localappdata%\\Microsoft\\OneDrive\\OneDriveStandaloneUpdater.exe。"
        }
      },
      {
        "_index" : "ids-2018-172.31.64.54",
        "_id" : "2_gfiY4B6U4O_9c56rvn",
        "_score" : 0.0,
        "_source" : {
          "agent" : {
            "name" : "CHPIYR2",
            "id" : "60d66234-2dc5-408a-9a6e-a0a6278a7ae3",
            "type" : "winlogbeat",
            "ephemeral_id" : "6a77f265-064f-4f9a-b644-2b115b221d8a",
            "version" : "8.11.3"
          },
          "@timestamp" : "2018-02-22T12:22:01.231Z",
          "winlog" : {
            "computer_name" : "DESKTOP-AN3U28N",
            "record_id" : 3029,
            "process" : {
              "pid" : 684,
              "thread" : {
                "id" : 688
              }
            },
            "event_id" : "7026",
            "task" : "None",
            "keywords" : [
              "傳統"
            ],
            "provider_guid" : "{555908d1-a6d7-4695-8e1e-26931d2012f4}",
            "channel" : "System",
            "event_data" : {
              "param1" : "\ncdrom\ndam"
            },
            "api" : "wineventlog",
            "opcode" : "Info",
            "provider_name" : "Service Control Manager"
          },
          "ecs" : {
            "version" : "8.0.0"
          },
          "log" : {
            "file" : {
              "path" : "D:\\AIXSOAR\\IDS_2018\\logs_2018-03-02\\DESKTOP-AN3U28N-172.31.64.54.evtx"
            },
            "level" : "資訊"
          },
          "host" : {
            "os" : {
              "type" : "windows",
              "family" : "windows"
            },
            "name" : "DESKTOP-AN3U28N"
          },
          "event" : {
            "ingested" : "2024-03-29T07:32:34.150403909Z",
            "code" : "7026",
            "provider" : "Service Control Manager",
            "created" : "2024-03-29T07:32:34.116Z",
            "kind" : "event",
            "action" : "None"
          },
          "message" : "下列開機啟動或系統啟動驅動程式未載入: \ncdrom\ndam"
        }
      },
      {
        "_index" : "ids-2018-172.31.64.54",
        "_id" : "3PgfiY4B6U4O_9c56rvn",
        "_score" : 0.0,
        "_source" : {
          "agent" : {
            "name" : "CHPIYR2",
            "id" : "60d66234-2dc5-408a-9a6e-a0a6278a7ae3",
            "type" : "winlogbeat",
            "ephemeral_id" : "6a77f265-064f-4f9a-b644-2b115b221d8a",
            "version" : "8.11.3"
          },
          "@timestamp" : "2018-02-22T12:22:02.473Z",
          "winlog" : {
            "computer_name" : "DESKTOP-AN3U28N",
            "process" : {
              "pid" : 660,
              "thread" : {
                "id" : 896
              }
            },
            "keywords" : [
              "ms:Telemetry"
            ],
            "channel" : "System",
            "event_data" : {
              "UserSid" : "S-1-5-21-913095808-1976597276-3100954228-500",
              "TSId" : "1"
            },
            "opcode" : "資訊",
            "record_id" : 3030,
            "event_id" : "7001",
            "task" : "WinSqmUserLogin",
            "provider_guid" : "{dbe9b383-7cf3-4331-91cc-a3cb16a3b538}",
            "api" : "wineventlog",
            "provider_name" : "Microsoft-Windows-Winlogon",
            "user" : {
              "identifier" : "S-1-5-18",
              "domain" : "NT AUTHORITY",
              "name" : "SYSTEM",
              "type" : "Well Known Group"
            }
          },
          "ecs" : {
            "version" : "8.0.0"
          },
          "log" : {
            "file" : {
              "path" : "D:\\AIXSOAR\\IDS_2018\\logs_2018-03-02\\DESKTOP-AN3U28N-172.31.64.54.evtx"
            },
            "level" : "資訊"
          },
          "host" : {
            "os" : {
              "type" : "windows",
              "family" : "windows"
            },
            "name" : "DESKTOP-AN3U28N"
          },
          "event" : {
            "ingested" : "2024-03-29T07:32:34.150428940Z",
            "code" : "7001",
            "provider" : "Microsoft-Windows-Winlogon",
            "created" : "2024-03-29T07:32:34.116Z",
            "kind" : "event",
            "action" : "WinSqmUserLogin"
          },
          "message" : "客戶經驗改進計畫的使用者登入通知"
        }
      },
      {
        "_index" : "ids-2018-172.31.64.54",
        "_id" : "3fgfiY4B6U4O_9c56rvn",
        "_score" : 0.0,
        "_source" : {
          "agent" : {
            "name" : "CHPIYR2",
            "id" : "60d66234-2dc5-408a-9a6e-a0a6278a7ae3",
            "type" : "winlogbeat",
            "ephemeral_id" : "6a77f265-064f-4f9a-b644-2b115b221d8a",
            "version" : "8.11.3"
          },
          "@timestamp" : "2018-02-22T12:27:37.171Z",
          "winlog" : {
            "computer_name" : "DESKTOP-AN3U28N",
            "process" : {
              "pid" : 900,
              "thread" : {
                "id" : 2716
              }
            },
            "keywords" : [
              "下載",
              "已開始"
            ],
            "channel" : "System",
            "event_data" : {
              "updateRevisionNumber" : "200",
              "updateGuid" : "{e995f554-d400-4b8f-a96f-b1d27e0d3f1a}",
              "updateTitle" : "Definition Update for Windows Defender Antivirus - KB2267602 (Definition 1.261.1503.0)"
            },
            "opcode" : "下載",
            "version" : 1,
            "record_id" : 3031,
            "event_id" : "44",
            "task" : "Windows Update 代理程式",
            "provider_guid" : "{945a8954-c147-4acd-923f-40c45405a658}",
            "api" : "wineventlog",
            "provider_name" : "Microsoft-Windows-WindowsUpdateClient",
            "user" : {
              "identifier" : "S-1-5-18",
              "domain" : "NT AUTHORITY",
              "name" : "SYSTEM",
              "type" : "Well Known Group"
            }
          },
          "ecs" : {
            "version" : "8.0.0"
          },
          "log" : {
            "file" : {
              "path" : "D:\\AIXSOAR\\IDS_2018\\logs_2018-03-02\\DESKTOP-AN3U28N-172.31.64.54.evtx"
            },
            "level" : "資訊"
          },
          "host" : {
            "os" : {
              "type" : "windows",
              "family" : "windows"
            },
            "name" : "DESKTOP-AN3U28N"
          },
          "event" : {
            "ingested" : "2024-03-29T07:32:34.150456749Z",
            "code" : "44",
            "provider" : "Microsoft-Windows-WindowsUpdateClient",
            "created" : "2024-03-29T07:32:34.116Z",
            "kind" : "event",
            "action" : "Windows Update 代理程式"
          },
          "message" : "Windows Update 已開始下載更新。"
        }
      },
      {
        "_index" : "ids-2018-172.31.64.54",
        "_id" : "3vgfiY4B6U4O_9c56rvn",
        "_score" : 0.0,
        "_source" : {
          "agent" : {
            "name" : "CHPIYR2",
            "id" : "60d66234-2dc5-408a-9a6e-a0a6278a7ae3",
            "type" : "winlogbeat",
            "ephemeral_id" : "6a77f265-064f-4f9a-b644-2b115b221d8a",
            "version" : "8.11.3"
          },
          "@timestamp" : "2018-02-22T12:32:13.536Z",
          "winlog" : {
            "computer_name" : "DESKTOP-AN3U28N",
            "process" : {
              "pid" : 900,
              "thread" : {
                "id" : 2716
              }
            },
            "keywords" : [
              "安裝",
              "已開始"
            ],
            "channel" : "System",
            "event_data" : {
              "updateRevisionNumber" : "200",
              "updateGuid" : "{e995f554-d400-4b8f-a96f-b1d27e0d3f1a}",
              "updateTitle" : "Definition Update for Windows Defender Antivirus - KB2267602 (Definition 1.261.1503.0)"
            },
            "opcode" : "安裝",
            "version" : 1,
            "record_id" : 3032,
            "event_id" : "43",
            "task" : "Windows Update 代理程式",
            "provider_guid" : "{945a8954-c147-4acd-923f-40c45405a658}",
            "api" : "wineventlog",
            "provider_name" : "Microsoft-Windows-WindowsUpdateClient",
            "user" : {
              "identifier" : "S-1-5-18",
              "domain" : "NT AUTHORITY",
              "name" : "SYSTEM",
              "type" : "Well Known Group"
            }
          },
          "ecs" : {
            "version" : "8.0.0"
          },
          "log" : {
            "file" : {
              "path" : "D:\\AIXSOAR\\IDS_2018\\logs_2018-03-02\\DESKTOP-AN3U28N-172.31.64.54.evtx"
            },
            "level" : "資訊"
          },
          "host" : {
            "os" : {
              "type" : "windows",
              "family" : "windows"
            },
            "name" : "DESKTOP-AN3U28N"
          },
          "message" : "已開始安裝: Windows 已開始安裝下列更新: Definition Update for Windows Defender Antivirus - KB2267602 (Definition 1.261.1503.0)",
          "event" : {
            "ingested" : "2024-03-29T07:32:34.150483929Z",
            "code" : "43",
            "provider" : "Microsoft-Windows-WindowsUpdateClient",
            "kind" : "event",
            "created" : "2024-03-29T07:32:34.116Z",
            "action" : "Windows Update 代理程式"
          }
        }
      },
      {
        "_index" : "ids-2018-172.31.64.54",
        "_id" : "3_gfiY4B6U4O_9c56rvn",
        "_score" : 0.0,
        "_source" : {
          "agent" : {
            "name" : "CHPIYR2",
            "id" : "60d66234-2dc5-408a-9a6e-a0a6278a7ae3",
            "type" : "winlogbeat",
            "ephemeral_id" : "6a77f265-064f-4f9a-b644-2b115b221d8a",
            "version" : "8.11.3"
          },
          "@timestamp" : "2018-02-22T12:33:10.696Z",
          "winlog" : {
            "computer_name" : "DESKTOP-AN3U28N",
            "process" : {
              "pid" : 900,
              "thread" : {
                "id" : 2716
              }
            },
            "keywords" : [
              "安裝",
              "成功"
            ],
            "channel" : "System",
            "event_data" : {
              "updateRevisionNumber" : "200",
              "updateGuid" : "{e995f554-d400-4b8f-a96f-b1d27e0d3f1a}",
              "serviceGuid" : "{9482f4b4-e343-43b6-b170-9a65bc822c77}",
              "updateTitle" : "Definition Update for Windows Defender Antivirus - KB2267602 (Definition 1.261.1503.0)"
            },
            "opcode" : "安裝",
            "version" : 1,
            "record_id" : 3033,
            "task" : "Windows Update 代理程式",
            "event_id" : "19",
            "provider_guid" : "{945a8954-c147-4acd-923f-40c45405a658}",
            "api" : "wineventlog",
            "provider_name" : "Microsoft-Windows-WindowsUpdateClient",
            "user" : {
              "identifier" : "S-1-5-18",
              "domain" : "NT AUTHORITY",
              "name" : "SYSTEM",
              "type" : "Well Known Group"
            }
          },
          "ecs" : {
            "version" : "8.0.0"
          },
          "log" : {
            "file" : {
              "path" : "D:\\AIXSOAR\\IDS_2018\\logs_2018-03-02\\DESKTOP-AN3U28N-172.31.64.54.evtx"
            },
            "level" : "資訊"
          },
          "host" : {
            "os" : {
              "type" : "windows",
              "family" : "windows"
            },
            "name" : "DESKTOP-AN3U28N"
          },
          "event" : {
            "ingested" : "2024-03-29T07:32:34.150516656Z",
            "code" : "19",
            "provider" : "Microsoft-Windows-WindowsUpdateClient",
            "kind" : "event",
            "created" : "2024-03-29T07:32:34.116Z",
            "action" : "Windows Update 代理程式"
          },
          "message" : "安裝成功: Windows 已順利安裝下列更新: Definition Update for Windows Defender Antivirus - KB2267602 (Definition 1.261.1503.0)"
        }
      },
