      {
        "_index" : "ids-2018-172.31.64.54",
        "_id" : "w_gfiY4B6U4O_9c56bmi",
        "_score" : 0.0,
        "_source" : {
          "agent" : {
            "name" : "CHPIYR2",
            "id" : "60d66234-2dc5-408a-9a6e-a0a6278a7ae3",
            "ephemeral_id" : "6a77f265-064f-4f9a-b644-2b115b221d8a",
            "type" : "winlogbeat",
            "version" : "8.11.3"
          },
          "@timestamp" : "2018-02-10T13:21:36.278Z",
          "winlog" : {
            "record_id" : 2493,
            "computer_name" : "DESKTOP-AN3U28N",
            "process" : {
              "pid" : 388,
              "thread" : {
                "id" : 1264
              }
            },
            "event_id" : "50036",
            "task" : "服務狀態事件",
            "provider_guid" : "{15a7a4f8-0072-4eab-abad-f98a4d666aed}",
            "channel" : "System",
            "api" : "wineventlog",
            "opcode" : "ServiceStart",
            "provider_name" : "Microsoft-Windows-Dhcp-Client",
            "user" : {
              "identifier" : "S-1-5-19",
              "domain" : "NT AUTHORITY",
              "name" : "LOCAL SERVICE",
              "type" : "Well Known Group"
            }
          },
          "ecs" : {
            "version" : "8.0.0"
          },
          "log" : {
            "file" : {
              "path" : "D:\\AIXSOAR\\IDS_2018\\logs_2018-03-02\\DESKTOP-AN3U28N-172.31.64.54.evtx"
            },
            "level" : "資訊"
          },
          "host" : {
            "os" : {
              "type" : "windows",
              "family" : "windows"
            },
            "name" : "DESKTOP-AN3U28N"
          },
          "message" : "DHCPv4 用戶端服務已啟動",
          "event" : {
            "ingested" : "2024-03-29T07:32:33.826399505Z",
            "code" : "50036",
            "provider" : "Microsoft-Windows-Dhcp-Client",
            "created" : "2024-03-29T07:32:33.317Z",
            "kind" : "event",
            "action" : "服務狀態事件"
          }
        }
      },
      {
        "_index" : "ids-2018-172.31.64.54",
        "_id" : "xPgfiY4B6U4O_9c56bmi",
        "_score" : 0.0,
        "_source" : {
          "agent" : {
            "name" : "CHPIYR2",
            "id" : "60d66234-2dc5-408a-9a6e-a0a6278a7ae3",
            "type" : "winlogbeat",
            "ephemeral_id" : "6a77f265-064f-4f9a-b644-2b115b221d8a",
            "version" : "8.11.3"
          },
          "@timestamp" : "2018-02-10T13:21:36.288Z",
          "winlog" : {
            "record_id" : 2494,
            "computer_name" : "DESKTOP-AN3U28N",
            "process" : {
              "pid" : 388,
              "thread" : {
                "id" : 1276
              }
            },
            "task" : "Service State Event",
            "event_id" : "51046",
            "provider_guid" : "{6a1f2b00-6a90-4c38-95a5-5cab3b056778}",
            "channel" : "System",
            "api" : "wineventlog",
            "provider_name" : "Microsoft-Windows-DHCPv6-Client",
            "opcode" : "ServiceStart",
            "user" : {
              "identifier" : "S-1-5-19",
              "domain" : "NT AUTHORITY",
              "name" : "LOCAL SERVICE",
              "type" : "Well Known Group"
            }
          },
          "ecs" : {
            "version" : "8.0.0"
          },
          "log" : {
            "file" : {
              "path" : "D:\\AIXSOAR\\IDS_2018\\logs_2018-03-02\\DESKTOP-AN3U28N-172.31.64.54.evtx"
            },
            "level" : "資訊"
          },
          "host" : {
            "os" : {
              "type" : "windows",
              "family" : "windows"
            },
            "name" : "DESKTOP-AN3U28N"
          },
          "message" : "DHCPv6 用戶端服務已啟動",
          "event" : {
            "ingested" : "2024-03-29T07:32:33.826424528Z",
            "code" : "51046",
            "provider" : "Microsoft-Windows-DHCPv6-Client",
            "created" : "2024-03-29T07:32:33.317Z",
            "kind" : "event",
            "action" : "Service State Event"
          }
        }
      },
      {
        "_index" : "ids-2018-172.31.64.54",
        "_id" : "xfgfiY4B6U4O_9c56bmi",
        "_score" : 0.0,
        "_source" : {
          "agent" : {
            "name" : "CHPIYR2",
            "id" : "60d66234-2dc5-408a-9a6e-a0a6278a7ae3",
            "type" : "winlogbeat",
            "ephemeral_id" : "6a77f265-064f-4f9a-b644-2b115b221d8a",
            "version" : "8.11.3"
          },
          "@timestamp" : "2018-02-10T13:21:36.544Z",
          "winlog" : {
            "record_id" : 2495,
            "computer_name" : "DESKTOP-AN3U28N",
            "process" : {
              "pid" : 1072,
              "thread" : {
                "id" : 1176
              }
            },
            "task" : "Task Misconfiguration",
            "event_id" : "414",
            "provider_guid" : "{de7b24ea-73c8-4a09-985d-5bdadcfa9017}",
            "channel" : "System",
            "api" : "wineventlog",
            "event_data" : {
              "TaskName" : "NT TASK\\Microsoft\\Windows\\rempl\\shell-unlock-sih",
              "Parameter" : "%ProgramFiles%\\rempl\\remsh.exe"
            },
            "opcode" : "資訊",
            "provider_name" : "Microsoft-Windows-TaskScheduler",
            "user" : {
              "identifier" : "S-1-5-18",
              "domain" : "NT AUTHORITY",
              "name" : "SYSTEM",
              "type" : "Well Known Group"
            }
          },
          "ecs" : {
            "version" : "8.0.0"
          },
          "log" : {
            "file" : {
              "path" : "D:\\AIXSOAR\\IDS_2018\\logs_2018-03-02\\DESKTOP-AN3U28N-172.31.64.54.evtx"
            },
            "level" : "警告"
          },
          "host" : {
            "os" : {
              "type" : "windows",
              "family" : "windows"
            },
            "name" : "DESKTOP-AN3U28N"
          },
          "event" : {
            "ingested" : "2024-03-29T07:32:33.826450787Z",
            "code" : "414",
            "provider" : "Microsoft-Windows-TaskScheduler",
            "kind" : "event",
            "created" : "2024-03-29T07:32:33.317Z",
            "action" : "Task Misconfiguration"
          },
          "message" : "工作排程器服務在 NT TASK\\Microsoft\\Windows\\rempl\\shell-unlock-sih 定義中找到設定錯誤。其他資料: 錯誤值: %ProgramFiles%\\rempl\\remsh.exe。"
        }
      },
      {
        "_index" : "ids-2018-172.31.64.54",
        "_id" : "xvgfiY4B6U4O_9c56bmi",
        "_score" : 0.0,
        "_source" : {
          "agent" : {
            "name" : "CHPIYR2",
            "id" : "60d66234-2dc5-408a-9a6e-a0a6278a7ae3",
            "ephemeral_id" : "6a77f265-064f-4f9a-b644-2b115b221d8a",
            "type" : "winlogbeat",
            "version" : "8.11.3"
          },
          "@timestamp" : "2018-02-10T13:21:36.550Z",
          "winlog" : {
            "computer_name" : "DESKTOP-AN3U28N",
            "record_id" : 2496,
            "process" : {
              "pid" : 1072,
              "thread" : {
                "id" : 1176
              }
            },
            "task" : "Task Misconfiguration",
            "event_id" : "414",
            "provider_guid" : "{de7b24ea-73c8-4a09-985d-5bdadcfa9017}",
            "channel" : "System",
            "api" : "wineventlog",
            "event_data" : {
              "TaskName" : "NT TASK\\OneDrive Standalone Update Task-S-1-5-21-913095808-1976597276-3100954228-1001",
              "Parameter" : "%localappdata%\\Microsoft\\OneDrive\\OneDriveStandaloneUpdater.exe"
            },
            "opcode" : "資訊",
            "provider_name" : "Microsoft-Windows-TaskScheduler",
            "user" : {
              "identifier" : "S-1-5-18",
              "domain" : "NT AUTHORITY",
              "name" : "SYSTEM",
              "type" : "Well Known Group"
            }
          },
          "ecs" : {
            "version" : "8.0.0"
          },
          "log" : {
            "file" : {
              "path" : "D:\\AIXSOAR\\IDS_2018\\logs_2018-03-02\\DESKTOP-AN3U28N-172.31.64.54.evtx"
            },
            "level" : "警告"
          },
          "host" : {
            "os" : {
              "type" : "windows",
              "family" : "windows"
            },
            "name" : "DESKTOP-AN3U28N"
          },
          "message" : "工作排程器服務在 NT TASK\\OneDrive Standalone Update Task-S-1-5-21-913095808-1976597276-3100954228-1001 定義中找到設定錯誤。其他資料: 錯誤值: %localappdata%\\Microsoft\\OneDrive\\OneDriveStandaloneUpdater.exe。",
          "event" : {
            "ingested" : "2024-03-29T07:32:33.826479326Z",
            "code" : "414",
            "provider" : "Microsoft-Windows-TaskScheduler",
            "created" : "2024-03-29T07:32:33.317Z",
            "kind" : "event",
            "action" : "Task Misconfiguration"
          }
        }
      },
      {
        "_index" : "ids-2018-172.31.64.54",
        "_id" : "x_gfiY4B6U4O_9c56bmi",
        "_score" : 0.0,
        "_source" : {
          "agent" : {
            "name" : "CHPIYR2",
            "id" : "60d66234-2dc5-408a-9a6e-a0a6278a7ae3",
            "type" : "winlogbeat",
            "ephemeral_id" : "6a77f265-064f-4f9a-b644-2b115b221d8a",
            "version" : "8.11.3"
          },
          "@timestamp" : "2018-02-10T13:21:36.565Z",
          "winlog" : {
            "record_id" : 2497,
            "computer_name" : "DESKTOP-AN3U28N",
            "process" : {
              "pid" : 1072,
              "thread" : {
                "id" : 1176
              }
            },
            "event_id" : "414",
            "task" : "Task Misconfiguration",
            "provider_guid" : "{de7b24ea-73c8-4a09-985d-5bdadcfa9017}",
            "channel" : "System",
            "event_data" : {
              "TaskName" : "NT TASK\\Microsoft\\Windows\\rempl\\shell-compact",
              "Parameter" : "%ProgramFiles%\\rempl\\remsh.exe"
            },
            "api" : "wineventlog",
            "provider_name" : "Microsoft-Windows-TaskScheduler",
            "opcode" : "資訊",
            "user" : {
              "identifier" : "S-1-5-18",
              "domain" : "NT AUTHORITY",
              "name" : "SYSTEM",
              "type" : "Well Known Group"
            }
          },
          "ecs" : {
            "version" : "8.0.0"
          },
          "log" : {
            "file" : {
              "path" : "D:\\AIXSOAR\\IDS_2018\\logs_2018-03-02\\DESKTOP-AN3U28N-172.31.64.54.evtx"
            },
            "level" : "警告"
          },
          "host" : {
            "os" : {
              "type" : "windows",
              "family" : "windows"
            },
            "name" : "DESKTOP-AN3U28N"
          },
          "message" : "工作排程器服務在 NT TASK\\Microsoft\\Windows\\rempl\\shell-compact 定義中找到設定錯誤。其他資料: 錯誤值: %ProgramFiles%\\rempl\\remsh.exe。",
          "event" : {
            "ingested" : "2024-03-29T07:32:33.826506912Z",
            "code" : "414",
            "provider" : "Microsoft-Windows-TaskScheduler",
            "created" : "2024-03-29T07:32:33.317Z",
            "kind" : "event",
            "action" : "Task Misconfiguration"
          }
        }
      },
      {
        "_index" : "ids-2018-172.31.64.54",
        "_id" : "yPgfiY4B6U4O_9c56bmi",
        "_score" : 0.0,
        "_source" : {
          "agent" : {
            "name" : "CHPIYR2",
            "id" : "60d66234-2dc5-408a-9a6e-a0a6278a7ae3",
            "type" : "winlogbeat",
            "ephemeral_id" : "6a77f265-064f-4f9a-b644-2b115b221d8a",
            "version" : "8.11.3"
          },
          "@timestamp" : "2018-02-10T13:21:36.600Z",
          "winlog" : {
            "record_id" : 2498,
            "computer_name" : "DESKTOP-AN3U28N",
            "process" : {
              "pid" : 1072,
              "thread" : {
                "id" : 1176
              }
            },
            "event_id" : "414",
            "task" : "Task Misconfiguration",
            "provider_guid" : "{de7b24ea-73c8-4a09-985d-5bdadcfa9017}",
            "channel" : "System",
            "event_data" : {
              "TaskName" : "NT TASK\\Microsoft\\Windows\\rempl\\shell-restore",
              "Parameter" : "%ProgramFiles%\\rempl\\remsh.exe"
            },
            "api" : "wineventlog",
            "opcode" : "資訊",
            "provider_name" : "Microsoft-Windows-TaskScheduler",
            "user" : {
              "identifier" : "S-1-5-18",
              "domain" : "NT AUTHORITY",
              "name" : "SYSTEM",
              "type" : "Well Known Group"
            }
          },
          "ecs" : {
            "version" : "8.0.0"
          },
          "log" : {
            "file" : {
              "path" : "D:\\AIXSOAR\\IDS_2018\\logs_2018-03-02\\DESKTOP-AN3U28N-172.31.64.54.evtx"
            },
            "level" : "警告"
          },
          "host" : {
            "os" : {
              "type" : "windows",
              "family" : "windows"
            },
            "name" : "DESKTOP-AN3U28N"
          },
          "message" : "工作排程器服務在 NT TASK\\Microsoft\\Windows\\rempl\\shell-restore 定義中找到設定錯誤。其他資料: 錯誤值: %ProgramFiles%\\rempl\\remsh.exe。",
          "event" : {
            "ingested" : "2024-03-29T07:32:33.826533671Z",
            "code" : "414",
            "provider" : "Microsoft-Windows-TaskScheduler",
            "created" : "2024-03-29T07:32:33.317Z",
            "kind" : "event",
            "action" : "Task Misconfiguration"
          }
        }
      },
      {
        "_index" : "ids-2018-172.31.64.54",
        "_id" : "yfgfiY4B6U4O_9c56bmi",
        "_score" : 0.0,
        "_source" : {
          "agent" : {
            "name" : "CHPIYR2",
            "id" : "60d66234-2dc5-408a-9a6e-a0a6278a7ae3",
            "ephemeral_id" : "6a77f265-064f-4f9a-b644-2b115b221d8a",
            "type" : "winlogbeat",
            "version" : "8.11.3"
          },
          "@timestamp" : "2018-02-10T13:21:36.601Z",
          "winlog" : {
            "record_id" : 2499,
            "computer_name" : "DESKTOP-AN3U28N",
            "process" : {
              "pid" : 1072,
              "thread" : {
                "id" : 1176
              }
            },
            "task" : "Task Misconfiguration",
            "event_id" : "414",
            "provider_guid" : "{de7b24ea-73c8-4a09-985d-5bdadcfa9017}",
            "channel" : "System",
            "api" : "wineventlog",
            "event_data" : {
              "TaskName" : "NT TASK\\Microsoft\\Windows\\rempl\\shell",
              "Parameter" : "%ProgramFiles%\\rempl\\remsh.exe"
            },
            "opcode" : "資訊",
            "provider_name" : "Microsoft-Windows-TaskScheduler",
            "user" : {
              "identifier" : "S-1-5-18",
              "domain" : "NT AUTHORITY",
              "name" : "SYSTEM",
              "type" : "Well Known Group"
            }
          },
          "ecs" : {
            "version" : "8.0.0"
          },
          "log" : {
            "file" : {
              "path" : "D:\\AIXSOAR\\IDS_2018\\logs_2018-03-02\\DESKTOP-AN3U28N-172.31.64.54.evtx"
            },
            "level" : "警告"
          },
          "host" : {
            "os" : {
              "type" : "windows",
              "family" : "windows"
            },
            "name" : "DESKTOP-AN3U28N"
          },
          "event" : {
            "ingested" : "2024-03-29T07:32:33.826560459Z",
            "code" : "414",
            "provider" : "Microsoft-Windows-TaskScheduler",
            "kind" : "event",
            "created" : "2024-03-29T07:32:33.317Z",
            "action" : "Task Misconfiguration"
          },
          "message" : "工作排程器服務在 NT TASK\\Microsoft\\Windows\\rempl\\shell 定義中找到設定錯誤。其他資料: 錯誤值: %ProgramFiles%\\rempl\\remsh.exe。"
        }
      },
      {
        "_index" : "ids-2018-172.31.64.54",
        "_id" : "yvgfiY4B6U4O_9c56bmi",
        "_score" : 0.0,
        "_source" : {
          "agent" : {
            "name" : "CHPIYR2",
            "id" : "60d66234-2dc5-408a-9a6e-a0a6278a7ae3",
            "type" : "winlogbeat",
            "ephemeral_id" : "6a77f265-064f-4f9a-b644-2b115b221d8a",
            "version" : "8.11.3"
          },
          "@timestamp" : "2018-02-10T13:21:36.605Z",
          "winlog" : {
            "computer_name" : "DESKTOP-AN3U28N",
            "record_id" : 2500,
            "process" : {
              "pid" : 1072,
              "thread" : {
                "id" : 1176
              }
            },
            "task" : "Task Misconfiguration",
            "event_id" : "414",
            "provider_guid" : "{de7b24ea-73c8-4a09-985d-5bdadcfa9017}",
            "channel" : "System",
            "api" : "wineventlog",
            "event_data" : {
              "TaskName" : "NT TASK\\Microsoft\\Windows\\rempl\\shell-unlock",
              "Parameter" : "%ProgramFiles%\\rempl\\remsh.exe"
            },
            "provider_name" : "Microsoft-Windows-TaskScheduler",
            "opcode" : "資訊",
            "user" : {
              "identifier" : "S-1-5-18",
              "domain" : "NT AUTHORITY",
              "name" : "SYSTEM",
              "type" : "Well Known Group"
            }
          },
          "ecs" : {
            "version" : "8.0.0"
          },
          "log" : {
            "file" : {
              "path" : "D:\\AIXSOAR\\IDS_2018\\logs_2018-03-02\\DESKTOP-AN3U28N-172.31.64.54.evtx"
            },
            "level" : "警告"
          },
          "host" : {
            "os" : {
              "type" : "windows",
              "family" : "windows"
            },
            "name" : "DESKTOP-AN3U28N"
          },
          "event" : {
            "ingested" : "2024-03-29T07:32:33.826586988Z",
            "code" : "414",
            "provider" : "Microsoft-Windows-TaskScheduler",
            "created" : "2024-03-29T07:32:33.317Z",
            "kind" : "event",
            "action" : "Task Misconfiguration"
          },
          "message" : "工作排程器服務在 NT TASK\\Microsoft\\Windows\\rempl\\shell-unlock 定義中找到設定錯誤。其他資料: 錯誤值: %ProgramFiles%\\rempl\\remsh.exe。"
        }
      },
      {
        "_index" : "ids-2018-172.31.64.54",
        "_id" : "y_gfiY4B6U4O_9c56bnG",
        "_score" : 0.0,
        "_source" : {
          "agent" : {
            "name" : "CHPIYR2",
            "id" : "60d66234-2dc5-408a-9a6e-a0a6278a7ae3",
            "type" : "winlogbeat",
            "ephemeral_id" : "6a77f265-064f-4f9a-b644-2b115b221d8a",
            "version" : "8.11.3"
          },
          "@timestamp" : "2018-02-10T13:21:36.632Z",
          "winlog" : {
            "record_id" : 2501,
            "computer_name" : "DESKTOP-AN3U28N",
            "process" : {
              "pid" : 1072,
              "thread" : {
                "id" : 1176
              }
            },
            "event_id" : "414",
            "task" : "Task Misconfiguration",
            "provider_guid" : "{de7b24ea-73c8-4a09-985d-5bdadcfa9017}",
            "channel" : "System",
            "event_data" : {
              "TaskName" : "NT TASK\\Microsoft\\Windows\\rempl\\shell-unlock-storagesense",
              "Parameter" : "%ProgramFiles%\\rempl\\remsh.exe"
            },
            "api" : "wineventlog",
            "opcode" : "資訊",
            "provider_name" : "Microsoft-Windows-TaskScheduler",
            "user" : {
              "identifier" : "S-1-5-18",
              "domain" : "NT AUTHORITY",
              "name" : "SYSTEM",
              "type" : "Well Known Group"
            }
          },
          "ecs" : {
            "version" : "8.0.0"
          },
          "log" : {
            "file" : {
              "path" : "D:\\AIXSOAR\\IDS_2018\\logs_2018-03-02\\DESKTOP-AN3U28N-172.31.64.54.evtx"
            },
            "level" : "警告"
          },
          "host" : {
            "os" : {
              "type" : "windows",
              "family" : "windows"
            },
            "name" : "DESKTOP-AN3U28N"
          },
          "event" : {
            "ingested" : "2024-03-29T07:32:33.860234185Z",
            "code" : "414",
            "provider" : "Microsoft-Windows-TaskScheduler",
            "kind" : "event",
            "created" : "2024-03-29T07:32:33.443Z",
            "action" : "Task Misconfiguration"
          },
          "message" : "工作排程器服務在 NT TASK\\Microsoft\\Windows\\rempl\\shell-unlock-storagesense 定義中找到設定錯誤。其他資料: 錯誤值: %ProgramFiles%\\rempl\\remsh.exe。"
        }
      },
      {
        "_index" : "ids-2018-172.31.64.54",
        "_id" : "zPgfiY4B6U4O_9c56bnG",
        "_score" : 0.0,
        "_source" : {
          "agent" : {
            "name" : "CHPIYR2",
            "id" : "60d66234-2dc5-408a-9a6e-a0a6278a7ae3",
            "type" : "winlogbeat",
            "ephemeral_id" : "6a77f265-064f-4f9a-b644-2b115b221d8a",
            "version" : "8.11.3"
          },
          "@timestamp" : "2018-02-10T13:21:36.634Z",
          "winlog" : {
            "record_id" : 2502,
            "computer_name" : "DESKTOP-AN3U28N",
            "process" : {
              "pid" : 1072,
              "thread" : {
                "id" : 1176
              }
            },
            "event_id" : "414",
            "task" : "Task Misconfiguration",
            "provider_guid" : "{de7b24ea-73c8-4a09-985d-5bdadcfa9017}",
            "channel" : "System",
            "event_data" : {
              "TaskName" : "NT TASK\\OneDrive Standalone Update Task-S-1-5-21-913095808-1976597276-3100954228-1002",
              "Parameter" : "%localappdata%\\Microsoft\\OneDrive\\OneDriveStandaloneUpdater.exe"
            },
            "api" : "wineventlog",
            "provider_name" : "Microsoft-Windows-TaskScheduler",
            "opcode" : "資訊",
            "user" : {
              "identifier" : "S-1-5-18",
              "domain" : "NT AUTHORITY",
              "name" : "SYSTEM",
              "type" : "Well Known Group"
            }
          },
          "ecs" : {
            "version" : "8.0.0"
          },
          "log" : {
            "file" : {
              "path" : "D:\\AIXSOAR\\IDS_2018\\logs_2018-03-02\\DESKTOP-AN3U28N-172.31.64.54.evtx"
            },
            "level" : "警告"
          },
          "host" : {
            "os" : {
              "type" : "windows",
              "family" : "windows"
            },
            "name" : "DESKTOP-AN3U28N"
          },
          "message" : "工作排程器服務在 NT TASK\\OneDrive Standalone Update Task-S-1-5-21-913095808-1976597276-3100954228-1002 定義中找到設定錯誤。其他資料: 錯誤值: %localappdata%\\Microsoft\\OneDrive\\OneDriveStandaloneUpdater.exe。",
          "event" : {
            "ingested" : "2024-03-29T07:32:33.860342266Z",
            "code" : "414",
            "provider" : "Microsoft-Windows-TaskScheduler",
            "created" : "2024-03-29T07:32:33.443Z",
            "kind" : "event",
            "action" : "Task Misconfiguration"
          }
        }
      },
      {
        "_index" : "ids-2018-172.31.64.54",
        "_id" : "zfgfiY4B6U4O_9c56bnG",
        "_score" : 0.0,
        "_source" : {
          "agent" : {
            "name" : "CHPIYR2",
            "id" : "60d66234-2dc5-408a-9a6e-a0a6278a7ae3",
            "type" : "winlogbeat",
            "ephemeral_id" : "6a77f265-064f-4f9a-b644-2b115b221d8a",
            "version" : "8.11.3"
          },
          "@timestamp" : "2018-02-10T13:21:40.340Z",
          "winlog" : {
            "record_id" : 2503,
            "computer_name" : "DESKTOP-AN3U28N",
            "process" : {
              "pid" : 672,
              "thread" : {
                "id" : 676
              }
            },
            "event_id" : "7026",
            "task" : "None",
            "keywords" : [
              "傳統"
            ],
            "provider_guid" : "{555908d1-a6d7-4695-8e1e-26931d2012f4}",
            "channel" : "System",
            "event_data" : {
              "param1" : "\ncdrom\ndam"
            },
            "api" : "wineventlog",
            "provider_name" : "Service Control Manager",
            "opcode" : "Info"
          },
          "ecs" : {
            "version" : "8.0.0"
          },
          "log" : {
            "file" : {
              "path" : "D:\\AIXSOAR\\IDS_2018\\logs_2018-03-02\\DESKTOP-AN3U28N-172.31.64.54.evtx"
            },
            "level" : "資訊"
          },
          "host" : {
            "os" : {
              "type" : "windows",
              "family" : "windows"
            },
            "name" : "DESKTOP-AN3U28N"
          },
          "event" : {
            "ingested" : "2024-03-29T07:32:33.860401573Z",
            "code" : "7026",
            "provider" : "Service Control Manager",
            "kind" : "event",
            "created" : "2024-03-29T07:32:33.443Z",
            "action" : "None"
          },
          "message" : "下列開機啟動或系統啟動驅動程式未載入: \ncdrom\ndam"
        }
      },
      {
        "_index" : "ids-2018-172.31.64.54",
        "_id" : "zvgfiY4B6U4O_9c56bnG",
        "_score" : 0.0,
        "_source" : {
          "agent" : {
            "name" : "CHPIYR2",
            "id" : "60d66234-2dc5-408a-9a6e-a0a6278a7ae3",
            "ephemeral_id" : "6a77f265-064f-4f9a-b644-2b115b221d8a",
            "type" : "winlogbeat",
            "version" : "8.11.3"
          },
          "@timestamp" : "2018-02-10T13:21:40.430Z",
          "winlog" : {
            "computer_name" : "DESKTOP-AN3U28N",
            "process" : {
              "pid" : 648,
              "thread" : {
                "id" : 896
              }
            },
            "keywords" : [
              "ms:Telemetry"
            ],
            "channel" : "System",
            "event_data" : {
              "UserSid" : "S-1-5-21-913095808-1976597276-3100954228-500",
              "TSId" : "1"
            },
            "opcode" : "資訊",
            "record_id" : 2504,
            "event_id" : "7001",
            "task" : "WinSqmUserLogin",
            "provider_guid" : "{dbe9b383-7cf3-4331-91cc-a3cb16a3b538}",
            "api" : "wineventlog",
            "provider_name" : "Microsoft-Windows-Winlogon",
            "user" : {
              "identifier" : "S-1-5-18",
              "domain" : "NT AUTHORITY",
              "name" : "SYSTEM",
              "type" : "Well Known Group"
            }
          },
          "ecs" : {
            "version" : "8.0.0"
          },
          "log" : {
            "file" : {
              "path" : "D:\\AIXSOAR\\IDS_2018\\logs_2018-03-02\\DESKTOP-AN3U28N-172.31.64.54.evtx"
            },
            "level" : "資訊"
          },
          "host" : {
            "os" : {
              "type" : "windows",
              "family" : "windows"
            },
            "name" : "DESKTOP-AN3U28N"
          },
          "event" : {
            "ingested" : "2024-03-29T07:32:33.860457157Z",
            "code" : "7001",
            "provider" : "Microsoft-Windows-Winlogon",
            "created" : "2024-03-29T07:32:33.443Z",
            "kind" : "event",
            "action" : "WinSqmUserLogin"
          },
          "message" : "客戶經驗改進計畫的使用者登入通知"
        }
      },
      {
        "_index" : "ids-2018-172.31.64.54",
        "_id" : "z_gfiY4B6U4O_9c56bnG",
        "_score" : 0.0,
        "_source" : {
          "agent" : {
            "name" : "CHPIYR2",
            "id" : "60d66234-2dc5-408a-9a6e-a0a6278a7ae3",
            "type" : "winlogbeat",
            "ephemeral_id" : "6a77f265-064f-4f9a-b644-2b115b221d8a",
            "version" : "8.11.3"
          },
          "@timestamp" : "2018-02-10T13:27:33.098Z",
          "winlog" : {
            "computer_name" : "DESKTOP-AN3U28N",
            "process" : {
              "pid" : 1072,
              "thread" : {
                "id" : 2688
              }
            },
            "keywords" : [
              "下載",
              "已開始"
            ],
            "channel" : "System",
            "event_data" : {
              "updateRevisionNumber" : "200",
              "updateGuid" : "{94631fd5-d661-4695-a53e-0738a6fcf18c}",
              "updateTitle" : "Definition Update for Windows Defender Antivirus - KB2267602 (Definition 1.261.1037.0)"
            },
            "opcode" : "下載",
            "version" : 1,
            "record_id" : 2505,
            "event_id" : "44",
            "task" : "Windows Update 代理程式",
            "provider_guid" : "{945a8954-c147-4acd-923f-40c45405a658}",
            "api" : "wineventlog",
            "provider_name" : "Microsoft-Windows-WindowsUpdateClient",
            "user" : {
              "identifier" : "S-1-5-18",
              "domain" : "NT AUTHORITY",
              "name" : "SYSTEM",
              "type" : "Well Known Group"
            }
          },
          "ecs" : {
            "version" : "8.0.0"
          },
          "log" : {
            "file" : {
              "path" : "D:\\AIXSOAR\\IDS_2018\\logs_2018-03-02\\DESKTOP-AN3U28N-172.31.64.54.evtx"
            },
            "level" : "資訊"
          },
          "host" : {
            "os" : {
              "type" : "windows",
              "family" : "windows"
            },
            "name" : "DESKTOP-AN3U28N"
          },
          "event" : {
            "ingested" : "2024-03-29T07:32:33.860509711Z",
            "code" : "44",
            "provider" : "Microsoft-Windows-WindowsUpdateClient",
            "created" : "2024-03-29T07:32:33.443Z",
            "kind" : "event",
            "action" : "Windows Update 代理程式"
          },
          "message" : "Windows Update 已開始下載更新。"
        }
      },
      {
        "_index" : "ids-2018-172.31.64.54",
        "_id" : "0PgfiY4B6U4O_9c56bnG",
        "_score" : 0.0,
        "_source" : {
          "agent" : {
            "name" : "CHPIYR2",
            "id" : "60d66234-2dc5-408a-9a6e-a0a6278a7ae3",
            "type" : "winlogbeat",
            "ephemeral_id" : "6a77f265-064f-4f9a-b644-2b115b221d8a",
            "version" : "8.11.3"
          },
          "@timestamp" : "2018-02-10T15:36:34.027Z",
          "winlog" : {
            "computer_name" : "DESKTOP-AN3U28N",
            "process" : {
              "pid" : 1072,
              "thread" : {
                "id" : 2688
              }
            },
            "keywords" : [
              "下載",
              "已開始"
            ],
            "channel" : "System",
            "event_data" : {
              "updateRevisionNumber" : "200",
              "updateGuid" : "{b8231e2a-fdae-47ba-acbe-88ed73920399}",
              "updateTitle" : "Definition Update for Windows Defender Antivirus - KB2267602 (Definition 1.261.1041.0)"
            },
            "opcode" : "下載",
            "version" : 1,
            "record_id" : 2506,
            "event_id" : "44",
            "task" : "Windows Update 代理程式",
            "provider_guid" : "{945a8954-c147-4acd-923f-40c45405a658}",
            "api" : "wineventlog",
            "provider_name" : "Microsoft-Windows-WindowsUpdateClient",
            "user" : {
              "identifier" : "S-1-5-18",
              "domain" : "NT AUTHORITY",
              "name" : "SYSTEM",
              "type" : "Well Known Group"
            }
          },
          "ecs" : {
            "version" : "8.0.0"
          },
          "log" : {
            "file" : {
              "path" : "D:\\AIXSOAR\\IDS_2018\\logs_2018-03-02\\DESKTOP-AN3U28N-172.31.64.54.evtx"
            },
            "level" : "資訊"
          },
          "host" : {
            "os" : {
              "type" : "windows",
              "family" : "windows"
            },
            "name" : "DESKTOP-AN3U28N"
          },
          "event" : {
            "ingested" : "2024-03-29T07:32:33.860560019Z",
            "code" : "44",
            "provider" : "Microsoft-Windows-WindowsUpdateClient",
            "created" : "2024-03-29T07:32:33.443Z",
            "kind" : "event",
            "action" : "Windows Update 代理程式"
          },
          "message" : "Windows Update 已開始下載更新。"
        }
      },
      {
        "_index" : "ids-2018-172.31.64.54",
        "_id" : "0fgeiY4B6U4O_9c53J8u",
        "_score" : 0.0,
        "_source" : {
          "agent" : {
            "name" : "CHPIYR2",
            "id" : "60d66234-2dc5-408a-9a6e-a0a6278a7ae3",
            "ephemeral_id" : "c6ebe2c3-8b53-4b62-91bb-78491404bbe4",
            "type" : "winlogbeat",
            "version" : "8.11.3"
          },
          "@timestamp" : "2018-02-10T13:17:36.579Z",
          "winlog" : {
            "computer_name" : "DESKTOP-AN3U28N",
            "process" : {
              "pid" : 544,
              "thread" : {
                "id" : 628
              }
            },
            "keywords" : [
              "傳統"
            ],
            "channel" : "System",
            "event_data" : {
              "param7" : "NT AUTHORITY\\SYSTEM",
              "param5" : "restart",
              "param3" : "No title for this reason could be found",
              "param4" : "0x8000000c",
              "param1" : "C:\\Program Files\\Amazon\\XenTools\\LiteAgent.exe (DESKTOP-AN3U28N)",
              "param2" : "DESKTOP-AN3U28N"
            },
            "opcode" : "Info",
            "record_id" : 2427,
            "event_id" : "1074",
            "task" : "None",
            "provider_guid" : "{b0aa8734-56f7-41cc-b2f4-de228e98b946}",
            "api" : "wineventlog",
            "provider_name" : "User32",
            "user" : {
              "identifier" : "S-1-5-18",
              "domain" : "NT AUTHORITY",
              "name" : "SYSTEM",
              "type" : "Well Known Group"
            }
          },
          "ecs" : {
            "version" : "8.0.0"
          },
          "log" : {
            "file" : {
              "path" : "D:\\AIXSOAR\\IDS_2018\\logs_2018-02-23\\DESKTOP-AN3U28N-172.31.64.54.evtx"
            },
            "level" : "資訊"
          },
          "host" : {
            "os" : {
              "type" : "windows",
              "family" : "windows"
            },
            "name" : "DESKTOP-AN3U28N"
          },
          "event" : {
            "ingested" : "2024-03-29T07:31:24.844741586Z",
            "code" : "1074",
            "provider" : "User32",
            "created" : "2024-03-29T07:31:24.194Z",
            "kind" : "event",
            "action" : "None"
          },
          "message" : "處理程序 C:\\Program Files\\Amazon\\XenTools\\LiteAgent.exe (DESKTOP-AN3U28N)已代表使用者 NT AUTHORITY\\SYSTEM，啟動電腦 DESKTOP-AN3U28N 的 restart，原因如下: No title for this reason could be found\n 理由代碼: 0x8000000c\n 關機類型: restart\n 註解: "
        }
      },
      {
        "_index" : "ids-2018-172.31.64.54",
        "_id" : "0vgeiY4B6U4O_9c53J8u",
        "_score" : 0.0,
        "_source" : {
          "agent" : {
            "name" : "CHPIYR2",
            "id" : "60d66234-2dc5-408a-9a6e-a0a6278a7ae3",
            "ephemeral_id" : "c6ebe2c3-8b53-4b62-91bb-78491404bbe4",
            "type" : "winlogbeat",
            "version" : "8.11.3"
          },
          "@timestamp" : "2018-02-10T13:17:37.345Z",
          "winlog" : {
            "computer_name" : "DESKTOP-AN3U28N",
            "record_id" : 2428,
            "process" : {
              "pid" : 692,
              "thread" : {
                "id" : 4536
              }
            },
            "task" : "None",
            "event_id" : "7031",
            "keywords" : [
              "傳統"
            ],
            "provider_guid" : "{555908d1-a6d7-4695-8e1e-26931d2012f4}",
            "channel" : "System",
            "api" : "wineventlog",
            "event_data" : {
              "param5" : "Restart the service",
              "Binary" : "4F006E006500530079006E0063005300760063005F00530065007300730069006F006E0031000000",
              "param3" : "10000",
              "param4" : "1",
              "param1" : "Sync Host_Session1",
              "param2" : "1"
            },
            "opcode" : "Info",
            "provider_name" : "Service Control Manager"
          },
          "ecs" : {
            "version" : "8.0.0"
          },
          "log" : {
            "file" : {
              "path" : "D:\\AIXSOAR\\IDS_2018\\logs_2018-02-23\\DESKTOP-AN3U28N-172.31.64.54.evtx"
            },
            "level" : "錯誤"
          },
          "host" : {
            "os" : {
              "type" : "windows",
              "family" : "windows"
            },
            "name" : "DESKTOP-AN3U28N"
          },
          "event" : {
            "ingested" : "2024-03-29T07:31:24.844873933Z",
            "code" : "7031",
            "provider" : "Service Control Manager",
            "created" : "2024-03-29T07:31:24.194Z",
            "kind" : "event",
            "action" : "None"
          },
          "message" : "Sync Host_Session1 服務意外終止，服務曾完成這項動作 1 次。以下的修正操作將在 10000 毫秒內執行: Restart the service。"
        }
      },
      {
        "_index" : "ids-2018-172.31.64.54",
        "_id" : "0_geiY4B6U4O_9c53J8u",
        "_score" : 0.0,
        "_source" : {
          "agent" : {
            "name" : "CHPIYR2",
            "id" : "60d66234-2dc5-408a-9a6e-a0a6278a7ae3",
            "ephemeral_id" : "c6ebe2c3-8b53-4b62-91bb-78491404bbe4",
            "type" : "winlogbeat",
            "version" : "8.11.3"
          },
          "@timestamp" : "2018-02-10T13:17:43.000Z",
          "winlog" : {
            "computer_name" : "DESKTOP-AN3U28N",
            "record_id" : 2429,
            "event_id" : "6006",
            "task" : "None",
            "keywords" : [
              "傳統"
            ],
            "channel" : "System",
            "event_data" : {
              "Binary" : "0100000000000000"
            },
            "api" : "wineventlog",
            "provider_name" : "EventLog"
          },
          "ecs" : {
            "version" : "8.0.0"
          },
          "log" : {
            "file" : {
              "path" : "D:\\AIXSOAR\\IDS_2018\\logs_2018-02-23\\DESKTOP-AN3U28N-172.31.64.54.evtx"
            },
            "level" : "資訊"
          },
          "host" : {
            "os" : {
              "type" : "windows",
              "family" : "windows"
            },
            "name" : "DESKTOP-AN3U28N"
          },
          "message" : "事件記錄檔服務已中止。",
          "event" : {
            "ingested" : "2024-03-29T07:31:24.844953371Z",
            "code" : "6006",
            "provider" : "EventLog",
            "kind" : "event",
            "created" : "2024-03-29T07:31:24.194Z",
            "action" : "None"
          }
        }
      },
      {
        "_index" : "ids-2018-172.31.64.54",
        "_id" : "1PgeiY4B6U4O_9c53J8u",
        "_score" : 0.0,
        "_source" : {
          "agent" : {
            "name" : "CHPIYR2",
            "id" : "60d66234-2dc5-408a-9a6e-a0a6278a7ae3",
            "type" : "winlogbeat",
            "ephemeral_id" : "c6ebe2c3-8b53-4b62-91bb-78491404bbe4",
            "version" : "8.11.3"
          },
          "@timestamp" : "2018-02-10T13:17:43.296Z",
          "winlog" : {
            "computer_name" : "DESKTOP-AN3U28N",
            "process" : {
              "pid" : 660,
              "thread" : {
                "id" : 1324
              }
            },
            "keywords" : [
              "ms:Telemetry"
            ],
            "channel" : "System",
            "event_data" : {
              "UserSid" : "S-1-5-21-913095808-1976597276-3100954228-500",
              "TSId" : "1"
            },
            "opcode" : "資訊",
            "record_id" : 2430,
            "event_id" : "7002",
            "task" : "WinSqmUserLogoff",
            "provider_guid" : "{dbe9b383-7cf3-4331-91cc-a3cb16a3b538}",
            "api" : "wineventlog",
            "provider_name" : "Microsoft-Windows-Winlogon",
            "user" : {
              "identifier" : "S-1-5-18",
              "domain" : "NT AUTHORITY",
              "name" : "SYSTEM",
              "type" : "Well Known Group"
            }
          },
          "ecs" : {
            "version" : "8.0.0"
          },
          "log" : {
            "file" : {
              "path" : "D:\\AIXSOAR\\IDS_2018\\logs_2018-02-23\\DESKTOP-AN3U28N-172.31.64.54.evtx"
            },
            "level" : "資訊"
          },
          "host" : {
            "os" : {
              "type" : "windows",
              "family" : "windows"
            },
            "name" : "DESKTOP-AN3U28N"
          },
          "message" : "客戶經驗改進計畫的使用者登出通知",
          "event" : {
            "ingested" : "2024-03-29T07:31:24.845003754Z",
            "code" : "7002",
            "provider" : "Microsoft-Windows-Winlogon",
            "created" : "2024-03-29T07:31:24.194Z",
            "kind" : "event",
            "action" : "WinSqmUserLogoff"
          }
        }
      },
      {
        "_index" : "ids-2018-172.31.64.54",
        "_id" : "1fgeiY4B6U4O_9c53J8u",
        "_score" : 0.0,
        "_source" : {
          "agent" : {
            "name" : "CHPIYR2",
            "id" : "60d66234-2dc5-408a-9a6e-a0a6278a7ae3",
            "ephemeral_id" : "c6ebe2c3-8b53-4b62-91bb-78491404bbe4",
            "type" : "winlogbeat",
            "version" : "8.11.3"
          },
          "@timestamp" : "2018-02-10T13:17:43.775Z",
          "winlog" : {
            "record_id" : 2431,
            "computer_name" : "DESKTOP-AN3U28N",
            "process" : {
              "pid" : 540,
              "thread" : {
                "id" : 1308
              }
            },
            "task" : "Service State Event",
            "event_id" : "51047",
            "provider_guid" : "{6a1f2b00-6a90-4c38-95a5-5cab3b056778}",
            "channel" : "System",
            "event_data" : {
              "DwordVal" : "1"
            },
            "api" : "wineventlog",
            "provider_name" : "Microsoft-Windows-DHCPv6-Client",
            "opcode" : "ServiceStop",
            "user" : {
              "identifier" : "S-1-5-19",
              "domain" : "NT AUTHORITY",
              "name" : "LOCAL SERVICE",
              "type" : "Well Known Group"
            }
          },
          "ecs" : {
            "version" : "8.0.0"
          },
          "log" : {
            "file" : {
              "path" : "D:\\AIXSOAR\\IDS_2018\\logs_2018-02-23\\DESKTOP-AN3U28N-172.31.64.54.evtx"
            },
            "level" : "資訊"
          },
          "host" : {
            "os" : {
              "type" : "windows",
              "family" : "windows"
            },
            "name" : "DESKTOP-AN3U28N"
          },
          "event" : {
            "ingested" : "2024-03-29T07:31:24.845052470Z",
            "code" : "51047",
            "provider" : "Microsoft-Windows-DHCPv6-Client",
            "created" : "2024-03-29T07:31:24.194Z",
            "kind" : "event",
            "action" : "Service State Event"
          },
          "message" : "DHCPv6 用戶端服務已停止。關機旗標值是 1"
        }
      },
      {
        "_index" : "ids-2018-172.31.64.54",
        "_id" : "1vgeiY4B6U4O_9c53J8u",
        "_score" : 0.0,
        "_source" : {
          "agent" : {
            "name" : "CHPIYR2",
            "id" : "60d66234-2dc5-408a-9a6e-a0a6278a7ae3",
            "ephemeral_id" : "c6ebe2c3-8b53-4b62-91bb-78491404bbe4",
            "type" : "winlogbeat",
            "version" : "8.11.3"
          },
          "@timestamp" : "2018-02-10T13:17:43.796Z",
          "winlog" : {
            "computer_name" : "DESKTOP-AN3U28N",
            "record_id" : 2432,
            "process" : {
              "pid" : 540,
              "thread" : {
                "id" : 1196
              }
            },
            "event_id" : "50037",
            "task" : "服務狀態事件",
            "provider_guid" : "{15a7a4f8-0072-4eab-abad-f98a4d666aed}",
            "channel" : "System",
            "api" : "wineventlog",
            "event_data" : {
              "DwordVal" : "1"
            },
            "opcode" : "ServiceStop",
            "provider_name" : "Microsoft-Windows-Dhcp-Client",
            "user" : {
              "identifier" : "S-1-5-19",
              "domain" : "NT AUTHORITY",
              "name" : "LOCAL SERVICE",
              "type" : "Well Known Group"
            }
          },
          "ecs" : {
            "version" : "8.0.0"
          },
          "log" : {
            "file" : {
              "path" : "D:\\AIXSOAR\\IDS_2018\\logs_2018-02-23\\DESKTOP-AN3U28N-172.31.64.54.evtx"
            },
            "level" : "資訊"
          },
          "host" : {
            "os" : {
              "type" : "windows",
              "family" : "windows"
            },
            "name" : "DESKTOP-AN3U28N"
          },
          "event" : {
            "ingested" : "2024-03-29T07:31:24.845100282Z",
            "code" : "50037",
            "provider" : "Microsoft-Windows-Dhcp-Client",
            "kind" : "event",
            "created" : "2024-03-29T07:31:24.194Z",
            "action" : "服務狀態事件"
          },
          "message" : "DHCPv4 用戶端服務已停止。關機旗標值為 1"
        }
      },
      {
        "_index" : "ids-2018-172.31.64.54",
        "_id" : "1_geiY4B6U4O_9c53J8u",
        "_score" : 0.0,
        "_source" : {
          "agent" : {
            "name" : "CHPIYR2",
            "id" : "60d66234-2dc5-408a-9a6e-a0a6278a7ae3",
            "ephemeral_id" : "c6ebe2c3-8b53-4b62-91bb-78491404bbe4",
            "type" : "winlogbeat",
            "version" : "8.11.3"
          },
          "@timestamp" : "2018-02-10T13:18:19.000Z",
          "winlog" : {
            "computer_name" : "DESKTOP-AN3U28N",
            "record_id" : 2433,
            "event_id" : "6009",
            "task" : "None",
            "keywords" : [
              "傳統"
            ],
            "channel" : "System",
            "event_data" : {
              "param5" : "16384",
              "param4" : "Multiprocessor Free",
              "param1" : "10.00.",
              "param2" : "10240"
            },
            "api" : "wineventlog",
            "provider_name" : "EventLog"
          },
          "ecs" : {
            "version" : "8.0.0"
          },
          "log" : {
            "file" : {
              "path" : "D:\\AIXSOAR\\IDS_2018\\logs_2018-02-23\\DESKTOP-AN3U28N-172.31.64.54.evtx"
            },
            "level" : "資訊"
          },
          "host" : {
            "os" : {
              "type" : "windows",
              "family" : "windows"
            },
            "name" : "DESKTOP-AN3U28N"
          },
          "event" : {
            "ingested" : "2024-03-29T07:31:24.845145444Z",
            "code" : "6009",
            "provider" : "EventLog",
            "created" : "2024-03-29T07:31:24.194Z",
            "kind" : "event",
            "action" : "None"
          },
          "message" : "Microsoft (R) Windows (R) 10.00. 10240  Multiprocessor Free。"
        }
      },
      {
        "_index" : "ids-2018-172.31.64.54",
        "_id" : "2PgeiY4B6U4O_9c53J8u",
        "_score" : 0.0,
        "_source" : {
          "agent" : {
            "name" : "CHPIYR2",
            "id" : "60d66234-2dc5-408a-9a6e-a0a6278a7ae3",
            "ephemeral_id" : "c6ebe2c3-8b53-4b62-91bb-78491404bbe4",
            "type" : "winlogbeat",
            "version" : "8.11.3"
          },
          "@timestamp" : "2018-02-10T13:18:19.000Z",
          "winlog" : {
            "record_id" : 2434,
            "computer_name" : "DESKTOP-AN3U28N",
            "event_id" : "6005",
            "task" : "None",
            "keywords" : [
              "傳統"
            ],
            "channel" : "System",
            "event_data" : {
              "Binary" : "E207020006000A000D001200130008010000000000000000"
            },
            "api" : "wineventlog",
            "provider_name" : "EventLog"
          },
          "ecs" : {
            "version" : "8.0.0"
          },
          "log" : {
            "file" : {
              "path" : "D:\\AIXSOAR\\IDS_2018\\logs_2018-02-23\\DESKTOP-AN3U28N-172.31.64.54.evtx"
            },
            "level" : "資訊"
          },
          "host" : {
            "os" : {
              "type" : "windows",
              "family" : "windows"
            },
            "name" : "DESKTOP-AN3U28N"
          },
          "event" : {
            "ingested" : "2024-03-29T07:31:24.845187609Z",
            "code" : "6005",
            "provider" : "EventLog",
            "kind" : "event",
            "created" : "2024-03-29T07:31:24.194Z",
            "action" : "None"
          },
          "message" : "事件記錄檔服務已啟動。"
        }
      },
