      {
        "_index" : "ids-2018-172.31.64.54",
        "_id" : "ZfgaiY4B6U4O_9c53odM",
        "_score" : 0.0,
        "_source" : {
          "agent" : {
            "name" : "CHPIYR2",
            "id" : "60d66234-2dc5-408a-9a6e-a0a6278a7ae3",
            "ephemeral_id" : "a38bfb66-0be3-4ce7-b3df-f61ec8d052f8",
            "type" : "winlogbeat",
            "version" : "8.11.3"
          },
          "@timestamp" : "2018-01-25T01:17:00.987Z",
          "winlog" : {
            "computer_name" : "DESKTOP-AN3U28N",
            "process" : {
              "pid" : 756,
              "thread" : {
                "id" : 4776
              }
            },
            "keywords" : [
              "下載",
              "已開始"
            ],
            "channel" : "System",
            "event_data" : {
              "updateRevisionNumber" : "1",
              "updateGuid" : "{c1d25a14-d481-47c1-980a-d943d88c73ee}",
              "updateTitle" : "9WZDNCRFJBJV-Microsoft.WindowsPreview.Kinect.8.1"
            },
            "opcode" : "下載",
            "version" : 1,
            "record_id" : 1755,
            "task" : "Windows Update 代理程式",
            "event_id" : "44",
            "provider_guid" : "{945a8954-c147-4acd-923f-40c45405a658}",
            "api" : "wineventlog",
            "provider_name" : "Microsoft-Windows-WindowsUpdateClient",
            "user" : {
              "identifier" : "S-1-5-18",
              "domain" : "NT AUTHORITY",
              "name" : "SYSTEM",
              "type" : "Well Known Group"
            }
          },
          "ecs" : {
            "version" : "8.0.0"
          },
          "log" : {
            "file" : {
              "path" : "D:\\AIXSOAR\\IDS_2018\\logs_2018-02-15\\DESKTOP-AN3U28N-172.31.64.54.evtx"
            },
            "level" : "資訊"
          },
          "host" : {
            "os" : {
              "type" : "windows",
              "family" : "windows"
            },
            "name" : "DESKTOP-AN3U28N"
          },
          "message" : "Windows Update 已開始下載更新。",
          "event" : {
            "ingested" : "2024-03-29T07:27:03.234592175Z",
            "code" : "44",
            "provider" : "Microsoft-Windows-WindowsUpdateClient",
            "kind" : "event",
            "created" : "2024-03-29T07:26:58.588Z",
            "action" : "Windows Update 代理程式"
          }
        }
      },
      {
        "_index" : "ids-2018-172.31.64.54",
        "_id" : "ZvgaiY4B6U4O_9c53odM",
        "_score" : 0.0,
        "_source" : {
          "agent" : {
            "name" : "CHPIYR2",
            "id" : "60d66234-2dc5-408a-9a6e-a0a6278a7ae3",
            "ephemeral_id" : "a38bfb66-0be3-4ce7-b3df-f61ec8d052f8",
            "type" : "winlogbeat",
            "version" : "8.11.3"
          },
          "@timestamp" : "2018-01-25T01:17:06.559Z",
          "winlog" : {
            "computer_name" : "DESKTOP-AN3U28N",
            "record_id" : 1756,
            "process" : {
              "pid" : 64,
              "thread" : {
                "id" : 5140
              }
            },
            "task" : "None",
            "event_id" : "16",
            "provider_guid" : "{a68ca8b7-004f-d7b6-a698-07e2de0f1f5d}",
            "channel" : "System",
            "event_data" : {
              "HiveNameLength" : "119",
              "HiveName" : "\\??\\C:\\Users\\Administrator\\AppData\\Local\\Packages\\Microsoft.Media.PlayReadyClient.2_8wekyb3d8bbwe\\Settings\\settings.dat",
              "DirtyPages" : "0",
              "KeysUpdated" : "0"
            },
            "api" : "wineventlog",
            "opcode" : "資訊",
            "provider_name" : "Microsoft-Windows-Kernel-General",
            "user" : {
              "identifier" : "S-1-5-21-913095808-1976597276-3100954228-500"
            }
          },
          "ecs" : {
            "version" : "8.0.0"
          },
          "log" : {
            "file" : {
              "path" : "D:\\AIXSOAR\\IDS_2018\\logs_2018-02-15\\DESKTOP-AN3U28N-172.31.64.54.evtx"
            },
            "level" : "資訊"
          },
          "host" : {
            "os" : {
              "type" : "windows",
              "family" : "windows"
            },
            "name" : "DESKTOP-AN3U28N"
          },
          "event" : {
            "ingested" : "2024-03-29T07:27:03.234675295Z",
            "code" : "16",
            "provider" : "Microsoft-Windows-Kernel-General",
            "created" : "2024-03-29T07:26:58.588Z",
            "kind" : "event",
            "action" : "None"
          },
          "message" : "已清除登錄區 \\??\\C:\\Users\\Administrator\\AppData\\Local\\Packages\\Microsoft.Media.PlayReadyClient.2_8wekyb3d8bbwe\\Settings\\settings.dat 中的存取歷程記錄，更新了 0 個機碼並建立了 0 個修改的頁面。"
        }
      },
      {
        "_index" : "ids-2018-172.31.64.54",
        "_id" : "Z_gaiY4B6U4O_9c53odM",
        "_score" : 0.0,
        "_source" : {
          "agent" : {
            "name" : "CHPIYR2",
            "id" : "60d66234-2dc5-408a-9a6e-a0a6278a7ae3",
            "type" : "winlogbeat",
            "ephemeral_id" : "a38bfb66-0be3-4ce7-b3df-f61ec8d052f8",
            "version" : "8.11.3"
          },
          "@timestamp" : "2018-01-25T01:17:07.363Z",
          "winlog" : {
            "computer_name" : "DESKTOP-AN3U28N",
            "record_id" : 1757,
            "process" : {
              "pid" : 64,
              "thread" : {
                "id" : 5140
              }
            },
            "event_id" : "16",
            "task" : "None",
            "provider_guid" : "{a68ca8b7-004f-d7b6-a698-07e2de0f1f5d}",
            "channel" : "System",
            "api" : "wineventlog",
            "event_data" : {
              "HiveNameLength" : "198",
              "DirtyPages" : "0",
              "HiveName" : "\\??\\C:\\Users\\Administrator\\AppData\\Local\\Packages\\Microsoft.Media.PlayReadyClient.2_8wekyb3d8bbwe\\Microsoft.Media.PlayReadyClient.2_2.11.2154.0_x64__8wekyb3d8bbwe\\ActivationStore\\ActivationStore.dat",
              "KeysUpdated" : "0"
            },
            "opcode" : "資訊",
            "provider_name" : "Microsoft-Windows-Kernel-General",
            "user" : {
              "identifier" : "S-1-5-21-913095808-1976597276-3100954228-500"
            }
          },
          "ecs" : {
            "version" : "8.0.0"
          },
          "log" : {
            "file" : {
              "path" : "D:\\AIXSOAR\\IDS_2018\\logs_2018-02-15\\DESKTOP-AN3U28N-172.31.64.54.evtx"
            },
            "level" : "資訊"
          },
          "host" : {
            "os" : {
              "type" : "windows",
              "family" : "windows"
            },
            "name" : "DESKTOP-AN3U28N"
          },
          "event" : {
            "ingested" : "2024-03-29T07:27:03.234755085Z",
            "code" : "16",
            "provider" : "Microsoft-Windows-Kernel-General",
            "kind" : "event",
            "created" : "2024-03-29T07:26:58.588Z",
            "action" : "None"
          },
          "message" : "已清除登錄區 \\??\\C:\\Users\\Administrator\\AppData\\Local\\Packages\\Microsoft.Media.PlayReadyClient.2_8wekyb3d8bbwe\\Microsoft.Media.PlayReadyClient.2_2.11.2154.0_x64__8wekyb3d8bbwe\\ActivationStore\\ActivationStore.dat 中的存取歷程記錄，更新了 0 個機碼並建立了 0 個修改的頁面。"
        }
      },
      {
        "_index" : "ids-2018-172.31.64.54",
        "_id" : "aPgaiY4B6U4O_9c53odM",
        "_score" : 0.0,
        "_source" : {
          "agent" : {
            "name" : "CHPIYR2",
            "id" : "60d66234-2dc5-408a-9a6e-a0a6278a7ae3",
            "type" : "winlogbeat",
            "ephemeral_id" : "a38bfb66-0be3-4ce7-b3df-f61ec8d052f8",
            "version" : "8.11.3"
          },
          "@timestamp" : "2018-01-25T01:17:08.272Z",
          "winlog" : {
            "computer_name" : "DESKTOP-AN3U28N",
            "process" : {
              "pid" : 756,
              "thread" : {
                "id" : 4776
              }
            },
            "keywords" : [
              "安裝",
              "已開始"
            ],
            "channel" : "System",
            "event_data" : {
              "updateRevisionNumber" : "1",
              "updateGuid" : "{bd462f2b-85f4-4c61-9a0e-4c36a4a4fe25}",
              "updateTitle" : "9WZDNCRFJBKH-Microsoft.Media.PlayReadyClient.2"
            },
            "opcode" : "安裝",
            "version" : 1,
            "record_id" : 1758,
            "event_id" : "43",
            "task" : "Windows Update 代理程式",
            "provider_guid" : "{945a8954-c147-4acd-923f-40c45405a658}",
            "api" : "wineventlog",
            "provider_name" : "Microsoft-Windows-WindowsUpdateClient",
            "user" : {
              "identifier" : "S-1-5-18",
              "domain" : "NT AUTHORITY",
              "name" : "SYSTEM",
              "type" : "Well Known Group"
            }
          },
          "ecs" : {
            "version" : "8.0.0"
          },
          "log" : {
            "file" : {
              "path" : "D:\\AIXSOAR\\IDS_2018\\logs_2018-02-15\\DESKTOP-AN3U28N-172.31.64.54.evtx"
            },
            "level" : "資訊"
          },
          "host" : {
            "os" : {
              "type" : "windows",
              "family" : "windows"
            },
            "name" : "DESKTOP-AN3U28N"
          },
          "message" : "已開始安裝: Windows 已開始安裝下列更新: 9WZDNCRFJBKH-Microsoft.Media.PlayReadyClient.2",
          "event" : {
            "ingested" : "2024-03-29T07:27:03.234833478Z",
            "code" : "43",
            "provider" : "Microsoft-Windows-WindowsUpdateClient",
            "kind" : "event",
            "created" : "2024-03-29T07:26:58.588Z",
            "action" : "Windows Update 代理程式"
          }
        }
      },
      {
        "_index" : "ids-2018-172.31.64.54",
        "_id" : "afgaiY4B6U4O_9c53odM",
        "_score" : 0.0,
        "_source" : {
          "agent" : {
            "name" : "CHPIYR2",
            "id" : "60d66234-2dc5-408a-9a6e-a0a6278a7ae3",
            "type" : "winlogbeat",
            "ephemeral_id" : "a38bfb66-0be3-4ce7-b3df-f61ec8d052f8",
            "version" : "8.11.3"
          },
          "@timestamp" : "2018-01-25T01:17:09.976Z",
          "winlog" : {
            "record_id" : 1759,
            "computer_name" : "DESKTOP-AN3U28N",
            "process" : {
              "pid" : 64,
              "thread" : {
                "id" : 5140
              }
            },
            "task" : "None",
            "event_id" : "16",
            "provider_guid" : "{a68ca8b7-004f-d7b6-a698-07e2de0f1f5d}",
            "channel" : "System",
            "event_data" : {
              "HiveNameLength" : "109",
              "HiveName" : "\\??\\C:\\Users\\Administrator\\AppData\\Local\\Packages\\Microsoft.VCLibs.120.00_8wekyb3d8bbwe\\Settings\\settings.dat",
              "DirtyPages" : "0",
              "KeysUpdated" : "0"
            },
            "api" : "wineventlog",
            "provider_name" : "Microsoft-Windows-Kernel-General",
            "opcode" : "資訊",
            "user" : {
              "identifier" : "S-1-5-21-913095808-1976597276-3100954228-500"
            }
          },
          "ecs" : {
            "version" : "8.0.0"
          },
          "log" : {
            "file" : {
              "path" : "D:\\AIXSOAR\\IDS_2018\\logs_2018-02-15\\DESKTOP-AN3U28N-172.31.64.54.evtx"
            },
            "level" : "資訊"
          },
          "host" : {
            "os" : {
              "type" : "windows",
              "family" : "windows"
            },
            "name" : "DESKTOP-AN3U28N"
          },
          "event" : {
            "ingested" : "2024-03-29T07:27:03.234908986Z",
            "code" : "16",
            "provider" : "Microsoft-Windows-Kernel-General",
            "kind" : "event",
            "created" : "2024-03-29T07:26:58.588Z",
            "action" : "None"
          },
          "message" : "已清除登錄區 \\??\\C:\\Users\\Administrator\\AppData\\Local\\Packages\\Microsoft.VCLibs.120.00_8wekyb3d8bbwe\\Settings\\settings.dat 中的存取歷程記錄，更新了 0 個機碼並建立了 0 個修改的頁面。"
        }
      },
      {
        "_index" : "ids-2018-172.31.64.54",
        "_id" : "avgaiY4B6U4O_9c53odM",
        "_score" : 0.0,
        "_source" : {
          "agent" : {
            "name" : "CHPIYR2",
            "id" : "60d66234-2dc5-408a-9a6e-a0a6278a7ae3",
            "type" : "winlogbeat",
            "ephemeral_id" : "a38bfb66-0be3-4ce7-b3df-f61ec8d052f8",
            "version" : "8.11.3"
          },
          "@timestamp" : "2018-01-25T01:17:12.375Z",
          "winlog" : {
            "computer_name" : "DESKTOP-AN3U28N",
            "process" : {
              "pid" : 756,
              "thread" : {
                "id" : 4776
              }
            },
            "keywords" : [
              "安裝",
              "成功"
            ],
            "channel" : "System",
            "event_data" : {
              "updateRevisionNumber" : "1",
              "updateGuid" : "{bd462f2b-85f4-4c61-9a0e-4c36a4a4fe25}",
              "serviceGuid" : "{855e8a7c-ecb4-4ca3-b045-1dfa50104289}",
              "updateTitle" : "9WZDNCRFJBKH-Microsoft.Media.PlayReadyClient.2"
            },
            "opcode" : "安裝",
            "version" : 1,
            "record_id" : 1760,
            "task" : "Windows Update 代理程式",
            "event_id" : "19",
            "provider_guid" : "{945a8954-c147-4acd-923f-40c45405a658}",
            "api" : "wineventlog",
            "provider_name" : "Microsoft-Windows-WindowsUpdateClient",
            "user" : {
              "identifier" : "S-1-5-18",
              "domain" : "NT AUTHORITY",
              "name" : "SYSTEM",
              "type" : "Well Known Group"
            }
          },
          "ecs" : {
            "version" : "8.0.0"
          },
          "log" : {
            "file" : {
              "path" : "D:\\AIXSOAR\\IDS_2018\\logs_2018-02-15\\DESKTOP-AN3U28N-172.31.64.54.evtx"
            },
            "level" : "資訊"
          },
          "host" : {
            "os" : {
              "type" : "windows",
              "family" : "windows"
            },
            "name" : "DESKTOP-AN3U28N"
          },
          "event" : {
            "ingested" : "2024-03-29T07:27:03.234985749Z",
            "code" : "19",
            "provider" : "Microsoft-Windows-WindowsUpdateClient",
            "created" : "2024-03-29T07:26:58.588Z",
            "kind" : "event",
            "action" : "Windows Update 代理程式"
          },
          "message" : "安裝成功: Windows 已順利安裝下列更新: 9WZDNCRFJBKH-Microsoft.Media.PlayReadyClient.2"
        }
      },
      {
        "_index" : "ids-2018-172.31.64.54",
        "_id" : "a_gaiY4B6U4O_9c53odM",
        "_score" : 0.0,
        "_source" : {
          "agent" : {
            "name" : "CHPIYR2",
            "id" : "60d66234-2dc5-408a-9a6e-a0a6278a7ae3",
            "type" : "winlogbeat",
            "ephemeral_id" : "a38bfb66-0be3-4ce7-b3df-f61ec8d052f8",
            "version" : "8.11.3"
          },
          "@timestamp" : "2018-01-25T01:17:12.375Z",
          "winlog" : {
            "computer_name" : "DESKTOP-AN3U28N",
            "process" : {
              "pid" : 756,
              "thread" : {
                "id" : 4776
              }
            },
            "keywords" : [
              "安裝",
              "已開始"
            ],
            "channel" : "System",
            "event_data" : {
              "updateRevisionNumber" : "1",
              "updateGuid" : "{d770877e-5a92-4532-a2e3-1d9150ebbbf1}",
              "updateTitle" : "9WZDNCRFJ9RM-Microsoft.VCLibs.120.00"
            },
            "opcode" : "安裝",
            "version" : 1,
            "record_id" : 1761,
            "task" : "Windows Update 代理程式",
            "event_id" : "43",
            "provider_guid" : "{945a8954-c147-4acd-923f-40c45405a658}",
            "api" : "wineventlog",
            "provider_name" : "Microsoft-Windows-WindowsUpdateClient",
            "user" : {
              "identifier" : "S-1-5-18",
              "domain" : "NT AUTHORITY",
              "name" : "SYSTEM",
              "type" : "Well Known Group"
            }
          },
          "ecs" : {
            "version" : "8.0.0"
          },
          "log" : {
            "file" : {
              "path" : "D:\\AIXSOAR\\IDS_2018\\logs_2018-02-15\\DESKTOP-AN3U28N-172.31.64.54.evtx"
            },
            "level" : "資訊"
          },
          "host" : {
            "os" : {
              "type" : "windows",
              "family" : "windows"
            },
            "name" : "DESKTOP-AN3U28N"
          },
          "message" : "已開始安裝: Windows 已開始安裝下列更新: 9WZDNCRFJ9RM-Microsoft.VCLibs.120.00",
          "event" : {
            "ingested" : "2024-03-29T07:27:03.235064741Z",
            "code" : "43",
            "provider" : "Microsoft-Windows-WindowsUpdateClient",
            "created" : "2024-03-29T07:26:58.588Z",
            "kind" : "event",
            "action" : "Windows Update 代理程式"
          }
        }
      },
      {
        "_index" : "ids-2018-172.31.64.54",
        "_id" : "bPgaiY4B6U4O_9c53odM",
        "_score" : 0.0,
        "_source" : {
          "agent" : {
            "name" : "CHPIYR2",
            "id" : "60d66234-2dc5-408a-9a6e-a0a6278a7ae3",
            "type" : "winlogbeat",
            "ephemeral_id" : "a38bfb66-0be3-4ce7-b3df-f61ec8d052f8",
            "version" : "8.11.3"
          },
          "@timestamp" : "2018-01-25T01:17:17.150Z",
          "winlog" : {
            "computer_name" : "DESKTOP-AN3U28N",
            "record_id" : 1762,
            "process" : {
              "pid" : 64,
              "thread" : {
                "id" : 5140
              }
            },
            "event_id" : "16",
            "task" : "None",
            "provider_guid" : "{a68ca8b7-004f-d7b6-a698-07e2de0f1f5d}",
            "channel" : "System",
            "event_data" : {
              "HiveNameLength" : "121",
              "DirtyPages" : "0",
              "HiveName" : "\\??\\C:\\Users\\Administrator\\AppData\\Local\\Packages\\Microsoft.WindowsPreview.Kinect.8.1_8wekyb3d8bbwe\\Settings\\settings.dat",
              "KeysUpdated" : "0"
            },
            "api" : "wineventlog",
            "opcode" : "資訊",
            "provider_name" : "Microsoft-Windows-Kernel-General",
            "user" : {
              "identifier" : "S-1-5-21-913095808-1976597276-3100954228-500"
            }
          },
          "ecs" : {
            "version" : "8.0.0"
          },
          "log" : {
            "file" : {
              "path" : "D:\\AIXSOAR\\IDS_2018\\logs_2018-02-15\\DESKTOP-AN3U28N-172.31.64.54.evtx"
            },
            "level" : "資訊"
          },
          "host" : {
            "os" : {
              "type" : "windows",
              "family" : "windows"
            },
            "name" : "DESKTOP-AN3U28N"
          },
          "event" : {
            "ingested" : "2024-03-29T07:27:03.235140256Z",
            "code" : "16",
            "provider" : "Microsoft-Windows-Kernel-General",
            "created" : "2024-03-29T07:26:58.588Z",
            "kind" : "event",
            "action" : "None"
          },
          "message" : "已清除登錄區 \\??\\C:\\Users\\Administrator\\AppData\\Local\\Packages\\Microsoft.WindowsPreview.Kinect.8.1_8wekyb3d8bbwe\\Settings\\settings.dat 中的存取歷程記錄，更新了 0 個機碼並建立了 0 個修改的頁面。"
        }
      },
      {
        "_index" : "ids-2018-172.31.64.54",
        "_id" : "3fgfiY4B6U4O_9c56LYS",
        "_score" : 0.0,
        "_source" : {
          "agent" : {
            "name" : "CHPIYR2",
            "id" : "60d66234-2dc5-408a-9a6e-a0a6278a7ae3",
            "type" : "winlogbeat",
            "ephemeral_id" : "6a77f265-064f-4f9a-b644-2b115b221d8a",
            "version" : "8.11.3"
          },
          "@timestamp" : "2018-01-25T01:16:49.314Z",
          "winlog" : {
            "computer_name" : "DESKTOP-AN3U28N",
            "process" : {
              "pid" : 680,
              "thread" : {
                "id" : 4976
              }
            },
            "keywords" : [
              "傳統"
            ],
            "channel" : "System",
            "event_data" : {
              "param3" : "auto start",
              "param4" : "BITS",
              "param1" : "Background Intelligent Transfer Service",
              "param2" : "demand start"
            },
            "opcode" : "Info",
            "record_id" : 1751,
            "task" : "None",
            "event_id" : "7040",
            "provider_guid" : "{555908d1-a6d7-4695-8e1e-26931d2012f4}",
            "api" : "wineventlog",
            "provider_name" : "Service Control Manager",
            "user" : {
              "identifier" : "S-1-5-18",
              "domain" : "NT AUTHORITY",
              "name" : "SYSTEM",
              "type" : "Well Known Group"
            }
          },
          "ecs" : {
            "version" : "8.0.0"
          },
          "log" : {
            "file" : {
              "path" : "D:\\AIXSOAR\\IDS_2018\\logs_2018-03-02\\DESKTOP-AN3U28N-172.31.64.54.evtx"
            },
            "level" : "資訊"
          },
          "host" : {
            "os" : {
              "type" : "windows",
              "family" : "windows"
            },
            "name" : "DESKTOP-AN3U28N"
          },
          "event" : {
            "ingested" : "2024-03-29T07:32:33.424064448Z",
            "code" : "7040",
            "provider" : "Service Control Manager",
            "created" : "2024-03-29T07:32:32.501Z",
            "kind" : "event",
            "action" : "None"
          },
          "message" : "Background Intelligent Transfer Service 服務的啟動類型已從 demand start 變更為 auto start。"
        }
      },
      {
        "_index" : "ids-2018-172.31.64.54",
        "_id" : "3vgfiY4B6U4O_9c56LYS",
        "_score" : 0.0,
        "_source" : {
          "agent" : {
            "name" : "CHPIYR2",
            "id" : "60d66234-2dc5-408a-9a6e-a0a6278a7ae3",
            "type" : "winlogbeat",
            "ephemeral_id" : "6a77f265-064f-4f9a-b644-2b115b221d8a",
            "version" : "8.11.3"
          },
          "@timestamp" : "2018-01-25T01:16:50.285Z",
          "winlog" : {
            "computer_name" : "DESKTOP-AN3U28N",
            "process" : {
              "pid" : 756,
              "thread" : {
                "id" : 4776
              }
            },
            "keywords" : [
              "下載",
              "已開始"
            ],
            "channel" : "System",
            "event_data" : {
              "updateRevisionNumber" : "1",
              "updateGuid" : "{1949b524-a586-4b98-bddb-62b8dbc82bcb}",
              "updateTitle" : "9WZDNCRFHVJL-Microsoft.Office.OneNote"
            },
            "opcode" : "下載",
            "version" : 1,
            "record_id" : 1752,
            "task" : "Windows Update 代理程式",
            "event_id" : "44",
            "provider_guid" : "{945a8954-c147-4acd-923f-40c45405a658}",
            "api" : "wineventlog",
            "provider_name" : "Microsoft-Windows-WindowsUpdateClient",
            "user" : {
              "identifier" : "S-1-5-18",
              "domain" : "NT AUTHORITY",
              "name" : "SYSTEM",
              "type" : "Well Known Group"
            }
          },
          "ecs" : {
            "version" : "8.0.0"
          },
          "log" : {
            "file" : {
              "path" : "D:\\AIXSOAR\\IDS_2018\\logs_2018-03-02\\DESKTOP-AN3U28N-172.31.64.54.evtx"
            },
            "level" : "資訊"
          },
          "host" : {
            "os" : {
              "type" : "windows",
              "family" : "windows"
            },
            "name" : "DESKTOP-AN3U28N"
          },
          "event" : {
            "ingested" : "2024-03-29T07:32:33.424386149Z",
            "code" : "44",
            "provider" : "Microsoft-Windows-WindowsUpdateClient",
            "kind" : "event",
            "created" : "2024-03-29T07:32:32.501Z",
            "action" : "Windows Update 代理程式"
          },
          "message" : "Windows Update 已開始下載更新。"
        }
      },
      {
        "_index" : "ids-2018-172.31.64.54",
        "_id" : "3_gfiY4B6U4O_9c56LYS",
        "_score" : 0.0,
        "_source" : {
          "agent" : {
            "name" : "CHPIYR2",
            "id" : "60d66234-2dc5-408a-9a6e-a0a6278a7ae3",
            "type" : "winlogbeat",
            "ephemeral_id" : "6a77f265-064f-4f9a-b644-2b115b221d8a",
            "version" : "8.11.3"
          },
          "@timestamp" : "2018-01-25T01:16:57.332Z",
          "winlog" : {
            "computer_name" : "DESKTOP-AN3U28N",
            "process" : {
              "pid" : 756,
              "thread" : {
                "id" : 4776
              }
            },
            "keywords" : [
              "下載",
              "已開始"
            ],
            "channel" : "System",
            "event_data" : {
              "updateRevisionNumber" : "1",
              "updateGuid" : "{bd462f2b-85f4-4c61-9a0e-4c36a4a4fe25}",
              "updateTitle" : "9WZDNCRFJBKH-Microsoft.Media.PlayReadyClient.2"
            },
            "opcode" : "下載",
            "version" : 1,
            "record_id" : 1753,
            "task" : "Windows Update 代理程式",
            "event_id" : "44",
            "provider_guid" : "{945a8954-c147-4acd-923f-40c45405a658}",
            "api" : "wineventlog",
            "provider_name" : "Microsoft-Windows-WindowsUpdateClient",
            "user" : {
              "identifier" : "S-1-5-18",
              "domain" : "NT AUTHORITY",
              "name" : "SYSTEM",
              "type" : "Well Known Group"
            }
          },
          "ecs" : {
            "version" : "8.0.0"
          },
          "log" : {
            "file" : {
              "path" : "D:\\AIXSOAR\\IDS_2018\\logs_2018-03-02\\DESKTOP-AN3U28N-172.31.64.54.evtx"
            },
            "level" : "資訊"
          },
          "host" : {
            "os" : {
              "type" : "windows",
              "family" : "windows"
            },
            "name" : "DESKTOP-AN3U28N"
          },
          "event" : {
            "ingested" : "2024-03-29T07:32:33.424441622Z",
            "code" : "44",
            "provider" : "Microsoft-Windows-WindowsUpdateClient",
            "created" : "2024-03-29T07:32:32.502Z",
            "kind" : "event",
            "action" : "Windows Update 代理程式"
          },
          "message" : "Windows Update 已開始下載更新。"
        }
      },
      {
        "_index" : "ids-2018-172.31.64.54",
        "_id" : "4PgfiY4B6U4O_9c56LYS",
        "_score" : 0.0,
        "_source" : {
          "agent" : {
            "name" : "CHPIYR2",
            "id" : "60d66234-2dc5-408a-9a6e-a0a6278a7ae3",
            "type" : "winlogbeat",
            "ephemeral_id" : "6a77f265-064f-4f9a-b644-2b115b221d8a",
            "version" : "8.11.3"
          },
          "@timestamp" : "2018-01-25T01:17:00.987Z",
          "winlog" : {
            "computer_name" : "DESKTOP-AN3U28N",
            "process" : {
              "pid" : 756,
              "thread" : {
                "id" : 4776
              }
            },
            "keywords" : [
              "下載",
              "已開始"
            ],
            "channel" : "System",
            "event_data" : {
              "updateRevisionNumber" : "1",
              "updateGuid" : "{d770877e-5a92-4532-a2e3-1d9150ebbbf1}",
              "updateTitle" : "9WZDNCRFJ9RM-Microsoft.VCLibs.120.00"
            },
            "opcode" : "下載",
            "version" : 1,
            "record_id" : 1754,
            "event_id" : "44",
            "task" : "Windows Update 代理程式",
            "provider_guid" : "{945a8954-c147-4acd-923f-40c45405a658}",
            "api" : "wineventlog",
            "provider_name" : "Microsoft-Windows-WindowsUpdateClient",
            "user" : {
              "identifier" : "S-1-5-18",
              "domain" : "NT AUTHORITY",
              "name" : "SYSTEM",
              "type" : "Well Known Group"
            }
          },
          "ecs" : {
            "version" : "8.0.0"
          },
          "log" : {
            "file" : {
              "path" : "D:\\AIXSOAR\\IDS_2018\\logs_2018-03-02\\DESKTOP-AN3U28N-172.31.64.54.evtx"
            },
            "level" : "資訊"
          },
          "host" : {
            "os" : {
              "type" : "windows",
              "family" : "windows"
            },
            "name" : "DESKTOP-AN3U28N"
          },
          "message" : "Windows Update 已開始下載更新。",
          "event" : {
            "ingested" : "2024-03-29T07:32:33.424483273Z",
            "code" : "44",
            "provider" : "Microsoft-Windows-WindowsUpdateClient",
            "created" : "2024-03-29T07:32:32.502Z",
            "kind" : "event",
            "action" : "Windows Update 代理程式"
          }
        }
      },
      {
        "_index" : "ids-2018-172.31.64.54",
        "_id" : "4fgfiY4B6U4O_9c56LYS",
        "_score" : 0.0,
        "_source" : {
          "agent" : {
            "name" : "CHPIYR2",
            "id" : "60d66234-2dc5-408a-9a6e-a0a6278a7ae3",
            "type" : "winlogbeat",
            "ephemeral_id" : "6a77f265-064f-4f9a-b644-2b115b221d8a",
            "version" : "8.11.3"
          },
          "@timestamp" : "2018-01-25T01:17:00.987Z",
          "winlog" : {
            "computer_name" : "DESKTOP-AN3U28N",
            "process" : {
              "pid" : 756,
              "thread" : {
                "id" : 4776
              }
            },
            "keywords" : [
              "下載",
              "已開始"
            ],
            "channel" : "System",
            "event_data" : {
              "updateRevisionNumber" : "1",
              "updateGuid" : "{c1d25a14-d481-47c1-980a-d943d88c73ee}",
              "updateTitle" : "9WZDNCRFJBJV-Microsoft.WindowsPreview.Kinect.8.1"
            },
            "opcode" : "下載",
            "version" : 1,
            "record_id" : 1755,
            "task" : "Windows Update 代理程式",
            "event_id" : "44",
            "provider_guid" : "{945a8954-c147-4acd-923f-40c45405a658}",
            "api" : "wineventlog",
            "provider_name" : "Microsoft-Windows-WindowsUpdateClient",
            "user" : {
              "identifier" : "S-1-5-18",
              "domain" : "NT AUTHORITY",
              "name" : "SYSTEM",
              "type" : "Well Known Group"
            }
          },
          "ecs" : {
            "version" : "8.0.0"
          },
          "log" : {
            "file" : {
              "path" : "D:\\AIXSOAR\\IDS_2018\\logs_2018-03-02\\DESKTOP-AN3U28N-172.31.64.54.evtx"
            },
            "level" : "資訊"
          },
          "host" : {
            "os" : {
              "type" : "windows",
              "family" : "windows"
            },
            "name" : "DESKTOP-AN3U28N"
          },
          "event" : {
            "ingested" : "2024-03-29T07:32:33.424519247Z",
            "code" : "44",
            "provider" : "Microsoft-Windows-WindowsUpdateClient",
            "created" : "2024-03-29T07:32:32.502Z",
            "kind" : "event",
            "action" : "Windows Update 代理程式"
          },
          "message" : "Windows Update 已開始下載更新。"
        }
      },
      {
        "_index" : "ids-2018-172.31.64.54",
        "_id" : "4vgfiY4B6U4O_9c56LYS",
        "_score" : 0.0,
        "_source" : {
          "agent" : {
            "name" : "CHPIYR2",
            "id" : "60d66234-2dc5-408a-9a6e-a0a6278a7ae3",
            "type" : "winlogbeat",
            "ephemeral_id" : "6a77f265-064f-4f9a-b644-2b115b221d8a",
            "version" : "8.11.3"
          },
          "@timestamp" : "2018-01-25T01:17:06.559Z",
          "winlog" : {
            "computer_name" : "DESKTOP-AN3U28N",
            "record_id" : 1756,
            "process" : {
              "pid" : 64,
              "thread" : {
                "id" : 5140
              }
            },
            "event_id" : "16",
            "task" : "None",
            "provider_guid" : "{a68ca8b7-004f-d7b6-a698-07e2de0f1f5d}",
            "channel" : "System",
            "api" : "wineventlog",
            "event_data" : {
              "HiveNameLength" : "119",
              "HiveName" : "\\??\\C:\\Users\\Administrator\\AppData\\Local\\Packages\\Microsoft.Media.PlayReadyClient.2_8wekyb3d8bbwe\\Settings\\settings.dat",
              "DirtyPages" : "0",
              "KeysUpdated" : "0"
            },
            "opcode" : "資訊",
            "provider_name" : "Microsoft-Windows-Kernel-General",
            "user" : {
              "identifier" : "S-1-5-21-913095808-1976597276-3100954228-500"
            }
          },
          "ecs" : {
            "version" : "8.0.0"
          },
          "log" : {
            "file" : {
              "path" : "D:\\AIXSOAR\\IDS_2018\\logs_2018-03-02\\DESKTOP-AN3U28N-172.31.64.54.evtx"
            },
            "level" : "資訊"
          },
          "host" : {
            "os" : {
              "type" : "windows",
              "family" : "windows"
            },
            "name" : "DESKTOP-AN3U28N"
          },
          "message" : "已清除登錄區 \\??\\C:\\Users\\Administrator\\AppData\\Local\\Packages\\Microsoft.Media.PlayReadyClient.2_8wekyb3d8bbwe\\Settings\\settings.dat 中的存取歷程記錄，更新了 0 個機碼並建立了 0 個修改的頁面。",
          "event" : {
            "ingested" : "2024-03-29T07:32:33.424557046Z",
            "code" : "16",
            "provider" : "Microsoft-Windows-Kernel-General",
            "kind" : "event",
            "created" : "2024-03-29T07:32:32.502Z",
            "action" : "None"
          }
        }
      },
      {
        "_index" : "ids-2018-172.31.64.54",
        "_id" : "4_gfiY4B6U4O_9c56LYS",
        "_score" : 0.0,
        "_source" : {
          "agent" : {
            "name" : "CHPIYR2",
            "id" : "60d66234-2dc5-408a-9a6e-a0a6278a7ae3",
            "type" : "winlogbeat",
            "ephemeral_id" : "6a77f265-064f-4f9a-b644-2b115b221d8a",
            "version" : "8.11.3"
          },
          "@timestamp" : "2018-01-25T01:17:07.363Z",
          "winlog" : {
            "record_id" : 1757,
            "computer_name" : "DESKTOP-AN3U28N",
            "process" : {
              "pid" : 64,
              "thread" : {
                "id" : 5140
              }
            },
            "event_id" : "16",
            "task" : "None",
            "provider_guid" : "{a68ca8b7-004f-d7b6-a698-07e2de0f1f5d}",
            "channel" : "System",
            "event_data" : {
              "HiveNameLength" : "198",
              "DirtyPages" : "0",
              "HiveName" : "\\??\\C:\\Users\\Administrator\\AppData\\Local\\Packages\\Microsoft.Media.PlayReadyClient.2_8wekyb3d8bbwe\\Microsoft.Media.PlayReadyClient.2_2.11.2154.0_x64__8wekyb3d8bbwe\\ActivationStore\\ActivationStore.dat",
              "KeysUpdated" : "0"
            },
            "api" : "wineventlog",
            "opcode" : "資訊",
            "provider_name" : "Microsoft-Windows-Kernel-General",
            "user" : {
              "identifier" : "S-1-5-21-913095808-1976597276-3100954228-500"
            }
          },
          "ecs" : {
            "version" : "8.0.0"
          },
          "log" : {
            "file" : {
              "path" : "D:\\AIXSOAR\\IDS_2018\\logs_2018-03-02\\DESKTOP-AN3U28N-172.31.64.54.evtx"
            },
            "level" : "資訊"
          },
          "host" : {
            "os" : {
              "type" : "windows",
              "family" : "windows"
            },
            "name" : "DESKTOP-AN3U28N"
          },
          "event" : {
            "ingested" : "2024-03-29T07:32:33.424592875Z",
            "code" : "16",
            "provider" : "Microsoft-Windows-Kernel-General",
            "created" : "2024-03-29T07:32:32.502Z",
            "kind" : "event",
            "action" : "None"
          },
          "message" : "已清除登錄區 \\??\\C:\\Users\\Administrator\\AppData\\Local\\Packages\\Microsoft.Media.PlayReadyClient.2_8wekyb3d8bbwe\\Microsoft.Media.PlayReadyClient.2_2.11.2154.0_x64__8wekyb3d8bbwe\\ActivationStore\\ActivationStore.dat 中的存取歷程記錄，更新了 0 個機碼並建立了 0 個修改的頁面。"
        }
      },
      {
        "_index" : "ids-2018-172.31.64.54",
        "_id" : "5PgfiY4B6U4O_9c56LYS",
        "_score" : 0.0,
        "_source" : {
          "agent" : {
            "name" : "CHPIYR2",
            "id" : "60d66234-2dc5-408a-9a6e-a0a6278a7ae3",
            "type" : "winlogbeat",
            "ephemeral_id" : "6a77f265-064f-4f9a-b644-2b115b221d8a",
            "version" : "8.11.3"
          },
          "@timestamp" : "2018-01-25T01:17:08.272Z",
          "winlog" : {
            "computer_name" : "DESKTOP-AN3U28N",
            "process" : {
              "pid" : 756,
              "thread" : {
                "id" : 4776
              }
            },
            "keywords" : [
              "安裝",
              "已開始"
            ],
            "channel" : "System",
            "event_data" : {
              "updateRevisionNumber" : "1",
              "updateGuid" : "{bd462f2b-85f4-4c61-9a0e-4c36a4a4fe25}",
              "updateTitle" : "9WZDNCRFJBKH-Microsoft.Media.PlayReadyClient.2"
            },
            "opcode" : "安裝",
            "version" : 1,
            "record_id" : 1758,
            "event_id" : "43",
            "task" : "Windows Update 代理程式",
            "provider_guid" : "{945a8954-c147-4acd-923f-40c45405a658}",
            "api" : "wineventlog",
            "provider_name" : "Microsoft-Windows-WindowsUpdateClient",
            "user" : {
              "identifier" : "S-1-5-18",
              "domain" : "NT AUTHORITY",
              "name" : "SYSTEM",
              "type" : "Well Known Group"
            }
          },
          "ecs" : {
            "version" : "8.0.0"
          },
          "log" : {
            "file" : {
              "path" : "D:\\AIXSOAR\\IDS_2018\\logs_2018-03-02\\DESKTOP-AN3U28N-172.31.64.54.evtx"
            },
            "level" : "資訊"
          },
          "host" : {
            "os" : {
              "type" : "windows",
              "family" : "windows"
            },
            "name" : "DESKTOP-AN3U28N"
          },
          "event" : {
            "ingested" : "2024-03-29T07:32:33.424626338Z",
            "code" : "43",
            "provider" : "Microsoft-Windows-WindowsUpdateClient",
            "kind" : "event",
            "created" : "2024-03-29T07:32:32.502Z",
            "action" : "Windows Update 代理程式"
          },
          "message" : "已開始安裝: Windows 已開始安裝下列更新: 9WZDNCRFJBKH-Microsoft.Media.PlayReadyClient.2"
        }
      },
      {
        "_index" : "ids-2018-172.31.64.54",
        "_id" : "5fgfiY4B6U4O_9c56LYS",
        "_score" : 0.0,
        "_source" : {
          "agent" : {
            "name" : "CHPIYR2",
            "id" : "60d66234-2dc5-408a-9a6e-a0a6278a7ae3",
            "type" : "winlogbeat",
            "ephemeral_id" : "6a77f265-064f-4f9a-b644-2b115b221d8a",
            "version" : "8.11.3"
          },
          "@timestamp" : "2018-01-25T01:17:09.976Z",
          "winlog" : {
            "computer_name" : "DESKTOP-AN3U28N",
            "record_id" : 1759,
            "process" : {
              "pid" : 64,
              "thread" : {
                "id" : 5140
              }
            },
            "event_id" : "16",
            "task" : "None",
            "provider_guid" : "{a68ca8b7-004f-d7b6-a698-07e2de0f1f5d}",
            "channel" : "System",
            "api" : "wineventlog",
            "event_data" : {
              "HiveNameLength" : "109",
              "DirtyPages" : "0",
              "HiveName" : "\\??\\C:\\Users\\Administrator\\AppData\\Local\\Packages\\Microsoft.VCLibs.120.00_8wekyb3d8bbwe\\Settings\\settings.dat",
              "KeysUpdated" : "0"
            },
            "provider_name" : "Microsoft-Windows-Kernel-General",
            "opcode" : "資訊",
            "user" : {
              "identifier" : "S-1-5-21-913095808-1976597276-3100954228-500"
            }
          },
          "ecs" : {
            "version" : "8.0.0"
          },
          "log" : {
            "file" : {
              "path" : "D:\\AIXSOAR\\IDS_2018\\logs_2018-03-02\\DESKTOP-AN3U28N-172.31.64.54.evtx"
            },
            "level" : "資訊"
          },
          "host" : {
            "os" : {
              "type" : "windows",
              "family" : "windows"
            },
            "name" : "DESKTOP-AN3U28N"
          },
          "event" : {
            "ingested" : "2024-03-29T07:32:33.424656751Z",
            "code" : "16",
            "provider" : "Microsoft-Windows-Kernel-General",
            "created" : "2024-03-29T07:32:32.502Z",
            "kind" : "event",
            "action" : "None"
          },
          "message" : "已清除登錄區 \\??\\C:\\Users\\Administrator\\AppData\\Local\\Packages\\Microsoft.VCLibs.120.00_8wekyb3d8bbwe\\Settings\\settings.dat 中的存取歷程記錄，更新了 0 個機碼並建立了 0 個修改的頁面。"
        }
      },
      {
        "_index" : "ids-2018-172.31.64.54",
        "_id" : "5vgfiY4B6U4O_9c56LYS",
        "_score" : 0.0,
        "_source" : {
          "agent" : {
            "name" : "CHPIYR2",
            "id" : "60d66234-2dc5-408a-9a6e-a0a6278a7ae3",
            "type" : "winlogbeat",
            "ephemeral_id" : "6a77f265-064f-4f9a-b644-2b115b221d8a",
            "version" : "8.11.3"
          },
          "@timestamp" : "2018-01-25T01:17:12.375Z",
          "winlog" : {
            "computer_name" : "DESKTOP-AN3U28N",
            "process" : {
              "pid" : 756,
              "thread" : {
                "id" : 4776
              }
            },
            "keywords" : [
              "安裝",
              "成功"
            ],
            "channel" : "System",
            "event_data" : {
              "updateRevisionNumber" : "1",
              "updateGuid" : "{bd462f2b-85f4-4c61-9a0e-4c36a4a4fe25}",
              "serviceGuid" : "{855e8a7c-ecb4-4ca3-b045-1dfa50104289}",
              "updateTitle" : "9WZDNCRFJBKH-Microsoft.Media.PlayReadyClient.2"
            },
            "opcode" : "安裝",
            "version" : 1,
            "record_id" : 1760,
            "event_id" : "19",
            "task" : "Windows Update 代理程式",
            "provider_guid" : "{945a8954-c147-4acd-923f-40c45405a658}",
            "api" : "wineventlog",
            "provider_name" : "Microsoft-Windows-WindowsUpdateClient",
            "user" : {
              "identifier" : "S-1-5-18",
              "domain" : "NT AUTHORITY",
              "name" : "SYSTEM",
              "type" : "Well Known Group"
            }
          },
          "ecs" : {
            "version" : "8.0.0"
          },
          "log" : {
            "file" : {
              "path" : "D:\\AIXSOAR\\IDS_2018\\logs_2018-03-02\\DESKTOP-AN3U28N-172.31.64.54.evtx"
            },
            "level" : "資訊"
          },
          "host" : {
            "os" : {
              "type" : "windows",
              "family" : "windows"
            },
            "name" : "DESKTOP-AN3U28N"
          },
          "event" : {
            "ingested" : "2024-03-29T07:32:33.424694578Z",
            "code" : "19",
            "provider" : "Microsoft-Windows-WindowsUpdateClient",
            "created" : "2024-03-29T07:32:32.502Z",
            "kind" : "event",
            "action" : "Windows Update 代理程式"
          },
          "message" : "安裝成功: Windows 已順利安裝下列更新: 9WZDNCRFJBKH-Microsoft.Media.PlayReadyClient.2"
        }
      },
      {
        "_index" : "ids-2018-172.31.64.54",
        "_id" : "5_gfiY4B6U4O_9c56LYS",
        "_score" : 0.0,
        "_source" : {
          "agent" : {
            "name" : "CHPIYR2",
            "id" : "60d66234-2dc5-408a-9a6e-a0a6278a7ae3",
            "type" : "winlogbeat",
            "ephemeral_id" : "6a77f265-064f-4f9a-b644-2b115b221d8a",
            "version" : "8.11.3"
          },
          "@timestamp" : "2018-01-25T01:17:12.375Z",
          "winlog" : {
            "computer_name" : "DESKTOP-AN3U28N",
            "process" : {
              "pid" : 756,
              "thread" : {
                "id" : 4776
              }
            },
            "keywords" : [
              "安裝",
              "已開始"
            ],
            "channel" : "System",
            "event_data" : {
              "updateRevisionNumber" : "1",
              "updateGuid" : "{d770877e-5a92-4532-a2e3-1d9150ebbbf1}",
              "updateTitle" : "9WZDNCRFJ9RM-Microsoft.VCLibs.120.00"
            },
            "opcode" : "安裝",
            "version" : 1,
            "record_id" : 1761,
            "event_id" : "43",
            "task" : "Windows Update 代理程式",
            "provider_guid" : "{945a8954-c147-4acd-923f-40c45405a658}",
            "api" : "wineventlog",
            "provider_name" : "Microsoft-Windows-WindowsUpdateClient",
            "user" : {
              "identifier" : "S-1-5-18",
              "domain" : "NT AUTHORITY",
              "name" : "SYSTEM",
              "type" : "Well Known Group"
            }
          },
          "ecs" : {
            "version" : "8.0.0"
          },
          "log" : {
            "file" : {
              "path" : "D:\\AIXSOAR\\IDS_2018\\logs_2018-03-02\\DESKTOP-AN3U28N-172.31.64.54.evtx"
            },
            "level" : "資訊"
          },
          "host" : {
            "os" : {
              "type" : "windows",
              "family" : "windows"
            },
            "name" : "DESKTOP-AN3U28N"
          },
          "event" : {
            "ingested" : "2024-03-29T07:32:33.424724861Z",
            "code" : "43",
            "provider" : "Microsoft-Windows-WindowsUpdateClient",
            "created" : "2024-03-29T07:32:32.502Z",
            "kind" : "event",
            "action" : "Windows Update 代理程式"
          },
          "message" : "已開始安裝: Windows 已開始安裝下列更新: 9WZDNCRFJ9RM-Microsoft.VCLibs.120.00"
        }
      },
      {
        "_index" : "ids-2018-172.31.64.54",
        "_id" : "6PgfiY4B6U4O_9c56LYS",
        "_score" : 0.0,
        "_source" : {
          "agent" : {
            "name" : "CHPIYR2",
            "id" : "60d66234-2dc5-408a-9a6e-a0a6278a7ae3",
            "type" : "winlogbeat",
            "ephemeral_id" : "6a77f265-064f-4f9a-b644-2b115b221d8a",
            "version" : "8.11.3"
          },
          "@timestamp" : "2018-01-25T01:17:17.150Z",
          "winlog" : {
            "computer_name" : "DESKTOP-AN3U28N",
            "record_id" : 1762,
            "process" : {
              "pid" : 64,
              "thread" : {
                "id" : 5140
              }
            },
            "task" : "None",
            "event_id" : "16",
            "provider_guid" : "{a68ca8b7-004f-d7b6-a698-07e2de0f1f5d}",
            "channel" : "System",
            "api" : "wineventlog",
            "event_data" : {
              "HiveNameLength" : "121",
              "DirtyPages" : "0",
              "HiveName" : "\\??\\C:\\Users\\Administrator\\AppData\\Local\\Packages\\Microsoft.WindowsPreview.Kinect.8.1_8wekyb3d8bbwe\\Settings\\settings.dat",
              "KeysUpdated" : "0"
            },
            "provider_name" : "Microsoft-Windows-Kernel-General",
            "opcode" : "資訊",
            "user" : {
              "identifier" : "S-1-5-21-913095808-1976597276-3100954228-500"
            }
          },
          "ecs" : {
            "version" : "8.0.0"
          },
          "log" : {
            "file" : {
              "path" : "D:\\AIXSOAR\\IDS_2018\\logs_2018-03-02\\DESKTOP-AN3U28N-172.31.64.54.evtx"
            },
            "level" : "資訊"
          },
          "host" : {
            "os" : {
              "type" : "windows",
              "family" : "windows"
            },
            "name" : "DESKTOP-AN3U28N"
          },
          "message" : "已清除登錄區 \\??\\C:\\Users\\Administrator\\AppData\\Local\\Packages\\Microsoft.WindowsPreview.Kinect.8.1_8wekyb3d8bbwe\\Settings\\settings.dat 中的存取歷程記錄，更新了 0 個機碼並建立了 0 個修改的頁面。",
          "event" : {
            "ingested" : "2024-03-29T07:32:33.424754263Z",
            "code" : "16",
            "provider" : "Microsoft-Windows-Kernel-General",
            "kind" : "event",
            "created" : "2024-03-29T07:32:32.502Z",
            "action" : "None"
          }
        }
      },
