      {
        "_index" : "ids-2018-172.31.64.54",
        "_id" : "gvgeiY4B6U4O_9c5UpQC",
        "_score" : 0.0,
        "_source" : {
          "agent" : {
            "name" : "CHPIYR2",
            "id" : "60d66234-2dc5-408a-9a6e-a0a6278a7ae3",
            "type" : "winlogbeat",
            "ephemeral_id" : "cbc62cd6-a758-4639-8eeb-85bf53ffa004",
            "version" : "8.11.3"
          },
          "@timestamp" : "2018-02-09T19:33:24.000Z",
          "winlog" : {
            "computer_name" : "DESKTOP-AN3U28N",
            "record_id" : 2351,
            "event_id" : "6005",
            "task" : "None",
            "keywords" : [
              "傳統"
            ],
            "channel" : "System",
            "event_data" : {
              "Binary" : "E20702000500090013002100180086020000000000000000"
            },
            "api" : "wineventlog",
            "provider_name" : "EventLog"
          },
          "ecs" : {
            "version" : "8.0.0"
          },
          "log" : {
            "file" : {
              "path" : "D:\\AIXSOAR\\IDS_2018\\logs_2018-02-16\\DESKTOP-AN3U28N-172.31.64.54.evtx"
            },
            "level" : "資訊"
          },
          "host" : {
            "os" : {
              "type" : "windows",
              "family" : "windows"
            },
            "name" : "DESKTOP-AN3U28N"
          },
          "message" : "事件記錄檔服務已啟動。",
          "event" : {
            "ingested" : "2024-03-29T07:30:49.469733025Z",
            "code" : "6005",
            "provider" : "EventLog",
            "kind" : "event",
            "created" : "2024-03-29T07:30:48.538Z",
            "action" : "None"
          }
        }
      },
      {
        "_index" : "ids-2018-172.31.64.54",
        "_id" : "g_geiY4B6U4O_9c5UpQC",
        "_score" : 0.0,
        "_ignored" : [
          "winlog.event_data.Binary.keyword"
        ],
        "_source" : {
          "agent" : {
            "name" : "CHPIYR2",
            "id" : "60d66234-2dc5-408a-9a6e-a0a6278a7ae3",
            "type" : "winlogbeat",
            "ephemeral_id" : "cbc62cd6-a758-4639-8eeb-85bf53ffa004",
            "version" : "8.11.3"
          },
          "@timestamp" : "2018-02-09T19:33:24.000Z",
          "winlog" : {
            "record_id" : 2352,
            "computer_name" : "DESKTOP-AN3U28N",
            "event_id" : "6013",
            "task" : "None",
            "keywords" : [
              "傳統"
            ],
            "channel" : "System",
            "api" : "wineventlog",
            "event_data" : {
              "param7" : "240 Atlantic Standard Time",
              "param5" : "36",
              "param6" : "60",
              "Binary" : "31002E003100000030000000570069006E0064006F00770073002000310030002000500072006F000000310030002E0030002E003100300032003400300020004200750069006C0064002000310030003200340030002000200000004D0075006C0074006900700072006F0063006500730073006F007200200046007200650065000000310030003200340030002E007400680031002E003100350030003700300039002D00310037003000300000003500610032003600620065003300630000004E006F007400200041007600610069006C00610062006C00650000004E006F007400200041007600610069006C00610062006C006500000039000000310000003100300032003400000034003000390000004400450053004B0054004F0050002D0041004E0033005500320038004E0000000000"
            },
            "provider_name" : "EventLog"
          },
          "ecs" : {
            "version" : "8.0.0"
          },
          "log" : {
            "file" : {
              "path" : "D:\\AIXSOAR\\IDS_2018\\logs_2018-02-16\\DESKTOP-AN3U28N-172.31.64.54.evtx"
            },
            "level" : "資訊"
          },
          "host" : {
            "os" : {
              "type" : "windows",
              "family" : "windows"
            },
            "name" : "DESKTOP-AN3U28N"
          },
          "event" : {
            "ingested" : "2024-03-29T07:30:49.470018677Z",
            "code" : "6013",
            "provider" : "EventLog",
            "created" : "2024-03-29T07:30:48.538Z",
            "kind" : "event",
            "action" : "None"
          },
          "message" : "系統執行時間是 36 秒。"
        }
      },
      {
        "_index" : "ids-2018-172.31.64.54",
        "_id" : "h_geiY4B6U4O_9c5UpQC",
        "_score" : 0.0,
        "_source" : {
          "agent" : {
            "name" : "CHPIYR2",
            "id" : "60d66234-2dc5-408a-9a6e-a0a6278a7ae3",
            "type" : "winlogbeat",
            "ephemeral_id" : "cbc62cd6-a758-4639-8eeb-85bf53ffa004",
            "version" : "8.11.3"
          },
          "@timestamp" : "2018-02-09T19:32:48.769Z",
          "winlog" : {
            "record_id" : 2356,
            "computer_name" : "DESKTOP-AN3U28N",
            "process" : {
              "pid" : 4,
              "thread" : {
                "id" : 8
              }
            },
            "task" : "None",
            "event_id" : "12",
            "provider_guid" : "{a68ca8b7-004f-d7b6-a698-07e2de0f1f5d}",
            "channel" : "System",
            "api" : "wineventlog",
            "event_data" : {
              "MajorVersion" : "10",
              "BootMode" : "0",
              "StartTime" : "2018-02-09T19:32:48.4957053Z",
              "MinorVersion" : "0",
              "BuildVersion" : "10240",
              "ServiceVersion" : "0",
              "QfeVersion" : "16384"
            },
            "opcode" : "資訊",
            "provider_name" : "Microsoft-Windows-Kernel-General",
            "user" : {
              "identifier" : "S-1-5-18",
              "domain" : "NT AUTHORITY",
              "name" : "SYSTEM",
              "type" : "Well Known Group"
            }
          },
          "ecs" : {
            "version" : "8.0.0"
          },
          "log" : {
            "file" : {
              "path" : "D:\\AIXSOAR\\IDS_2018\\logs_2018-02-16\\DESKTOP-AN3U28N-172.31.64.54.evtx"
            },
            "level" : "資訊"
          },
          "host" : {
            "os" : {
              "type" : "windows",
              "family" : "windows"
            },
            "name" : "DESKTOP-AN3U28N"
          },
          "event" : {
            "ingested" : "2024-03-29T07:30:49.470360010Z",
            "code" : "12",
            "provider" : "Microsoft-Windows-Kernel-General",
            "created" : "2024-03-29T07:30:48.538Z",
            "kind" : "event",
            "action" : "None"
          },
          "message" : "作業系統已經在系統時間 ‎2018‎-‎02‎-‎09T19:32:48.495705300Z 啟動。"
        }
      },
      {
        "_index" : "ids-2018-172.31.64.54",
        "_id" : "iPgeiY4B6U4O_9c5UpQC",
        "_score" : 0.0,
        "_source" : {
          "agent" : {
            "name" : "CHPIYR2",
            "id" : "60d66234-2dc5-408a-9a6e-a0a6278a7ae3",
            "ephemeral_id" : "cbc62cd6-a758-4639-8eeb-85bf53ffa004",
            "type" : "winlogbeat",
            "version" : "8.11.3"
          },
          "@timestamp" : "2018-02-09T19:32:48.769Z",
          "winlog" : {
            "computer_name" : "DESKTOP-AN3U28N",
            "record_id" : 2357,
            "process" : {
              "pid" : 4,
              "thread" : {
                "id" : 8
              }
            },
            "event_id" : "20",
            "task" : "None",
            "provider_guid" : "{15ca44ff-4d7a-4baa-bba5-0998955e531e}",
            "channel" : "System",
            "api" : "wineventlog",
            "event_data" : {
              "LastBootGood" : "true",
              "LastShutdownGood" : "true"
            },
            "opcode" : "資訊",
            "provider_name" : "Microsoft-Windows-Kernel-Boot",
            "user" : {
              "identifier" : "S-1-5-18",
              "domain" : "NT AUTHORITY",
              "name" : "SYSTEM",
              "type" : "Well Known Group"
            }
          },
          "ecs" : {
            "version" : "8.0.0"
          },
          "log" : {
            "file" : {
              "path" : "D:\\AIXSOAR\\IDS_2018\\logs_2018-02-16\\DESKTOP-AN3U28N-172.31.64.54.evtx"
            },
            "level" : "資訊"
          },
          "host" : {
            "os" : {
              "type" : "windows",
              "family" : "windows"
            },
            "name" : "DESKTOP-AN3U28N"
          },
          "message" : "上次關機的成功狀態為 true。上次開機的成功狀態為 true。",
          "event" : {
            "ingested" : "2024-03-29T07:30:49.470427096Z",
            "code" : "20",
            "provider" : "Microsoft-Windows-Kernel-Boot",
            "kind" : "event",
            "created" : "2024-03-29T07:30:48.538Z",
            "action" : "None"
          }
        }
      },
      {
        "_index" : "ids-2018-172.31.64.54",
        "_id" : "ifgeiY4B6U4O_9c5UpQC",
        "_score" : 0.0,
        "_source" : {
          "agent" : {
            "name" : "CHPIYR2",
            "id" : "60d66234-2dc5-408a-9a6e-a0a6278a7ae3",
            "type" : "winlogbeat",
            "ephemeral_id" : "cbc62cd6-a758-4639-8eeb-85bf53ffa004",
            "version" : "8.11.3"
          },
          "@timestamp" : "2018-02-09T19:32:48.769Z",
          "winlog" : {
            "record_id" : 2358,
            "computer_name" : "DESKTOP-AN3U28N",
            "process" : {
              "pid" : 4,
              "thread" : {
                "id" : 8
              }
            },
            "event_id" : "27",
            "task" : "None",
            "provider_guid" : "{15ca44ff-4d7a-4baa-bba5-0998955e531e}",
            "channel" : "System",
            "event_data" : {
              "BootType" : "0"
            },
            "api" : "wineventlog",
            "opcode" : "資訊",
            "provider_name" : "Microsoft-Windows-Kernel-Boot",
            "user" : {
              "identifier" : "S-1-5-18",
              "domain" : "NT AUTHORITY",
              "name" : "SYSTEM",
              "type" : "Well Known Group"
            }
          },
          "ecs" : {
            "version" : "8.0.0"
          },
          "log" : {
            "file" : {
              "path" : "D:\\AIXSOAR\\IDS_2018\\logs_2018-02-16\\DESKTOP-AN3U28N-172.31.64.54.evtx"
            },
            "level" : "資訊"
          },
          "host" : {
            "os" : {
              "type" : "windows",
              "family" : "windows"
            },
            "name" : "DESKTOP-AN3U28N"
          },
          "event" : {
            "ingested" : "2024-03-29T07:30:49.470489663Z",
            "code" : "27",
            "provider" : "Microsoft-Windows-Kernel-Boot",
            "kind" : "event",
            "created" : "2024-03-29T07:30:48.538Z",
            "action" : "None"
          },
          "message" : "開機類型為 0x0。"
        }
      },
      {
        "_index" : "ids-2018-172.31.64.54",
        "_id" : "ivgeiY4B6U4O_9c5UpQC",
        "_score" : 0.0,
        "_source" : {
          "agent" : {
            "name" : "CHPIYR2",
            "id" : "60d66234-2dc5-408a-9a6e-a0a6278a7ae3",
            "ephemeral_id" : "cbc62cd6-a758-4639-8eeb-85bf53ffa004",
            "type" : "winlogbeat",
            "version" : "8.11.3"
          },
          "@timestamp" : "2018-02-09T19:32:48.769Z",
          "winlog" : {
            "computer_name" : "DESKTOP-AN3U28N",
            "record_id" : 2359,
            "process" : {
              "pid" : 4,
              "thread" : {
                "id" : 8
              }
            },
            "task" : "None",
            "event_id" : "25",
            "provider_guid" : "{15ca44ff-4d7a-4baa-bba5-0998955e531e}",
            "channel" : "System",
            "api" : "wineventlog",
            "event_data" : {
              "BootMenuPolicy" : "1"
            },
            "provider_name" : "Microsoft-Windows-Kernel-Boot",
            "opcode" : "資訊",
            "user" : {
              "identifier" : "S-1-5-18",
              "domain" : "NT AUTHORITY",
              "name" : "SYSTEM",
              "type" : "Well Known Group"
            }
          },
          "ecs" : {
            "version" : "8.0.0"
          },
          "log" : {
            "file" : {
              "path" : "D:\\AIXSOAR\\IDS_2018\\logs_2018-02-16\\DESKTOP-AN3U28N-172.31.64.54.evtx"
            },
            "level" : "資訊"
          },
          "host" : {
            "os" : {
              "type" : "windows",
              "family" : "windows"
            },
            "name" : "DESKTOP-AN3U28N"
          },
          "event" : {
            "ingested" : "2024-03-29T07:30:49.470556670Z",
            "code" : "25",
            "provider" : "Microsoft-Windows-Kernel-Boot",
            "created" : "2024-03-29T07:30:48.538Z",
            "kind" : "event",
            "action" : "None"
          },
          "message" : "開機功能表原則為 0x1。"
        }
      },
      {
        "_index" : "ids-2018-172.31.64.54",
        "_id" : "i_geiY4B6U4O_9c5UpQC",
        "_score" : 0.0,
        "_source" : {
          "agent" : {
            "name" : "CHPIYR2",
            "id" : "60d66234-2dc5-408a-9a6e-a0a6278a7ae3",
            "type" : "winlogbeat",
            "ephemeral_id" : "cbc62cd6-a758-4639-8eeb-85bf53ffa004",
            "version" : "8.11.3"
          },
          "@timestamp" : "2018-02-09T19:32:48.769Z",
          "winlog" : {
            "computer_name" : "DESKTOP-AN3U28N",
            "record_id" : 2360,
            "process" : {
              "pid" : 4,
              "thread" : {
                "id" : 8
              }
            },
            "event_id" : "18",
            "task" : "None",
            "provider_guid" : "{15ca44ff-4d7a-4baa-bba5-0998955e531e}",
            "channel" : "System",
            "event_data" : {
              "EntryCount" : "1"
            },
            "api" : "wineventlog",
            "provider_name" : "Microsoft-Windows-Kernel-Boot",
            "opcode" : "資訊",
            "user" : {
              "identifier" : "S-1-5-18",
              "domain" : "NT AUTHORITY",
              "name" : "SYSTEM",
              "type" : "Well Known Group"
            }
          },
          "ecs" : {
            "version" : "8.0.0"
          },
          "log" : {
            "file" : {
              "path" : "D:\\AIXSOAR\\IDS_2018\\logs_2018-02-16\\DESKTOP-AN3U28N-172.31.64.54.evtx"
            },
            "level" : "資訊"
          },
          "host" : {
            "os" : {
              "type" : "windows",
              "family" : "windows"
            },
            "name" : "DESKTOP-AN3U28N"
          },
          "event" : {
            "ingested" : "2024-03-29T07:30:49.470675237Z",
            "code" : "18",
            "provider" : "Microsoft-Windows-Kernel-Boot",
            "kind" : "event",
            "created" : "2024-03-29T07:30:48.538Z",
            "action" : "None"
          },
          "message" : "此系統上有 0x1 個開機選項。"
        }
      },
      {
        "_index" : "ids-2018-172.31.64.54",
        "_id" : "jPgeiY4B6U4O_9c5UpQC",
        "_score" : 0.0,
        "_source" : {
          "agent" : {
            "name" : "CHPIYR2",
            "id" : "60d66234-2dc5-408a-9a6e-a0a6278a7ae3",
            "ephemeral_id" : "cbc62cd6-a758-4639-8eeb-85bf53ffa004",
            "type" : "winlogbeat",
            "version" : "8.11.3"
          },
          "@timestamp" : "2018-02-09T19:32:48.769Z",
          "winlog" : {
            "computer_name" : "DESKTOP-AN3U28N",
            "record_id" : 2361,
            "process" : {
              "pid" : 4,
              "thread" : {
                "id" : 8
              }
            },
            "event_id" : "32",
            "task" : "None",
            "provider_guid" : "{15ca44ff-4d7a-4baa-bba5-0998955e531e}",
            "channel" : "System",
            "event_data" : {
              "BitlockerUserInputTime" : "0"
            },
            "api" : "wineventlog",
            "provider_name" : "Microsoft-Windows-Kernel-Boot",
            "opcode" : "資訊",
            "user" : {
              "identifier" : "S-1-5-18",
              "domain" : "NT AUTHORITY",
              "name" : "SYSTEM",
              "type" : "Well Known Group"
            }
          },
          "ecs" : {
            "version" : "8.0.0"
          },
          "log" : {
            "file" : {
              "path" : "D:\\AIXSOAR\\IDS_2018\\logs_2018-02-16\\DESKTOP-AN3U28N-172.31.64.54.evtx"
            },
            "level" : "資訊"
          },
          "host" : {
            "os" : {
              "type" : "windows",
              "family" : "windows"
            },
            "name" : "DESKTOP-AN3U28N"
          },
          "message" : "bootmgr 花了 0 毫秒的時間等候使用者輸入。",
          "event" : {
            "ingested" : "2024-03-29T07:30:49.470766930Z",
            "code" : "32",
            "provider" : "Microsoft-Windows-Kernel-Boot",
            "kind" : "event",
            "created" : "2024-03-29T07:30:48.538Z",
            "action" : "None"
          }
        }
      },
      {
        "_index" : "ids-2018-172.31.64.54",
        "_id" : "jfgeiY4B6U4O_9c5UpQC",
        "_score" : 0.0,
        "_source" : {
          "agent" : {
            "name" : "CHPIYR2",
            "id" : "60d66234-2dc5-408a-9a6e-a0a6278a7ae3",
            "type" : "winlogbeat",
            "ephemeral_id" : "cbc62cd6-a758-4639-8eeb-85bf53ffa004",
            "version" : "8.11.3"
          },
          "@timestamp" : "2018-02-09T19:32:52.073Z",
          "winlog" : {
            "computer_name" : "DESKTOP-AN3U28N",
            "process" : {
              "pid" : 4,
              "thread" : {
                "id" : 8
              }
            },
            "channel" : "System",
            "event_data" : {
              "ExtraInfoLength" : "192",
              "DeviceVersionMinor" : "0",
              "DeviceTime" : "2015-07-09T23:14:57.0000000Z",
              "ExtraInfoString" : "{ \"flags\" : \"0x00000010\" , \"registration_version\" : \"0x00000203\" , \"tx\" : false , \"sections\" : false , \"frame\" : 0 , \"class_name\" : \"FSFilter Bottom\" , \"instances\" : [[\"45000\",\"0x00000000\"]] }",
              "DeviceVersionMajor" : "10",
              "DeviceNameLength" : "8",
              "FinalStatus" : "0x0",
              "FilterID" : "{02000000-0001-0000-e160-99c6dca1d301}",
              "DeviceName" : "FileInfo"
            },
            "opcode" : "資訊",
            "version" : 1,
            "record_id" : 2362,
            "task" : "None",
            "event_id" : "6",
            "provider_guid" : "{f3c5e28e-63f6-49c7-a204-e48a1bc4b09d}",
            "api" : "wineventlog",
            "provider_name" : "Microsoft-Windows-FilterManager",
            "user" : {
              "identifier" : "S-1-5-18",
              "domain" : "NT AUTHORITY",
              "name" : "SYSTEM",
              "type" : "Well Known Group"
            }
          },
          "ecs" : {
            "version" : "8.0.0"
          },
          "log" : {
            "file" : {
              "path" : "D:\\AIXSOAR\\IDS_2018\\logs_2018-02-16\\DESKTOP-AN3U28N-172.31.64.54.evtx"
            },
            "level" : "資訊"
          },
          "host" : {
            "os" : {
              "type" : "windows",
              "family" : "windows"
            },
            "name" : "DESKTOP-AN3U28N"
          },
          "event" : {
            "ingested" : "2024-03-29T07:30:49.470835395Z",
            "code" : "6",
            "provider" : "Microsoft-Windows-FilterManager",
            "created" : "2024-03-29T07:30:48.538Z",
            "kind" : "event",
            "action" : "None"
          }
        }
      },
      {
        "_index" : "ids-2018-172.31.64.54",
        "_id" : "jvgeiY4B6U4O_9c5UpQC",
        "_score" : 0.0,
        "_source" : {
          "agent" : {
            "name" : "CHPIYR2",
            "id" : "60d66234-2dc5-408a-9a6e-a0a6278a7ae3",
            "ephemeral_id" : "cbc62cd6-a758-4639-8eeb-85bf53ffa004",
            "type" : "winlogbeat",
            "version" : "8.11.3"
          },
          "@timestamp" : "2018-02-09T19:32:52.073Z",
          "winlog" : {
            "computer_name" : "DESKTOP-AN3U28N",
            "process" : {
              "pid" : 4,
              "thread" : {
                "id" : 8
              }
            },
            "channel" : "System",
            "event_data" : {
              "ExtraInfoLength" : "196",
              "DeviceVersionMinor" : "0",
              "DeviceTime" : "2015-07-09T23:15:05.0000000Z",
              "ExtraInfoString" : "{ \"flags\" : \"0x00000010\" , \"registration_version\" : \"0x00000203\" , \"tx\" : true , \"sections\" : false , \"frame\" : 0 , \"class_name\" : \"FSFilter Compression\" , \"instances\" : [[\"40700\",\"0x00000000\"]] }",
              "DeviceVersionMajor" : "10",
              "DeviceNameLength" : "3",
              "FilterID" : "{02000000-0002-0000-e160-99c6dca1d301}",
              "FinalStatus" : "0x0",
              "DeviceName" : "Wof"
            },
            "opcode" : "資訊",
            "version" : 1,
            "record_id" : 2363,
            "task" : "None",
            "event_id" : "6",
            "provider_guid" : "{f3c5e28e-63f6-49c7-a204-e48a1bc4b09d}",
            "api" : "wineventlog",
            "provider_name" : "Microsoft-Windows-FilterManager",
            "user" : {
              "identifier" : "S-1-5-18",
              "domain" : "NT AUTHORITY",
              "name" : "SYSTEM",
              "type" : "Well Known Group"
            }
          },
          "ecs" : {
            "version" : "8.0.0"
          },
          "log" : {
            "file" : {
              "path" : "D:\\AIXSOAR\\IDS_2018\\logs_2018-02-16\\DESKTOP-AN3U28N-172.31.64.54.evtx"
            },
            "level" : "資訊"
          },
          "host" : {
            "os" : {
              "type" : "windows",
              "family" : "windows"
            },
            "name" : "DESKTOP-AN3U28N"
          },
          "event" : {
            "ingested" : "2024-03-29T07:30:49.470905820Z",
            "code" : "6",
            "provider" : "Microsoft-Windows-FilterManager",
            "created" : "2024-03-29T07:30:48.538Z",
            "kind" : "event",
            "action" : "None"
          }
        }
      },
      {
        "_index" : "ids-2018-172.31.64.54",
        "_id" : "j_geiY4B6U4O_9c5UpQC",
        "_score" : 0.0,
        "_source" : {
          "agent" : {
            "name" : "CHPIYR2",
            "id" : "60d66234-2dc5-408a-9a6e-a0a6278a7ae3",
            "type" : "winlogbeat",
            "ephemeral_id" : "cbc62cd6-a758-4639-8eeb-85bf53ffa004",
            "version" : "8.11.3"
          },
          "@timestamp" : "2018-02-09T19:32:52.073Z",
          "winlog" : {
            "computer_name" : "DESKTOP-AN3U28N",
            "process" : {
              "pid" : 4,
              "thread" : {
                "id" : 8
              }
            },
            "channel" : "System",
            "event_data" : {
              "ExtraInfoLength" : "196",
              "DeviceVersionMinor" : "0",
              "DeviceTime" : "2015-07-09T23:19:05.0000000Z",
              "ExtraInfoString" : "{ \"flags\" : \"0x00000010\" , \"registration_version\" : \"0x00000203\" , \"tx\" : true , \"sections\" : false , \"frame\" : 0 , \"class_name\" : \"FSFilter Anti-Virus\" , \"instances\" : [[\"328010\",\"0x00000000\"]] }",
              "DeviceVersionMajor" : "10",
              "DeviceNameLength" : "8",
              "FilterID" : "{02000000-0003-0000-e160-99c6dca1d301}",
              "FinalStatus" : "0x0",
              "DeviceName" : "WdFilter"
            },
            "opcode" : "資訊",
            "version" : 1,
            "record_id" : 2364,
            "task" : "None",
            "event_id" : "6",
            "provider_guid" : "{f3c5e28e-63f6-49c7-a204-e48a1bc4b09d}",
            "api" : "wineventlog",
            "provider_name" : "Microsoft-Windows-FilterManager",
            "user" : {
              "identifier" : "S-1-5-18",
              "domain" : "NT AUTHORITY",
              "name" : "SYSTEM",
              "type" : "Well Known Group"
            }
          },
          "ecs" : {
            "version" : "8.0.0"
          },
          "log" : {
            "file" : {
              "path" : "D:\\AIXSOAR\\IDS_2018\\logs_2018-02-16\\DESKTOP-AN3U28N-172.31.64.54.evtx"
            },
            "level" : "資訊"
          },
          "host" : {
            "os" : {
              "type" : "windows",
              "family" : "windows"
            },
            "name" : "DESKTOP-AN3U28N"
          },
          "event" : {
            "ingested" : "2024-03-29T07:30:49.470971762Z",
            "code" : "6",
            "provider" : "Microsoft-Windows-FilterManager",
            "created" : "2024-03-29T07:30:48.538Z",
            "kind" : "event",
            "action" : "None"
          }
        }
      },
      {
        "_index" : "ids-2018-172.31.64.54",
        "_id" : "kPgeiY4B6U4O_9c5UpQC",
        "_score" : 0.0,
        "_source" : {
          "agent" : {
            "name" : "CHPIYR2",
            "id" : "60d66234-2dc5-408a-9a6e-a0a6278a7ae3",
            "type" : "winlogbeat",
            "ephemeral_id" : "cbc62cd6-a758-4639-8eeb-85bf53ffa004",
            "version" : "8.11.3"
          },
          "@timestamp" : "2018-02-09T19:32:56.788Z",
          "winlog" : {
            "computer_name" : "DESKTOP-AN3U28N",
            "process" : {
              "pid" : 4,
              "thread" : {
                "id" : 180
              }
            },
            "keywords" : [
              "VolumeCorruptionActionStateChange"
            ],
            "channel" : "System",
            "event_data" : {
              "DriveName" : "C:",
              "CorruptionActionState" : "0",
              "DeviceName" : "\\Device\\HarddiskVolume2"
            },
            "opcode" : "資訊",
            "record_id" : 2365,
            "event_id" : "98",
            "task" : "None",
            "provider_guid" : "{3ff37a1c-a68d-4d6e-8c9b-f79e8b16c482}",
            "api" : "wineventlog",
            "provider_name" : "Microsoft-Windows-Ntfs",
            "user" : {
              "identifier" : "S-1-5-18",
              "domain" : "NT AUTHORITY",
              "name" : "SYSTEM",
              "type" : "Well Known Group"
            }
          },
          "ecs" : {
            "version" : "8.0.0"
          },
          "log" : {
            "file" : {
              "path" : "D:\\AIXSOAR\\IDS_2018\\logs_2018-02-16\\DESKTOP-AN3U28N-172.31.64.54.evtx"
            },
            "level" : "資訊"
          },
          "host" : {
            "os" : {
              "type" : "windows",
              "family" : "windows"
            },
            "name" : "DESKTOP-AN3U28N"
          },
          "message" : "磁碟區 C: (\\Device\\HarddiskVolume2) 的健康情況良好。不需要採取任何動作。",
          "event" : {
            "ingested" : "2024-03-29T07:30:49.471042868Z",
            "code" : "98",
            "provider" : "Microsoft-Windows-Ntfs",
            "kind" : "event",
            "created" : "2024-03-29T07:30:48.538Z",
            "action" : "None"
          }
        }
      },
      {
        "_index" : "ids-2018-172.31.64.54",
        "_id" : "kfgeiY4B6U4O_9c5UpQC",
        "_score" : 0.0,
        "_source" : {
          "agent" : {
            "name" : "CHPIYR2",
            "id" : "60d66234-2dc5-408a-9a6e-a0a6278a7ae3",
            "ephemeral_id" : "cbc62cd6-a758-4639-8eeb-85bf53ffa004",
            "type" : "winlogbeat",
            "version" : "8.11.3"
          },
          "@timestamp" : "2018-02-09T19:32:56.978Z",
          "winlog" : {
            "computer_name" : "DESKTOP-AN3U28N",
            "process" : {
              "pid" : 4,
              "thread" : {
                "id" : 8
              }
            },
            "channel" : "System",
            "event_data" : {
              "ExtraInfoLength" : "197",
              "DeviceVersionMinor" : "0",
              "DeviceTime" : "2015-07-09T23:14:31.0000000Z",
              "ExtraInfoString" : "{ \"flags\" : \"0x00000000\" , \"registration_version\" : \"0x00000203\" , \"tx\" : false , \"sections\" : false , \"frame\" : 0 , \"class_name\" : \"FSFilter Encryption\" , \"instances\" : [[\"141100\",\"0x00000000\"]] }",
              "DeviceVersionMajor" : "10",
              "DeviceNameLength" : "9",
              "FilterID" : "{02000000-0005-0000-5b00-86c9dca1d301}",
              "FinalStatus" : "0x0",
              "DeviceName" : "FileCrypt"
            },
            "opcode" : "資訊",
            "version" : 1,
            "record_id" : 2366,
            "event_id" : "6",
            "task" : "None",
            "provider_guid" : "{f3c5e28e-63f6-49c7-a204-e48a1bc4b09d}",
            "api" : "wineventlog",
            "provider_name" : "Microsoft-Windows-FilterManager",
            "user" : {
              "identifier" : "S-1-5-18",
              "domain" : "NT AUTHORITY",
              "name" : "SYSTEM",
              "type" : "Well Known Group"
            }
          },
          "ecs" : {
            "version" : "8.0.0"
          },
          "log" : {
            "file" : {
              "path" : "D:\\AIXSOAR\\IDS_2018\\logs_2018-02-16\\DESKTOP-AN3U28N-172.31.64.54.evtx"
            },
            "level" : "資訊"
          },
          "host" : {
            "os" : {
              "type" : "windows",
              "family" : "windows"
            },
            "name" : "DESKTOP-AN3U28N"
          },
          "event" : {
            "ingested" : "2024-03-29T07:30:49.471129792Z",
            "code" : "6",
            "provider" : "Microsoft-Windows-FilterManager",
            "created" : "2024-03-29T07:30:48.538Z",
            "kind" : "event",
            "action" : "None"
          }
        }
      },
      {
        "_index" : "ids-2018-172.31.64.54",
        "_id" : "kvgeiY4B6U4O_9c5UpQC",
        "_score" : 0.0,
        "_source" : {
          "agent" : {
            "name" : "CHPIYR2",
            "id" : "60d66234-2dc5-408a-9a6e-a0a6278a7ae3",
            "ephemeral_id" : "cbc62cd6-a758-4639-8eeb-85bf53ffa004",
            "type" : "winlogbeat",
            "version" : "8.11.3"
          },
          "@timestamp" : "2018-02-09T19:32:57.747Z",
          "winlog" : {
            "computer_name" : "DESKTOP-AN3U28N",
            "process" : {
              "pid" : 4,
              "thread" : {
                "id" : 8
              }
            },
            "channel" : "System",
            "event_data" : {
              "ExtraInfoLength" : "183",
              "DeviceVersionMinor" : "0",
              "DeviceTime" : "2015-07-09T23:14:31.0000000Z",
              "ExtraInfoString" : "{ \"flags\" : \"0x00000008\" , \"registration_version\" : \"0x00000203\" , \"tx\" : false , \"sections\" : false , \"frame\" : 0 , \"class_name\" : \"(null)\" , \"instances\" : [[\"46000\",\"0x00000000\"]] }",
              "DeviceVersionMajor" : "10",
              "DeviceNameLength" : "9",
              "FilterID" : "{02000000-0006-0000-26d2-fac9dca1d301}",
              "FinalStatus" : "0x0",
              "DeviceName" : "npsvctrig"
            },
            "opcode" : "資訊",
            "version" : 1,
            "record_id" : 2367,
            "event_id" : "6",
            "task" : "None",
            "provider_guid" : "{f3c5e28e-63f6-49c7-a204-e48a1bc4b09d}",
            "api" : "wineventlog",
            "provider_name" : "Microsoft-Windows-FilterManager",
            "user" : {
              "identifier" : "S-1-5-18",
              "domain" : "NT AUTHORITY",
              "name" : "SYSTEM",
              "type" : "Well Known Group"
            }
          },
          "ecs" : {
            "version" : "8.0.0"
          },
          "log" : {
            "file" : {
              "path" : "D:\\AIXSOAR\\IDS_2018\\logs_2018-02-16\\DESKTOP-AN3U28N-172.31.64.54.evtx"
            },
            "level" : "資訊"
          },
          "host" : {
            "os" : {
              "type" : "windows",
              "family" : "windows"
            },
            "name" : "DESKTOP-AN3U28N"
          },
          "event" : {
            "ingested" : "2024-03-29T07:30:49.471197365Z",
            "code" : "6",
            "provider" : "Microsoft-Windows-FilterManager",
            "created" : "2024-03-29T07:30:48.538Z",
            "kind" : "event",
            "action" : "None"
          }
        }
      },
      {
        "_index" : "ids-2018-172.31.64.54",
        "_id" : "k_geiY4B6U4O_9c5UpQC",
        "_score" : 0.0,
        "_source" : {
          "agent" : {
            "name" : "CHPIYR2",
            "id" : "60d66234-2dc5-408a-9a6e-a0a6278a7ae3",
            "type" : "winlogbeat",
            "ephemeral_id" : "cbc62cd6-a758-4639-8eeb-85bf53ffa004",
            "version" : "8.11.3"
          },
          "@timestamp" : "2018-02-09T19:32:59.412Z",
          "winlog" : {
            "computer_name" : "DESKTOP-AN3U28N",
            "record_id" : 2368,
            "process" : {
              "pid" : 4,
              "thread" : {
                "id" : 180
              }
            },
            "task" : "Summary2",
            "event_id" : "55",
            "provider_guid" : "{0f67e49f-fe51-4e9f-b490-6f2948cc6027}",
            "channel" : "System",
            "event_data" : {
              "Group" : "0",
              "Number" : "0",
              "MaximumPerformancePercent" : "100",
              "MinimumThrottlePercent" : "100",
              "MinimumPerformancePercent" : "100",
              "IdleImplementation" : "1",
              "PerformanceImplementation" : "0",
              "IdleStateCount" : "1",
              "NominalFrequency" : "2400"
            },
            "api" : "wineventlog",
            "provider_name" : "Microsoft-Windows-Kernel-Processor-Power",
            "opcode" : "資訊",
            "user" : {
              "identifier" : "S-1-5-18",
              "domain" : "NT AUTHORITY",
              "name" : "SYSTEM",
              "type" : "Well Known Group"
            }
          },
          "ecs" : {
            "version" : "8.0.0"
          },
          "log" : {
            "file" : {
              "path" : "D:\\AIXSOAR\\IDS_2018\\logs_2018-02-16\\DESKTOP-AN3U28N-172.31.64.54.evtx"
            },
            "level" : "資訊"
          },
          "host" : {
            "os" : {
              "type" : "windows",
              "family" : "windows"
            },
            "name" : "DESKTOP-AN3U28N"
          },
          "event" : {
            "ingested" : "2024-03-29T07:30:49.471268763Z",
            "code" : "55",
            "provider" : "Microsoft-Windows-Kernel-Processor-Power",
            "created" : "2024-03-29T07:30:48.538Z",
            "kind" : "event",
            "action" : "Summary2"
          },
          "message" : "群組 0 中的處理器 0 公開下列電源管理功能:\n\n閒置狀態類型: ACPI 閒置 (C) 狀態 (1 狀態)\n\n效能狀態類型: 無\n額定頻率 (MHz): 2400\n最大效能百分比: 100\n最小效能百分比: 100\n最小節流百分比: 100"
        }
      },
      {
        "_index" : "ids-2018-172.31.64.54",
        "_id" : "lPgeiY4B6U4O_9c5UpQC",
        "_score" : 0.0,
        "_source" : {
          "agent" : {
            "name" : "CHPIYR2",
            "id" : "60d66234-2dc5-408a-9a6e-a0a6278a7ae3",
            "ephemeral_id" : "cbc62cd6-a758-4639-8eeb-85bf53ffa004",
            "type" : "winlogbeat",
            "version" : "8.11.3"
          },
          "@timestamp" : "2018-02-09T19:33:02.154Z",
          "winlog" : {
            "computer_name" : "DESKTOP-AN3U28N",
            "process" : {
              "pid" : 4,
              "thread" : {
                "id" : 164
              }
            },
            "keywords" : [
              "VolumeCorruptionActionStateChange"
            ],
            "channel" : "System",
            "event_data" : {
              "DriveName" : "\\\\?\\Volume{4a6ec97e-0000-0000-0000-100000000000}",
              "CorruptionActionState" : "0",
              "DeviceName" : "\\Device\\HarddiskVolume1"
            },
            "opcode" : "資訊",
            "record_id" : 2369,
            "event_id" : "98",
            "task" : "None",
            "provider_guid" : "{3ff37a1c-a68d-4d6e-8c9b-f79e8b16c482}",
            "api" : "wineventlog",
            "provider_name" : "Microsoft-Windows-Ntfs",
            "user" : {
              "identifier" : "S-1-5-18",
              "domain" : "NT AUTHORITY",
              "name" : "SYSTEM",
              "type" : "Well Known Group"
            }
          },
          "ecs" : {
            "version" : "8.0.0"
          },
          "log" : {
            "file" : {
              "path" : "D:\\AIXSOAR\\IDS_2018\\logs_2018-02-16\\DESKTOP-AN3U28N-172.31.64.54.evtx"
            },
            "level" : "資訊"
          },
          "host" : {
            "os" : {
              "type" : "windows",
              "family" : "windows"
            },
            "name" : "DESKTOP-AN3U28N"
          },
          "event" : {
            "ingested" : "2024-03-29T07:30:49.471336869Z",
            "code" : "98",
            "provider" : "Microsoft-Windows-Ntfs",
            "created" : "2024-03-29T07:30:48.538Z",
            "kind" : "event",
            "action" : "None"
          },
          "message" : "磁碟區 \\\\?\\Volume{4a6ec97e-0000-0000-0000-100000000000} (\\Device\\HarddiskVolume1) 的健康情況良好。不需要採取任何動作。"
        }
      },
      {
        "_index" : "ids-2018-172.31.64.54",
        "_id" : "lfgeiY4B6U4O_9c5UpQC",
        "_score" : 0.0,
        "_source" : {
          "agent" : {
            "name" : "CHPIYR2",
            "id" : "60d66234-2dc5-408a-9a6e-a0a6278a7ae3",
            "type" : "winlogbeat",
            "ephemeral_id" : "cbc62cd6-a758-4639-8eeb-85bf53ffa004",
            "version" : "8.11.3"
          },
          "@timestamp" : "2018-02-09T19:33:02.205Z",
          "winlog" : {
            "computer_name" : "DESKTOP-AN3U28N",
            "record_id" : 2370,
            "process" : {
              "pid" : 412,
              "thread" : {
                "id" : 416
              }
            },
            "task" : "None",
            "event_id" : "16",
            "provider_guid" : "{a68ca8b7-004f-d7b6-a698-07e2de0f1f5d}",
            "channel" : "System",
            "event_data" : {
              "HiveNameLength" : "32",
              "HiveName" : "\\Device\\HarddiskVolume1\\Boot\\BCD",
              "DirtyPages" : "5",
              "KeysUpdated" : "21"
            },
            "api" : "wineventlog",
            "opcode" : "資訊",
            "provider_name" : "Microsoft-Windows-Kernel-General",
            "user" : {
              "identifier" : "S-1-5-18",
              "domain" : "NT AUTHORITY",
              "name" : "SYSTEM",
              "type" : "Well Known Group"
            }
          },
          "ecs" : {
            "version" : "8.0.0"
          },
          "log" : {
            "file" : {
              "path" : "D:\\AIXSOAR\\IDS_2018\\logs_2018-02-16\\DESKTOP-AN3U28N-172.31.64.54.evtx"
            },
            "level" : "資訊"
          },
          "host" : {
            "os" : {
              "type" : "windows",
              "family" : "windows"
            },
            "name" : "DESKTOP-AN3U28N"
          },
          "message" : "已清除登錄區 \\Device\\HarddiskVolume1\\Boot\\BCD 中的存取歷程記錄，更新了 21 個機碼並建立了 5 個修改的頁面。",
          "event" : {
            "ingested" : "2024-03-29T07:30:49.471404792Z",
            "code" : "16",
            "provider" : "Microsoft-Windows-Kernel-General",
            "created" : "2024-03-29T07:30:48.538Z",
            "kind" : "event",
            "action" : "None"
          }
        }
      },
      {
        "_index" : "ids-2018-172.31.64.54",
        "_id" : "lvgeiY4B6U4O_9c5UpQC",
        "_score" : 0.0,
        "_source" : {
          "agent" : {
            "name" : "CHPIYR2",
            "id" : "60d66234-2dc5-408a-9a6e-a0a6278a7ae3",
            "type" : "winlogbeat",
            "ephemeral_id" : "cbc62cd6-a758-4639-8eeb-85bf53ffa004",
            "version" : "8.11.3"
          },
          "@timestamp" : "2018-02-09T19:33:08.236Z",
          "winlog" : {
            "computer_name" : "DESKTOP-AN3U28N",
            "record_id" : 2371,
            "process" : {
              "pid" : 4,
              "thread" : {
                "id" : 508
              }
            },
            "event_id" : "16",
            "task" : "None",
            "provider_guid" : "{a68ca8b7-004f-d7b6-a698-07e2de0f1f5d}",
            "channel" : "System",
            "api" : "wineventlog",
            "event_data" : {
              "HiveNameLength" : "36",
              "DirtyPages" : "3663",
              "HiveName" : "\\SystemRoot\\System32\\Config\\SOFTWARE",
              "KeysUpdated" : "14508"
            },
            "provider_name" : "Microsoft-Windows-Kernel-General",
            "opcode" : "資訊",
            "user" : {
              "identifier" : "S-1-5-18",
              "domain" : "NT AUTHORITY",
              "name" : "SYSTEM",
              "type" : "Well Known Group"
            }
          },
          "ecs" : {
            "version" : "8.0.0"
          },
          "log" : {
            "file" : {
              "path" : "D:\\AIXSOAR\\IDS_2018\\logs_2018-02-16\\DESKTOP-AN3U28N-172.31.64.54.evtx"
            },
            "level" : "資訊"
          },
          "host" : {
            "os" : {
              "type" : "windows",
              "family" : "windows"
            },
            "name" : "DESKTOP-AN3U28N"
          },
          "event" : {
            "ingested" : "2024-03-29T07:30:49.471471391Z",
            "code" : "16",
            "provider" : "Microsoft-Windows-Kernel-General",
            "kind" : "event",
            "created" : "2024-03-29T07:30:48.538Z",
            "action" : "None"
          },
          "message" : "已清除登錄區 \\SystemRoot\\System32\\Config\\SOFTWARE 中的存取歷程記錄，更新了 14508 個機碼並建立了 3663 個修改的頁面。"
        }
      },
      {
        "_index" : "ids-2018-172.31.64.54",
        "_id" : "l_geiY4B6U4O_9c5UpQC",
        "_score" : 0.0,
        "_source" : {
          "agent" : {
            "name" : "CHPIYR2",
            "id" : "60d66234-2dc5-408a-9a6e-a0a6278a7ae3",
            "ephemeral_id" : "cbc62cd6-a758-4639-8eeb-85bf53ffa004",
            "type" : "winlogbeat",
            "version" : "8.11.3"
          },
          "@timestamp" : "2018-02-09T19:33:17.600Z",
          "winlog" : {
            "record_id" : 2372,
            "computer_name" : "DESKTOP-AN3U28N",
            "process" : {
              "pid" : 4,
              "thread" : {
                "id" : 516
              }
            },
            "event_id" : "16",
            "task" : "None",
            "provider_guid" : "{a68ca8b7-004f-d7b6-a698-07e2de0f1f5d}",
            "channel" : "System",
            "api" : "wineventlog",
            "event_data" : {
              "HiveNameLength" : "35",
              "HiveName" : "\\SystemRoot\\System32\\Config\\DEFAULT",
              "DirtyPages" : "46",
              "KeysUpdated" : "337"
            },
            "provider_name" : "Microsoft-Windows-Kernel-General",
            "opcode" : "資訊",
            "user" : {
              "identifier" : "S-1-5-18",
              "domain" : "NT AUTHORITY",
              "name" : "SYSTEM",
              "type" : "Well Known Group"
            }
          },
          "ecs" : {
            "version" : "8.0.0"
          },
          "log" : {
            "file" : {
              "path" : "D:\\AIXSOAR\\IDS_2018\\logs_2018-02-16\\DESKTOP-AN3U28N-172.31.64.54.evtx"
            },
            "level" : "資訊"
          },
          "host" : {
            "os" : {
              "type" : "windows",
              "family" : "windows"
            },
            "name" : "DESKTOP-AN3U28N"
          },
          "event" : {
            "ingested" : "2024-03-29T07:30:49.471568424Z",
            "code" : "16",
            "provider" : "Microsoft-Windows-Kernel-General",
            "created" : "2024-03-29T07:30:48.538Z",
            "kind" : "event",
            "action" : "None"
          },
          "message" : "已清除登錄區 \\SystemRoot\\System32\\Config\\DEFAULT 中的存取歷程記錄，更新了 337 個機碼並建立了 46 個修改的頁面。"
        }
      },
      {
        "_index" : "ids-2018-172.31.64.54",
        "_id" : "mPgeiY4B6U4O_9c5UpQC",
        "_score" : 0.0,
        "_source" : {
          "agent" : {
            "name" : "CHPIYR2",
            "id" : "60d66234-2dc5-408a-9a6e-a0a6278a7ae3",
            "ephemeral_id" : "cbc62cd6-a758-4639-8eeb-85bf53ffa004",
            "type" : "winlogbeat",
            "version" : "8.11.3"
          },
          "@timestamp" : "2018-02-09T19:33:19.742Z",
          "winlog" : {
            "record_id" : 2373,
            "computer_name" : "DESKTOP-AN3U28N",
            "process" : {
              "pid" : 4,
              "thread" : {
                "id" : 504
              }
            },
            "task" : "None",
            "event_id" : "16",
            "provider_guid" : "{a68ca8b7-004f-d7b6-a698-07e2de0f1f5d}",
            "channel" : "System",
            "api" : "wineventlog",
            "event_data" : {
              "HiveNameLength" : "36",
              "HiveName" : "\\SystemRoot\\System32\\Config\\SECURITY",
              "DirtyPages" : "3",
              "KeysUpdated" : "67"
            },
            "provider_name" : "Microsoft-Windows-Kernel-General",
            "opcode" : "資訊",
            "user" : {
              "identifier" : "S-1-5-18",
              "domain" : "NT AUTHORITY",
              "name" : "SYSTEM",
              "type" : "Well Known Group"
            }
          },
          "ecs" : {
            "version" : "8.0.0"
          },
          "log" : {
            "file" : {
              "path" : "D:\\AIXSOAR\\IDS_2018\\logs_2018-02-16\\DESKTOP-AN3U28N-172.31.64.54.evtx"
            },
            "level" : "資訊"
          },
          "host" : {
            "os" : {
              "type" : "windows",
              "family" : "windows"
            },
            "name" : "DESKTOP-AN3U28N"
          },
          "event" : {
            "ingested" : "2024-03-29T07:30:49.471630401Z",
            "code" : "16",
            "provider" : "Microsoft-Windows-Kernel-General",
            "created" : "2024-03-29T07:30:48.538Z",
            "kind" : "event",
            "action" : "None"
          },
          "message" : "已清除登錄區 \\SystemRoot\\System32\\Config\\SECURITY 中的存取歷程記錄，更新了 67 個機碼並建立了 3 個修改的頁面。"
        }
      },
      {
        "_index" : "ids-2018-172.31.64.54",
        "_id" : "mfgeiY4B6U4O_9c5UpQC",
        "_score" : 0.0,
        "_source" : {
          "agent" : {
            "name" : "CHPIYR2",
            "id" : "60d66234-2dc5-408a-9a6e-a0a6278a7ae3",
            "ephemeral_id" : "cbc62cd6-a758-4639-8eeb-85bf53ffa004",
            "type" : "winlogbeat",
            "version" : "8.11.3"
          },
          "@timestamp" : "2018-02-09T19:33:22.626Z",
          "winlog" : {
            "record_id" : 2374,
            "computer_name" : "DESKTOP-AN3U28N",
            "process" : {
              "pid" : 4,
              "thread" : {
                "id" : 520
              }
            },
            "task" : "None",
            "event_id" : "16",
            "provider_guid" : "{a68ca8b7-004f-d7b6-a698-07e2de0f1f5d}",
            "channel" : "System",
            "api" : "wineventlog",
            "event_data" : {
              "HiveNameLength" : "31",
              "HiveName" : "\\SystemRoot\\System32\\Config\\SAM",
              "DirtyPages" : "6",
              "KeysUpdated" : "65"
            },
            "provider_name" : "Microsoft-Windows-Kernel-General",
            "opcode" : "資訊",
            "user" : {
              "identifier" : "S-1-5-18",
              "domain" : "NT AUTHORITY",
              "name" : "SYSTEM",
              "type" : "Well Known Group"
            }
          },
          "ecs" : {
            "version" : "8.0.0"
          },
          "log" : {
            "file" : {
              "path" : "D:\\AIXSOAR\\IDS_2018\\logs_2018-02-16\\DESKTOP-AN3U28N-172.31.64.54.evtx"
            },
            "level" : "資訊"
          },
          "host" : {
            "os" : {
              "type" : "windows",
              "family" : "windows"
            },
            "name" : "DESKTOP-AN3U28N"
          },
          "message" : "已清除登錄區 \\SystemRoot\\System32\\Config\\SAM 中的存取歷程記錄，更新了 65 個機碼並建立了 6 個修改的頁面。",
          "event" : {
            "ingested" : "2024-03-29T07:30:49.471691869Z",
            "code" : "16",
            "provider" : "Microsoft-Windows-Kernel-General",
            "created" : "2024-03-29T07:30:48.538Z",
            "kind" : "event",
            "action" : "None"
          }
        }
      },
