      {
        "_index" : "ids-2018-172.31.64.54",
        "_id" : "N_geiY4B6U4O_9c51JpR",
        "_score" : 0.0,
        "_source" : {
          "agent" : {
            "name" : "CHPIYR2",
            "id" : "60d66234-2dc5-408a-9a6e-a0a6278a7ae3",
            "type" : "winlogbeat",
            "ephemeral_id" : "c6ebe2c3-8b53-4b62-91bb-78491404bbe4",
            "version" : "8.11.3"
          },
          "@timestamp" : "2018-01-18T18:08:03.586Z",
          "winlog" : {
            "computer_name" : "DESKTOP-AN3U28N",
            "process" : {
              "pid" : 704,
              "thread" : {
                "id" : 4676
              }
            },
            "keywords" : [
              "傳統"
            ],
            "channel" : "System",
            "event_data" : {
              "param3" : "demand start",
              "param4" : "TrustedInstaller",
              "param1" : "Windows Modules Installer",
              "param2" : "auto start"
            },
            "opcode" : "Info",
            "record_id" : 993,
            "task" : "None",
            "event_id" : "7040",
            "provider_guid" : "{555908d1-a6d7-4695-8e1e-26931d2012f4}",
            "api" : "wineventlog",
            "provider_name" : "Service Control Manager",
            "user" : {
              "identifier" : "S-1-5-18",
              "domain" : "NT AUTHORITY",
              "name" : "SYSTEM",
              "type" : "Well Known Group"
            }
          },
          "ecs" : {
            "version" : "8.0.0"
          },
          "log" : {
            "file" : {
              "path" : "D:\\AIXSOAR\\IDS_2018\\logs_2018-02-23\\DESKTOP-AN3U28N-172.31.64.54.evtx"
            },
            "level" : "資訊"
          },
          "host" : {
            "os" : {
              "type" : "windows",
              "family" : "windows"
            },
            "name" : "DESKTOP-AN3U28N"
          },
          "event" : {
            "ingested" : "2024-03-29T07:31:22.833045572Z",
            "code" : "7040",
            "provider" : "Service Control Manager",
            "created" : "2024-03-29T07:31:22.424Z",
            "kind" : "event",
            "action" : "None"
          },
          "message" : "Windows Modules Installer 服務的啟動類型已從 auto start 變更為 demand start。"
        }
      },
      {
        "_index" : "ids-2018-172.31.64.54",
        "_id" : "OPgeiY4B6U4O_9c51JpR",
        "_score" : 0.0,
        "_source" : {
          "agent" : {
            "name" : "CHPIYR2",
            "id" : "60d66234-2dc5-408a-9a6e-a0a6278a7ae3",
            "ephemeral_id" : "c6ebe2c3-8b53-4b62-91bb-78491404bbe4",
            "type" : "winlogbeat",
            "version" : "8.11.3"
          },
          "@timestamp" : "2018-01-18T18:08:03.789Z",
          "winlog" : {
            "computer_name" : "DESKTOP-AN3U28N",
            "process" : {
              "pid" : 704,
              "thread" : {
                "id" : 4676
              }
            },
            "keywords" : [
              "傳統"
            ],
            "channel" : "System",
            "event_data" : {
              "param3" : "auto start",
              "param4" : "TrustedInstaller",
              "param1" : "Windows Modules Installer",
              "param2" : "demand start"
            },
            "opcode" : "Info",
            "record_id" : 994,
            "task" : "None",
            "event_id" : "7040",
            "provider_guid" : "{555908d1-a6d7-4695-8e1e-26931d2012f4}",
            "api" : "wineventlog",
            "provider_name" : "Service Control Manager",
            "user" : {
              "identifier" : "S-1-5-18",
              "domain" : "NT AUTHORITY",
              "name" : "SYSTEM",
              "type" : "Well Known Group"
            }
          },
          "ecs" : {
            "version" : "8.0.0"
          },
          "log" : {
            "file" : {
              "path" : "D:\\AIXSOAR\\IDS_2018\\logs_2018-02-23\\DESKTOP-AN3U28N-172.31.64.54.evtx"
            },
            "level" : "資訊"
          },
          "host" : {
            "os" : {
              "type" : "windows",
              "family" : "windows"
            },
            "name" : "DESKTOP-AN3U28N"
          },
          "message" : "Windows Modules Installer 服務的啟動類型已從 demand start 變更為 auto start。",
          "event" : {
            "ingested" : "2024-03-29T07:31:22.833084857Z",
            "code" : "7040",
            "provider" : "Service Control Manager",
            "created" : "2024-03-29T07:31:22.424Z",
            "kind" : "event",
            "action" : "None"
          }
        }
      },
      {
        "_index" : "ids-2018-172.31.64.54",
        "_id" : "OfgeiY4B6U4O_9c51JpR",
        "_score" : 0.0,
        "_source" : {
          "agent" : {
            "name" : "CHPIYR2",
            "id" : "60d66234-2dc5-408a-9a6e-a0a6278a7ae3",
            "ephemeral_id" : "c6ebe2c3-8b53-4b62-91bb-78491404bbe4",
            "type" : "winlogbeat",
            "version" : "8.11.3"
          },
          "@timestamp" : "2018-01-18T18:08:03.883Z",
          "winlog" : {
            "computer_name" : "DESKTOP-AN3U28N",
            "process" : {
              "pid" : 704,
              "thread" : {
                "id" : 4676
              }
            },
            "keywords" : [
              "傳統"
            ],
            "channel" : "System",
            "event_data" : {
              "param3" : "demand start",
              "param4" : "TrustedInstaller",
              "param1" : "Windows Modules Installer",
              "param2" : "auto start"
            },
            "opcode" : "Info",
            "record_id" : 995,
            "event_id" : "7040",
            "task" : "None",
            "provider_guid" : "{555908d1-a6d7-4695-8e1e-26931d2012f4}",
            "api" : "wineventlog",
            "provider_name" : "Service Control Manager",
            "user" : {
              "identifier" : "S-1-5-18",
              "domain" : "NT AUTHORITY",
              "name" : "SYSTEM",
              "type" : "Well Known Group"
            }
          },
          "ecs" : {
            "version" : "8.0.0"
          },
          "log" : {
            "file" : {
              "path" : "D:\\AIXSOAR\\IDS_2018\\logs_2018-02-23\\DESKTOP-AN3U28N-172.31.64.54.evtx"
            },
            "level" : "資訊"
          },
          "host" : {
            "os" : {
              "type" : "windows",
              "family" : "windows"
            },
            "name" : "DESKTOP-AN3U28N"
          },
          "event" : {
            "ingested" : "2024-03-29T07:31:22.833123561Z",
            "code" : "7040",
            "provider" : "Service Control Manager",
            "created" : "2024-03-29T07:31:22.424Z",
            "kind" : "event",
            "action" : "None"
          },
          "message" : "Windows Modules Installer 服務的啟動類型已從 auto start 變更為 demand start。"
        }
      },
      {
        "_index" : "ids-2018-172.31.64.54",
        "_id" : "OvgeiY4B6U4O_9c51JpR",
        "_score" : 0.0,
        "_source" : {
          "agent" : {
            "name" : "CHPIYR2",
            "id" : "60d66234-2dc5-408a-9a6e-a0a6278a7ae3",
            "ephemeral_id" : "c6ebe2c3-8b53-4b62-91bb-78491404bbe4",
            "type" : "winlogbeat",
            "version" : "8.11.3"
          },
          "@timestamp" : "2018-01-18T18:08:03.883Z",
          "winlog" : {
            "computer_name" : "DESKTOP-AN3U28N",
            "process" : {
              "pid" : 704,
              "thread" : {
                "id" : 4676
              }
            },
            "keywords" : [
              "傳統"
            ],
            "channel" : "System",
            "event_data" : {
              "param3" : "auto start",
              "param4" : "TrustedInstaller",
              "param1" : "Windows Modules Installer",
              "param2" : "demand start"
            },
            "opcode" : "Info",
            "record_id" : 996,
            "task" : "None",
            "event_id" : "7040",
            "provider_guid" : "{555908d1-a6d7-4695-8e1e-26931d2012f4}",
            "api" : "wineventlog",
            "provider_name" : "Service Control Manager",
            "user" : {
              "identifier" : "S-1-5-18",
              "domain" : "NT AUTHORITY",
              "name" : "SYSTEM",
              "type" : "Well Known Group"
            }
          },
          "ecs" : {
            "version" : "8.0.0"
          },
          "log" : {
            "file" : {
              "path" : "D:\\AIXSOAR\\IDS_2018\\logs_2018-02-23\\DESKTOP-AN3U28N-172.31.64.54.evtx"
            },
            "level" : "資訊"
          },
          "host" : {
            "os" : {
              "type" : "windows",
              "family" : "windows"
            },
            "name" : "DESKTOP-AN3U28N"
          },
          "event" : {
            "ingested" : "2024-03-29T07:31:22.833160798Z",
            "code" : "7040",
            "provider" : "Service Control Manager",
            "created" : "2024-03-29T07:31:22.424Z",
            "kind" : "event",
            "action" : "None"
          },
          "message" : "Windows Modules Installer 服務的啟動類型已從 demand start 變更為 auto start。"
        }
      },
      {
        "_index" : "ids-2018-172.31.64.54",
        "_id" : "O_geiY4B6U4O_9c51JpR",
        "_score" : 0.0,
        "_source" : {
          "agent" : {
            "name" : "CHPIYR2",
            "id" : "60d66234-2dc5-408a-9a6e-a0a6278a7ae3",
            "ephemeral_id" : "c6ebe2c3-8b53-4b62-91bb-78491404bbe4",
            "type" : "winlogbeat",
            "version" : "8.11.3"
          },
          "@timestamp" : "2018-01-18T18:08:04.508Z",
          "winlog" : {
            "computer_name" : "DESKTOP-AN3U28N",
            "process" : {
              "pid" : 704,
              "thread" : {
                "id" : 4676
              }
            },
            "keywords" : [
              "傳統"
            ],
            "channel" : "System",
            "event_data" : {
              "param3" : "demand start",
              "param4" : "TrustedInstaller",
              "param1" : "Windows Modules Installer",
              "param2" : "auto start"
            },
            "opcode" : "Info",
            "record_id" : 997,
            "task" : "None",
            "event_id" : "7040",
            "provider_guid" : "{555908d1-a6d7-4695-8e1e-26931d2012f4}",
            "api" : "wineventlog",
            "provider_name" : "Service Control Manager",
            "user" : {
              "identifier" : "S-1-5-18",
              "domain" : "NT AUTHORITY",
              "name" : "SYSTEM",
              "type" : "Well Known Group"
            }
          },
          "ecs" : {
            "version" : "8.0.0"
          },
          "log" : {
            "file" : {
              "path" : "D:\\AIXSOAR\\IDS_2018\\logs_2018-02-23\\DESKTOP-AN3U28N-172.31.64.54.evtx"
            },
            "level" : "資訊"
          },
          "host" : {
            "os" : {
              "type" : "windows",
              "family" : "windows"
            },
            "name" : "DESKTOP-AN3U28N"
          },
          "event" : {
            "ingested" : "2024-03-29T07:31:22.833198477Z",
            "code" : "7040",
            "provider" : "Service Control Manager",
            "created" : "2024-03-29T07:31:22.424Z",
            "kind" : "event",
            "action" : "None"
          },
          "message" : "Windows Modules Installer 服務的啟動類型已從 auto start 變更為 demand start。"
        }
      },
      {
        "_index" : "ids-2018-172.31.64.54",
        "_id" : "PPgeiY4B6U4O_9c51JpR",
        "_score" : 0.0,
        "_source" : {
          "agent" : {
            "name" : "CHPIYR2",
            "id" : "60d66234-2dc5-408a-9a6e-a0a6278a7ae3",
            "type" : "winlogbeat",
            "ephemeral_id" : "c6ebe2c3-8b53-4b62-91bb-78491404bbe4",
            "version" : "8.11.3"
          },
          "@timestamp" : "2018-01-18T18:08:04.758Z",
          "winlog" : {
            "computer_name" : "DESKTOP-AN3U28N",
            "process" : {
              "pid" : 704,
              "thread" : {
                "id" : 4676
              }
            },
            "keywords" : [
              "傳統"
            ],
            "channel" : "System",
            "event_data" : {
              "param3" : "auto start",
              "param4" : "TrustedInstaller",
              "param1" : "Windows Modules Installer",
              "param2" : "demand start"
            },
            "opcode" : "Info",
            "record_id" : 998,
            "task" : "None",
            "event_id" : "7040",
            "provider_guid" : "{555908d1-a6d7-4695-8e1e-26931d2012f4}",
            "api" : "wineventlog",
            "provider_name" : "Service Control Manager",
            "user" : {
              "identifier" : "S-1-5-18",
              "domain" : "NT AUTHORITY",
              "name" : "SYSTEM",
              "type" : "Well Known Group"
            }
          },
          "ecs" : {
            "version" : "8.0.0"
          },
          "log" : {
            "file" : {
              "path" : "D:\\AIXSOAR\\IDS_2018\\logs_2018-02-23\\DESKTOP-AN3U28N-172.31.64.54.evtx"
            },
            "level" : "資訊"
          },
          "host" : {
            "os" : {
              "type" : "windows",
              "family" : "windows"
            },
            "name" : "DESKTOP-AN3U28N"
          },
          "message" : "Windows Modules Installer 服務的啟動類型已從 demand start 變更為 auto start。",
          "event" : {
            "ingested" : "2024-03-29T07:31:22.833235626Z",
            "code" : "7040",
            "provider" : "Service Control Manager",
            "created" : "2024-03-29T07:31:22.424Z",
            "kind" : "event",
            "action" : "None"
          }
        }
      },
      {
        "_index" : "ids-2018-172.31.64.54",
        "_id" : "PfgeiY4B6U4O_9c51JpR",
        "_score" : 0.0,
        "_source" : {
          "agent" : {
            "name" : "CHPIYR2",
            "id" : "60d66234-2dc5-408a-9a6e-a0a6278a7ae3",
            "type" : "winlogbeat",
            "ephemeral_id" : "c6ebe2c3-8b53-4b62-91bb-78491404bbe4",
            "version" : "8.11.3"
          },
          "@timestamp" : "2018-01-18T18:08:04.774Z",
          "winlog" : {
            "computer_name" : "DESKTOP-AN3U28N",
            "process" : {
              "pid" : 704,
              "thread" : {
                "id" : 4676
              }
            },
            "keywords" : [
              "傳統"
            ],
            "channel" : "System",
            "event_data" : {
              "param3" : "demand start",
              "param4" : "TrustedInstaller",
              "param1" : "Windows Modules Installer",
              "param2" : "auto start"
            },
            "opcode" : "Info",
            "record_id" : 999,
            "task" : "None",
            "event_id" : "7040",
            "provider_guid" : "{555908d1-a6d7-4695-8e1e-26931d2012f4}",
            "api" : "wineventlog",
            "provider_name" : "Service Control Manager",
            "user" : {
              "identifier" : "S-1-5-18",
              "domain" : "NT AUTHORITY",
              "name" : "SYSTEM",
              "type" : "Well Known Group"
            }
          },
          "ecs" : {
            "version" : "8.0.0"
          },
          "log" : {
            "file" : {
              "path" : "D:\\AIXSOAR\\IDS_2018\\logs_2018-02-23\\DESKTOP-AN3U28N-172.31.64.54.evtx"
            },
            "level" : "資訊"
          },
          "host" : {
            "os" : {
              "type" : "windows",
              "family" : "windows"
            },
            "name" : "DESKTOP-AN3U28N"
          },
          "event" : {
            "ingested" : "2024-03-29T07:31:22.833272941Z",
            "code" : "7040",
            "provider" : "Service Control Manager",
            "created" : "2024-03-29T07:31:22.424Z",
            "kind" : "event",
            "action" : "None"
          },
          "message" : "Windows Modules Installer 服務的啟動類型已從 auto start 變更為 demand start。"
        }
      },
      {
        "_index" : "ids-2018-172.31.64.54",
        "_id" : "PvgeiY4B6U4O_9c51JpR",
        "_score" : 0.0,
        "_source" : {
          "agent" : {
            "name" : "CHPIYR2",
            "id" : "60d66234-2dc5-408a-9a6e-a0a6278a7ae3",
            "ephemeral_id" : "c6ebe2c3-8b53-4b62-91bb-78491404bbe4",
            "type" : "winlogbeat",
            "version" : "8.11.3"
          },
          "@timestamp" : "2018-01-18T18:08:04.774Z",
          "winlog" : {
            "computer_name" : "DESKTOP-AN3U28N",
            "process" : {
              "pid" : 704,
              "thread" : {
                "id" : 4676
              }
            },
            "keywords" : [
              "傳統"
            ],
            "channel" : "System",
            "event_data" : {
              "param3" : "auto start",
              "param4" : "TrustedInstaller",
              "param1" : "Windows Modules Installer",
              "param2" : "demand start"
            },
            "opcode" : "Info",
            "record_id" : 1000,
            "event_id" : "7040",
            "task" : "None",
            "provider_guid" : "{555908d1-a6d7-4695-8e1e-26931d2012f4}",
            "api" : "wineventlog",
            "provider_name" : "Service Control Manager",
            "user" : {
              "identifier" : "S-1-5-18",
              "domain" : "NT AUTHORITY",
              "name" : "SYSTEM",
              "type" : "Well Known Group"
            }
          },
          "ecs" : {
            "version" : "8.0.0"
          },
          "log" : {
            "file" : {
              "path" : "D:\\AIXSOAR\\IDS_2018\\logs_2018-02-23\\DESKTOP-AN3U28N-172.31.64.54.evtx"
            },
            "level" : "資訊"
          },
          "host" : {
            "os" : {
              "type" : "windows",
              "family" : "windows"
            },
            "name" : "DESKTOP-AN3U28N"
          },
          "event" : {
            "ingested" : "2024-03-29T07:31:22.833310614Z",
            "code" : "7040",
            "provider" : "Service Control Manager",
            "created" : "2024-03-29T07:31:22.424Z",
            "kind" : "event",
            "action" : "None"
          },
          "message" : "Windows Modules Installer 服務的啟動類型已從 demand start 變更為 auto start。"
        }
      },
      {
        "_index" : "ids-2018-172.31.64.54",
        "_id" : "P_geiY4B6U4O_9c51Jpz",
        "_score" : 0.0,
        "_source" : {
          "agent" : {
            "name" : "CHPIYR2",
            "id" : "60d66234-2dc5-408a-9a6e-a0a6278a7ae3",
            "ephemeral_id" : "c6ebe2c3-8b53-4b62-91bb-78491404bbe4",
            "type" : "winlogbeat",
            "version" : "8.11.3"
          },
          "@timestamp" : "2018-01-18T18:08:05.039Z",
          "winlog" : {
            "computer_name" : "DESKTOP-AN3U28N",
            "process" : {
              "pid" : 704,
              "thread" : {
                "id" : 4328
              }
            },
            "keywords" : [
              "傳統"
            ],
            "channel" : "System",
            "event_data" : {
              "param3" : "demand start",
              "param4" : "TrustedInstaller",
              "param1" : "Windows Modules Installer",
              "param2" : "auto start"
            },
            "opcode" : "Info",
            "record_id" : 1001,
            "task" : "None",
            "event_id" : "7040",
            "provider_guid" : "{555908d1-a6d7-4695-8e1e-26931d2012f4}",
            "api" : "wineventlog",
            "provider_name" : "Service Control Manager",
            "user" : {
              "identifier" : "S-1-5-18",
              "domain" : "NT AUTHORITY",
              "name" : "SYSTEM",
              "type" : "Well Known Group"
            }
          },
          "ecs" : {
            "version" : "8.0.0"
          },
          "log" : {
            "file" : {
              "path" : "D:\\AIXSOAR\\IDS_2018\\logs_2018-02-23\\DESKTOP-AN3U28N-172.31.64.54.evtx"
            },
            "level" : "資訊"
          },
          "host" : {
            "os" : {
              "type" : "windows",
              "family" : "windows"
            },
            "name" : "DESKTOP-AN3U28N"
          },
          "event" : {
            "ingested" : "2024-03-29T07:31:22.860179647Z",
            "code" : "7040",
            "provider" : "Service Control Manager",
            "kind" : "event",
            "created" : "2024-03-29T07:31:22.544Z",
            "action" : "None"
          },
          "message" : "Windows Modules Installer 服務的啟動類型已從 auto start 變更為 demand start。"
        }
      },
      {
        "_index" : "ids-2018-172.31.64.54",
        "_id" : "QPgeiY4B6U4O_9c51Jpz",
        "_score" : 0.0,
        "_source" : {
          "agent" : {
            "name" : "CHPIYR2",
            "id" : "60d66234-2dc5-408a-9a6e-a0a6278a7ae3",
            "ephemeral_id" : "c6ebe2c3-8b53-4b62-91bb-78491404bbe4",
            "type" : "winlogbeat",
            "version" : "8.11.3"
          },
          "@timestamp" : "2018-01-18T18:08:05.057Z",
          "winlog" : {
            "computer_name" : "DESKTOP-AN3U28N",
            "process" : {
              "pid" : 704,
              "thread" : {
                "id" : 4328
              }
            },
            "keywords" : [
              "傳統"
            ],
            "channel" : "System",
            "event_data" : {
              "param3" : "auto start",
              "param4" : "TrustedInstaller",
              "param1" : "Windows Modules Installer",
              "param2" : "demand start"
            },
            "opcode" : "Info",
            "record_id" : 1002,
            "event_id" : "7040",
            "task" : "None",
            "provider_guid" : "{555908d1-a6d7-4695-8e1e-26931d2012f4}",
            "api" : "wineventlog",
            "provider_name" : "Service Control Manager",
            "user" : {
              "identifier" : "S-1-5-18",
              "domain" : "NT AUTHORITY",
              "name" : "SYSTEM",
              "type" : "Well Known Group"
            }
          },
          "ecs" : {
            "version" : "8.0.0"
          },
          "log" : {
            "file" : {
              "path" : "D:\\AIXSOAR\\IDS_2018\\logs_2018-02-23\\DESKTOP-AN3U28N-172.31.64.54.evtx"
            },
            "level" : "資訊"
          },
          "host" : {
            "os" : {
              "type" : "windows",
              "family" : "windows"
            },
            "name" : "DESKTOP-AN3U28N"
          },
          "event" : {
            "ingested" : "2024-03-29T07:31:22.860363091Z",
            "code" : "7040",
            "provider" : "Service Control Manager",
            "created" : "2024-03-29T07:31:22.544Z",
            "kind" : "event",
            "action" : "None"
          },
          "message" : "Windows Modules Installer 服務的啟動類型已從 demand start 變更為 auto start。"
        }
      },
      {
        "_index" : "ids-2018-172.31.64.54",
        "_id" : "QfgeiY4B6U4O_9c51Jpz",
        "_score" : 0.0,
        "_source" : {
          "agent" : {
            "name" : "CHPIYR2",
            "id" : "60d66234-2dc5-408a-9a6e-a0a6278a7ae3",
            "ephemeral_id" : "c6ebe2c3-8b53-4b62-91bb-78491404bbe4",
            "type" : "winlogbeat",
            "version" : "8.11.3"
          },
          "@timestamp" : "2018-01-18T18:08:05.696Z",
          "winlog" : {
            "computer_name" : "DESKTOP-AN3U28N",
            "process" : {
              "pid" : 704,
              "thread" : {
                "id" : 4328
              }
            },
            "keywords" : [
              "傳統"
            ],
            "channel" : "System",
            "event_data" : {
              "param3" : "demand start",
              "param4" : "TrustedInstaller",
              "param1" : "Windows Modules Installer",
              "param2" : "auto start"
            },
            "opcode" : "Info",
            "record_id" : 1003,
            "event_id" : "7040",
            "task" : "None",
            "provider_guid" : "{555908d1-a6d7-4695-8e1e-26931d2012f4}",
            "api" : "wineventlog",
            "provider_name" : "Service Control Manager",
            "user" : {
              "identifier" : "S-1-5-18",
              "domain" : "NT AUTHORITY",
              "name" : "SYSTEM",
              "type" : "Well Known Group"
            }
          },
          "ecs" : {
            "version" : "8.0.0"
          },
          "log" : {
            "file" : {
              "path" : "D:\\AIXSOAR\\IDS_2018\\logs_2018-02-23\\DESKTOP-AN3U28N-172.31.64.54.evtx"
            },
            "level" : "資訊"
          },
          "host" : {
            "os" : {
              "type" : "windows",
              "family" : "windows"
            },
            "name" : "DESKTOP-AN3U28N"
          },
          "event" : {
            "ingested" : "2024-03-29T07:31:22.860459743Z",
            "code" : "7040",
            "provider" : "Service Control Manager",
            "created" : "2024-03-29T07:31:22.544Z",
            "kind" : "event",
            "action" : "None"
          },
          "message" : "Windows Modules Installer 服務的啟動類型已從 auto start 變更為 demand start。"
        }
      },
      {
        "_index" : "ids-2018-172.31.64.54",
        "_id" : "QvgeiY4B6U4O_9c51Jpz",
        "_score" : 0.0,
        "_source" : {
          "agent" : {
            "name" : "CHPIYR2",
            "id" : "60d66234-2dc5-408a-9a6e-a0a6278a7ae3",
            "type" : "winlogbeat",
            "ephemeral_id" : "c6ebe2c3-8b53-4b62-91bb-78491404bbe4",
            "version" : "8.11.3"
          },
          "@timestamp" : "2018-01-18T18:08:05.977Z",
          "winlog" : {
            "computer_name" : "DESKTOP-AN3U28N",
            "process" : {
              "pid" : 704,
              "thread" : {
                "id" : 4328
              }
            },
            "keywords" : [
              "傳統"
            ],
            "channel" : "System",
            "event_data" : {
              "param3" : "auto start",
              "param4" : "TrustedInstaller",
              "param1" : "Windows Modules Installer",
              "param2" : "demand start"
            },
            "opcode" : "Info",
            "record_id" : 1004,
            "event_id" : "7040",
            "task" : "None",
            "provider_guid" : "{555908d1-a6d7-4695-8e1e-26931d2012f4}",
            "api" : "wineventlog",
            "provider_name" : "Service Control Manager",
            "user" : {
              "identifier" : "S-1-5-18",
              "domain" : "NT AUTHORITY",
              "name" : "SYSTEM",
              "type" : "Well Known Group"
            }
          },
          "ecs" : {
            "version" : "8.0.0"
          },
          "log" : {
            "file" : {
              "path" : "D:\\AIXSOAR\\IDS_2018\\logs_2018-02-23\\DESKTOP-AN3U28N-172.31.64.54.evtx"
            },
            "level" : "資訊"
          },
          "host" : {
            "os" : {
              "type" : "windows",
              "family" : "windows"
            },
            "name" : "DESKTOP-AN3U28N"
          },
          "event" : {
            "ingested" : "2024-03-29T07:31:22.860539741Z",
            "code" : "7040",
            "provider" : "Service Control Manager",
            "created" : "2024-03-29T07:31:22.544Z",
            "kind" : "event",
            "action" : "None"
          },
          "message" : "Windows Modules Installer 服務的啟動類型已從 demand start 變更為 auto start。"
        }
      },
      {
        "_index" : "ids-2018-172.31.64.54",
        "_id" : "Q_geiY4B6U4O_9c51Jpz",
        "_score" : 0.0,
        "_source" : {
          "agent" : {
            "name" : "CHPIYR2",
            "id" : "60d66234-2dc5-408a-9a6e-a0a6278a7ae3",
            "ephemeral_id" : "c6ebe2c3-8b53-4b62-91bb-78491404bbe4",
            "type" : "winlogbeat",
            "version" : "8.11.3"
          },
          "@timestamp" : "2018-01-18T18:08:06.477Z",
          "winlog" : {
            "computer_name" : "DESKTOP-AN3U28N",
            "process" : {
              "pid" : 704,
              "thread" : {
                "id" : 4328
              }
            },
            "keywords" : [
              "傳統"
            ],
            "channel" : "System",
            "event_data" : {
              "param3" : "demand start",
              "param4" : "TrustedInstaller",
              "param1" : "Windows Modules Installer",
              "param2" : "auto start"
            },
            "opcode" : "Info",
            "record_id" : 1005,
            "event_id" : "7040",
            "task" : "None",
            "provider_guid" : "{555908d1-a6d7-4695-8e1e-26931d2012f4}",
            "api" : "wineventlog",
            "provider_name" : "Service Control Manager",
            "user" : {
              "identifier" : "S-1-5-18",
              "domain" : "NT AUTHORITY",
              "name" : "SYSTEM",
              "type" : "Well Known Group"
            }
          },
          "ecs" : {
            "version" : "8.0.0"
          },
          "log" : {
            "file" : {
              "path" : "D:\\AIXSOAR\\IDS_2018\\logs_2018-02-23\\DESKTOP-AN3U28N-172.31.64.54.evtx"
            },
            "level" : "資訊"
          },
          "host" : {
            "os" : {
              "type" : "windows",
              "family" : "windows"
            },
            "name" : "DESKTOP-AN3U28N"
          },
          "event" : {
            "ingested" : "2024-03-29T07:31:22.860613963Z",
            "code" : "7040",
            "provider" : "Service Control Manager",
            "created" : "2024-03-29T07:31:22.544Z",
            "kind" : "event",
            "action" : "None"
          },
          "message" : "Windows Modules Installer 服務的啟動類型已從 auto start 變更為 demand start。"
        }
      },
      {
        "_index" : "ids-2018-172.31.64.54",
        "_id" : "RPgeiY4B6U4O_9c51Jpz",
        "_score" : 0.0,
        "_source" : {
          "agent" : {
            "name" : "CHPIYR2",
            "id" : "60d66234-2dc5-408a-9a6e-a0a6278a7ae3",
            "ephemeral_id" : "c6ebe2c3-8b53-4b62-91bb-78491404bbe4",
            "type" : "winlogbeat",
            "version" : "8.11.3"
          },
          "@timestamp" : "2018-01-18T18:08:06.664Z",
          "winlog" : {
            "computer_name" : "DESKTOP-AN3U28N",
            "process" : {
              "pid" : 704,
              "thread" : {
                "id" : 4328
              }
            },
            "keywords" : [
              "傳統"
            ],
            "channel" : "System",
            "event_data" : {
              "param3" : "auto start",
              "param4" : "TrustedInstaller",
              "param1" : "Windows Modules Installer",
              "param2" : "demand start"
            },
            "opcode" : "Info",
            "record_id" : 1006,
            "task" : "None",
            "event_id" : "7040",
            "provider_guid" : "{555908d1-a6d7-4695-8e1e-26931d2012f4}",
            "api" : "wineventlog",
            "provider_name" : "Service Control Manager",
            "user" : {
              "identifier" : "S-1-5-18",
              "domain" : "NT AUTHORITY",
              "name" : "SYSTEM",
              "type" : "Well Known Group"
            }
          },
          "ecs" : {
            "version" : "8.0.0"
          },
          "log" : {
            "file" : {
              "path" : "D:\\AIXSOAR\\IDS_2018\\logs_2018-02-23\\DESKTOP-AN3U28N-172.31.64.54.evtx"
            },
            "level" : "資訊"
          },
          "host" : {
            "os" : {
              "type" : "windows",
              "family" : "windows"
            },
            "name" : "DESKTOP-AN3U28N"
          },
          "event" : {
            "ingested" : "2024-03-29T07:31:22.860681093Z",
            "code" : "7040",
            "provider" : "Service Control Manager",
            "kind" : "event",
            "created" : "2024-03-29T07:31:22.544Z",
            "action" : "None"
          },
          "message" : "Windows Modules Installer 服務的啟動類型已從 demand start 變更為 auto start。"
        }
      },
      {
        "_index" : "ids-2018-172.31.64.54",
        "_id" : "RfgeiY4B6U4O_9c51Jpz",
        "_score" : 0.0,
        "_source" : {
          "agent" : {
            "name" : "CHPIYR2",
            "id" : "60d66234-2dc5-408a-9a6e-a0a6278a7ae3",
            "type" : "winlogbeat",
            "ephemeral_id" : "c6ebe2c3-8b53-4b62-91bb-78491404bbe4",
            "version" : "8.11.3"
          },
          "@timestamp" : "2018-01-18T18:08:07.321Z",
          "winlog" : {
            "computer_name" : "DESKTOP-AN3U28N",
            "process" : {
              "pid" : 704,
              "thread" : {
                "id" : 4328
              }
            },
            "keywords" : [
              "傳統"
            ],
            "channel" : "System",
            "event_data" : {
              "param3" : "demand start",
              "param4" : "TrustedInstaller",
              "param1" : "Windows Modules Installer",
              "param2" : "auto start"
            },
            "opcode" : "Info",
            "record_id" : 1007,
            "event_id" : "7040",
            "task" : "None",
            "provider_guid" : "{555908d1-a6d7-4695-8e1e-26931d2012f4}",
            "api" : "wineventlog",
            "provider_name" : "Service Control Manager",
            "user" : {
              "identifier" : "S-1-5-18",
              "domain" : "NT AUTHORITY",
              "name" : "SYSTEM",
              "type" : "Well Known Group"
            }
          },
          "ecs" : {
            "version" : "8.0.0"
          },
          "log" : {
            "file" : {
              "path" : "D:\\AIXSOAR\\IDS_2018\\logs_2018-02-23\\DESKTOP-AN3U28N-172.31.64.54.evtx"
            },
            "level" : "資訊"
          },
          "host" : {
            "os" : {
              "type" : "windows",
              "family" : "windows"
            },
            "name" : "DESKTOP-AN3U28N"
          },
          "event" : {
            "ingested" : "2024-03-29T07:31:22.860747155Z",
            "code" : "7040",
            "provider" : "Service Control Manager",
            "created" : "2024-03-29T07:31:22.544Z",
            "kind" : "event",
            "action" : "None"
          },
          "message" : "Windows Modules Installer 服務的啟動類型已從 auto start 變更為 demand start。"
        }
      },
      {
        "_index" : "ids-2018-172.31.64.54",
        "_id" : "RvgeiY4B6U4O_9c51Jpz",
        "_score" : 0.0,
        "_source" : {
          "agent" : {
            "name" : "CHPIYR2",
            "id" : "60d66234-2dc5-408a-9a6e-a0a6278a7ae3",
            "ephemeral_id" : "c6ebe2c3-8b53-4b62-91bb-78491404bbe4",
            "type" : "winlogbeat",
            "version" : "8.11.3"
          },
          "@timestamp" : "2018-01-18T18:08:07.758Z",
          "winlog" : {
            "computer_name" : "DESKTOP-AN3U28N",
            "process" : {
              "pid" : 704,
              "thread" : {
                "id" : 4328
              }
            },
            "keywords" : [
              "傳統"
            ],
            "channel" : "System",
            "event_data" : {
              "param3" : "auto start",
              "param4" : "TrustedInstaller",
              "param1" : "Windows Modules Installer",
              "param2" : "demand start"
            },
            "opcode" : "Info",
            "record_id" : 1008,
            "task" : "None",
            "event_id" : "7040",
            "provider_guid" : "{555908d1-a6d7-4695-8e1e-26931d2012f4}",
            "api" : "wineventlog",
            "provider_name" : "Service Control Manager",
            "user" : {
              "identifier" : "S-1-5-18",
              "domain" : "NT AUTHORITY",
              "name" : "SYSTEM",
              "type" : "Well Known Group"
            }
          },
          "ecs" : {
            "version" : "8.0.0"
          },
          "log" : {
            "file" : {
              "path" : "D:\\AIXSOAR\\IDS_2018\\logs_2018-02-23\\DESKTOP-AN3U28N-172.31.64.54.evtx"
            },
            "level" : "資訊"
          },
          "host" : {
            "os" : {
              "type" : "windows",
              "family" : "windows"
            },
            "name" : "DESKTOP-AN3U28N"
          },
          "message" : "Windows Modules Installer 服務的啟動類型已從 demand start 變更為 auto start。",
          "event" : {
            "ingested" : "2024-03-29T07:31:22.860847202Z",
            "code" : "7040",
            "provider" : "Service Control Manager",
            "kind" : "event",
            "created" : "2024-03-29T07:31:22.545Z",
            "action" : "None"
          }
        }
      },
      {
        "_index" : "ids-2018-172.31.64.54",
        "_id" : "R_geiY4B6U4O_9c51Jpz",
        "_score" : 0.0,
        "_source" : {
          "agent" : {
            "name" : "CHPIYR2",
            "id" : "60d66234-2dc5-408a-9a6e-a0a6278a7ae3",
            "type" : "winlogbeat",
            "ephemeral_id" : "c6ebe2c3-8b53-4b62-91bb-78491404bbe4",
            "version" : "8.11.3"
          },
          "@timestamp" : "2018-01-18T18:08:08.524Z",
          "winlog" : {
            "computer_name" : "DESKTOP-AN3U28N",
            "process" : {
              "pid" : 704,
              "thread" : {
                "id" : 4328
              }
            },
            "keywords" : [
              "傳統"
            ],
            "channel" : "System",
            "event_data" : {
              "param3" : "demand start",
              "param4" : "TrustedInstaller",
              "param1" : "Windows Modules Installer",
              "param2" : "auto start"
            },
            "opcode" : "Info",
            "record_id" : 1009,
            "task" : "None",
            "event_id" : "7040",
            "provider_guid" : "{555908d1-a6d7-4695-8e1e-26931d2012f4}",
            "api" : "wineventlog",
            "provider_name" : "Service Control Manager",
            "user" : {
              "identifier" : "S-1-5-18",
              "domain" : "NT AUTHORITY",
              "name" : "SYSTEM",
              "type" : "Well Known Group"
            }
          },
          "ecs" : {
            "version" : "8.0.0"
          },
          "log" : {
            "file" : {
              "path" : "D:\\AIXSOAR\\IDS_2018\\logs_2018-02-23\\DESKTOP-AN3U28N-172.31.64.54.evtx"
            },
            "level" : "資訊"
          },
          "host" : {
            "os" : {
              "type" : "windows",
              "family" : "windows"
            },
            "name" : "DESKTOP-AN3U28N"
          },
          "event" : {
            "ingested" : "2024-03-29T07:31:22.860940522Z",
            "code" : "7040",
            "provider" : "Service Control Manager",
            "kind" : "event",
            "created" : "2024-03-29T07:31:22.545Z",
            "action" : "None"
          },
          "message" : "Windows Modules Installer 服務的啟動類型已從 auto start 變更為 demand start。"
        }
      },
      {
        "_index" : "ids-2018-172.31.64.54",
        "_id" : "SPgeiY4B6U4O_9c51Jpz",
        "_score" : 0.0,
        "_source" : {
          "agent" : {
            "name" : "CHPIYR2",
            "id" : "60d66234-2dc5-408a-9a6e-a0a6278a7ae3",
            "ephemeral_id" : "c6ebe2c3-8b53-4b62-91bb-78491404bbe4",
            "type" : "winlogbeat",
            "version" : "8.11.3"
          },
          "@timestamp" : "2018-01-18T18:08:08.711Z",
          "winlog" : {
            "computer_name" : "DESKTOP-AN3U28N",
            "process" : {
              "pid" : 704,
              "thread" : {
                "id" : 4328
              }
            },
            "keywords" : [
              "傳統"
            ],
            "channel" : "System",
            "event_data" : {
              "param3" : "auto start",
              "param4" : "TrustedInstaller",
              "param1" : "Windows Modules Installer",
              "param2" : "demand start"
            },
            "opcode" : "Info",
            "record_id" : 1010,
            "event_id" : "7040",
            "task" : "None",
            "provider_guid" : "{555908d1-a6d7-4695-8e1e-26931d2012f4}",
            "api" : "wineventlog",
            "provider_name" : "Service Control Manager",
            "user" : {
              "identifier" : "S-1-5-18",
              "domain" : "NT AUTHORITY",
              "name" : "SYSTEM",
              "type" : "Well Known Group"
            }
          },
          "ecs" : {
            "version" : "8.0.0"
          },
          "log" : {
            "file" : {
              "path" : "D:\\AIXSOAR\\IDS_2018\\logs_2018-02-23\\DESKTOP-AN3U28N-172.31.64.54.evtx"
            },
            "level" : "資訊"
          },
          "host" : {
            "os" : {
              "type" : "windows",
              "family" : "windows"
            },
            "name" : "DESKTOP-AN3U28N"
          },
          "event" : {
            "ingested" : "2024-03-29T07:31:22.861001978Z",
            "code" : "7040",
            "provider" : "Service Control Manager",
            "kind" : "event",
            "created" : "2024-03-29T07:31:22.545Z",
            "action" : "None"
          },
          "message" : "Windows Modules Installer 服務的啟動類型已從 demand start 變更為 auto start。"
        }
      },
      {
        "_index" : "ids-2018-172.31.64.54",
        "_id" : "SfgeiY4B6U4O_9c51Jpz",
        "_score" : 0.0,
        "_source" : {
          "agent" : {
            "name" : "CHPIYR2",
            "id" : "60d66234-2dc5-408a-9a6e-a0a6278a7ae3",
            "ephemeral_id" : "c6ebe2c3-8b53-4b62-91bb-78491404bbe4",
            "type" : "winlogbeat",
            "version" : "8.11.3"
          },
          "@timestamp" : "2018-01-18T18:08:08.789Z",
          "winlog" : {
            "computer_name" : "DESKTOP-AN3U28N",
            "process" : {
              "pid" : 704,
              "thread" : {
                "id" : 4328
              }
            },
            "keywords" : [
              "傳統"
            ],
            "channel" : "System",
            "event_data" : {
              "param3" : "demand start",
              "param4" : "TrustedInstaller",
              "param1" : "Windows Modules Installer",
              "param2" : "auto start"
            },
            "opcode" : "Info",
            "record_id" : 1011,
            "task" : "None",
            "event_id" : "7040",
            "provider_guid" : "{555908d1-a6d7-4695-8e1e-26931d2012f4}",
            "api" : "wineventlog",
            "provider_name" : "Service Control Manager",
            "user" : {
              "identifier" : "S-1-5-18",
              "domain" : "NT AUTHORITY",
              "name" : "SYSTEM",
              "type" : "Well Known Group"
            }
          },
          "ecs" : {
            "version" : "8.0.0"
          },
          "log" : {
            "file" : {
              "path" : "D:\\AIXSOAR\\IDS_2018\\logs_2018-02-23\\DESKTOP-AN3U28N-172.31.64.54.evtx"
            },
            "level" : "資訊"
          },
          "host" : {
            "os" : {
              "type" : "windows",
              "family" : "windows"
            },
            "name" : "DESKTOP-AN3U28N"
          },
          "event" : {
            "ingested" : "2024-03-29T07:31:22.861061244Z",
            "code" : "7040",
            "provider" : "Service Control Manager",
            "kind" : "event",
            "created" : "2024-03-29T07:31:22.545Z",
            "action" : "None"
          },
          "message" : "Windows Modules Installer 服務的啟動類型已從 auto start 變更為 demand start。"
        }
      },
      {
        "_index" : "ids-2018-172.31.64.54",
        "_id" : "SvgeiY4B6U4O_9c51Jpz",
        "_score" : 0.0,
        "_source" : {
          "agent" : {
            "name" : "CHPIYR2",
            "id" : "60d66234-2dc5-408a-9a6e-a0a6278a7ae3",
            "type" : "winlogbeat",
            "ephemeral_id" : "c6ebe2c3-8b53-4b62-91bb-78491404bbe4",
            "version" : "8.11.3"
          },
          "@timestamp" : "2018-01-18T18:08:08.805Z",
          "winlog" : {
            "computer_name" : "DESKTOP-AN3U28N",
            "process" : {
              "pid" : 704,
              "thread" : {
                "id" : 4328
              }
            },
            "keywords" : [
              "傳統"
            ],
            "channel" : "System",
            "event_data" : {
              "param3" : "auto start",
              "param4" : "TrustedInstaller",
              "param1" : "Windows Modules Installer",
              "param2" : "demand start"
            },
            "opcode" : "Info",
            "record_id" : 1012,
            "task" : "None",
            "event_id" : "7040",
            "provider_guid" : "{555908d1-a6d7-4695-8e1e-26931d2012f4}",
            "api" : "wineventlog",
            "provider_name" : "Service Control Manager",
            "user" : {
              "identifier" : "S-1-5-18",
              "domain" : "NT AUTHORITY",
              "name" : "SYSTEM",
              "type" : "Well Known Group"
            }
          },
          "ecs" : {
            "version" : "8.0.0"
          },
          "log" : {
            "file" : {
              "path" : "D:\\AIXSOAR\\IDS_2018\\logs_2018-02-23\\DESKTOP-AN3U28N-172.31.64.54.evtx"
            },
            "level" : "資訊"
          },
          "host" : {
            "os" : {
              "type" : "windows",
              "family" : "windows"
            },
            "name" : "DESKTOP-AN3U28N"
          },
          "message" : "Windows Modules Installer 服務的啟動類型已從 demand start 變更為 auto start。",
          "event" : {
            "ingested" : "2024-03-29T07:31:22.861444857Z",
            "code" : "7040",
            "provider" : "Service Control Manager",
            "created" : "2024-03-29T07:31:22.545Z",
            "kind" : "event",
            "action" : "None"
          }
        }
      },
      {
        "_index" : "ids-2018-172.31.64.54",
        "_id" : "S_geiY4B6U4O_9c51Jpz",
        "_score" : 0.0,
        "_source" : {
          "agent" : {
            "name" : "CHPIYR2",
            "id" : "60d66234-2dc5-408a-9a6e-a0a6278a7ae3",
            "type" : "winlogbeat",
            "ephemeral_id" : "c6ebe2c3-8b53-4b62-91bb-78491404bbe4",
            "version" : "8.11.3"
          },
          "@timestamp" : "2018-01-18T18:08:09.399Z",
          "winlog" : {
            "computer_name" : "DESKTOP-AN3U28N",
            "process" : {
              "pid" : 704,
              "thread" : {
                "id" : 4328
              }
            },
            "keywords" : [
              "傳統"
            ],
            "channel" : "System",
            "event_data" : {
              "param3" : "demand start",
              "param4" : "TrustedInstaller",
              "param1" : "Windows Modules Installer",
              "param2" : "auto start"
            },
            "opcode" : "Info",
            "record_id" : 1013,
            "event_id" : "7040",
            "task" : "None",
            "provider_guid" : "{555908d1-a6d7-4695-8e1e-26931d2012f4}",
            "api" : "wineventlog",
            "provider_name" : "Service Control Manager",
            "user" : {
              "identifier" : "S-1-5-18",
              "domain" : "NT AUTHORITY",
              "name" : "SYSTEM",
              "type" : "Well Known Group"
            }
          },
          "ecs" : {
            "version" : "8.0.0"
          },
          "log" : {
            "file" : {
              "path" : "D:\\AIXSOAR\\IDS_2018\\logs_2018-02-23\\DESKTOP-AN3U28N-172.31.64.54.evtx"
            },
            "level" : "資訊"
          },
          "host" : {
            "os" : {
              "type" : "windows",
              "family" : "windows"
            },
            "name" : "DESKTOP-AN3U28N"
          },
          "message" : "Windows Modules Installer 服務的啟動類型已從 auto start 變更為 demand start。",
          "event" : {
            "ingested" : "2024-03-29T07:31:22.861532019Z",
            "code" : "7040",
            "provider" : "Service Control Manager",
            "created" : "2024-03-29T07:31:22.545Z",
            "kind" : "event",
            "action" : "None"
          }
        }
      },
