      {
        "_index" : "ids-2018-172.31.64.54",
        "_id" : "pvgaiY4B6U4O_9c51oKI",
        "_score" : 0.0,
        "_source" : {
          "agent" : {
            "name" : "CHPIYR2",
            "id" : "60d66234-2dc5-408a-9a6e-a0a6278a7ae3",
            "type" : "winlogbeat",
            "ephemeral_id" : "a38bfb66-0be3-4ce7-b3df-f61ec8d052f8",
            "version" : "8.11.3"
          },
          "@timestamp" : "2018-01-16T13:08:06.686Z",
          "winlog" : {
            "computer_name" : "DESKTOP-AN3U28N",
            "record_id" : 540,
            "process" : {
              "pid" : 4,
              "thread" : {
                "id" : 8
              }
            },
            "event_id" : "25",
            "task" : "None",
            "provider_guid" : "{15ca44ff-4d7a-4baa-bba5-0998955e531e}",
            "channel" : "System",
            "api" : "wineventlog",
            "event_data" : {
              "BootMenuPolicy" : "1"
            },
            "opcode" : "資訊",
            "provider_name" : "Microsoft-Windows-Kernel-Boot",
            "user" : {
              "identifier" : "S-1-5-18",
              "domain" : "NT AUTHORITY",
              "name" : "SYSTEM",
              "type" : "Well Known Group"
            }
          },
          "ecs" : {
            "version" : "8.0.0"
          },
          "log" : {
            "file" : {
              "path" : "D:\\AIXSOAR\\IDS_2018\\logs_2018-02-15\\DESKTOP-AN3U28N-172.31.64.54.evtx"
            },
            "level" : "資訊"
          },
          "host" : {
            "os" : {
              "type" : "windows",
              "family" : "windows"
            },
            "name" : "DESKTOP-AN3U28N"
          },
          "event" : {
            "ingested" : "2024-03-29T07:27:01.254671344Z",
            "code" : "25",
            "provider" : "Microsoft-Windows-Kernel-Boot",
            "kind" : "event",
            "created" : "2024-03-29T07:26:57.218Z",
            "action" : "None"
          },
          "message" : "開機功能表原則為 0x1。"
        }
      },
      {
        "_index" : "ids-2018-172.31.64.54",
        "_id" : "p_gaiY4B6U4O_9c51oKI",
        "_score" : 0.0,
        "_source" : {
          "agent" : {
            "name" : "CHPIYR2",
            "id" : "60d66234-2dc5-408a-9a6e-a0a6278a7ae3",
            "type" : "winlogbeat",
            "ephemeral_id" : "a38bfb66-0be3-4ce7-b3df-f61ec8d052f8",
            "version" : "8.11.3"
          },
          "@timestamp" : "2018-01-16T13:08:06.687Z",
          "winlog" : {
            "computer_name" : "DESKTOP-AN3U28N",
            "record_id" : 541,
            "process" : {
              "pid" : 4,
              "thread" : {
                "id" : 8
              }
            },
            "task" : "None",
            "event_id" : "18",
            "provider_guid" : "{15ca44ff-4d7a-4baa-bba5-0998955e531e}",
            "channel" : "System",
            "event_data" : {
              "EntryCount" : "1"
            },
            "api" : "wineventlog",
            "opcode" : "資訊",
            "provider_name" : "Microsoft-Windows-Kernel-Boot",
            "user" : {
              "identifier" : "S-1-5-18",
              "domain" : "NT AUTHORITY",
              "name" : "SYSTEM",
              "type" : "Well Known Group"
            }
          },
          "ecs" : {
            "version" : "8.0.0"
          },
          "log" : {
            "file" : {
              "path" : "D:\\AIXSOAR\\IDS_2018\\logs_2018-02-15\\DESKTOP-AN3U28N-172.31.64.54.evtx"
            },
            "level" : "資訊"
          },
          "host" : {
            "os" : {
              "type" : "windows",
              "family" : "windows"
            },
            "name" : "DESKTOP-AN3U28N"
          },
          "event" : {
            "ingested" : "2024-03-29T07:27:01.254811504Z",
            "code" : "18",
            "provider" : "Microsoft-Windows-Kernel-Boot",
            "created" : "2024-03-29T07:26:57.218Z",
            "kind" : "event",
            "action" : "None"
          },
          "message" : "此系統上有 0x1 個開機選項。"
        }
      },
      {
        "_index" : "ids-2018-172.31.64.54",
        "_id" : "qPgaiY4B6U4O_9c51oKI",
        "_score" : 0.0,
        "_source" : {
          "agent" : {
            "name" : "CHPIYR2",
            "id" : "60d66234-2dc5-408a-9a6e-a0a6278a7ae3",
            "type" : "winlogbeat",
            "ephemeral_id" : "a38bfb66-0be3-4ce7-b3df-f61ec8d052f8",
            "version" : "8.11.3"
          },
          "@timestamp" : "2018-01-16T13:08:06.687Z",
          "winlog" : {
            "record_id" : 542,
            "computer_name" : "DESKTOP-AN3U28N",
            "process" : {
              "pid" : 4,
              "thread" : {
                "id" : 8
              }
            },
            "event_id" : "32",
            "task" : "None",
            "provider_guid" : "{15ca44ff-4d7a-4baa-bba5-0998955e531e}",
            "channel" : "System",
            "event_data" : {
              "BitlockerUserInputTime" : "0"
            },
            "api" : "wineventlog",
            "provider_name" : "Microsoft-Windows-Kernel-Boot",
            "opcode" : "資訊",
            "user" : {
              "identifier" : "S-1-5-18",
              "domain" : "NT AUTHORITY",
              "name" : "SYSTEM",
              "type" : "Well Known Group"
            }
          },
          "ecs" : {
            "version" : "8.0.0"
          },
          "log" : {
            "file" : {
              "path" : "D:\\AIXSOAR\\IDS_2018\\logs_2018-02-15\\DESKTOP-AN3U28N-172.31.64.54.evtx"
            },
            "level" : "資訊"
          },
          "host" : {
            "os" : {
              "type" : "windows",
              "family" : "windows"
            },
            "name" : "DESKTOP-AN3U28N"
          },
          "event" : {
            "ingested" : "2024-03-29T07:27:01.254947143Z",
            "code" : "32",
            "provider" : "Microsoft-Windows-Kernel-Boot",
            "created" : "2024-03-29T07:26:57.218Z",
            "kind" : "event",
            "action" : "None"
          },
          "message" : "bootmgr 花了 0 毫秒的時間等候使用者輸入。"
        }
      },
      {
        "_index" : "ids-2018-172.31.64.54",
        "_id" : "qfgaiY4B6U4O_9c51oKI",
        "_score" : 0.0,
        "_source" : {
          "agent" : {
            "name" : "CHPIYR2",
            "id" : "60d66234-2dc5-408a-9a6e-a0a6278a7ae3",
            "type" : "winlogbeat",
            "ephemeral_id" : "a38bfb66-0be3-4ce7-b3df-f61ec8d052f8",
            "version" : "8.11.3"
          },
          "@timestamp" : "2018-01-16T13:08:10.128Z",
          "winlog" : {
            "computer_name" : "DESKTOP-AN3U28N",
            "process" : {
              "pid" : 4,
              "thread" : {
                "id" : 8
              }
            },
            "channel" : "System",
            "event_data" : {
              "ExtraInfoLength" : "192",
              "DeviceVersionMinor" : "0",
              "DeviceTime" : "2015-07-09T19:14:57.0000000Z",
              "ExtraInfoString" : "{ \"flags\" : \"0x00000010\" , \"registration_version\" : \"0x00000203\" , \"tx\" : false , \"sections\" : false , \"frame\" : 0 , \"class_name\" : \"FSFilter Bottom\" , \"instances\" : [[\"45000\",\"0x00000000\"]] }",
              "DeviceVersionMajor" : "10",
              "DeviceNameLength" : "8",
              "FilterID" : "{02000000-0001-0000-7c9d-c60ecb8ed301}",
              "FinalStatus" : "0x0",
              "DeviceName" : "FileInfo"
            },
            "opcode" : "資訊",
            "version" : 1,
            "record_id" : 543,
            "event_id" : "6",
            "task" : "None",
            "provider_guid" : "{f3c5e28e-63f6-49c7-a204-e48a1bc4b09d}",
            "api" : "wineventlog",
            "provider_name" : "Microsoft-Windows-FilterManager",
            "user" : {
              "identifier" : "S-1-5-18",
              "domain" : "NT AUTHORITY",
              "name" : "SYSTEM",
              "type" : "Well Known Group"
            }
          },
          "ecs" : {
            "version" : "8.0.0"
          },
          "log" : {
            "file" : {
              "path" : "D:\\AIXSOAR\\IDS_2018\\logs_2018-02-15\\DESKTOP-AN3U28N-172.31.64.54.evtx"
            },
            "level" : "資訊"
          },
          "host" : {
            "os" : {
              "type" : "windows",
              "family" : "windows"
            },
            "name" : "DESKTOP-AN3U28N"
          },
          "event" : {
            "ingested" : "2024-03-29T07:27:01.255112340Z",
            "code" : "6",
            "provider" : "Microsoft-Windows-FilterManager",
            "created" : "2024-03-29T07:26:57.218Z",
            "kind" : "event",
            "action" : "None"
          }
        }
      },
      {
        "_index" : "ids-2018-172.31.64.54",
        "_id" : "qvgaiY4B6U4O_9c51oKI",
        "_score" : 0.0,
        "_source" : {
          "agent" : {
            "name" : "CHPIYR2",
            "id" : "60d66234-2dc5-408a-9a6e-a0a6278a7ae3",
            "type" : "winlogbeat",
            "ephemeral_id" : "a38bfb66-0be3-4ce7-b3df-f61ec8d052f8",
            "version" : "8.11.3"
          },
          "@timestamp" : "2018-01-16T13:08:10.128Z",
          "winlog" : {
            "computer_name" : "DESKTOP-AN3U28N",
            "process" : {
              "pid" : 4,
              "thread" : {
                "id" : 8
              }
            },
            "channel" : "System",
            "event_data" : {
              "ExtraInfoLength" : "196",
              "DeviceVersionMinor" : "0",
              "DeviceTime" : "2015-07-09T19:15:05.0000000Z",
              "ExtraInfoString" : "{ \"flags\" : \"0x00000010\" , \"registration_version\" : \"0x00000203\" , \"tx\" : true , \"sections\" : false , \"frame\" : 0 , \"class_name\" : \"FSFilter Compression\" , \"instances\" : [[\"40700\",\"0x00000000\"]] }",
              "DeviceVersionMajor" : "10",
              "DeviceNameLength" : "3",
              "FinalStatus" : "0x0",
              "FilterID" : "{02000000-0002-0000-7c9d-c60ecb8ed301}",
              "DeviceName" : "Wof"
            },
            "opcode" : "資訊",
            "version" : 1,
            "record_id" : 544,
            "event_id" : "6",
            "task" : "None",
            "provider_guid" : "{f3c5e28e-63f6-49c7-a204-e48a1bc4b09d}",
            "api" : "wineventlog",
            "provider_name" : "Microsoft-Windows-FilterManager",
            "user" : {
              "identifier" : "S-1-5-18",
              "domain" : "NT AUTHORITY",
              "name" : "SYSTEM",
              "type" : "Well Known Group"
            }
          },
          "ecs" : {
            "version" : "8.0.0"
          },
          "log" : {
            "file" : {
              "path" : "D:\\AIXSOAR\\IDS_2018\\logs_2018-02-15\\DESKTOP-AN3U28N-172.31.64.54.evtx"
            },
            "level" : "資訊"
          },
          "host" : {
            "os" : {
              "type" : "windows",
              "family" : "windows"
            },
            "name" : "DESKTOP-AN3U28N"
          },
          "event" : {
            "ingested" : "2024-03-29T07:27:01.255287039Z",
            "code" : "6",
            "provider" : "Microsoft-Windows-FilterManager",
            "created" : "2024-03-29T07:26:57.218Z",
            "kind" : "event",
            "action" : "None"
          }
        }
      },
      {
        "_index" : "ids-2018-172.31.64.54",
        "_id" : "q_gaiY4B6U4O_9c51oKI",
        "_score" : 0.0,
        "_source" : {
          "agent" : {
            "name" : "CHPIYR2",
            "id" : "60d66234-2dc5-408a-9a6e-a0a6278a7ae3",
            "type" : "winlogbeat",
            "ephemeral_id" : "a38bfb66-0be3-4ce7-b3df-f61ec8d052f8",
            "version" : "8.11.3"
          },
          "@timestamp" : "2018-01-16T13:08:10.129Z",
          "winlog" : {
            "computer_name" : "DESKTOP-AN3U28N",
            "process" : {
              "pid" : 4,
              "thread" : {
                "id" : 8
              }
            },
            "channel" : "System",
            "event_data" : {
              "ExtraInfoLength" : "196",
              "DeviceVersionMinor" : "0",
              "DeviceTime" : "2015-07-09T19:19:05.0000000Z",
              "ExtraInfoString" : "{ \"flags\" : \"0x00000010\" , \"registration_version\" : \"0x00000203\" , \"tx\" : true , \"sections\" : false , \"frame\" : 0 , \"class_name\" : \"FSFilter Anti-Virus\" , \"instances\" : [[\"328010\",\"0x00000000\"]] }",
              "DeviceVersionMajor" : "10",
              "DeviceNameLength" : "8",
              "FilterID" : "{02000000-0003-0000-7c9d-c60ecb8ed301}",
              "FinalStatus" : "0x0",
              "DeviceName" : "WdFilter"
            },
            "opcode" : "資訊",
            "version" : 1,
            "record_id" : 545,
            "task" : "None",
            "event_id" : "6",
            "provider_guid" : "{f3c5e28e-63f6-49c7-a204-e48a1bc4b09d}",
            "api" : "wineventlog",
            "provider_name" : "Microsoft-Windows-FilterManager",
            "user" : {
              "identifier" : "S-1-5-18",
              "domain" : "NT AUTHORITY",
              "name" : "SYSTEM",
              "type" : "Well Known Group"
            }
          },
          "ecs" : {
            "version" : "8.0.0"
          },
          "log" : {
            "file" : {
              "path" : "D:\\AIXSOAR\\IDS_2018\\logs_2018-02-15\\DESKTOP-AN3U28N-172.31.64.54.evtx"
            },
            "level" : "資訊"
          },
          "host" : {
            "os" : {
              "type" : "windows",
              "family" : "windows"
            },
            "name" : "DESKTOP-AN3U28N"
          },
          "event" : {
            "ingested" : "2024-03-29T07:27:01.255461460Z",
            "code" : "6",
            "provider" : "Microsoft-Windows-FilterManager",
            "kind" : "event",
            "created" : "2024-03-29T07:26:57.218Z",
            "action" : "None"
          }
        }
      },
      {
        "_index" : "ids-2018-172.31.64.54",
        "_id" : "rPgaiY4B6U4O_9c51oKI",
        "_score" : 0.0,
        "_source" : {
          "agent" : {
            "name" : "CHPIYR2",
            "id" : "60d66234-2dc5-408a-9a6e-a0a6278a7ae3",
            "type" : "winlogbeat",
            "ephemeral_id" : "a38bfb66-0be3-4ce7-b3df-f61ec8d052f8",
            "version" : "8.11.3"
          },
          "@timestamp" : "2018-01-16T13:08:12.592Z",
          "winlog" : {
            "computer_name" : "DESKTOP-AN3U28N",
            "process" : {
              "pid" : 4,
              "thread" : {
                "id" : 184
              }
            },
            "keywords" : [
              "VolumeCorruptionActionStateChange"
            ],
            "channel" : "System",
            "event_data" : {
              "DriveName" : "C:",
              "CorruptionActionState" : "0",
              "DeviceName" : "\\Device\\HarddiskVolume2"
            },
            "opcode" : "資訊",
            "record_id" : 546,
            "task" : "None",
            "event_id" : "98",
            "provider_guid" : "{3ff37a1c-a68d-4d6e-8c9b-f79e8b16c482}",
            "api" : "wineventlog",
            "provider_name" : "Microsoft-Windows-Ntfs",
            "user" : {
              "identifier" : "S-1-5-18",
              "domain" : "NT AUTHORITY",
              "name" : "SYSTEM",
              "type" : "Well Known Group"
            }
          },
          "ecs" : {
            "version" : "8.0.0"
          },
          "log" : {
            "file" : {
              "path" : "D:\\AIXSOAR\\IDS_2018\\logs_2018-02-15\\DESKTOP-AN3U28N-172.31.64.54.evtx"
            },
            "level" : "資訊"
          },
          "host" : {
            "os" : {
              "type" : "windows",
              "family" : "windows"
            },
            "name" : "DESKTOP-AN3U28N"
          },
          "event" : {
            "ingested" : "2024-03-29T07:27:01.255628660Z",
            "code" : "98",
            "provider" : "Microsoft-Windows-Ntfs",
            "kind" : "event",
            "created" : "2024-03-29T07:26:57.218Z",
            "action" : "None"
          },
          "message" : "磁碟區 C: (\\Device\\HarddiskVolume2) 的健康情況良好。不需要採取任何動作。"
        }
      },
      {
        "_index" : "ids-2018-172.31.64.54",
        "_id" : "rfgaiY4B6U4O_9c51oKI",
        "_score" : 0.0,
        "_source" : {
          "agent" : {
            "name" : "CHPIYR2",
            "id" : "60d66234-2dc5-408a-9a6e-a0a6278a7ae3",
            "type" : "winlogbeat",
            "ephemeral_id" : "a38bfb66-0be3-4ce7-b3df-f61ec8d052f8",
            "version" : "8.11.3"
          },
          "@timestamp" : "2018-01-16T13:08:12.959Z",
          "winlog" : {
            "computer_name" : "DESKTOP-AN3U28N",
            "process" : {
              "pid" : 4,
              "thread" : {
                "id" : 8
              }
            },
            "channel" : "System",
            "event_data" : {
              "ExtraInfoLength" : "197",
              "DeviceVersionMinor" : "0",
              "DeviceTime" : "2015-07-09T19:14:31.0000000Z",
              "ExtraInfoString" : "{ \"flags\" : \"0x00000000\" , \"registration_version\" : \"0x00000203\" , \"tx\" : false , \"sections\" : false , \"frame\" : 0 , \"class_name\" : \"FSFilter Encryption\" , \"instances\" : [[\"141100\",\"0x00000000\"]] }",
              "DeviceVersionMajor" : "10",
              "DeviceNameLength" : "9",
              "FilterID" : "{02000000-0005-0000-6925-7610cb8ed301}",
              "FinalStatus" : "0x0",
              "DeviceName" : "FileCrypt"
            },
            "opcode" : "資訊",
            "version" : 1,
            "record_id" : 547,
            "task" : "None",
            "event_id" : "6",
            "provider_guid" : "{f3c5e28e-63f6-49c7-a204-e48a1bc4b09d}",
            "api" : "wineventlog",
            "provider_name" : "Microsoft-Windows-FilterManager",
            "user" : {
              "identifier" : "S-1-5-18",
              "domain" : "NT AUTHORITY",
              "name" : "SYSTEM",
              "type" : "Well Known Group"
            }
          },
          "ecs" : {
            "version" : "8.0.0"
          },
          "log" : {
            "file" : {
              "path" : "D:\\AIXSOAR\\IDS_2018\\logs_2018-02-15\\DESKTOP-AN3U28N-172.31.64.54.evtx"
            },
            "level" : "資訊"
          },
          "host" : {
            "os" : {
              "type" : "windows",
              "family" : "windows"
            },
            "name" : "DESKTOP-AN3U28N"
          },
          "event" : {
            "ingested" : "2024-03-29T07:27:01.255787525Z",
            "code" : "6",
            "provider" : "Microsoft-Windows-FilterManager",
            "created" : "2024-03-29T07:26:57.218Z",
            "kind" : "event",
            "action" : "None"
          }
        }
      },
      {
        "_index" : "ids-2018-172.31.64.54",
        "_id" : "rvgaiY4B6U4O_9c51oKI",
        "_score" : 0.0,
        "_source" : {
          "agent" : {
            "name" : "CHPIYR2",
            "id" : "60d66234-2dc5-408a-9a6e-a0a6278a7ae3",
            "type" : "winlogbeat",
            "ephemeral_id" : "a38bfb66-0be3-4ce7-b3df-f61ec8d052f8",
            "version" : "8.11.3"
          },
          "@timestamp" : "2018-01-16T13:08:14.123Z",
          "winlog" : {
            "computer_name" : "DESKTOP-AN3U28N",
            "process" : {
              "pid" : 4,
              "thread" : {
                "id" : 8
              }
            },
            "channel" : "System",
            "event_data" : {
              "ExtraInfoLength" : "183",
              "DeviceVersionMinor" : "0",
              "DeviceTime" : "2015-07-09T19:14:31.0000000Z",
              "ExtraInfoString" : "{ \"flags\" : \"0x00000008\" , \"registration_version\" : \"0x00000203\" , \"tx\" : false , \"sections\" : false , \"frame\" : 0 , \"class_name\" : \"(null)\" , \"instances\" : [[\"46000\",\"0x00000000\"]] }",
              "DeviceVersionMajor" : "10",
              "DeviceNameLength" : "9",
              "FinalStatus" : "0x0",
              "FilterID" : "{02000000-0006-0000-0591-2611cb8ed301}",
              "DeviceName" : "npsvctrig"
            },
            "opcode" : "資訊",
            "version" : 1,
            "record_id" : 548,
            "task" : "None",
            "event_id" : "6",
            "provider_guid" : "{f3c5e28e-63f6-49c7-a204-e48a1bc4b09d}",
            "api" : "wineventlog",
            "provider_name" : "Microsoft-Windows-FilterManager",
            "user" : {
              "identifier" : "S-1-5-18",
              "domain" : "NT AUTHORITY",
              "name" : "SYSTEM",
              "type" : "Well Known Group"
            }
          },
          "ecs" : {
            "version" : "8.0.0"
          },
          "log" : {
            "file" : {
              "path" : "D:\\AIXSOAR\\IDS_2018\\logs_2018-02-15\\DESKTOP-AN3U28N-172.31.64.54.evtx"
            },
            "level" : "資訊"
          },
          "host" : {
            "os" : {
              "type" : "windows",
              "family" : "windows"
            },
            "name" : "DESKTOP-AN3U28N"
          },
          "event" : {
            "ingested" : "2024-03-29T07:27:01.255928901Z",
            "code" : "6",
            "provider" : "Microsoft-Windows-FilterManager",
            "kind" : "event",
            "created" : "2024-03-29T07:26:57.218Z",
            "action" : "None"
          }
        }
      },
      {
        "_index" : "ids-2018-172.31.64.54",
        "_id" : "r_gaiY4B6U4O_9c51oKI",
        "_score" : 0.0,
        "_source" : {
          "agent" : {
            "name" : "CHPIYR2",
            "id" : "60d66234-2dc5-408a-9a6e-a0a6278a7ae3",
            "ephemeral_id" : "a38bfb66-0be3-4ce7-b3df-f61ec8d052f8",
            "type" : "winlogbeat",
            "version" : "8.11.3"
          },
          "@timestamp" : "2018-01-16T13:08:14.984Z",
          "winlog" : {
            "computer_name" : "DESKTOP-AN3U28N",
            "process" : {
              "pid" : 4,
              "thread" : {
                "id" : 164
              }
            },
            "keywords" : [
              "VolumeCorruptionActionStateChange"
            ],
            "channel" : "System",
            "event_data" : {
              "DriveName" : "\\\\?\\Volume{4a6ec97e-0000-0000-0000-100000000000}",
              "CorruptionActionState" : "0",
              "DeviceName" : "\\Device\\HarddiskVolume1"
            },
            "opcode" : "資訊",
            "record_id" : 549,
            "event_id" : "98",
            "task" : "None",
            "provider_guid" : "{3ff37a1c-a68d-4d6e-8c9b-f79e8b16c482}",
            "api" : "wineventlog",
            "provider_name" : "Microsoft-Windows-Ntfs",
            "user" : {
              "identifier" : "S-1-5-18",
              "domain" : "NT AUTHORITY",
              "name" : "SYSTEM",
              "type" : "Well Known Group"
            }
          },
          "ecs" : {
            "version" : "8.0.0"
          },
          "log" : {
            "file" : {
              "path" : "D:\\AIXSOAR\\IDS_2018\\logs_2018-02-15\\DESKTOP-AN3U28N-172.31.64.54.evtx"
            },
            "level" : "資訊"
          },
          "host" : {
            "os" : {
              "type" : "windows",
              "family" : "windows"
            },
            "name" : "DESKTOP-AN3U28N"
          },
          "event" : {
            "ingested" : "2024-03-29T07:27:01.256069445Z",
            "code" : "98",
            "provider" : "Microsoft-Windows-Ntfs",
            "kind" : "event",
            "created" : "2024-03-29T07:26:57.218Z",
            "action" : "None"
          },
          "message" : "磁碟區 \\\\?\\Volume{4a6ec97e-0000-0000-0000-100000000000} (\\Device\\HarddiskVolume1) 的健康情況良好。不需要採取任何動作。"
        }
      },
      {
        "_index" : "ids-2018-172.31.64.54",
        "_id" : "sPgaiY4B6U4O_9c51oKI",
        "_score" : 0.0,
        "_source" : {
          "agent" : {
            "name" : "CHPIYR2",
            "id" : "60d66234-2dc5-408a-9a6e-a0a6278a7ae3",
            "type" : "winlogbeat",
            "ephemeral_id" : "a38bfb66-0be3-4ce7-b3df-f61ec8d052f8",
            "version" : "8.11.3"
          },
          "@timestamp" : "2018-01-16T13:08:14.999Z",
          "winlog" : {
            "record_id" : 550,
            "computer_name" : "DESKTOP-AN3U28N",
            "process" : {
              "pid" : 4,
              "thread" : {
                "id" : 184
              }
            },
            "task" : "Summary2",
            "event_id" : "55",
            "provider_guid" : "{0f67e49f-fe51-4e9f-b490-6f2948cc6027}",
            "channel" : "System",
            "api" : "wineventlog",
            "event_data" : {
              "Group" : "0",
              "Number" : "0",
              "MaximumPerformancePercent" : "100",
              "MinimumThrottlePercent" : "100",
              "MinimumPerformancePercent" : "100",
              "IdleImplementation" : "1",
              "IdleStateCount" : "1",
              "NominalFrequency" : "2400",
              "PerformanceImplementation" : "0"
            },
            "provider_name" : "Microsoft-Windows-Kernel-Processor-Power",
            "opcode" : "資訊",
            "user" : {
              "identifier" : "S-1-5-18",
              "domain" : "NT AUTHORITY",
              "name" : "SYSTEM",
              "type" : "Well Known Group"
            }
          },
          "ecs" : {
            "version" : "8.0.0"
          },
          "log" : {
            "file" : {
              "path" : "D:\\AIXSOAR\\IDS_2018\\logs_2018-02-15\\DESKTOP-AN3U28N-172.31.64.54.evtx"
            },
            "level" : "資訊"
          },
          "host" : {
            "os" : {
              "type" : "windows",
              "family" : "windows"
            },
            "name" : "DESKTOP-AN3U28N"
          },
          "message" : "群組 0 中的處理器 0 公開下列電源管理功能:\n\n閒置狀態類型: ACPI 閒置 (C) 狀態 (1 狀態)\n\n效能狀態類型: 無\n額定頻率 (MHz): 2400\n最大效能百分比: 100\n最小效能百分比: 100\n最小節流百分比: 100",
          "event" : {
            "ingested" : "2024-03-29T07:27:01.256216949Z",
            "code" : "55",
            "provider" : "Microsoft-Windows-Kernel-Processor-Power",
            "created" : "2024-03-29T07:26:57.218Z",
            "kind" : "event",
            "action" : "Summary2"
          }
        }
      },
      {
        "_index" : "ids-2018-172.31.64.54",
        "_id" : "sfgaiY4B6U4O_9c51oLD",
        "_score" : 0.0,
        "_source" : {
          "agent" : {
            "name" : "CHPIYR2",
            "id" : "60d66234-2dc5-408a-9a6e-a0a6278a7ae3",
            "type" : "winlogbeat",
            "ephemeral_id" : "a38bfb66-0be3-4ce7-b3df-f61ec8d052f8",
            "version" : "8.11.3"
          },
          "@timestamp" : "2018-01-16T13:09:09.100Z",
          "winlog" : {
            "computer_name" : "DESKTOP-AN3U28N",
            "process" : {
              "pid" : 4,
              "thread" : {
                "id" : 532
              }
            },
            "channel" : "System",
            "event_data" : {
              "ExtraInfoLength" : "201",
              "DeviceVersionMinor" : "0",
              "DeviceTime" : "2015-07-09T19:14:34.0000000Z",
              "ExtraInfoString" : "{ \"flags\" : \"0x00000014\" , \"registration_version\" : \"0x00000203\" , \"tx\" : false , \"sections\" : false , \"frame\" : 0 , \"class_name\" : \"FSFilter Virtualization\" , \"instances\" : [[\"135000\",\"0x00000000\"]] }",
              "DeviceVersionMajor" : "10",
              "DeviceNameLength" : "5",
              "FilterID" : "{02000000-0009-0000-a949-ec31cb8ed301}",
              "FinalStatus" : "0x0",
              "DeviceName" : "luafv"
            },
            "opcode" : "資訊",
            "version" : 1,
            "record_id" : 551,
            "event_id" : "6",
            "task" : "None",
            "provider_guid" : "{f3c5e28e-63f6-49c7-a204-e48a1bc4b09d}",
            "api" : "wineventlog",
            "provider_name" : "Microsoft-Windows-FilterManager",
            "user" : {
              "identifier" : "S-1-5-18",
              "domain" : "NT AUTHORITY",
              "name" : "SYSTEM",
              "type" : "Well Known Group"
            }
          },
          "ecs" : {
            "version" : "8.0.0"
          },
          "log" : {
            "file" : {
              "path" : "D:\\AIXSOAR\\IDS_2018\\logs_2018-02-15\\DESKTOP-AN3U28N-172.31.64.54.evtx"
            },
            "level" : "資訊"
          },
          "host" : {
            "os" : {
              "type" : "windows",
              "family" : "windows"
            },
            "name" : "DESKTOP-AN3U28N"
          },
          "event" : {
            "ingested" : "2024-03-29T07:27:01.307840686Z",
            "code" : "6",
            "provider" : "Microsoft-Windows-FilterManager",
            "created" : "2024-03-29T07:26:57.218Z",
            "kind" : "event",
            "action" : "None"
          }
        }
      },
      {
        "_index" : "ids-2018-172.31.64.54",
        "_id" : "svgaiY4B6U4O_9c51oLD",
        "_score" : 0.0,
        "_source" : {
          "agent" : {
            "name" : "CHPIYR2",
            "id" : "60d66234-2dc5-408a-9a6e-a0a6278a7ae3",
            "type" : "winlogbeat",
            "ephemeral_id" : "a38bfb66-0be3-4ce7-b3df-f61ec8d052f8",
            "version" : "8.11.3"
          },
          "@timestamp" : "2018-01-16T13:09:09.129Z",
          "winlog" : {
            "computer_name" : "DESKTOP-AN3U28N",
            "process" : {
              "pid" : 4,
              "thread" : {
                "id" : 532
              }
            },
            "channel" : "System",
            "event_data" : {
              "ExtraInfoLength" : "203",
              "DeviceVersionMinor" : "0",
              "DeviceTime" : "2015-07-09T19:17:31.0000000Z",
              "ExtraInfoString" : "{ \"flags\" : \"0x00000000\" , \"registration_version\" : \"0x00000203\" , \"tx\" : false , \"sections\" : false , \"frame\" : 0 , \"class_name\" : \"FSFilter Quota Management\" , \"instances\" : [[\"244000\",\"0x00000000\"]] }",
              "DeviceVersionMajor" : "10",
              "DeviceNameLength" : "10",
              "FilterID" : "{02000000-000a-0000-5e0e-f131cb8ed301}",
              "FinalStatus" : "0x0",
              "DeviceName" : "storqosflt"
            },
            "opcode" : "資訊",
            "version" : 1,
            "record_id" : 552,
            "event_id" : "6",
            "task" : "None",
            "provider_guid" : "{f3c5e28e-63f6-49c7-a204-e48a1bc4b09d}",
            "api" : "wineventlog",
            "provider_name" : "Microsoft-Windows-FilterManager",
            "user" : {
              "identifier" : "S-1-5-18",
              "domain" : "NT AUTHORITY",
              "name" : "SYSTEM",
              "type" : "Well Known Group"
            }
          },
          "ecs" : {
            "version" : "8.0.0"
          },
          "log" : {
            "file" : {
              "path" : "D:\\AIXSOAR\\IDS_2018\\logs_2018-02-15\\DESKTOP-AN3U28N-172.31.64.54.evtx"
            },
            "level" : "資訊"
          },
          "host" : {
            "os" : {
              "type" : "windows",
              "family" : "windows"
            },
            "name" : "DESKTOP-AN3U28N"
          },
          "event" : {
            "ingested" : "2024-03-29T07:27:01.308221481Z",
            "code" : "6",
            "provider" : "Microsoft-Windows-FilterManager",
            "created" : "2024-03-29T07:26:57.221Z",
            "kind" : "event",
            "action" : "None"
          }
        }
      },
      {
        "_index" : "ids-2018-172.31.64.54",
        "_id" : "s_gaiY4B6U4O_9c51oLD",
        "_score" : 0.0,
        "_source" : {
          "agent" : {
            "name" : "CHPIYR2",
            "id" : "60d66234-2dc5-408a-9a6e-a0a6278a7ae3",
            "ephemeral_id" : "a38bfb66-0be3-4ce7-b3df-f61ec8d052f8",
            "type" : "winlogbeat",
            "version" : "8.11.3"
          },
          "@timestamp" : "2018-01-16T13:09:10.239Z",
          "winlog" : {
            "computer_name" : "DESKTOP-AN3U28N",
            "record_id" : 553,
            "process" : {
              "pid" : 64,
              "thread" : {
                "id" : 1128
              }
            },
            "event_id" : "50036",
            "task" : "服務狀態事件",
            "provider_guid" : "{15a7a4f8-0072-4eab-abad-f98a4d666aed}",
            "channel" : "System",
            "api" : "wineventlog",
            "provider_name" : "Microsoft-Windows-Dhcp-Client",
            "opcode" : "ServiceStart",
            "user" : {
              "identifier" : "S-1-5-19",
              "domain" : "NT AUTHORITY",
              "name" : "LOCAL SERVICE",
              "type" : "Well Known Group"
            }
          },
          "ecs" : {
            "version" : "8.0.0"
          },
          "log" : {
            "file" : {
              "path" : "D:\\AIXSOAR\\IDS_2018\\logs_2018-02-15\\DESKTOP-AN3U28N-172.31.64.54.evtx"
            },
            "level" : "資訊"
          },
          "host" : {
            "os" : {
              "type" : "windows",
              "family" : "windows"
            },
            "name" : "DESKTOP-AN3U28N"
          },
          "event" : {
            "ingested" : "2024-03-29T07:27:01.308456386Z",
            "code" : "50036",
            "provider" : "Microsoft-Windows-Dhcp-Client",
            "kind" : "event",
            "created" : "2024-03-29T07:26:57.221Z",
            "action" : "服務狀態事件"
          },
          "message" : "DHCPv4 用戶端服務已啟動"
        }
      },
      {
        "_index" : "ids-2018-172.31.64.54",
        "_id" : "tPgaiY4B6U4O_9c51oLD",
        "_score" : 0.0,
        "_source" : {
          "agent" : {
            "name" : "CHPIYR2",
            "id" : "60d66234-2dc5-408a-9a6e-a0a6278a7ae3",
            "type" : "winlogbeat",
            "ephemeral_id" : "a38bfb66-0be3-4ce7-b3df-f61ec8d052f8",
            "version" : "8.11.3"
          },
          "@timestamp" : "2018-01-16T13:09:10.480Z",
          "winlog" : {
            "record_id" : 554,
            "computer_name" : "DESKTOP-AN3U28N",
            "process" : {
              "pid" : 64,
              "thread" : {
                "id" : 1192
              }
            },
            "task" : "Service State Event",
            "event_id" : "51046",
            "provider_guid" : "{6a1f2b00-6a90-4c38-95a5-5cab3b056778}",
            "channel" : "System",
            "api" : "wineventlog",
            "opcode" : "ServiceStart",
            "provider_name" : "Microsoft-Windows-DHCPv6-Client",
            "user" : {
              "identifier" : "S-1-5-19",
              "domain" : "NT AUTHORITY",
              "name" : "LOCAL SERVICE",
              "type" : "Well Known Group"
            }
          },
          "ecs" : {
            "version" : "8.0.0"
          },
          "log" : {
            "file" : {
              "path" : "D:\\AIXSOAR\\IDS_2018\\logs_2018-02-15\\DESKTOP-AN3U28N-172.31.64.54.evtx"
            },
            "level" : "資訊"
          },
          "host" : {
            "os" : {
              "type" : "windows",
              "family" : "windows"
            },
            "name" : "DESKTOP-AN3U28N"
          },
          "event" : {
            "ingested" : "2024-03-29T07:27:01.308633902Z",
            "code" : "51046",
            "provider" : "Microsoft-Windows-DHCPv6-Client",
            "created" : "2024-03-29T07:26:57.221Z",
            "kind" : "event",
            "action" : "Service State Event"
          },
          "message" : "DHCPv6 用戶端服務已啟動"
        }
      },
      {
        "_index" : "ids-2018-172.31.64.54",
        "_id" : "tfgaiY4B6U4O_9c51oLD",
        "_score" : 0.0,
        "_source" : {
          "agent" : {
            "name" : "CHPIYR2",
            "id" : "60d66234-2dc5-408a-9a6e-a0a6278a7ae3",
            "type" : "winlogbeat",
            "ephemeral_id" : "a38bfb66-0be3-4ce7-b3df-f61ec8d052f8",
            "version" : "8.11.3"
          },
          "@timestamp" : "2018-01-16T13:09:11.174Z",
          "winlog" : {
            "record_id" : 555,
            "computer_name" : "DESKTOP-AN3U28N",
            "process" : {
              "pid" : 972,
              "thread" : {
                "id" : 1160
              }
            },
            "task" : "Task Misconfiguration",
            "event_id" : "414",
            "provider_guid" : "{de7b24ea-73c8-4a09-985d-5bdadcfa9017}",
            "channel" : "System",
            "api" : "wineventlog",
            "event_data" : {
              "TaskName" : "NT TASK\\OneDrive Standalone Update Task-S-1-5-21-913095808-1976597276-3100954228-1001",
              "Parameter" : "%localappdata%\\Microsoft\\OneDrive\\OneDriveStandaloneUpdater.exe"
            },
            "provider_name" : "Microsoft-Windows-TaskScheduler",
            "opcode" : "資訊",
            "user" : {
              "identifier" : "S-1-5-18",
              "domain" : "NT AUTHORITY",
              "name" : "SYSTEM",
              "type" : "Well Known Group"
            }
          },
          "ecs" : {
            "version" : "8.0.0"
          },
          "log" : {
            "file" : {
              "path" : "D:\\AIXSOAR\\IDS_2018\\logs_2018-02-15\\DESKTOP-AN3U28N-172.31.64.54.evtx"
            },
            "level" : "警告"
          },
          "host" : {
            "os" : {
              "type" : "windows",
              "family" : "windows"
            },
            "name" : "DESKTOP-AN3U28N"
          },
          "event" : {
            "ingested" : "2024-03-29T07:27:01.308791107Z",
            "code" : "414",
            "provider" : "Microsoft-Windows-TaskScheduler",
            "created" : "2024-03-29T07:26:57.221Z",
            "kind" : "event",
            "action" : "Task Misconfiguration"
          },
          "message" : "工作排程器服務在 NT TASK\\OneDrive Standalone Update Task-S-1-5-21-913095808-1976597276-3100954228-1001 定義中找到設定錯誤。其他資料: 錯誤值: %localappdata%\\Microsoft\\OneDrive\\OneDriveStandaloneUpdater.exe。"
        }
      },
      {
        "_index" : "ids-2018-172.31.64.54",
        "_id" : "tvgaiY4B6U4O_9c51oLD",
        "_score" : 0.0,
        "_source" : {
          "agent" : {
            "name" : "CHPIYR2",
            "id" : "60d66234-2dc5-408a-9a6e-a0a6278a7ae3",
            "type" : "winlogbeat",
            "ephemeral_id" : "a38bfb66-0be3-4ce7-b3df-f61ec8d052f8",
            "version" : "8.11.3"
          },
          "@timestamp" : "2018-01-16T13:09:19.954Z",
          "winlog" : {
            "computer_name" : "DESKTOP-AN3U28N",
            "record_id" : 556,
            "process" : {
              "pid" : 720,
              "thread" : {
                "id" : 724
              }
            },
            "event_id" : "7026",
            "task" : "None",
            "keywords" : [
              "傳統"
            ],
            "provider_guid" : "{555908d1-a6d7-4695-8e1e-26931d2012f4}",
            "channel" : "System",
            "event_data" : {
              "param1" : "\ncdrom\ndam"
            },
            "api" : "wineventlog",
            "opcode" : "Info",
            "provider_name" : "Service Control Manager"
          },
          "ecs" : {
            "version" : "8.0.0"
          },
          "log" : {
            "file" : {
              "path" : "D:\\AIXSOAR\\IDS_2018\\logs_2018-02-15\\DESKTOP-AN3U28N-172.31.64.54.evtx"
            },
            "level" : "資訊"
          },
          "host" : {
            "os" : {
              "type" : "windows",
              "family" : "windows"
            },
            "name" : "DESKTOP-AN3U28N"
          },
          "event" : {
            "ingested" : "2024-03-29T07:27:01.311830029Z",
            "code" : "7026",
            "provider" : "Service Control Manager",
            "kind" : "event",
            "created" : "2024-03-29T07:26:57.221Z",
            "action" : "None"
          },
          "message" : "下列開機啟動或系統啟動驅動程式未載入: \ncdrom\ndam"
        }
      },
      {
        "_index" : "ids-2018-172.31.64.54",
        "_id" : "t_gaiY4B6U4O_9c51oLD",
        "_score" : 0.0,
        "_source" : {
          "agent" : {
            "name" : "CHPIYR2",
            "id" : "60d66234-2dc5-408a-9a6e-a0a6278a7ae3",
            "type" : "winlogbeat",
            "ephemeral_id" : "a38bfb66-0be3-4ce7-b3df-f61ec8d052f8",
            "version" : "8.11.3"
          },
          "@timestamp" : "2018-01-16T13:10:38.999Z",
          "winlog" : {
            "computer_name" : "DESKTOP-AN3U28N",
            "process" : {
              "pid" : 972,
              "thread" : {
                "id" : 2224
              }
            },
            "keywords" : [
              "下載",
              "已開始"
            ],
            "channel" : "System",
            "event_data" : {
              "updateRevisionNumber" : "200",
              "updateGuid" : "{328550eb-4923-4236-b165-cc2be4e9712e}",
              "updateTitle" : "Definition Update for Windows Defender Antivirus - KB2267602 (Definition 1.259.1667.0)"
            },
            "opcode" : "下載",
            "version" : 1,
            "record_id" : 557,
            "task" : "Windows Update 代理程式",
            "event_id" : "44",
            "provider_guid" : "{945a8954-c147-4acd-923f-40c45405a658}",
            "api" : "wineventlog",
            "provider_name" : "Microsoft-Windows-WindowsUpdateClient",
            "user" : {
              "identifier" : "S-1-5-18",
              "domain" : "NT AUTHORITY",
              "name" : "SYSTEM",
              "type" : "Well Known Group"
            }
          },
          "ecs" : {
            "version" : "8.0.0"
          },
          "log" : {
            "file" : {
              "path" : "D:\\AIXSOAR\\IDS_2018\\logs_2018-02-15\\DESKTOP-AN3U28N-172.31.64.54.evtx"
            },
            "level" : "資訊"
          },
          "host" : {
            "os" : {
              "type" : "windows",
              "family" : "windows"
            },
            "name" : "DESKTOP-AN3U28N"
          },
          "message" : "Windows Update 已開始下載更新。",
          "event" : {
            "ingested" : "2024-03-29T07:27:01.312014709Z",
            "code" : "44",
            "provider" : "Microsoft-Windows-WindowsUpdateClient",
            "created" : "2024-03-29T07:26:57.221Z",
            "kind" : "event",
            "action" : "Windows Update 代理程式"
          }
        }
      },
      {
        "_index" : "ids-2018-172.31.64.54",
        "_id" : "uPgaiY4B6U4O_9c51oLD",
        "_score" : 0.0,
        "_source" : {
          "agent" : {
            "name" : "CHPIYR2",
            "id" : "60d66234-2dc5-408a-9a6e-a0a6278a7ae3",
            "type" : "winlogbeat",
            "ephemeral_id" : "a38bfb66-0be3-4ce7-b3df-f61ec8d052f8",
            "version" : "8.11.3"
          },
          "@timestamp" : "2018-01-16T13:10:46.295Z",
          "winlog" : {
            "computer_name" : "DESKTOP-AN3U28N",
            "process" : {
              "pid" : 972,
              "thread" : {
                "id" : 2224
              }
            },
            "keywords" : [
              "下載",
              "已開始"
            ],
            "channel" : "System",
            "event_data" : {
              "updateRevisionNumber" : "208",
              "updateGuid" : "{4c30a41c-c973-40a1-8657-ce70ce82a45a}",
              "updateTitle" : "Update for Windows 10 for x64-based Systems (KB4023814)"
            },
            "opcode" : "下載",
            "version" : 1,
            "record_id" : 558,
            "task" : "Windows Update 代理程式",
            "event_id" : "44",
            "provider_guid" : "{945a8954-c147-4acd-923f-40c45405a658}",
            "api" : "wineventlog",
            "provider_name" : "Microsoft-Windows-WindowsUpdateClient",
            "user" : {
              "identifier" : "S-1-5-18",
              "domain" : "NT AUTHORITY",
              "name" : "SYSTEM",
              "type" : "Well Known Group"
            }
          },
          "ecs" : {
            "version" : "8.0.0"
          },
          "log" : {
            "file" : {
              "path" : "D:\\AIXSOAR\\IDS_2018\\logs_2018-02-15\\DESKTOP-AN3U28N-172.31.64.54.evtx"
            },
            "level" : "資訊"
          },
          "host" : {
            "os" : {
              "type" : "windows",
              "family" : "windows"
            },
            "name" : "DESKTOP-AN3U28N"
          },
          "message" : "Windows Update 已開始下載更新。",
          "event" : {
            "ingested" : "2024-03-29T07:27:01.312175407Z",
            "code" : "44",
            "provider" : "Microsoft-Windows-WindowsUpdateClient",
            "created" : "2024-03-29T07:26:57.221Z",
            "kind" : "event",
            "action" : "Windows Update 代理程式"
          }
        }
      },
      {
        "_index" : "ids-2018-172.31.64.54",
        "_id" : "ufgaiY4B6U4O_9c51oLD",
        "_score" : 0.0,
        "_source" : {
          "agent" : {
            "name" : "CHPIYR2",
            "id" : "60d66234-2dc5-408a-9a6e-a0a6278a7ae3",
            "ephemeral_id" : "a38bfb66-0be3-4ce7-b3df-f61ec8d052f8",
            "type" : "winlogbeat",
            "version" : "8.11.3"
          },
          "@timestamp" : "2018-01-16T13:10:46.295Z",
          "winlog" : {
            "computer_name" : "DESKTOP-AN3U28N",
            "process" : {
              "pid" : 972,
              "thread" : {
                "id" : 2224
              }
            },
            "keywords" : [
              "下載",
              "已開始"
            ],
            "channel" : "System",
            "event_data" : {
              "updateRevisionNumber" : "200",
              "updateGuid" : "{4b0d0894-9c2f-4904-aa7f-3bd220f8574c}",
              "updateTitle" : "Update for Windows 10 for x64-based Systems (KB4023057)"
            },
            "opcode" : "下載",
            "version" : 1,
            "record_id" : 559,
            "task" : "Windows Update 代理程式",
            "event_id" : "44",
            "provider_guid" : "{945a8954-c147-4acd-923f-40c45405a658}",
            "api" : "wineventlog",
            "provider_name" : "Microsoft-Windows-WindowsUpdateClient",
            "user" : {
              "identifier" : "S-1-5-18",
              "domain" : "NT AUTHORITY",
              "name" : "SYSTEM",
              "type" : "Well Known Group"
            }
          },
          "ecs" : {
            "version" : "8.0.0"
          },
          "log" : {
            "file" : {
              "path" : "D:\\AIXSOAR\\IDS_2018\\logs_2018-02-15\\DESKTOP-AN3U28N-172.31.64.54.evtx"
            },
            "level" : "資訊"
          },
          "host" : {
            "os" : {
              "type" : "windows",
              "family" : "windows"
            },
            "name" : "DESKTOP-AN3U28N"
          },
          "event" : {
            "ingested" : "2024-03-29T07:27:01.312330001Z",
            "code" : "44",
            "provider" : "Microsoft-Windows-WindowsUpdateClient",
            "created" : "2024-03-29T07:26:57.221Z",
            "kind" : "event",
            "action" : "Windows Update 代理程式"
          },
          "message" : "Windows Update 已開始下載更新。"
        }
      },
      {
        "_index" : "ids-2018-172.31.64.54",
        "_id" : "uvgaiY4B6U4O_9c51oLD",
        "_score" : 0.0,
        "_source" : {
          "agent" : {
            "name" : "CHPIYR2",
            "id" : "60d66234-2dc5-408a-9a6e-a0a6278a7ae3",
            "type" : "winlogbeat",
            "ephemeral_id" : "a38bfb66-0be3-4ce7-b3df-f61ec8d052f8",
            "version" : "8.11.3"
          },
          "@timestamp" : "2018-01-16T13:19:25.672Z",
          "winlog" : {
            "computer_name" : "DESKTOP-AN3U28N",
            "process" : {
              "pid" : 720,
              "thread" : {
                "id" : 1120
              }
            },
            "keywords" : [
              "傳統"
            ],
            "channel" : "System",
            "event_data" : {
              "param3" : "auto start",
              "param4" : "TrustedInstaller",
              "param1" : "Windows Modules Installer",
              "param2" : "demand start"
            },
            "opcode" : "Info",
            "record_id" : 560,
            "event_id" : "7040",
            "task" : "None",
            "provider_guid" : "{555908d1-a6d7-4695-8e1e-26931d2012f4}",
            "api" : "wineventlog",
            "provider_name" : "Service Control Manager",
            "user" : {
              "identifier" : "S-1-5-18",
              "domain" : "NT AUTHORITY",
              "name" : "SYSTEM",
              "type" : "Well Known Group"
            }
          },
          "ecs" : {
            "version" : "8.0.0"
          },
          "log" : {
            "file" : {
              "path" : "D:\\AIXSOAR\\IDS_2018\\logs_2018-02-15\\DESKTOP-AN3U28N-172.31.64.54.evtx"
            },
            "level" : "資訊"
          },
          "host" : {
            "os" : {
              "type" : "windows",
              "family" : "windows"
            },
            "name" : "DESKTOP-AN3U28N"
          },
          "message" : "Windows Modules Installer 服務的啟動類型已從 demand start 變更為 auto start。",
          "event" : {
            "ingested" : "2024-03-29T07:27:01.312491188Z",
            "code" : "7040",
            "provider" : "Service Control Manager",
            "kind" : "event",
            "created" : "2024-03-29T07:26:57.221Z",
            "action" : "None"
          }
        }
      },
