      {
        "_index" : "ids-2018-172.31.64.54",
        "_id" : "AfgeiY4B6U4O_9c5RoxL",
        "_score" : 0.0,
        "_source" : {
          "agent" : {
            "name" : "CHPIYR2",
            "id" : "60d66234-2dc5-408a-9a6e-a0a6278a7ae3",
            "type" : "winlogbeat",
            "ephemeral_id" : "cbc62cd6-a758-4639-8eeb-85bf53ffa004",
            "version" : "8.11.3"
          },
          "@timestamp" : "2017-12-05T15:43:55.560Z",
          "winlog" : {
            "computer_name" : "DESKTOP-AN3U28N",
            "record_id" : 174,
            "process" : {
              "pid" : 2452,
              "thread" : {
                "id" : 2544
              }
            },
            "task" : "None",
            "event_id" : "16",
            "provider_guid" : "{a68ca8b7-004f-d7b6-a698-07e2de0f1f5d}",
            "channel" : "System",
            "event_data" : {
              "HiveNameLength" : "207",
              "DirtyPages" : "0",
              "HiveName" : "\\??\\C:\\Users\\PC\\AppData\\Local\\Packages\\Microsoft.Windows.ParentalControls_cw5n1h2txyewy\\Microsoft.Windows.ParentalControls_1000.10240.16384.0_neutral_neutral_cw5n1h2txyewy\\ActivationStore\\ActivationStore.dat",
              "KeysUpdated" : "0"
            },
            "api" : "wineventlog",
            "provider_name" : "Microsoft-Windows-Kernel-General",
            "opcode" : "資訊",
            "user" : {
              "identifier" : "S-1-5-21-913095808-1976597276-3100954228-1001"
            }
          },
          "ecs" : {
            "version" : "8.0.0"
          },
          "log" : {
            "file" : {
              "path" : "D:\\AIXSOAR\\IDS_2018\\logs_2018-02-16\\DESKTOP-AN3U28N-172.31.64.54.evtx"
            },
            "level" : "資訊"
          },
          "host" : {
            "os" : {
              "type" : "windows",
              "family" : "windows"
            },
            "name" : "DESKTOP-AN3U28N"
          },
          "event" : {
            "ingested" : "2024-03-29T07:30:46.473708989Z",
            "code" : "16",
            "provider" : "Microsoft-Windows-Kernel-General",
            "created" : "2024-03-29T07:30:10.348Z",
            "kind" : "event",
            "action" : "None"
          },
          "message" : "已清除登錄區 \\??\\C:\\Users\\PC\\AppData\\Local\\Packages\\Microsoft.Windows.ParentalControls_cw5n1h2txyewy\\Microsoft.Windows.ParentalControls_1000.10240.16384.0_neutral_neutral_cw5n1h2txyewy\\ActivationStore\\ActivationStore.dat 中的存取歷程記錄，更新了 0 個機碼並建立了 0 個修改的頁面。"
        }
      },
      {
        "_index" : "ids-2018-172.31.64.54",
        "_id" : "AvgeiY4B6U4O_9c5RoxL",
        "_score" : 0.0,
        "_source" : {
          "agent" : {
            "name" : "CHPIYR2",
            "id" : "60d66234-2dc5-408a-9a6e-a0a6278a7ae3",
            "type" : "winlogbeat",
            "ephemeral_id" : "cbc62cd6-a758-4639-8eeb-85bf53ffa004",
            "version" : "8.11.3"
          },
          "@timestamp" : "2017-12-05T15:43:55.790Z",
          "winlog" : {
            "computer_name" : "DESKTOP-AN3U28N",
            "record_id" : 175,
            "process" : {
              "pid" : 2452,
              "thread" : {
                "id" : 2544
              }
            },
            "event_id" : "16",
            "task" : "None",
            "provider_guid" : "{a68ca8b7-004f-d7b6-a698-07e2de0f1f5d}",
            "channel" : "System",
            "api" : "wineventlog",
            "event_data" : {
              "HiveNameLength" : "211",
              "HiveName" : "\\??\\C:\\Users\\PC\\AppData\\Local\\Packages\\Microsoft.Windows.ShellExperienceHost_cw5n1h2txyewy\\Microsoft.Windows.ShellExperienceHost_10.0.10240.16384_neutral_neutral_cw5n1h2txyewy\\ActivationStore\\ActivationStore.dat",
              "DirtyPages" : "0",
              "KeysUpdated" : "0"
            },
            "opcode" : "資訊",
            "provider_name" : "Microsoft-Windows-Kernel-General",
            "user" : {
              "identifier" : "S-1-5-21-913095808-1976597276-3100954228-1001"
            }
          },
          "ecs" : {
            "version" : "8.0.0"
          },
          "log" : {
            "file" : {
              "path" : "D:\\AIXSOAR\\IDS_2018\\logs_2018-02-16\\DESKTOP-AN3U28N-172.31.64.54.evtx"
            },
            "level" : "資訊"
          },
          "host" : {
            "os" : {
              "type" : "windows",
              "family" : "windows"
            },
            "name" : "DESKTOP-AN3U28N"
          },
          "event" : {
            "ingested" : "2024-03-29T07:30:46.473774763Z",
            "code" : "16",
            "provider" : "Microsoft-Windows-Kernel-General",
            "kind" : "event",
            "created" : "2024-03-29T07:30:10.348Z",
            "action" : "None"
          },
          "message" : "已清除登錄區 \\??\\C:\\Users\\PC\\AppData\\Local\\Packages\\Microsoft.Windows.ShellExperienceHost_cw5n1h2txyewy\\Microsoft.Windows.ShellExperienceHost_10.0.10240.16384_neutral_neutral_cw5n1h2txyewy\\ActivationStore\\ActivationStore.dat 中的存取歷程記錄，更新了 0 個機碼並建立了 0 個修改的頁面。"
        }
      },
      {
        "_index" : "ids-2018-172.31.64.54",
        "_id" : "A_geiY4B6U4O_9c5RoxL",
        "_score" : 0.0,
        "_source" : {
          "agent" : {
            "name" : "CHPIYR2",
            "id" : "60d66234-2dc5-408a-9a6e-a0a6278a7ae3",
            "type" : "winlogbeat",
            "ephemeral_id" : "cbc62cd6-a758-4639-8eeb-85bf53ffa004",
            "version" : "8.11.3"
          },
          "@timestamp" : "2017-12-05T15:43:56.066Z",
          "winlog" : {
            "computer_name" : "DESKTOP-AN3U28N",
            "record_id" : 176,
            "process" : {
              "pid" : 2452,
              "thread" : {
                "id" : 2544
              }
            },
            "event_id" : "16",
            "task" : "None",
            "provider_guid" : "{a68ca8b7-004f-d7b6-a698-07e2de0f1f5d}",
            "channel" : "System",
            "event_data" : {
              "HiveNameLength" : "187",
              "DirtyPages" : "0",
              "HiveName" : "\\??\\C:\\Users\\PC\\AppData\\Local\\Packages\\Microsoft.WindowsFeedback_cw5n1h2txyewy\\Microsoft.WindowsFeedback_10.0.10240.16384_neutral_neutral_cw5n1h2txyewy\\ActivationStore\\ActivationStore.dat",
              "KeysUpdated" : "0"
            },
            "api" : "wineventlog",
            "provider_name" : "Microsoft-Windows-Kernel-General",
            "opcode" : "資訊",
            "user" : {
              "identifier" : "S-1-5-21-913095808-1976597276-3100954228-1001"
            }
          },
          "ecs" : {
            "version" : "8.0.0"
          },
          "log" : {
            "file" : {
              "path" : "D:\\AIXSOAR\\IDS_2018\\logs_2018-02-16\\DESKTOP-AN3U28N-172.31.64.54.evtx"
            },
            "level" : "資訊"
          },
          "host" : {
            "os" : {
              "type" : "windows",
              "family" : "windows"
            },
            "name" : "DESKTOP-AN3U28N"
          },
          "event" : {
            "ingested" : "2024-03-29T07:30:46.473839938Z",
            "code" : "16",
            "provider" : "Microsoft-Windows-Kernel-General",
            "created" : "2024-03-29T07:30:10.348Z",
            "kind" : "event",
            "action" : "None"
          },
          "message" : "已清除登錄區 \\??\\C:\\Users\\PC\\AppData\\Local\\Packages\\Microsoft.WindowsFeedback_cw5n1h2txyewy\\Microsoft.WindowsFeedback_10.0.10240.16384_neutral_neutral_cw5n1h2txyewy\\ActivationStore\\ActivationStore.dat 中的存取歷程記錄，更新了 0 個機碼並建立了 0 個修改的頁面。"
        }
      },
      {
        "_index" : "ids-2018-172.31.64.54",
        "_id" : "BPgeiY4B6U4O_9c5RoxL",
        "_score" : 0.0,
        "_source" : {
          "agent" : {
            "name" : "CHPIYR2",
            "id" : "60d66234-2dc5-408a-9a6e-a0a6278a7ae3",
            "type" : "winlogbeat",
            "ephemeral_id" : "cbc62cd6-a758-4639-8eeb-85bf53ffa004",
            "version" : "8.11.3"
          },
          "@timestamp" : "2017-12-05T15:43:56.280Z",
          "winlog" : {
            "computer_name" : "DESKTOP-AN3U28N",
            "record_id" : 177,
            "process" : {
              "pid" : 2452,
              "thread" : {
                "id" : 2544
              }
            },
            "task" : "None",
            "event_id" : "16",
            "provider_guid" : "{a68ca8b7-004f-d7b6-a698-07e2de0f1f5d}",
            "channel" : "System",
            "api" : "wineventlog",
            "event_data" : {
              "HiveNameLength" : "195",
              "HiveName" : "\\??\\C:\\Users\\PC\\AppData\\Local\\Packages\\Microsoft.XboxGameCallableUI_cw5n1h2txyewy\\Microsoft.XboxGameCallableUI_1000.10240.16384.0_neutral_neutral_cw5n1h2txyewy\\ActivationStore\\ActivationStore.dat",
              "DirtyPages" : "0",
              "KeysUpdated" : "0"
            },
            "opcode" : "資訊",
            "provider_name" : "Microsoft-Windows-Kernel-General",
            "user" : {
              "identifier" : "S-1-5-21-913095808-1976597276-3100954228-1001"
            }
          },
          "ecs" : {
            "version" : "8.0.0"
          },
          "log" : {
            "file" : {
              "path" : "D:\\AIXSOAR\\IDS_2018\\logs_2018-02-16\\DESKTOP-AN3U28N-172.31.64.54.evtx"
            },
            "level" : "資訊"
          },
          "host" : {
            "os" : {
              "type" : "windows",
              "family" : "windows"
            },
            "name" : "DESKTOP-AN3U28N"
          },
          "event" : {
            "ingested" : "2024-03-29T07:30:46.473905587Z",
            "code" : "16",
            "provider" : "Microsoft-Windows-Kernel-General",
            "created" : "2024-03-29T07:30:10.348Z",
            "kind" : "event",
            "action" : "None"
          },
          "message" : "已清除登錄區 \\??\\C:\\Users\\PC\\AppData\\Local\\Packages\\Microsoft.XboxGameCallableUI_cw5n1h2txyewy\\Microsoft.XboxGameCallableUI_1000.10240.16384.0_neutral_neutral_cw5n1h2txyewy\\ActivationStore\\ActivationStore.dat 中的存取歷程記錄，更新了 0 個機碼並建立了 0 個修改的頁面。"
        }
      },
      {
        "_index" : "ids-2018-172.31.64.54",
        "_id" : "BfgeiY4B6U4O_9c5RoxL",
        "_score" : 0.0,
        "_source" : {
          "agent" : {
            "name" : "CHPIYR2",
            "id" : "60d66234-2dc5-408a-9a6e-a0a6278a7ae3",
            "type" : "winlogbeat",
            "ephemeral_id" : "cbc62cd6-a758-4639-8eeb-85bf53ffa004",
            "version" : "8.11.3"
          },
          "@timestamp" : "2017-12-05T15:43:56.491Z",
          "winlog" : {
            "computer_name" : "DESKTOP-AN3U28N",
            "record_id" : 178,
            "process" : {
              "pid" : 2452,
              "thread" : {
                "id" : 2544
              }
            },
            "task" : "None",
            "event_id" : "16",
            "provider_guid" : "{a68ca8b7-004f-d7b6-a698-07e2de0f1f5d}",
            "channel" : "System",
            "api" : "wineventlog",
            "event_data" : {
              "HiveNameLength" : "199",
              "HiveName" : "\\??\\C:\\Users\\PC\\AppData\\Local\\Packages\\Microsoft.XboxIdentityProvider_cw5n1h2txyewy\\Microsoft.XboxIdentityProvider_1000.10240.16384.0_neutral_neutral_cw5n1h2txyewy\\ActivationStore\\ActivationStore.dat",
              "DirtyPages" : "0",
              "KeysUpdated" : "0"
            },
            "provider_name" : "Microsoft-Windows-Kernel-General",
            "opcode" : "資訊",
            "user" : {
              "identifier" : "S-1-5-21-913095808-1976597276-3100954228-1001"
            }
          },
          "ecs" : {
            "version" : "8.0.0"
          },
          "log" : {
            "file" : {
              "path" : "D:\\AIXSOAR\\IDS_2018\\logs_2018-02-16\\DESKTOP-AN3U28N-172.31.64.54.evtx"
            },
            "level" : "資訊"
          },
          "host" : {
            "os" : {
              "type" : "windows",
              "family" : "windows"
            },
            "name" : "DESKTOP-AN3U28N"
          },
          "event" : {
            "ingested" : "2024-03-29T07:30:46.473970586Z",
            "code" : "16",
            "provider" : "Microsoft-Windows-Kernel-General",
            "kind" : "event",
            "created" : "2024-03-29T07:30:10.348Z",
            "action" : "None"
          },
          "message" : "已清除登錄區 \\??\\C:\\Users\\PC\\AppData\\Local\\Packages\\Microsoft.XboxIdentityProvider_cw5n1h2txyewy\\Microsoft.XboxIdentityProvider_1000.10240.16384.0_neutral_neutral_cw5n1h2txyewy\\ActivationStore\\ActivationStore.dat 中的存取歷程記錄，更新了 0 個機碼並建立了 0 個修改的頁面。"
        }
      },
      {
        "_index" : "ids-2018-172.31.64.54",
        "_id" : "BvgeiY4B6U4O_9c5RoxL",
        "_score" : 0.0,
        "_source" : {
          "agent" : {
            "name" : "CHPIYR2",
            "id" : "60d66234-2dc5-408a-9a6e-a0a6278a7ae3",
            "type" : "winlogbeat",
            "ephemeral_id" : "cbc62cd6-a758-4639-8eeb-85bf53ffa004",
            "version" : "8.11.3"
          },
          "@timestamp" : "2017-12-05T15:43:56.742Z",
          "winlog" : {
            "computer_name" : "DESKTOP-AN3U28N",
            "record_id" : 179,
            "process" : {
              "pid" : 2452,
              "thread" : {
                "id" : 2544
              }
            },
            "event_id" : "16",
            "task" : "None",
            "provider_guid" : "{a68ca8b7-004f-d7b6-a698-07e2de0f1f5d}",
            "channel" : "System",
            "event_data" : {
              "HiveNameLength" : "181",
              "HiveName" : "\\??\\C:\\Users\\PC\\AppData\\Local\\Packages\\Windows.ContactSupport_cw5n1h2txyewy\\Windows.ContactSupport_10.0.10240.16384_neutral_neutral_cw5n1h2txyewy\\ActivationStore\\ActivationStore.dat",
              "DirtyPages" : "0",
              "KeysUpdated" : "0"
            },
            "api" : "wineventlog",
            "provider_name" : "Microsoft-Windows-Kernel-General",
            "opcode" : "資訊",
            "user" : {
              "identifier" : "S-1-5-21-913095808-1976597276-3100954228-1001"
            }
          },
          "ecs" : {
            "version" : "8.0.0"
          },
          "log" : {
            "file" : {
              "path" : "D:\\AIXSOAR\\IDS_2018\\logs_2018-02-16\\DESKTOP-AN3U28N-172.31.64.54.evtx"
            },
            "level" : "資訊"
          },
          "host" : {
            "os" : {
              "type" : "windows",
              "family" : "windows"
            },
            "name" : "DESKTOP-AN3U28N"
          },
          "message" : "已清除登錄區 \\??\\C:\\Users\\PC\\AppData\\Local\\Packages\\Windows.ContactSupport_cw5n1h2txyewy\\Windows.ContactSupport_10.0.10240.16384_neutral_neutral_cw5n1h2txyewy\\ActivationStore\\ActivationStore.dat 中的存取歷程記錄，更新了 0 個機碼並建立了 0 個修改的頁面。",
          "event" : {
            "ingested" : "2024-03-29T07:30:46.474036025Z",
            "code" : "16",
            "provider" : "Microsoft-Windows-Kernel-General",
            "created" : "2024-03-29T07:30:10.348Z",
            "kind" : "event",
            "action" : "None"
          }
        }
      },
      {
        "_index" : "ids-2018-172.31.64.54",
        "_id" : "B_geiY4B6U4O_9c5RoxL",
        "_score" : 0.0,
        "_source" : {
          "agent" : {
            "name" : "CHPIYR2",
            "id" : "60d66234-2dc5-408a-9a6e-a0a6278a7ae3",
            "type" : "winlogbeat",
            "ephemeral_id" : "cbc62cd6-a758-4639-8eeb-85bf53ffa004",
            "version" : "8.11.3"
          },
          "@timestamp" : "2017-12-05T15:43:57.459Z",
          "winlog" : {
            "record_id" : 180,
            "computer_name" : "DESKTOP-AN3U28N",
            "process" : {
              "pid" : 2452,
              "thread" : {
                "id" : 2544
              }
            },
            "event_id" : "16",
            "task" : "None",
            "provider_guid" : "{a68ca8b7-004f-d7b6-a698-07e2de0f1f5d}",
            "channel" : "System",
            "event_data" : {
              "HiveNameLength" : "172",
              "DirtyPages" : "0",
              "HiveName" : "\\??\\C:\\Users\\PC\\AppData\\Local\\Packages\\Windows.PurchaseDialog_cw5n1h2txyewy\\Windows.PurchaseDialog_6.2.0.0_neutral_neutral_cw5n1h2txyewy\\ActivationStore\\ActivationStore.dat",
              "KeysUpdated" : "0"
            },
            "api" : "wineventlog",
            "provider_name" : "Microsoft-Windows-Kernel-General",
            "opcode" : "資訊",
            "user" : {
              "identifier" : "S-1-5-21-913095808-1976597276-3100954228-1001"
            }
          },
          "ecs" : {
            "version" : "8.0.0"
          },
          "log" : {
            "file" : {
              "path" : "D:\\AIXSOAR\\IDS_2018\\logs_2018-02-16\\DESKTOP-AN3U28N-172.31.64.54.evtx"
            },
            "level" : "資訊"
          },
          "host" : {
            "os" : {
              "type" : "windows",
              "family" : "windows"
            },
            "name" : "DESKTOP-AN3U28N"
          },
          "message" : "已清除登錄區 \\??\\C:\\Users\\PC\\AppData\\Local\\Packages\\Windows.PurchaseDialog_cw5n1h2txyewy\\Windows.PurchaseDialog_6.2.0.0_neutral_neutral_cw5n1h2txyewy\\ActivationStore\\ActivationStore.dat 中的存取歷程記錄，更新了 0 個機碼並建立了 0 個修改的頁面。",
          "event" : {
            "ingested" : "2024-03-29T07:30:46.474101866Z",
            "code" : "16",
            "provider" : "Microsoft-Windows-Kernel-General",
            "kind" : "event",
            "created" : "2024-03-29T07:30:10.348Z",
            "action" : "None"
          }
        }
      },
      {
        "_index" : "ids-2018-172.31.64.54",
        "_id" : "CPgeiY4B6U4O_9c5RoxL",
        "_score" : 0.0,
        "_source" : {
          "agent" : {
            "name" : "CHPIYR2",
            "id" : "60d66234-2dc5-408a-9a6e-a0a6278a7ae3",
            "type" : "winlogbeat",
            "ephemeral_id" : "cbc62cd6-a758-4639-8eeb-85bf53ffa004",
            "version" : "8.11.3"
          },
          "@timestamp" : "2017-12-05T15:43:59.414Z",
          "winlog" : {
            "record_id" : 181,
            "computer_name" : "DESKTOP-AN3U28N",
            "process" : {
              "pid" : 2784,
              "thread" : {
                "id" : 2064
              }
            },
            "task" : "None",
            "event_id" : "16",
            "provider_guid" : "{a68ca8b7-004f-d7b6-a698-07e2de0f1f5d}",
            "channel" : "System",
            "api" : "wineventlog",
            "event_data" : {
              "HiveNameLength" : "115",
              "DirtyPages" : "1",
              "HiveName" : "\\??\\C:\\Users\\PC\\AppData\\Local\\Packages\\Microsoft.Windows.ContentDeliveryManager_cw5n1h2txyewy\\Settings\\settings.dat",
              "KeysUpdated" : "3"
            },
            "opcode" : "資訊",
            "provider_name" : "Microsoft-Windows-Kernel-General",
            "user" : {
              "identifier" : "S-1-5-21-913095808-1976597276-3100954228-1001"
            }
          },
          "ecs" : {
            "version" : "8.0.0"
          },
          "log" : {
            "file" : {
              "path" : "D:\\AIXSOAR\\IDS_2018\\logs_2018-02-16\\DESKTOP-AN3U28N-172.31.64.54.evtx"
            },
            "level" : "資訊"
          },
          "host" : {
            "os" : {
              "type" : "windows",
              "family" : "windows"
            },
            "name" : "DESKTOP-AN3U28N"
          },
          "event" : {
            "ingested" : "2024-03-29T07:30:46.474166349Z",
            "code" : "16",
            "provider" : "Microsoft-Windows-Kernel-General",
            "created" : "2024-03-29T07:30:10.348Z",
            "kind" : "event",
            "action" : "None"
          },
          "message" : "已清除登錄區 \\??\\C:\\Users\\PC\\AppData\\Local\\Packages\\Microsoft.Windows.ContentDeliveryManager_cw5n1h2txyewy\\Settings\\settings.dat 中的存取歷程記錄，更新了 3 個機碼並建立了 1 個修改的頁面。"
        }
      },
      {
        "_index" : "ids-2018-172.31.64.54",
        "_id" : "CfgeiY4B6U4O_9c5RoxL",
        "_score" : 0.0,
        "_source" : {
          "agent" : {
            "name" : "CHPIYR2",
            "id" : "60d66234-2dc5-408a-9a6e-a0a6278a7ae3",
            "type" : "winlogbeat",
            "ephemeral_id" : "cbc62cd6-a758-4639-8eeb-85bf53ffa004",
            "version" : "8.11.3"
          },
          "@timestamp" : "2017-12-05T15:43:59.667Z",
          "winlog" : {
            "computer_name" : "DESKTOP-AN3U28N",
            "record_id" : 182,
            "process" : {
              "pid" : 3008,
              "thread" : {
                "id" : 1380
              }
            },
            "event_id" : "16",
            "task" : "None",
            "provider_guid" : "{a68ca8b7-004f-d7b6-a698-07e2de0f1f5d}",
            "channel" : "System",
            "event_data" : {
              "HiveNameLength" : "112",
              "HiveName" : "\\??\\C:\\Users\\PC\\AppData\\Local\\Packages\\Microsoft.Windows.ShellExperienceHost_cw5n1h2txyewy\\Settings\\settings.dat",
              "DirtyPages" : "1",
              "KeysUpdated" : "3"
            },
            "api" : "wineventlog",
            "opcode" : "資訊",
            "provider_name" : "Microsoft-Windows-Kernel-General",
            "user" : {
              "identifier" : "S-1-5-21-913095808-1976597276-3100954228-1001"
            }
          },
          "ecs" : {
            "version" : "8.0.0"
          },
          "log" : {
            "file" : {
              "path" : "D:\\AIXSOAR\\IDS_2018\\logs_2018-02-16\\DESKTOP-AN3U28N-172.31.64.54.evtx"
            },
            "level" : "資訊"
          },
          "host" : {
            "os" : {
              "type" : "windows",
              "family" : "windows"
            },
            "name" : "DESKTOP-AN3U28N"
          },
          "message" : "已清除登錄區 \\??\\C:\\Users\\PC\\AppData\\Local\\Packages\\Microsoft.Windows.ShellExperienceHost_cw5n1h2txyewy\\Settings\\settings.dat 中的存取歷程記錄，更新了 3 個機碼並建立了 1 個修改的頁面。",
          "event" : {
            "ingested" : "2024-03-29T07:30:46.474232338Z",
            "code" : "16",
            "provider" : "Microsoft-Windows-Kernel-General",
            "created" : "2024-03-29T07:30:10.348Z",
            "kind" : "event",
            "action" : "None"
          }
        }
      },
      {
        "_index" : "ids-2018-172.31.64.54",
        "_id" : "CvgeiY4B6U4O_9c5RoxL",
        "_score" : 0.0,
        "_source" : {
          "agent" : {
            "name" : "CHPIYR2",
            "id" : "60d66234-2dc5-408a-9a6e-a0a6278a7ae3",
            "type" : "winlogbeat",
            "ephemeral_id" : "cbc62cd6-a758-4639-8eeb-85bf53ffa004",
            "version" : "8.11.3"
          },
          "@timestamp" : "2017-12-05T15:43:59.854Z",
          "winlog" : {
            "computer_name" : "DESKTOP-AN3U28N",
            "record_id" : 183,
            "process" : {
              "pid" : 1892,
              "thread" : {
                "id" : 3016
              }
            },
            "event_id" : "16",
            "task" : "None",
            "provider_guid" : "{a68ca8b7-004f-d7b6-a698-07e2de0f1f5d}",
            "channel" : "System",
            "event_data" : {
              "HiveNameLength" : "100",
              "HiveName" : "\\??\\C:\\Users\\PC\\AppData\\Local\\Packages\\Microsoft.Windows.Cortana_cw5n1h2txyewy\\Settings\\settings.dat",
              "DirtyPages" : "1",
              "KeysUpdated" : "3"
            },
            "api" : "wineventlog",
            "opcode" : "資訊",
            "provider_name" : "Microsoft-Windows-Kernel-General",
            "user" : {
              "identifier" : "S-1-5-21-913095808-1976597276-3100954228-1001"
            }
          },
          "ecs" : {
            "version" : "8.0.0"
          },
          "log" : {
            "file" : {
              "path" : "D:\\AIXSOAR\\IDS_2018\\logs_2018-02-16\\DESKTOP-AN3U28N-172.31.64.54.evtx"
            },
            "level" : "資訊"
          },
          "host" : {
            "os" : {
              "type" : "windows",
              "family" : "windows"
            },
            "name" : "DESKTOP-AN3U28N"
          },
          "message" : "已清除登錄區 \\??\\C:\\Users\\PC\\AppData\\Local\\Packages\\Microsoft.Windows.Cortana_cw5n1h2txyewy\\Settings\\settings.dat 中的存取歷程記錄，更新了 3 個機碼並建立了 1 個修改的頁面。",
          "event" : {
            "ingested" : "2024-03-29T07:30:46.474296560Z",
            "code" : "16",
            "provider" : "Microsoft-Windows-Kernel-General",
            "created" : "2024-03-29T07:30:10.348Z",
            "kind" : "event",
            "action" : "None"
          }
        }
      },
      {
        "_index" : "ids-2018-172.31.64.54",
        "_id" : "C_geiY4B6U4O_9c5RoxL",
        "_score" : 0.0,
        "_source" : {
          "agent" : {
            "name" : "CHPIYR2",
            "id" : "60d66234-2dc5-408a-9a6e-a0a6278a7ae3",
            "type" : "winlogbeat",
            "ephemeral_id" : "cbc62cd6-a758-4639-8eeb-85bf53ffa004",
            "version" : "8.11.3"
          },
          "@timestamp" : "2017-12-05T15:44:06.170Z",
          "winlog" : {
            "computer_name" : "DESKTOP-AN3U28N",
            "record_id" : 184,
            "process" : {
              "pid" : 2452,
              "thread" : {
                "id" : 2544
              }
            },
            "task" : "None",
            "event_id" : "16",
            "provider_guid" : "{a68ca8b7-004f-d7b6-a698-07e2de0f1f5d}",
            "channel" : "System",
            "event_data" : {
              "HiveNameLength" : "107",
              "HiveName" : "\\??\\C:\\Users\\PC\\AppData\\Local\\Packages\\Microsoft.NET.Native.Runtime.1.0_8wekyb3d8bbwe\\Settings\\settings.dat",
              "DirtyPages" : "1",
              "KeysUpdated" : "3"
            },
            "api" : "wineventlog",
            "provider_name" : "Microsoft-Windows-Kernel-General",
            "opcode" : "資訊",
            "user" : {
              "identifier" : "S-1-5-21-913095808-1976597276-3100954228-1001"
            }
          },
          "ecs" : {
            "version" : "8.0.0"
          },
          "log" : {
            "file" : {
              "path" : "D:\\AIXSOAR\\IDS_2018\\logs_2018-02-16\\DESKTOP-AN3U28N-172.31.64.54.evtx"
            },
            "level" : "資訊"
          },
          "host" : {
            "os" : {
              "type" : "windows",
              "family" : "windows"
            },
            "name" : "DESKTOP-AN3U28N"
          },
          "event" : {
            "ingested" : "2024-03-29T07:30:46.474360299Z",
            "code" : "16",
            "provider" : "Microsoft-Windows-Kernel-General",
            "kind" : "event",
            "created" : "2024-03-29T07:30:10.348Z",
            "action" : "None"
          },
          "message" : "已清除登錄區 \\??\\C:\\Users\\PC\\AppData\\Local\\Packages\\Microsoft.NET.Native.Runtime.1.0_8wekyb3d8bbwe\\Settings\\settings.dat 中的存取歷程記錄，更新了 3 個機碼並建立了 1 個修改的頁面。"
        }
      },
      {
        "_index" : "ids-2018-172.31.64.54",
        "_id" : "DPgeiY4B6U4O_9c5RoxL",
        "_score" : 0.0,
        "_source" : {
          "agent" : {
            "name" : "CHPIYR2",
            "id" : "60d66234-2dc5-408a-9a6e-a0a6278a7ae3",
            "type" : "winlogbeat",
            "ephemeral_id" : "cbc62cd6-a758-4639-8eeb-85bf53ffa004",
            "version" : "8.11.3"
          },
          "@timestamp" : "2017-12-05T15:44:06.295Z",
          "winlog" : {
            "record_id" : 185,
            "computer_name" : "DESKTOP-AN3U28N",
            "process" : {
              "pid" : 2452,
              "thread" : {
                "id" : 2544
              }
            },
            "event_id" : "16",
            "task" : "None",
            "provider_guid" : "{a68ca8b7-004f-d7b6-a698-07e2de0f1f5d}",
            "channel" : "System",
            "api" : "wineventlog",
            "event_data" : {
              "HiveNameLength" : "109",
              "HiveName" : "\\??\\C:\\Users\\PC\\AppData\\Local\\Packages\\Microsoft.NET.Native.Framework.1.0_8wekyb3d8bbwe\\Settings\\settings.dat",
              "DirtyPages" : "1",
              "KeysUpdated" : "3"
            },
            "provider_name" : "Microsoft-Windows-Kernel-General",
            "opcode" : "資訊",
            "user" : {
              "identifier" : "S-1-5-21-913095808-1976597276-3100954228-1001"
            }
          },
          "ecs" : {
            "version" : "8.0.0"
          },
          "log" : {
            "file" : {
              "path" : "D:\\AIXSOAR\\IDS_2018\\logs_2018-02-16\\DESKTOP-AN3U28N-172.31.64.54.evtx"
            },
            "level" : "資訊"
          },
          "host" : {
            "os" : {
              "type" : "windows",
              "family" : "windows"
            },
            "name" : "DESKTOP-AN3U28N"
          },
          "message" : "已清除登錄區 \\??\\C:\\Users\\PC\\AppData\\Local\\Packages\\Microsoft.NET.Native.Framework.1.0_8wekyb3d8bbwe\\Settings\\settings.dat 中的存取歷程記錄，更新了 3 個機碼並建立了 1 個修改的頁面。",
          "event" : {
            "ingested" : "2024-03-29T07:30:46.474424175Z",
            "code" : "16",
            "provider" : "Microsoft-Windows-Kernel-General",
            "kind" : "event",
            "created" : "2024-03-29T07:30:10.348Z",
            "action" : "None"
          }
        }
      },
      {
        "_index" : "ids-2018-172.31.64.54",
        "_id" : "DfgeiY4B6U4O_9c5RoxL",
        "_score" : 0.0,
        "_source" : {
          "agent" : {
            "name" : "CHPIYR2",
            "id" : "60d66234-2dc5-408a-9a6e-a0a6278a7ae3",
            "type" : "winlogbeat",
            "ephemeral_id" : "cbc62cd6-a758-4639-8eeb-85bf53ffa004",
            "version" : "8.11.3"
          },
          "@timestamp" : "2017-12-05T15:44:06.445Z",
          "winlog" : {
            "computer_name" : "DESKTOP-AN3U28N",
            "record_id" : 186,
            "process" : {
              "pid" : 2452,
              "thread" : {
                "id" : 2544
              }
            },
            "task" : "None",
            "event_id" : "16",
            "provider_guid" : "{a68ca8b7-004f-d7b6-a698-07e2de0f1f5d}",
            "channel" : "System",
            "api" : "wineventlog",
            "event_data" : {
              "HiveNameLength" : "98",
              "HiveName" : "\\??\\C:\\Users\\PC\\AppData\\Local\\Packages\\Microsoft.VCLibs.140.00_8wekyb3d8bbwe\\Settings\\settings.dat",
              "DirtyPages" : "1",
              "KeysUpdated" : "3"
            },
            "provider_name" : "Microsoft-Windows-Kernel-General",
            "opcode" : "資訊",
            "user" : {
              "identifier" : "S-1-5-21-913095808-1976597276-3100954228-1001"
            }
          },
          "ecs" : {
            "version" : "8.0.0"
          },
          "log" : {
            "file" : {
              "path" : "D:\\AIXSOAR\\IDS_2018\\logs_2018-02-16\\DESKTOP-AN3U28N-172.31.64.54.evtx"
            },
            "level" : "資訊"
          },
          "host" : {
            "os" : {
              "type" : "windows",
              "family" : "windows"
            },
            "name" : "DESKTOP-AN3U28N"
          },
          "event" : {
            "ingested" : "2024-03-29T07:30:46.474487586Z",
            "code" : "16",
            "provider" : "Microsoft-Windows-Kernel-General",
            "created" : "2024-03-29T07:30:10.348Z",
            "kind" : "event",
            "action" : "None"
          },
          "message" : "已清除登錄區 \\??\\C:\\Users\\PC\\AppData\\Local\\Packages\\Microsoft.VCLibs.140.00_8wekyb3d8bbwe\\Settings\\settings.dat 中的存取歷程記錄，更新了 3 個機碼並建立了 1 個修改的頁面。"
        }
      },
      {
        "_index" : "ids-2018-172.31.64.54",
        "_id" : "DvgeiY4B6U4O_9c5RoxL",
        "_score" : 0.0,
        "_source" : {
          "agent" : {
            "name" : "CHPIYR2",
            "id" : "60d66234-2dc5-408a-9a6e-a0a6278a7ae3",
            "type" : "winlogbeat",
            "ephemeral_id" : "cbc62cd6-a758-4639-8eeb-85bf53ffa004",
            "version" : "8.11.3"
          },
          "@timestamp" : "2017-12-05T15:44:06.690Z",
          "winlog" : {
            "computer_name" : "DESKTOP-AN3U28N",
            "record_id" : 187,
            "process" : {
              "pid" : 2452,
              "thread" : {
                "id" : 2544
              }
            },
            "event_id" : "16",
            "task" : "None",
            "provider_guid" : "{a68ca8b7-004f-d7b6-a698-07e2de0f1f5d}",
            "channel" : "System",
            "api" : "wineventlog",
            "event_data" : {
              "HiveNameLength" : "155",
              "HiveName" : "\\??\\C:\\Users\\PC\\AppData\\Local\\Packages\\Microsoft.BingNews_8wekyb3d8bbwe\\Microsoft.BingNews_4.3.193.0_x86__8wekyb3d8bbwe\\ActivationStore\\ActivationStore.dat",
              "DirtyPages" : "0",
              "KeysUpdated" : "0"
            },
            "provider_name" : "Microsoft-Windows-Kernel-General",
            "opcode" : "資訊",
            "user" : {
              "identifier" : "S-1-5-21-913095808-1976597276-3100954228-1001"
            }
          },
          "ecs" : {
            "version" : "8.0.0"
          },
          "log" : {
            "file" : {
              "path" : "D:\\AIXSOAR\\IDS_2018\\logs_2018-02-16\\DESKTOP-AN3U28N-172.31.64.54.evtx"
            },
            "level" : "資訊"
          },
          "host" : {
            "os" : {
              "type" : "windows",
              "family" : "windows"
            },
            "name" : "DESKTOP-AN3U28N"
          },
          "message" : "已清除登錄區 \\??\\C:\\Users\\PC\\AppData\\Local\\Packages\\Microsoft.BingNews_8wekyb3d8bbwe\\Microsoft.BingNews_4.3.193.0_x86__8wekyb3d8bbwe\\ActivationStore\\ActivationStore.dat 中的存取歷程記錄，更新了 0 個機碼並建立了 0 個修改的頁面。",
          "event" : {
            "ingested" : "2024-03-29T07:30:46.474554886Z",
            "code" : "16",
            "provider" : "Microsoft-Windows-Kernel-General",
            "kind" : "event",
            "created" : "2024-03-29T07:30:10.348Z",
            "action" : "None"
          }
        }
      },
      {
        "_index" : "ids-2018-172.31.64.54",
        "_id" : "D_geiY4B6U4O_9c5RoxL",
        "_score" : 0.0,
        "_source" : {
          "agent" : {
            "name" : "CHPIYR2",
            "id" : "60d66234-2dc5-408a-9a6e-a0a6278a7ae3",
            "type" : "winlogbeat",
            "ephemeral_id" : "cbc62cd6-a758-4639-8eeb-85bf53ffa004",
            "version" : "8.11.3"
          },
          "@timestamp" : "2017-12-05T15:44:19.937Z",
          "winlog" : {
            "record_id" : 188,
            "computer_name" : "DESKTOP-AN3U28N",
            "process" : {
              "pid" : 2452,
              "thread" : {
                "id" : 2544
              }
            },
            "event_id" : "16",
            "task" : "None",
            "provider_guid" : "{a68ca8b7-004f-d7b6-a698-07e2de0f1f5d}",
            "channel" : "System",
            "api" : "wineventlog",
            "event_data" : {
              "HiveNameLength" : "195",
              "DirtyPages" : "0",
              "HiveName" : "\\??\\C:\\Users\\PC\\AppData\\Local\\Packages\\microsoft.windowscommunicationsapps_8wekyb3d8bbwe\\microsoft.windowscommunicationsapps_17.6002.42251.0_x64__8wekyb3d8bbwe\\ActivationStore\\ActivationStore.dat",
              "KeysUpdated" : "0"
            },
            "provider_name" : "Microsoft-Windows-Kernel-General",
            "opcode" : "資訊",
            "user" : {
              "identifier" : "S-1-5-21-913095808-1976597276-3100954228-1001"
            }
          },
          "ecs" : {
            "version" : "8.0.0"
          },
          "log" : {
            "file" : {
              "path" : "D:\\AIXSOAR\\IDS_2018\\logs_2018-02-16\\DESKTOP-AN3U28N-172.31.64.54.evtx"
            },
            "level" : "資訊"
          },
          "host" : {
            "os" : {
              "type" : "windows",
              "family" : "windows"
            },
            "name" : "DESKTOP-AN3U28N"
          },
          "event" : {
            "ingested" : "2024-03-29T07:30:46.474619859Z",
            "code" : "16",
            "provider" : "Microsoft-Windows-Kernel-General",
            "created" : "2024-03-29T07:30:10.348Z",
            "kind" : "event",
            "action" : "None"
          },
          "message" : "已清除登錄區 \\??\\C:\\Users\\PC\\AppData\\Local\\Packages\\microsoft.windowscommunicationsapps_8wekyb3d8bbwe\\microsoft.windowscommunicationsapps_17.6002.42251.0_x64__8wekyb3d8bbwe\\ActivationStore\\ActivationStore.dat 中的存取歷程記錄，更新了 0 個機碼並建立了 0 個修改的頁面。"
        }
      },
      {
        "_index" : "ids-2018-172.31.64.54",
        "_id" : "EPgeiY4B6U4O_9c5RoxL",
        "_score" : 0.0,
        "_source" : {
          "agent" : {
            "name" : "CHPIYR2",
            "id" : "60d66234-2dc5-408a-9a6e-a0a6278a7ae3",
            "type" : "winlogbeat",
            "ephemeral_id" : "cbc62cd6-a758-4639-8eeb-85bf53ffa004",
            "version" : "8.11.3"
          },
          "@timestamp" : "2017-12-05T15:44:21.339Z",
          "winlog" : {
            "record_id" : 189,
            "computer_name" : "DESKTOP-AN3U28N",
            "process" : {
              "pid" : 2452,
              "thread" : {
                "id" : 2544
              }
            },
            "event_id" : "16",
            "task" : "None",
            "provider_guid" : "{a68ca8b7-004f-d7b6-a698-07e2de0f1f5d}",
            "channel" : "System",
            "event_data" : {
              "HiveNameLength" : "161",
              "DirtyPages" : "0",
              "HiveName" : "\\??\\C:\\Users\\PC\\AppData\\Local\\Packages\\Microsoft.BingWeather_8wekyb3d8bbwe\\Microsoft.BingWeather_4.3.193.0_x86__8wekyb3d8bbwe\\ActivationStore\\ActivationStore.dat",
              "KeysUpdated" : "0"
            },
            "api" : "wineventlog",
            "provider_name" : "Microsoft-Windows-Kernel-General",
            "opcode" : "資訊",
            "user" : {
              "identifier" : "S-1-5-21-913095808-1976597276-3100954228-1001"
            }
          },
          "ecs" : {
            "version" : "8.0.0"
          },
          "log" : {
            "file" : {
              "path" : "D:\\AIXSOAR\\IDS_2018\\logs_2018-02-16\\DESKTOP-AN3U28N-172.31.64.54.evtx"
            },
            "level" : "資訊"
          },
          "host" : {
            "os" : {
              "type" : "windows",
              "family" : "windows"
            },
            "name" : "DESKTOP-AN3U28N"
          },
          "event" : {
            "ingested" : "2024-03-29T07:30:46.474684387Z",
            "code" : "16",
            "provider" : "Microsoft-Windows-Kernel-General",
            "created" : "2024-03-29T07:30:10.348Z",
            "kind" : "event",
            "action" : "None"
          },
          "message" : "已清除登錄區 \\??\\C:\\Users\\PC\\AppData\\Local\\Packages\\Microsoft.BingWeather_8wekyb3d8bbwe\\Microsoft.BingWeather_4.3.193.0_x86__8wekyb3d8bbwe\\ActivationStore\\ActivationStore.dat 中的存取歷程記錄，更新了 0 個機碼並建立了 0 個修改的頁面。"
        }
      },
      {
        "_index" : "ids-2018-172.31.64.54",
        "_id" : "EfgeiY4B6U4O_9c5RoxL",
        "_score" : 0.0,
        "_source" : {
          "agent" : {
            "name" : "CHPIYR2",
            "id" : "60d66234-2dc5-408a-9a6e-a0a6278a7ae3",
            "type" : "winlogbeat",
            "ephemeral_id" : "cbc62cd6-a758-4639-8eeb-85bf53ffa004",
            "version" : "8.11.3"
          },
          "@timestamp" : "2017-12-05T15:44:25.559Z",
          "winlog" : {
            "computer_name" : "DESKTOP-AN3U28N",
            "record_id" : 190,
            "process" : {
              "pid" : 2452,
              "thread" : {
                "id" : 2544
              }
            },
            "event_id" : "16",
            "task" : "None",
            "provider_guid" : "{a68ca8b7-004f-d7b6-a698-07e2de0f1f5d}",
            "channel" : "System",
            "api" : "wineventlog",
            "event_data" : {
              "HiveNameLength" : "161",
              "HiveName" : "\\??\\C:\\Users\\PC\\AppData\\Local\\Packages\\Microsoft.BingFinance_8wekyb3d8bbwe\\Microsoft.BingFinance_4.3.193.0_x86__8wekyb3d8bbwe\\ActivationStore\\ActivationStore.dat",
              "DirtyPages" : "0",
              "KeysUpdated" : "0"
            },
            "opcode" : "資訊",
            "provider_name" : "Microsoft-Windows-Kernel-General",
            "user" : {
              "identifier" : "S-1-5-21-913095808-1976597276-3100954228-1001"
            }
          },
          "ecs" : {
            "version" : "8.0.0"
          },
          "log" : {
            "file" : {
              "path" : "D:\\AIXSOAR\\IDS_2018\\logs_2018-02-16\\DESKTOP-AN3U28N-172.31.64.54.evtx"
            },
            "level" : "資訊"
          },
          "host" : {
            "os" : {
              "type" : "windows",
              "family" : "windows"
            },
            "name" : "DESKTOP-AN3U28N"
          },
          "event" : {
            "ingested" : "2024-03-29T07:30:46.474753649Z",
            "code" : "16",
            "provider" : "Microsoft-Windows-Kernel-General",
            "created" : "2024-03-29T07:30:10.348Z",
            "kind" : "event",
            "action" : "None"
          },
          "message" : "已清除登錄區 \\??\\C:\\Users\\PC\\AppData\\Local\\Packages\\Microsoft.BingFinance_8wekyb3d8bbwe\\Microsoft.BingFinance_4.3.193.0_x86__8wekyb3d8bbwe\\ActivationStore\\ActivationStore.dat 中的存取歷程記錄，更新了 0 個機碼並建立了 0 個修改的頁面。"
        }
      },
      {
        "_index" : "ids-2018-172.31.64.54",
        "_id" : "EvgeiY4B6U4O_9c5RoxL",
        "_score" : 0.0,
        "_source" : {
          "agent" : {
            "name" : "CHPIYR2",
            "id" : "60d66234-2dc5-408a-9a6e-a0a6278a7ae3",
            "type" : "winlogbeat",
            "ephemeral_id" : "cbc62cd6-a758-4639-8eeb-85bf53ffa004",
            "version" : "8.11.3"
          },
          "@timestamp" : "2017-12-05T15:44:26.379Z",
          "winlog" : {
            "record_id" : 191,
            "computer_name" : "DESKTOP-AN3U28N",
            "process" : {
              "pid" : 2452,
              "thread" : {
                "id" : 2544
              }
            },
            "task" : "None",
            "event_id" : "16",
            "provider_guid" : "{a68ca8b7-004f-d7b6-a698-07e2de0f1f5d}",
            "channel" : "System",
            "event_data" : {
              "HiveNameLength" : "167",
              "HiveName" : "\\??\\C:\\Users\\PC\\AppData\\Local\\Packages\\Microsoft.WindowsCamera_8wekyb3d8bbwe\\Microsoft.WindowsCamera_5.38.3003.0_x64__8wekyb3d8bbwe\\ActivationStore\\ActivationStore.dat",
              "DirtyPages" : "0",
              "KeysUpdated" : "0"
            },
            "api" : "wineventlog",
            "opcode" : "資訊",
            "provider_name" : "Microsoft-Windows-Kernel-General",
            "user" : {
              "identifier" : "S-1-5-21-913095808-1976597276-3100954228-1001"
            }
          },
          "ecs" : {
            "version" : "8.0.0"
          },
          "log" : {
            "file" : {
              "path" : "D:\\AIXSOAR\\IDS_2018\\logs_2018-02-16\\DESKTOP-AN3U28N-172.31.64.54.evtx"
            },
            "level" : "資訊"
          },
          "host" : {
            "os" : {
              "type" : "windows",
              "family" : "windows"
            },
            "name" : "DESKTOP-AN3U28N"
          },
          "event" : {
            "ingested" : "2024-03-29T07:30:46.474821934Z",
            "code" : "16",
            "provider" : "Microsoft-Windows-Kernel-General",
            "created" : "2024-03-29T07:30:10.348Z",
            "kind" : "event",
            "action" : "None"
          },
          "message" : "已清除登錄區 \\??\\C:\\Users\\PC\\AppData\\Local\\Packages\\Microsoft.WindowsCamera_8wekyb3d8bbwe\\Microsoft.WindowsCamera_5.38.3003.0_x64__8wekyb3d8bbwe\\ActivationStore\\ActivationStore.dat 中的存取歷程記錄，更新了 0 個機碼並建立了 0 個修改的頁面。"
        }
      },
      {
        "_index" : "ids-2018-172.31.64.54",
        "_id" : "E_geiY4B6U4O_9c5RoxL",
        "_score" : 0.0,
        "_source" : {
          "agent" : {
            "name" : "CHPIYR2",
            "id" : "60d66234-2dc5-408a-9a6e-a0a6278a7ae3",
            "ephemeral_id" : "cbc62cd6-a758-4639-8eeb-85bf53ffa004",
            "type" : "winlogbeat",
            "version" : "8.11.3"
          },
          "@timestamp" : "2017-12-05T15:44:27.173Z",
          "winlog" : {
            "record_id" : 192,
            "computer_name" : "DESKTOP-AN3U28N",
            "process" : {
              "pid" : 2452,
              "thread" : {
                "id" : 2544
              }
            },
            "task" : "None",
            "event_id" : "16",
            "provider_guid" : "{a68ca8b7-004f-d7b6-a698-07e2de0f1f5d}",
            "channel" : "System",
            "event_data" : {
              "HiveNameLength" : "164",
              "DirtyPages" : "0",
              "HiveName" : "\\??\\C:\\Users\\PC\\AppData\\Local\\Packages\\Microsoft.WindowsStore_8wekyb3d8bbwe\\Microsoft.WindowsStore_2015.7.1.0_x64__8wekyb3d8bbwe\\ActivationStore\\ActivationStore.dat",
              "KeysUpdated" : "0"
            },
            "api" : "wineventlog",
            "opcode" : "資訊",
            "provider_name" : "Microsoft-Windows-Kernel-General",
            "user" : {
              "identifier" : "S-1-5-21-913095808-1976597276-3100954228-1001"
            }
          },
          "ecs" : {
            "version" : "8.0.0"
          },
          "log" : {
            "file" : {
              "path" : "D:\\AIXSOAR\\IDS_2018\\logs_2018-02-16\\DESKTOP-AN3U28N-172.31.64.54.evtx"
            },
            "level" : "資訊"
          },
          "host" : {
            "os" : {
              "type" : "windows",
              "family" : "windows"
            },
            "name" : "DESKTOP-AN3U28N"
          },
          "event" : {
            "ingested" : "2024-03-29T07:30:46.474886223Z",
            "code" : "16",
            "provider" : "Microsoft-Windows-Kernel-General",
            "kind" : "event",
            "created" : "2024-03-29T07:30:10.348Z",
            "action" : "None"
          },
          "message" : "已清除登錄區 \\??\\C:\\Users\\PC\\AppData\\Local\\Packages\\Microsoft.WindowsStore_8wekyb3d8bbwe\\Microsoft.WindowsStore_2015.7.1.0_x64__8wekyb3d8bbwe\\ActivationStore\\ActivationStore.dat 中的存取歷程記錄，更新了 0 個機碼並建立了 0 個修改的頁面。"
        }
      },
      {
        "_index" : "ids-2018-172.31.64.54",
        "_id" : "FPgeiY4B6U4O_9c5RoxL",
        "_score" : 0.0,
        "_source" : {
          "agent" : {
            "name" : "CHPIYR2",
            "id" : "60d66234-2dc5-408a-9a6e-a0a6278a7ae3",
            "type" : "winlogbeat",
            "ephemeral_id" : "cbc62cd6-a758-4639-8eeb-85bf53ffa004",
            "version" : "8.11.3"
          },
          "@timestamp" : "2017-12-05T15:44:28.415Z",
          "winlog" : {
            "record_id" : 193,
            "computer_name" : "DESKTOP-AN3U28N",
            "process" : {
              "pid" : 2452,
              "thread" : {
                "id" : 2544
              }
            },
            "event_id" : "16",
            "task" : "None",
            "provider_guid" : "{a68ca8b7-004f-d7b6-a698-07e2de0f1f5d}",
            "channel" : "System",
            "event_data" : {
              "HiveNameLength" : "155",
              "HiveName" : "\\??\\C:\\Users\\PC\\AppData\\Local\\Packages\\Microsoft.XboxApp_8wekyb3d8bbwe\\Microsoft.XboxApp_5.6.17000.0_x64__8wekyb3d8bbwe\\ActivationStore\\ActivationStore.dat",
              "DirtyPages" : "0",
              "KeysUpdated" : "0"
            },
            "api" : "wineventlog",
            "provider_name" : "Microsoft-Windows-Kernel-General",
            "opcode" : "資訊",
            "user" : {
              "identifier" : "S-1-5-21-913095808-1976597276-3100954228-1001"
            }
          },
          "ecs" : {
            "version" : "8.0.0"
          },
          "log" : {
            "file" : {
              "path" : "D:\\AIXSOAR\\IDS_2018\\logs_2018-02-16\\DESKTOP-AN3U28N-172.31.64.54.evtx"
            },
            "level" : "資訊"
          },
          "host" : {
            "os" : {
              "type" : "windows",
              "family" : "windows"
            },
            "name" : "DESKTOP-AN3U28N"
          },
          "message" : "已清除登錄區 \\??\\C:\\Users\\PC\\AppData\\Local\\Packages\\Microsoft.XboxApp_8wekyb3d8bbwe\\Microsoft.XboxApp_5.6.17000.0_x64__8wekyb3d8bbwe\\ActivationStore\\ActivationStore.dat 中的存取歷程記錄，更新了 0 個機碼並建立了 0 個修改的頁面。",
          "event" : {
            "ingested" : "2024-03-29T07:30:46.474951460Z",
            "code" : "16",
            "provider" : "Microsoft-Windows-Kernel-General",
            "created" : "2024-03-29T07:30:10.348Z",
            "kind" : "event",
            "action" : "None"
          }
        }
      },
