      {
        "_index" : "ids-2018-172.31.64.54",
        "_id" : "DfgeiY4B6U4O_9c5R40t",
        "_score" : 0.0,
        "_source" : {
          "agent" : {
            "name" : "CHPIYR2",
            "id" : "60d66234-2dc5-408a-9a6e-a0a6278a7ae3",
            "type" : "winlogbeat",
            "ephemeral_id" : "cbc62cd6-a758-4639-8eeb-85bf53ffa004",
            "version" : "8.11.3"
          },
          "@timestamp" : "2018-01-13T21:04:03.564Z",
          "winlog" : {
            "computer_name" : "DESKTOP-AN3U28N",
            "process" : {
              "pid" : 4,
              "thread" : {
                "id" : 176
              }
            },
            "channel" : "System",
            "event_data" : {
              "ExtraInfoLength" : "201",
              "DeviceVersionMinor" : "0",
              "DeviceTime" : "2015-07-09T19:14:34.0000000Z",
              "ExtraInfoString" : "{ \"flags\" : \"0x00000014\" , \"registration_version\" : \"0x00000203\" , \"tx\" : false , \"sections\" : false , \"frame\" : 0 , \"class_name\" : \"FSFilter Virtualization\" , \"instances\" : [[\"135000\",\"0x00000000\"]] }",
              "DeviceVersionMajor" : "10",
              "DeviceNameLength" : "5",
              "FinalStatus" : "0x0",
              "FilterID" : "{02000000-000a-0000-3f9b-b30ab28cd301}",
              "DeviceName" : "luafv"
            },
            "opcode" : "資訊",
            "version" : 1,
            "record_id" : 442,
            "task" : "None",
            "event_id" : "6",
            "provider_guid" : "{f3c5e28e-63f6-49c7-a204-e48a1bc4b09d}",
            "api" : "wineventlog",
            "provider_name" : "Microsoft-Windows-FilterManager",
            "user" : {
              "identifier" : "S-1-5-18",
              "domain" : "NT AUTHORITY",
              "name" : "SYSTEM",
              "type" : "Well Known Group"
            }
          },
          "ecs" : {
            "version" : "8.0.0"
          },
          "log" : {
            "file" : {
              "path" : "D:\\AIXSOAR\\IDS_2018\\logs_2018-02-16\\DESKTOP-AN3U28N-172.31.64.54.evtx"
            },
            "level" : "資訊"
          },
          "host" : {
            "os" : {
              "type" : "windows",
              "family" : "windows"
            },
            "name" : "DESKTOP-AN3U28N"
          },
          "event" : {
            "ingested" : "2024-03-29T07:30:46.700707214Z",
            "code" : "6",
            "provider" : "Microsoft-Windows-FilterManager",
            "kind" : "event",
            "created" : "2024-03-29T07:30:10.814Z",
            "action" : "None"
          }
        }
      },
      {
        "_index" : "ids-2018-172.31.64.54",
        "_id" : "DvgeiY4B6U4O_9c5R40t",
        "_score" : 0.0,
        "_source" : {
          "agent" : {
            "name" : "CHPIYR2",
            "id" : "60d66234-2dc5-408a-9a6e-a0a6278a7ae3",
            "type" : "winlogbeat",
            "ephemeral_id" : "cbc62cd6-a758-4639-8eeb-85bf53ffa004",
            "version" : "8.11.3"
          },
          "@timestamp" : "2018-01-13T21:04:03.570Z",
          "winlog" : {
            "record_id" : 443,
            "computer_name" : "DESKTOP-AN3U28N",
            "process" : {
              "pid" : 556,
              "thread" : {
                "id" : 872
              }
            },
            "event_id" : "16",
            "task" : "None",
            "provider_guid" : "{a68ca8b7-004f-d7b6-a698-07e2de0f1f5d}",
            "channel" : "System",
            "event_data" : {
              "HiveNameLength" : "54",
              "HiveName" : "\\??\\C:\\Windows\\ServiceProfiles\\LocalService\\NTUSER.DAT",
              "DirtyPages" : "17",
              "KeysUpdated" : "95"
            },
            "api" : "wineventlog",
            "opcode" : "資訊",
            "provider_name" : "Microsoft-Windows-Kernel-General",
            "user" : {
              "identifier" : "S-1-5-18",
              "domain" : "NT AUTHORITY",
              "name" : "SYSTEM",
              "type" : "Well Known Group"
            }
          },
          "ecs" : {
            "version" : "8.0.0"
          },
          "log" : {
            "file" : {
              "path" : "D:\\AIXSOAR\\IDS_2018\\logs_2018-02-16\\DESKTOP-AN3U28N-172.31.64.54.evtx"
            },
            "level" : "資訊"
          },
          "host" : {
            "os" : {
              "type" : "windows",
              "family" : "windows"
            },
            "name" : "DESKTOP-AN3U28N"
          },
          "event" : {
            "ingested" : "2024-03-29T07:30:46.700755013Z",
            "code" : "16",
            "provider" : "Microsoft-Windows-Kernel-General",
            "created" : "2024-03-29T07:30:10.814Z",
            "kind" : "event",
            "action" : "None"
          },
          "message" : "已清除登錄區 \\??\\C:\\Windows\\ServiceProfiles\\LocalService\\NTUSER.DAT 中的存取歷程記錄，更新了 95 個機碼並建立了 17 個修改的頁面。"
        }
      },
      {
        "_index" : "ids-2018-172.31.64.54",
        "_id" : "D_geiY4B6U4O_9c5R40t",
        "_score" : 0.0,
        "_source" : {
          "agent" : {
            "name" : "CHPIYR2",
            "id" : "60d66234-2dc5-408a-9a6e-a0a6278a7ae3",
            "type" : "winlogbeat",
            "ephemeral_id" : "cbc62cd6-a758-4639-8eeb-85bf53ffa004",
            "version" : "8.11.3"
          },
          "@timestamp" : "2018-01-13T21:04:03.867Z",
          "winlog" : {
            "computer_name" : "DESKTOP-AN3U28N",
            "record_id" : 444,
            "process" : {
              "pid" : 660,
              "thread" : {
                "id" : 688
              }
            },
            "event_id" : "16",
            "task" : "None",
            "provider_guid" : "{a68ca8b7-004f-d7b6-a698-07e2de0f1f5d}",
            "channel" : "System",
            "event_data" : {
              "HiveNameLength" : "31",
              "HiveName" : "\\SystemRoot\\System32\\Config\\BBI",
              "DirtyPages" : "9",
              "KeysUpdated" : "52"
            },
            "api" : "wineventlog",
            "provider_name" : "Microsoft-Windows-Kernel-General",
            "opcode" : "資訊",
            "user" : {
              "identifier" : "S-1-5-18",
              "domain" : "NT AUTHORITY",
              "name" : "SYSTEM",
              "type" : "Well Known Group"
            }
          },
          "ecs" : {
            "version" : "8.0.0"
          },
          "log" : {
            "file" : {
              "path" : "D:\\AIXSOAR\\IDS_2018\\logs_2018-02-16\\DESKTOP-AN3U28N-172.31.64.54.evtx"
            },
            "level" : "資訊"
          },
          "host" : {
            "os" : {
              "type" : "windows",
              "family" : "windows"
            },
            "name" : "DESKTOP-AN3U28N"
          },
          "message" : "已清除登錄區 \\SystemRoot\\System32\\Config\\BBI 中的存取歷程記錄，更新了 52 個機碼並建立了 9 個修改的頁面。",
          "event" : {
            "ingested" : "2024-03-29T07:30:46.700804266Z",
            "code" : "16",
            "provider" : "Microsoft-Windows-Kernel-General",
            "created" : "2024-03-29T07:30:10.814Z",
            "kind" : "event",
            "action" : "None"
          }
        }
      },
      {
        "_index" : "ids-2018-172.31.64.54",
        "_id" : "EPgeiY4B6U4O_9c5R40t",
        "_score" : 0.0,
        "_source" : {
          "agent" : {
            "name" : "CHPIYR2",
            "id" : "60d66234-2dc5-408a-9a6e-a0a6278a7ae3",
            "type" : "winlogbeat",
            "ephemeral_id" : "cbc62cd6-a758-4639-8eeb-85bf53ffa004",
            "version" : "8.11.3"
          },
          "@timestamp" : "2018-01-13T21:04:05.251Z",
          "winlog" : {
            "record_id" : 445,
            "computer_name" : "DESKTOP-AN3U28N",
            "process" : {
              "pid" : 948,
              "thread" : {
                "id" : 624
              }
            },
            "event_id" : "50036",
            "task" : "服務狀態事件",
            "provider_guid" : "{15a7a4f8-0072-4eab-abad-f98a4d666aed}",
            "channel" : "System",
            "api" : "wineventlog",
            "provider_name" : "Microsoft-Windows-Dhcp-Client",
            "opcode" : "ServiceStart",
            "user" : {
              "identifier" : "S-1-5-19",
              "domain" : "NT AUTHORITY",
              "name" : "LOCAL SERVICE",
              "type" : "Well Known Group"
            }
          },
          "ecs" : {
            "version" : "8.0.0"
          },
          "log" : {
            "file" : {
              "path" : "D:\\AIXSOAR\\IDS_2018\\logs_2018-02-16\\DESKTOP-AN3U28N-172.31.64.54.evtx"
            },
            "level" : "資訊"
          },
          "host" : {
            "os" : {
              "type" : "windows",
              "family" : "windows"
            },
            "name" : "DESKTOP-AN3U28N"
          },
          "message" : "DHCPv4 用戶端服務已啟動",
          "event" : {
            "ingested" : "2024-03-29T07:30:46.700836588Z",
            "code" : "50036",
            "provider" : "Microsoft-Windows-Dhcp-Client",
            "created" : "2024-03-29T07:30:10.814Z",
            "kind" : "event",
            "action" : "服務狀態事件"
          }
        }
      },
      {
        "_index" : "ids-2018-172.31.64.54",
        "_id" : "EfgeiY4B6U4O_9c5R40t",
        "_score" : 0.0,
        "_source" : {
          "agent" : {
            "name" : "CHPIYR2",
            "id" : "60d66234-2dc5-408a-9a6e-a0a6278a7ae3",
            "type" : "winlogbeat",
            "ephemeral_id" : "cbc62cd6-a758-4639-8eeb-85bf53ffa004",
            "version" : "8.11.3"
          },
          "@timestamp" : "2018-01-13T21:04:05.389Z",
          "winlog" : {
            "computer_name" : "DESKTOP-AN3U28N",
            "record_id" : 446,
            "process" : {
              "pid" : 948,
              "thread" : {
                "id" : 620
              }
            },
            "event_id" : "51046",
            "task" : "Service State Event",
            "provider_guid" : "{6a1f2b00-6a90-4c38-95a5-5cab3b056778}",
            "channel" : "System",
            "api" : "wineventlog",
            "opcode" : "ServiceStart",
            "provider_name" : "Microsoft-Windows-DHCPv6-Client",
            "user" : {
              "identifier" : "S-1-5-19",
              "domain" : "NT AUTHORITY",
              "name" : "LOCAL SERVICE",
              "type" : "Well Known Group"
            }
          },
          "ecs" : {
            "version" : "8.0.0"
          },
          "log" : {
            "file" : {
              "path" : "D:\\AIXSOAR\\IDS_2018\\logs_2018-02-16\\DESKTOP-AN3U28N-172.31.64.54.evtx"
            },
            "level" : "資訊"
          },
          "host" : {
            "os" : {
              "type" : "windows",
              "family" : "windows"
            },
            "name" : "DESKTOP-AN3U28N"
          },
          "event" : {
            "ingested" : "2024-03-29T07:30:46.700919105Z",
            "code" : "51046",
            "provider" : "Microsoft-Windows-DHCPv6-Client",
            "kind" : "event",
            "created" : "2024-03-29T07:30:10.814Z",
            "action" : "Service State Event"
          },
          "message" : "DHCPv6 用戶端服務已啟動"
        }
      },
      {
        "_index" : "ids-2018-172.31.64.54",
        "_id" : "EvgeiY4B6U4O_9c5R40t",
        "_score" : 0.0,
        "_source" : {
          "agent" : {
            "name" : "CHPIYR2",
            "id" : "60d66234-2dc5-408a-9a6e-a0a6278a7ae3",
            "type" : "winlogbeat",
            "ephemeral_id" : "cbc62cd6-a758-4639-8eeb-85bf53ffa004",
            "version" : "8.11.3"
          },
          "@timestamp" : "2018-01-13T21:04:07.914Z",
          "winlog" : {
            "computer_name" : "DESKTOP-AN3U28N",
            "record_id" : 447,
            "process" : {
              "pid" : 880,
              "thread" : {
                "id" : 1056
              }
            },
            "task" : "Task Misconfiguration",
            "event_id" : "414",
            "provider_guid" : "{de7b24ea-73c8-4a09-985d-5bdadcfa9017}",
            "channel" : "System",
            "event_data" : {
              "TaskName" : "NT TASK\\OneDrive Standalone Update Task-S-1-5-21-913095808-1976597276-3100954228-1001",
              "Parameter" : "%localappdata%\\Microsoft\\OneDrive\\OneDriveStandaloneUpdater.exe"
            },
            "api" : "wineventlog",
            "provider_name" : "Microsoft-Windows-TaskScheduler",
            "opcode" : "資訊",
            "user" : {
              "identifier" : "S-1-5-18",
              "domain" : "NT AUTHORITY",
              "name" : "SYSTEM",
              "type" : "Well Known Group"
            }
          },
          "ecs" : {
            "version" : "8.0.0"
          },
          "log" : {
            "file" : {
              "path" : "D:\\AIXSOAR\\IDS_2018\\logs_2018-02-16\\DESKTOP-AN3U28N-172.31.64.54.evtx"
            },
            "level" : "警告"
          },
          "host" : {
            "os" : {
              "type" : "windows",
              "family" : "windows"
            },
            "name" : "DESKTOP-AN3U28N"
          },
          "event" : {
            "ingested" : "2024-03-29T07:30:46.700961988Z",
            "code" : "414",
            "provider" : "Microsoft-Windows-TaskScheduler",
            "created" : "2024-03-29T07:30:10.814Z",
            "kind" : "event",
            "action" : "Task Misconfiguration"
          },
          "message" : "工作排程器服務在 NT TASK\\OneDrive Standalone Update Task-S-1-5-21-913095808-1976597276-3100954228-1001 定義中找到設定錯誤。其他資料: 錯誤值: %localappdata%\\Microsoft\\OneDrive\\OneDriveStandaloneUpdater.exe。"
        }
      },
      {
        "_index" : "ids-2018-172.31.64.54",
        "_id" : "E_geiY4B6U4O_9c5R40t",
        "_score" : 0.0,
        "_source" : {
          "agent" : {
            "name" : "CHPIYR2",
            "id" : "60d66234-2dc5-408a-9a6e-a0a6278a7ae3",
            "type" : "winlogbeat",
            "ephemeral_id" : "cbc62cd6-a758-4639-8eeb-85bf53ffa004",
            "version" : "8.11.3"
          },
          "@timestamp" : "2018-01-13T21:04:12.454Z",
          "winlog" : {
            "computer_name" : "DESKTOP-AN3U28N",
            "record_id" : 448,
            "process" : {
              "pid" : 556,
              "thread" : {
                "id" : 560
              }
            },
            "task" : "None",
            "event_id" : "7026",
            "keywords" : [
              "傳統"
            ],
            "provider_guid" : "{555908d1-a6d7-4695-8e1e-26931d2012f4}",
            "channel" : "System",
            "event_data" : {
              "param1" : "\ncdrom\ndam"
            },
            "api" : "wineventlog",
            "provider_name" : "Service Control Manager",
            "opcode" : "Info"
          },
          "ecs" : {
            "version" : "8.0.0"
          },
          "log" : {
            "file" : {
              "path" : "D:\\AIXSOAR\\IDS_2018\\logs_2018-02-16\\DESKTOP-AN3U28N-172.31.64.54.evtx"
            },
            "level" : "資訊"
          },
          "host" : {
            "os" : {
              "type" : "windows",
              "family" : "windows"
            },
            "name" : "DESKTOP-AN3U28N"
          },
          "message" : "下列開機啟動或系統啟動驅動程式未載入: \ncdrom\ndam",
          "event" : {
            "ingested" : "2024-03-29T07:30:46.700997338Z",
            "code" : "7026",
            "provider" : "Service Control Manager",
            "kind" : "event",
            "created" : "2024-03-29T07:30:10.814Z",
            "action" : "None"
          }
        }
      },
      {
        "_index" : "ids-2018-172.31.64.54",
        "_id" : "FPgeiY4B6U4O_9c5R40t",
        "_score" : 0.0,
        "_source" : {
          "agent" : {
            "name" : "CHPIYR2",
            "id" : "60d66234-2dc5-408a-9a6e-a0a6278a7ae3",
            "type" : "winlogbeat",
            "ephemeral_id" : "cbc62cd6-a758-4639-8eeb-85bf53ffa004",
            "version" : "8.11.3"
          },
          "@timestamp" : "2018-01-13T21:04:15.227Z",
          "winlog" : {
            "computer_name" : "DESKTOP-AN3U28N",
            "record_id" : 449,
            "process" : {
              "pid" : 2000,
              "thread" : {
                "id" : 2044
              }
            },
            "event_id" : "20003",
            "task" : "PnP_PlugPlay_DeviceInstall",
            "provider_guid" : "{96f4a050-7e31-453c-88be-9634f4e02139}",
            "channel" : "System",
            "user_data" : {
              "DriverFileName" : "\\SystemRoot\\system32\\DRIVERS\\serial.sys",
              "UpdateService" : "true",
              "AddServiceStatus" : "0",
              "ServiceName" : "Serial",
              "DeviceInstanceID" : "ACPI\\PNP0501\\1",
              "xml_name" : "AddServiceID",
              "PrimaryService" : "true"
            },
            "api" : "wineventlog",
            "provider_name" : "Microsoft-Windows-UserPnp",
            "opcode" : "資訊",
            "user" : {
              "identifier" : "S-1-5-18",
              "domain" : "NT AUTHORITY",
              "name" : "SYSTEM",
              "type" : "Well Known Group"
            }
          },
          "ecs" : {
            "version" : "8.0.0"
          },
          "log" : {
            "file" : {
              "path" : "D:\\AIXSOAR\\IDS_2018\\logs_2018-02-16\\DESKTOP-AN3U28N-172.31.64.54.evtx"
            },
            "level" : "資訊"
          },
          "host" : {
            "os" : {
              "type" : "windows",
              "family" : "windows"
            },
            "name" : "DESKTOP-AN3U28N"
          },
          "event" : {
            "ingested" : "2024-03-29T07:30:46.701033131Z",
            "code" : "20003",
            "provider" : "Microsoft-Windows-UserPnp",
            "created" : "2024-03-29T07:30:10.814Z",
            "kind" : "event",
            "action" : "PnP_PlugPlay_DeviceInstall"
          },
          "message" : "驅動程式管理已完成新增裝置例項識別碼 ACPI\\PNP0501\\1 之服務 Serial 的程序，狀態如下: 0。"
        }
      },
      {
        "_index" : "ids-2018-172.31.64.54",
        "_id" : "FfgeiY4B6U4O_9c5R40t",
        "_score" : 0.0,
        "_source" : {
          "agent" : {
            "name" : "CHPIYR2",
            "id" : "60d66234-2dc5-408a-9a6e-a0a6278a7ae3",
            "type" : "winlogbeat",
            "ephemeral_id" : "cbc62cd6-a758-4639-8eeb-85bf53ffa004",
            "version" : "8.11.3"
          },
          "@timestamp" : "2018-01-13T21:04:15.232Z",
          "winlog" : {
            "computer_name" : "DESKTOP-AN3U28N",
            "record_id" : 450,
            "process" : {
              "pid" : 2000,
              "thread" : {
                "id" : 2044
              }
            },
            "task" : "PnP_PlugPlay_DeviceInstall",
            "event_id" : "20003",
            "provider_guid" : "{96f4a050-7e31-453c-88be-9634f4e02139}",
            "channel" : "System",
            "api" : "wineventlog",
            "user_data" : {
              "DriverFileName" : "\\SystemRoot\\system32\\DRIVERS\\serenum.sys",
              "UpdateService" : "true",
              "AddServiceStatus" : "0",
              "ServiceName" : "Serenum",
              "DeviceInstanceID" : "ACPI\\PNP0501\\1",
              "xml_name" : "AddServiceID",
              "PrimaryService" : "false"
            },
            "opcode" : "資訊",
            "provider_name" : "Microsoft-Windows-UserPnp",
            "user" : {
              "identifier" : "S-1-5-18",
              "domain" : "NT AUTHORITY",
              "name" : "SYSTEM",
              "type" : "Well Known Group"
            }
          },
          "ecs" : {
            "version" : "8.0.0"
          },
          "log" : {
            "file" : {
              "path" : "D:\\AIXSOAR\\IDS_2018\\logs_2018-02-16\\DESKTOP-AN3U28N-172.31.64.54.evtx"
            },
            "level" : "資訊"
          },
          "host" : {
            "os" : {
              "type" : "windows",
              "family" : "windows"
            },
            "name" : "DESKTOP-AN3U28N"
          },
          "message" : "驅動程式管理已完成新增裝置例項識別碼 ACPI\\PNP0501\\1 之服務 Serenum 的程序，狀態如下: 0。",
          "event" : {
            "ingested" : "2024-03-29T07:30:46.701066583Z",
            "code" : "20003",
            "provider" : "Microsoft-Windows-UserPnp",
            "created" : "2024-03-29T07:30:10.814Z",
            "kind" : "event",
            "action" : "PnP_PlugPlay_DeviceInstall"
          }
        }
      },
      {
        "_index" : "ids-2018-172.31.64.54",
        "_id" : "FvgeiY4B6U4O_9c5R41T",
        "_score" : 0.0,
        "_source" : {
          "agent" : {
            "name" : "CHPIYR2",
            "id" : "60d66234-2dc5-408a-9a6e-a0a6278a7ae3",
            "type" : "winlogbeat",
            "ephemeral_id" : "cbc62cd6-a758-4639-8eeb-85bf53ffa004",
            "version" : "8.11.3"
          },
          "@timestamp" : "2018-01-13T21:04:15.398Z",
          "winlog" : {
            "record_id" : 451,
            "computer_name" : "DESKTOP-AN3U28N",
            "process" : {
              "pid" : 2000,
              "thread" : {
                "id" : 2044
              }
            },
            "task" : "PnP_PlugPlay_DeviceInstall",
            "event_id" : "20001",
            "provider_guid" : "{96f4a050-7e31-453c-88be-9634f4e02139}",
            "channel" : "System",
            "user_data" : {
              "DriverProvider" : "Microsoft",
              "IsDriverOEM" : "false",
              "DriverVersion" : "10.0.10240.16384",
              "RebootOption" : "false",
              "DriverName" : "msports.inf_amd64_db43c0c39a11ad06\\msports.inf",
              "UpgradeDevice" : "true",
              "SetupClass" : "{4d36e978-e325-11ce-bfc1-08002be10318}",
              "InstallStatus" : "0x0",
              "DriverDescription" : "Communications Port",
              "DeviceInstanceID" : "ACPI\\PNP0501\\1",
              "xml_name" : "InstallDeviceID"
            },
            "api" : "wineventlog",
            "opcode" : "資訊",
            "provider_name" : "Microsoft-Windows-UserPnp",
            "user" : {
              "identifier" : "S-1-5-18",
              "domain" : "NT AUTHORITY",
              "name" : "SYSTEM",
              "type" : "Well Known Group"
            }
          },
          "ecs" : {
            "version" : "8.0.0"
          },
          "log" : {
            "file" : {
              "path" : "D:\\AIXSOAR\\IDS_2018\\logs_2018-02-16\\DESKTOP-AN3U28N-172.31.64.54.evtx"
            },
            "level" : "資訊"
          },
          "host" : {
            "os" : {
              "type" : "windows",
              "family" : "windows"
            },
            "name" : "DESKTOP-AN3U28N"
          },
          "event" : {
            "ingested" : "2024-03-29T07:30:46.736238625Z",
            "code" : "20001",
            "provider" : "Microsoft-Windows-UserPnp",
            "created" : "2024-03-29T07:30:10.814Z",
            "kind" : "event",
            "action" : "PnP_PlugPlay_DeviceInstall"
          },
          "message" : "驅動程式管理已完成安裝裝置例項識別碼 ACPI\\PNP0501\\1 之驅動程式 msports.inf_amd64_db43c0c39a11ad06\\msports.inf 的程序，狀態如下: 0x0。"
        }
      },
      {
        "_index" : "ids-2018-172.31.64.54",
        "_id" : "F_geiY4B6U4O_9c5R41T",
        "_score" : 0.0,
        "_source" : {
          "agent" : {
            "name" : "CHPIYR2",
            "id" : "60d66234-2dc5-408a-9a6e-a0a6278a7ae3",
            "type" : "winlogbeat",
            "ephemeral_id" : "cbc62cd6-a758-4639-8eeb-85bf53ffa004",
            "version" : "8.11.3"
          },
          "@timestamp" : "2018-01-13T21:04:15.527Z",
          "winlog" : {
            "computer_name" : "DESKTOP-AN3U28N",
            "record_id" : 452,
            "process" : {
              "pid" : 1372,
              "thread" : {
                "id" : 2100
              }
            },
            "event_id" : "16",
            "task" : "None",
            "provider_guid" : "{a68ca8b7-004f-d7b6-a698-07e2de0f1f5d}",
            "channel" : "System",
            "event_data" : {
              "HiveNameLength" : "45",
              "HiveName" : "\\??\\C:\\Windows\\AppCompat\\Programs\\Amcache.hve",
              "DirtyPages" : "6",
              "KeysUpdated" : "31"
            },
            "api" : "wineventlog",
            "opcode" : "資訊",
            "provider_name" : "Microsoft-Windows-Kernel-General",
            "user" : {
              "identifier" : "S-1-5-18",
              "domain" : "NT AUTHORITY",
              "name" : "SYSTEM",
              "type" : "Well Known Group"
            }
          },
          "ecs" : {
            "version" : "8.0.0"
          },
          "log" : {
            "file" : {
              "path" : "D:\\AIXSOAR\\IDS_2018\\logs_2018-02-16\\DESKTOP-AN3U28N-172.31.64.54.evtx"
            },
            "level" : "資訊"
          },
          "host" : {
            "os" : {
              "type" : "windows",
              "family" : "windows"
            },
            "name" : "DESKTOP-AN3U28N"
          },
          "event" : {
            "ingested" : "2024-03-29T07:30:46.736439402Z",
            "code" : "16",
            "provider" : "Microsoft-Windows-Kernel-General",
            "created" : "2024-03-29T07:30:10.814Z",
            "kind" : "event",
            "action" : "None"
          },
          "message" : "已清除登錄區 \\??\\C:\\Windows\\AppCompat\\Programs\\Amcache.hve 中的存取歷程記錄，更新了 31 個機碼並建立了 6 個修改的頁面。"
        }
      },
      {
        "_index" : "ids-2018-172.31.64.54",
        "_id" : "GPgeiY4B6U4O_9c5R41T",
        "_score" : 0.0,
        "_source" : {
          "agent" : {
            "name" : "CHPIYR2",
            "id" : "60d66234-2dc5-408a-9a6e-a0a6278a7ae3",
            "type" : "winlogbeat",
            "ephemeral_id" : "cbc62cd6-a758-4639-8eeb-85bf53ffa004",
            "version" : "8.11.3"
          },
          "@timestamp" : "2018-01-13T21:04:15.528Z",
          "winlog" : {
            "record_id" : 453,
            "computer_name" : "DESKTOP-AN3U28N",
            "process" : {
              "pid" : 2016,
              "thread" : {
                "id" : 680
              }
            },
            "event_id" : "20003",
            "task" : "PnP_PlugPlay_DeviceInstall",
            "provider_guid" : "{96f4a050-7e31-453c-88be-9634f4e02139}",
            "channel" : "System",
            "user_data" : {
              "DriverFileName" : "\\SystemRoot\\system32\\DRIVERS\\BasicDisplay.sys",
              "AddServiceStatus" : "0",
              "UpdateService" : "true",
              "ServiceName" : "BasicDisplay",
              "DeviceInstanceID" : "PCI\\VEN_1013&DEV_00B8&SUBSYS_00015853&REV_00\\3&267A616A&1&10",
              "xml_name" : "AddServiceID",
              "PrimaryService" : "true"
            },
            "api" : "wineventlog",
            "provider_name" : "Microsoft-Windows-UserPnp",
            "opcode" : "資訊",
            "user" : {
              "identifier" : "S-1-5-18",
              "domain" : "NT AUTHORITY",
              "name" : "SYSTEM",
              "type" : "Well Known Group"
            }
          },
          "ecs" : {
            "version" : "8.0.0"
          },
          "log" : {
            "file" : {
              "path" : "D:\\AIXSOAR\\IDS_2018\\logs_2018-02-16\\DESKTOP-AN3U28N-172.31.64.54.evtx"
            },
            "level" : "資訊"
          },
          "host" : {
            "os" : {
              "type" : "windows",
              "family" : "windows"
            },
            "name" : "DESKTOP-AN3U28N"
          },
          "event" : {
            "ingested" : "2024-03-29T07:30:46.736531936Z",
            "code" : "20003",
            "provider" : "Microsoft-Windows-UserPnp",
            "created" : "2024-03-29T07:30:10.814Z",
            "kind" : "event",
            "action" : "PnP_PlugPlay_DeviceInstall"
          },
          "message" : "驅動程式管理已完成新增裝置例項識別碼 PCI\\VEN_1013&DEV_00B8&SUBSYS_00015853&REV_00\\3&267A616A&1&10 之服務 BasicDisplay 的程序，狀態如下: 0。"
        }
      },
      {
        "_index" : "ids-2018-172.31.64.54",
        "_id" : "GfgeiY4B6U4O_9c5R41T",
        "_score" : 0.0,
        "_source" : {
          "agent" : {
            "name" : "CHPIYR2",
            "id" : "60d66234-2dc5-408a-9a6e-a0a6278a7ae3",
            "ephemeral_id" : "cbc62cd6-a758-4639-8eeb-85bf53ffa004",
            "type" : "winlogbeat",
            "version" : "8.11.3"
          },
          "@timestamp" : "2018-01-13T21:04:15.658Z",
          "winlog" : {
            "record_id" : 454,
            "computer_name" : "DESKTOP-AN3U28N",
            "process" : {
              "pid" : 2016,
              "thread" : {
                "id" : 680
              }
            },
            "task" : "PnP_PlugPlay_DeviceInstall",
            "event_id" : "20001",
            "provider_guid" : "{96f4a050-7e31-453c-88be-9634f4e02139}",
            "channel" : "System",
            "api" : "wineventlog",
            "user_data" : {
              "DriverProvider" : "Microsoft",
              "IsDriverOEM" : "false",
              "DriverVersion" : "10.0.10240.16384",
              "RebootOption" : "false",
              "DriverName" : "display.inf_amd64_54c15e45dc857c30\\display.inf",
              "UpgradeDevice" : "false",
              "SetupClass" : "{4d36e968-e325-11ce-bfc1-08002be10318}",
              "InstallStatus" : "0x0",
              "DeviceInstanceID" : "PCI\\VEN_1013&DEV_00B8&SUBSYS_00015853&REV_00\\3&267A616A&1&10",
              "DriverDescription" : "Microsoft Basic Display Adapter",
              "xml_name" : "InstallDeviceID"
            },
            "opcode" : "資訊",
            "provider_name" : "Microsoft-Windows-UserPnp",
            "user" : {
              "identifier" : "S-1-5-18",
              "domain" : "NT AUTHORITY",
              "name" : "SYSTEM",
              "type" : "Well Known Group"
            }
          },
          "ecs" : {
            "version" : "8.0.0"
          },
          "log" : {
            "file" : {
              "path" : "D:\\AIXSOAR\\IDS_2018\\logs_2018-02-16\\DESKTOP-AN3U28N-172.31.64.54.evtx"
            },
            "level" : "資訊"
          },
          "host" : {
            "os" : {
              "type" : "windows",
              "family" : "windows"
            },
            "name" : "DESKTOP-AN3U28N"
          },
          "message" : "驅動程式管理已完成安裝裝置例項識別碼 PCI\\VEN_1013&DEV_00B8&SUBSYS_00015853&REV_00\\3&267A616A&1&10 之驅動程式 display.inf_amd64_54c15e45dc857c30\\display.inf 的程序，狀態如下: 0x0。",
          "event" : {
            "ingested" : "2024-03-29T07:30:46.736618009Z",
            "code" : "20001",
            "provider" : "Microsoft-Windows-UserPnp",
            "kind" : "event",
            "created" : "2024-03-29T07:30:10.814Z",
            "action" : "PnP_PlugPlay_DeviceInstall"
          }
        }
      },
      {
        "_index" : "ids-2018-172.31.64.54",
        "_id" : "GvgeiY4B6U4O_9c5R41T",
        "_score" : 0.0,
        "_source" : {
          "agent" : {
            "name" : "CHPIYR2",
            "id" : "60d66234-2dc5-408a-9a6e-a0a6278a7ae3",
            "type" : "winlogbeat",
            "ephemeral_id" : "cbc62cd6-a758-4639-8eeb-85bf53ffa004",
            "version" : "8.11.3"
          },
          "@timestamp" : "2018-01-13T21:04:18.486Z",
          "winlog" : {
            "computer_name" : "DESKTOP-AN3U28N",
            "process" : {
              "pid" : 556,
              "thread" : {
                "id" : 988
              }
            },
            "keywords" : [
              "傳統"
            ],
            "channel" : "System",
            "event_data" : {
              "param3" : "auto start",
              "param4" : "WdNisDrv",
              "param1" : "Windows Defender Network Inspection System Driver",
              "param2" : "demand start"
            },
            "opcode" : "Info",
            "record_id" : 455,
            "task" : "None",
            "event_id" : "7040",
            "provider_guid" : "{555908d1-a6d7-4695-8e1e-26931d2012f4}",
            "api" : "wineventlog",
            "provider_name" : "Service Control Manager",
            "user" : {
              "identifier" : "S-1-5-18",
              "domain" : "NT AUTHORITY",
              "name" : "SYSTEM",
              "type" : "Well Known Group"
            }
          },
          "ecs" : {
            "version" : "8.0.0"
          },
          "log" : {
            "file" : {
              "path" : "D:\\AIXSOAR\\IDS_2018\\logs_2018-02-16\\DESKTOP-AN3U28N-172.31.64.54.evtx"
            },
            "level" : "資訊"
          },
          "host" : {
            "os" : {
              "type" : "windows",
              "family" : "windows"
            },
            "name" : "DESKTOP-AN3U28N"
          },
          "event" : {
            "ingested" : "2024-03-29T07:30:46.736701800Z",
            "code" : "7040",
            "provider" : "Service Control Manager",
            "created" : "2024-03-29T07:30:10.814Z",
            "kind" : "event",
            "action" : "None"
          },
          "message" : "Windows Defender Network Inspection System Driver 服務的啟動類型已從 demand start 變更為 auto start。"
        }
      },
      {
        "_index" : "ids-2018-172.31.64.54",
        "_id" : "G_geiY4B6U4O_9c5R41T",
        "_score" : 0.0,
        "_source" : {
          "agent" : {
            "name" : "CHPIYR2",
            "id" : "60d66234-2dc5-408a-9a6e-a0a6278a7ae3",
            "type" : "winlogbeat",
            "ephemeral_id" : "cbc62cd6-a758-4639-8eeb-85bf53ffa004",
            "version" : "8.11.3"
          },
          "@timestamp" : "2018-01-13T21:04:42.798Z",
          "winlog" : {
            "computer_name" : "DESKTOP-AN3U28N",
            "process" : {
              "pid" : 556,
              "thread" : {
                "id" : 872
              }
            },
            "keywords" : [
              "傳統"
            ],
            "channel" : "System",
            "event_data" : {
              "ServiceName" : "Ec2Config",
              "ServiceType" : "user mode service",
              "ImagePath" : "\"C:\\Program Files\\Amazon\\Ec2ConfigService\\Ec2Config.exe\"",
              "StartType" : "auto start",
              "AccountName" : "LocalSystem"
            },
            "opcode" : "Info",
            "record_id" : 456,
            "task" : "None",
            "event_id" : "7045",
            "provider_guid" : "{555908d1-a6d7-4695-8e1e-26931d2012f4}",
            "api" : "wineventlog",
            "provider_name" : "Service Control Manager",
            "user" : {
              "identifier" : "S-1-5-18",
              "domain" : "NT AUTHORITY",
              "name" : "SYSTEM",
              "type" : "Well Known Group"
            }
          },
          "ecs" : {
            "version" : "8.0.0"
          },
          "log" : {
            "file" : {
              "path" : "D:\\AIXSOAR\\IDS_2018\\logs_2018-02-16\\DESKTOP-AN3U28N-172.31.64.54.evtx"
            },
            "level" : "資訊"
          },
          "host" : {
            "os" : {
              "type" : "windows",
              "family" : "windows"
            },
            "name" : "DESKTOP-AN3U28N"
          },
          "event" : {
            "ingested" : "2024-03-29T07:30:46.736782827Z",
            "code" : "7045",
            "provider" : "Service Control Manager",
            "created" : "2024-03-29T07:30:10.814Z",
            "kind" : "event",
            "action" : "None"
          },
          "message" : "服務已經安裝在系統中。\n\n服務名稱:  Ec2Config\n服務檔案名稱:  \"C:\\Program Files\\Amazon\\Ec2ConfigService\\Ec2Config.exe\"\n服務類型:  user mode service\n服務啟動類型:  auto start\n服務帳戶:  LocalSystem"
        }
      },
      {
        "_index" : "ids-2018-172.31.64.54",
        "_id" : "HPgeiY4B6U4O_9c5R41T",
        "_score" : 0.0,
        "_source" : {
          "agent" : {
            "name" : "CHPIYR2",
            "id" : "60d66234-2dc5-408a-9a6e-a0a6278a7ae3",
            "type" : "winlogbeat",
            "ephemeral_id" : "cbc62cd6-a758-4639-8eeb-85bf53ffa004",
            "version" : "8.11.3"
          },
          "@timestamp" : "2018-01-13T21:04:52.704Z",
          "winlog" : {
            "computer_name" : "DESKTOP-AN3U28N",
            "process" : {
              "pid" : 556,
              "thread" : {
                "id" : 872
              }
            },
            "keywords" : [
              "傳統"
            ],
            "channel" : "System",
            "event_data" : {
              "ServiceName" : "Amazon SSM Agent",
              "ServiceType" : "user mode service",
              "ImagePath" : "\"C:\\Program Files\\Amazon\\SSM\\amazon-ssm-agent.exe\"",
              "StartType" : "auto start",
              "AccountName" : "LocalSystem"
            },
            "opcode" : "Info",
            "record_id" : 457,
            "event_id" : "7045",
            "task" : "None",
            "provider_guid" : "{555908d1-a6d7-4695-8e1e-26931d2012f4}",
            "api" : "wineventlog",
            "provider_name" : "Service Control Manager",
            "user" : {
              "identifier" : "S-1-5-18",
              "domain" : "NT AUTHORITY",
              "name" : "SYSTEM",
              "type" : "Well Known Group"
            }
          },
          "ecs" : {
            "version" : "8.0.0"
          },
          "log" : {
            "file" : {
              "path" : "D:\\AIXSOAR\\IDS_2018\\logs_2018-02-16\\DESKTOP-AN3U28N-172.31.64.54.evtx"
            },
            "level" : "資訊"
          },
          "host" : {
            "os" : {
              "type" : "windows",
              "family" : "windows"
            },
            "name" : "DESKTOP-AN3U28N"
          },
          "event" : {
            "ingested" : "2024-03-29T07:30:46.736912894Z",
            "code" : "7045",
            "provider" : "Service Control Manager",
            "kind" : "event",
            "created" : "2024-03-29T07:30:10.814Z",
            "action" : "None"
          },
          "message" : "服務已經安裝在系統中。\n\n服務名稱:  Amazon SSM Agent\n服務檔案名稱:  \"C:\\Program Files\\Amazon\\SSM\\amazon-ssm-agent.exe\"\n服務類型:  user mode service\n服務啟動類型:  auto start\n服務帳戶:  LocalSystem"
        }
      },
      {
        "_index" : "ids-2018-172.31.64.54",
        "_id" : "HfgeiY4B6U4O_9c5R41T",
        "_score" : 0.0,
        "_source" : {
          "agent" : {
            "name" : "CHPIYR2",
            "id" : "60d66234-2dc5-408a-9a6e-a0a6278a7ae3",
            "type" : "winlogbeat",
            "ephemeral_id" : "cbc62cd6-a758-4639-8eeb-85bf53ffa004",
            "version" : "8.11.3"
          },
          "@timestamp" : "2018-01-13T21:05:19.267Z",
          "winlog" : {
            "computer_name" : "DESKTOP-AN3U28N",
            "process" : {
              "pid" : 556,
              "thread" : {
                "id" : 872
              }
            },
            "keywords" : [
              "傳統"
            ],
            "channel" : "System",
            "event_data" : {
              "param3" : "disabled",
              "param4" : "Ec2Config",
              "param1" : "Ec2Config",
              "param2" : "auto start"
            },
            "opcode" : "Info",
            "record_id" : 458,
            "event_id" : "7040",
            "task" : "None",
            "provider_guid" : "{555908d1-a6d7-4695-8e1e-26931d2012f4}",
            "api" : "wineventlog",
            "provider_name" : "Service Control Manager",
            "user" : {
              "identifier" : "S-1-5-18",
              "domain" : "NT AUTHORITY",
              "name" : "SYSTEM",
              "type" : "Well Known Group"
            }
          },
          "ecs" : {
            "version" : "8.0.0"
          },
          "log" : {
            "file" : {
              "path" : "D:\\AIXSOAR\\IDS_2018\\logs_2018-02-16\\DESKTOP-AN3U28N-172.31.64.54.evtx"
            },
            "level" : "資訊"
          },
          "host" : {
            "os" : {
              "type" : "windows",
              "family" : "windows"
            },
            "name" : "DESKTOP-AN3U28N"
          },
          "message" : "Ec2Config 服務的啟動類型已從 auto start 變更為 disabled。",
          "event" : {
            "ingested" : "2024-03-29T07:30:46.736995497Z",
            "code" : "7040",
            "provider" : "Service Control Manager",
            "created" : "2024-03-29T07:30:10.814Z",
            "kind" : "event",
            "action" : "None"
          }
        }
      },
      {
        "_index" : "ids-2018-172.31.64.54",
        "_id" : "HvgeiY4B6U4O_9c5R41T",
        "_score" : 0.0,
        "_source" : {
          "agent" : {
            "name" : "CHPIYR2",
            "id" : "60d66234-2dc5-408a-9a6e-a0a6278a7ae3",
            "ephemeral_id" : "cbc62cd6-a758-4639-8eeb-85bf53ffa004",
            "type" : "winlogbeat",
            "version" : "8.11.3"
          },
          "@timestamp" : "2018-01-13T21:05:33.642Z",
          "winlog" : {
            "computer_name" : "DESKTOP-AN3U28N",
            "process" : {
              "pid" : 556,
              "thread" : {
                "id" : 872
              }
            },
            "keywords" : [
              "傳統"
            ],
            "channel" : "System",
            "event_data" : {
              "ServiceName" : "AWS PV Bus",
              "ServiceType" : "kernel mode driver",
              "ImagePath" : "System32\\drivers\\xenbus.sys",
              "StartType" : "boot start"
            },
            "opcode" : "Info",
            "record_id" : 459,
            "event_id" : "7045",
            "task" : "None",
            "provider_guid" : "{555908d1-a6d7-4695-8e1e-26931d2012f4}",
            "api" : "wineventlog",
            "provider_name" : "Service Control Manager",
            "user" : {
              "identifier" : "S-1-5-18",
              "domain" : "NT AUTHORITY",
              "name" : "SYSTEM",
              "type" : "Well Known Group"
            }
          },
          "ecs" : {
            "version" : "8.0.0"
          },
          "log" : {
            "file" : {
              "path" : "D:\\AIXSOAR\\IDS_2018\\logs_2018-02-16\\DESKTOP-AN3U28N-172.31.64.54.evtx"
            },
            "level" : "資訊"
          },
          "host" : {
            "os" : {
              "type" : "windows",
              "family" : "windows"
            },
            "name" : "DESKTOP-AN3U28N"
          },
          "message" : "服務已經安裝在系統中。\n\n服務名稱:  AWS PV Bus\n服務檔案名稱:  System32\\drivers\\xenbus.sys\n服務類型:  kernel mode driver\n服務啟動類型:  boot start\n服務帳戶:  ",
          "event" : {
            "ingested" : "2024-03-29T07:30:46.737067100Z",
            "code" : "7045",
            "provider" : "Service Control Manager",
            "created" : "2024-03-29T07:30:10.814Z",
            "kind" : "event",
            "action" : "None"
          }
        }
      },
      {
        "_index" : "ids-2018-172.31.64.54",
        "_id" : "H_geiY4B6U4O_9c5R41T",
        "_score" : 0.0,
        "_source" : {
          "agent" : {
            "name" : "CHPIYR2",
            "id" : "60d66234-2dc5-408a-9a6e-a0a6278a7ae3",
            "type" : "winlogbeat",
            "ephemeral_id" : "cbc62cd6-a758-4639-8eeb-85bf53ffa004",
            "version" : "8.11.3"
          },
          "@timestamp" : "2018-01-13T21:05:33.658Z",
          "winlog" : {
            "computer_name" : "DESKTOP-AN3U28N",
            "process" : {
              "pid" : 556,
              "thread" : {
                "id" : 872
              }
            },
            "keywords" : [
              "傳統"
            ],
            "channel" : "System",
            "event_data" : {
              "ServiceName" : "AWS Bus Filter",
              "ServiceType" : "kernel mode driver",
              "ImagePath" : "System32\\drivers\\xenfilt.sys",
              "StartType" : "boot start"
            },
            "opcode" : "Info",
            "record_id" : 460,
            "task" : "None",
            "event_id" : "7045",
            "provider_guid" : "{555908d1-a6d7-4695-8e1e-26931d2012f4}",
            "api" : "wineventlog",
            "provider_name" : "Service Control Manager",
            "user" : {
              "identifier" : "S-1-5-18",
              "domain" : "NT AUTHORITY",
              "name" : "SYSTEM",
              "type" : "Well Known Group"
            }
          },
          "ecs" : {
            "version" : "8.0.0"
          },
          "log" : {
            "file" : {
              "path" : "D:\\AIXSOAR\\IDS_2018\\logs_2018-02-16\\DESKTOP-AN3U28N-172.31.64.54.evtx"
            },
            "level" : "資訊"
          },
          "host" : {
            "os" : {
              "type" : "windows",
              "family" : "windows"
            },
            "name" : "DESKTOP-AN3U28N"
          },
          "event" : {
            "ingested" : "2024-03-29T07:30:46.737136650Z",
            "code" : "7045",
            "provider" : "Service Control Manager",
            "kind" : "event",
            "created" : "2024-03-29T07:30:10.814Z",
            "action" : "None"
          },
          "message" : "服務已經安裝在系統中。\n\n服務名稱:  AWS Bus Filter\n服務檔案名稱:  System32\\drivers\\xenfilt.sys\n服務類型:  kernel mode driver\n服務啟動類型:  boot start\n服務帳戶:  "
        }
      },
      {
        "_index" : "ids-2018-172.31.64.54",
        "_id" : "IPgeiY4B6U4O_9c5R41T",
        "_score" : 0.0,
        "_source" : {
          "agent" : {
            "name" : "CHPIYR2",
            "id" : "60d66234-2dc5-408a-9a6e-a0a6278a7ae3",
            "type" : "winlogbeat",
            "ephemeral_id" : "cbc62cd6-a758-4639-8eeb-85bf53ffa004",
            "version" : "8.11.3"
          },
          "@timestamp" : "2018-01-13T21:05:33.788Z",
          "winlog" : {
            "record_id" : 461,
            "computer_name" : "DESKTOP-AN3U28N",
            "process" : {
              "pid" : 3216,
              "thread" : {
                "id" : 668
              }
            },
            "task" : "PnP_PlugPlay_DeviceInstall",
            "event_id" : "20001",
            "provider_guid" : "{96f4a050-7e31-453c-88be-9634f4e02139}",
            "channel" : "System",
            "user_data" : {
              "DriverProvider" : "Amazon Inc.",
              "IsDriverOEM" : "true",
              "DriverVersion" : "7.4.6.0",
              "RebootOption" : "false",
              "UpgradeDevice" : "false",
              "DriverName" : "xenbus.inf_amd64_2c7e695c8c270238\\xenbus.inf",
              "SetupClass" : "{4d36e97d-e325-11ce-bfc1-08002be10318}",
              "InstallStatus" : "0x0",
              "DeviceInstanceID" : "PCI\\VEN_5853&DEV_0001&SUBSYS_00015853&REV_01\\3&267A616A&1&18",
              "DriverDescription" : "AWS PV Bus",
              "xml_name" : "InstallDeviceID"
            },
            "api" : "wineventlog",
            "opcode" : "資訊",
            "provider_name" : "Microsoft-Windows-UserPnp",
            "user" : {
              "identifier" : "S-1-5-18",
              "domain" : "NT AUTHORITY",
              "name" : "SYSTEM",
              "type" : "Well Known Group"
            }
          },
          "ecs" : {
            "version" : "8.0.0"
          },
          "log" : {
            "file" : {
              "path" : "D:\\AIXSOAR\\IDS_2018\\logs_2018-02-16\\DESKTOP-AN3U28N-172.31.64.54.evtx"
            },
            "level" : "資訊"
          },
          "host" : {
            "os" : {
              "type" : "windows",
              "family" : "windows"
            },
            "name" : "DESKTOP-AN3U28N"
          },
          "event" : {
            "ingested" : "2024-03-29T07:30:46.737207637Z",
            "code" : "20001",
            "provider" : "Microsoft-Windows-UserPnp",
            "created" : "2024-03-29T07:30:10.814Z",
            "kind" : "event",
            "action" : "PnP_PlugPlay_DeviceInstall"
          },
          "message" : "驅動程式管理已完成安裝裝置例項識別碼 PCI\\VEN_5853&DEV_0001&SUBSYS_00015853&REV_01\\3&267A616A&1&18 之驅動程式 xenbus.inf_amd64_2c7e695c8c270238\\xenbus.inf 的程序，狀態如下: 0x0。"
        }
      },
