      {
        "_index" : "ids-2018-172.31.64.54",
        "_id" : "IfgeiY4B6U4O_9c5R41T",
        "_score" : 0.0,
        "_source" : {
          "agent" : {
            "name" : "CHPIYR2",
            "id" : "60d66234-2dc5-408a-9a6e-a0a6278a7ae3",
            "type" : "winlogbeat",
            "ephemeral_id" : "cbc62cd6-a758-4639-8eeb-85bf53ffa004",
            "version" : "8.11.3"
          },
          "@timestamp" : "2018-01-13T21:05:33.908Z",
          "winlog" : {
            "computer_name" : "DESKTOP-AN3U28N",
            "process" : {
              "pid" : 556,
              "thread" : {
                "id" : 640
              }
            },
            "keywords" : [
              "傳統"
            ],
            "channel" : "System",
            "event_data" : {
              "ServiceName" : "AWS PV Storage Host Adapter",
              "ServiceType" : "kernel mode driver",
              "ImagePath" : "System32\\drivers\\xenvbd.sys",
              "StartType" : "boot start"
            },
            "opcode" : "Info",
            "record_id" : 462,
            "event_id" : "7045",
            "task" : "None",
            "provider_guid" : "{555908d1-a6d7-4695-8e1e-26931d2012f4}",
            "api" : "wineventlog",
            "provider_name" : "Service Control Manager",
            "user" : {
              "identifier" : "S-1-5-18",
              "domain" : "NT AUTHORITY",
              "name" : "SYSTEM",
              "type" : "Well Known Group"
            }
          },
          "ecs" : {
            "version" : "8.0.0"
          },
          "log" : {
            "file" : {
              "path" : "D:\\AIXSOAR\\IDS_2018\\logs_2018-02-16\\DESKTOP-AN3U28N-172.31.64.54.evtx"
            },
            "level" : "資訊"
          },
          "host" : {
            "os" : {
              "type" : "windows",
              "family" : "windows"
            },
            "name" : "DESKTOP-AN3U28N"
          },
          "event" : {
            "ingested" : "2024-03-29T07:30:46.737277604Z",
            "code" : "7045",
            "provider" : "Service Control Manager",
            "kind" : "event",
            "created" : "2024-03-29T07:30:10.814Z",
            "action" : "None"
          },
          "message" : "服務已經安裝在系統中。\n\n服務名稱:  AWS PV Storage Host Adapter\n服務檔案名稱:  System32\\drivers\\xenvbd.sys\n服務類型:  kernel mode driver\n服務啟動類型:  boot start\n服務帳戶:  "
        }
      },
      {
        "_index" : "ids-2018-172.31.64.54",
        "_id" : "IvgeiY4B6U4O_9c5R41T",
        "_score" : 0.0,
        "_source" : {
          "agent" : {
            "name" : "CHPIYR2",
            "id" : "60d66234-2dc5-408a-9a6e-a0a6278a7ae3",
            "type" : "winlogbeat",
            "ephemeral_id" : "cbc62cd6-a758-4639-8eeb-85bf53ffa004",
            "version" : "8.11.3"
          },
          "@timestamp" : "2018-01-13T21:05:33.908Z",
          "winlog" : {
            "computer_name" : "DESKTOP-AN3U28N",
            "process" : {
              "pid" : 556,
              "thread" : {
                "id" : 640
              }
            },
            "keywords" : [
              "傳統"
            ],
            "channel" : "System",
            "event_data" : {
              "ServiceName" : "AWS PV Storage Filter",
              "ServiceType" : "kernel mode driver",
              "ImagePath" : "System32\\drivers\\xendisk.sys",
              "StartType" : "boot start"
            },
            "opcode" : "Info",
            "record_id" : 463,
            "task" : "None",
            "event_id" : "7045",
            "provider_guid" : "{555908d1-a6d7-4695-8e1e-26931d2012f4}",
            "api" : "wineventlog",
            "provider_name" : "Service Control Manager",
            "user" : {
              "identifier" : "S-1-5-18",
              "domain" : "NT AUTHORITY",
              "name" : "SYSTEM",
              "type" : "Well Known Group"
            }
          },
          "ecs" : {
            "version" : "8.0.0"
          },
          "log" : {
            "file" : {
              "path" : "D:\\AIXSOAR\\IDS_2018\\logs_2018-02-16\\DESKTOP-AN3U28N-172.31.64.54.evtx"
            },
            "level" : "資訊"
          },
          "host" : {
            "os" : {
              "type" : "windows",
              "family" : "windows"
            },
            "name" : "DESKTOP-AN3U28N"
          },
          "message" : "服務已經安裝在系統中。\n\n服務名稱:  AWS PV Storage Filter\n服務檔案名稱:  System32\\drivers\\xendisk.sys\n服務類型:  kernel mode driver\n服務啟動類型:  boot start\n服務帳戶:  ",
          "event" : {
            "ingested" : "2024-03-29T07:30:46.737344426Z",
            "code" : "7045",
            "provider" : "Service Control Manager",
            "created" : "2024-03-29T07:30:10.814Z",
            "kind" : "event",
            "action" : "None"
          }
        }
      },
      {
        "_index" : "ids-2018-172.31.64.54",
        "_id" : "I_geiY4B6U4O_9c5R41T",
        "_score" : 0.0,
        "_source" : {
          "agent" : {
            "name" : "CHPIYR2",
            "id" : "60d66234-2dc5-408a-9a6e-a0a6278a7ae3",
            "type" : "winlogbeat",
            "ephemeral_id" : "cbc62cd6-a758-4639-8eeb-85bf53ffa004",
            "version" : "8.11.3"
          },
          "@timestamp" : "2018-01-13T21:05:35.209Z",
          "winlog" : {
            "record_id" : 464,
            "computer_name" : "DESKTOP-AN3U28N",
            "process" : {
              "pid" : 984,
              "thread" : {
                "id" : 760
              }
            },
            "event_id" : "20001",
            "task" : "PnP_PlugPlay_DeviceInstall",
            "provider_guid" : "{96f4a050-7e31-453c-88be-9634f4e02139}",
            "channel" : "System",
            "api" : "wineventlog",
            "user_data" : {
              "DriverProvider" : "Amazon Inc.",
              "IsDriverOEM" : "true",
              "DriverVersion" : "7.4.6.5",
              "RebootOption" : "false",
              "DriverName" : "xenvbd.inf_amd64_8c9c41f48b7063e5\\xenvbd.inf",
              "UpgradeDevice" : "false",
              "SetupClass" : "{4d36e97b-e325-11ce-bfc1-08002be10318}",
              "InstallStatus" : "0x0",
              "DeviceInstanceID" : "XENBUS\\VEN_XS0001&DEV_VBD&REV_00000001\\_",
              "DriverDescription" : "AWS PV Storage Host Adapter",
              "xml_name" : "InstallDeviceID"
            },
            "provider_name" : "Microsoft-Windows-UserPnp",
            "opcode" : "資訊",
            "user" : {
              "identifier" : "S-1-5-18",
              "domain" : "NT AUTHORITY",
              "name" : "SYSTEM",
              "type" : "Well Known Group"
            }
          },
          "ecs" : {
            "version" : "8.0.0"
          },
          "log" : {
            "file" : {
              "path" : "D:\\AIXSOAR\\IDS_2018\\logs_2018-02-16\\DESKTOP-AN3U28N-172.31.64.54.evtx"
            },
            "level" : "資訊"
          },
          "host" : {
            "os" : {
              "type" : "windows",
              "family" : "windows"
            },
            "name" : "DESKTOP-AN3U28N"
          },
          "message" : "驅動程式管理已完成安裝裝置例項識別碼 XENBUS\\VEN_XS0001&DEV_VBD&REV_00000001\\_ 之驅動程式 xenvbd.inf_amd64_8c9c41f48b7063e5\\xenvbd.inf 的程序，狀態如下: 0x0。",
          "event" : {
            "ingested" : "2024-03-29T07:30:46.737411338Z",
            "code" : "20001",
            "provider" : "Microsoft-Windows-UserPnp",
            "created" : "2024-03-29T07:30:10.814Z",
            "kind" : "event",
            "action" : "PnP_PlugPlay_DeviceInstall"
          }
        }
      },
      {
        "_index" : "ids-2018-172.31.64.54",
        "_id" : "JPgeiY4B6U4O_9c5R41T",
        "_score" : 0.0,
        "_source" : {
          "agent" : {
            "name" : "CHPIYR2",
            "id" : "60d66234-2dc5-408a-9a6e-a0a6278a7ae3",
            "ephemeral_id" : "cbc62cd6-a758-4639-8eeb-85bf53ffa004",
            "type" : "winlogbeat",
            "version" : "8.11.3"
          },
          "@timestamp" : "2018-01-13T21:05:35.376Z",
          "winlog" : {
            "computer_name" : "DESKTOP-AN3U28N",
            "process" : {
              "pid" : 556,
              "thread" : {
                "id" : 640
              }
            },
            "keywords" : [
              "傳統"
            ],
            "channel" : "System",
            "event_data" : {
              "ServiceName" : "xenvif",
              "ServiceType" : "kernel mode driver",
              "ImagePath" : "\\SystemRoot\\System32\\drivers\\xenvif.sys",
              "StartType" : "demand start"
            },
            "opcode" : "Info",
            "record_id" : 465,
            "event_id" : "7045",
            "task" : "None",
            "provider_guid" : "{555908d1-a6d7-4695-8e1e-26931d2012f4}",
            "api" : "wineventlog",
            "provider_name" : "Service Control Manager",
            "user" : {
              "identifier" : "S-1-5-18",
              "domain" : "NT AUTHORITY",
              "name" : "SYSTEM",
              "type" : "Well Known Group"
            }
          },
          "ecs" : {
            "version" : "8.0.0"
          },
          "log" : {
            "file" : {
              "path" : "D:\\AIXSOAR\\IDS_2018\\logs_2018-02-16\\DESKTOP-AN3U28N-172.31.64.54.evtx"
            },
            "level" : "資訊"
          },
          "host" : {
            "os" : {
              "type" : "windows",
              "family" : "windows"
            },
            "name" : "DESKTOP-AN3U28N"
          },
          "event" : {
            "ingested" : "2024-03-29T07:30:46.737479220Z",
            "code" : "7045",
            "provider" : "Service Control Manager",
            "created" : "2024-03-29T07:30:10.814Z",
            "kind" : "event",
            "action" : "None"
          },
          "message" : "服務已經安裝在系統中。\n\n服務名稱:  xenvif\n服務檔案名稱:  \\SystemRoot\\System32\\drivers\\xenvif.sys\n服務類型:  kernel mode driver\n服務啟動類型:  demand start\n服務帳戶:  "
        }
      },
      {
        "_index" : "ids-2018-172.31.64.54",
        "_id" : "JfgeiY4B6U4O_9c5R41T",
        "_score" : 0.0,
        "_source" : {
          "agent" : {
            "name" : "CHPIYR2",
            "id" : "60d66234-2dc5-408a-9a6e-a0a6278a7ae3",
            "type" : "winlogbeat",
            "ephemeral_id" : "cbc62cd6-a758-4639-8eeb-85bf53ffa004",
            "version" : "8.11.3"
          },
          "@timestamp" : "2018-01-13T21:05:35.672Z",
          "winlog" : {
            "computer_name" : "DESKTOP-AN3U28N",
            "record_id" : 466,
            "process" : {
              "pid" : 1040,
              "thread" : {
                "id" : 1856
              }
            },
            "event_id" : "20001",
            "task" : "PnP_PlugPlay_DeviceInstall",
            "provider_guid" : "{96f4a050-7e31-453c-88be-9634f4e02139}",
            "channel" : "System",
            "user_data" : {
              "DriverProvider" : "Amazon Inc.",
              "IsDriverOEM" : "true",
              "DriverVersion" : "7.4.6.0",
              "RebootOption" : "false",
              "DriverName" : "xenvif.inf_amd64_d3756884c2205a3e\\xenvif.inf",
              "UpgradeDevice" : "false",
              "SetupClass" : "{4d36e97d-e325-11ce-bfc1-08002be10318}",
              "InstallStatus" : "0x0",
              "DeviceInstanceID" : "XENBUS\\VEN_XS0001&DEV_VIF&REV_00000001\\_",
              "DriverDescription" : "AWS PV Network Class",
              "xml_name" : "InstallDeviceID"
            },
            "api" : "wineventlog",
            "provider_name" : "Microsoft-Windows-UserPnp",
            "opcode" : "資訊",
            "user" : {
              "identifier" : "S-1-5-18",
              "domain" : "NT AUTHORITY",
              "name" : "SYSTEM",
              "type" : "Well Known Group"
            }
          },
          "ecs" : {
            "version" : "8.0.0"
          },
          "log" : {
            "file" : {
              "path" : "D:\\AIXSOAR\\IDS_2018\\logs_2018-02-16\\DESKTOP-AN3U28N-172.31.64.54.evtx"
            },
            "level" : "資訊"
          },
          "host" : {
            "os" : {
              "type" : "windows",
              "family" : "windows"
            },
            "name" : "DESKTOP-AN3U28N"
          },
          "message" : "驅動程式管理已完成安裝裝置例項識別碼 XENBUS\\VEN_XS0001&DEV_VIF&REV_00000001\\_ 之驅動程式 xenvif.inf_amd64_d3756884c2205a3e\\xenvif.inf 的程序，狀態如下: 0x0。",
          "event" : {
            "ingested" : "2024-03-29T07:30:46.737545959Z",
            "code" : "20001",
            "provider" : "Microsoft-Windows-UserPnp",
            "created" : "2024-03-29T07:30:10.814Z",
            "kind" : "event",
            "action" : "PnP_PlugPlay_DeviceInstall"
          }
        }
      },
      {
        "_index" : "ids-2018-172.31.64.54",
        "_id" : "JvgeiY4B6U4O_9c5R41T",
        "_score" : 0.0,
        "_source" : {
          "agent" : {
            "name" : "CHPIYR2",
            "id" : "60d66234-2dc5-408a-9a6e-a0a6278a7ae3",
            "ephemeral_id" : "cbc62cd6-a758-4639-8eeb-85bf53ffa004",
            "type" : "winlogbeat",
            "version" : "8.11.3"
          },
          "@timestamp" : "2018-01-13T21:05:35.751Z",
          "winlog" : {
            "computer_name" : "DESKTOP-AN3U28N",
            "process" : {
              "pid" : 556,
              "thread" : {
                "id" : 640
              }
            },
            "keywords" : [
              "傳統"
            ],
            "channel" : "System",
            "event_data" : {
              "ServiceName" : "AWS Interface",
              "ServiceType" : "kernel mode driver",
              "ImagePath" : "\\SystemRoot\\System32\\drivers\\xeniface.sys",
              "StartType" : "demand start"
            },
            "opcode" : "Info",
            "record_id" : 467,
            "task" : "None",
            "event_id" : "7045",
            "provider_guid" : "{555908d1-a6d7-4695-8e1e-26931d2012f4}",
            "api" : "wineventlog",
            "provider_name" : "Service Control Manager",
            "user" : {
              "identifier" : "S-1-5-18",
              "domain" : "NT AUTHORITY",
              "name" : "SYSTEM",
              "type" : "Well Known Group"
            }
          },
          "ecs" : {
            "version" : "8.0.0"
          },
          "log" : {
            "file" : {
              "path" : "D:\\AIXSOAR\\IDS_2018\\logs_2018-02-16\\DESKTOP-AN3U28N-172.31.64.54.evtx"
            },
            "level" : "資訊"
          },
          "host" : {
            "os" : {
              "type" : "windows",
              "family" : "windows"
            },
            "name" : "DESKTOP-AN3U28N"
          },
          "message" : "服務已經安裝在系統中。\n\n服務名稱:  AWS Interface\n服務檔案名稱:  \\SystemRoot\\System32\\drivers\\xeniface.sys\n服務類型:  kernel mode driver\n服務啟動類型:  demand start\n服務帳戶:  ",
          "event" : {
            "ingested" : "2024-03-29T07:30:46.737612704Z",
            "code" : "7045",
            "provider" : "Service Control Manager",
            "created" : "2024-03-29T07:30:10.814Z",
            "kind" : "event",
            "action" : "None"
          }
        }
      },
      {
        "_index" : "ids-2018-172.31.64.54",
        "_id" : "J_geiY4B6U4O_9c5R41T",
        "_score" : 0.0,
        "_source" : {
          "agent" : {
            "name" : "CHPIYR2",
            "id" : "60d66234-2dc5-408a-9a6e-a0a6278a7ae3",
            "type" : "winlogbeat",
            "ephemeral_id" : "cbc62cd6-a758-4639-8eeb-85bf53ffa004",
            "version" : "8.11.3"
          },
          "@timestamp" : "2018-01-13T21:05:35.838Z",
          "winlog" : {
            "computer_name" : "DESKTOP-AN3U28N",
            "record_id" : 468,
            "process" : {
              "pid" : 1716,
              "thread" : {
                "id" : 1728
              }
            },
            "event_id" : "20001",
            "task" : "PnP_PlugPlay_DeviceInstall",
            "provider_guid" : "{96f4a050-7e31-453c-88be-9634f4e02139}",
            "channel" : "System",
            "api" : "wineventlog",
            "user_data" : {
              "DriverProvider" : "Amazon Inc.",
              "IsDriverOEM" : "true",
              "DriverVersion" : "7.4.6.0",
              "RebootOption" : "false",
              "UpgradeDevice" : "false",
              "DriverName" : "xeniface.inf_amd64_4407af48aebeba48\\xeniface.inf",
              "SetupClass" : "{4d36e97d-e325-11ce-bfc1-08002be10318}",
              "InstallStatus" : "0x0",
              "DriverDescription" : "AWS Interface",
              "DeviceInstanceID" : "XENBUS\\VEN_XS0001&DEV_IFACE&REV_00000001\\_",
              "xml_name" : "InstallDeviceID"
            },
            "provider_name" : "Microsoft-Windows-UserPnp",
            "opcode" : "資訊",
            "user" : {
              "identifier" : "S-1-5-18",
              "domain" : "NT AUTHORITY",
              "name" : "SYSTEM",
              "type" : "Well Known Group"
            }
          },
          "ecs" : {
            "version" : "8.0.0"
          },
          "log" : {
            "file" : {
              "path" : "D:\\AIXSOAR\\IDS_2018\\logs_2018-02-16\\DESKTOP-AN3U28N-172.31.64.54.evtx"
            },
            "level" : "資訊"
          },
          "host" : {
            "os" : {
              "type" : "windows",
              "family" : "windows"
            },
            "name" : "DESKTOP-AN3U28N"
          },
          "event" : {
            "ingested" : "2024-03-29T07:30:46.737678434Z",
            "code" : "20001",
            "provider" : "Microsoft-Windows-UserPnp",
            "created" : "2024-03-29T07:30:10.814Z",
            "kind" : "event",
            "action" : "PnP_PlugPlay_DeviceInstall"
          },
          "message" : "驅動程式管理已完成安裝裝置例項識別碼 XENBUS\\VEN_XS0001&DEV_IFACE&REV_00000001\\_ 之驅動程式 xeniface.inf_amd64_4407af48aebeba48\\xeniface.inf 的程序，狀態如下: 0x0。"
        }
      },
      {
        "_index" : "ids-2018-172.31.64.54",
        "_id" : "KPgeiY4B6U4O_9c5R41T",
        "_score" : 0.0,
        "_source" : {
          "agent" : {
            "name" : "CHPIYR2",
            "id" : "60d66234-2dc5-408a-9a6e-a0a6278a7ae3",
            "type" : "winlogbeat",
            "ephemeral_id" : "cbc62cd6-a758-4639-8eeb-85bf53ffa004",
            "version" : "8.11.3"
          },
          "@timestamp" : "2018-01-13T21:05:35.923Z",
          "winlog" : {
            "computer_name" : "DESKTOP-AN3U28N",
            "process" : {
              "pid" : 556,
              "thread" : {
                "id" : 640
              }
            },
            "keywords" : [
              "傳統"
            ],
            "channel" : "System",
            "event_data" : {
              "ServiceName" : "xennet",
              "ServiceType" : "kernel mode driver",
              "ImagePath" : "\\SystemRoot\\System32\\drivers\\xennet.sys",
              "StartType" : "demand start"
            },
            "opcode" : "Info",
            "record_id" : 469,
            "task" : "None",
            "event_id" : "7045",
            "provider_guid" : "{555908d1-a6d7-4695-8e1e-26931d2012f4}",
            "api" : "wineventlog",
            "provider_name" : "Service Control Manager",
            "user" : {
              "identifier" : "S-1-5-18",
              "domain" : "NT AUTHORITY",
              "name" : "SYSTEM",
              "type" : "Well Known Group"
            }
          },
          "ecs" : {
            "version" : "8.0.0"
          },
          "log" : {
            "file" : {
              "path" : "D:\\AIXSOAR\\IDS_2018\\logs_2018-02-16\\DESKTOP-AN3U28N-172.31.64.54.evtx"
            },
            "level" : "資訊"
          },
          "host" : {
            "os" : {
              "type" : "windows",
              "family" : "windows"
            },
            "name" : "DESKTOP-AN3U28N"
          },
          "event" : {
            "ingested" : "2024-03-29T07:30:46.737744393Z",
            "code" : "7045",
            "provider" : "Service Control Manager",
            "kind" : "event",
            "created" : "2024-03-29T07:30:10.814Z",
            "action" : "None"
          },
          "message" : "服務已經安裝在系統中。\n\n服務名稱:  xennet\n服務檔案名稱:  \\SystemRoot\\System32\\drivers\\xennet.sys\n服務類型:  kernel mode driver\n服務啟動類型:  demand start\n服務帳戶:  "
        }
      },
      {
        "_index" : "ids-2018-172.31.64.54",
        "_id" : "KfgeiY4B6U4O_9c5R41T",
        "_score" : 0.0,
        "_source" : {
          "agent" : {
            "name" : "CHPIYR2",
            "id" : "60d66234-2dc5-408a-9a6e-a0a6278a7ae3",
            "type" : "winlogbeat",
            "ephemeral_id" : "cbc62cd6-a758-4639-8eeb-85bf53ffa004",
            "version" : "8.11.3"
          },
          "@timestamp" : "2018-01-13T21:05:35.995Z",
          "winlog" : {
            "computer_name" : "DESKTOP-AN3U28N",
            "record_id" : 470,
            "process" : {
              "pid" : 1504,
              "thread" : {
                "id" : 3736
              }
            },
            "task" : "PnP_PlugPlay_DeviceInstall",
            "event_id" : "20001",
            "provider_guid" : "{96f4a050-7e31-453c-88be-9634f4e02139}",
            "channel" : "System",
            "api" : "wineventlog",
            "user_data" : {
              "DriverProvider" : "Amazon Inc.",
              "IsDriverOEM" : "true",
              "DriverVersion" : "7.4.6.0",
              "RebootOption" : "false",
              "DriverName" : "xennet.inf_amd64_6ade3bbe65535d0c\\xennet.inf",
              "UpgradeDevice" : "false",
              "SetupClass" : "{4d36e972-e325-11ce-bfc1-08002be10318}",
              "InstallStatus" : "0x0",
              "DeviceInstanceID" : "XENVIF\\VEN_XS0001&DEV_NET&REV_00000000\\0",
              "DriverDescription" : "AWS PV Network Device",
              "xml_name" : "InstallDeviceID"
            },
            "provider_name" : "Microsoft-Windows-UserPnp",
            "opcode" : "資訊",
            "user" : {
              "identifier" : "S-1-5-18",
              "domain" : "NT AUTHORITY",
              "name" : "SYSTEM",
              "type" : "Well Known Group"
            }
          },
          "ecs" : {
            "version" : "8.0.0"
          },
          "log" : {
            "file" : {
              "path" : "D:\\AIXSOAR\\IDS_2018\\logs_2018-02-16\\DESKTOP-AN3U28N-172.31.64.54.evtx"
            },
            "level" : "資訊"
          },
          "host" : {
            "os" : {
              "type" : "windows",
              "family" : "windows"
            },
            "name" : "DESKTOP-AN3U28N"
          },
          "event" : {
            "ingested" : "2024-03-29T07:30:46.737815362Z",
            "code" : "20001",
            "provider" : "Microsoft-Windows-UserPnp",
            "created" : "2024-03-29T07:30:10.814Z",
            "kind" : "event",
            "action" : "PnP_PlugPlay_DeviceInstall"
          },
          "message" : "驅動程式管理已完成安裝裝置例項識別碼 XENVIF\\VEN_XS0001&DEV_NET&REV_00000000\\0 之驅動程式 xennet.inf_amd64_6ade3bbe65535d0c\\xennet.inf 的程序，狀態如下: 0x0。"
        }
      },
      {
        "_index" : "ids-2018-172.31.64.54",
        "_id" : "KvgeiY4B6U4O_9c5R41T",
        "_score" : 0.0,
        "_source" : {
          "agent" : {
            "name" : "CHPIYR2",
            "id" : "60d66234-2dc5-408a-9a6e-a0a6278a7ae3",
            "type" : "winlogbeat",
            "ephemeral_id" : "cbc62cd6-a758-4639-8eeb-85bf53ffa004",
            "version" : "8.11.3"
          },
          "@timestamp" : "2018-01-13T21:05:36.658Z",
          "winlog" : {
            "computer_name" : "DESKTOP-AN3U28N",
            "process" : {
              "pid" : 556,
              "thread" : {
                "id" : 640
              }
            },
            "keywords" : [
              "傳統"
            ],
            "channel" : "System",
            "event_data" : {
              "ServiceName" : "AWS Lite Guest Agent",
              "ServiceType" : "user mode service",
              "ImagePath" : "\"C:\\Program Files\\Amazon\\XenTools\\LiteAgent.exe\"",
              "StartType" : "auto start",
              "AccountName" : "LocalSystem"
            },
            "opcode" : "Info",
            "record_id" : 471,
            "task" : "None",
            "event_id" : "7045",
            "provider_guid" : "{555908d1-a6d7-4695-8e1e-26931d2012f4}",
            "api" : "wineventlog",
            "provider_name" : "Service Control Manager",
            "user" : {
              "identifier" : "S-1-5-18",
              "domain" : "NT AUTHORITY",
              "name" : "SYSTEM",
              "type" : "Well Known Group"
            }
          },
          "ecs" : {
            "version" : "8.0.0"
          },
          "log" : {
            "file" : {
              "path" : "D:\\AIXSOAR\\IDS_2018\\logs_2018-02-16\\DESKTOP-AN3U28N-172.31.64.54.evtx"
            },
            "level" : "資訊"
          },
          "host" : {
            "os" : {
              "type" : "windows",
              "family" : "windows"
            },
            "name" : "DESKTOP-AN3U28N"
          },
          "message" : "服務已經安裝在系統中。\n\n服務名稱:  AWS Lite Guest Agent\n服務檔案名稱:  \"C:\\Program Files\\Amazon\\XenTools\\LiteAgent.exe\"\n服務類型:  user mode service\n服務啟動類型:  auto start\n服務帳戶:  LocalSystem",
          "event" : {
            "ingested" : "2024-03-29T07:30:46.737882415Z",
            "code" : "7045",
            "provider" : "Service Control Manager",
            "created" : "2024-03-29T07:30:10.814Z",
            "kind" : "event",
            "action" : "None"
          }
        }
      },
      {
        "_index" : "ids-2018-172.31.64.54",
        "_id" : "K_geiY4B6U4O_9c5R41U",
        "_score" : 0.0,
        "_source" : {
          "agent" : {
            "name" : "CHPIYR2",
            "id" : "60d66234-2dc5-408a-9a6e-a0a6278a7ae3",
            "type" : "winlogbeat",
            "ephemeral_id" : "cbc62cd6-a758-4639-8eeb-85bf53ffa004",
            "version" : "8.11.3"
          },
          "@timestamp" : "2018-01-13T21:05:38.001Z",
          "winlog" : {
            "computer_name" : "DESKTOP-AN3U28N",
            "process" : {
              "pid" : 556,
              "thread" : {
                "id" : 640
              }
            },
            "keywords" : [
              "傳統"
            ],
            "channel" : "System",
            "event_data" : {
              "ServiceName" : "PsShutdown",
              "ServiceType" : "user mode service",
              "ImagePath" : "%SystemRoot%\\PSSDNSVC.EXE",
              "StartType" : "demand start",
              "AccountName" : "LocalSystem"
            },
            "opcode" : "Info",
            "record_id" : 472,
            "task" : "None",
            "event_id" : "7045",
            "provider_guid" : "{555908d1-a6d7-4695-8e1e-26931d2012f4}",
            "api" : "wineventlog",
            "provider_name" : "Service Control Manager",
            "user" : {
              "identifier" : "S-1-5-18",
              "domain" : "NT AUTHORITY",
              "name" : "SYSTEM",
              "type" : "Well Known Group"
            }
          },
          "ecs" : {
            "version" : "8.0.0"
          },
          "log" : {
            "file" : {
              "path" : "D:\\AIXSOAR\\IDS_2018\\logs_2018-02-16\\DESKTOP-AN3U28N-172.31.64.54.evtx"
            },
            "level" : "資訊"
          },
          "host" : {
            "os" : {
              "type" : "windows",
              "family" : "windows"
            },
            "name" : "DESKTOP-AN3U28N"
          },
          "message" : "服務已經安裝在系統中。\n\n服務名稱:  PsShutdown\n服務檔案名稱:  %SystemRoot%\\PSSDNSVC.EXE\n服務類型:  user mode service\n服務啟動類型:  demand start\n服務帳戶:  LocalSystem",
          "event" : {
            "ingested" : "2024-03-29T07:30:46.737950896Z",
            "code" : "7045",
            "provider" : "Service Control Manager",
            "kind" : "event",
            "created" : "2024-03-29T07:30:10.814Z",
            "action" : "None"
          }
        }
      },
      {
        "_index" : "ids-2018-172.31.64.54",
        "_id" : "LPgeiY4B6U4O_9c5R41U",
        "_score" : 0.0,
        "_source" : {
          "agent" : {
            "name" : "CHPIYR2",
            "id" : "60d66234-2dc5-408a-9a6e-a0a6278a7ae3",
            "type" : "winlogbeat",
            "ephemeral_id" : "cbc62cd6-a758-4639-8eeb-85bf53ffa004",
            "version" : "8.11.3"
          },
          "@timestamp" : "2018-01-13T21:05:38.001Z",
          "winlog" : {
            "computer_name" : "DESKTOP-AN3U28N",
            "record_id" : 473,
            "process" : {
              "pid" : 556,
              "thread" : {
                "id" : 640
              }
            },
            "task" : "None",
            "event_id" : "7030",
            "keywords" : [
              "傳統"
            ],
            "provider_guid" : "{555908d1-a6d7-4695-8e1e-26931d2012f4}",
            "channel" : "System",
            "api" : "wineventlog",
            "event_data" : {
              "param1" : "PsShutdown"
            },
            "provider_name" : "Service Control Manager",
            "opcode" : "Info"
          },
          "ecs" : {
            "version" : "8.0.0"
          },
          "log" : {
            "file" : {
              "path" : "D:\\AIXSOAR\\IDS_2018\\logs_2018-02-16\\DESKTOP-AN3U28N-172.31.64.54.evtx"
            },
            "level" : "錯誤"
          },
          "host" : {
            "os" : {
              "type" : "windows",
              "family" : "windows"
            },
            "name" : "DESKTOP-AN3U28N"
          },
          "event" : {
            "ingested" : "2024-03-29T07:30:46.738011743Z",
            "code" : "7030",
            "provider" : "Service Control Manager",
            "created" : "2024-03-29T07:30:10.814Z",
            "kind" : "event",
            "action" : "None"
          },
          "message" : "PsShutdown 服務被標示為互動服務。但是系統被設定成不允許互動服務。這項服務可能無法正常運作。"
        }
      },
      {
        "_index" : "ids-2018-172.31.64.54",
        "_id" : "LfgeiY4B6U4O_9c5R41U",
        "_score" : 0.0,
        "_source" : {
          "agent" : {
            "name" : "CHPIYR2",
            "id" : "60d66234-2dc5-408a-9a6e-a0a6278a7ae3",
            "type" : "winlogbeat",
            "ephemeral_id" : "cbc62cd6-a758-4639-8eeb-85bf53ffa004",
            "version" : "8.11.3"
          },
          "@timestamp" : "2018-01-13T21:05:50.362Z",
          "winlog" : {
            "record_id" : 474,
            "computer_name" : "DESKTOP-AN3U28N",
            "process" : {
              "pid" : 556,
              "thread" : {
                "id" : 640
              }
            },
            "event_id" : "7024",
            "task" : "None",
            "keywords" : [
              "傳統"
            ],
            "provider_guid" : "{555908d1-a6d7-4695-8e1e-26931d2012f4}",
            "channel" : "System",
            "event_data" : {
              "Binary" : "41006D0061007A006F006E00530053004D004100670065006E0074000000",
              "param1" : "Amazon SSM Agent",
              "param2" : "%%1"
            },
            "api" : "wineventlog",
            "provider_name" : "Service Control Manager",
            "opcode" : "Info"
          },
          "ecs" : {
            "version" : "8.0.0"
          },
          "log" : {
            "file" : {
              "path" : "D:\\AIXSOAR\\IDS_2018\\logs_2018-02-16\\DESKTOP-AN3U28N-172.31.64.54.evtx"
            },
            "level" : "錯誤"
          },
          "host" : {
            "os" : {
              "type" : "windows",
              "family" : "windows"
            },
            "name" : "DESKTOP-AN3U28N"
          },
          "message" : "Amazon SSM Agent 服務因下列服務特定錯誤而終止: \n功能錯誤。",
          "event" : {
            "ingested" : "2024-03-29T07:30:46.738071517Z",
            "code" : "7024",
            "provider" : "Service Control Manager",
            "kind" : "event",
            "created" : "2024-03-29T07:30:10.814Z",
            "action" : "None"
          }
        }
      },
      {
        "_index" : "ids-2018-172.31.64.54",
        "_id" : "LvgeiY4B6U4O_9c5R41U",
        "_score" : 0.0,
        "_source" : {
          "agent" : {
            "name" : "CHPIYR2",
            "id" : "60d66234-2dc5-408a-9a6e-a0a6278a7ae3",
            "type" : "winlogbeat",
            "ephemeral_id" : "cbc62cd6-a758-4639-8eeb-85bf53ffa004",
            "version" : "8.11.3"
          },
          "@timestamp" : "2018-01-13T21:05:50.362Z",
          "winlog" : {
            "record_id" : 475,
            "computer_name" : "DESKTOP-AN3U28N",
            "process" : {
              "pid" : 556,
              "thread" : {
                "id" : 3276
              }
            },
            "task" : "None",
            "event_id" : "7031",
            "keywords" : [
              "傳統"
            ],
            "provider_guid" : "{555908d1-a6d7-4695-8e1e-26931d2012f4}",
            "channel" : "System",
            "event_data" : {
              "param5" : "Restart the service",
              "Binary" : "41006D0061007A006F006E00530053004D004100670065006E0074000000",
              "param3" : "30000",
              "param4" : "1",
              "param1" : "Amazon SSM Agent",
              "param2" : "1"
            },
            "api" : "wineventlog",
            "opcode" : "Info",
            "provider_name" : "Service Control Manager"
          },
          "ecs" : {
            "version" : "8.0.0"
          },
          "log" : {
            "file" : {
              "path" : "D:\\AIXSOAR\\IDS_2018\\logs_2018-02-16\\DESKTOP-AN3U28N-172.31.64.54.evtx"
            },
            "level" : "錯誤"
          },
          "host" : {
            "os" : {
              "type" : "windows",
              "family" : "windows"
            },
            "name" : "DESKTOP-AN3U28N"
          },
          "message" : "Amazon SSM Agent 服務意外終止，服務曾完成這項動作 1 次。以下的修正操作將在 30000 毫秒內執行: Restart the service。",
          "event" : {
            "ingested" : "2024-03-29T07:30:46.738132825Z",
            "code" : "7031",
            "provider" : "Service Control Manager",
            "created" : "2024-03-29T07:30:10.814Z",
            "kind" : "event",
            "action" : "None"
          }
        }
      },
      {
        "_index" : "ids-2018-172.31.64.54",
        "_id" : "L_geiY4B6U4O_9c5R41U",
        "_score" : 0.0,
        "_source" : {
          "agent" : {
            "name" : "CHPIYR2",
            "id" : "60d66234-2dc5-408a-9a6e-a0a6278a7ae3",
            "type" : "winlogbeat",
            "ephemeral_id" : "cbc62cd6-a758-4639-8eeb-85bf53ffa004",
            "version" : "8.11.3"
          },
          "@timestamp" : "2018-01-13T21:07:03.908Z",
          "winlog" : {
            "computer_name" : "DESKTOP-AN3U28N",
            "record_id" : 476,
            "process" : {
              "pid" : 556,
              "thread" : {
                "id" : 988
              }
            },
            "event_id" : "7024",
            "task" : "None",
            "keywords" : [
              "傳統"
            ],
            "provider_guid" : "{555908d1-a6d7-4695-8e1e-26931d2012f4}",
            "channel" : "System",
            "event_data" : {
              "Binary" : "41006D0061007A006F006E00530053004D004100670065006E0074000000",
              "param1" : "Amazon SSM Agent",
              "param2" : "%%1"
            },
            "api" : "wineventlog",
            "opcode" : "Info",
            "provider_name" : "Service Control Manager"
          },
          "ecs" : {
            "version" : "8.0.0"
          },
          "log" : {
            "file" : {
              "path" : "D:\\AIXSOAR\\IDS_2018\\logs_2018-02-16\\DESKTOP-AN3U28N-172.31.64.54.evtx"
            },
            "level" : "錯誤"
          },
          "host" : {
            "os" : {
              "type" : "windows",
              "family" : "windows"
            },
            "name" : "DESKTOP-AN3U28N"
          },
          "event" : {
            "ingested" : "2024-03-29T07:30:46.738192483Z",
            "code" : "7024",
            "provider" : "Service Control Manager",
            "kind" : "event",
            "created" : "2024-03-29T07:30:10.814Z",
            "action" : "None"
          },
          "message" : "Amazon SSM Agent 服務因下列服務特定錯誤而終止: \n功能錯誤。"
        }
      },
      {
        "_index" : "ids-2018-172.31.64.54",
        "_id" : "MPgeiY4B6U4O_9c5R41U",
        "_score" : 0.0,
        "_source" : {
          "agent" : {
            "name" : "CHPIYR2",
            "id" : "60d66234-2dc5-408a-9a6e-a0a6278a7ae3",
            "type" : "winlogbeat",
            "ephemeral_id" : "cbc62cd6-a758-4639-8eeb-85bf53ffa004",
            "version" : "8.11.3"
          },
          "@timestamp" : "2018-01-13T21:07:03.909Z",
          "winlog" : {
            "computer_name" : "DESKTOP-AN3U28N",
            "record_id" : 477,
            "process" : {
              "pid" : 556,
              "thread" : {
                "id" : 3528
              }
            },
            "task" : "None",
            "event_id" : "7031",
            "keywords" : [
              "傳統"
            ],
            "provider_guid" : "{555908d1-a6d7-4695-8e1e-26931d2012f4}",
            "channel" : "System",
            "event_data" : {
              "param5" : "Restart the service",
              "Binary" : "41006D0061007A006F006E00530053004D004100670065006E0074000000",
              "param3" : "30000",
              "param4" : "1",
              "param1" : "Amazon SSM Agent",
              "param2" : "2"
            },
            "api" : "wineventlog",
            "opcode" : "Info",
            "provider_name" : "Service Control Manager"
          },
          "ecs" : {
            "version" : "8.0.0"
          },
          "log" : {
            "file" : {
              "path" : "D:\\AIXSOAR\\IDS_2018\\logs_2018-02-16\\DESKTOP-AN3U28N-172.31.64.54.evtx"
            },
            "level" : "錯誤"
          },
          "host" : {
            "os" : {
              "type" : "windows",
              "family" : "windows"
            },
            "name" : "DESKTOP-AN3U28N"
          },
          "event" : {
            "ingested" : "2024-03-29T07:30:46.738251156Z",
            "code" : "7031",
            "provider" : "Service Control Manager",
            "created" : "2024-03-29T07:30:10.814Z",
            "kind" : "event",
            "action" : "None"
          },
          "message" : "Amazon SSM Agent 服務意外終止，服務曾完成這項動作 2 次。以下的修正操作將在 30000 毫秒內執行: Restart the service。"
        }
      },
      {
        "_index" : "ids-2018-172.31.64.54",
        "_id" : "MfgeiY4B6U4O_9c5R41U",
        "_score" : 0.0,
        "_source" : {
          "agent" : {
            "name" : "CHPIYR2",
            "id" : "60d66234-2dc5-408a-9a6e-a0a6278a7ae3",
            "type" : "winlogbeat",
            "ephemeral_id" : "cbc62cd6-a758-4639-8eeb-85bf53ffa004",
            "version" : "8.11.3"
          },
          "@timestamp" : "2018-01-13T21:07:09.686Z",
          "winlog" : {
            "computer_name" : "DESKTOP-AN3U28N",
            "record_id" : 478,
            "process" : {
              "pid" : 732,
              "thread" : {
                "id" : 3636
              }
            },
            "event_id" : "15",
            "task" : "None",
            "provider_guid" : "{a68ca8b7-004f-d7b6-a698-07e2de0f1f5d}",
            "channel" : "System",
            "event_data" : {
              "NewSize" : "29933568",
              "HiveNameLength" : "41",
              "HiveName" : "\\??\\C:\\Windows\\System32\\config\\COMPONENTS",
              "OriginalSize" : "29933568"
            },
            "api" : "wineventlog",
            "provider_name" : "Microsoft-Windows-Kernel-General",
            "opcode" : "資訊",
            "user" : {
              "identifier" : "S-1-5-18",
              "domain" : "NT AUTHORITY",
              "name" : "SYSTEM",
              "type" : "Well Known Group"
            }
          },
          "ecs" : {
            "version" : "8.0.0"
          },
          "log" : {
            "file" : {
              "path" : "D:\\AIXSOAR\\IDS_2018\\logs_2018-02-16\\DESKTOP-AN3U28N-172.31.64.54.evtx"
            },
            "level" : "資訊"
          },
          "host" : {
            "os" : {
              "type" : "windows",
              "family" : "windows"
            },
            "name" : "DESKTOP-AN3U28N"
          },
          "message" : "登錄區 \\??\\C:\\Windows\\System32\\config\\COMPONENTS 已重新組織為開始大小為 29933568 個位元組且結束大小為 29933568 個位元組。",
          "event" : {
            "ingested" : "2024-03-29T07:30:46.738312995Z",
            "code" : "15",
            "provider" : "Microsoft-Windows-Kernel-General",
            "kind" : "event",
            "created" : "2024-03-29T07:30:10.814Z",
            "action" : "None"
          }
        }
      },
      {
        "_index" : "ids-2018-172.31.64.54",
        "_id" : "MvgeiY4B6U4O_9c5R41U",
        "_score" : 0.0,
        "_source" : {
          "agent" : {
            "name" : "CHPIYR2",
            "id" : "60d66234-2dc5-408a-9a6e-a0a6278a7ae3",
            "type" : "winlogbeat",
            "ephemeral_id" : "cbc62cd6-a758-4639-8eeb-85bf53ffa004",
            "version" : "8.11.3"
          },
          "@timestamp" : "2018-01-13T21:07:10.189Z",
          "winlog" : {
            "computer_name" : "DESKTOP-AN3U28N",
            "process" : {
              "pid" : 556,
              "thread" : {
                "id" : 988
              }
            },
            "keywords" : [
              "傳統"
            ],
            "channel" : "System",
            "event_data" : {
              "param3" : "auto start",
              "param4" : "TrustedInstaller",
              "param1" : "Windows Modules Installer",
              "param2" : "demand start"
            },
            "opcode" : "Info",
            "record_id" : 479,
            "event_id" : "7040",
            "task" : "None",
            "provider_guid" : "{555908d1-a6d7-4695-8e1e-26931d2012f4}",
            "api" : "wineventlog",
            "provider_name" : "Service Control Manager",
            "user" : {
              "identifier" : "S-1-5-18",
              "domain" : "NT AUTHORITY",
              "name" : "SYSTEM",
              "type" : "Well Known Group"
            }
          },
          "ecs" : {
            "version" : "8.0.0"
          },
          "log" : {
            "file" : {
              "path" : "D:\\AIXSOAR\\IDS_2018\\logs_2018-02-16\\DESKTOP-AN3U28N-172.31.64.54.evtx"
            },
            "level" : "資訊"
          },
          "host" : {
            "os" : {
              "type" : "windows",
              "family" : "windows"
            },
            "name" : "DESKTOP-AN3U28N"
          },
          "message" : "Windows Modules Installer 服務的啟動類型已從 demand start 變更為 auto start。",
          "event" : {
            "ingested" : "2024-03-29T07:30:46.738374978Z",
            "code" : "7040",
            "provider" : "Service Control Manager",
            "kind" : "event",
            "created" : "2024-03-29T07:30:10.814Z",
            "action" : "None"
          }
        }
      },
      {
        "_index" : "ids-2018-172.31.64.54",
        "_id" : "M_geiY4B6U4O_9c5R41U",
        "_score" : 0.0,
        "_source" : {
          "agent" : {
            "name" : "CHPIYR2",
            "id" : "60d66234-2dc5-408a-9a6e-a0a6278a7ae3",
            "type" : "winlogbeat",
            "ephemeral_id" : "cbc62cd6-a758-4639-8eeb-85bf53ffa004",
            "version" : "8.11.3"
          },
          "@timestamp" : "2018-01-13T21:07:11.027Z",
          "winlog" : {
            "record_id" : 480,
            "computer_name" : "DESKTOP-AN3U28N",
            "process" : {
              "pid" : 732,
              "thread" : {
                "id" : 3140
              }
            },
            "event_id" : "15",
            "task" : "None",
            "provider_guid" : "{a68ca8b7-004f-d7b6-a698-07e2de0f1f5d}",
            "channel" : "System",
            "api" : "wineventlog",
            "event_data" : {
              "NewSize" : "11632640",
              "HiveNameLength" : "52",
              "HiveName" : "\\??\\C:\\Windows\\System32\\SMI\\Store\\Machine\\SCHEMA.DAT",
              "OriginalSize" : "11706368"
            },
            "provider_name" : "Microsoft-Windows-Kernel-General",
            "opcode" : "資訊",
            "user" : {
              "identifier" : "S-1-5-18",
              "domain" : "NT AUTHORITY",
              "name" : "SYSTEM",
              "type" : "Well Known Group"
            }
          },
          "ecs" : {
            "version" : "8.0.0"
          },
          "log" : {
            "file" : {
              "path" : "D:\\AIXSOAR\\IDS_2018\\logs_2018-02-16\\DESKTOP-AN3U28N-172.31.64.54.evtx"
            },
            "level" : "資訊"
          },
          "host" : {
            "os" : {
              "type" : "windows",
              "family" : "windows"
            },
            "name" : "DESKTOP-AN3U28N"
          },
          "event" : {
            "ingested" : "2024-03-29T07:30:46.738437200Z",
            "code" : "15",
            "provider" : "Microsoft-Windows-Kernel-General",
            "kind" : "event",
            "created" : "2024-03-29T07:30:10.814Z",
            "action" : "None"
          },
          "message" : "登錄區 \\??\\C:\\Windows\\System32\\SMI\\Store\\Machine\\SCHEMA.DAT 已重新組織為開始大小為 11706368 個位元組且結束大小為 11632640 個位元組。"
        }
      },
      {
        "_index" : "ids-2018-172.31.64.54",
        "_id" : "NPgeiY4B6U4O_9c5R41U",
        "_score" : 0.0,
        "_source" : {
          "agent" : {
            "name" : "CHPIYR2",
            "id" : "60d66234-2dc5-408a-9a6e-a0a6278a7ae3",
            "type" : "winlogbeat",
            "ephemeral_id" : "cbc62cd6-a758-4639-8eeb-85bf53ffa004",
            "version" : "8.11.3"
          },
          "@timestamp" : "2018-01-13T21:07:14.423Z",
          "winlog" : {
            "computer_name" : "DESKTOP-AN3U28N",
            "process" : {
              "pid" : 556,
              "thread" : {
                "id" : 988
              }
            },
            "keywords" : [
              "傳統"
            ],
            "channel" : "System",
            "event_data" : {
              "param3" : "demand start",
              "param4" : "TrustedInstaller",
              "param1" : "Windows Modules Installer",
              "param2" : "auto start"
            },
            "opcode" : "Info",
            "record_id" : 481,
            "event_id" : "7040",
            "task" : "None",
            "provider_guid" : "{555908d1-a6d7-4695-8e1e-26931d2012f4}",
            "api" : "wineventlog",
            "provider_name" : "Service Control Manager",
            "user" : {
              "identifier" : "S-1-5-18",
              "domain" : "NT AUTHORITY",
              "name" : "SYSTEM",
              "type" : "Well Known Group"
            }
          },
          "ecs" : {
            "version" : "8.0.0"
          },
          "log" : {
            "file" : {
              "path" : "D:\\AIXSOAR\\IDS_2018\\logs_2018-02-16\\DESKTOP-AN3U28N-172.31.64.54.evtx"
            },
            "level" : "資訊"
          },
          "host" : {
            "os" : {
              "type" : "windows",
              "family" : "windows"
            },
            "name" : "DESKTOP-AN3U28N"
          },
          "message" : "Windows Modules Installer 服務的啟動類型已從 auto start 變更為 demand start。",
          "event" : {
            "ingested" : "2024-03-29T07:30:46.738498558Z",
            "code" : "7040",
            "provider" : "Service Control Manager",
            "created" : "2024-03-29T07:30:10.814Z",
            "kind" : "event",
            "action" : "None"
          }
        }
      },
