      {
        "_index" : "ids-2018-172.31.64.54",
        "_id" : "sPgaiY4B6U4O_9c52oRw",
        "_score" : 0.0,
        "_source" : {
          "agent" : {
            "name" : "CHPIYR2",
            "id" : "60d66234-2dc5-408a-9a6e-a0a6278a7ae3",
            "type" : "winlogbeat",
            "ephemeral_id" : "a38bfb66-0be3-4ce7-b3df-f61ec8d052f8",
            "version" : "8.11.3"
          },
          "@timestamp" : "2018-01-18T18:08:26.258Z",
          "winlog" : {
            "computer_name" : "DESKTOP-AN3U28N",
            "process" : {
              "pid" : 704,
              "thread" : {
                "id" : 1188
              }
            },
            "keywords" : [
              "傳統"
            ],
            "channel" : "System",
            "event_data" : {
              "param3" : "auto start",
              "param4" : "TrustedInstaller",
              "param1" : "Windows Modules Installer",
              "param2" : "demand start"
            },
            "opcode" : "Info",
            "record_id" : 1062,
            "task" : "None",
            "event_id" : "7040",
            "provider_guid" : "{555908d1-a6d7-4695-8e1e-26931d2012f4}",
            "api" : "wineventlog",
            "provider_name" : "Service Control Manager",
            "user" : {
              "identifier" : "S-1-5-18",
              "domain" : "NT AUTHORITY",
              "name" : "SYSTEM",
              "type" : "Well Known Group"
            }
          },
          "ecs" : {
            "version" : "8.0.0"
          },
          "log" : {
            "file" : {
              "path" : "D:\\AIXSOAR\\IDS_2018\\logs_2018-02-15\\DESKTOP-AN3U28N-172.31.64.54.evtx"
            },
            "level" : "資訊"
          },
          "host" : {
            "os" : {
              "type" : "windows",
              "family" : "windows"
            },
            "name" : "DESKTOP-AN3U28N"
          },
          "event" : {
            "ingested" : "2024-03-29T07:27:02.251687883Z",
            "code" : "7040",
            "provider" : "Service Control Manager",
            "created" : "2024-03-29T07:26:57.774Z",
            "kind" : "event",
            "action" : "None"
          },
          "message" : "Windows Modules Installer 服務的啟動類型已從 demand start 變更為 auto start。"
        }
      },
      {
        "_index" : "ids-2018-172.31.64.54",
        "_id" : "sfgaiY4B6U4O_9c52oRw",
        "_score" : 0.0,
        "_source" : {
          "agent" : {
            "name" : "CHPIYR2",
            "id" : "60d66234-2dc5-408a-9a6e-a0a6278a7ae3",
            "type" : "winlogbeat",
            "ephemeral_id" : "a38bfb66-0be3-4ce7-b3df-f61ec8d052f8",
            "version" : "8.11.3"
          },
          "@timestamp" : "2018-01-18T18:08:26.601Z",
          "winlog" : {
            "computer_name" : "DESKTOP-AN3U28N",
            "process" : {
              "pid" : 704,
              "thread" : {
                "id" : 1188
              }
            },
            "keywords" : [
              "傳統"
            ],
            "channel" : "System",
            "event_data" : {
              "param3" : "demand start",
              "param4" : "TrustedInstaller",
              "param1" : "Windows Modules Installer",
              "param2" : "auto start"
            },
            "opcode" : "Info",
            "record_id" : 1063,
            "event_id" : "7040",
            "task" : "None",
            "provider_guid" : "{555908d1-a6d7-4695-8e1e-26931d2012f4}",
            "api" : "wineventlog",
            "provider_name" : "Service Control Manager",
            "user" : {
              "identifier" : "S-1-5-18",
              "domain" : "NT AUTHORITY",
              "name" : "SYSTEM",
              "type" : "Well Known Group"
            }
          },
          "ecs" : {
            "version" : "8.0.0"
          },
          "log" : {
            "file" : {
              "path" : "D:\\AIXSOAR\\IDS_2018\\logs_2018-02-15\\DESKTOP-AN3U28N-172.31.64.54.evtx"
            },
            "level" : "資訊"
          },
          "host" : {
            "os" : {
              "type" : "windows",
              "family" : "windows"
            },
            "name" : "DESKTOP-AN3U28N"
          },
          "event" : {
            "ingested" : "2024-03-29T07:27:02.251790530Z",
            "code" : "7040",
            "provider" : "Service Control Manager",
            "created" : "2024-03-29T07:26:57.774Z",
            "kind" : "event",
            "action" : "None"
          },
          "message" : "Windows Modules Installer 服務的啟動類型已從 auto start 變更為 demand start。"
        }
      },
      {
        "_index" : "ids-2018-172.31.64.54",
        "_id" : "svgaiY4B6U4O_9c52oRw",
        "_score" : 0.0,
        "_source" : {
          "agent" : {
            "name" : "CHPIYR2",
            "id" : "60d66234-2dc5-408a-9a6e-a0a6278a7ae3",
            "ephemeral_id" : "a38bfb66-0be3-4ce7-b3df-f61ec8d052f8",
            "type" : "winlogbeat",
            "version" : "8.11.3"
          },
          "@timestamp" : "2018-01-18T18:08:26.883Z",
          "winlog" : {
            "computer_name" : "DESKTOP-AN3U28N",
            "process" : {
              "pid" : 704,
              "thread" : {
                "id" : 1188
              }
            },
            "keywords" : [
              "傳統"
            ],
            "channel" : "System",
            "event_data" : {
              "param3" : "auto start",
              "param4" : "TrustedInstaller",
              "param1" : "Windows Modules Installer",
              "param2" : "demand start"
            },
            "opcode" : "Info",
            "record_id" : 1064,
            "task" : "None",
            "event_id" : "7040",
            "provider_guid" : "{555908d1-a6d7-4695-8e1e-26931d2012f4}",
            "api" : "wineventlog",
            "provider_name" : "Service Control Manager",
            "user" : {
              "identifier" : "S-1-5-18",
              "domain" : "NT AUTHORITY",
              "name" : "SYSTEM",
              "type" : "Well Known Group"
            }
          },
          "ecs" : {
            "version" : "8.0.0"
          },
          "log" : {
            "file" : {
              "path" : "D:\\AIXSOAR\\IDS_2018\\logs_2018-02-15\\DESKTOP-AN3U28N-172.31.64.54.evtx"
            },
            "level" : "資訊"
          },
          "host" : {
            "os" : {
              "type" : "windows",
              "family" : "windows"
            },
            "name" : "DESKTOP-AN3U28N"
          },
          "event" : {
            "ingested" : "2024-03-29T07:27:02.251889454Z",
            "code" : "7040",
            "provider" : "Service Control Manager",
            "created" : "2024-03-29T07:26:57.774Z",
            "kind" : "event",
            "action" : "None"
          },
          "message" : "Windows Modules Installer 服務的啟動類型已從 demand start 變更為 auto start。"
        }
      },
      {
        "_index" : "ids-2018-172.31.64.54",
        "_id" : "s_gaiY4B6U4O_9c52oRw",
        "_score" : 0.0,
        "_source" : {
          "agent" : {
            "name" : "CHPIYR2",
            "id" : "60d66234-2dc5-408a-9a6e-a0a6278a7ae3",
            "type" : "winlogbeat",
            "ephemeral_id" : "a38bfb66-0be3-4ce7-b3df-f61ec8d052f8",
            "version" : "8.11.3"
          },
          "@timestamp" : "2018-01-18T18:08:27.070Z",
          "winlog" : {
            "computer_name" : "DESKTOP-AN3U28N",
            "process" : {
              "pid" : 704,
              "thread" : {
                "id" : 1188
              }
            },
            "keywords" : [
              "傳統"
            ],
            "channel" : "System",
            "event_data" : {
              "param3" : "demand start",
              "param4" : "TrustedInstaller",
              "param1" : "Windows Modules Installer",
              "param2" : "auto start"
            },
            "opcode" : "Info",
            "record_id" : 1065,
            "event_id" : "7040",
            "task" : "None",
            "provider_guid" : "{555908d1-a6d7-4695-8e1e-26931d2012f4}",
            "api" : "wineventlog",
            "provider_name" : "Service Control Manager",
            "user" : {
              "identifier" : "S-1-5-18",
              "domain" : "NT AUTHORITY",
              "name" : "SYSTEM",
              "type" : "Well Known Group"
            }
          },
          "ecs" : {
            "version" : "8.0.0"
          },
          "log" : {
            "file" : {
              "path" : "D:\\AIXSOAR\\IDS_2018\\logs_2018-02-15\\DESKTOP-AN3U28N-172.31.64.54.evtx"
            },
            "level" : "資訊"
          },
          "host" : {
            "os" : {
              "type" : "windows",
              "family" : "windows"
            },
            "name" : "DESKTOP-AN3U28N"
          },
          "event" : {
            "ingested" : "2024-03-29T07:27:02.251988493Z",
            "code" : "7040",
            "provider" : "Service Control Manager",
            "kind" : "event",
            "created" : "2024-03-29T07:26:57.774Z",
            "action" : "None"
          },
          "message" : "Windows Modules Installer 服務的啟動類型已從 auto start 變更為 demand start。"
        }
      },
      {
        "_index" : "ids-2018-172.31.64.54",
        "_id" : "tPgaiY4B6U4O_9c52oRw",
        "_score" : 0.0,
        "_source" : {
          "agent" : {
            "name" : "CHPIYR2",
            "id" : "60d66234-2dc5-408a-9a6e-a0a6278a7ae3",
            "ephemeral_id" : "a38bfb66-0be3-4ce7-b3df-f61ec8d052f8",
            "type" : "winlogbeat",
            "version" : "8.11.3"
          },
          "@timestamp" : "2018-01-18T18:08:27.258Z",
          "winlog" : {
            "computer_name" : "DESKTOP-AN3U28N",
            "process" : {
              "pid" : 704,
              "thread" : {
                "id" : 1188
              }
            },
            "keywords" : [
              "傳統"
            ],
            "channel" : "System",
            "event_data" : {
              "param3" : "auto start",
              "param4" : "TrustedInstaller",
              "param1" : "Windows Modules Installer",
              "param2" : "demand start"
            },
            "opcode" : "Info",
            "record_id" : 1066,
            "task" : "None",
            "event_id" : "7040",
            "provider_guid" : "{555908d1-a6d7-4695-8e1e-26931d2012f4}",
            "api" : "wineventlog",
            "provider_name" : "Service Control Manager",
            "user" : {
              "identifier" : "S-1-5-18",
              "domain" : "NT AUTHORITY",
              "name" : "SYSTEM",
              "type" : "Well Known Group"
            }
          },
          "ecs" : {
            "version" : "8.0.0"
          },
          "log" : {
            "file" : {
              "path" : "D:\\AIXSOAR\\IDS_2018\\logs_2018-02-15\\DESKTOP-AN3U28N-172.31.64.54.evtx"
            },
            "level" : "資訊"
          },
          "host" : {
            "os" : {
              "type" : "windows",
              "family" : "windows"
            },
            "name" : "DESKTOP-AN3U28N"
          },
          "event" : {
            "ingested" : "2024-03-29T07:27:02.252086574Z",
            "code" : "7040",
            "provider" : "Service Control Manager",
            "kind" : "event",
            "created" : "2024-03-29T07:26:57.774Z",
            "action" : "None"
          },
          "message" : "Windows Modules Installer 服務的啟動類型已從 demand start 變更為 auto start。"
        }
      },
      {
        "_index" : "ids-2018-172.31.64.54",
        "_id" : "tfgaiY4B6U4O_9c52oRw",
        "_score" : 0.0,
        "_source" : {
          "agent" : {
            "name" : "CHPIYR2",
            "id" : "60d66234-2dc5-408a-9a6e-a0a6278a7ae3",
            "ephemeral_id" : "a38bfb66-0be3-4ce7-b3df-f61ec8d052f8",
            "type" : "winlogbeat",
            "version" : "8.11.3"
          },
          "@timestamp" : "2018-01-18T18:08:27.351Z",
          "winlog" : {
            "computer_name" : "DESKTOP-AN3U28N",
            "process" : {
              "pid" : 704,
              "thread" : {
                "id" : 1188
              }
            },
            "keywords" : [
              "傳統"
            ],
            "channel" : "System",
            "event_data" : {
              "param3" : "demand start",
              "param4" : "TrustedInstaller",
              "param1" : "Windows Modules Installer",
              "param2" : "auto start"
            },
            "opcode" : "Info",
            "record_id" : 1067,
            "event_id" : "7040",
            "task" : "None",
            "provider_guid" : "{555908d1-a6d7-4695-8e1e-26931d2012f4}",
            "api" : "wineventlog",
            "provider_name" : "Service Control Manager",
            "user" : {
              "identifier" : "S-1-5-18",
              "domain" : "NT AUTHORITY",
              "name" : "SYSTEM",
              "type" : "Well Known Group"
            }
          },
          "ecs" : {
            "version" : "8.0.0"
          },
          "log" : {
            "file" : {
              "path" : "D:\\AIXSOAR\\IDS_2018\\logs_2018-02-15\\DESKTOP-AN3U28N-172.31.64.54.evtx"
            },
            "level" : "資訊"
          },
          "host" : {
            "os" : {
              "type" : "windows",
              "family" : "windows"
            },
            "name" : "DESKTOP-AN3U28N"
          },
          "message" : "Windows Modules Installer 服務的啟動類型已從 auto start 變更為 demand start。",
          "event" : {
            "ingested" : "2024-03-29T07:27:02.252186606Z",
            "code" : "7040",
            "provider" : "Service Control Manager",
            "created" : "2024-03-29T07:26:57.774Z",
            "kind" : "event",
            "action" : "None"
          }
        }
      },
      {
        "_index" : "ids-2018-172.31.64.54",
        "_id" : "tvgaiY4B6U4O_9c52oRw",
        "_score" : 0.0,
        "_source" : {
          "agent" : {
            "name" : "CHPIYR2",
            "id" : "60d66234-2dc5-408a-9a6e-a0a6278a7ae3",
            "type" : "winlogbeat",
            "ephemeral_id" : "a38bfb66-0be3-4ce7-b3df-f61ec8d052f8",
            "version" : "8.11.3"
          },
          "@timestamp" : "2018-01-18T18:08:27.351Z",
          "winlog" : {
            "computer_name" : "DESKTOP-AN3U28N",
            "process" : {
              "pid" : 704,
              "thread" : {
                "id" : 1188
              }
            },
            "keywords" : [
              "傳統"
            ],
            "channel" : "System",
            "event_data" : {
              "param3" : "auto start",
              "param4" : "TrustedInstaller",
              "param1" : "Windows Modules Installer",
              "param2" : "demand start"
            },
            "opcode" : "Info",
            "record_id" : 1068,
            "event_id" : "7040",
            "task" : "None",
            "provider_guid" : "{555908d1-a6d7-4695-8e1e-26931d2012f4}",
            "api" : "wineventlog",
            "provider_name" : "Service Control Manager",
            "user" : {
              "identifier" : "S-1-5-18",
              "domain" : "NT AUTHORITY",
              "name" : "SYSTEM",
              "type" : "Well Known Group"
            }
          },
          "ecs" : {
            "version" : "8.0.0"
          },
          "log" : {
            "file" : {
              "path" : "D:\\AIXSOAR\\IDS_2018\\logs_2018-02-15\\DESKTOP-AN3U28N-172.31.64.54.evtx"
            },
            "level" : "資訊"
          },
          "host" : {
            "os" : {
              "type" : "windows",
              "family" : "windows"
            },
            "name" : "DESKTOP-AN3U28N"
          },
          "message" : "Windows Modules Installer 服務的啟動類型已從 demand start 變更為 auto start。",
          "event" : {
            "ingested" : "2024-03-29T07:27:02.252286126Z",
            "code" : "7040",
            "provider" : "Service Control Manager",
            "created" : "2024-03-29T07:26:57.774Z",
            "kind" : "event",
            "action" : "None"
          }
        }
      },
      {
        "_index" : "ids-2018-172.31.64.54",
        "_id" : "t_gaiY4B6U4O_9c52oRw",
        "_score" : 0.0,
        "_source" : {
          "agent" : {
            "name" : "CHPIYR2",
            "id" : "60d66234-2dc5-408a-9a6e-a0a6278a7ae3",
            "type" : "winlogbeat",
            "ephemeral_id" : "a38bfb66-0be3-4ce7-b3df-f61ec8d052f8",
            "version" : "8.11.3"
          },
          "@timestamp" : "2018-01-18T18:08:27.351Z",
          "winlog" : {
            "computer_name" : "DESKTOP-AN3U28N",
            "process" : {
              "pid" : 704,
              "thread" : {
                "id" : 1188
              }
            },
            "keywords" : [
              "傳統"
            ],
            "channel" : "System",
            "event_data" : {
              "param3" : "demand start",
              "param4" : "TrustedInstaller",
              "param1" : "Windows Modules Installer",
              "param2" : "auto start"
            },
            "opcode" : "Info",
            "record_id" : 1069,
            "task" : "None",
            "event_id" : "7040",
            "provider_guid" : "{555908d1-a6d7-4695-8e1e-26931d2012f4}",
            "api" : "wineventlog",
            "provider_name" : "Service Control Manager",
            "user" : {
              "identifier" : "S-1-5-18",
              "domain" : "NT AUTHORITY",
              "name" : "SYSTEM",
              "type" : "Well Known Group"
            }
          },
          "ecs" : {
            "version" : "8.0.0"
          },
          "log" : {
            "file" : {
              "path" : "D:\\AIXSOAR\\IDS_2018\\logs_2018-02-15\\DESKTOP-AN3U28N-172.31.64.54.evtx"
            },
            "level" : "資訊"
          },
          "host" : {
            "os" : {
              "type" : "windows",
              "family" : "windows"
            },
            "name" : "DESKTOP-AN3U28N"
          },
          "event" : {
            "ingested" : "2024-03-29T07:27:02.252384110Z",
            "code" : "7040",
            "provider" : "Service Control Manager",
            "kind" : "event",
            "created" : "2024-03-29T07:26:57.774Z",
            "action" : "None"
          },
          "message" : "Windows Modules Installer 服務的啟動類型已從 auto start 變更為 demand start。"
        }
      },
      {
        "_index" : "ids-2018-172.31.64.54",
        "_id" : "uPgaiY4B6U4O_9c52oRw",
        "_score" : 0.0,
        "_source" : {
          "agent" : {
            "name" : "CHPIYR2",
            "id" : "60d66234-2dc5-408a-9a6e-a0a6278a7ae3",
            "ephemeral_id" : "a38bfb66-0be3-4ce7-b3df-f61ec8d052f8",
            "type" : "winlogbeat",
            "version" : "8.11.3"
          },
          "@timestamp" : "2018-01-18T18:08:27.351Z",
          "winlog" : {
            "computer_name" : "DESKTOP-AN3U28N",
            "process" : {
              "pid" : 704,
              "thread" : {
                "id" : 1188
              }
            },
            "keywords" : [
              "傳統"
            ],
            "channel" : "System",
            "event_data" : {
              "param3" : "auto start",
              "param4" : "TrustedInstaller",
              "param1" : "Windows Modules Installer",
              "param2" : "demand start"
            },
            "opcode" : "Info",
            "record_id" : 1070,
            "event_id" : "7040",
            "task" : "None",
            "provider_guid" : "{555908d1-a6d7-4695-8e1e-26931d2012f4}",
            "api" : "wineventlog",
            "provider_name" : "Service Control Manager",
            "user" : {
              "identifier" : "S-1-5-18",
              "domain" : "NT AUTHORITY",
              "name" : "SYSTEM",
              "type" : "Well Known Group"
            }
          },
          "ecs" : {
            "version" : "8.0.0"
          },
          "log" : {
            "file" : {
              "path" : "D:\\AIXSOAR\\IDS_2018\\logs_2018-02-15\\DESKTOP-AN3U28N-172.31.64.54.evtx"
            },
            "level" : "資訊"
          },
          "host" : {
            "os" : {
              "type" : "windows",
              "family" : "windows"
            },
            "name" : "DESKTOP-AN3U28N"
          },
          "event" : {
            "ingested" : "2024-03-29T07:27:02.252480093Z",
            "code" : "7040",
            "provider" : "Service Control Manager",
            "created" : "2024-03-29T07:26:57.774Z",
            "kind" : "event",
            "action" : "None"
          },
          "message" : "Windows Modules Installer 服務的啟動類型已從 demand start 變更為 auto start。"
        }
      },
      {
        "_index" : "ids-2018-172.31.64.54",
        "_id" : "ufgaiY4B6U4O_9c52oRw",
        "_score" : 0.0,
        "_source" : {
          "agent" : {
            "name" : "CHPIYR2",
            "id" : "60d66234-2dc5-408a-9a6e-a0a6278a7ae3",
            "type" : "winlogbeat",
            "ephemeral_id" : "a38bfb66-0be3-4ce7-b3df-f61ec8d052f8",
            "version" : "8.11.3"
          },
          "@timestamp" : "2018-01-18T18:08:27.633Z",
          "winlog" : {
            "computer_name" : "DESKTOP-AN3U28N",
            "process" : {
              "pid" : 704,
              "thread" : {
                "id" : 4328
              }
            },
            "keywords" : [
              "傳統"
            ],
            "channel" : "System",
            "event_data" : {
              "param3" : "demand start",
              "param4" : "TrustedInstaller",
              "param1" : "Windows Modules Installer",
              "param2" : "auto start"
            },
            "opcode" : "Info",
            "record_id" : 1071,
            "event_id" : "7040",
            "task" : "None",
            "provider_guid" : "{555908d1-a6d7-4695-8e1e-26931d2012f4}",
            "api" : "wineventlog",
            "provider_name" : "Service Control Manager",
            "user" : {
              "identifier" : "S-1-5-18",
              "domain" : "NT AUTHORITY",
              "name" : "SYSTEM",
              "type" : "Well Known Group"
            }
          },
          "ecs" : {
            "version" : "8.0.0"
          },
          "log" : {
            "file" : {
              "path" : "D:\\AIXSOAR\\IDS_2018\\logs_2018-02-15\\DESKTOP-AN3U28N-172.31.64.54.evtx"
            },
            "level" : "資訊"
          },
          "host" : {
            "os" : {
              "type" : "windows",
              "family" : "windows"
            },
            "name" : "DESKTOP-AN3U28N"
          },
          "event" : {
            "ingested" : "2024-03-29T07:27:02.252580190Z",
            "code" : "7040",
            "provider" : "Service Control Manager",
            "created" : "2024-03-29T07:26:57.774Z",
            "kind" : "event",
            "action" : "None"
          },
          "message" : "Windows Modules Installer 服務的啟動類型已從 auto start 變更為 demand start。"
        }
      },
      {
        "_index" : "ids-2018-172.31.64.54",
        "_id" : "uvgaiY4B6U4O_9c52oRw",
        "_score" : 0.0,
        "_source" : {
          "agent" : {
            "name" : "CHPIYR2",
            "id" : "60d66234-2dc5-408a-9a6e-a0a6278a7ae3",
            "ephemeral_id" : "a38bfb66-0be3-4ce7-b3df-f61ec8d052f8",
            "type" : "winlogbeat",
            "version" : "8.11.3"
          },
          "@timestamp" : "2018-01-18T18:08:27.883Z",
          "winlog" : {
            "computer_name" : "DESKTOP-AN3U28N",
            "process" : {
              "pid" : 704,
              "thread" : {
                "id" : 4328
              }
            },
            "keywords" : [
              "傳統"
            ],
            "channel" : "System",
            "event_data" : {
              "param3" : "auto start",
              "param4" : "TrustedInstaller",
              "param1" : "Windows Modules Installer",
              "param2" : "demand start"
            },
            "opcode" : "Info",
            "record_id" : 1072,
            "task" : "None",
            "event_id" : "7040",
            "provider_guid" : "{555908d1-a6d7-4695-8e1e-26931d2012f4}",
            "api" : "wineventlog",
            "provider_name" : "Service Control Manager",
            "user" : {
              "identifier" : "S-1-5-18",
              "domain" : "NT AUTHORITY",
              "name" : "SYSTEM",
              "type" : "Well Known Group"
            }
          },
          "ecs" : {
            "version" : "8.0.0"
          },
          "log" : {
            "file" : {
              "path" : "D:\\AIXSOAR\\IDS_2018\\logs_2018-02-15\\DESKTOP-AN3U28N-172.31.64.54.evtx"
            },
            "level" : "資訊"
          },
          "host" : {
            "os" : {
              "type" : "windows",
              "family" : "windows"
            },
            "name" : "DESKTOP-AN3U28N"
          },
          "event" : {
            "ingested" : "2024-03-29T07:27:02.252682185Z",
            "code" : "7040",
            "provider" : "Service Control Manager",
            "created" : "2024-03-29T07:26:57.774Z",
            "kind" : "event",
            "action" : "None"
          },
          "message" : "Windows Modules Installer 服務的啟動類型已從 demand start 變更為 auto start。"
        }
      },
      {
        "_index" : "ids-2018-172.31.64.54",
        "_id" : "u_gaiY4B6U4O_9c52oRw",
        "_score" : 0.0,
        "_source" : {
          "agent" : {
            "name" : "CHPIYR2",
            "id" : "60d66234-2dc5-408a-9a6e-a0a6278a7ae3",
            "type" : "winlogbeat",
            "ephemeral_id" : "a38bfb66-0be3-4ce7-b3df-f61ec8d052f8",
            "version" : "8.11.3"
          },
          "@timestamp" : "2018-01-18T18:08:28.258Z",
          "winlog" : {
            "computer_name" : "DESKTOP-AN3U28N",
            "process" : {
              "pid" : 704,
              "thread" : {
                "id" : 4328
              }
            },
            "keywords" : [
              "傳統"
            ],
            "channel" : "System",
            "event_data" : {
              "param3" : "demand start",
              "param4" : "TrustedInstaller",
              "param1" : "Windows Modules Installer",
              "param2" : "auto start"
            },
            "opcode" : "Info",
            "record_id" : 1073,
            "task" : "None",
            "event_id" : "7040",
            "provider_guid" : "{555908d1-a6d7-4695-8e1e-26931d2012f4}",
            "api" : "wineventlog",
            "provider_name" : "Service Control Manager",
            "user" : {
              "identifier" : "S-1-5-18",
              "domain" : "NT AUTHORITY",
              "name" : "SYSTEM",
              "type" : "Well Known Group"
            }
          },
          "ecs" : {
            "version" : "8.0.0"
          },
          "log" : {
            "file" : {
              "path" : "D:\\AIXSOAR\\IDS_2018\\logs_2018-02-15\\DESKTOP-AN3U28N-172.31.64.54.evtx"
            },
            "level" : "資訊"
          },
          "host" : {
            "os" : {
              "type" : "windows",
              "family" : "windows"
            },
            "name" : "DESKTOP-AN3U28N"
          },
          "event" : {
            "ingested" : "2024-03-29T07:27:02.252779996Z",
            "code" : "7040",
            "provider" : "Service Control Manager",
            "created" : "2024-03-29T07:26:57.774Z",
            "kind" : "event",
            "action" : "None"
          },
          "message" : "Windows Modules Installer 服務的啟動類型已從 auto start 變更為 demand start。"
        }
      },
      {
        "_index" : "ids-2018-172.31.64.54",
        "_id" : "vPgaiY4B6U4O_9c52oRw",
        "_score" : 0.0,
        "_source" : {
          "agent" : {
            "name" : "CHPIYR2",
            "id" : "60d66234-2dc5-408a-9a6e-a0a6278a7ae3",
            "type" : "winlogbeat",
            "ephemeral_id" : "a38bfb66-0be3-4ce7-b3df-f61ec8d052f8",
            "version" : "8.11.3"
          },
          "@timestamp" : "2018-01-18T18:08:28.523Z",
          "winlog" : {
            "computer_name" : "DESKTOP-AN3U28N",
            "process" : {
              "pid" : 704,
              "thread" : {
                "id" : 4328
              }
            },
            "keywords" : [
              "傳統"
            ],
            "channel" : "System",
            "event_data" : {
              "param3" : "auto start",
              "param4" : "TrustedInstaller",
              "param1" : "Windows Modules Installer",
              "param2" : "demand start"
            },
            "opcode" : "Info",
            "record_id" : 1074,
            "event_id" : "7040",
            "task" : "None",
            "provider_guid" : "{555908d1-a6d7-4695-8e1e-26931d2012f4}",
            "api" : "wineventlog",
            "provider_name" : "Service Control Manager",
            "user" : {
              "identifier" : "S-1-5-18",
              "domain" : "NT AUTHORITY",
              "name" : "SYSTEM",
              "type" : "Well Known Group"
            }
          },
          "ecs" : {
            "version" : "8.0.0"
          },
          "log" : {
            "file" : {
              "path" : "D:\\AIXSOAR\\IDS_2018\\logs_2018-02-15\\DESKTOP-AN3U28N-172.31.64.54.evtx"
            },
            "level" : "資訊"
          },
          "host" : {
            "os" : {
              "type" : "windows",
              "family" : "windows"
            },
            "name" : "DESKTOP-AN3U28N"
          },
          "message" : "Windows Modules Installer 服務的啟動類型已從 demand start 變更為 auto start。",
          "event" : {
            "ingested" : "2024-03-29T07:27:02.253024418Z",
            "code" : "7040",
            "provider" : "Service Control Manager",
            "kind" : "event",
            "created" : "2024-03-29T07:26:57.774Z",
            "action" : "None"
          }
        }
      },
      {
        "_index" : "ids-2018-172.31.64.54",
        "_id" : "vfgaiY4B6U4O_9c52oRw",
        "_score" : 0.0,
        "_source" : {
          "agent" : {
            "name" : "CHPIYR2",
            "id" : "60d66234-2dc5-408a-9a6e-a0a6278a7ae3",
            "type" : "winlogbeat",
            "ephemeral_id" : "a38bfb66-0be3-4ce7-b3df-f61ec8d052f8",
            "version" : "8.11.3"
          },
          "@timestamp" : "2018-01-18T18:08:29.023Z",
          "winlog" : {
            "computer_name" : "DESKTOP-AN3U28N",
            "process" : {
              "pid" : 704,
              "thread" : {
                "id" : 1188
              }
            },
            "keywords" : [
              "傳統"
            ],
            "channel" : "System",
            "event_data" : {
              "param3" : "demand start",
              "param4" : "TrustedInstaller",
              "param1" : "Windows Modules Installer",
              "param2" : "auto start"
            },
            "opcode" : "Info",
            "record_id" : 1075,
            "event_id" : "7040",
            "task" : "None",
            "provider_guid" : "{555908d1-a6d7-4695-8e1e-26931d2012f4}",
            "api" : "wineventlog",
            "provider_name" : "Service Control Manager",
            "user" : {
              "identifier" : "S-1-5-18",
              "domain" : "NT AUTHORITY",
              "name" : "SYSTEM",
              "type" : "Well Known Group"
            }
          },
          "ecs" : {
            "version" : "8.0.0"
          },
          "log" : {
            "file" : {
              "path" : "D:\\AIXSOAR\\IDS_2018\\logs_2018-02-15\\DESKTOP-AN3U28N-172.31.64.54.evtx"
            },
            "level" : "資訊"
          },
          "host" : {
            "os" : {
              "type" : "windows",
              "family" : "windows"
            },
            "name" : "DESKTOP-AN3U28N"
          },
          "message" : "Windows Modules Installer 服務的啟動類型已從 auto start 變更為 demand start。",
          "event" : {
            "ingested" : "2024-03-29T07:27:02.253172331Z",
            "code" : "7040",
            "provider" : "Service Control Manager",
            "kind" : "event",
            "created" : "2024-03-29T07:26:57.774Z",
            "action" : "None"
          }
        }
      },
      {
        "_index" : "ids-2018-172.31.64.54",
        "_id" : "vvgaiY4B6U4O_9c52oRw",
        "_score" : 0.0,
        "_source" : {
          "agent" : {
            "name" : "CHPIYR2",
            "id" : "60d66234-2dc5-408a-9a6e-a0a6278a7ae3",
            "ephemeral_id" : "a38bfb66-0be3-4ce7-b3df-f61ec8d052f8",
            "type" : "winlogbeat",
            "version" : "8.11.3"
          },
          "@timestamp" : "2018-01-18T18:08:29.023Z",
          "winlog" : {
            "computer_name" : "DESKTOP-AN3U28N",
            "process" : {
              "pid" : 704,
              "thread" : {
                "id" : 1188
              }
            },
            "keywords" : [
              "傳統"
            ],
            "channel" : "System",
            "event_data" : {
              "param3" : "auto start",
              "param4" : "TrustedInstaller",
              "param1" : "Windows Modules Installer",
              "param2" : "demand start"
            },
            "opcode" : "Info",
            "record_id" : 1076,
            "event_id" : "7040",
            "task" : "None",
            "provider_guid" : "{555908d1-a6d7-4695-8e1e-26931d2012f4}",
            "api" : "wineventlog",
            "provider_name" : "Service Control Manager",
            "user" : {
              "identifier" : "S-1-5-18",
              "domain" : "NT AUTHORITY",
              "name" : "SYSTEM",
              "type" : "Well Known Group"
            }
          },
          "ecs" : {
            "version" : "8.0.0"
          },
          "log" : {
            "file" : {
              "path" : "D:\\AIXSOAR\\IDS_2018\\logs_2018-02-15\\DESKTOP-AN3U28N-172.31.64.54.evtx"
            },
            "level" : "資訊"
          },
          "host" : {
            "os" : {
              "type" : "windows",
              "family" : "windows"
            },
            "name" : "DESKTOP-AN3U28N"
          },
          "message" : "Windows Modules Installer 服務的啟動類型已從 demand start 變更為 auto start。",
          "event" : {
            "ingested" : "2024-03-29T07:27:02.253309662Z",
            "code" : "7040",
            "provider" : "Service Control Manager",
            "created" : "2024-03-29T07:26:57.774Z",
            "kind" : "event",
            "action" : "None"
          }
        }
      },
      {
        "_index" : "ids-2018-172.31.64.54",
        "_id" : "v_gaiY4B6U4O_9c52oRw",
        "_score" : 0.0,
        "_source" : {
          "agent" : {
            "name" : "CHPIYR2",
            "id" : "60d66234-2dc5-408a-9a6e-a0a6278a7ae3",
            "type" : "winlogbeat",
            "ephemeral_id" : "a38bfb66-0be3-4ce7-b3df-f61ec8d052f8",
            "version" : "8.11.3"
          },
          "@timestamp" : "2018-01-18T18:08:29.148Z",
          "winlog" : {
            "computer_name" : "DESKTOP-AN3U28N",
            "process" : {
              "pid" : 704,
              "thread" : {
                "id" : 1188
              }
            },
            "keywords" : [
              "傳統"
            ],
            "channel" : "System",
            "event_data" : {
              "param3" : "demand start",
              "param4" : "TrustedInstaller",
              "param1" : "Windows Modules Installer",
              "param2" : "auto start"
            },
            "opcode" : "Info",
            "record_id" : 1077,
            "event_id" : "7040",
            "task" : "None",
            "provider_guid" : "{555908d1-a6d7-4695-8e1e-26931d2012f4}",
            "api" : "wineventlog",
            "provider_name" : "Service Control Manager",
            "user" : {
              "identifier" : "S-1-5-18",
              "domain" : "NT AUTHORITY",
              "name" : "SYSTEM",
              "type" : "Well Known Group"
            }
          },
          "ecs" : {
            "version" : "8.0.0"
          },
          "log" : {
            "file" : {
              "path" : "D:\\AIXSOAR\\IDS_2018\\logs_2018-02-15\\DESKTOP-AN3U28N-172.31.64.54.evtx"
            },
            "level" : "資訊"
          },
          "host" : {
            "os" : {
              "type" : "windows",
              "family" : "windows"
            },
            "name" : "DESKTOP-AN3U28N"
          },
          "event" : {
            "ingested" : "2024-03-29T07:27:02.253421335Z",
            "code" : "7040",
            "provider" : "Service Control Manager",
            "created" : "2024-03-29T07:26:57.774Z",
            "kind" : "event",
            "action" : "None"
          },
          "message" : "Windows Modules Installer 服務的啟動類型已從 auto start 變更為 demand start。"
        }
      },
      {
        "_index" : "ids-2018-172.31.64.54",
        "_id" : "wPgaiY4B6U4O_9c52oRw",
        "_score" : 0.0,
        "_source" : {
          "agent" : {
            "name" : "CHPIYR2",
            "id" : "60d66234-2dc5-408a-9a6e-a0a6278a7ae3",
            "ephemeral_id" : "a38bfb66-0be3-4ce7-b3df-f61ec8d052f8",
            "type" : "winlogbeat",
            "version" : "8.11.3"
          },
          "@timestamp" : "2018-01-18T18:08:29.314Z",
          "winlog" : {
            "computer_name" : "DESKTOP-AN3U28N",
            "process" : {
              "pid" : 704,
              "thread" : {
                "id" : 1188
              }
            },
            "keywords" : [
              "傳統"
            ],
            "channel" : "System",
            "event_data" : {
              "param3" : "auto start",
              "param4" : "TrustedInstaller",
              "param1" : "Windows Modules Installer",
              "param2" : "demand start"
            },
            "opcode" : "Info",
            "record_id" : 1078,
            "event_id" : "7040",
            "task" : "None",
            "provider_guid" : "{555908d1-a6d7-4695-8e1e-26931d2012f4}",
            "api" : "wineventlog",
            "provider_name" : "Service Control Manager",
            "user" : {
              "identifier" : "S-1-5-18",
              "domain" : "NT AUTHORITY",
              "name" : "SYSTEM",
              "type" : "Well Known Group"
            }
          },
          "ecs" : {
            "version" : "8.0.0"
          },
          "log" : {
            "file" : {
              "path" : "D:\\AIXSOAR\\IDS_2018\\logs_2018-02-15\\DESKTOP-AN3U28N-172.31.64.54.evtx"
            },
            "level" : "資訊"
          },
          "host" : {
            "os" : {
              "type" : "windows",
              "family" : "windows"
            },
            "name" : "DESKTOP-AN3U28N"
          },
          "event" : {
            "ingested" : "2024-03-29T07:27:02.253522839Z",
            "code" : "7040",
            "provider" : "Service Control Manager",
            "kind" : "event",
            "created" : "2024-03-29T07:26:57.774Z",
            "action" : "None"
          },
          "message" : "Windows Modules Installer 服務的啟動類型已從 demand start 變更為 auto start。"
        }
      },
      {
        "_index" : "ids-2018-172.31.64.54",
        "_id" : "wfgaiY4B6U4O_9c52oRw",
        "_score" : 0.0,
        "_source" : {
          "agent" : {
            "name" : "CHPIYR2",
            "id" : "60d66234-2dc5-408a-9a6e-a0a6278a7ae3",
            "type" : "winlogbeat",
            "ephemeral_id" : "a38bfb66-0be3-4ce7-b3df-f61ec8d052f8",
            "version" : "8.11.3"
          },
          "@timestamp" : "2018-01-18T18:08:29.382Z",
          "winlog" : {
            "computer_name" : "DESKTOP-AN3U28N",
            "process" : {
              "pid" : 704,
              "thread" : {
                "id" : 1188
              }
            },
            "keywords" : [
              "傳統"
            ],
            "channel" : "System",
            "event_data" : {
              "param3" : "demand start",
              "param4" : "TrustedInstaller",
              "param1" : "Windows Modules Installer",
              "param2" : "auto start"
            },
            "opcode" : "Info",
            "record_id" : 1079,
            "task" : "None",
            "event_id" : "7040",
            "provider_guid" : "{555908d1-a6d7-4695-8e1e-26931d2012f4}",
            "api" : "wineventlog",
            "provider_name" : "Service Control Manager",
            "user" : {
              "identifier" : "S-1-5-18",
              "domain" : "NT AUTHORITY",
              "name" : "SYSTEM",
              "type" : "Well Known Group"
            }
          },
          "ecs" : {
            "version" : "8.0.0"
          },
          "log" : {
            "file" : {
              "path" : "D:\\AIXSOAR\\IDS_2018\\logs_2018-02-15\\DESKTOP-AN3U28N-172.31.64.54.evtx"
            },
            "level" : "資訊"
          },
          "host" : {
            "os" : {
              "type" : "windows",
              "family" : "windows"
            },
            "name" : "DESKTOP-AN3U28N"
          },
          "message" : "Windows Modules Installer 服務的啟動類型已從 auto start 變更為 demand start。",
          "event" : {
            "ingested" : "2024-03-29T07:27:02.253628110Z",
            "code" : "7040",
            "provider" : "Service Control Manager",
            "created" : "2024-03-29T07:26:57.774Z",
            "kind" : "event",
            "action" : "None"
          }
        }
      },
      {
        "_index" : "ids-2018-172.31.64.54",
        "_id" : "wvgaiY4B6U4O_9c52oRw",
        "_score" : 0.0,
        "_source" : {
          "agent" : {
            "name" : "CHPIYR2",
            "id" : "60d66234-2dc5-408a-9a6e-a0a6278a7ae3",
            "type" : "winlogbeat",
            "ephemeral_id" : "a38bfb66-0be3-4ce7-b3df-f61ec8d052f8",
            "version" : "8.11.3"
          },
          "@timestamp" : "2018-01-18T18:08:29.539Z",
          "winlog" : {
            "computer_name" : "DESKTOP-AN3U28N",
            "process" : {
              "pid" : 704,
              "thread" : {
                "id" : 1188
              }
            },
            "keywords" : [
              "傳統"
            ],
            "channel" : "System",
            "event_data" : {
              "param3" : "auto start",
              "param4" : "TrustedInstaller",
              "param1" : "Windows Modules Installer",
              "param2" : "demand start"
            },
            "opcode" : "Info",
            "record_id" : 1080,
            "task" : "None",
            "event_id" : "7040",
            "provider_guid" : "{555908d1-a6d7-4695-8e1e-26931d2012f4}",
            "api" : "wineventlog",
            "provider_name" : "Service Control Manager",
            "user" : {
              "identifier" : "S-1-5-18",
              "domain" : "NT AUTHORITY",
              "name" : "SYSTEM",
              "type" : "Well Known Group"
            }
          },
          "ecs" : {
            "version" : "8.0.0"
          },
          "log" : {
            "file" : {
              "path" : "D:\\AIXSOAR\\IDS_2018\\logs_2018-02-15\\DESKTOP-AN3U28N-172.31.64.54.evtx"
            },
            "level" : "資訊"
          },
          "host" : {
            "os" : {
              "type" : "windows",
              "family" : "windows"
            },
            "name" : "DESKTOP-AN3U28N"
          },
          "event" : {
            "ingested" : "2024-03-29T07:27:02.253726916Z",
            "code" : "7040",
            "provider" : "Service Control Manager",
            "created" : "2024-03-29T07:26:57.775Z",
            "kind" : "event",
            "action" : "None"
          },
          "message" : "Windows Modules Installer 服務的啟動類型已從 demand start 變更為 auto start。"
        }
      },
      {
        "_index" : "ids-2018-172.31.64.54",
        "_id" : "w_gaiY4B6U4O_9c52oRw",
        "_score" : 0.0,
        "_source" : {
          "agent" : {
            "name" : "CHPIYR2",
            "id" : "60d66234-2dc5-408a-9a6e-a0a6278a7ae3",
            "type" : "winlogbeat",
            "ephemeral_id" : "a38bfb66-0be3-4ce7-b3df-f61ec8d052f8",
            "version" : "8.11.3"
          },
          "@timestamp" : "2018-01-18T18:08:29.664Z",
          "winlog" : {
            "computer_name" : "DESKTOP-AN3U28N",
            "process" : {
              "pid" : 704,
              "thread" : {
                "id" : 1188
              }
            },
            "keywords" : [
              "傳統"
            ],
            "channel" : "System",
            "event_data" : {
              "param3" : "demand start",
              "param4" : "TrustedInstaller",
              "param1" : "Windows Modules Installer",
              "param2" : "auto start"
            },
            "opcode" : "Info",
            "record_id" : 1081,
            "event_id" : "7040",
            "task" : "None",
            "provider_guid" : "{555908d1-a6d7-4695-8e1e-26931d2012f4}",
            "api" : "wineventlog",
            "provider_name" : "Service Control Manager",
            "user" : {
              "identifier" : "S-1-5-18",
              "domain" : "NT AUTHORITY",
              "name" : "SYSTEM",
              "type" : "Well Known Group"
            }
          },
          "ecs" : {
            "version" : "8.0.0"
          },
          "log" : {
            "file" : {
              "path" : "D:\\AIXSOAR\\IDS_2018\\logs_2018-02-15\\DESKTOP-AN3U28N-172.31.64.54.evtx"
            },
            "level" : "資訊"
          },
          "host" : {
            "os" : {
              "type" : "windows",
              "family" : "windows"
            },
            "name" : "DESKTOP-AN3U28N"
          },
          "message" : "Windows Modules Installer 服務的啟動類型已從 auto start 變更為 demand start。",
          "event" : {
            "ingested" : "2024-03-29T07:27:02.253823614Z",
            "code" : "7040",
            "provider" : "Service Control Manager",
            "created" : "2024-03-29T07:26:57.775Z",
            "kind" : "event",
            "action" : "None"
          }
        }
      },
      {
        "_index" : "ids-2018-172.31.64.54",
        "_id" : "xPgaiY4B6U4O_9c52oRw",
        "_score" : 0.0,
        "_source" : {
          "agent" : {
            "name" : "CHPIYR2",
            "id" : "60d66234-2dc5-408a-9a6e-a0a6278a7ae3",
            "type" : "winlogbeat",
            "ephemeral_id" : "a38bfb66-0be3-4ce7-b3df-f61ec8d052f8",
            "version" : "8.11.3"
          },
          "@timestamp" : "2018-01-18T18:08:29.664Z",
          "winlog" : {
            "computer_name" : "DESKTOP-AN3U28N",
            "process" : {
              "pid" : 704,
              "thread" : {
                "id" : 1188
              }
            },
            "keywords" : [
              "傳統"
            ],
            "channel" : "System",
            "event_data" : {
              "param3" : "auto start",
              "param4" : "TrustedInstaller",
              "param1" : "Windows Modules Installer",
              "param2" : "demand start"
            },
            "opcode" : "Info",
            "record_id" : 1082,
            "event_id" : "7040",
            "task" : "None",
            "provider_guid" : "{555908d1-a6d7-4695-8e1e-26931d2012f4}",
            "api" : "wineventlog",
            "provider_name" : "Service Control Manager",
            "user" : {
              "identifier" : "S-1-5-18",
              "domain" : "NT AUTHORITY",
              "name" : "SYSTEM",
              "type" : "Well Known Group"
            }
          },
          "ecs" : {
            "version" : "8.0.0"
          },
          "log" : {
            "file" : {
              "path" : "D:\\AIXSOAR\\IDS_2018\\logs_2018-02-15\\DESKTOP-AN3U28N-172.31.64.54.evtx"
            },
            "level" : "資訊"
          },
          "host" : {
            "os" : {
              "type" : "windows",
              "family" : "windows"
            },
            "name" : "DESKTOP-AN3U28N"
          },
          "event" : {
            "ingested" : "2024-03-29T07:27:02.253921457Z",
            "code" : "7040",
            "provider" : "Service Control Manager",
            "created" : "2024-03-29T07:26:57.775Z",
            "kind" : "event",
            "action" : "None"
          },
          "message" : "Windows Modules Installer 服務的啟動類型已從 demand start 變更為 auto start。"
        }
      },
