{
  "took" : 2,
  "timed_out" : false,
  "_shards" : {
    "total" : 1,
    "successful" : 1,
    "skipped" : 0,
    "failed" : 0
  },
  "hits" : {
    "total" : {
      "value" : 51,
      "relation" : "eq"
    },
    "max_score" : 0.0,
    "hits" : [
      {
        "_index" : "ids-2018-172.31.64.54",
        "_id" : "kfgfiY4B6U4O_9c58L0k",
        "_score" : 0.0,
        "_source" : {
          "agent" : {
            "name" : "CHPIYR2",
            "id" : "60d66234-2dc5-408a-9a6e-a0a6278a7ae3",
            "type" : "winlogbeat",
            "ephemeral_id" : "6a77f265-064f-4f9a-b644-2b115b221d8a",
            "version" : "8.11.3"
          },
          "@timestamp" : "2018-03-02T10:48:58.731Z",
          "winlog" : {
            "computer_name" : "DESKTOP-AN3U28N",
            "process" : {
              "pid" : 508,
              "thread" : {
                "id" : 5604
              }
            },
            "keywords" : [
              "下載",
              "已開始"
            ],
            "channel" : "System",
            "event_data" : {
              "updateRevisionNumber" : "212",
              "updateGuid" : "{4c30a41c-c973-40a1-8657-ce70ce82a45a}",
              "updateTitle" : "Update for Windows 10 for x64-based Systems (KB4023814)"
            },
            "opcode" : "下載",
            "version" : 1,
            "record_id" : 3467,
            "task" : "Windows Update 代理程式",
            "event_id" : "44",
            "provider_guid" : "{945a8954-c147-4acd-923f-40c45405a658}",
            "api" : "wineventlog",
            "provider_name" : "Microsoft-Windows-WindowsUpdateClient",
            "user" : {
              "identifier" : "S-1-5-18",
              "domain" : "NT AUTHORITY",
              "name" : "SYSTEM",
              "type" : "Well Known Group"
            }
          },
          "ecs" : {
            "version" : "8.0.0"
          },
          "log" : {
            "file" : {
              "path" : "D:\\AIXSOAR\\IDS_2018\\logs_2018-03-02\\DESKTOP-AN3U28N-172.31.64.54.evtx"
            },
            "level" : "資訊"
          },
          "host" : {
            "os" : {
              "type" : "windows",
              "family" : "windows"
            },
            "name" : "DESKTOP-AN3U28N"
          },
          "event" : {
            "ingested" : "2024-03-29T07:32:35.488544519Z",
            "code" : "44",
            "provider" : "Microsoft-Windows-WindowsUpdateClient",
            "created" : "2024-03-29T07:32:34.596Z",
            "kind" : "event",
            "action" : "Windows Update 代理程式"
          },
          "message" : "Windows Update 已開始下載更新。"
        }
      },
      {
        "_index" : "ids-2018-172.31.64.54",
        "_id" : "kvgfiY4B6U4O_9c58L0k",
        "_score" : 0.0,
        "_source" : {
          "agent" : {
            "name" : "CHPIYR2",
            "id" : "60d66234-2dc5-408a-9a6e-a0a6278a7ae3",
            "type" : "winlogbeat",
            "ephemeral_id" : "6a77f265-064f-4f9a-b644-2b115b221d8a",
            "version" : "8.11.3"
          },
          "@timestamp" : "2018-03-02T10:49:01.708Z",
          "winlog" : {
            "computer_name" : "DESKTOP-AN3U28N",
            "process" : {
              "pid" : 508,
              "thread" : {
                "id" : 5604
              }
            },
            "keywords" : [
              "下載",
              "已開始"
            ],
            "channel" : "System",
            "event_data" : {
              "updateRevisionNumber" : "200",
              "updateGuid" : "{920b3322-47b0-447e-bf91-45517e5d5d88}",
              "updateTitle" : "Definition Update for Windows Defender Antivirus - KB2267602 (Definition 1.263.71.0)"
            },
            "opcode" : "下載",
            "version" : 1,
            "record_id" : 3468,
            "task" : "Windows Update 代理程式",
            "event_id" : "44",
            "provider_guid" : "{945a8954-c147-4acd-923f-40c45405a658}",
            "api" : "wineventlog",
            "provider_name" : "Microsoft-Windows-WindowsUpdateClient",
            "user" : {
              "identifier" : "S-1-5-18",
              "domain" : "NT AUTHORITY",
              "name" : "SYSTEM",
              "type" : "Well Known Group"
            }
          },
          "ecs" : {
            "version" : "8.0.0"
          },
          "log" : {
            "file" : {
              "path" : "D:\\AIXSOAR\\IDS_2018\\logs_2018-03-02\\DESKTOP-AN3U28N-172.31.64.54.evtx"
            },
            "level" : "資訊"
          },
          "host" : {
            "os" : {
              "type" : "windows",
              "family" : "windows"
            },
            "name" : "DESKTOP-AN3U28N"
          },
          "event" : {
            "ingested" : "2024-03-29T07:32:35.488565237Z",
            "code" : "44",
            "provider" : "Microsoft-Windows-WindowsUpdateClient",
            "kind" : "event",
            "created" : "2024-03-29T07:32:34.596Z",
            "action" : "Windows Update 代理程式"
          },
          "message" : "Windows Update 已開始下載更新。"
        }
      },
      {
        "_index" : "ids-2018-172.31.64.54",
        "_id" : "k_gfiY4B6U4O_9c58L0k",
        "_score" : 0.0,
        "_ignored" : [
          "message.keyword"
        ],
        "_source" : {
          "agent" : {
            "name" : "CHPIYR2",
            "id" : "60d66234-2dc5-408a-9a6e-a0a6278a7ae3",
            "type" : "winlogbeat",
            "ephemeral_id" : "6a77f265-064f-4f9a-b644-2b115b221d8a",
            "version" : "8.11.3"
          },
          "@timestamp" : "2018-03-02T12:15:43.030Z",
          "winlog" : {
            "computer_name" : "DESKTOP-AN3U28N",
            "process" : {
              "pid" : 808,
              "thread" : {
                "id" : 5992
              }
            },
            "keywords" : [
              "傳統"
            ],
            "channel" : "System",
            "event_data" : {
              "param7" : "NETWORK SERVICE",
              "param8" : "S-1-5-20",
              "param5" : "{9CA88EE3-ACB7-47C8-AFC4-AB702511C276}",
              "param6" : "NT AUTHORITY",
              "param9" : "LocalHost (Using LRPC)",
              "param10" : "Unavailable",
              "param11" : "Unavailable",
              "param3" : "Activation",
              "param4" : "{D63B10C5-BB46-4990-A94F-E40B9D520160}",
              "param1" : "application-specific",
              "param2" : "Local"
            },
            "opcode" : "資訊",
            "record_id" : 3469,
            "event_id" : "10016",
            "task" : "None",
            "provider_guid" : "{1B562E86-B7AA-4131-BADC-B6F3A001407E}",
            "api" : "wineventlog",
            "provider_name" : "Microsoft-Windows-DistributedCOM",
            "user" : {
              "identifier" : "S-1-5-20",
              "domain" : "NT AUTHORITY",
              "name" : "NETWORK SERVICE",
              "type" : "Well Known Group"
            }
          },
          "ecs" : {
            "version" : "8.0.0"
          },
          "log" : {
            "file" : {
              "path" : "D:\\AIXSOAR\\IDS_2018\\logs_2018-03-02\\DESKTOP-AN3U28N-172.31.64.54.evtx"
            },
            "level" : "錯誤"
          },
          "host" : {
            "os" : {
              "type" : "windows",
              "family" : "windows"
            },
            "name" : "DESKTOP-AN3U28N"
          },
          "message" : "application-specific 權限設定無法將含有 CLSID \n{D63B10C5-BB46-4990-A94F-E40B9D520160}\n 與 APPID \n{9CA88EE3-ACB7-47C8-AFC4-AB702511C276}\n 之 COM 伺服器應用程式的 Local Activation 權限授與來自位址 LocalHost (Using LRPC) (在應用程式容器 Unavailable SID (Unavailable) 中執行) 的使用者 NT AUTHORITY\\NETWORK SERVICE SID (S-1-5-20)。您可以使用元件服務系統管理工具修改此安全性權限。",
          "event" : {
            "ingested" : "2024-03-29T07:32:35.488589909Z",
            "code" : "10016",
            "provider" : "Microsoft-Windows-DistributedCOM",
            "created" : "2024-03-29T07:32:34.596Z",
            "kind" : "event",
            "action" : "None"
          }
        }
      },
      {
        "_index" : "ids-2018-172.31.64.54",
        "_id" : "lPgfiY4B6U4O_9c58L0k",
        "_score" : 0.0,
        "_source" : {
          "agent" : {
            "name" : "CHPIYR2",
            "id" : "60d66234-2dc5-408a-9a6e-a0a6278a7ae3",
            "type" : "winlogbeat",
            "ephemeral_id" : "6a77f265-064f-4f9a-b644-2b115b221d8a",
            "version" : "8.11.3"
          },
          "@timestamp" : "2018-03-02T12:25:44.750Z",
          "winlog" : {
            "computer_name" : "DESKTOP-AN3U28N",
            "process" : {
              "pid" : 508,
              "thread" : {
                "id" : 4876
              }
            },
            "keywords" : [
              "下載",
              "已開始"
            ],
            "channel" : "System",
            "event_data" : {
              "updateRevisionNumber" : "200",
              "updateGuid" : "{5d984a0b-d03a-42ba-b7bb-1a4d7e2d4bc2}",
              "updateTitle" : "Definition Update for Windows Defender Antivirus - KB2267602 (Definition 1.263.75.0)"
            },
            "opcode" : "下載",
            "version" : 1,
            "record_id" : 3470,
            "event_id" : "44",
            "task" : "Windows Update 代理程式",
            "provider_guid" : "{945a8954-c147-4acd-923f-40c45405a658}",
            "api" : "wineventlog",
            "provider_name" : "Microsoft-Windows-WindowsUpdateClient",
            "user" : {
              "identifier" : "S-1-5-18",
              "domain" : "NT AUTHORITY",
              "name" : "SYSTEM",
              "type" : "Well Known Group"
            }
          },
          "ecs" : {
            "version" : "8.0.0"
          },
          "log" : {
            "file" : {
              "path" : "D:\\AIXSOAR\\IDS_2018\\logs_2018-03-02\\DESKTOP-AN3U28N-172.31.64.54.evtx"
            },
            "level" : "資訊"
          },
          "host" : {
            "os" : {
              "type" : "windows",
              "family" : "windows"
            },
            "name" : "DESKTOP-AN3U28N"
          },
          "event" : {
            "ingested" : "2024-03-29T07:32:35.488612335Z",
            "code" : "44",
            "provider" : "Microsoft-Windows-WindowsUpdateClient",
            "created" : "2024-03-29T07:32:34.596Z",
            "kind" : "event",
            "action" : "Windows Update 代理程式"
          },
          "message" : "Windows Update 已開始下載更新。"
        }
      },
      {
        "_index" : "ids-2018-172.31.64.54",
        "_id" : "lfgfiY4B6U4O_9c58L0k",
        "_score" : 0.0,
        "_source" : {
          "agent" : {
            "name" : "CHPIYR2",
            "id" : "60d66234-2dc5-408a-9a6e-a0a6278a7ae3",
            "type" : "winlogbeat",
            "ephemeral_id" : "6a77f265-064f-4f9a-b644-2b115b221d8a",
            "version" : "8.11.3"
          },
          "@timestamp" : "2018-03-02T12:25:44.750Z",
          "winlog" : {
            "computer_name" : "DESKTOP-AN3U28N",
            "process" : {
              "pid" : 508,
              "thread" : {
                "id" : 4876
              }
            },
            "keywords" : [
              "安裝",
              "已開始"
            ],
            "channel" : "System",
            "event_data" : {
              "updateRevisionNumber" : "200",
              "updateGuid" : "{5d984a0b-d03a-42ba-b7bb-1a4d7e2d4bc2}",
              "updateTitle" : "Definition Update for Windows Defender Antivirus - KB2267602 (Definition 1.263.75.0)"
            },
            "opcode" : "安裝",
            "version" : 1,
            "record_id" : 3471,
            "event_id" : "43",
            "task" : "Windows Update 代理程式",
            "provider_guid" : "{945a8954-c147-4acd-923f-40c45405a658}",
            "api" : "wineventlog",
            "provider_name" : "Microsoft-Windows-WindowsUpdateClient",
            "user" : {
              "identifier" : "S-1-5-18",
              "domain" : "NT AUTHORITY",
              "name" : "SYSTEM",
              "type" : "Well Known Group"
            }
          },
          "ecs" : {
            "version" : "8.0.0"
          },
          "log" : {
            "file" : {
              "path" : "D:\\AIXSOAR\\IDS_2018\\logs_2018-03-02\\DESKTOP-AN3U28N-172.31.64.54.evtx"
            },
            "level" : "資訊"
          },
          "host" : {
            "os" : {
              "type" : "windows",
              "family" : "windows"
            },
            "name" : "DESKTOP-AN3U28N"
          },
          "event" : {
            "ingested" : "2024-03-29T07:32:35.488632431Z",
            "code" : "43",
            "provider" : "Microsoft-Windows-WindowsUpdateClient",
            "kind" : "event",
            "created" : "2024-03-29T07:32:34.596Z",
            "action" : "Windows Update 代理程式"
          },
          "message" : "已開始安裝: Windows 已開始安裝下列更新: Definition Update for Windows Defender Antivirus - KB2267602 (Definition 1.263.75.0)"
        }
      },
      {
        "_index" : "ids-2018-172.31.64.54",
        "_id" : "lvgfiY4B6U4O_9c58L0k",
        "_score" : 0.0,
        "_source" : {
          "agent" : {
            "name" : "CHPIYR2",
            "id" : "60d66234-2dc5-408a-9a6e-a0a6278a7ae3",
            "type" : "winlogbeat",
            "ephemeral_id" : "6a77f265-064f-4f9a-b644-2b115b221d8a",
            "version" : "8.11.3"
          },
          "@timestamp" : "2018-03-02T12:26:09.265Z",
          "winlog" : {
            "computer_name" : "DESKTOP-AN3U28N",
            "process" : {
              "pid" : 508,
              "thread" : {
                "id" : 4876
              }
            },
            "keywords" : [
              "安裝",
              "失敗"
            ],
            "channel" : "System",
            "event_data" : {
              "updateRevisionNumber" : "200",
              "updateGuid" : "{5d984a0b-d03a-42ba-b7bb-1a4d7e2d4bc2}",
              "serviceGuid" : "{9482f4b4-e343-43b6-b170-9a65bc822c77}",
              "errorCode" : "0x80070643",
              "updateTitle" : "Definition Update for Windows Defender Antivirus - KB2267602 (Definition 1.263.75.0)"
            },
            "opcode" : "安裝",
            "version" : 1,
            "record_id" : 3472,
            "event_id" : "20",
            "task" : "Windows Update 代理程式",
            "provider_guid" : "{945a8954-c147-4acd-923f-40c45405a658}",
            "api" : "wineventlog",
            "provider_name" : "Microsoft-Windows-WindowsUpdateClient",
            "user" : {
              "identifier" : "S-1-5-18",
              "domain" : "NT AUTHORITY",
              "name" : "SYSTEM",
              "type" : "Well Known Group"
            }
          },
          "ecs" : {
            "version" : "8.0.0"
          },
          "log" : {
            "file" : {
              "path" : "D:\\AIXSOAR\\IDS_2018\\logs_2018-03-02\\DESKTOP-AN3U28N-172.31.64.54.evtx"
            },
            "level" : "錯誤"
          },
          "host" : {
            "os" : {
              "type" : "windows",
              "family" : "windows"
            },
            "name" : "DESKTOP-AN3U28N"
          },
          "event" : {
            "ingested" : "2024-03-29T07:32:35.488653566Z",
            "code" : "20",
            "provider" : "Microsoft-Windows-WindowsUpdateClient",
            "created" : "2024-03-29T07:32:34.596Z",
            "kind" : "event",
            "action" : "Windows Update 代理程式"
          },
          "message" : "安裝失敗: Windows 無法安裝下列更新，錯誤 0x80070643: Definition Update for Windows Defender Antivirus - KB2267602 (Definition 1.263.75.0)。"
        }
      },
      {
        "_index" : "ids-2018-172.31.64.54",
        "_id" : "l_gfiY4B6U4O_9c58L0k",
        "_score" : 0.0,
        "_source" : {
          "agent" : {
            "name" : "CHPIYR2",
            "id" : "60d66234-2dc5-408a-9a6e-a0a6278a7ae3",
            "type" : "winlogbeat",
            "ephemeral_id" : "6a77f265-064f-4f9a-b644-2b115b221d8a",
            "version" : "8.11.3"
          },
          "@timestamp" : "2018-03-02T12:45:27.607Z",
          "winlog" : {
            "computer_name" : "DESKTOP-AN3U28N",
            "process" : {
              "pid" : 536,
              "thread" : {
                "id" : 616
              }
            },
            "keywords" : [
              "傳統"
            ],
            "channel" : "System",
            "event_data" : {
              "param7" : "NT AUTHORITY\\SYSTEM",
              "param5" : "restart",
              "param3" : "No title for this reason could be found",
              "param4" : "0x8000000c",
              "param1" : "C:\\Program Files\\Amazon\\XenTools\\LiteAgent.exe (DESKTOP-AN3U28N)",
              "param2" : "DESKTOP-AN3U28N"
            },
            "opcode" : "Info",
            "record_id" : 3473,
            "task" : "None",
            "event_id" : "1074",
            "provider_guid" : "{b0aa8734-56f7-41cc-b2f4-de228e98b946}",
            "api" : "wineventlog",
            "provider_name" : "User32",
            "user" : {
              "identifier" : "S-1-5-18",
              "domain" : "NT AUTHORITY",
              "name" : "SYSTEM",
              "type" : "Well Known Group"
            }
          },
          "ecs" : {
            "version" : "8.0.0"
          },
          "log" : {
            "file" : {
              "path" : "D:\\AIXSOAR\\IDS_2018\\logs_2018-03-02\\DESKTOP-AN3U28N-172.31.64.54.evtx"
            },
            "level" : "資訊"
          },
          "host" : {
            "os" : {
              "type" : "windows",
              "family" : "windows"
            },
            "name" : "DESKTOP-AN3U28N"
          },
          "event" : {
            "ingested" : "2024-03-29T07:32:35.488674748Z",
            "code" : "1074",
            "provider" : "User32",
            "created" : "2024-03-29T07:32:34.596Z",
            "kind" : "event",
            "action" : "None"
          },
          "message" : "處理程序 C:\\Program Files\\Amazon\\XenTools\\LiteAgent.exe (DESKTOP-AN3U28N)已代表使用者 NT AUTHORITY\\SYSTEM，啟動電腦 DESKTOP-AN3U28N 的 restart，原因如下: No title for this reason could be found\n 理由代碼: 0x8000000c\n 關機類型: restart\n 註解: "
        }
      },
      {
        "_index" : "ids-2018-172.31.64.54",
        "_id" : "mPgfiY4B6U4O_9c58L0k",
        "_score" : 0.0,
        "_source" : {
          "agent" : {
            "name" : "CHPIYR2",
            "id" : "60d66234-2dc5-408a-9a6e-a0a6278a7ae3",
            "type" : "winlogbeat",
            "ephemeral_id" : "6a77f265-064f-4f9a-b644-2b115b221d8a",
            "version" : "8.11.3"
          },
          "@timestamp" : "2018-03-02T12:45:28.497Z",
          "winlog" : {
            "record_id" : 3474,
            "computer_name" : "DESKTOP-AN3U28N",
            "process" : {
              "pid" : 676,
              "thread" : {
                "id" : 3628
              }
            },
            "task" : "None",
            "event_id" : "7031",
            "keywords" : [
              "傳統"
            ],
            "provider_guid" : "{555908d1-a6d7-4695-8e1e-26931d2012f4}",
            "channel" : "System",
            "event_data" : {
              "param5" : "Restart the service",
              "Binary" : "4F006E006500530079006E0063005300760063005F00530065007300730069006F006E0031000000",
              "param3" : "10000",
              "param4" : "1",
              "param1" : "Sync Host_Session1",
              "param2" : "1"
            },
            "api" : "wineventlog",
            "provider_name" : "Service Control Manager",
            "opcode" : "Info"
          },
          "ecs" : {
            "version" : "8.0.0"
          },
          "log" : {
            "file" : {
              "path" : "D:\\AIXSOAR\\IDS_2018\\logs_2018-03-02\\DESKTOP-AN3U28N-172.31.64.54.evtx"
            },
            "level" : "錯誤"
          },
          "host" : {
            "os" : {
              "type" : "windows",
              "family" : "windows"
            },
            "name" : "DESKTOP-AN3U28N"
          },
          "message" : "Sync Host_Session1 服務意外終止，服務曾完成這項動作 1 次。以下的修正操作將在 10000 毫秒內執行: Restart the service。",
          "event" : {
            "ingested" : "2024-03-29T07:32:35.488695584Z",
            "code" : "7031",
            "provider" : "Service Control Manager",
            "kind" : "event",
            "created" : "2024-03-29T07:32:34.596Z",
            "action" : "None"
          }
        }
      },
      {
        "_index" : "ids-2018-172.31.64.54",
        "_id" : "mfgfiY4B6U4O_9c58L0k",
        "_score" : 0.0,
        "_source" : {
          "agent" : {
            "name" : "CHPIYR2",
            "id" : "60d66234-2dc5-408a-9a6e-a0a6278a7ae3",
            "type" : "winlogbeat",
            "ephemeral_id" : "6a77f265-064f-4f9a-b644-2b115b221d8a",
            "version" : "8.11.3"
          },
          "@timestamp" : "2018-03-02T12:45:30.000Z",
          "winlog" : {
            "record_id" : 3475,
            "computer_name" : "DESKTOP-AN3U28N",
            "event_id" : "6006",
            "task" : "None",
            "keywords" : [
              "傳統"
            ],
            "channel" : "System",
            "api" : "wineventlog",
            "event_data" : {
              "Binary" : "0100000000000000"
            },
            "provider_name" : "EventLog"
          },
          "ecs" : {
            "version" : "8.0.0"
          },
          "log" : {
            "file" : {
              "path" : "D:\\AIXSOAR\\IDS_2018\\logs_2018-03-02\\DESKTOP-AN3U28N-172.31.64.54.evtx"
            },
            "level" : "資訊"
          },
          "host" : {
            "os" : {
              "type" : "windows",
              "family" : "windows"
            },
            "name" : "DESKTOP-AN3U28N"
          },
          "event" : {
            "ingested" : "2024-03-29T07:32:35.488713398Z",
            "code" : "6006",
            "provider" : "EventLog",
            "kind" : "event",
            "created" : "2024-03-29T07:32:34.596Z",
            "action" : "None"
          },
          "message" : "事件記錄檔服務已中止。"
        }
      },
      {
        "_index" : "ids-2018-172.31.64.54",
        "_id" : "mvgfiY4B6U4O_9c58L0k",
        "_score" : 0.0,
        "_source" : {
          "agent" : {
            "name" : "CHPIYR2",
            "id" : "60d66234-2dc5-408a-9a6e-a0a6278a7ae3",
            "ephemeral_id" : "6a77f265-064f-4f9a-b644-2b115b221d8a",
            "type" : "winlogbeat",
            "version" : "8.11.3"
          },
          "@timestamp" : "2018-03-02T12:45:29.895Z",
          "winlog" : {
            "computer_name" : "DESKTOP-AN3U28N",
            "process" : {
              "pid" : 652,
              "thread" : {
                "id" : 900
              }
            },
            "keywords" : [
              "ms:Telemetry"
            ],
            "channel" : "System",
            "event_data" : {
              "UserSid" : "S-1-5-21-913095808-1976597276-3100954228-500",
              "TSId" : "1"
            },
            "opcode" : "資訊",
            "record_id" : 3476,
            "event_id" : "7002",
            "task" : "WinSqmUserLogoff",
            "provider_guid" : "{dbe9b383-7cf3-4331-91cc-a3cb16a3b538}",
            "api" : "wineventlog",
            "provider_name" : "Microsoft-Windows-Winlogon",
            "user" : {
              "identifier" : "S-1-5-18",
              "domain" : "NT AUTHORITY",
              "name" : "SYSTEM",
              "type" : "Well Known Group"
            }
          },
          "ecs" : {
            "version" : "8.0.0"
          },
          "log" : {
            "file" : {
              "path" : "D:\\AIXSOAR\\IDS_2018\\logs_2018-03-02\\DESKTOP-AN3U28N-172.31.64.54.evtx"
            },
            "level" : "資訊"
          },
          "host" : {
            "os" : {
              "type" : "windows",
              "family" : "windows"
            },
            "name" : "DESKTOP-AN3U28N"
          },
          "message" : "客戶經驗改進計畫的使用者登出通知",
          "event" : {
            "ingested" : "2024-03-29T07:32:35.488731420Z",
            "code" : "7002",
            "provider" : "Microsoft-Windows-Winlogon",
            "created" : "2024-03-29T07:32:34.596Z",
            "kind" : "event",
            "action" : "WinSqmUserLogoff"
          }
        }
      },
      {
        "_index" : "ids-2018-172.31.64.54",
        "_id" : "m_gfiY4B6U4O_9c58L0k",
        "_score" : 0.0,
        "_source" : {
          "agent" : {
            "name" : "CHPIYR2",
            "id" : "60d66234-2dc5-408a-9a6e-a0a6278a7ae3",
            "type" : "winlogbeat",
            "ephemeral_id" : "6a77f265-064f-4f9a-b644-2b115b221d8a",
            "version" : "8.11.3"
          },
          "@timestamp" : "2018-03-02T12:45:30.259Z",
          "winlog" : {
            "computer_name" : "DESKTOP-AN3U28N",
            "record_id" : 3477,
            "process" : {
              "pid" : 484,
              "thread" : {
                "id" : 1296
              }
            },
            "task" : "Service State Event",
            "event_id" : "51047",
            "provider_guid" : "{6a1f2b00-6a90-4c38-95a5-5cab3b056778}",
            "channel" : "System",
            "event_data" : {
              "DwordVal" : "1"
            },
            "api" : "wineventlog",
            "opcode" : "ServiceStop",
            "provider_name" : "Microsoft-Windows-DHCPv6-Client",
            "user" : {
              "identifier" : "S-1-5-19",
              "domain" : "NT AUTHORITY",
              "name" : "LOCAL SERVICE",
              "type" : "Well Known Group"
            }
          },
          "ecs" : {
            "version" : "8.0.0"
          },
          "log" : {
            "file" : {
              "path" : "D:\\AIXSOAR\\IDS_2018\\logs_2018-03-02\\DESKTOP-AN3U28N-172.31.64.54.evtx"
            },
            "level" : "資訊"
          },
          "host" : {
            "os" : {
              "type" : "windows",
              "family" : "windows"
            },
            "name" : "DESKTOP-AN3U28N"
          },
          "event" : {
            "ingested" : "2024-03-29T07:32:35.488749824Z",
            "code" : "51047",
            "provider" : "Microsoft-Windows-DHCPv6-Client",
            "created" : "2024-03-29T07:32:34.596Z",
            "kind" : "event",
            "action" : "Service State Event"
          },
          "message" : "DHCPv6 用戶端服務已停止。關機旗標值是 1"
        }
      },
      {
        "_index" : "ids-2018-172.31.64.54",
        "_id" : "nPgfiY4B6U4O_9c58L0k",
        "_score" : 0.0,
        "_source" : {
          "agent" : {
            "name" : "CHPIYR2",
            "id" : "60d66234-2dc5-408a-9a6e-a0a6278a7ae3",
            "type" : "winlogbeat",
            "ephemeral_id" : "6a77f265-064f-4f9a-b644-2b115b221d8a",
            "version" : "8.11.3"
          },
          "@timestamp" : "2018-03-02T12:45:30.297Z",
          "winlog" : {
            "record_id" : 3478,
            "computer_name" : "DESKTOP-AN3U28N",
            "process" : {
              "pid" : 484,
              "thread" : {
                "id" : 1288
              }
            },
            "event_id" : "50037",
            "task" : "服務狀態事件",
            "provider_guid" : "{15a7a4f8-0072-4eab-abad-f98a4d666aed}",
            "channel" : "System",
            "event_data" : {
              "DwordVal" : "1"
            },
            "api" : "wineventlog",
            "provider_name" : "Microsoft-Windows-Dhcp-Client",
            "opcode" : "ServiceStop",
            "user" : {
              "identifier" : "S-1-5-19",
              "domain" : "NT AUTHORITY",
              "name" : "LOCAL SERVICE",
              "type" : "Well Known Group"
            }
          },
          "ecs" : {
            "version" : "8.0.0"
          },
          "log" : {
            "file" : {
              "path" : "D:\\AIXSOAR\\IDS_2018\\logs_2018-03-02\\DESKTOP-AN3U28N-172.31.64.54.evtx"
            },
            "level" : "資訊"
          },
          "host" : {
            "os" : {
              "type" : "windows",
              "family" : "windows"
            },
            "name" : "DESKTOP-AN3U28N"
          },
          "event" : {
            "ingested" : "2024-03-29T07:32:35.488767483Z",
            "code" : "50037",
            "provider" : "Microsoft-Windows-Dhcp-Client",
            "kind" : "event",
            "created" : "2024-03-29T07:32:34.596Z",
            "action" : "服務狀態事件"
          },
          "message" : "DHCPv4 用戶端服務已停止。關機旗標值為 1"
        }
      },
      {
        "_index" : "ids-2018-172.31.64.54",
        "_id" : "nfgfiY4B6U4O_9c58L0k",
        "_score" : 0.0,
        "_source" : {
          "agent" : {
            "name" : "CHPIYR2",
            "id" : "60d66234-2dc5-408a-9a6e-a0a6278a7ae3",
            "type" : "winlogbeat",
            "ephemeral_id" : "6a77f265-064f-4f9a-b644-2b115b221d8a",
            "version" : "8.11.3"
          },
          "@timestamp" : "2018-03-02T12:46:16.000Z",
          "winlog" : {
            "computer_name" : "DESKTOP-AN3U28N",
            "record_id" : 3479,
            "event_id" : "6009",
            "task" : "None",
            "keywords" : [
              "傳統"
            ],
            "channel" : "System",
            "event_data" : {
              "param5" : "16384",
              "param4" : "Multiprocessor Free",
              "param1" : "10.00.",
              "param2" : "10240"
            },
            "api" : "wineventlog",
            "provider_name" : "EventLog"
          },
          "ecs" : {
            "version" : "8.0.0"
          },
          "log" : {
            "file" : {
              "path" : "D:\\AIXSOAR\\IDS_2018\\logs_2018-03-02\\DESKTOP-AN3U28N-172.31.64.54.evtx"
            },
            "level" : "資訊"
          },
          "host" : {
            "os" : {
              "type" : "windows",
              "family" : "windows"
            },
            "name" : "DESKTOP-AN3U28N"
          },
          "message" : "Microsoft (R) Windows (R) 10.00. 10240  Multiprocessor Free。",
          "event" : {
            "ingested" : "2024-03-29T07:32:35.488784613Z",
            "code" : "6009",
            "provider" : "EventLog",
            "kind" : "event",
            "created" : "2024-03-29T07:32:34.596Z",
            "action" : "None"
          }
        }
      },
      {
        "_index" : "ids-2018-172.31.64.54",
        "_id" : "nvgfiY4B6U4O_9c58L0k",
        "_score" : 0.0,
        "_source" : {
          "agent" : {
            "name" : "CHPIYR2",
            "id" : "60d66234-2dc5-408a-9a6e-a0a6278a7ae3",
            "ephemeral_id" : "6a77f265-064f-4f9a-b644-2b115b221d8a",
            "type" : "winlogbeat",
            "version" : "8.11.3"
          },
          "@timestamp" : "2018-03-02T12:46:16.000Z",
          "winlog" : {
            "record_id" : 3480,
            "computer_name" : "DESKTOP-AN3U28N",
            "task" : "None",
            "event_id" : "6005",
            "keywords" : [
              "傳統"
            ],
            "channel" : "System",
            "api" : "wineventlog",
            "event_data" : {
              "Binary" : "E2070300050002000C002E0010001D030000000000000000"
            },
            "provider_name" : "EventLog"
          },
          "ecs" : {
            "version" : "8.0.0"
          },
          "log" : {
            "file" : {
              "path" : "D:\\AIXSOAR\\IDS_2018\\logs_2018-03-02\\DESKTOP-AN3U28N-172.31.64.54.evtx"
            },
            "level" : "資訊"
          },
          "host" : {
            "os" : {
              "type" : "windows",
              "family" : "windows"
            },
            "name" : "DESKTOP-AN3U28N"
          },
          "message" : "事件記錄檔服務已啟動。",
          "event" : {
            "ingested" : "2024-03-29T07:32:35.488823285Z",
            "code" : "6005",
            "provider" : "EventLog",
            "created" : "2024-03-29T07:32:34.596Z",
            "kind" : "event",
            "action" : "None"
          }
        }
      },
      {
        "_index" : "ids-2018-172.31.64.54",
        "_id" : "n_gfiY4B6U4O_9c58L0k",
        "_score" : 0.0,
        "_ignored" : [
          "winlog.event_data.Binary.keyword"
        ],
        "_source" : {
          "agent" : {
            "name" : "CHPIYR2",
            "id" : "60d66234-2dc5-408a-9a6e-a0a6278a7ae3",
            "type" : "winlogbeat",
            "ephemeral_id" : "6a77f265-064f-4f9a-b644-2b115b221d8a",
            "version" : "8.11.3"
          },
          "@timestamp" : "2018-03-02T12:46:16.000Z",
          "winlog" : {
            "record_id" : 3481,
            "computer_name" : "DESKTOP-AN3U28N",
            "task" : "None",
            "event_id" : "6013",
            "keywords" : [
              "傳統"
            ],
            "channel" : "System",
            "event_data" : {
              "param7" : "240 Atlantic Standard Time",
              "param5" : "9",
              "param6" : "60",
              "Binary" : "31002E003100000030000000570069006E0064006F00770073002000310030002000500072006F000000310030002E0030002E003100300032003400300020004200750069006C0064002000310030003200340030002000200000004D0075006C0074006900700072006F0063006500730073006F007200200046007200650065000000310030003200340030002E007400680031002E003100350030003700300039002D00310037003000300000003500610032003600620065003300630000004E006F007400200041007600610069006C00610062006C00650000004E006F007400200041007600610069006C00610062006C006500000039000000310000003100300032003400000034003000390000004400450053004B0054004F0050002D0041004E0033005500320038004E0000000000"
            },
            "api" : "wineventlog",
            "provider_name" : "EventLog"
          },
          "ecs" : {
            "version" : "8.0.0"
          },
          "log" : {
            "file" : {
              "path" : "D:\\AIXSOAR\\IDS_2018\\logs_2018-03-02\\DESKTOP-AN3U28N-172.31.64.54.evtx"
            },
            "level" : "資訊"
          },
          "host" : {
            "os" : {
              "type" : "windows",
              "family" : "windows"
            },
            "name" : "DESKTOP-AN3U28N"
          },
          "message" : "系統執行時間是 9 秒。",
          "event" : {
            "ingested" : "2024-03-29T07:32:35.491381784Z",
            "code" : "6013",
            "provider" : "EventLog",
            "created" : "2024-03-29T07:32:34.596Z",
            "kind" : "event",
            "action" : "None"
          }
        }
      },
      {
        "_index" : "ids-2018-172.31.64.54",
        "_id" : "oPgfiY4B6U4O_9c58L0k",
        "_score" : 0.0,
        "_source" : {
          "agent" : {
            "name" : "CHPIYR2",
            "id" : "60d66234-2dc5-408a-9a6e-a0a6278a7ae3",
            "type" : "winlogbeat",
            "ephemeral_id" : "6a77f265-064f-4f9a-b644-2b115b221d8a",
            "version" : "8.11.3"
          },
          "@timestamp" : "2018-03-02T12:45:35.239Z",
          "winlog" : {
            "record_id" : 3482,
            "computer_name" : "DESKTOP-AN3U28N",
            "process" : {
              "pid" : 596,
              "thread" : {
                "id" : 600
              }
            },
            "event_id" : "109",
            "task" : "ShutdownAction",
            "keywords" : [
              "ms:Telemetry",
              "po:Diagnostic"
            ],
            "provider_guid" : "{331c3b3a-2005-44c2-ac5e-77220c37d6b4}",
            "channel" : "System",
            "event_data" : {
              "ShutdownActionType" : "5",
              "ShutdownEventCode" : "0",
              "ShutdownReason" : "5"
            },
            "api" : "wineventlog",
            "opcode" : "資訊",
            "provider_name" : "Microsoft-Windows-Kernel-Power"
          },
          "ecs" : {
            "version" : "8.0.0"
          },
          "log" : {
            "file" : {
              "path" : "D:\\AIXSOAR\\IDS_2018\\logs_2018-03-02\\DESKTOP-AN3U28N-172.31.64.54.evtx"
            },
            "level" : "資訊"
          },
          "host" : {
            "os" : {
              "type" : "windows",
              "family" : "windows"
            },
            "name" : "DESKTOP-AN3U28N"
          },
          "message" : "核心電源管理員已起始關機轉換。\n\n動作： Power Action Reboot \n事件代碼： 0x0 \n原因： Kernel API",
          "event" : {
            "ingested" : "2024-03-29T07:32:35.491462843Z",
            "code" : "109",
            "provider" : "Microsoft-Windows-Kernel-Power",
            "created" : "2024-03-29T07:32:34.596Z",
            "kind" : "event",
            "action" : "ShutdownAction"
          }
        }
      },
      {
        "_index" : "ids-2018-172.31.64.54",
        "_id" : "ofgfiY4B6U4O_9c58L0k",
        "_score" : 0.0,
        "_source" : {
          "agent" : {
            "name" : "CHPIYR2",
            "id" : "60d66234-2dc5-408a-9a6e-a0a6278a7ae3",
            "type" : "winlogbeat",
            "ephemeral_id" : "6a77f265-064f-4f9a-b644-2b115b221d8a",
            "version" : "8.11.3"
          },
          "@timestamp" : "2018-03-02T12:45:35.799Z",
          "winlog" : {
            "record_id" : 3483,
            "computer_name" : "DESKTOP-AN3U28N",
            "process" : {
              "pid" : 4,
              "thread" : {
                "id" : 2588
              }
            },
            "event_id" : "13",
            "task" : "None",
            "provider_guid" : "{a68ca8b7-004f-d7b6-a698-07e2de0f1f5d}",
            "channel" : "System",
            "event_data" : {
              "StopTime" : "2018-03-02T12:45:35.7990450Z"
            },
            "api" : "wineventlog",
            "opcode" : "資訊",
            "provider_name" : "Microsoft-Windows-Kernel-General"
          },
          "ecs" : {
            "version" : "8.0.0"
          },
          "log" : {
            "file" : {
              "path" : "D:\\AIXSOAR\\IDS_2018\\logs_2018-03-02\\DESKTOP-AN3U28N-172.31.64.54.evtx"
            },
            "level" : "資訊"
          },
          "host" : {
            "os" : {
              "type" : "windows",
              "family" : "windows"
            },
            "name" : "DESKTOP-AN3U28N"
          },
          "message" : "作業系統已經在系統時間 ‎2018‎-‎03‎-‎02T12:45:35.799045000Z 關閉。",
          "event" : {
            "ingested" : "2024-03-29T07:32:35.491501078Z",
            "code" : "13",
            "provider" : "Microsoft-Windows-Kernel-General",
            "kind" : "event",
            "created" : "2024-03-29T07:32:34.596Z",
            "action" : "None"
          }
        }
      },
      {
        "_index" : "ids-2018-172.31.64.54",
        "_id" : "ovgfiY4B6U4O_9c58L0k",
        "_score" : 0.0,
        "_source" : {
          "agent" : {
            "name" : "CHPIYR2",
            "id" : "60d66234-2dc5-408a-9a6e-a0a6278a7ae3",
            "type" : "winlogbeat",
            "ephemeral_id" : "6a77f265-064f-4f9a-b644-2b115b221d8a",
            "version" : "8.11.3"
          },
          "@timestamp" : "2018-03-02T12:46:07.676Z",
          "winlog" : {
            "record_id" : 3484,
            "computer_name" : "DESKTOP-AN3U28N",
            "process" : {
              "pid" : 4,
              "thread" : {
                "id" : 8
              }
            },
            "task" : "None",
            "event_id" : "12",
            "provider_guid" : "{a68ca8b7-004f-d7b6-a698-07e2de0f1f5d}",
            "channel" : "System",
            "api" : "wineventlog",
            "event_data" : {
              "MajorVersion" : "10",
              "BootMode" : "0",
              "StartTime" : "2018-03-02T12:46:07.4846779Z",
              "ServiceVersion" : "0",
              "MinorVersion" : "0",
              "BuildVersion" : "10240",
              "QfeVersion" : "16384"
            },
            "opcode" : "資訊",
            "provider_name" : "Microsoft-Windows-Kernel-General",
            "user" : {
              "identifier" : "S-1-5-18",
              "domain" : "NT AUTHORITY",
              "name" : "SYSTEM",
              "type" : "Well Known Group"
            }
          },
          "ecs" : {
            "version" : "8.0.0"
          },
          "log" : {
            "file" : {
              "path" : "D:\\AIXSOAR\\IDS_2018\\logs_2018-03-02\\DESKTOP-AN3U28N-172.31.64.54.evtx"
            },
            "level" : "資訊"
          },
          "host" : {
            "os" : {
              "type" : "windows",
              "family" : "windows"
            },
            "name" : "DESKTOP-AN3U28N"
          },
          "event" : {
            "ingested" : "2024-03-29T07:32:35.491565042Z",
            "code" : "12",
            "provider" : "Microsoft-Windows-Kernel-General",
            "created" : "2024-03-29T07:32:34.597Z",
            "kind" : "event",
            "action" : "None"
          },
          "message" : "作業系統已經在系統時間 ‎2018‎-‎03‎-‎02T12:46:07.484677900Z 啟動。"
        }
      },
      {
        "_index" : "ids-2018-172.31.64.54",
        "_id" : "o_gfiY4B6U4O_9c58L0k",
        "_score" : 0.0,
        "_source" : {
          "agent" : {
            "name" : "CHPIYR2",
            "id" : "60d66234-2dc5-408a-9a6e-a0a6278a7ae3",
            "type" : "winlogbeat",
            "ephemeral_id" : "6a77f265-064f-4f9a-b644-2b115b221d8a",
            "version" : "8.11.3"
          },
          "@timestamp" : "2018-03-02T12:46:07.676Z",
          "winlog" : {
            "computer_name" : "DESKTOP-AN3U28N",
            "record_id" : 3485,
            "process" : {
              "pid" : 4,
              "thread" : {
                "id" : 8
              }
            },
            "event_id" : "20",
            "task" : "None",
            "provider_guid" : "{15ca44ff-4d7a-4baa-bba5-0998955e531e}",
            "channel" : "System",
            "event_data" : {
              "LastBootGood" : "true",
              "LastShutdownGood" : "true"
            },
            "api" : "wineventlog",
            "provider_name" : "Microsoft-Windows-Kernel-Boot",
            "opcode" : "資訊",
            "user" : {
              "identifier" : "S-1-5-18",
              "domain" : "NT AUTHORITY",
              "name" : "SYSTEM",
              "type" : "Well Known Group"
            }
          },
          "ecs" : {
            "version" : "8.0.0"
          },
          "log" : {
            "file" : {
              "path" : "D:\\AIXSOAR\\IDS_2018\\logs_2018-03-02\\DESKTOP-AN3U28N-172.31.64.54.evtx"
            },
            "level" : "資訊"
          },
          "host" : {
            "os" : {
              "type" : "windows",
              "family" : "windows"
            },
            "name" : "DESKTOP-AN3U28N"
          },
          "event" : {
            "ingested" : "2024-03-29T07:32:35.491599564Z",
            "code" : "20",
            "provider" : "Microsoft-Windows-Kernel-Boot",
            "kind" : "event",
            "created" : "2024-03-29T07:32:34.597Z",
            "action" : "None"
          },
          "message" : "上次關機的成功狀態為 true。上次開機的成功狀態為 true。"
        }
      },
      {
        "_index" : "ids-2018-172.31.64.54",
        "_id" : "pPgfiY4B6U4O_9c58L0k",
        "_score" : 0.0,
        "_source" : {
          "agent" : {
            "name" : "CHPIYR2",
            "id" : "60d66234-2dc5-408a-9a6e-a0a6278a7ae3",
            "type" : "winlogbeat",
            "ephemeral_id" : "6a77f265-064f-4f9a-b644-2b115b221d8a",
            "version" : "8.11.3"
          },
          "@timestamp" : "2018-03-02T12:46:07.676Z",
          "winlog" : {
            "record_id" : 3486,
            "computer_name" : "DESKTOP-AN3U28N",
            "process" : {
              "pid" : 4,
              "thread" : {
                "id" : 8
              }
            },
            "event_id" : "27",
            "task" : "None",
            "provider_guid" : "{15ca44ff-4d7a-4baa-bba5-0998955e531e}",
            "channel" : "System",
            "api" : "wineventlog",
            "event_data" : {
              "BootType" : "0"
            },
            "opcode" : "資訊",
            "provider_name" : "Microsoft-Windows-Kernel-Boot",
            "user" : {
              "identifier" : "S-1-5-18",
              "domain" : "NT AUTHORITY",
              "name" : "SYSTEM",
              "type" : "Well Known Group"
            }
          },
          "ecs" : {
            "version" : "8.0.0"
          },
          "log" : {
            "file" : {
              "path" : "D:\\AIXSOAR\\IDS_2018\\logs_2018-03-02\\DESKTOP-AN3U28N-172.31.64.54.evtx"
            },
            "level" : "資訊"
          },
          "host" : {
            "os" : {
              "type" : "windows",
              "family" : "windows"
            },
            "name" : "DESKTOP-AN3U28N"
          },
          "message" : "開機類型為 0x0。",
          "event" : {
            "ingested" : "2024-03-29T07:32:35.491628725Z",
            "code" : "27",
            "provider" : "Microsoft-Windows-Kernel-Boot",
            "created" : "2024-03-29T07:32:34.597Z",
            "kind" : "event",
            "action" : "None"
          }
        }
      },
      {
        "_index" : "ids-2018-172.31.64.54",
        "_id" : "pfgfiY4B6U4O_9c58L0k",
        "_score" : 0.0,
        "_source" : {
          "agent" : {
            "name" : "CHPIYR2",
            "id" : "60d66234-2dc5-408a-9a6e-a0a6278a7ae3",
            "type" : "winlogbeat",
            "ephemeral_id" : "6a77f265-064f-4f9a-b644-2b115b221d8a",
            "version" : "8.11.3"
          },
          "@timestamp" : "2018-03-02T12:46:07.676Z",
          "winlog" : {
            "record_id" : 3487,
            "computer_name" : "DESKTOP-AN3U28N",
            "process" : {
              "pid" : 4,
              "thread" : {
                "id" : 8
              }
            },
            "task" : "None",
            "event_id" : "25",
            "provider_guid" : "{15ca44ff-4d7a-4baa-bba5-0998955e531e}",
            "channel" : "System",
            "event_data" : {
              "BootMenuPolicy" : "1"
            },
            "api" : "wineventlog",
            "provider_name" : "Microsoft-Windows-Kernel-Boot",
            "opcode" : "資訊",
            "user" : {
              "identifier" : "S-1-5-18",
              "domain" : "NT AUTHORITY",
              "name" : "SYSTEM",
              "type" : "Well Known Group"
            }
          },
          "ecs" : {
            "version" : "8.0.0"
          },
          "log" : {
            "file" : {
              "path" : "D:\\AIXSOAR\\IDS_2018\\logs_2018-03-02\\DESKTOP-AN3U28N-172.31.64.54.evtx"
            },
            "level" : "資訊"
          },
          "host" : {
            "os" : {
              "type" : "windows",
              "family" : "windows"
            },
            "name" : "DESKTOP-AN3U28N"
          },
          "message" : "開機功能表原則為 0x1。",
          "event" : {
            "ingested" : "2024-03-29T07:32:35.491659333Z",
            "code" : "25",
            "provider" : "Microsoft-Windows-Kernel-Boot",
            "kind" : "event",
            "created" : "2024-03-29T07:32:34.597Z",
            "action" : "None"
          }
        }
      },
      {
        "_index" : "ids-2018-172.31.64.54",
        "_id" : "pvgfiY4B6U4O_9c58L0k",
        "_score" : 0.0,
        "_source" : {
          "agent" : {
            "name" : "CHPIYR2",
            "id" : "60d66234-2dc5-408a-9a6e-a0a6278a7ae3",
            "type" : "winlogbeat",
            "ephemeral_id" : "6a77f265-064f-4f9a-b644-2b115b221d8a",
            "version" : "8.11.3"
          },
          "@timestamp" : "2018-03-02T12:46:07.676Z",
          "winlog" : {
            "computer_name" : "DESKTOP-AN3U28N",
            "record_id" : 3488,
            "process" : {
              "pid" : 4,
              "thread" : {
                "id" : 8
              }
            },
            "event_id" : "18",
            "task" : "None",
            "provider_guid" : "{15ca44ff-4d7a-4baa-bba5-0998955e531e}",
            "channel" : "System",
            "event_data" : {
              "EntryCount" : "1"
            },
            "api" : "wineventlog",
            "opcode" : "資訊",
            "provider_name" : "Microsoft-Windows-Kernel-Boot",
            "user" : {
              "identifier" : "S-1-5-18",
              "domain" : "NT AUTHORITY",
              "name" : "SYSTEM",
              "type" : "Well Known Group"
            }
          },
          "ecs" : {
            "version" : "8.0.0"
          },
          "log" : {
            "file" : {
              "path" : "D:\\AIXSOAR\\IDS_2018\\logs_2018-03-02\\DESKTOP-AN3U28N-172.31.64.54.evtx"
            },
            "level" : "資訊"
          },
          "host" : {
            "os" : {
              "type" : "windows",
              "family" : "windows"
            },
            "name" : "DESKTOP-AN3U28N"
          },
          "event" : {
            "ingested" : "2024-03-29T07:32:35.491686710Z",
            "code" : "18",
            "provider" : "Microsoft-Windows-Kernel-Boot",
            "kind" : "event",
            "created" : "2024-03-29T07:32:34.597Z",
            "action" : "None"
          },
          "message" : "此系統上有 0x1 個開機選項。"
        }
      },
