      {
        "_index" : "ids-2018-172.31.64.54",
        "_id" : "9vgeiY4B6U4O_9c5256Y",
        "_score" : 0.0,
        "_source" : {
          "agent" : {
            "name" : "CHPIYR2",
            "id" : "60d66234-2dc5-408a-9a6e-a0a6278a7ae3",
            "ephemeral_id" : "c6ebe2c3-8b53-4b62-91bb-78491404bbe4",
            "type" : "winlogbeat",
            "version" : "8.11.3"
          },
          "@timestamp" : "2018-01-29T12:33:36.054Z",
          "winlog" : {
            "record_id" : 2208,
            "computer_name" : "DESKTOP-AN3U28N",
            "process" : {
              "pid" : 792,
              "thread" : {
                "id" : 1240
              }
            },
            "event_id" : "414",
            "task" : "Task Misconfiguration",
            "provider_guid" : "{de7b24ea-73c8-4a09-985d-5bdadcfa9017}",
            "channel" : "System",
            "event_data" : {
              "TaskName" : "NT TASK\\Microsoft\\Windows\\rempl\\shell-restore",
              "Parameter" : "%ProgramFiles%\\rempl\\remsh.exe"
            },
            "api" : "wineventlog",
            "opcode" : "資訊",
            "provider_name" : "Microsoft-Windows-TaskScheduler",
            "user" : {
              "identifier" : "S-1-5-18",
              "domain" : "NT AUTHORITY",
              "name" : "SYSTEM",
              "type" : "Well Known Group"
            }
          },
          "ecs" : {
            "version" : "8.0.0"
          },
          "log" : {
            "file" : {
              "path" : "D:\\AIXSOAR\\IDS_2018\\logs_2018-02-23\\DESKTOP-AN3U28N-172.31.64.54.evtx"
            },
            "level" : "警告"
          },
          "host" : {
            "os" : {
              "type" : "windows",
              "family" : "windows"
            },
            "name" : "DESKTOP-AN3U28N"
          },
          "event" : {
            "ingested" : "2024-03-29T07:31:24.693565353Z",
            "code" : "414",
            "provider" : "Microsoft-Windows-TaskScheduler",
            "created" : "2024-03-29T07:31:23.965Z",
            "kind" : "event",
            "action" : "Task Misconfiguration"
          },
          "message" : "工作排程器服務在 NT TASK\\Microsoft\\Windows\\rempl\\shell-restore 定義中找到設定錯誤。其他資料: 錯誤值: %ProgramFiles%\\rempl\\remsh.exe。"
        }
      },
      {
        "_index" : "ids-2018-172.31.64.54",
        "_id" : "9_geiY4B6U4O_9c5256Y",
        "_score" : 0.0,
        "_source" : {
          "agent" : {
            "name" : "CHPIYR2",
            "id" : "60d66234-2dc5-408a-9a6e-a0a6278a7ae3",
            "ephemeral_id" : "c6ebe2c3-8b53-4b62-91bb-78491404bbe4",
            "type" : "winlogbeat",
            "version" : "8.11.3"
          },
          "@timestamp" : "2018-01-29T12:33:36.055Z",
          "winlog" : {
            "record_id" : 2209,
            "computer_name" : "DESKTOP-AN3U28N",
            "process" : {
              "pid" : 792,
              "thread" : {
                "id" : 1240
              }
            },
            "event_id" : "414",
            "task" : "Task Misconfiguration",
            "provider_guid" : "{de7b24ea-73c8-4a09-985d-5bdadcfa9017}",
            "channel" : "System",
            "api" : "wineventlog",
            "event_data" : {
              "TaskName" : "NT TASK\\Microsoft\\Windows\\rempl\\shell",
              "Parameter" : "%ProgramFiles%\\rempl\\remsh.exe"
            },
            "provider_name" : "Microsoft-Windows-TaskScheduler",
            "opcode" : "資訊",
            "user" : {
              "identifier" : "S-1-5-18",
              "domain" : "NT AUTHORITY",
              "name" : "SYSTEM",
              "type" : "Well Known Group"
            }
          },
          "ecs" : {
            "version" : "8.0.0"
          },
          "log" : {
            "file" : {
              "path" : "D:\\AIXSOAR\\IDS_2018\\logs_2018-02-23\\DESKTOP-AN3U28N-172.31.64.54.evtx"
            },
            "level" : "警告"
          },
          "host" : {
            "os" : {
              "type" : "windows",
              "family" : "windows"
            },
            "name" : "DESKTOP-AN3U28N"
          },
          "event" : {
            "ingested" : "2024-03-29T07:31:24.693623462Z",
            "code" : "414",
            "provider" : "Microsoft-Windows-TaskScheduler",
            "created" : "2024-03-29T07:31:23.965Z",
            "kind" : "event",
            "action" : "Task Misconfiguration"
          },
          "message" : "工作排程器服務在 NT TASK\\Microsoft\\Windows\\rempl\\shell 定義中找到設定錯誤。其他資料: 錯誤值: %ProgramFiles%\\rempl\\remsh.exe。"
        }
      },
      {
        "_index" : "ids-2018-172.31.64.54",
        "_id" : "-PgeiY4B6U4O_9c5256Y",
        "_score" : 0.0,
        "_source" : {
          "agent" : {
            "name" : "CHPIYR2",
            "id" : "60d66234-2dc5-408a-9a6e-a0a6278a7ae3",
            "ephemeral_id" : "c6ebe2c3-8b53-4b62-91bb-78491404bbe4",
            "type" : "winlogbeat",
            "version" : "8.11.3"
          },
          "@timestamp" : "2018-01-29T12:33:36.060Z",
          "winlog" : {
            "computer_name" : "DESKTOP-AN3U28N",
            "record_id" : 2210,
            "process" : {
              "pid" : 792,
              "thread" : {
                "id" : 1240
              }
            },
            "event_id" : "414",
            "task" : "Task Misconfiguration",
            "provider_guid" : "{de7b24ea-73c8-4a09-985d-5bdadcfa9017}",
            "channel" : "System",
            "api" : "wineventlog",
            "event_data" : {
              "TaskName" : "NT TASK\\Microsoft\\Windows\\rempl\\shell-unlock",
              "Parameter" : "%ProgramFiles%\\rempl\\remsh.exe"
            },
            "opcode" : "資訊",
            "provider_name" : "Microsoft-Windows-TaskScheduler",
            "user" : {
              "identifier" : "S-1-5-18",
              "domain" : "NT AUTHORITY",
              "name" : "SYSTEM",
              "type" : "Well Known Group"
            }
          },
          "ecs" : {
            "version" : "8.0.0"
          },
          "log" : {
            "file" : {
              "path" : "D:\\AIXSOAR\\IDS_2018\\logs_2018-02-23\\DESKTOP-AN3U28N-172.31.64.54.evtx"
            },
            "level" : "警告"
          },
          "host" : {
            "os" : {
              "type" : "windows",
              "family" : "windows"
            },
            "name" : "DESKTOP-AN3U28N"
          },
          "event" : {
            "ingested" : "2024-03-29T07:31:24.693679129Z",
            "code" : "414",
            "provider" : "Microsoft-Windows-TaskScheduler",
            "created" : "2024-03-29T07:31:23.965Z",
            "kind" : "event",
            "action" : "Task Misconfiguration"
          },
          "message" : "工作排程器服務在 NT TASK\\Microsoft\\Windows\\rempl\\shell-unlock 定義中找到設定錯誤。其他資料: 錯誤值: %ProgramFiles%\\rempl\\remsh.exe。"
        }
      },
      {
        "_index" : "ids-2018-172.31.64.54",
        "_id" : "-fgeiY4B6U4O_9c5256Y",
        "_score" : 0.0,
        "_source" : {
          "agent" : {
            "name" : "CHPIYR2",
            "id" : "60d66234-2dc5-408a-9a6e-a0a6278a7ae3",
            "type" : "winlogbeat",
            "ephemeral_id" : "c6ebe2c3-8b53-4b62-91bb-78491404bbe4",
            "version" : "8.11.3"
          },
          "@timestamp" : "2018-01-29T12:33:36.093Z",
          "winlog" : {
            "record_id" : 2211,
            "computer_name" : "DESKTOP-AN3U28N",
            "process" : {
              "pid" : 792,
              "thread" : {
                "id" : 1240
              }
            },
            "task" : "Task Misconfiguration",
            "event_id" : "414",
            "provider_guid" : "{de7b24ea-73c8-4a09-985d-5bdadcfa9017}",
            "channel" : "System",
            "api" : "wineventlog",
            "event_data" : {
              "TaskName" : "NT TASK\\Microsoft\\Windows\\rempl\\shell-unlock-storagesense",
              "Parameter" : "%ProgramFiles%\\rempl\\remsh.exe"
            },
            "provider_name" : "Microsoft-Windows-TaskScheduler",
            "opcode" : "資訊",
            "user" : {
              "identifier" : "S-1-5-18",
              "domain" : "NT AUTHORITY",
              "name" : "SYSTEM",
              "type" : "Well Known Group"
            }
          },
          "ecs" : {
            "version" : "8.0.0"
          },
          "log" : {
            "file" : {
              "path" : "D:\\AIXSOAR\\IDS_2018\\logs_2018-02-23\\DESKTOP-AN3U28N-172.31.64.54.evtx"
            },
            "level" : "警告"
          },
          "host" : {
            "os" : {
              "type" : "windows",
              "family" : "windows"
            },
            "name" : "DESKTOP-AN3U28N"
          },
          "message" : "工作排程器服務在 NT TASK\\Microsoft\\Windows\\rempl\\shell-unlock-storagesense 定義中找到設定錯誤。其他資料: 錯誤值: %ProgramFiles%\\rempl\\remsh.exe。",
          "event" : {
            "ingested" : "2024-03-29T07:31:24.693732649Z",
            "code" : "414",
            "provider" : "Microsoft-Windows-TaskScheduler",
            "kind" : "event",
            "created" : "2024-03-29T07:31:23.965Z",
            "action" : "Task Misconfiguration"
          }
        }
      },
      {
        "_index" : "ids-2018-172.31.64.54",
        "_id" : "-vgeiY4B6U4O_9c5256Y",
        "_score" : 0.0,
        "_source" : {
          "agent" : {
            "name" : "CHPIYR2",
            "id" : "60d66234-2dc5-408a-9a6e-a0a6278a7ae3",
            "ephemeral_id" : "c6ebe2c3-8b53-4b62-91bb-78491404bbe4",
            "type" : "winlogbeat",
            "version" : "8.11.3"
          },
          "@timestamp" : "2018-01-29T12:33:36.096Z",
          "winlog" : {
            "record_id" : 2212,
            "computer_name" : "DESKTOP-AN3U28N",
            "process" : {
              "pid" : 792,
              "thread" : {
                "id" : 1240
              }
            },
            "event_id" : "414",
            "task" : "Task Misconfiguration",
            "provider_guid" : "{de7b24ea-73c8-4a09-985d-5bdadcfa9017}",
            "channel" : "System",
            "event_data" : {
              "TaskName" : "NT TASK\\OneDrive Standalone Update Task-S-1-5-21-913095808-1976597276-3100954228-1002",
              "Parameter" : "%localappdata%\\Microsoft\\OneDrive\\OneDriveStandaloneUpdater.exe"
            },
            "api" : "wineventlog",
            "provider_name" : "Microsoft-Windows-TaskScheduler",
            "opcode" : "資訊",
            "user" : {
              "identifier" : "S-1-5-18",
              "domain" : "NT AUTHORITY",
              "name" : "SYSTEM",
              "type" : "Well Known Group"
            }
          },
          "ecs" : {
            "version" : "8.0.0"
          },
          "log" : {
            "file" : {
              "path" : "D:\\AIXSOAR\\IDS_2018\\logs_2018-02-23\\DESKTOP-AN3U28N-172.31.64.54.evtx"
            },
            "level" : "警告"
          },
          "host" : {
            "os" : {
              "type" : "windows",
              "family" : "windows"
            },
            "name" : "DESKTOP-AN3U28N"
          },
          "message" : "工作排程器服務在 NT TASK\\OneDrive Standalone Update Task-S-1-5-21-913095808-1976597276-3100954228-1002 定義中找到設定錯誤。其他資料: 錯誤值: %localappdata%\\Microsoft\\OneDrive\\OneDriveStandaloneUpdater.exe。",
          "event" : {
            "ingested" : "2024-03-29T07:31:24.693785445Z",
            "code" : "414",
            "provider" : "Microsoft-Windows-TaskScheduler",
            "kind" : "event",
            "created" : "2024-03-29T07:31:23.965Z",
            "action" : "Task Misconfiguration"
          }
        }
      },
      {
        "_index" : "ids-2018-172.31.64.54",
        "_id" : "-_geiY4B6U4O_9c5256Y",
        "_score" : 0.0,
        "_source" : {
          "agent" : {
            "name" : "CHPIYR2",
            "id" : "60d66234-2dc5-408a-9a6e-a0a6278a7ae3",
            "type" : "winlogbeat",
            "ephemeral_id" : "c6ebe2c3-8b53-4b62-91bb-78491404bbe4",
            "version" : "8.11.3"
          },
          "@timestamp" : "2018-01-29T12:33:38.993Z",
          "winlog" : {
            "computer_name" : "DESKTOP-AN3U28N",
            "record_id" : 2213,
            "process" : {
              "pid" : 684,
              "thread" : {
                "id" : 688
              }
            },
            "task" : "None",
            "event_id" : "7026",
            "keywords" : [
              "傳統"
            ],
            "provider_guid" : "{555908d1-a6d7-4695-8e1e-26931d2012f4}",
            "channel" : "System",
            "api" : "wineventlog",
            "event_data" : {
              "param1" : "\ncdrom\ndam"
            },
            "provider_name" : "Service Control Manager",
            "opcode" : "Info"
          },
          "ecs" : {
            "version" : "8.0.0"
          },
          "log" : {
            "file" : {
              "path" : "D:\\AIXSOAR\\IDS_2018\\logs_2018-02-23\\DESKTOP-AN3U28N-172.31.64.54.evtx"
            },
            "level" : "資訊"
          },
          "host" : {
            "os" : {
              "type" : "windows",
              "family" : "windows"
            },
            "name" : "DESKTOP-AN3U28N"
          },
          "message" : "下列開機啟動或系統啟動驅動程式未載入: \ncdrom\ndam",
          "event" : {
            "ingested" : "2024-03-29T07:31:24.693841664Z",
            "code" : "7026",
            "provider" : "Service Control Manager",
            "kind" : "event",
            "created" : "2024-03-29T07:31:23.965Z",
            "action" : "None"
          }
        }
      },
      {
        "_index" : "ids-2018-172.31.64.54",
        "_id" : "_PgeiY4B6U4O_9c5256Y",
        "_score" : 0.0,
        "_source" : {
          "agent" : {
            "name" : "CHPIYR2",
            "id" : "60d66234-2dc5-408a-9a6e-a0a6278a7ae3",
            "ephemeral_id" : "c6ebe2c3-8b53-4b62-91bb-78491404bbe4",
            "type" : "winlogbeat",
            "version" : "8.11.3"
          },
          "@timestamp" : "2018-01-29T12:33:40.100Z",
          "winlog" : {
            "computer_name" : "DESKTOP-AN3U28N",
            "process" : {
              "pid" : 660,
              "thread" : {
                "id" : 896
              }
            },
            "keywords" : [
              "ms:Telemetry"
            ],
            "channel" : "System",
            "event_data" : {
              "UserSid" : "S-1-5-21-913095808-1976597276-3100954228-500",
              "TSId" : "1"
            },
            "opcode" : "資訊",
            "record_id" : 2214,
            "event_id" : "7001",
            "task" : "WinSqmUserLogin",
            "provider_guid" : "{dbe9b383-7cf3-4331-91cc-a3cb16a3b538}",
            "api" : "wineventlog",
            "provider_name" : "Microsoft-Windows-Winlogon",
            "user" : {
              "identifier" : "S-1-5-18",
              "domain" : "NT AUTHORITY",
              "name" : "SYSTEM",
              "type" : "Well Known Group"
            }
          },
          "ecs" : {
            "version" : "8.0.0"
          },
          "log" : {
            "file" : {
              "path" : "D:\\AIXSOAR\\IDS_2018\\logs_2018-02-23\\DESKTOP-AN3U28N-172.31.64.54.evtx"
            },
            "level" : "資訊"
          },
          "host" : {
            "os" : {
              "type" : "windows",
              "family" : "windows"
            },
            "name" : "DESKTOP-AN3U28N"
          },
          "event" : {
            "ingested" : "2024-03-29T07:31:24.693900736Z",
            "code" : "7001",
            "provider" : "Microsoft-Windows-Winlogon",
            "created" : "2024-03-29T07:31:23.965Z",
            "kind" : "event",
            "action" : "WinSqmUserLogin"
          },
          "message" : "客戶經驗改進計畫的使用者登入通知"
        }
      },
      {
        "_index" : "ids-2018-172.31.64.54",
        "_id" : "8fgfiY4B6U4O_9c5XKoC",
        "_score" : 0.0,
        "_source" : {
          "agent" : {
            "name" : "CHPIYR2",
            "id" : "60d66234-2dc5-408a-9a6e-a0a6278a7ae3",
            "type" : "winlogbeat",
            "ephemeral_id" : "a06e73b9-f1c1-4373-8054-f1bb7187bfa2",
            "version" : "8.11.3"
          },
          "@timestamp" : "2018-01-29T10:17:25.570Z",
          "winlog" : {
            "computer_name" : "DESKTOP-AN3U28N",
            "process" : {
              "pid" : 680,
              "thread" : {
                "id" : 1484
              }
            },
            "keywords" : [
              "傳統"
            ],
            "channel" : "System",
            "event_data" : {
              "param3" : "auto start",
              "param4" : "BITS",
              "param1" : "Background Intelligent Transfer Service",
              "param2" : "demand start"
            },
            "opcode" : "Info",
            "record_id" : 2158,
            "event_id" : "7040",
            "task" : "None",
            "provider_guid" : "{555908d1-a6d7-4695-8e1e-26931d2012f4}",
            "api" : "wineventlog",
            "provider_name" : "Service Control Manager",
            "user" : {
              "identifier" : "S-1-5-18",
              "domain" : "NT AUTHORITY",
              "name" : "SYSTEM",
              "type" : "Well Known Group"
            }
          },
          "ecs" : {
            "version" : "8.0.0"
          },
          "log" : {
            "file" : {
              "path" : "D:\\AIXSOAR\\IDS_2018\\logs_2018-03-01\\DESKTOP-AN3U28N-172.31.64.54.evtx"
            },
            "level" : "資訊"
          },
          "host" : {
            "os" : {
              "type" : "windows",
              "family" : "windows"
            },
            "name" : "DESKTOP-AN3U28N"
          },
          "message" : "Background Intelligent Transfer Service 服務的啟動類型已從 demand start 變更為 auto start。",
          "event" : {
            "ingested" : "2024-03-29T07:31:57.567733840Z",
            "code" : "7040",
            "provider" : "Service Control Manager",
            "created" : "2024-03-29T07:31:56.989Z",
            "kind" : "event",
            "action" : "None"
          }
        }
      },
      {
        "_index" : "ids-2018-172.31.64.54",
        "_id" : "8vgfiY4B6U4O_9c5XKoC",
        "_score" : 0.0,
        "_source" : {
          "agent" : {
            "name" : "CHPIYR2",
            "id" : "60d66234-2dc5-408a-9a6e-a0a6278a7ae3",
            "ephemeral_id" : "a06e73b9-f1c1-4373-8054-f1bb7187bfa2",
            "type" : "winlogbeat",
            "version" : "8.11.3"
          },
          "@timestamp" : "2018-01-29T10:17:26.247Z",
          "winlog" : {
            "computer_name" : "DESKTOP-AN3U28N",
            "process" : {
              "pid" : 808,
              "thread" : {
                "id" : 1084
              }
            },
            "keywords" : [
              "下載",
              "已開始"
            ],
            "channel" : "System",
            "event_data" : {
              "updateRevisionNumber" : "200",
              "updateGuid" : "{2770366d-424f-4dfc-bb37-a7f0c35317f2}",
              "updateTitle" : "Definition Update for Windows Defender Antivirus - KB2267602 (Definition 1.261.430.0)"
            },
            "opcode" : "下載",
            "version" : 1,
            "record_id" : 2159,
            "event_id" : "44",
            "task" : "Windows Update 代理程式",
            "provider_guid" : "{945a8954-c147-4acd-923f-40c45405a658}",
            "api" : "wineventlog",
            "provider_name" : "Microsoft-Windows-WindowsUpdateClient",
            "user" : {
              "identifier" : "S-1-5-18",
              "domain" : "NT AUTHORITY",
              "name" : "SYSTEM",
              "type" : "Well Known Group"
            }
          },
          "ecs" : {
            "version" : "8.0.0"
          },
          "log" : {
            "file" : {
              "path" : "D:\\AIXSOAR\\IDS_2018\\logs_2018-03-01\\DESKTOP-AN3U28N-172.31.64.54.evtx"
            },
            "level" : "資訊"
          },
          "host" : {
            "os" : {
              "type" : "windows",
              "family" : "windows"
            },
            "name" : "DESKTOP-AN3U28N"
          },
          "message" : "Windows Update 已開始下載更新。",
          "event" : {
            "ingested" : "2024-03-29T07:31:57.567789372Z",
            "code" : "44",
            "provider" : "Microsoft-Windows-WindowsUpdateClient",
            "kind" : "event",
            "created" : "2024-03-29T07:31:56.989Z",
            "action" : "Windows Update 代理程式"
          }
        }
      },
      {
        "_index" : "ids-2018-172.31.64.54",
        "_id" : "8_gfiY4B6U4O_9c5XKoC",
        "_score" : 0.0,
        "_source" : {
          "agent" : {
            "name" : "CHPIYR2",
            "id" : "60d66234-2dc5-408a-9a6e-a0a6278a7ae3",
            "type" : "winlogbeat",
            "ephemeral_id" : "a06e73b9-f1c1-4373-8054-f1bb7187bfa2",
            "version" : "8.11.3"
          },
          "@timestamp" : "2018-01-29T10:17:26.247Z",
          "winlog" : {
            "computer_name" : "DESKTOP-AN3U28N",
            "process" : {
              "pid" : 808,
              "thread" : {
                "id" : 1084
              }
            },
            "keywords" : [
              "安裝",
              "已開始"
            ],
            "channel" : "System",
            "event_data" : {
              "updateRevisionNumber" : "200",
              "updateGuid" : "{2770366d-424f-4dfc-bb37-a7f0c35317f2}",
              "updateTitle" : "Definition Update for Windows Defender Antivirus - KB2267602 (Definition 1.261.430.0)"
            },
            "opcode" : "安裝",
            "version" : 1,
            "record_id" : 2160,
            "event_id" : "43",
            "task" : "Windows Update 代理程式",
            "provider_guid" : "{945a8954-c147-4acd-923f-40c45405a658}",
            "api" : "wineventlog",
            "provider_name" : "Microsoft-Windows-WindowsUpdateClient",
            "user" : {
              "identifier" : "S-1-5-18",
              "domain" : "NT AUTHORITY",
              "name" : "SYSTEM",
              "type" : "Well Known Group"
            }
          },
          "ecs" : {
            "version" : "8.0.0"
          },
          "log" : {
            "file" : {
              "path" : "D:\\AIXSOAR\\IDS_2018\\logs_2018-03-01\\DESKTOP-AN3U28N-172.31.64.54.evtx"
            },
            "level" : "資訊"
          },
          "host" : {
            "os" : {
              "type" : "windows",
              "family" : "windows"
            },
            "name" : "DESKTOP-AN3U28N"
          },
          "message" : "已開始安裝: Windows 已開始安裝下列更新: Definition Update for Windows Defender Antivirus - KB2267602 (Definition 1.261.430.0)",
          "event" : {
            "ingested" : "2024-03-29T07:31:57.567848659Z",
            "code" : "43",
            "provider" : "Microsoft-Windows-WindowsUpdateClient",
            "created" : "2024-03-29T07:31:56.989Z",
            "kind" : "event",
            "action" : "Windows Update 代理程式"
          }
        }
      },
      {
        "_index" : "ids-2018-172.31.64.54",
        "_id" : "9PgfiY4B6U4O_9c5XKoC",
        "_score" : 0.0,
        "_source" : {
          "agent" : {
            "name" : "CHPIYR2",
            "id" : "60d66234-2dc5-408a-9a6e-a0a6278a7ae3",
            "ephemeral_id" : "a06e73b9-f1c1-4373-8054-f1bb7187bfa2",
            "type" : "winlogbeat",
            "version" : "8.11.3"
          },
          "@timestamp" : "2018-01-29T10:18:10.741Z",
          "winlog" : {
            "computer_name" : "DESKTOP-AN3U28N",
            "process" : {
              "pid" : 680,
              "thread" : {
                "id" : 1484
              }
            },
            "keywords" : [
              "傳統"
            ],
            "channel" : "System",
            "event_data" : {
              "ServiceName" : "MpKsl6ff8c0df",
              "ServiceType" : "kernel mode driver",
              "ImagePath" : "C:\\ProgramData\\Microsoft\\Windows Defender\\Definition Updates\\{CD9E85EC-42AE-4C83-A2CC-3C2B17DFE8D0}\\MpKsl6ff8c0df.sys",
              "StartType" : "system start"
            },
            "opcode" : "Info",
            "record_id" : 2161,
            "event_id" : "7045",
            "task" : "None",
            "provider_guid" : "{555908d1-a6d7-4695-8e1e-26931d2012f4}",
            "api" : "wineventlog",
            "provider_name" : "Service Control Manager",
            "user" : {
              "identifier" : "S-1-5-18",
              "domain" : "NT AUTHORITY",
              "name" : "SYSTEM",
              "type" : "Well Known Group"
            }
          },
          "ecs" : {
            "version" : "8.0.0"
          },
          "log" : {
            "file" : {
              "path" : "D:\\AIXSOAR\\IDS_2018\\logs_2018-03-01\\DESKTOP-AN3U28N-172.31.64.54.evtx"
            },
            "level" : "資訊"
          },
          "host" : {
            "os" : {
              "type" : "windows",
              "family" : "windows"
            },
            "name" : "DESKTOP-AN3U28N"
          },
          "event" : {
            "ingested" : "2024-03-29T07:31:57.567914179Z",
            "code" : "7045",
            "provider" : "Service Control Manager",
            "created" : "2024-03-29T07:31:56.989Z",
            "kind" : "event",
            "action" : "None"
          },
          "message" : "服務已經安裝在系統中。\n\n服務名稱:  MpKsl6ff8c0df\n服務檔案名稱:  C:\\ProgramData\\Microsoft\\Windows Defender\\Definition Updates\\{CD9E85EC-42AE-4C83-A2CC-3C2B17DFE8D0}\\MpKsl6ff8c0df.sys\n服務類型:  kernel mode driver\n服務啟動類型:  system start\n服務帳戶:  "
        }
      },
      {
        "_index" : "ids-2018-172.31.64.54",
        "_id" : "9fgfiY4B6U4O_9c5XKoC",
        "_score" : 0.0,
        "_source" : {
          "agent" : {
            "name" : "CHPIYR2",
            "id" : "60d66234-2dc5-408a-9a6e-a0a6278a7ae3",
            "ephemeral_id" : "a06e73b9-f1c1-4373-8054-f1bb7187bfa2",
            "type" : "winlogbeat",
            "version" : "8.11.3"
          },
          "@timestamp" : "2018-01-29T10:33:58.178Z",
          "winlog" : {
            "computer_name" : "DESKTOP-AN3U28N",
            "process" : {
              "pid" : 808,
              "thread" : {
                "id" : 1084
              }
            },
            "keywords" : [
              "安裝",
              "成功"
            ],
            "channel" : "System",
            "event_data" : {
              "updateRevisionNumber" : "200",
              "updateGuid" : "{2770366d-424f-4dfc-bb37-a7f0c35317f2}",
              "serviceGuid" : "{9482f4b4-e343-43b6-b170-9a65bc822c77}",
              "updateTitle" : "Definition Update for Windows Defender Antivirus - KB2267602 (Definition 1.261.430.0)"
            },
            "opcode" : "安裝",
            "version" : 1,
            "record_id" : 2162,
            "task" : "Windows Update 代理程式",
            "event_id" : "19",
            "provider_guid" : "{945a8954-c147-4acd-923f-40c45405a658}",
            "api" : "wineventlog",
            "provider_name" : "Microsoft-Windows-WindowsUpdateClient",
            "user" : {
              "identifier" : "S-1-5-18",
              "domain" : "NT AUTHORITY",
              "name" : "SYSTEM",
              "type" : "Well Known Group"
            }
          },
          "ecs" : {
            "version" : "8.0.0"
          },
          "log" : {
            "file" : {
              "path" : "D:\\AIXSOAR\\IDS_2018\\logs_2018-03-01\\DESKTOP-AN3U28N-172.31.64.54.evtx"
            },
            "level" : "資訊"
          },
          "host" : {
            "os" : {
              "type" : "windows",
              "family" : "windows"
            },
            "name" : "DESKTOP-AN3U28N"
          },
          "event" : {
            "ingested" : "2024-03-29T07:31:57.567972039Z",
            "code" : "19",
            "provider" : "Microsoft-Windows-WindowsUpdateClient",
            "created" : "2024-03-29T07:31:56.989Z",
            "kind" : "event",
            "action" : "Windows Update 代理程式"
          },
          "message" : "安裝成功: Windows 已順利安裝下列更新: Definition Update for Windows Defender Antivirus - KB2267602 (Definition 1.261.430.0)"
        }
      },
      {
        "_index" : "ids-2018-172.31.64.54",
        "_id" : "9vgfiY4B6U4O_9c5XKoC",
        "_score" : 0.0,
        "_source" : {
          "agent" : {
            "name" : "CHPIYR2",
            "id" : "60d66234-2dc5-408a-9a6e-a0a6278a7ae3",
            "type" : "winlogbeat",
            "ephemeral_id" : "a06e73b9-f1c1-4373-8054-f1bb7187bfa2",
            "version" : "8.11.3"
          },
          "@timestamp" : "2018-01-29T11:17:25.969Z",
          "winlog" : {
            "computer_name" : "DESKTOP-AN3U28N",
            "process" : {
              "pid" : 680,
              "thread" : {
                "id" : 2540
              }
            },
            "keywords" : [
              "傳統"
            ],
            "channel" : "System",
            "event_data" : {
              "param3" : "demand start",
              "param4" : "BITS",
              "param1" : "Background Intelligent Transfer Service",
              "param2" : "auto start"
            },
            "opcode" : "Info",
            "record_id" : 2163,
            "task" : "None",
            "event_id" : "7040",
            "provider_guid" : "{555908d1-a6d7-4695-8e1e-26931d2012f4}",
            "api" : "wineventlog",
            "provider_name" : "Service Control Manager",
            "user" : {
              "identifier" : "S-1-5-18",
              "domain" : "NT AUTHORITY",
              "name" : "SYSTEM",
              "type" : "Well Known Group"
            }
          },
          "ecs" : {
            "version" : "8.0.0"
          },
          "log" : {
            "file" : {
              "path" : "D:\\AIXSOAR\\IDS_2018\\logs_2018-03-01\\DESKTOP-AN3U28N-172.31.64.54.evtx"
            },
            "level" : "資訊"
          },
          "host" : {
            "os" : {
              "type" : "windows",
              "family" : "windows"
            },
            "name" : "DESKTOP-AN3U28N"
          },
          "event" : {
            "ingested" : "2024-03-29T07:31:57.568026688Z",
            "code" : "7040",
            "provider" : "Service Control Manager",
            "kind" : "event",
            "created" : "2024-03-29T07:31:56.989Z",
            "action" : "None"
          },
          "message" : "Background Intelligent Transfer Service 服務的啟動類型已從 auto start 變更為 demand start。"
        }
      },
      {
        "_index" : "ids-2018-172.31.64.54",
        "_id" : "9_gfiY4B6U4O_9c5XKoC",
        "_score" : 0.0,
        "_source" : {
          "agent" : {
            "name" : "CHPIYR2",
            "id" : "60d66234-2dc5-408a-9a6e-a0a6278a7ae3",
            "type" : "winlogbeat",
            "ephemeral_id" : "a06e73b9-f1c1-4373-8054-f1bb7187bfa2",
            "version" : "8.11.3"
          },
          "@timestamp" : "2018-01-29T12:23:36.861Z",
          "winlog" : {
            "record_id" : 2164,
            "computer_name" : "DESKTOP-AN3U28N",
            "process" : {
              "pid" : 2196,
              "thread" : {
                "id" : 3040
              }
            },
            "event_id" : "16",
            "task" : "None",
            "provider_guid" : "{a68ca8b7-004f-d7b6-a698-07e2de0f1f5d}",
            "channel" : "System",
            "event_data" : {
              "HiveNameLength" : "30",
              "HiveName" : "\\??\\c:\\users\\oracle\\ntuser.dat",
              "DirtyPages" : "114",
              "KeysUpdated" : "1918"
            },
            "api" : "wineventlog",
            "provider_name" : "Microsoft-Windows-Kernel-General",
            "opcode" : "資訊",
            "user" : {
              "identifier" : "S-1-5-18",
              "domain" : "NT AUTHORITY",
              "name" : "SYSTEM",
              "type" : "Well Known Group"
            }
          },
          "ecs" : {
            "version" : "8.0.0"
          },
          "log" : {
            "file" : {
              "path" : "D:\\AIXSOAR\\IDS_2018\\logs_2018-03-01\\DESKTOP-AN3U28N-172.31.64.54.evtx"
            },
            "level" : "資訊"
          },
          "host" : {
            "os" : {
              "type" : "windows",
              "family" : "windows"
            },
            "name" : "DESKTOP-AN3U28N"
          },
          "message" : "已清除登錄區 \\??\\c:\\users\\oracle\\ntuser.dat 中的存取歷程記錄，更新了 1918 個機碼並建立了 114 個修改的頁面。",
          "event" : {
            "ingested" : "2024-03-29T07:31:57.568080529Z",
            "code" : "16",
            "provider" : "Microsoft-Windows-Kernel-General",
            "kind" : "event",
            "created" : "2024-03-29T07:31:56.989Z",
            "action" : "None"
          }
        }
      },
      {
        "_index" : "ids-2018-172.31.64.54",
        "_id" : "-PgfiY4B6U4O_9c5XKoC",
        "_score" : 0.0,
        "_source" : {
          "agent" : {
            "name" : "CHPIYR2",
            "id" : "60d66234-2dc5-408a-9a6e-a0a6278a7ae3",
            "ephemeral_id" : "a06e73b9-f1c1-4373-8054-f1bb7187bfa2",
            "type" : "winlogbeat",
            "version" : "8.11.3"
          },
          "@timestamp" : "2018-01-29T12:23:36.887Z",
          "winlog" : {
            "record_id" : 2165,
            "computer_name" : "DESKTOP-AN3U28N",
            "process" : {
              "pid" : 2196,
              "thread" : {
                "id" : 3040
              }
            },
            "event_id" : "16",
            "task" : "None",
            "provider_guid" : "{a68ca8b7-004f-d7b6-a698-07e2de0f1f5d}",
            "channel" : "System",
            "event_data" : {
              "HiveNameLength" : "64",
              "HiveName" : "\\??\\c:\\users\\oracle\\AppData\\Local\\Microsoft\\Windows\\usrclass.dat",
              "DirtyPages" : "214",
              "KeysUpdated" : "2258"
            },
            "api" : "wineventlog",
            "provider_name" : "Microsoft-Windows-Kernel-General",
            "opcode" : "資訊",
            "user" : {
              "identifier" : "S-1-5-18",
              "domain" : "NT AUTHORITY",
              "name" : "SYSTEM",
              "type" : "Well Known Group"
            }
          },
          "ecs" : {
            "version" : "8.0.0"
          },
          "log" : {
            "file" : {
              "path" : "D:\\AIXSOAR\\IDS_2018\\logs_2018-03-01\\DESKTOP-AN3U28N-172.31.64.54.evtx"
            },
            "level" : "資訊"
          },
          "host" : {
            "os" : {
              "type" : "windows",
              "family" : "windows"
            },
            "name" : "DESKTOP-AN3U28N"
          },
          "event" : {
            "ingested" : "2024-03-29T07:31:57.568132747Z",
            "code" : "16",
            "provider" : "Microsoft-Windows-Kernel-General",
            "created" : "2024-03-29T07:31:56.989Z",
            "kind" : "event",
            "action" : "None"
          },
          "message" : "已清除登錄區 \\??\\c:\\users\\oracle\\AppData\\Local\\Microsoft\\Windows\\usrclass.dat 中的存取歷程記錄，更新了 2258 個機碼並建立了 214 個修改的頁面。"
        }
      },
      {
        "_index" : "ids-2018-172.31.64.54",
        "_id" : "-fgfiY4B6U4O_9c5XKoC",
        "_score" : 0.0,
        "_source" : {
          "agent" : {
            "name" : "CHPIYR2",
            "id" : "60d66234-2dc5-408a-9a6e-a0a6278a7ae3",
            "ephemeral_id" : "a06e73b9-f1c1-4373-8054-f1bb7187bfa2",
            "type" : "winlogbeat",
            "version" : "8.11.3"
          },
          "@timestamp" : "2018-01-29T12:24:01.265Z",
          "winlog" : {
            "computer_name" : "DESKTOP-AN3U28N",
            "process" : {
              "pid" : 680,
              "thread" : {
                "id" : 2760
              }
            },
            "keywords" : [
              "傳統"
            ],
            "channel" : "System",
            "event_data" : {
              "param3" : "auto start",
              "param4" : "BITS",
              "param1" : "Background Intelligent Transfer Service",
              "param2" : "demand start"
            },
            "opcode" : "Info",
            "record_id" : 2166,
            "task" : "None",
            "event_id" : "7040",
            "provider_guid" : "{555908d1-a6d7-4695-8e1e-26931d2012f4}",
            "api" : "wineventlog",
            "provider_name" : "Service Control Manager",
            "user" : {
              "identifier" : "S-1-5-18",
              "domain" : "NT AUTHORITY",
              "name" : "SYSTEM",
              "type" : "Well Known Group"
            }
          },
          "ecs" : {
            "version" : "8.0.0"
          },
          "log" : {
            "file" : {
              "path" : "D:\\AIXSOAR\\IDS_2018\\logs_2018-03-01\\DESKTOP-AN3U28N-172.31.64.54.evtx"
            },
            "level" : "資訊"
          },
          "host" : {
            "os" : {
              "type" : "windows",
              "family" : "windows"
            },
            "name" : "DESKTOP-AN3U28N"
          },
          "event" : {
            "ingested" : "2024-03-29T07:31:57.568186586Z",
            "code" : "7040",
            "provider" : "Service Control Manager",
            "kind" : "event",
            "created" : "2024-03-29T07:31:56.989Z",
            "action" : "None"
          },
          "message" : "Background Intelligent Transfer Service 服務的啟動類型已從 demand start 變更為 auto start。"
        }
      },
      {
        "_index" : "ids-2018-172.31.64.54",
        "_id" : "-vgfiY4B6U4O_9c5XKoC",
        "_score" : 0.0,
        "_source" : {
          "agent" : {
            "name" : "CHPIYR2",
            "id" : "60d66234-2dc5-408a-9a6e-a0a6278a7ae3",
            "type" : "winlogbeat",
            "ephemeral_id" : "a06e73b9-f1c1-4373-8054-f1bb7187bfa2",
            "version" : "8.11.3"
          },
          "@timestamp" : "2018-01-29T12:29:46.805Z",
          "winlog" : {
            "computer_name" : "DESKTOP-AN3U28N",
            "process" : {
              "pid" : 808,
              "thread" : {
                "id" : 2408
              }
            },
            "channel" : "System",
            "event_data" : {
              "NumberOfGroupPolicyObjects" : "1",
              "ProcessingTimeInMilliseconds" : "109",
              "SupportInfo2" : "3920",
              "SupportInfo1" : "1",
              "ProcessingMode" : "0"
            },
            "opcode" : "開始",
            "record_id" : 2167,
            "task" : "None",
            "event_id" : "1502",
            "provider_guid" : "{aea1b4fa-97d1-45f2-a64c-4d69fffd92c9}",
            "activity_id" : "{ab3bd60f-e7e4-4b19-bd74-33c3e7ff86f5}",
            "api" : "wineventlog",
            "provider_name" : "Microsoft-Windows-GroupPolicy",
            "user" : {
              "identifier" : "S-1-5-18",
              "domain" : "NT AUTHORITY",
              "name" : "SYSTEM",
              "type" : "Well Known Group"
            }
          },
          "ecs" : {
            "version" : "8.0.0"
          },
          "log" : {
            "file" : {
              "path" : "D:\\AIXSOAR\\IDS_2018\\logs_2018-03-01\\DESKTOP-AN3U28N-172.31.64.54.evtx"
            },
            "level" : "資訊"
          },
          "host" : {
            "os" : {
              "type" : "windows",
              "family" : "windows"
            },
            "name" : "DESKTOP-AN3U28N"
          },
          "event" : {
            "ingested" : "2024-03-29T07:31:57.568242597Z",
            "code" : "1502",
            "provider" : "Microsoft-Windows-GroupPolicy",
            "kind" : "event",
            "created" : "2024-03-29T07:31:56.989Z",
            "action" : "None"
          },
          "message" : "電腦的群組原則設定已經成功處理。已偵測並套用來自 1 群組原則物件的新設定。"
        }
      },
      {
        "_index" : "ids-2018-172.31.64.54",
        "_id" : "-_gfiY4B6U4O_9c5XKoC",
        "_score" : 0.0,
        "_source" : {
          "agent" : {
            "name" : "CHPIYR2",
            "id" : "60d66234-2dc5-408a-9a6e-a0a6278a7ae3",
            "ephemeral_id" : "a06e73b9-f1c1-4373-8054-f1bb7187bfa2",
            "type" : "winlogbeat",
            "version" : "8.11.3"
          },
          "@timestamp" : "2018-01-29T12:31:08.931Z",
          "winlog" : {
            "computer_name" : "DESKTOP-AN3U28N",
            "process" : {
              "pid" : 540,
              "thread" : {
                "id" : 620
              }
            },
            "keywords" : [
              "傳統"
            ],
            "channel" : "System",
            "event_data" : {
              "param7" : "NT AUTHORITY\\SYSTEM",
              "param5" : "restart",
              "param3" : "No title for this reason could be found",
              "param4" : "0x8000000c",
              "param1" : "C:\\Program Files\\Amazon\\XenTools\\LiteAgent.exe (DESKTOP-AN3U28N)",
              "param2" : "DESKTOP-AN3U28N"
            },
            "opcode" : "Info",
            "record_id" : 2168,
            "task" : "None",
            "event_id" : "1074",
            "provider_guid" : "{b0aa8734-56f7-41cc-b2f4-de228e98b946}",
            "api" : "wineventlog",
            "provider_name" : "User32",
            "user" : {
              "identifier" : "S-1-5-18",
              "domain" : "NT AUTHORITY",
              "name" : "SYSTEM",
              "type" : "Well Known Group"
            }
          },
          "ecs" : {
            "version" : "8.0.0"
          },
          "log" : {
            "file" : {
              "path" : "D:\\AIXSOAR\\IDS_2018\\logs_2018-03-01\\DESKTOP-AN3U28N-172.31.64.54.evtx"
            },
            "level" : "資訊"
          },
          "host" : {
            "os" : {
              "type" : "windows",
              "family" : "windows"
            },
            "name" : "DESKTOP-AN3U28N"
          },
          "event" : {
            "ingested" : "2024-03-29T07:31:57.568298207Z",
            "code" : "1074",
            "provider" : "User32",
            "created" : "2024-03-29T07:31:56.989Z",
            "kind" : "event",
            "action" : "None"
          },
          "message" : "處理程序 C:\\Program Files\\Amazon\\XenTools\\LiteAgent.exe (DESKTOP-AN3U28N)已代表使用者 NT AUTHORITY\\SYSTEM，啟動電腦 DESKTOP-AN3U28N 的 restart，原因如下: No title for this reason could be found\n 理由代碼: 0x8000000c\n 關機類型: restart\n 註解: "
        }
      },
      {
        "_index" : "ids-2018-172.31.64.54",
        "_id" : "_PgfiY4B6U4O_9c5XKoC",
        "_score" : 0.0,
        "_source" : {
          "agent" : {
            "name" : "CHPIYR2",
            "id" : "60d66234-2dc5-408a-9a6e-a0a6278a7ae3",
            "ephemeral_id" : "a06e73b9-f1c1-4373-8054-f1bb7187bfa2",
            "type" : "winlogbeat",
            "version" : "8.11.3"
          },
          "@timestamp" : "2018-01-29T12:31:09.118Z",
          "winlog" : {
            "record_id" : 2169,
            "computer_name" : "DESKTOP-AN3U28N",
            "process" : {
              "pid" : 680,
              "thread" : {
                "id" : 4168
              }
            },
            "task" : "None",
            "event_id" : "7031",
            "keywords" : [
              "傳統"
            ],
            "provider_guid" : "{555908d1-a6d7-4695-8e1e-26931d2012f4}",
            "channel" : "System",
            "api" : "wineventlog",
            "event_data" : {
              "param5" : "Restart the service",
              "Binary" : "4F006E006500530079006E0063005300760063005F00530065007300730069006F006E0031000000",
              "param3" : "10000",
              "param4" : "1",
              "param1" : "Sync Host_Session1",
              "param2" : "1"
            },
            "provider_name" : "Service Control Manager",
            "opcode" : "Info"
          },
          "ecs" : {
            "version" : "8.0.0"
          },
          "log" : {
            "file" : {
              "path" : "D:\\AIXSOAR\\IDS_2018\\logs_2018-03-01\\DESKTOP-AN3U28N-172.31.64.54.evtx"
            },
            "level" : "錯誤"
          },
          "host" : {
            "os" : {
              "type" : "windows",
              "family" : "windows"
            },
            "name" : "DESKTOP-AN3U28N"
          },
          "event" : {
            "ingested" : "2024-03-29T07:31:57.568358327Z",
            "code" : "7031",
            "provider" : "Service Control Manager",
            "created" : "2024-03-29T07:31:56.989Z",
            "kind" : "event",
            "action" : "None"
          },
          "message" : "Sync Host_Session1 服務意外終止，服務曾完成這項動作 1 次。以下的修正操作將在 10000 毫秒內執行: Restart the service。"
        }
      },
      {
        "_index" : "ids-2018-172.31.64.54",
        "_id" : "_fgfiY4B6U4O_9c5XKoC",
        "_score" : 0.0,
        "_source" : {
          "agent" : {
            "name" : "CHPIYR2",
            "id" : "60d66234-2dc5-408a-9a6e-a0a6278a7ae3",
            "type" : "winlogbeat",
            "ephemeral_id" : "a06e73b9-f1c1-4373-8054-f1bb7187bfa2",
            "version" : "8.11.3"
          },
          "@timestamp" : "2018-01-29T12:31:15.000Z",
          "winlog" : {
            "computer_name" : "DESKTOP-AN3U28N",
            "record_id" : 2170,
            "event_id" : "6006",
            "task" : "None",
            "keywords" : [
              "傳統"
            ],
            "channel" : "System",
            "api" : "wineventlog",
            "event_data" : {
              "Binary" : "0100000000000000"
            },
            "provider_name" : "EventLog"
          },
          "ecs" : {
            "version" : "8.0.0"
          },
          "log" : {
            "file" : {
              "path" : "D:\\AIXSOAR\\IDS_2018\\logs_2018-03-01\\DESKTOP-AN3U28N-172.31.64.54.evtx"
            },
            "level" : "資訊"
          },
          "host" : {
            "os" : {
              "type" : "windows",
              "family" : "windows"
            },
            "name" : "DESKTOP-AN3U28N"
          },
          "event" : {
            "ingested" : "2024-03-29T07:31:57.568522801Z",
            "code" : "6006",
            "provider" : "EventLog",
            "kind" : "event",
            "created" : "2024-03-29T07:31:56.989Z",
            "action" : "None"
          },
          "message" : "事件記錄檔服務已中止。"
        }
      },
      {
        "_index" : "ids-2018-172.31.64.54",
        "_id" : "_vgfiY4B6U4O_9c5XKoC",
        "_score" : 0.0,
        "_source" : {
          "agent" : {
            "name" : "CHPIYR2",
            "id" : "60d66234-2dc5-408a-9a6e-a0a6278a7ae3",
            "type" : "winlogbeat",
            "ephemeral_id" : "a06e73b9-f1c1-4373-8054-f1bb7187bfa2",
            "version" : "8.11.3"
          },
          "@timestamp" : "2018-01-29T12:31:14.929Z",
          "winlog" : {
            "computer_name" : "DESKTOP-AN3U28N",
            "process" : {
              "pid" : 656,
              "thread" : {
                "id" : 1964
              }
            },
            "keywords" : [
              "ms:Telemetry"
            ],
            "channel" : "System",
            "event_data" : {
              "UserSid" : "S-1-5-21-913095808-1976597276-3100954228-500",
              "TSId" : "1"
            },
            "opcode" : "資訊",
            "record_id" : 2171,
            "task" : "WinSqmUserLogoff",
            "event_id" : "7002",
            "provider_guid" : "{dbe9b383-7cf3-4331-91cc-a3cb16a3b538}",
            "api" : "wineventlog",
            "provider_name" : "Microsoft-Windows-Winlogon",
            "user" : {
              "identifier" : "S-1-5-18",
              "domain" : "NT AUTHORITY",
              "name" : "SYSTEM",
              "type" : "Well Known Group"
            }
          },
          "ecs" : {
            "version" : "8.0.0"
          },
          "log" : {
            "file" : {
              "path" : "D:\\AIXSOAR\\IDS_2018\\logs_2018-03-01\\DESKTOP-AN3U28N-172.31.64.54.evtx"
            },
            "level" : "資訊"
          },
          "host" : {
            "os" : {
              "type" : "windows",
              "family" : "windows"
            },
            "name" : "DESKTOP-AN3U28N"
          },
          "event" : {
            "ingested" : "2024-03-29T07:31:57.568708508Z",
            "code" : "7002",
            "provider" : "Microsoft-Windows-Winlogon",
            "created" : "2024-03-29T07:31:56.989Z",
            "kind" : "event",
            "action" : "WinSqmUserLogoff"
          },
          "message" : "客戶經驗改進計畫的使用者登出通知"
        }
      },
