      {
        "_index" : "ids-2018-172.31.64.54",
        "_id" : "-_geiY4B6U4O_9c50Zb1",
        "_score" : 0.0,
        "_source" : {
          "agent" : {
            "name" : "CHPIYR2",
            "id" : "60d66234-2dc5-408a-9a6e-a0a6278a7ae3",
            "ephemeral_id" : "c6ebe2c3-8b53-4b62-91bb-78491404bbe4",
            "type" : "winlogbeat",
            "version" : "8.11.3"
          },
          "@timestamp" : "2017-12-05T15:43:51.774Z",
          "winlog" : {
            "computer_name" : "DESKTOP-AN3U28N",
            "record_id" : 165,
            "process" : {
              "pid" : 2452,
              "thread" : {
                "id" : 2548
              }
            },
            "task" : "None",
            "event_id" : "16",
            "provider_guid" : "{a68ca8b7-004f-d7b6-a698-07e2de0f1f5d}",
            "channel" : "System",
            "api" : "wineventlog",
            "event_data" : {
              "HiveNameLength" : "211",
              "HiveName" : "\\??\\C:\\Users\\PC\\AppData\\Local\\Packages\\Microsoft.Windows.CloudExperienceHost_cw5n1h2txyewy\\Microsoft.Windows.CloudExperienceHost_10.0.10240.16384_neutral_neutral_cw5n1h2txyewy\\ActivationStore\\ActivationStore.dat",
              "DirtyPages" : "0",
              "KeysUpdated" : "0"
            },
            "opcode" : "資訊",
            "provider_name" : "Microsoft-Windows-Kernel-General",
            "user" : {
              "identifier" : "S-1-5-21-913095808-1976597276-3100954228-1001"
            }
          },
          "ecs" : {
            "version" : "8.0.0"
          },
          "log" : {
            "file" : {
              "path" : "D:\\AIXSOAR\\IDS_2018\\logs_2018-02-23\\DESKTOP-AN3U28N-172.31.64.54.evtx"
            },
            "level" : "資訊"
          },
          "host" : {
            "os" : {
              "type" : "windows",
              "family" : "windows"
            },
            "name" : "DESKTOP-AN3U28N"
          },
          "event" : {
            "ingested" : "2024-03-29T07:31:22.227288750Z",
            "code" : "16",
            "provider" : "Microsoft-Windows-Kernel-General",
            "kind" : "event",
            "created" : "2024-03-29T07:31:21.274Z",
            "action" : "None"
          },
          "message" : "已清除登錄區 \\??\\C:\\Users\\PC\\AppData\\Local\\Packages\\Microsoft.Windows.CloudExperienceHost_cw5n1h2txyewy\\Microsoft.Windows.CloudExperienceHost_10.0.10240.16384_neutral_neutral_cw5n1h2txyewy\\ActivationStore\\ActivationStore.dat 中的存取歷程記錄，更新了 0 個機碼並建立了 0 個修改的頁面。"
        }
      },
      {
        "_index" : "ids-2018-172.31.64.54",
        "_id" : "_PgeiY4B6U4O_9c50Zb1",
        "_score" : 0.0,
        "_source" : {
          "agent" : {
            "name" : "CHPIYR2",
            "id" : "60d66234-2dc5-408a-9a6e-a0a6278a7ae3",
            "ephemeral_id" : "c6ebe2c3-8b53-4b62-91bb-78491404bbe4",
            "type" : "winlogbeat",
            "version" : "8.11.3"
          },
          "@timestamp" : "2017-12-05T15:43:51.991Z",
          "winlog" : {
            "computer_name" : "DESKTOP-AN3U28N",
            "record_id" : 166,
            "process" : {
              "pid" : 2452,
              "thread" : {
                "id" : 2548
              }
            },
            "event_id" : "16",
            "task" : "None",
            "provider_guid" : "{a68ca8b7-004f-d7b6-a698-07e2de0f1f5d}",
            "channel" : "System",
            "api" : "wineventlog",
            "event_data" : {
              "HiveNameLength" : "191",
              "HiveName" : "\\??\\C:\\Users\\PC\\AppData\\Local\\Packages\\Microsoft.AAD.BrokerPlugin_cw5n1h2txyewy\\Microsoft.AAD.BrokerPlugin_1000.10240.16384.0_neutral_neutral_cw5n1h2txyewy\\ActivationStore\\ActivationStore.dat",
              "DirtyPages" : "0",
              "KeysUpdated" : "0"
            },
            "provider_name" : "Microsoft-Windows-Kernel-General",
            "opcode" : "資訊",
            "user" : {
              "identifier" : "S-1-5-21-913095808-1976597276-3100954228-1001"
            }
          },
          "ecs" : {
            "version" : "8.0.0"
          },
          "log" : {
            "file" : {
              "path" : "D:\\AIXSOAR\\IDS_2018\\logs_2018-02-23\\DESKTOP-AN3U28N-172.31.64.54.evtx"
            },
            "level" : "資訊"
          },
          "host" : {
            "os" : {
              "type" : "windows",
              "family" : "windows"
            },
            "name" : "DESKTOP-AN3U28N"
          },
          "event" : {
            "ingested" : "2024-03-29T07:31:22.227343396Z",
            "code" : "16",
            "provider" : "Microsoft-Windows-Kernel-General",
            "created" : "2024-03-29T07:31:21.275Z",
            "kind" : "event",
            "action" : "None"
          },
          "message" : "已清除登錄區 \\??\\C:\\Users\\PC\\AppData\\Local\\Packages\\Microsoft.AAD.BrokerPlugin_cw5n1h2txyewy\\Microsoft.AAD.BrokerPlugin_1000.10240.16384.0_neutral_neutral_cw5n1h2txyewy\\ActivationStore\\ActivationStore.dat 中的存取歷程記錄，更新了 0 個機碼並建立了 0 個修改的頁面。"
        }
      },
      {
        "_index" : "ids-2018-172.31.64.54",
        "_id" : "_fgeiY4B6U4O_9c50Zb1",
        "_score" : 0.0,
        "_source" : {
          "agent" : {
            "name" : "CHPIYR2",
            "id" : "60d66234-2dc5-408a-9a6e-a0a6278a7ae3",
            "ephemeral_id" : "c6ebe2c3-8b53-4b62-91bb-78491404bbe4",
            "type" : "winlogbeat",
            "version" : "8.11.3"
          },
          "@timestamp" : "2017-12-05T15:43:52.868Z",
          "winlog" : {
            "record_id" : 167,
            "computer_name" : "DESKTOP-AN3U28N",
            "process" : {
              "pid" : 2452,
              "thread" : {
                "id" : 2548
              }
            },
            "task" : "None",
            "event_id" : "16",
            "provider_guid" : "{a68ca8b7-004f-d7b6-a698-07e2de0f1f5d}",
            "channel" : "System",
            "event_data" : {
              "HiveNameLength" : "180",
              "DirtyPages" : "0",
              "HiveName" : "\\??\\C:\\Users\\PC\\AppData\\Local\\Packages\\Microsoft.AccountsControl_cw5n1h2txyewy\\Microsoft.AccountsControl_10.0.10240.16384_neutral__cw5n1h2txyewy\\ActivationStore\\ActivationStore.dat",
              "KeysUpdated" : "0"
            },
            "api" : "wineventlog",
            "provider_name" : "Microsoft-Windows-Kernel-General",
            "opcode" : "資訊",
            "user" : {
              "identifier" : "S-1-5-21-913095808-1976597276-3100954228-1001"
            }
          },
          "ecs" : {
            "version" : "8.0.0"
          },
          "log" : {
            "file" : {
              "path" : "D:\\AIXSOAR\\IDS_2018\\logs_2018-02-23\\DESKTOP-AN3U28N-172.31.64.54.evtx"
            },
            "level" : "資訊"
          },
          "host" : {
            "os" : {
              "type" : "windows",
              "family" : "windows"
            },
            "name" : "DESKTOP-AN3U28N"
          },
          "event" : {
            "ingested" : "2024-03-29T07:31:22.227397645Z",
            "code" : "16",
            "provider" : "Microsoft-Windows-Kernel-General",
            "created" : "2024-03-29T07:31:21.275Z",
            "kind" : "event",
            "action" : "None"
          },
          "message" : "已清除登錄區 \\??\\C:\\Users\\PC\\AppData\\Local\\Packages\\Microsoft.AccountsControl_cw5n1h2txyewy\\Microsoft.AccountsControl_10.0.10240.16384_neutral__cw5n1h2txyewy\\ActivationStore\\ActivationStore.dat 中的存取歷程記錄，更新了 0 個機碼並建立了 0 個修改的頁面。"
        }
      },
      {
        "_index" : "ids-2018-172.31.64.54",
        "_id" : "_vgeiY4B6U4O_9c50Zb1",
        "_score" : 0.0,
        "_source" : {
          "agent" : {
            "name" : "CHPIYR2",
            "id" : "60d66234-2dc5-408a-9a6e-a0a6278a7ae3",
            "ephemeral_id" : "c6ebe2c3-8b53-4b62-91bb-78491404bbe4",
            "type" : "winlogbeat",
            "version" : "8.11.3"
          },
          "@timestamp" : "2017-12-05T15:43:53.109Z",
          "winlog" : {
            "record_id" : 168,
            "computer_name" : "DESKTOP-AN3U28N",
            "process" : {
              "pid" : 2452,
              "thread" : {
                "id" : 2548
              }
            },
            "task" : "None",
            "event_id" : "16",
            "provider_guid" : "{a68ca8b7-004f-d7b6-a698-07e2de0f1f5d}",
            "channel" : "System",
            "api" : "wineventlog",
            "event_data" : {
              "HiveNameLength" : "176",
              "DirtyPages" : "0",
              "HiveName" : "\\??\\C:\\Users\\PC\\AppData\\Local\\Packages\\Microsoft.BioEnrollment_cw5n1h2txyewy\\Microsoft.BioEnrollment_10.0.10240.16384_neutral__cw5n1h2txyewy\\ActivationStore\\ActivationStore.dat",
              "KeysUpdated" : "0"
            },
            "provider_name" : "Microsoft-Windows-Kernel-General",
            "opcode" : "資訊",
            "user" : {
              "identifier" : "S-1-5-21-913095808-1976597276-3100954228-1001"
            }
          },
          "ecs" : {
            "version" : "8.0.0"
          },
          "log" : {
            "file" : {
              "path" : "D:\\AIXSOAR\\IDS_2018\\logs_2018-02-23\\DESKTOP-AN3U28N-172.31.64.54.evtx"
            },
            "level" : "資訊"
          },
          "host" : {
            "os" : {
              "type" : "windows",
              "family" : "windows"
            },
            "name" : "DESKTOP-AN3U28N"
          },
          "event" : {
            "ingested" : "2024-03-29T07:31:22.227451648Z",
            "code" : "16",
            "provider" : "Microsoft-Windows-Kernel-General",
            "kind" : "event",
            "created" : "2024-03-29T07:31:21.275Z",
            "action" : "None"
          },
          "message" : "已清除登錄區 \\??\\C:\\Users\\PC\\AppData\\Local\\Packages\\Microsoft.BioEnrollment_cw5n1h2txyewy\\Microsoft.BioEnrollment_10.0.10240.16384_neutral__cw5n1h2txyewy\\ActivationStore\\ActivationStore.dat 中的存取歷程記錄，更新了 0 個機碼並建立了 0 個修改的頁面。"
        }
      },
      {
        "_index" : "ids-2018-172.31.64.54",
        "_id" : "__geiY4B6U4O_9c50Zb1",
        "_score" : 0.0,
        "_source" : {
          "agent" : {
            "name" : "CHPIYR2",
            "id" : "60d66234-2dc5-408a-9a6e-a0a6278a7ae3",
            "ephemeral_id" : "c6ebe2c3-8b53-4b62-91bb-78491404bbe4",
            "type" : "winlogbeat",
            "version" : "8.11.3"
          },
          "@timestamp" : "2017-12-05T15:43:53.526Z",
          "winlog" : {
            "computer_name" : "DESKTOP-AN3U28N",
            "record_id" : 169,
            "process" : {
              "pid" : 2452,
              "thread" : {
                "id" : 2544
              }
            },
            "task" : "None",
            "event_id" : "16",
            "provider_guid" : "{a68ca8b7-004f-d7b6-a698-07e2de0f1f5d}",
            "channel" : "System",
            "event_data" : {
              "HiveNameLength" : "164",
              "HiveName" : "\\??\\C:\\Users\\PC\\AppData\\Local\\Packages\\Microsoft.LockApp_cw5n1h2txyewy\\Microsoft.LockApp_10.0.10240.16384_neutral__cw5n1h2txyewy\\ActivationStore\\ActivationStore.dat",
              "DirtyPages" : "0",
              "KeysUpdated" : "0"
            },
            "api" : "wineventlog",
            "provider_name" : "Microsoft-Windows-Kernel-General",
            "opcode" : "資訊",
            "user" : {
              "identifier" : "S-1-5-21-913095808-1976597276-3100954228-1001"
            }
          },
          "ecs" : {
            "version" : "8.0.0"
          },
          "log" : {
            "file" : {
              "path" : "D:\\AIXSOAR\\IDS_2018\\logs_2018-02-23\\DESKTOP-AN3U28N-172.31.64.54.evtx"
            },
            "level" : "資訊"
          },
          "host" : {
            "os" : {
              "type" : "windows",
              "family" : "windows"
            },
            "name" : "DESKTOP-AN3U28N"
          },
          "event" : {
            "ingested" : "2024-03-29T07:31:22.227504678Z",
            "code" : "16",
            "provider" : "Microsoft-Windows-Kernel-General",
            "kind" : "event",
            "created" : "2024-03-29T07:31:21.275Z",
            "action" : "None"
          },
          "message" : "已清除登錄區 \\??\\C:\\Users\\PC\\AppData\\Local\\Packages\\Microsoft.LockApp_cw5n1h2txyewy\\Microsoft.LockApp_10.0.10240.16384_neutral__cw5n1h2txyewy\\ActivationStore\\ActivationStore.dat 中的存取歷程記錄，更新了 0 個機碼並建立了 0 個修改的頁面。"
        }
      },
      {
        "_index" : "ids-2018-172.31.64.54",
        "_id" : "APgeiY4B6U4O_9c50Zf1",
        "_score" : 0.0,
        "_source" : {
          "agent" : {
            "name" : "CHPIYR2",
            "id" : "60d66234-2dc5-408a-9a6e-a0a6278a7ae3",
            "ephemeral_id" : "c6ebe2c3-8b53-4b62-91bb-78491404bbe4",
            "type" : "winlogbeat",
            "version" : "8.11.3"
          },
          "@timestamp" : "2017-12-05T15:43:53.883Z",
          "winlog" : {
            "computer_name" : "DESKTOP-AN3U28N",
            "record_id" : 170,
            "process" : {
              "pid" : 2452,
              "thread" : {
                "id" : 2544
              }
            },
            "event_id" : "16",
            "task" : "None",
            "provider_guid" : "{a68ca8b7-004f-d7b6-a698-07e2de0f1f5d}",
            "channel" : "System",
            "api" : "wineventlog",
            "event_data" : {
              "HiveNameLength" : "176",
              "DirtyPages" : "0",
              "HiveName" : "\\??\\C:\\Users\\PC\\AppData\\Local\\Packages\\Microsoft.MicrosoftEdge_8wekyb3d8bbwe\\Microsoft.MicrosoftEdge_20.10240.16384.0_neutral__8wekyb3d8bbwe\\ActivationStore\\ActivationStore.dat",
              "KeysUpdated" : "0"
            },
            "provider_name" : "Microsoft-Windows-Kernel-General",
            "opcode" : "資訊",
            "user" : {
              "identifier" : "S-1-5-21-913095808-1976597276-3100954228-1001"
            }
          },
          "ecs" : {
            "version" : "8.0.0"
          },
          "log" : {
            "file" : {
              "path" : "D:\\AIXSOAR\\IDS_2018\\logs_2018-02-23\\DESKTOP-AN3U28N-172.31.64.54.evtx"
            },
            "level" : "資訊"
          },
          "host" : {
            "os" : {
              "type" : "windows",
              "family" : "windows"
            },
            "name" : "DESKTOP-AN3U28N"
          },
          "message" : "已清除登錄區 \\??\\C:\\Users\\PC\\AppData\\Local\\Packages\\Microsoft.MicrosoftEdge_8wekyb3d8bbwe\\Microsoft.MicrosoftEdge_20.10240.16384.0_neutral__8wekyb3d8bbwe\\ActivationStore\\ActivationStore.dat 中的存取歷程記錄，更新了 0 個機碼並建立了 0 個修改的頁面。",
          "event" : {
            "ingested" : "2024-03-29T07:31:22.227557210Z",
            "code" : "16",
            "provider" : "Microsoft-Windows-Kernel-General",
            "kind" : "event",
            "created" : "2024-03-29T07:31:21.275Z",
            "action" : "None"
          }
        }
      },
      {
        "_index" : "ids-2018-172.31.64.54",
        "_id" : "AfgeiY4B6U4O_9c50Zf1",
        "_score" : 0.0,
        "_ignored" : [
          "message.keyword"
        ],
        "_source" : {
          "agent" : {
            "name" : "CHPIYR2",
            "id" : "60d66234-2dc5-408a-9a6e-a0a6278a7ae3",
            "ephemeral_id" : "c6ebe2c3-8b53-4b62-91bb-78491404bbe4",
            "type" : "winlogbeat",
            "version" : "8.11.3"
          },
          "@timestamp" : "2017-12-05T15:43:54.190Z",
          "winlog" : {
            "computer_name" : "DESKTOP-AN3U28N",
            "record_id" : 171,
            "process" : {
              "pid" : 2452,
              "thread" : {
                "id" : 2544
              }
            },
            "event_id" : "16",
            "task" : "None",
            "provider_guid" : "{a68ca8b7-004f-d7b6-a698-07e2de0f1f5d}",
            "channel" : "System",
            "api" : "wineventlog",
            "event_data" : {
              "HiveNameLength" : "217",
              "HiveName" : "\\??\\C:\\Users\\PC\\AppData\\Local\\Packages\\Microsoft.Windows.AssignedAccessLockApp_cw5n1h2txyewy\\Microsoft.Windows.AssignedAccessLockApp_1000.10240.16384.0_neutral_neutral_cw5n1h2txyewy\\ActivationStore\\ActivationStore.dat",
              "DirtyPages" : "0",
              "KeysUpdated" : "0"
            },
            "opcode" : "資訊",
            "provider_name" : "Microsoft-Windows-Kernel-General",
            "user" : {
              "identifier" : "S-1-5-21-913095808-1976597276-3100954228-1001"
            }
          },
          "ecs" : {
            "version" : "8.0.0"
          },
          "log" : {
            "file" : {
              "path" : "D:\\AIXSOAR\\IDS_2018\\logs_2018-02-23\\DESKTOP-AN3U28N-172.31.64.54.evtx"
            },
            "level" : "資訊"
          },
          "host" : {
            "os" : {
              "type" : "windows",
              "family" : "windows"
            },
            "name" : "DESKTOP-AN3U28N"
          },
          "message" : "已清除登錄區 \\??\\C:\\Users\\PC\\AppData\\Local\\Packages\\Microsoft.Windows.AssignedAccessLockApp_cw5n1h2txyewy\\Microsoft.Windows.AssignedAccessLockApp_1000.10240.16384.0_neutral_neutral_cw5n1h2txyewy\\ActivationStore\\ActivationStore.dat 中的存取歷程記錄，更新了 0 個機碼並建立了 0 個修改的頁面。",
          "event" : {
            "ingested" : "2024-03-29T07:31:22.227610224Z",
            "code" : "16",
            "provider" : "Microsoft-Windows-Kernel-General",
            "kind" : "event",
            "created" : "2024-03-29T07:31:21.275Z",
            "action" : "None"
          }
        }
      },
      {
        "_index" : "ids-2018-172.31.64.54",
        "_id" : "AvgeiY4B6U4O_9c50Zf1",
        "_score" : 0.0,
        "_ignored" : [
          "message.keyword"
        ],
        "_source" : {
          "agent" : {
            "name" : "CHPIYR2",
            "id" : "60d66234-2dc5-408a-9a6e-a0a6278a7ae3",
            "ephemeral_id" : "c6ebe2c3-8b53-4b62-91bb-78491404bbe4",
            "type" : "winlogbeat",
            "version" : "8.11.3"
          },
          "@timestamp" : "2017-12-05T15:43:54.429Z",
          "winlog" : {
            "record_id" : 172,
            "computer_name" : "DESKTOP-AN3U28N",
            "process" : {
              "pid" : 2452,
              "thread" : {
                "id" : 2544
              }
            },
            "task" : "None",
            "event_id" : "16",
            "provider_guid" : "{a68ca8b7-004f-d7b6-a698-07e2de0f1f5d}",
            "channel" : "System",
            "api" : "wineventlog",
            "event_data" : {
              "HiveNameLength" : "217",
              "HiveName" : "\\??\\C:\\Users\\PC\\AppData\\Local\\Packages\\Microsoft.Windows.ContentDeliveryManager_cw5n1h2txyewy\\Microsoft.Windows.ContentDeliveryManager_10.0.10240.16384_neutral_neutral_cw5n1h2txyewy\\ActivationStore\\ActivationStore.dat",
              "DirtyPages" : "0",
              "KeysUpdated" : "0"
            },
            "provider_name" : "Microsoft-Windows-Kernel-General",
            "opcode" : "資訊",
            "user" : {
              "identifier" : "S-1-5-21-913095808-1976597276-3100954228-1001"
            }
          },
          "ecs" : {
            "version" : "8.0.0"
          },
          "log" : {
            "file" : {
              "path" : "D:\\AIXSOAR\\IDS_2018\\logs_2018-02-23\\DESKTOP-AN3U28N-172.31.64.54.evtx"
            },
            "level" : "資訊"
          },
          "host" : {
            "os" : {
              "type" : "windows",
              "family" : "windows"
            },
            "name" : "DESKTOP-AN3U28N"
          },
          "message" : "已清除登錄區 \\??\\C:\\Users\\PC\\AppData\\Local\\Packages\\Microsoft.Windows.ContentDeliveryManager_cw5n1h2txyewy\\Microsoft.Windows.ContentDeliveryManager_10.0.10240.16384_neutral_neutral_cw5n1h2txyewy\\ActivationStore\\ActivationStore.dat 中的存取歷程記錄，更新了 0 個機碼並建立了 0 個修改的頁面。",
          "event" : {
            "ingested" : "2024-03-29T07:31:22.227663089Z",
            "code" : "16",
            "provider" : "Microsoft-Windows-Kernel-General",
            "created" : "2024-03-29T07:31:21.275Z",
            "kind" : "event",
            "action" : "None"
          }
        }
      },
      {
        "_index" : "ids-2018-172.31.64.54",
        "_id" : "A_geiY4B6U4O_9c50Zf1",
        "_score" : 0.0,
        "_source" : {
          "agent" : {
            "name" : "CHPIYR2",
            "id" : "60d66234-2dc5-408a-9a6e-a0a6278a7ae3",
            "ephemeral_id" : "c6ebe2c3-8b53-4b62-91bb-78491404bbe4",
            "type" : "winlogbeat",
            "version" : "8.11.3"
          },
          "@timestamp" : "2017-12-05T15:43:55.312Z",
          "winlog" : {
            "record_id" : 173,
            "computer_name" : "DESKTOP-AN3U28N",
            "process" : {
              "pid" : 2452,
              "thread" : {
                "id" : 2544
              }
            },
            "task" : "None",
            "event_id" : "16",
            "provider_guid" : "{a68ca8b7-004f-d7b6-a698-07e2de0f1f5d}",
            "channel" : "System",
            "event_data" : {
              "HiveNameLength" : "180",
              "HiveName" : "\\??\\C:\\Users\\PC\\AppData\\Local\\Packages\\Microsoft.Windows.Cortana_cw5n1h2txyewy\\Microsoft.Windows.Cortana_1.4.8.152_neutral_neutral_cw5n1h2txyewy\\ActivationStore\\ActivationStore.dat",
              "DirtyPages" : "0",
              "KeysUpdated" : "0"
            },
            "api" : "wineventlog",
            "opcode" : "資訊",
            "provider_name" : "Microsoft-Windows-Kernel-General",
            "user" : {
              "identifier" : "S-1-5-21-913095808-1976597276-3100954228-1001"
            }
          },
          "ecs" : {
            "version" : "8.0.0"
          },
          "log" : {
            "file" : {
              "path" : "D:\\AIXSOAR\\IDS_2018\\logs_2018-02-23\\DESKTOP-AN3U28N-172.31.64.54.evtx"
            },
            "level" : "資訊"
          },
          "host" : {
            "os" : {
              "type" : "windows",
              "family" : "windows"
            },
            "name" : "DESKTOP-AN3U28N"
          },
          "event" : {
            "ingested" : "2024-03-29T07:31:22.227715365Z",
            "code" : "16",
            "provider" : "Microsoft-Windows-Kernel-General",
            "created" : "2024-03-29T07:31:21.275Z",
            "kind" : "event",
            "action" : "None"
          },
          "message" : "已清除登錄區 \\??\\C:\\Users\\PC\\AppData\\Local\\Packages\\Microsoft.Windows.Cortana_cw5n1h2txyewy\\Microsoft.Windows.Cortana_1.4.8.152_neutral_neutral_cw5n1h2txyewy\\ActivationStore\\ActivationStore.dat 中的存取歷程記錄，更新了 0 個機碼並建立了 0 個修改的頁面。"
        }
      },
      {
        "_index" : "ids-2018-172.31.64.54",
        "_id" : "BPgeiY4B6U4O_9c50Zf1",
        "_score" : 0.0,
        "_source" : {
          "agent" : {
            "name" : "CHPIYR2",
            "id" : "60d66234-2dc5-408a-9a6e-a0a6278a7ae3",
            "type" : "winlogbeat",
            "ephemeral_id" : "c6ebe2c3-8b53-4b62-91bb-78491404bbe4",
            "version" : "8.11.3"
          },
          "@timestamp" : "2017-12-05T15:43:55.560Z",
          "winlog" : {
            "record_id" : 174,
            "computer_name" : "DESKTOP-AN3U28N",
            "process" : {
              "pid" : 2452,
              "thread" : {
                "id" : 2544
              }
            },
            "task" : "None",
            "event_id" : "16",
            "provider_guid" : "{a68ca8b7-004f-d7b6-a698-07e2de0f1f5d}",
            "channel" : "System",
            "event_data" : {
              "HiveNameLength" : "207",
              "HiveName" : "\\??\\C:\\Users\\PC\\AppData\\Local\\Packages\\Microsoft.Windows.ParentalControls_cw5n1h2txyewy\\Microsoft.Windows.ParentalControls_1000.10240.16384.0_neutral_neutral_cw5n1h2txyewy\\ActivationStore\\ActivationStore.dat",
              "DirtyPages" : "0",
              "KeysUpdated" : "0"
            },
            "api" : "wineventlog",
            "opcode" : "資訊",
            "provider_name" : "Microsoft-Windows-Kernel-General",
            "user" : {
              "identifier" : "S-1-5-21-913095808-1976597276-3100954228-1001"
            }
          },
          "ecs" : {
            "version" : "8.0.0"
          },
          "log" : {
            "file" : {
              "path" : "D:\\AIXSOAR\\IDS_2018\\logs_2018-02-23\\DESKTOP-AN3U28N-172.31.64.54.evtx"
            },
            "level" : "資訊"
          },
          "host" : {
            "os" : {
              "type" : "windows",
              "family" : "windows"
            },
            "name" : "DESKTOP-AN3U28N"
          },
          "event" : {
            "ingested" : "2024-03-29T07:31:22.227768365Z",
            "code" : "16",
            "provider" : "Microsoft-Windows-Kernel-General",
            "created" : "2024-03-29T07:31:21.275Z",
            "kind" : "event",
            "action" : "None"
          },
          "message" : "已清除登錄區 \\??\\C:\\Users\\PC\\AppData\\Local\\Packages\\Microsoft.Windows.ParentalControls_cw5n1h2txyewy\\Microsoft.Windows.ParentalControls_1000.10240.16384.0_neutral_neutral_cw5n1h2txyewy\\ActivationStore\\ActivationStore.dat 中的存取歷程記錄，更新了 0 個機碼並建立了 0 個修改的頁面。"
        }
      },
      {
        "_index" : "ids-2018-172.31.64.54",
        "_id" : "BfgeiY4B6U4O_9c50Zf1",
        "_score" : 0.0,
        "_source" : {
          "agent" : {
            "name" : "CHPIYR2",
            "id" : "60d66234-2dc5-408a-9a6e-a0a6278a7ae3",
            "ephemeral_id" : "c6ebe2c3-8b53-4b62-91bb-78491404bbe4",
            "type" : "winlogbeat",
            "version" : "8.11.3"
          },
          "@timestamp" : "2017-12-05T15:43:55.790Z",
          "winlog" : {
            "computer_name" : "DESKTOP-AN3U28N",
            "record_id" : 175,
            "process" : {
              "pid" : 2452,
              "thread" : {
                "id" : 2544
              }
            },
            "event_id" : "16",
            "task" : "None",
            "provider_guid" : "{a68ca8b7-004f-d7b6-a698-07e2de0f1f5d}",
            "channel" : "System",
            "api" : "wineventlog",
            "event_data" : {
              "HiveNameLength" : "211",
              "HiveName" : "\\??\\C:\\Users\\PC\\AppData\\Local\\Packages\\Microsoft.Windows.ShellExperienceHost_cw5n1h2txyewy\\Microsoft.Windows.ShellExperienceHost_10.0.10240.16384_neutral_neutral_cw5n1h2txyewy\\ActivationStore\\ActivationStore.dat",
              "DirtyPages" : "0",
              "KeysUpdated" : "0"
            },
            "opcode" : "資訊",
            "provider_name" : "Microsoft-Windows-Kernel-General",
            "user" : {
              "identifier" : "S-1-5-21-913095808-1976597276-3100954228-1001"
            }
          },
          "ecs" : {
            "version" : "8.0.0"
          },
          "log" : {
            "file" : {
              "path" : "D:\\AIXSOAR\\IDS_2018\\logs_2018-02-23\\DESKTOP-AN3U28N-172.31.64.54.evtx"
            },
            "level" : "資訊"
          },
          "host" : {
            "os" : {
              "type" : "windows",
              "family" : "windows"
            },
            "name" : "DESKTOP-AN3U28N"
          },
          "event" : {
            "ingested" : "2024-03-29T07:31:22.227821860Z",
            "code" : "16",
            "provider" : "Microsoft-Windows-Kernel-General",
            "created" : "2024-03-29T07:31:21.275Z",
            "kind" : "event",
            "action" : "None"
          },
          "message" : "已清除登錄區 \\??\\C:\\Users\\PC\\AppData\\Local\\Packages\\Microsoft.Windows.ShellExperienceHost_cw5n1h2txyewy\\Microsoft.Windows.ShellExperienceHost_10.0.10240.16384_neutral_neutral_cw5n1h2txyewy\\ActivationStore\\ActivationStore.dat 中的存取歷程記錄，更新了 0 個機碼並建立了 0 個修改的頁面。"
        }
      },
      {
        "_index" : "ids-2018-172.31.64.54",
        "_id" : "BvgeiY4B6U4O_9c50Zf1",
        "_score" : 0.0,
        "_source" : {
          "agent" : {
            "name" : "CHPIYR2",
            "id" : "60d66234-2dc5-408a-9a6e-a0a6278a7ae3",
            "ephemeral_id" : "c6ebe2c3-8b53-4b62-91bb-78491404bbe4",
            "type" : "winlogbeat",
            "version" : "8.11.3"
          },
          "@timestamp" : "2017-12-05T15:43:56.066Z",
          "winlog" : {
            "computer_name" : "DESKTOP-AN3U28N",
            "record_id" : 176,
            "process" : {
              "pid" : 2452,
              "thread" : {
                "id" : 2544
              }
            },
            "event_id" : "16",
            "task" : "None",
            "provider_guid" : "{a68ca8b7-004f-d7b6-a698-07e2de0f1f5d}",
            "channel" : "System",
            "api" : "wineventlog",
            "event_data" : {
              "HiveNameLength" : "187",
              "DirtyPages" : "0",
              "HiveName" : "\\??\\C:\\Users\\PC\\AppData\\Local\\Packages\\Microsoft.WindowsFeedback_cw5n1h2txyewy\\Microsoft.WindowsFeedback_10.0.10240.16384_neutral_neutral_cw5n1h2txyewy\\ActivationStore\\ActivationStore.dat",
              "KeysUpdated" : "0"
            },
            "opcode" : "資訊",
            "provider_name" : "Microsoft-Windows-Kernel-General",
            "user" : {
              "identifier" : "S-1-5-21-913095808-1976597276-3100954228-1001"
            }
          },
          "ecs" : {
            "version" : "8.0.0"
          },
          "log" : {
            "file" : {
              "path" : "D:\\AIXSOAR\\IDS_2018\\logs_2018-02-23\\DESKTOP-AN3U28N-172.31.64.54.evtx"
            },
            "level" : "資訊"
          },
          "host" : {
            "os" : {
              "type" : "windows",
              "family" : "windows"
            },
            "name" : "DESKTOP-AN3U28N"
          },
          "event" : {
            "ingested" : "2024-03-29T07:31:22.227875121Z",
            "code" : "16",
            "provider" : "Microsoft-Windows-Kernel-General",
            "created" : "2024-03-29T07:31:21.275Z",
            "kind" : "event",
            "action" : "None"
          },
          "message" : "已清除登錄區 \\??\\C:\\Users\\PC\\AppData\\Local\\Packages\\Microsoft.WindowsFeedback_cw5n1h2txyewy\\Microsoft.WindowsFeedback_10.0.10240.16384_neutral_neutral_cw5n1h2txyewy\\ActivationStore\\ActivationStore.dat 中的存取歷程記錄，更新了 0 個機碼並建立了 0 個修改的頁面。"
        }
      },
      {
        "_index" : "ids-2018-172.31.64.54",
        "_id" : "B_geiY4B6U4O_9c50Zf1",
        "_score" : 0.0,
        "_source" : {
          "agent" : {
            "name" : "CHPIYR2",
            "id" : "60d66234-2dc5-408a-9a6e-a0a6278a7ae3",
            "type" : "winlogbeat",
            "ephemeral_id" : "c6ebe2c3-8b53-4b62-91bb-78491404bbe4",
            "version" : "8.11.3"
          },
          "@timestamp" : "2017-12-05T15:43:56.280Z",
          "winlog" : {
            "computer_name" : "DESKTOP-AN3U28N",
            "record_id" : 177,
            "process" : {
              "pid" : 2452,
              "thread" : {
                "id" : 2544
              }
            },
            "task" : "None",
            "event_id" : "16",
            "provider_guid" : "{a68ca8b7-004f-d7b6-a698-07e2de0f1f5d}",
            "channel" : "System",
            "api" : "wineventlog",
            "event_data" : {
              "HiveNameLength" : "195",
              "HiveName" : "\\??\\C:\\Users\\PC\\AppData\\Local\\Packages\\Microsoft.XboxGameCallableUI_cw5n1h2txyewy\\Microsoft.XboxGameCallableUI_1000.10240.16384.0_neutral_neutral_cw5n1h2txyewy\\ActivationStore\\ActivationStore.dat",
              "DirtyPages" : "0",
              "KeysUpdated" : "0"
            },
            "opcode" : "資訊",
            "provider_name" : "Microsoft-Windows-Kernel-General",
            "user" : {
              "identifier" : "S-1-5-21-913095808-1976597276-3100954228-1001"
            }
          },
          "ecs" : {
            "version" : "8.0.0"
          },
          "log" : {
            "file" : {
              "path" : "D:\\AIXSOAR\\IDS_2018\\logs_2018-02-23\\DESKTOP-AN3U28N-172.31.64.54.evtx"
            },
            "level" : "資訊"
          },
          "host" : {
            "os" : {
              "type" : "windows",
              "family" : "windows"
            },
            "name" : "DESKTOP-AN3U28N"
          },
          "event" : {
            "ingested" : "2024-03-29T07:31:22.227932181Z",
            "code" : "16",
            "provider" : "Microsoft-Windows-Kernel-General",
            "created" : "2024-03-29T07:31:21.275Z",
            "kind" : "event",
            "action" : "None"
          },
          "message" : "已清除登錄區 \\??\\C:\\Users\\PC\\AppData\\Local\\Packages\\Microsoft.XboxGameCallableUI_cw5n1h2txyewy\\Microsoft.XboxGameCallableUI_1000.10240.16384.0_neutral_neutral_cw5n1h2txyewy\\ActivationStore\\ActivationStore.dat 中的存取歷程記錄，更新了 0 個機碼並建立了 0 個修改的頁面。"
        }
      },
      {
        "_index" : "ids-2018-172.31.64.54",
        "_id" : "CPgeiY4B6U4O_9c50Zf1",
        "_score" : 0.0,
        "_source" : {
          "agent" : {
            "name" : "CHPIYR2",
            "id" : "60d66234-2dc5-408a-9a6e-a0a6278a7ae3",
            "ephemeral_id" : "c6ebe2c3-8b53-4b62-91bb-78491404bbe4",
            "type" : "winlogbeat",
            "version" : "8.11.3"
          },
          "@timestamp" : "2017-12-05T15:43:56.491Z",
          "winlog" : {
            "record_id" : 178,
            "computer_name" : "DESKTOP-AN3U28N",
            "process" : {
              "pid" : 2452,
              "thread" : {
                "id" : 2544
              }
            },
            "event_id" : "16",
            "task" : "None",
            "provider_guid" : "{a68ca8b7-004f-d7b6-a698-07e2de0f1f5d}",
            "channel" : "System",
            "api" : "wineventlog",
            "event_data" : {
              "HiveNameLength" : "199",
              "HiveName" : "\\??\\C:\\Users\\PC\\AppData\\Local\\Packages\\Microsoft.XboxIdentityProvider_cw5n1h2txyewy\\Microsoft.XboxIdentityProvider_1000.10240.16384.0_neutral_neutral_cw5n1h2txyewy\\ActivationStore\\ActivationStore.dat",
              "DirtyPages" : "0",
              "KeysUpdated" : "0"
            },
            "opcode" : "資訊",
            "provider_name" : "Microsoft-Windows-Kernel-General",
            "user" : {
              "identifier" : "S-1-5-21-913095808-1976597276-3100954228-1001"
            }
          },
          "ecs" : {
            "version" : "8.0.0"
          },
          "log" : {
            "file" : {
              "path" : "D:\\AIXSOAR\\IDS_2018\\logs_2018-02-23\\DESKTOP-AN3U28N-172.31.64.54.evtx"
            },
            "level" : "資訊"
          },
          "host" : {
            "os" : {
              "type" : "windows",
              "family" : "windows"
            },
            "name" : "DESKTOP-AN3U28N"
          },
          "message" : "已清除登錄區 \\??\\C:\\Users\\PC\\AppData\\Local\\Packages\\Microsoft.XboxIdentityProvider_cw5n1h2txyewy\\Microsoft.XboxIdentityProvider_1000.10240.16384.0_neutral_neutral_cw5n1h2txyewy\\ActivationStore\\ActivationStore.dat 中的存取歷程記錄，更新了 0 個機碼並建立了 0 個修改的頁面。",
          "event" : {
            "ingested" : "2024-03-29T07:31:22.227986700Z",
            "code" : "16",
            "provider" : "Microsoft-Windows-Kernel-General",
            "created" : "2024-03-29T07:31:21.275Z",
            "kind" : "event",
            "action" : "None"
          }
        }
      },
      {
        "_index" : "ids-2018-172.31.64.54",
        "_id" : "CfgeiY4B6U4O_9c50Zf1",
        "_score" : 0.0,
        "_source" : {
          "agent" : {
            "name" : "CHPIYR2",
            "id" : "60d66234-2dc5-408a-9a6e-a0a6278a7ae3",
            "type" : "winlogbeat",
            "ephemeral_id" : "c6ebe2c3-8b53-4b62-91bb-78491404bbe4",
            "version" : "8.11.3"
          },
          "@timestamp" : "2017-12-05T15:43:56.742Z",
          "winlog" : {
            "computer_name" : "DESKTOP-AN3U28N",
            "record_id" : 179,
            "process" : {
              "pid" : 2452,
              "thread" : {
                "id" : 2544
              }
            },
            "task" : "None",
            "event_id" : "16",
            "provider_guid" : "{a68ca8b7-004f-d7b6-a698-07e2de0f1f5d}",
            "channel" : "System",
            "api" : "wineventlog",
            "event_data" : {
              "HiveNameLength" : "181",
              "HiveName" : "\\??\\C:\\Users\\PC\\AppData\\Local\\Packages\\Windows.ContactSupport_cw5n1h2txyewy\\Windows.ContactSupport_10.0.10240.16384_neutral_neutral_cw5n1h2txyewy\\ActivationStore\\ActivationStore.dat",
              "DirtyPages" : "0",
              "KeysUpdated" : "0"
            },
            "opcode" : "資訊",
            "provider_name" : "Microsoft-Windows-Kernel-General",
            "user" : {
              "identifier" : "S-1-5-21-913095808-1976597276-3100954228-1001"
            }
          },
          "ecs" : {
            "version" : "8.0.0"
          },
          "log" : {
            "file" : {
              "path" : "D:\\AIXSOAR\\IDS_2018\\logs_2018-02-23\\DESKTOP-AN3U28N-172.31.64.54.evtx"
            },
            "level" : "資訊"
          },
          "host" : {
            "os" : {
              "type" : "windows",
              "family" : "windows"
            },
            "name" : "DESKTOP-AN3U28N"
          },
          "event" : {
            "ingested" : "2024-03-29T07:31:22.228039580Z",
            "code" : "16",
            "provider" : "Microsoft-Windows-Kernel-General",
            "created" : "2024-03-29T07:31:21.275Z",
            "kind" : "event",
            "action" : "None"
          },
          "message" : "已清除登錄區 \\??\\C:\\Users\\PC\\AppData\\Local\\Packages\\Windows.ContactSupport_cw5n1h2txyewy\\Windows.ContactSupport_10.0.10240.16384_neutral_neutral_cw5n1h2txyewy\\ActivationStore\\ActivationStore.dat 中的存取歷程記錄，更新了 0 個機碼並建立了 0 個修改的頁面。"
        }
      },
      {
        "_index" : "ids-2018-172.31.64.54",
        "_id" : "CvgeiY4B6U4O_9c50Zf1",
        "_score" : 0.0,
        "_source" : {
          "agent" : {
            "name" : "CHPIYR2",
            "id" : "60d66234-2dc5-408a-9a6e-a0a6278a7ae3",
            "type" : "winlogbeat",
            "ephemeral_id" : "c6ebe2c3-8b53-4b62-91bb-78491404bbe4",
            "version" : "8.11.3"
          },
          "@timestamp" : "2017-12-05T15:43:57.459Z",
          "winlog" : {
            "record_id" : 180,
            "computer_name" : "DESKTOP-AN3U28N",
            "process" : {
              "pid" : 2452,
              "thread" : {
                "id" : 2544
              }
            },
            "event_id" : "16",
            "task" : "None",
            "provider_guid" : "{a68ca8b7-004f-d7b6-a698-07e2de0f1f5d}",
            "channel" : "System",
            "api" : "wineventlog",
            "event_data" : {
              "HiveNameLength" : "172",
              "HiveName" : "\\??\\C:\\Users\\PC\\AppData\\Local\\Packages\\Windows.PurchaseDialog_cw5n1h2txyewy\\Windows.PurchaseDialog_6.2.0.0_neutral_neutral_cw5n1h2txyewy\\ActivationStore\\ActivationStore.dat",
              "DirtyPages" : "0",
              "KeysUpdated" : "0"
            },
            "provider_name" : "Microsoft-Windows-Kernel-General",
            "opcode" : "資訊",
            "user" : {
              "identifier" : "S-1-5-21-913095808-1976597276-3100954228-1001"
            }
          },
          "ecs" : {
            "version" : "8.0.0"
          },
          "log" : {
            "file" : {
              "path" : "D:\\AIXSOAR\\IDS_2018\\logs_2018-02-23\\DESKTOP-AN3U28N-172.31.64.54.evtx"
            },
            "level" : "資訊"
          },
          "host" : {
            "os" : {
              "type" : "windows",
              "family" : "windows"
            },
            "name" : "DESKTOP-AN3U28N"
          },
          "event" : {
            "ingested" : "2024-03-29T07:31:22.228091852Z",
            "code" : "16",
            "provider" : "Microsoft-Windows-Kernel-General",
            "kind" : "event",
            "created" : "2024-03-29T07:31:21.275Z",
            "action" : "None"
          },
          "message" : "已清除登錄區 \\??\\C:\\Users\\PC\\AppData\\Local\\Packages\\Windows.PurchaseDialog_cw5n1h2txyewy\\Windows.PurchaseDialog_6.2.0.0_neutral_neutral_cw5n1h2txyewy\\ActivationStore\\ActivationStore.dat 中的存取歷程記錄，更新了 0 個機碼並建立了 0 個修改的頁面。"
        }
      },
      {
        "_index" : "ids-2018-172.31.64.54",
        "_id" : "C_geiY4B6U4O_9c50Zf1",
        "_score" : 0.0,
        "_source" : {
          "agent" : {
            "name" : "CHPIYR2",
            "id" : "60d66234-2dc5-408a-9a6e-a0a6278a7ae3",
            "type" : "winlogbeat",
            "ephemeral_id" : "c6ebe2c3-8b53-4b62-91bb-78491404bbe4",
            "version" : "8.11.3"
          },
          "@timestamp" : "2017-12-05T15:43:59.414Z",
          "winlog" : {
            "computer_name" : "DESKTOP-AN3U28N",
            "record_id" : 181,
            "process" : {
              "pid" : 2784,
              "thread" : {
                "id" : 2064
              }
            },
            "task" : "None",
            "event_id" : "16",
            "provider_guid" : "{a68ca8b7-004f-d7b6-a698-07e2de0f1f5d}",
            "channel" : "System",
            "event_data" : {
              "HiveNameLength" : "115",
              "HiveName" : "\\??\\C:\\Users\\PC\\AppData\\Local\\Packages\\Microsoft.Windows.ContentDeliveryManager_cw5n1h2txyewy\\Settings\\settings.dat",
              "DirtyPages" : "1",
              "KeysUpdated" : "3"
            },
            "api" : "wineventlog",
            "provider_name" : "Microsoft-Windows-Kernel-General",
            "opcode" : "資訊",
            "user" : {
              "identifier" : "S-1-5-21-913095808-1976597276-3100954228-1001"
            }
          },
          "ecs" : {
            "version" : "8.0.0"
          },
          "log" : {
            "file" : {
              "path" : "D:\\AIXSOAR\\IDS_2018\\logs_2018-02-23\\DESKTOP-AN3U28N-172.31.64.54.evtx"
            },
            "level" : "資訊"
          },
          "host" : {
            "os" : {
              "type" : "windows",
              "family" : "windows"
            },
            "name" : "DESKTOP-AN3U28N"
          },
          "message" : "已清除登錄區 \\??\\C:\\Users\\PC\\AppData\\Local\\Packages\\Microsoft.Windows.ContentDeliveryManager_cw5n1h2txyewy\\Settings\\settings.dat 中的存取歷程記錄，更新了 3 個機碼並建立了 1 個修改的頁面。",
          "event" : {
            "ingested" : "2024-03-29T07:31:22.228144179Z",
            "code" : "16",
            "provider" : "Microsoft-Windows-Kernel-General",
            "kind" : "event",
            "created" : "2024-03-29T07:31:21.275Z",
            "action" : "None"
          }
        }
      },
      {
        "_index" : "ids-2018-172.31.64.54",
        "_id" : "DPgeiY4B6U4O_9c50Zf1",
        "_score" : 0.0,
        "_source" : {
          "agent" : {
            "name" : "CHPIYR2",
            "id" : "60d66234-2dc5-408a-9a6e-a0a6278a7ae3",
            "ephemeral_id" : "c6ebe2c3-8b53-4b62-91bb-78491404bbe4",
            "type" : "winlogbeat",
            "version" : "8.11.3"
          },
          "@timestamp" : "2017-12-05T15:43:59.667Z",
          "winlog" : {
            "record_id" : 182,
            "computer_name" : "DESKTOP-AN3U28N",
            "process" : {
              "pid" : 3008,
              "thread" : {
                "id" : 1380
              }
            },
            "task" : "None",
            "event_id" : "16",
            "provider_guid" : "{a68ca8b7-004f-d7b6-a698-07e2de0f1f5d}",
            "channel" : "System",
            "api" : "wineventlog",
            "event_data" : {
              "HiveNameLength" : "112",
              "HiveName" : "\\??\\C:\\Users\\PC\\AppData\\Local\\Packages\\Microsoft.Windows.ShellExperienceHost_cw5n1h2txyewy\\Settings\\settings.dat",
              "DirtyPages" : "1",
              "KeysUpdated" : "3"
            },
            "opcode" : "資訊",
            "provider_name" : "Microsoft-Windows-Kernel-General",
            "user" : {
              "identifier" : "S-1-5-21-913095808-1976597276-3100954228-1001"
            }
          },
          "ecs" : {
            "version" : "8.0.0"
          },
          "log" : {
            "file" : {
              "path" : "D:\\AIXSOAR\\IDS_2018\\logs_2018-02-23\\DESKTOP-AN3U28N-172.31.64.54.evtx"
            },
            "level" : "資訊"
          },
          "host" : {
            "os" : {
              "type" : "windows",
              "family" : "windows"
            },
            "name" : "DESKTOP-AN3U28N"
          },
          "event" : {
            "ingested" : "2024-03-29T07:31:22.228196008Z",
            "code" : "16",
            "provider" : "Microsoft-Windows-Kernel-General",
            "created" : "2024-03-29T07:31:21.275Z",
            "kind" : "event",
            "action" : "None"
          },
          "message" : "已清除登錄區 \\??\\C:\\Users\\PC\\AppData\\Local\\Packages\\Microsoft.Windows.ShellExperienceHost_cw5n1h2txyewy\\Settings\\settings.dat 中的存取歷程記錄，更新了 3 個機碼並建立了 1 個修改的頁面。"
        }
      },
      {
        "_index" : "ids-2018-172.31.64.54",
        "_id" : "DfgeiY4B6U4O_9c50Zf1",
        "_score" : 0.0,
        "_source" : {
          "agent" : {
            "name" : "CHPIYR2",
            "id" : "60d66234-2dc5-408a-9a6e-a0a6278a7ae3",
            "ephemeral_id" : "c6ebe2c3-8b53-4b62-91bb-78491404bbe4",
            "type" : "winlogbeat",
            "version" : "8.11.3"
          },
          "@timestamp" : "2017-12-05T15:43:59.854Z",
          "winlog" : {
            "computer_name" : "DESKTOP-AN3U28N",
            "record_id" : 183,
            "process" : {
              "pid" : 1892,
              "thread" : {
                "id" : 3016
              }
            },
            "event_id" : "16",
            "task" : "None",
            "provider_guid" : "{a68ca8b7-004f-d7b6-a698-07e2de0f1f5d}",
            "channel" : "System",
            "event_data" : {
              "HiveNameLength" : "100",
              "DirtyPages" : "1",
              "HiveName" : "\\??\\C:\\Users\\PC\\AppData\\Local\\Packages\\Microsoft.Windows.Cortana_cw5n1h2txyewy\\Settings\\settings.dat",
              "KeysUpdated" : "3"
            },
            "api" : "wineventlog",
            "opcode" : "資訊",
            "provider_name" : "Microsoft-Windows-Kernel-General",
            "user" : {
              "identifier" : "S-1-5-21-913095808-1976597276-3100954228-1001"
            }
          },
          "ecs" : {
            "version" : "8.0.0"
          },
          "log" : {
            "file" : {
              "path" : "D:\\AIXSOAR\\IDS_2018\\logs_2018-02-23\\DESKTOP-AN3U28N-172.31.64.54.evtx"
            },
            "level" : "資訊"
          },
          "host" : {
            "os" : {
              "type" : "windows",
              "family" : "windows"
            },
            "name" : "DESKTOP-AN3U28N"
          },
          "event" : {
            "ingested" : "2024-03-29T07:31:22.228247567Z",
            "code" : "16",
            "provider" : "Microsoft-Windows-Kernel-General",
            "created" : "2024-03-29T07:31:21.275Z",
            "kind" : "event",
            "action" : "None"
          },
          "message" : "已清除登錄區 \\??\\C:\\Users\\PC\\AppData\\Local\\Packages\\Microsoft.Windows.Cortana_cw5n1h2txyewy\\Settings\\settings.dat 中的存取歷程記錄，更新了 3 個機碼並建立了 1 個修改的頁面。"
        }
      },
      {
        "_index" : "ids-2018-172.31.64.54",
        "_id" : "DvgeiY4B6U4O_9c50Zf1",
        "_score" : 0.0,
        "_source" : {
          "agent" : {
            "name" : "CHPIYR2",
            "id" : "60d66234-2dc5-408a-9a6e-a0a6278a7ae3",
            "type" : "winlogbeat",
            "ephemeral_id" : "c6ebe2c3-8b53-4b62-91bb-78491404bbe4",
            "version" : "8.11.3"
          },
          "@timestamp" : "2017-12-05T15:44:06.170Z",
          "winlog" : {
            "computer_name" : "DESKTOP-AN3U28N",
            "record_id" : 184,
            "process" : {
              "pid" : 2452,
              "thread" : {
                "id" : 2544
              }
            },
            "task" : "None",
            "event_id" : "16",
            "provider_guid" : "{a68ca8b7-004f-d7b6-a698-07e2de0f1f5d}",
            "channel" : "System",
            "event_data" : {
              "HiveNameLength" : "107",
              "DirtyPages" : "1",
              "HiveName" : "\\??\\C:\\Users\\PC\\AppData\\Local\\Packages\\Microsoft.NET.Native.Runtime.1.0_8wekyb3d8bbwe\\Settings\\settings.dat",
              "KeysUpdated" : "3"
            },
            "api" : "wineventlog",
            "opcode" : "資訊",
            "provider_name" : "Microsoft-Windows-Kernel-General",
            "user" : {
              "identifier" : "S-1-5-21-913095808-1976597276-3100954228-1001"
            }
          },
          "ecs" : {
            "version" : "8.0.0"
          },
          "log" : {
            "file" : {
              "path" : "D:\\AIXSOAR\\IDS_2018\\logs_2018-02-23\\DESKTOP-AN3U28N-172.31.64.54.evtx"
            },
            "level" : "資訊"
          },
          "host" : {
            "os" : {
              "type" : "windows",
              "family" : "windows"
            },
            "name" : "DESKTOP-AN3U28N"
          },
          "event" : {
            "ingested" : "2024-03-29T07:31:22.228299109Z",
            "code" : "16",
            "provider" : "Microsoft-Windows-Kernel-General",
            "created" : "2024-03-29T07:31:21.275Z",
            "kind" : "event",
            "action" : "None"
          },
          "message" : "已清除登錄區 \\??\\C:\\Users\\PC\\AppData\\Local\\Packages\\Microsoft.NET.Native.Runtime.1.0_8wekyb3d8bbwe\\Settings\\settings.dat 中的存取歷程記錄，更新了 3 個機碼並建立了 1 個修改的頁面。"
        }
      },
