      {
        "_index" : "ids-2018-172.31.64.54",
        "_id" : "vfgfiY4B6U4O_9c5U6O1",
        "_score" : 0.0,
        "_source" : {
          "agent" : {
            "name" : "CHPIYR2",
            "id" : "60d66234-2dc5-408a-9a6e-a0a6278a7ae3",
            "type" : "winlogbeat",
            "ephemeral_id" : "a06e73b9-f1c1-4373-8054-f1bb7187bfa2",
            "version" : "8.11.3"
          },
          "@timestamp" : "2017-12-05T18:11:53.457Z",
          "winlog" : {
            "computer_name" : "DESKTOP-AN3U28N",
            "process" : {
              "pid" : 596,
              "thread" : {
                "id" : 628
              }
            },
            "keywords" : [
              "傳統"
            ],
            "channel" : "System",
            "event_data" : {
              "param1" : "App"
            },
            "opcode" : "資訊",
            "record_id" : 314,
            "task" : "None",
            "event_id" : "10010",
            "provider_guid" : "{1B562E86-B7AA-4131-BADC-B6F3A001407E}",
            "api" : "wineventlog",
            "provider_name" : "Microsoft-Windows-DistributedCOM",
            "user" : {
              "identifier" : "S-1-5-21-913095808-1976597276-3100954228-1001"
            }
          },
          "ecs" : {
            "version" : "8.0.0"
          },
          "log" : {
            "file" : {
              "path" : "D:\\AIXSOAR\\IDS_2018\\logs_2018-03-01\\DESKTOP-AN3U28N-172.31.64.54.evtx"
            },
            "level" : "錯誤"
          },
          "host" : {
            "os" : {
              "type" : "windows",
              "family" : "windows"
            },
            "name" : "DESKTOP-AN3U28N"
          },
          "event" : {
            "ingested" : "2024-03-29T07:31:55.443785615Z",
            "code" : "10010",
            "provider" : "Microsoft-Windows-DistributedCOM",
            "kind" : "event",
            "created" : "2024-03-29T07:31:54.662Z",
            "action" : "None"
          },
          "message" : "伺服器 App 沒有在指定的逾時內登錄 DCOM。"
        }
      },
      {
        "_index" : "ids-2018-172.31.64.54",
        "_id" : "vvgfiY4B6U4O_9c5U6O1",
        "_score" : 0.0,
        "_source" : {
          "agent" : {
            "name" : "CHPIYR2",
            "id" : "60d66234-2dc5-408a-9a6e-a0a6278a7ae3",
            "type" : "winlogbeat",
            "ephemeral_id" : "a06e73b9-f1c1-4373-8054-f1bb7187bfa2",
            "version" : "8.11.3"
          },
          "@timestamp" : "2017-12-05T18:11:53.589Z",
          "winlog" : {
            "record_id" : 315,
            "computer_name" : "DESKTOP-AN3U28N",
            "process" : {
              "pid" : 2232,
              "thread" : {
                "id" : 1208
              }
            },
            "task" : "None",
            "event_id" : "16",
            "provider_guid" : "{a68ca8b7-004f-d7b6-a698-07e2de0f1f5d}",
            "channel" : "System",
            "event_data" : {
              "HiveNameLength" : "153",
              "HiveName" : "\\??\\C:\\Users\\PC\\AppData\\Local\\Packages\\Microsoft.SkypeApp_kzf8qxf38zg5c\\Microsoft.SkypeApp_3.2.1.0_x86__kzf8qxf38zg5c\\ActivationStore\\ActivationStore.dat",
              "DirtyPages" : "0",
              "KeysUpdated" : "0"
            },
            "api" : "wineventlog",
            "opcode" : "資訊",
            "provider_name" : "Microsoft-Windows-Kernel-General",
            "user" : {
              "identifier" : "S-1-5-21-913095808-1976597276-3100954228-1001"
            }
          },
          "ecs" : {
            "version" : "8.0.0"
          },
          "log" : {
            "file" : {
              "path" : "D:\\AIXSOAR\\IDS_2018\\logs_2018-03-01\\DESKTOP-AN3U28N-172.31.64.54.evtx"
            },
            "level" : "資訊"
          },
          "host" : {
            "os" : {
              "type" : "windows",
              "family" : "windows"
            },
            "name" : "DESKTOP-AN3U28N"
          },
          "message" : "已清除登錄區 \\??\\C:\\Users\\PC\\AppData\\Local\\Packages\\Microsoft.SkypeApp_kzf8qxf38zg5c\\Microsoft.SkypeApp_3.2.1.0_x86__kzf8qxf38zg5c\\ActivationStore\\ActivationStore.dat 中的存取歷程記錄，更新了 0 個機碼並建立了 0 個修改的頁面。",
          "event" : {
            "ingested" : "2024-03-29T07:31:55.443815491Z",
            "code" : "16",
            "provider" : "Microsoft-Windows-Kernel-General",
            "created" : "2024-03-29T07:31:54.662Z",
            "kind" : "event",
            "action" : "None"
          }
        }
      },
      {
        "_index" : "ids-2018-172.31.64.54",
        "_id" : "v_gfiY4B6U4O_9c5U6O1",
        "_score" : 0.0,
        "_source" : {
          "agent" : {
            "name" : "CHPIYR2",
            "id" : "60d66234-2dc5-408a-9a6e-a0a6278a7ae3",
            "type" : "winlogbeat",
            "ephemeral_id" : "a06e73b9-f1c1-4373-8054-f1bb7187bfa2",
            "version" : "8.11.3"
          },
          "@timestamp" : "2017-12-05T18:11:54.660Z",
          "winlog" : {
            "computer_name" : "DESKTOP-AN3U28N",
            "process" : {
              "pid" : 596,
              "thread" : {
                "id" : 3968
              }
            },
            "keywords" : [
              "傳統"
            ],
            "channel" : "System",
            "event_data" : {
              "param1" : "CortanaUI.AppXtpp90jhw9p0njjb85kvhxpppgrqfp117.mca"
            },
            "opcode" : "資訊",
            "record_id" : 316,
            "event_id" : "10010",
            "task" : "None",
            "provider_guid" : "{1B562E86-B7AA-4131-BADC-B6F3A001407E}",
            "api" : "wineventlog",
            "provider_name" : "Microsoft-Windows-DistributedCOM",
            "user" : {
              "identifier" : "S-1-5-21-913095808-1976597276-3100954228-1001"
            }
          },
          "ecs" : {
            "version" : "8.0.0"
          },
          "log" : {
            "file" : {
              "path" : "D:\\AIXSOAR\\IDS_2018\\logs_2018-03-01\\DESKTOP-AN3U28N-172.31.64.54.evtx"
            },
            "level" : "錯誤"
          },
          "host" : {
            "os" : {
              "type" : "windows",
              "family" : "windows"
            },
            "name" : "DESKTOP-AN3U28N"
          },
          "message" : "伺服器 CortanaUI.AppXtpp90jhw9p0njjb85kvhxpppgrqfp117.mca 沒有在指定的逾時內登錄 DCOM。",
          "event" : {
            "ingested" : "2024-03-29T07:31:55.443845525Z",
            "code" : "10010",
            "provider" : "Microsoft-Windows-DistributedCOM",
            "kind" : "event",
            "created" : "2024-03-29T07:31:54.662Z",
            "action" : "None"
          }
        }
      },
      {
        "_index" : "ids-2018-172.31.64.54",
        "_id" : "wPgfiY4B6U4O_9c5U6O1",
        "_score" : 0.0,
        "_source" : {
          "agent" : {
            "name" : "CHPIYR2",
            "id" : "60d66234-2dc5-408a-9a6e-a0a6278a7ae3",
            "ephemeral_id" : "a06e73b9-f1c1-4373-8054-f1bb7187bfa2",
            "type" : "winlogbeat",
            "version" : "8.11.3"
          },
          "@timestamp" : "2017-12-05T18:11:57.375Z",
          "winlog" : {
            "computer_name" : "DESKTOP-AN3U28N",
            "process" : {
              "pid" : 432,
              "thread" : {
                "id" : 1300
              }
            },
            "keywords" : [
              "ms:Telemetry"
            ],
            "channel" : "System",
            "event_data" : {
              "UserSid" : "S-1-5-21-913095808-1976597276-3100954228-1001",
              "TSId" : "1"
            },
            "opcode" : "資訊",
            "record_id" : 317,
            "task" : "WinSqmUserLogoff",
            "event_id" : "7002",
            "provider_guid" : "{dbe9b383-7cf3-4331-91cc-a3cb16a3b538}",
            "api" : "wineventlog",
            "provider_name" : "Microsoft-Windows-Winlogon",
            "user" : {
              "identifier" : "S-1-5-18",
              "domain" : "NT AUTHORITY",
              "name" : "SYSTEM",
              "type" : "Well Known Group"
            }
          },
          "ecs" : {
            "version" : "8.0.0"
          },
          "log" : {
            "file" : {
              "path" : "D:\\AIXSOAR\\IDS_2018\\logs_2018-03-01\\DESKTOP-AN3U28N-172.31.64.54.evtx"
            },
            "level" : "資訊"
          },
          "host" : {
            "os" : {
              "type" : "windows",
              "family" : "windows"
            },
            "name" : "DESKTOP-AN3U28N"
          },
          "event" : {
            "ingested" : "2024-03-29T07:31:55.443874385Z",
            "code" : "7002",
            "provider" : "Microsoft-Windows-Winlogon",
            "created" : "2024-03-29T07:31:54.662Z",
            "kind" : "event",
            "action" : "WinSqmUserLogoff"
          },
          "message" : "客戶經驗改進計畫的使用者登出通知"
        }
      },
      {
        "_index" : "ids-2018-172.31.64.54",
        "_id" : "wfgfiY4B6U4O_9c5U6O1",
        "_score" : 0.0,
        "_source" : {
          "agent" : {
            "name" : "CHPIYR2",
            "id" : "60d66234-2dc5-408a-9a6e-a0a6278a7ae3",
            "type" : "winlogbeat",
            "ephemeral_id" : "a06e73b9-f1c1-4373-8054-f1bb7187bfa2",
            "version" : "8.11.3"
          },
          "@timestamp" : "2017-12-05T18:11:59.000Z",
          "winlog" : {
            "record_id" : 318,
            "computer_name" : "DESKTOP-AN3U28N",
            "event_id" : "6006",
            "task" : "None",
            "keywords" : [
              "傳統"
            ],
            "channel" : "System",
            "api" : "wineventlog",
            "event_data" : {
              "Binary" : "0100000000000000"
            },
            "provider_name" : "EventLog"
          },
          "ecs" : {
            "version" : "8.0.0"
          },
          "log" : {
            "file" : {
              "path" : "D:\\AIXSOAR\\IDS_2018\\logs_2018-03-01\\DESKTOP-AN3U28N-172.31.64.54.evtx"
            },
            "level" : "資訊"
          },
          "host" : {
            "os" : {
              "type" : "windows",
              "family" : "windows"
            },
            "name" : "DESKTOP-AN3U28N"
          },
          "message" : "事件記錄檔服務已中止。",
          "event" : {
            "ingested" : "2024-03-29T07:31:55.443901118Z",
            "code" : "6006",
            "provider" : "EventLog",
            "created" : "2024-03-29T07:31:54.662Z",
            "kind" : "event",
            "action" : "None"
          }
        }
      },
      {
        "_index" : "ids-2018-172.31.64.54",
        "_id" : "wvgfiY4B6U4O_9c5U6O1",
        "_score" : 0.0,
        "_source" : {
          "agent" : {
            "name" : "CHPIYR2",
            "id" : "60d66234-2dc5-408a-9a6e-a0a6278a7ae3",
            "type" : "winlogbeat",
            "ephemeral_id" : "a06e73b9-f1c1-4373-8054-f1bb7187bfa2",
            "version" : "8.11.3"
          },
          "@timestamp" : "2017-12-05T18:11:59.655Z",
          "winlog" : {
            "record_id" : 319,
            "computer_name" : "DESKTOP-AN3U28N",
            "process" : {
              "pid" : 788,
              "thread" : {
                "id" : 268
              }
            },
            "task" : "Service State Event",
            "event_id" : "51047",
            "provider_guid" : "{6a1f2b00-6a90-4c38-95a5-5cab3b056778}",
            "channel" : "System",
            "api" : "wineventlog",
            "event_data" : {
              "DwordVal" : "1"
            },
            "opcode" : "ServiceStop",
            "provider_name" : "Microsoft-Windows-DHCPv6-Client",
            "user" : {
              "identifier" : "S-1-5-19",
              "domain" : "NT AUTHORITY",
              "name" : "LOCAL SERVICE",
              "type" : "Well Known Group"
            }
          },
          "ecs" : {
            "version" : "8.0.0"
          },
          "log" : {
            "file" : {
              "path" : "D:\\AIXSOAR\\IDS_2018\\logs_2018-03-01\\DESKTOP-AN3U28N-172.31.64.54.evtx"
            },
            "level" : "資訊"
          },
          "host" : {
            "os" : {
              "type" : "windows",
              "family" : "windows"
            },
            "name" : "DESKTOP-AN3U28N"
          },
          "event" : {
            "ingested" : "2024-03-29T07:31:55.443926596Z",
            "code" : "51047",
            "provider" : "Microsoft-Windows-DHCPv6-Client",
            "created" : "2024-03-29T07:31:54.662Z",
            "kind" : "event",
            "action" : "Service State Event"
          },
          "message" : "DHCPv6 用戶端服務已停止。關機旗標值是 1"
        }
      },
      {
        "_index" : "ids-2018-172.31.64.54",
        "_id" : "w_gfiY4B6U4O_9c5U6O1",
        "_score" : 0.0,
        "_source" : {
          "agent" : {
            "name" : "CHPIYR2",
            "id" : "60d66234-2dc5-408a-9a6e-a0a6278a7ae3",
            "ephemeral_id" : "a06e73b9-f1c1-4373-8054-f1bb7187bfa2",
            "type" : "winlogbeat",
            "version" : "8.11.3"
          },
          "@timestamp" : "2017-12-05T18:11:59.657Z",
          "winlog" : {
            "record_id" : 320,
            "computer_name" : "DESKTOP-AN3U28N",
            "process" : {
              "pid" : 788,
              "thread" : {
                "id" : 224
              }
            },
            "task" : "服務狀態事件",
            "event_id" : "50037",
            "provider_guid" : "{15a7a4f8-0072-4eab-abad-f98a4d666aed}",
            "channel" : "System",
            "api" : "wineventlog",
            "event_data" : {
              "DwordVal" : "1"
            },
            "provider_name" : "Microsoft-Windows-Dhcp-Client",
            "opcode" : "ServiceStop",
            "user" : {
              "identifier" : "S-1-5-19",
              "domain" : "NT AUTHORITY",
              "name" : "LOCAL SERVICE",
              "type" : "Well Known Group"
            }
          },
          "ecs" : {
            "version" : "8.0.0"
          },
          "log" : {
            "file" : {
              "path" : "D:\\AIXSOAR\\IDS_2018\\logs_2018-03-01\\DESKTOP-AN3U28N-172.31.64.54.evtx"
            },
            "level" : "資訊"
          },
          "host" : {
            "os" : {
              "type" : "windows",
              "family" : "windows"
            },
            "name" : "DESKTOP-AN3U28N"
          },
          "event" : {
            "ingested" : "2024-03-29T07:31:55.443952891Z",
            "code" : "50037",
            "provider" : "Microsoft-Windows-Dhcp-Client",
            "kind" : "event",
            "created" : "2024-03-29T07:31:54.662Z",
            "action" : "服務狀態事件"
          },
          "message" : "DHCPv4 用戶端服務已停止。關機旗標值為 1"
        }
      },
      {
        "_index" : "ids-2018-172.31.64.54",
        "_id" : "xPgfiY4B6U4O_9c5U6O1",
        "_score" : 0.0,
        "_source" : {
          "agent" : {
            "name" : "CHPIYR2",
            "id" : "60d66234-2dc5-408a-9a6e-a0a6278a7ae3",
            "type" : "winlogbeat",
            "ephemeral_id" : "a06e73b9-f1c1-4373-8054-f1bb7187bfa2",
            "version" : "8.11.3"
          },
          "@timestamp" : "2017-12-05T18:12:21.000Z",
          "winlog" : {
            "computer_name" : "DESKTOP-AN3U28N",
            "record_id" : 321,
            "event_id" : "6009",
            "task" : "None",
            "keywords" : [
              "傳統"
            ],
            "channel" : "System",
            "event_data" : {
              "param5" : "16384",
              "param4" : "Multiprocessor Free",
              "param1" : "10.00.",
              "param2" : "10240"
            },
            "api" : "wineventlog",
            "provider_name" : "EventLog"
          },
          "ecs" : {
            "version" : "8.0.0"
          },
          "log" : {
            "file" : {
              "path" : "D:\\AIXSOAR\\IDS_2018\\logs_2018-03-01\\DESKTOP-AN3U28N-172.31.64.54.evtx"
            },
            "level" : "資訊"
          },
          "host" : {
            "os" : {
              "type" : "windows",
              "family" : "windows"
            },
            "name" : "DESKTOP-AN3U28N"
          },
          "message" : "Microsoft (R) Windows (R) 10.00. 10240  Multiprocessor Free。",
          "event" : {
            "ingested" : "2024-03-29T07:31:55.443979015Z",
            "code" : "6009",
            "provider" : "EventLog",
            "created" : "2024-03-29T07:31:54.662Z",
            "kind" : "event",
            "action" : "None"
          }
        }
      },
      {
        "_index" : "ids-2018-172.31.64.54",
        "_id" : "xfgfiY4B6U4O_9c5U6O1",
        "_score" : 0.0,
        "_source" : {
          "agent" : {
            "name" : "CHPIYR2",
            "id" : "60d66234-2dc5-408a-9a6e-a0a6278a7ae3",
            "ephemeral_id" : "a06e73b9-f1c1-4373-8054-f1bb7187bfa2",
            "type" : "winlogbeat",
            "version" : "8.11.3"
          },
          "@timestamp" : "2017-12-05T18:12:21.000Z",
          "winlog" : {
            "record_id" : 322,
            "computer_name" : "DESKTOP-AN3U28N",
            "event_id" : "6005",
            "task" : "None",
            "keywords" : [
              "傳統"
            ],
            "channel" : "System",
            "event_data" : {
              "Binary" : "E1070C000200050012000C00150012030000000000000000"
            },
            "api" : "wineventlog",
            "provider_name" : "EventLog"
          },
          "ecs" : {
            "version" : "8.0.0"
          },
          "log" : {
            "file" : {
              "path" : "D:\\AIXSOAR\\IDS_2018\\logs_2018-03-01\\DESKTOP-AN3U28N-172.31.64.54.evtx"
            },
            "level" : "資訊"
          },
          "host" : {
            "os" : {
              "type" : "windows",
              "family" : "windows"
            },
            "name" : "DESKTOP-AN3U28N"
          },
          "message" : "事件記錄檔服務已啟動。",
          "event" : {
            "ingested" : "2024-03-29T07:31:55.444003182Z",
            "code" : "6005",
            "provider" : "EventLog",
            "kind" : "event",
            "created" : "2024-03-29T07:31:54.662Z",
            "action" : "None"
          }
        }
      },
      {
        "_index" : "ids-2018-172.31.64.54",
        "_id" : "xvgfiY4B6U4O_9c5U6O1",
        "_score" : 0.0,
        "_ignored" : [
          "winlog.event_data.Binary.keyword"
        ],
        "_source" : {
          "agent" : {
            "name" : "CHPIYR2",
            "id" : "60d66234-2dc5-408a-9a6e-a0a6278a7ae3",
            "type" : "winlogbeat",
            "ephemeral_id" : "a06e73b9-f1c1-4373-8054-f1bb7187bfa2",
            "version" : "8.11.3"
          },
          "@timestamp" : "2017-12-05T18:12:21.000Z",
          "winlog" : {
            "record_id" : 323,
            "computer_name" : "DESKTOP-AN3U28N",
            "task" : "None",
            "event_id" : "6013",
            "keywords" : [
              "傳統"
            ],
            "channel" : "System",
            "event_data" : {
              "param7" : "480 Pacific Standard Time",
              "param5" : "9",
              "param6" : "60",
              "Binary" : "31002E003100000030000000570069006E0064006F00770073002000310030002000500072006F000000310030002E0030002E003100300032003400300020004200750069006C0064002000310030003200340030002000200000004D0075006C0074006900700072006F0063006500730073006F007200200046007200650065000000310030003200340030002E007400680031002E003100350030003700300039002D00310037003000300000003500610032003600620065003300630000004E006F007400200041007600610069006C00610062006C00650000004E006F007400200041007600610069006C00610062006C006500000039000000310000003400300039003600000034003000390000004400450053004B0054004F0050002D0041004E0033005500320038004E0000000000"
            },
            "api" : "wineventlog",
            "provider_name" : "EventLog"
          },
          "ecs" : {
            "version" : "8.0.0"
          },
          "log" : {
            "file" : {
              "path" : "D:\\AIXSOAR\\IDS_2018\\logs_2018-03-01\\DESKTOP-AN3U28N-172.31.64.54.evtx"
            },
            "level" : "資訊"
          },
          "host" : {
            "os" : {
              "type" : "windows",
              "family" : "windows"
            },
            "name" : "DESKTOP-AN3U28N"
          },
          "event" : {
            "ingested" : "2024-03-29T07:31:55.444027902Z",
            "code" : "6013",
            "provider" : "EventLog",
            "created" : "2024-03-29T07:31:54.662Z",
            "kind" : "event",
            "action" : "None"
          },
          "message" : "系統執行時間是 9 秒。"
        }
      },
      {
        "_index" : "ids-2018-172.31.64.54",
        "_id" : "x_gfiY4B6U4O_9c5U6O1",
        "_score" : 0.0,
        "_source" : {
          "agent" : {
            "name" : "CHPIYR2",
            "id" : "60d66234-2dc5-408a-9a6e-a0a6278a7ae3",
            "type" : "winlogbeat",
            "ephemeral_id" : "a06e73b9-f1c1-4373-8054-f1bb7187bfa2",
            "version" : "8.11.3"
          },
          "@timestamp" : "2017-12-05T18:12:04.584Z",
          "winlog" : {
            "record_id" : 324,
            "computer_name" : "DESKTOP-AN3U28N",
            "process" : {
              "pid" : 376,
              "thread" : {
                "id" : 380
              }
            },
            "event_id" : "109",
            "task" : "ShutdownAction",
            "keywords" : [
              "ms:Telemetry",
              "po:Diagnostic"
            ],
            "provider_guid" : "{331c3b3a-2005-44c2-ac5e-77220c37d6b4}",
            "channel" : "System",
            "api" : "wineventlog",
            "event_data" : {
              "ShutdownActionType" : "5",
              "ShutdownEventCode" : "0",
              "ShutdownReason" : "5"
            },
            "provider_name" : "Microsoft-Windows-Kernel-Power",
            "opcode" : "資訊"
          },
          "ecs" : {
            "version" : "8.0.0"
          },
          "log" : {
            "file" : {
              "path" : "D:\\AIXSOAR\\IDS_2018\\logs_2018-03-01\\DESKTOP-AN3U28N-172.31.64.54.evtx"
            },
            "level" : "資訊"
          },
          "host" : {
            "os" : {
              "type" : "windows",
              "family" : "windows"
            },
            "name" : "DESKTOP-AN3U28N"
          },
          "event" : {
            "ingested" : "2024-03-29T07:31:55.444064454Z",
            "code" : "109",
            "provider" : "Microsoft-Windows-Kernel-Power",
            "kind" : "event",
            "created" : "2024-03-29T07:31:54.662Z",
            "action" : "ShutdownAction"
          },
          "message" : "核心電源管理員已起始關機轉換。\n\n動作： Power Action Reboot \n事件代碼： 0x0 \n原因： Kernel API"
        }
      },
      {
        "_index" : "ids-2018-172.31.64.54",
        "_id" : "yPgfiY4B6U4O_9c5U6O1",
        "_score" : 0.0,
        "_source" : {
          "agent" : {
            "name" : "CHPIYR2",
            "id" : "60d66234-2dc5-408a-9a6e-a0a6278a7ae3",
            "type" : "winlogbeat",
            "ephemeral_id" : "a06e73b9-f1c1-4373-8054-f1bb7187bfa2",
            "version" : "8.11.3"
          },
          "@timestamp" : "2017-12-05T18:12:04.672Z",
          "winlog" : {
            "computer_name" : "DESKTOP-AN3U28N",
            "record_id" : 325,
            "process" : {
              "pid" : 4,
              "thread" : {
                "id" : 2628
              }
            },
            "event_id" : "13",
            "task" : "None",
            "provider_guid" : "{a68ca8b7-004f-d7b6-a698-07e2de0f1f5d}",
            "channel" : "System",
            "api" : "wineventlog",
            "event_data" : {
              "StopTime" : "2017-12-05T18:12:04.6724563Z"
            },
            "provider_name" : "Microsoft-Windows-Kernel-General",
            "opcode" : "資訊"
          },
          "ecs" : {
            "version" : "8.0.0"
          },
          "log" : {
            "file" : {
              "path" : "D:\\AIXSOAR\\IDS_2018\\logs_2018-03-01\\DESKTOP-AN3U28N-172.31.64.54.evtx"
            },
            "level" : "資訊"
          },
          "host" : {
            "os" : {
              "type" : "windows",
              "family" : "windows"
            },
            "name" : "DESKTOP-AN3U28N"
          },
          "message" : "作業系統已經在系統時間 ‎2017‎-‎12‎-‎05T18:12:04.672456300Z 關閉。",
          "event" : {
            "ingested" : "2024-03-29T07:31:55.444092230Z",
            "code" : "13",
            "provider" : "Microsoft-Windows-Kernel-General",
            "created" : "2024-03-29T07:31:54.662Z",
            "kind" : "event",
            "action" : "None"
          }
        }
      },
      {
        "_index" : "ids-2018-172.31.64.54",
        "_id" : "yfgfiY4B6U4O_9c5U6O1",
        "_score" : 0.0,
        "_source" : {
          "agent" : {
            "name" : "CHPIYR2",
            "id" : "60d66234-2dc5-408a-9a6e-a0a6278a7ae3",
            "ephemeral_id" : "a06e73b9-f1c1-4373-8054-f1bb7187bfa2",
            "type" : "winlogbeat",
            "version" : "8.11.3"
          },
          "@timestamp" : "2017-12-05T18:12:12.568Z",
          "winlog" : {
            "record_id" : 326,
            "computer_name" : "DESKTOP-AN3U28N",
            "process" : {
              "pid" : 4,
              "thread" : {
                "id" : 8
              }
            },
            "event_id" : "12",
            "task" : "None",
            "provider_guid" : "{a68ca8b7-004f-d7b6-a698-07e2de0f1f5d}",
            "channel" : "System",
            "api" : "wineventlog",
            "event_data" : {
              "MajorVersion" : "10",
              "BootMode" : "0",
              "StartTime" : "2017-12-05T18:12:12.4998551Z",
              "ServiceVersion" : "0",
              "MinorVersion" : "0",
              "BuildVersion" : "10240",
              "QfeVersion" : "16384"
            },
            "opcode" : "資訊",
            "provider_name" : "Microsoft-Windows-Kernel-General",
            "user" : {
              "identifier" : "S-1-5-18",
              "domain" : "NT AUTHORITY",
              "name" : "SYSTEM",
              "type" : "Well Known Group"
            }
          },
          "ecs" : {
            "version" : "8.0.0"
          },
          "log" : {
            "file" : {
              "path" : "D:\\AIXSOAR\\IDS_2018\\logs_2018-03-01\\DESKTOP-AN3U28N-172.31.64.54.evtx"
            },
            "level" : "資訊"
          },
          "host" : {
            "os" : {
              "type" : "windows",
              "family" : "windows"
            },
            "name" : "DESKTOP-AN3U28N"
          },
          "event" : {
            "ingested" : "2024-03-29T07:31:55.444120577Z",
            "code" : "12",
            "provider" : "Microsoft-Windows-Kernel-General",
            "created" : "2024-03-29T07:31:54.662Z",
            "kind" : "event",
            "action" : "None"
          },
          "message" : "作業系統已經在系統時間 ‎2017‎-‎12‎-‎05T18:12:12.499855100Z 啟動。"
        }
      },
      {
        "_index" : "ids-2018-172.31.64.54",
        "_id" : "yvgfiY4B6U4O_9c5U6O1",
        "_score" : 0.0,
        "_source" : {
          "agent" : {
            "name" : "CHPIYR2",
            "id" : "60d66234-2dc5-408a-9a6e-a0a6278a7ae3",
            "ephemeral_id" : "a06e73b9-f1c1-4373-8054-f1bb7187bfa2",
            "type" : "winlogbeat",
            "version" : "8.11.3"
          },
          "@timestamp" : "2017-12-05T18:12:12.568Z",
          "winlog" : {
            "record_id" : 327,
            "computer_name" : "DESKTOP-AN3U28N",
            "process" : {
              "pid" : 4,
              "thread" : {
                "id" : 8
              }
            },
            "task" : "None",
            "event_id" : "20",
            "provider_guid" : "{15ca44ff-4d7a-4baa-bba5-0998955e531e}",
            "channel" : "System",
            "event_data" : {
              "LastBootGood" : "true",
              "LastShutdownGood" : "true"
            },
            "api" : "wineventlog",
            "provider_name" : "Microsoft-Windows-Kernel-Boot",
            "opcode" : "資訊",
            "user" : {
              "identifier" : "S-1-5-18",
              "domain" : "NT AUTHORITY",
              "name" : "SYSTEM",
              "type" : "Well Known Group"
            }
          },
          "ecs" : {
            "version" : "8.0.0"
          },
          "log" : {
            "file" : {
              "path" : "D:\\AIXSOAR\\IDS_2018\\logs_2018-03-01\\DESKTOP-AN3U28N-172.31.64.54.evtx"
            },
            "level" : "資訊"
          },
          "host" : {
            "os" : {
              "type" : "windows",
              "family" : "windows"
            },
            "name" : "DESKTOP-AN3U28N"
          },
          "message" : "上次關機的成功狀態為 true。上次開機的成功狀態為 true。",
          "event" : {
            "ingested" : "2024-03-29T07:31:55.444148219Z",
            "code" : "20",
            "provider" : "Microsoft-Windows-Kernel-Boot",
            "created" : "2024-03-29T07:31:54.662Z",
            "kind" : "event",
            "action" : "None"
          }
        }
      },
      {
        "_index" : "ids-2018-172.31.64.54",
        "_id" : "y_gfiY4B6U4O_9c5U6O1",
        "_score" : 0.0,
        "_source" : {
          "agent" : {
            "name" : "CHPIYR2",
            "id" : "60d66234-2dc5-408a-9a6e-a0a6278a7ae3",
            "ephemeral_id" : "a06e73b9-f1c1-4373-8054-f1bb7187bfa2",
            "type" : "winlogbeat",
            "version" : "8.11.3"
          },
          "@timestamp" : "2017-12-05T18:12:12.568Z",
          "winlog" : {
            "record_id" : 328,
            "computer_name" : "DESKTOP-AN3U28N",
            "process" : {
              "pid" : 4,
              "thread" : {
                "id" : 8
              }
            },
            "task" : "None",
            "event_id" : "27",
            "provider_guid" : "{15ca44ff-4d7a-4baa-bba5-0998955e531e}",
            "channel" : "System",
            "api" : "wineventlog",
            "event_data" : {
              "BootType" : "0"
            },
            "provider_name" : "Microsoft-Windows-Kernel-Boot",
            "opcode" : "資訊",
            "user" : {
              "identifier" : "S-1-5-18",
              "domain" : "NT AUTHORITY",
              "name" : "SYSTEM",
              "type" : "Well Known Group"
            }
          },
          "ecs" : {
            "version" : "8.0.0"
          },
          "log" : {
            "file" : {
              "path" : "D:\\AIXSOAR\\IDS_2018\\logs_2018-03-01\\DESKTOP-AN3U28N-172.31.64.54.evtx"
            },
            "level" : "資訊"
          },
          "host" : {
            "os" : {
              "type" : "windows",
              "family" : "windows"
            },
            "name" : "DESKTOP-AN3U28N"
          },
          "event" : {
            "ingested" : "2024-03-29T07:31:55.444175129Z",
            "code" : "27",
            "provider" : "Microsoft-Windows-Kernel-Boot",
            "created" : "2024-03-29T07:31:54.662Z",
            "kind" : "event",
            "action" : "None"
          },
          "message" : "開機類型為 0x0。"
        }
      },
      {
        "_index" : "ids-2018-172.31.64.54",
        "_id" : "zPgfiY4B6U4O_9c5U6O1",
        "_score" : 0.0,
        "_source" : {
          "agent" : {
            "name" : "CHPIYR2",
            "id" : "60d66234-2dc5-408a-9a6e-a0a6278a7ae3",
            "ephemeral_id" : "a06e73b9-f1c1-4373-8054-f1bb7187bfa2",
            "type" : "winlogbeat",
            "version" : "8.11.3"
          },
          "@timestamp" : "2017-12-05T18:12:12.568Z",
          "winlog" : {
            "record_id" : 329,
            "computer_name" : "DESKTOP-AN3U28N",
            "process" : {
              "pid" : 4,
              "thread" : {
                "id" : 8
              }
            },
            "event_id" : "25",
            "task" : "None",
            "provider_guid" : "{15ca44ff-4d7a-4baa-bba5-0998955e531e}",
            "channel" : "System",
            "api" : "wineventlog",
            "event_data" : {
              "BootMenuPolicy" : "1"
            },
            "opcode" : "資訊",
            "provider_name" : "Microsoft-Windows-Kernel-Boot",
            "user" : {
              "identifier" : "S-1-5-18",
              "domain" : "NT AUTHORITY",
              "name" : "SYSTEM",
              "type" : "Well Known Group"
            }
          },
          "ecs" : {
            "version" : "8.0.0"
          },
          "log" : {
            "file" : {
              "path" : "D:\\AIXSOAR\\IDS_2018\\logs_2018-03-01\\DESKTOP-AN3U28N-172.31.64.54.evtx"
            },
            "level" : "資訊"
          },
          "host" : {
            "os" : {
              "type" : "windows",
              "family" : "windows"
            },
            "name" : "DESKTOP-AN3U28N"
          },
          "event" : {
            "ingested" : "2024-03-29T07:31:55.444219307Z",
            "code" : "25",
            "provider" : "Microsoft-Windows-Kernel-Boot",
            "created" : "2024-03-29T07:31:54.662Z",
            "kind" : "event",
            "action" : "None"
          },
          "message" : "開機功能表原則為 0x1。"
        }
      },
      {
        "_index" : "ids-2018-172.31.64.54",
        "_id" : "zfgfiY4B6U4O_9c5U6O1",
        "_score" : 0.0,
        "_source" : {
          "agent" : {
            "name" : "CHPIYR2",
            "id" : "60d66234-2dc5-408a-9a6e-a0a6278a7ae3",
            "type" : "winlogbeat",
            "ephemeral_id" : "a06e73b9-f1c1-4373-8054-f1bb7187bfa2",
            "version" : "8.11.3"
          },
          "@timestamp" : "2017-12-05T18:12:12.568Z",
          "winlog" : {
            "computer_name" : "DESKTOP-AN3U28N",
            "record_id" : 330,
            "process" : {
              "pid" : 4,
              "thread" : {
                "id" : 8
              }
            },
            "event_id" : "18",
            "task" : "None",
            "provider_guid" : "{15ca44ff-4d7a-4baa-bba5-0998955e531e}",
            "channel" : "System",
            "event_data" : {
              "EntryCount" : "1"
            },
            "api" : "wineventlog",
            "opcode" : "資訊",
            "provider_name" : "Microsoft-Windows-Kernel-Boot",
            "user" : {
              "identifier" : "S-1-5-18",
              "domain" : "NT AUTHORITY",
              "name" : "SYSTEM",
              "type" : "Well Known Group"
            }
          },
          "ecs" : {
            "version" : "8.0.0"
          },
          "log" : {
            "file" : {
              "path" : "D:\\AIXSOAR\\IDS_2018\\logs_2018-03-01\\DESKTOP-AN3U28N-172.31.64.54.evtx"
            },
            "level" : "資訊"
          },
          "host" : {
            "os" : {
              "type" : "windows",
              "family" : "windows"
            },
            "name" : "DESKTOP-AN3U28N"
          },
          "message" : "此系統上有 0x1 個開機選項。",
          "event" : {
            "ingested" : "2024-03-29T07:31:55.444262999Z",
            "code" : "18",
            "provider" : "Microsoft-Windows-Kernel-Boot",
            "created" : "2024-03-29T07:31:54.662Z",
            "kind" : "event",
            "action" : "None"
          }
        }
      },
      {
        "_index" : "ids-2018-172.31.64.54",
        "_id" : "zvgfiY4B6U4O_9c5U6O1",
        "_score" : 0.0,
        "_source" : {
          "agent" : {
            "name" : "CHPIYR2",
            "id" : "60d66234-2dc5-408a-9a6e-a0a6278a7ae3",
            "ephemeral_id" : "a06e73b9-f1c1-4373-8054-f1bb7187bfa2",
            "type" : "winlogbeat",
            "version" : "8.11.3"
          },
          "@timestamp" : "2017-12-05T18:12:12.568Z",
          "winlog" : {
            "record_id" : 331,
            "computer_name" : "DESKTOP-AN3U28N",
            "process" : {
              "pid" : 4,
              "thread" : {
                "id" : 8
              }
            },
            "event_id" : "32",
            "task" : "None",
            "provider_guid" : "{15ca44ff-4d7a-4baa-bba5-0998955e531e}",
            "channel" : "System",
            "api" : "wineventlog",
            "event_data" : {
              "BitlockerUserInputTime" : "0"
            },
            "opcode" : "資訊",
            "provider_name" : "Microsoft-Windows-Kernel-Boot",
            "user" : {
              "identifier" : "S-1-5-18",
              "domain" : "NT AUTHORITY",
              "name" : "SYSTEM",
              "type" : "Well Known Group"
            }
          },
          "ecs" : {
            "version" : "8.0.0"
          },
          "log" : {
            "file" : {
              "path" : "D:\\AIXSOAR\\IDS_2018\\logs_2018-03-01\\DESKTOP-AN3U28N-172.31.64.54.evtx"
            },
            "level" : "資訊"
          },
          "host" : {
            "os" : {
              "type" : "windows",
              "family" : "windows"
            },
            "name" : "DESKTOP-AN3U28N"
          },
          "message" : "bootmgr 花了 0 毫秒的時間等候使用者輸入。",
          "event" : {
            "ingested" : "2024-03-29T07:31:55.444306559Z",
            "code" : "32",
            "provider" : "Microsoft-Windows-Kernel-Boot",
            "created" : "2024-03-29T07:31:54.662Z",
            "kind" : "event",
            "action" : "None"
          }
        }
      },
      {
        "_index" : "ids-2018-172.31.64.54",
        "_id" : "z_gfiY4B6U4O_9c5U6O1",
        "_score" : 0.0,
        "_source" : {
          "agent" : {
            "name" : "CHPIYR2",
            "id" : "60d66234-2dc5-408a-9a6e-a0a6278a7ae3",
            "ephemeral_id" : "a06e73b9-f1c1-4373-8054-f1bb7187bfa2",
            "type" : "winlogbeat",
            "version" : "8.11.3"
          },
          "@timestamp" : "2017-12-05T18:12:16.238Z",
          "winlog" : {
            "computer_name" : "DESKTOP-AN3U28N",
            "process" : {
              "pid" : 4,
              "thread" : {
                "id" : 8
              }
            },
            "channel" : "System",
            "event_data" : {
              "ExtraInfoLength" : "192",
              "DeviceVersionMinor" : "0",
              "DeviceTime" : "2015-07-09T19:14:57.0000000Z",
              "ExtraInfoString" : "{ \"flags\" : \"0x00000010\" , \"registration_version\" : \"0x00000203\" , \"tx\" : false , \"sections\" : false , \"frame\" : 0 , \"class_name\" : \"FSFilter Bottom\" , \"instances\" : [[\"45000\",\"0x00000000\"]] }",
              "DeviceVersionMajor" : "10",
              "DeviceNameLength" : "8",
              "FinalStatus" : "0x0",
              "FilterID" : "{02000000-0001-0000-955b-f494f46dd301}",
              "DeviceName" : "FileInfo"
            },
            "opcode" : "資訊",
            "version" : 1,
            "record_id" : 332,
            "event_id" : "6",
            "task" : "None",
            "provider_guid" : "{f3c5e28e-63f6-49c7-a204-e48a1bc4b09d}",
            "api" : "wineventlog",
            "provider_name" : "Microsoft-Windows-FilterManager",
            "user" : {
              "identifier" : "S-1-5-18",
              "domain" : "NT AUTHORITY",
              "name" : "SYSTEM",
              "type" : "Well Known Group"
            }
          },
          "ecs" : {
            "version" : "8.0.0"
          },
          "log" : {
            "file" : {
              "path" : "D:\\AIXSOAR\\IDS_2018\\logs_2018-03-01\\DESKTOP-AN3U28N-172.31.64.54.evtx"
            },
            "level" : "資訊"
          },
          "host" : {
            "os" : {
              "type" : "windows",
              "family" : "windows"
            },
            "name" : "DESKTOP-AN3U28N"
          },
          "event" : {
            "ingested" : "2024-03-29T07:31:55.444357119Z",
            "code" : "6",
            "provider" : "Microsoft-Windows-FilterManager",
            "created" : "2024-03-29T07:31:54.662Z",
            "kind" : "event",
            "action" : "None"
          }
        }
      },
      {
        "_index" : "ids-2018-172.31.64.54",
        "_id" : "0PgfiY4B6U4O_9c5U6O1",
        "_score" : 0.0,
        "_source" : {
          "agent" : {
            "name" : "CHPIYR2",
            "id" : "60d66234-2dc5-408a-9a6e-a0a6278a7ae3",
            "ephemeral_id" : "a06e73b9-f1c1-4373-8054-f1bb7187bfa2",
            "type" : "winlogbeat",
            "version" : "8.11.3"
          },
          "@timestamp" : "2017-12-05T18:12:16.239Z",
          "winlog" : {
            "computer_name" : "DESKTOP-AN3U28N",
            "process" : {
              "pid" : 4,
              "thread" : {
                "id" : 8
              }
            },
            "channel" : "System",
            "event_data" : {
              "ExtraInfoLength" : "196",
              "DeviceVersionMinor" : "0",
              "DeviceTime" : "2015-07-09T19:15:05.0000000Z",
              "ExtraInfoString" : "{ \"flags\" : \"0x00000010\" , \"registration_version\" : \"0x00000203\" , \"tx\" : true , \"sections\" : false , \"frame\" : 0 , \"class_name\" : \"FSFilter Compression\" , \"instances\" : [[\"40700\",\"0x00000000\"]] }",
              "DeviceVersionMajor" : "10",
              "DeviceNameLength" : "3",
              "FinalStatus" : "0x0",
              "FilterID" : "{02000000-0002-0000-955b-f494f46dd301}",
              "DeviceName" : "Wof"
            },
            "opcode" : "資訊",
            "version" : 1,
            "record_id" : 333,
            "event_id" : "6",
            "task" : "None",
            "provider_guid" : "{f3c5e28e-63f6-49c7-a204-e48a1bc4b09d}",
            "api" : "wineventlog",
            "provider_name" : "Microsoft-Windows-FilterManager",
            "user" : {
              "identifier" : "S-1-5-18",
              "domain" : "NT AUTHORITY",
              "name" : "SYSTEM",
              "type" : "Well Known Group"
            }
          },
          "ecs" : {
            "version" : "8.0.0"
          },
          "log" : {
            "file" : {
              "path" : "D:\\AIXSOAR\\IDS_2018\\logs_2018-03-01\\DESKTOP-AN3U28N-172.31.64.54.evtx"
            },
            "level" : "資訊"
          },
          "host" : {
            "os" : {
              "type" : "windows",
              "family" : "windows"
            },
            "name" : "DESKTOP-AN3U28N"
          },
          "event" : {
            "ingested" : "2024-03-29T07:31:55.444410039Z",
            "code" : "6",
            "provider" : "Microsoft-Windows-FilterManager",
            "created" : "2024-03-29T07:31:54.662Z",
            "kind" : "event",
            "action" : "None"
          }
        }
      },
      {
        "_index" : "ids-2018-172.31.64.54",
        "_id" : "0fgfiY4B6U4O_9c5U6O1",
        "_score" : 0.0,
        "_source" : {
          "agent" : {
            "name" : "CHPIYR2",
            "id" : "60d66234-2dc5-408a-9a6e-a0a6278a7ae3",
            "ephemeral_id" : "a06e73b9-f1c1-4373-8054-f1bb7187bfa2",
            "type" : "winlogbeat",
            "version" : "8.11.3"
          },
          "@timestamp" : "2017-12-05T18:12:16.239Z",
          "winlog" : {
            "computer_name" : "DESKTOP-AN3U28N",
            "process" : {
              "pid" : 4,
              "thread" : {
                "id" : 8
              }
            },
            "channel" : "System",
            "event_data" : {
              "ExtraInfoLength" : "196",
              "DeviceVersionMinor" : "0",
              "DeviceTime" : "2015-07-09T19:19:05.0000000Z",
              "ExtraInfoString" : "{ \"flags\" : \"0x00000010\" , \"registration_version\" : \"0x00000203\" , \"tx\" : true , \"sections\" : false , \"frame\" : 0 , \"class_name\" : \"FSFilter Anti-Virus\" , \"instances\" : [[\"328010\",\"0x00000000\"]] }",
              "DeviceVersionMajor" : "10",
              "DeviceNameLength" : "8",
              "FinalStatus" : "0x0",
              "FilterID" : "{02000000-0003-0000-955b-f494f46dd301}",
              "DeviceName" : "WdFilter"
            },
            "opcode" : "資訊",
            "version" : 1,
            "record_id" : 334,
            "event_id" : "6",
            "task" : "None",
            "provider_guid" : "{f3c5e28e-63f6-49c7-a204-e48a1bc4b09d}",
            "api" : "wineventlog",
            "provider_name" : "Microsoft-Windows-FilterManager",
            "user" : {
              "identifier" : "S-1-5-18",
              "domain" : "NT AUTHORITY",
              "name" : "SYSTEM",
              "type" : "Well Known Group"
            }
          },
          "ecs" : {
            "version" : "8.0.0"
          },
          "log" : {
            "file" : {
              "path" : "D:\\AIXSOAR\\IDS_2018\\logs_2018-03-01\\DESKTOP-AN3U28N-172.31.64.54.evtx"
            },
            "level" : "資訊"
          },
          "host" : {
            "os" : {
              "type" : "windows",
              "family" : "windows"
            },
            "name" : "DESKTOP-AN3U28N"
          },
          "event" : {
            "ingested" : "2024-03-29T07:31:55.444461100Z",
            "code" : "6",
            "provider" : "Microsoft-Windows-FilterManager",
            "kind" : "event",
            "created" : "2024-03-29T07:31:54.662Z",
            "action" : "None"
          }
        }
      },
      {
        "_index" : "ids-2018-172.31.64.54",
        "_id" : "0vgfiY4B6U4O_9c5U6O1",
        "_score" : 0.0,
        "_source" : {
          "agent" : {
            "name" : "CHPIYR2",
            "id" : "60d66234-2dc5-408a-9a6e-a0a6278a7ae3",
            "ephemeral_id" : "a06e73b9-f1c1-4373-8054-f1bb7187bfa2",
            "type" : "winlogbeat",
            "version" : "8.11.3"
          },
          "@timestamp" : "2017-12-05T18:12:17.011Z",
          "winlog" : {
            "computer_name" : "DESKTOP-AN3U28N",
            "process" : {
              "pid" : 4,
              "thread" : {
                "id" : 184
              }
            },
            "keywords" : [
              "VolumeCorruptionActionStateChange"
            ],
            "channel" : "System",
            "event_data" : {
              "DriveName" : "C:",
              "CorruptionActionState" : "0",
              "DeviceName" : "\\Device\\HarddiskVolume2"
            },
            "opcode" : "資訊",
            "record_id" : 335,
            "event_id" : "98",
            "task" : "None",
            "provider_guid" : "{3ff37a1c-a68d-4d6e-8c9b-f79e8b16c482}",
            "api" : "wineventlog",
            "provider_name" : "Microsoft-Windows-Ntfs",
            "user" : {
              "identifier" : "S-1-5-18",
              "domain" : "NT AUTHORITY",
              "name" : "SYSTEM",
              "type" : "Well Known Group"
            }
          },
          "ecs" : {
            "version" : "8.0.0"
          },
          "log" : {
            "file" : {
              "path" : "D:\\AIXSOAR\\IDS_2018\\logs_2018-03-01\\DESKTOP-AN3U28N-172.31.64.54.evtx"
            },
            "level" : "資訊"
          },
          "host" : {
            "os" : {
              "type" : "windows",
              "family" : "windows"
            },
            "name" : "DESKTOP-AN3U28N"
          },
          "message" : "磁碟區 C: (\\Device\\HarddiskVolume2) 的健康情況良好。不需要採取任何動作。",
          "event" : {
            "ingested" : "2024-03-29T07:31:55.444510650Z",
            "code" : "98",
            "provider" : "Microsoft-Windows-Ntfs",
            "kind" : "event",
            "created" : "2024-03-29T07:31:54.662Z",
            "action" : "None"
          }
        }
      },
