{
  "took" : 6,
  "timed_out" : false,
  "_shards" : {
    "total" : 1,
    "successful" : 1,
    "skipped" : 0,
    "failed" : 0
  },
  "hits" : {
    "total" : {
      "value" : 90,
      "relation" : "eq"
    },
    "max_score" : 0.0,
    "hits" : [
      {
        "_index" : "ids-2018-172.31.64.54",
        "_id" : "_PgeiY4B6U4O_9c5UZOD",
        "_score" : 0.0,
        "_source" : {
          "agent" : {
            "name" : "CHPIYR2",
            "id" : "60d66234-2dc5-408a-9a6e-a0a6278a7ae3",
            "type" : "winlogbeat",
            "ephemeral_id" : "cbc62cd6-a758-4639-8eeb-85bf53ffa004",
            "version" : "8.11.3"
          },
          "@timestamp" : "2018-01-30T03:01:48.799Z",
          "winlog" : {
            "computer_name" : "DESKTOP-AN3U28N",
            "process" : {
              "pid" : 684,
              "thread" : {
                "id" : 4456
              }
            },
            "keywords" : [
              "傳統"
            ],
            "channel" : "System",
            "event_data" : {
              "param3" : "auto start",
              "param4" : "BITS",
              "param1" : "Background Intelligent Transfer Service",
              "param2" : "demand start"
            },
            "opcode" : "Info",
            "record_id" : 2217,
            "task" : "None",
            "event_id" : "7040",
            "provider_guid" : "{555908d1-a6d7-4695-8e1e-26931d2012f4}",
            "api" : "wineventlog",
            "provider_name" : "Service Control Manager",
            "user" : {
              "identifier" : "S-1-5-18",
              "domain" : "NT AUTHORITY",
              "name" : "SYSTEM",
              "type" : "Well Known Group"
            }
          },
          "ecs" : {
            "version" : "8.0.0"
          },
          "log" : {
            "file" : {
              "path" : "D:\\AIXSOAR\\IDS_2018\\logs_2018-02-16\\DESKTOP-AN3U28N-172.31.64.54.evtx"
            },
            "level" : "資訊"
          },
          "host" : {
            "os" : {
              "type" : "windows",
              "family" : "windows"
            },
            "name" : "DESKTOP-AN3U28N"
          },
          "event" : {
            "ingested" : "2024-03-29T07:30:49.345097767Z",
            "code" : "7040",
            "provider" : "Service Control Manager",
            "created" : "2024-03-29T07:30:48.432Z",
            "kind" : "event",
            "action" : "None"
          },
          "message" : "Background Intelligent Transfer Service 服務的啟動類型已從 demand start 變更為 auto start。"
        }
      },
      {
        "_index" : "ids-2018-172.31.64.54",
        "_id" : "_fgeiY4B6U4O_9c5UZOD",
        "_score" : 0.0,
        "_source" : {
          "agent" : {
            "name" : "CHPIYR2",
            "id" : "60d66234-2dc5-408a-9a6e-a0a6278a7ae3",
            "type" : "winlogbeat",
            "ephemeral_id" : "cbc62cd6-a758-4639-8eeb-85bf53ffa004",
            "version" : "8.11.3"
          },
          "@timestamp" : "2018-01-30T03:01:52.678Z",
          "winlog" : {
            "computer_name" : "DESKTOP-AN3U28N",
            "process" : {
              "pid" : 792,
              "thread" : {
                "id" : 2752
              }
            },
            "keywords" : [
              "下載",
              "已開始"
            ],
            "channel" : "System",
            "event_data" : {
              "updateRevisionNumber" : "1",
              "updateGuid" : "{1949b524-a586-4b98-bddb-62b8dbc82bcb}",
              "updateTitle" : "9WZDNCRFHVJL-Microsoft.Office.OneNote"
            },
            "opcode" : "下載",
            "version" : 1,
            "record_id" : 2218,
            "event_id" : "44",
            "task" : "Windows Update 代理程式",
            "provider_guid" : "{945a8954-c147-4acd-923f-40c45405a658}",
            "activity_id" : "{5bc17415-98fd-0000-158d-c15bfd98d301}",
            "api" : "wineventlog",
            "provider_name" : "Microsoft-Windows-WindowsUpdateClient",
            "user" : {
              "identifier" : "S-1-5-18",
              "domain" : "NT AUTHORITY",
              "name" : "SYSTEM",
              "type" : "Well Known Group"
            }
          },
          "ecs" : {
            "version" : "8.0.0"
          },
          "log" : {
            "file" : {
              "path" : "D:\\AIXSOAR\\IDS_2018\\logs_2018-02-16\\DESKTOP-AN3U28N-172.31.64.54.evtx"
            },
            "level" : "資訊"
          },
          "host" : {
            "os" : {
              "type" : "windows",
              "family" : "windows"
            },
            "name" : "DESKTOP-AN3U28N"
          },
          "event" : {
            "ingested" : "2024-03-29T07:30:49.345165692Z",
            "code" : "44",
            "provider" : "Microsoft-Windows-WindowsUpdateClient",
            "created" : "2024-03-29T07:30:48.432Z",
            "kind" : "event",
            "action" : "Windows Update 代理程式"
          },
          "message" : "Windows Update 已開始下載更新。"
        }
      },
      {
        "_index" : "ids-2018-172.31.64.54",
        "_id" : "_vgeiY4B6U4O_9c5UZOD",
        "_score" : 0.0,
        "_source" : {
          "agent" : {
            "name" : "CHPIYR2",
            "id" : "60d66234-2dc5-408a-9a6e-a0a6278a7ae3",
            "type" : "winlogbeat",
            "ephemeral_id" : "cbc62cd6-a758-4639-8eeb-85bf53ffa004",
            "version" : "8.11.3"
          },
          "@timestamp" : "2018-01-30T03:01:55.305Z",
          "winlog" : {
            "computer_name" : "DESKTOP-AN3U28N",
            "process" : {
              "pid" : 792,
              "thread" : {
                "id" : 2752
              }
            },
            "keywords" : [
              "下載",
              "已開始"
            ],
            "channel" : "System",
            "event_data" : {
              "updateRevisionNumber" : "1",
              "updateGuid" : "{d770877e-5a92-4532-a2e3-1d9150ebbbf1}",
              "updateTitle" : "9WZDNCRFJ9RM-Microsoft.VCLibs.120.00"
            },
            "opcode" : "下載",
            "version" : 1,
            "record_id" : 2219,
            "event_id" : "44",
            "task" : "Windows Update 代理程式",
            "provider_guid" : "{945a8954-c147-4acd-923f-40c45405a658}",
            "activity_id" : "{5bc17415-98fd-0000-158d-c15bfd98d301}",
            "api" : "wineventlog",
            "provider_name" : "Microsoft-Windows-WindowsUpdateClient",
            "user" : {
              "identifier" : "S-1-5-18",
              "domain" : "NT AUTHORITY",
              "name" : "SYSTEM",
              "type" : "Well Known Group"
            }
          },
          "ecs" : {
            "version" : "8.0.0"
          },
          "log" : {
            "file" : {
              "path" : "D:\\AIXSOAR\\IDS_2018\\logs_2018-02-16\\DESKTOP-AN3U28N-172.31.64.54.evtx"
            },
            "level" : "資訊"
          },
          "host" : {
            "os" : {
              "type" : "windows",
              "family" : "windows"
            },
            "name" : "DESKTOP-AN3U28N"
          },
          "message" : "Windows Update 已開始下載更新。",
          "event" : {
            "ingested" : "2024-03-29T07:30:49.345231297Z",
            "code" : "44",
            "provider" : "Microsoft-Windows-WindowsUpdateClient",
            "created" : "2024-03-29T07:30:48.432Z",
            "kind" : "event",
            "action" : "Windows Update 代理程式"
          }
        }
      },
      {
        "_index" : "ids-2018-172.31.64.54",
        "_id" : "__geiY4B6U4O_9c5UZOD",
        "_score" : 0.0,
        "_source" : {
          "agent" : {
            "name" : "CHPIYR2",
            "id" : "60d66234-2dc5-408a-9a6e-a0a6278a7ae3",
            "type" : "winlogbeat",
            "ephemeral_id" : "cbc62cd6-a758-4639-8eeb-85bf53ffa004",
            "version" : "8.11.3"
          },
          "@timestamp" : "2018-01-30T03:01:58.861Z",
          "winlog" : {
            "computer_name" : "DESKTOP-AN3U28N",
            "process" : {
              "pid" : 792,
              "thread" : {
                "id" : 2752
              }
            },
            "keywords" : [
              "下載",
              "已開始"
            ],
            "channel" : "System",
            "event_data" : {
              "updateRevisionNumber" : "1",
              "updateGuid" : "{bd462f2b-85f4-4c61-9a0e-4c36a4a4fe25}",
              "updateTitle" : "9WZDNCRFJBKH-Microsoft.Media.PlayReadyClient.2"
            },
            "opcode" : "下載",
            "version" : 1,
            "record_id" : 2220,
            "event_id" : "44",
            "task" : "Windows Update 代理程式",
            "provider_guid" : "{945a8954-c147-4acd-923f-40c45405a658}",
            "activity_id" : "{5bc17415-98fd-0000-158d-c15bfd98d301}",
            "api" : "wineventlog",
            "provider_name" : "Microsoft-Windows-WindowsUpdateClient",
            "user" : {
              "identifier" : "S-1-5-18",
              "domain" : "NT AUTHORITY",
              "name" : "SYSTEM",
              "type" : "Well Known Group"
            }
          },
          "ecs" : {
            "version" : "8.0.0"
          },
          "log" : {
            "file" : {
              "path" : "D:\\AIXSOAR\\IDS_2018\\logs_2018-02-16\\DESKTOP-AN3U28N-172.31.64.54.evtx"
            },
            "level" : "資訊"
          },
          "host" : {
            "os" : {
              "type" : "windows",
              "family" : "windows"
            },
            "name" : "DESKTOP-AN3U28N"
          },
          "event" : {
            "ingested" : "2024-03-29T07:30:49.345295653Z",
            "code" : "44",
            "provider" : "Microsoft-Windows-WindowsUpdateClient",
            "created" : "2024-03-29T07:30:48.432Z",
            "kind" : "event",
            "action" : "Windows Update 代理程式"
          },
          "message" : "Windows Update 已開始下載更新。"
        }
      },
      {
        "_index" : "ids-2018-172.31.64.54",
        "_id" : "APgeiY4B6U4O_9c5UZSD",
        "_score" : 0.0,
        "_source" : {
          "agent" : {
            "name" : "CHPIYR2",
            "id" : "60d66234-2dc5-408a-9a6e-a0a6278a7ae3",
            "type" : "winlogbeat",
            "ephemeral_id" : "cbc62cd6-a758-4639-8eeb-85bf53ffa004",
            "version" : "8.11.3"
          },
          "@timestamp" : "2018-01-30T03:01:58.861Z",
          "winlog" : {
            "computer_name" : "DESKTOP-AN3U28N",
            "process" : {
              "pid" : 792,
              "thread" : {
                "id" : 2752
              }
            },
            "keywords" : [
              "下載",
              "已開始"
            ],
            "channel" : "System",
            "event_data" : {
              "updateRevisionNumber" : "1",
              "updateGuid" : "{c1d25a14-d481-47c1-980a-d943d88c73ee}",
              "updateTitle" : "9WZDNCRFJBJV-Microsoft.WindowsPreview.Kinect.8.1"
            },
            "opcode" : "下載",
            "version" : 1,
            "record_id" : 2221,
            "event_id" : "44",
            "task" : "Windows Update 代理程式",
            "provider_guid" : "{945a8954-c147-4acd-923f-40c45405a658}",
            "activity_id" : "{5bc17415-98fd-0000-158d-c15bfd98d301}",
            "api" : "wineventlog",
            "provider_name" : "Microsoft-Windows-WindowsUpdateClient",
            "user" : {
              "identifier" : "S-1-5-18",
              "domain" : "NT AUTHORITY",
              "name" : "SYSTEM",
              "type" : "Well Known Group"
            }
          },
          "ecs" : {
            "version" : "8.0.0"
          },
          "log" : {
            "file" : {
              "path" : "D:\\AIXSOAR\\IDS_2018\\logs_2018-02-16\\DESKTOP-AN3U28N-172.31.64.54.evtx"
            },
            "level" : "資訊"
          },
          "host" : {
            "os" : {
              "type" : "windows",
              "family" : "windows"
            },
            "name" : "DESKTOP-AN3U28N"
          },
          "message" : "Windows Update 已開始下載更新。",
          "event" : {
            "ingested" : "2024-03-29T07:30:49.345360365Z",
            "code" : "44",
            "provider" : "Microsoft-Windows-WindowsUpdateClient",
            "created" : "2024-03-29T07:30:48.432Z",
            "kind" : "event",
            "action" : "Windows Update 代理程式"
          }
        }
      },
      {
        "_index" : "ids-2018-172.31.64.54",
        "_id" : "AfgeiY4B6U4O_9c5UZSD",
        "_score" : 0.0,
        "_source" : {
          "agent" : {
            "name" : "CHPIYR2",
            "id" : "60d66234-2dc5-408a-9a6e-a0a6278a7ae3",
            "ephemeral_id" : "cbc62cd6-a758-4639-8eeb-85bf53ffa004",
            "type" : "winlogbeat",
            "version" : "8.11.3"
          },
          "@timestamp" : "2018-01-30T03:02:03.609Z",
          "winlog" : {
            "record_id" : 2222,
            "computer_name" : "DESKTOP-AN3U28N",
            "process" : {
              "pid" : 6136,
              "thread" : {
                "id" : 2052
              }
            },
            "task" : "None",
            "event_id" : "16",
            "provider_guid" : "{a68ca8b7-004f-d7b6-a698-07e2de0f1f5d}",
            "channel" : "System",
            "api" : "wineventlog",
            "event_data" : {
              "HiveNameLength" : "109",
              "HiveName" : "\\??\\C:\\Users\\Administrator\\AppData\\Local\\Packages\\Microsoft.VCLibs.120.00_8wekyb3d8bbwe\\Settings\\settings.dat",
              "DirtyPages" : "0",
              "KeysUpdated" : "0"
            },
            "provider_name" : "Microsoft-Windows-Kernel-General",
            "opcode" : "資訊",
            "user" : {
              "identifier" : "S-1-5-21-913095808-1976597276-3100954228-500"
            }
          },
          "ecs" : {
            "version" : "8.0.0"
          },
          "log" : {
            "file" : {
              "path" : "D:\\AIXSOAR\\IDS_2018\\logs_2018-02-16\\DESKTOP-AN3U28N-172.31.64.54.evtx"
            },
            "level" : "資訊"
          },
          "host" : {
            "os" : {
              "type" : "windows",
              "family" : "windows"
            },
            "name" : "DESKTOP-AN3U28N"
          },
          "event" : {
            "ingested" : "2024-03-29T07:30:49.345422822Z",
            "code" : "16",
            "provider" : "Microsoft-Windows-Kernel-General",
            "created" : "2024-03-29T07:30:48.432Z",
            "kind" : "event",
            "action" : "None"
          },
          "message" : "已清除登錄區 \\??\\C:\\Users\\Administrator\\AppData\\Local\\Packages\\Microsoft.VCLibs.120.00_8wekyb3d8bbwe\\Settings\\settings.dat 中的存取歷程記錄，更新了 0 個機碼並建立了 0 個修改的頁面。"
        }
      },
      {
        "_index" : "ids-2018-172.31.64.54",
        "_id" : "AvgeiY4B6U4O_9c5UZSD",
        "_score" : 0.0,
        "_source" : {
          "agent" : {
            "name" : "CHPIYR2",
            "id" : "60d66234-2dc5-408a-9a6e-a0a6278a7ae3",
            "type" : "winlogbeat",
            "ephemeral_id" : "cbc62cd6-a758-4639-8eeb-85bf53ffa004",
            "version" : "8.11.3"
          },
          "@timestamp" : "2018-01-30T03:02:04.427Z",
          "winlog" : {
            "computer_name" : "DESKTOP-AN3U28N",
            "process" : {
              "pid" : 792,
              "thread" : {
                "id" : 2752
              }
            },
            "keywords" : [
              "安裝",
              "已開始"
            ],
            "channel" : "System",
            "event_data" : {
              "updateRevisionNumber" : "1",
              "updateGuid" : "{d770877e-5a92-4532-a2e3-1d9150ebbbf1}",
              "updateTitle" : "9WZDNCRFJ9RM-Microsoft.VCLibs.120.00"
            },
            "opcode" : "安裝",
            "version" : 1,
            "record_id" : 2223,
            "event_id" : "43",
            "task" : "Windows Update 代理程式",
            "provider_guid" : "{945a8954-c147-4acd-923f-40c45405a658}",
            "activity_id" : "{5bc17415-98fd-0000-158d-c15bfd98d301}",
            "api" : "wineventlog",
            "provider_name" : "Microsoft-Windows-WindowsUpdateClient",
            "user" : {
              "identifier" : "S-1-5-18",
              "domain" : "NT AUTHORITY",
              "name" : "SYSTEM",
              "type" : "Well Known Group"
            }
          },
          "ecs" : {
            "version" : "8.0.0"
          },
          "log" : {
            "file" : {
              "path" : "D:\\AIXSOAR\\IDS_2018\\logs_2018-02-16\\DESKTOP-AN3U28N-172.31.64.54.evtx"
            },
            "level" : "資訊"
          },
          "host" : {
            "os" : {
              "type" : "windows",
              "family" : "windows"
            },
            "name" : "DESKTOP-AN3U28N"
          },
          "message" : "已開始安裝: Windows 已開始安裝下列更新: 9WZDNCRFJ9RM-Microsoft.VCLibs.120.00",
          "event" : {
            "ingested" : "2024-03-29T07:30:49.345486387Z",
            "code" : "43",
            "provider" : "Microsoft-Windows-WindowsUpdateClient",
            "created" : "2024-03-29T07:30:48.432Z",
            "kind" : "event",
            "action" : "Windows Update 代理程式"
          }
        }
      },
      {
        "_index" : "ids-2018-172.31.64.54",
        "_id" : "A_geiY4B6U4O_9c5UZSD",
        "_score" : 0.0,
        "_source" : {
          "agent" : {
            "name" : "CHPIYR2",
            "id" : "60d66234-2dc5-408a-9a6e-a0a6278a7ae3",
            "type" : "winlogbeat",
            "ephemeral_id" : "cbc62cd6-a758-4639-8eeb-85bf53ffa004",
            "version" : "8.11.3"
          },
          "@timestamp" : "2018-01-30T03:02:04.427Z",
          "winlog" : {
            "computer_name" : "DESKTOP-AN3U28N",
            "process" : {
              "pid" : 792,
              "thread" : {
                "id" : 2752
              }
            },
            "keywords" : [
              "安裝",
              "成功"
            ],
            "channel" : "System",
            "event_data" : {
              "updateRevisionNumber" : "1",
              "updateGuid" : "{d770877e-5a92-4532-a2e3-1d9150ebbbf1}",
              "serviceGuid" : "{855e8a7c-ecb4-4ca3-b045-1dfa50104289}",
              "updateTitle" : "9WZDNCRFJ9RM-Microsoft.VCLibs.120.00"
            },
            "opcode" : "安裝",
            "version" : 1,
            "record_id" : 2224,
            "event_id" : "19",
            "task" : "Windows Update 代理程式",
            "provider_guid" : "{945a8954-c147-4acd-923f-40c45405a658}",
            "activity_id" : "{5bc17415-98fd-0000-158d-c15bfd98d301}",
            "api" : "wineventlog",
            "provider_name" : "Microsoft-Windows-WindowsUpdateClient",
            "user" : {
              "identifier" : "S-1-5-18",
              "domain" : "NT AUTHORITY",
              "name" : "SYSTEM",
              "type" : "Well Known Group"
            }
          },
          "ecs" : {
            "version" : "8.0.0"
          },
          "log" : {
            "file" : {
              "path" : "D:\\AIXSOAR\\IDS_2018\\logs_2018-02-16\\DESKTOP-AN3U28N-172.31.64.54.evtx"
            },
            "level" : "資訊"
          },
          "host" : {
            "os" : {
              "type" : "windows",
              "family" : "windows"
            },
            "name" : "DESKTOP-AN3U28N"
          },
          "event" : {
            "ingested" : "2024-03-29T07:30:49.345550281Z",
            "code" : "19",
            "provider" : "Microsoft-Windows-WindowsUpdateClient",
            "created" : "2024-03-29T07:30:48.432Z",
            "kind" : "event",
            "action" : "Windows Update 代理程式"
          },
          "message" : "安裝成功: Windows 已順利安裝下列更新: 9WZDNCRFJ9RM-Microsoft.VCLibs.120.00"
        }
      },
      {
        "_index" : "ids-2018-172.31.64.54",
        "_id" : "BPgeiY4B6U4O_9c5UZSD",
        "_score" : 0.0,
        "_source" : {
          "agent" : {
            "name" : "CHPIYR2",
            "id" : "60d66234-2dc5-408a-9a6e-a0a6278a7ae3",
            "type" : "winlogbeat",
            "ephemeral_id" : "cbc62cd6-a758-4639-8eeb-85bf53ffa004",
            "version" : "8.11.3"
          },
          "@timestamp" : "2018-01-30T03:02:05.948Z",
          "winlog" : {
            "record_id" : 2225,
            "computer_name" : "DESKTOP-AN3U28N",
            "process" : {
              "pid" : 6136,
              "thread" : {
                "id" : 2052
              }
            },
            "event_id" : "16",
            "task" : "None",
            "provider_guid" : "{a68ca8b7-004f-d7b6-a698-07e2de0f1f5d}",
            "channel" : "System",
            "event_data" : {
              "HiveNameLength" : "121",
              "HiveName" : "\\??\\C:\\Users\\Administrator\\AppData\\Local\\Packages\\Microsoft.WindowsPreview.Kinect.8.1_8wekyb3d8bbwe\\Settings\\settings.dat",
              "DirtyPages" : "0",
              "KeysUpdated" : "0"
            },
            "api" : "wineventlog",
            "provider_name" : "Microsoft-Windows-Kernel-General",
            "opcode" : "資訊",
            "user" : {
              "identifier" : "S-1-5-21-913095808-1976597276-3100954228-500"
            }
          },
          "ecs" : {
            "version" : "8.0.0"
          },
          "log" : {
            "file" : {
              "path" : "D:\\AIXSOAR\\IDS_2018\\logs_2018-02-16\\DESKTOP-AN3U28N-172.31.64.54.evtx"
            },
            "level" : "資訊"
          },
          "host" : {
            "os" : {
              "type" : "windows",
              "family" : "windows"
            },
            "name" : "DESKTOP-AN3U28N"
          },
          "event" : {
            "ingested" : "2024-03-29T07:30:49.345612158Z",
            "code" : "16",
            "provider" : "Microsoft-Windows-Kernel-General",
            "created" : "2024-03-29T07:30:48.432Z",
            "kind" : "event",
            "action" : "None"
          },
          "message" : "已清除登錄區 \\??\\C:\\Users\\Administrator\\AppData\\Local\\Packages\\Microsoft.WindowsPreview.Kinect.8.1_8wekyb3d8bbwe\\Settings\\settings.dat 中的存取歷程記錄，更新了 0 個機碼並建立了 0 個修改的頁面。"
        }
      },
      {
        "_index" : "ids-2018-172.31.64.54",
        "_id" : "BfgeiY4B6U4O_9c5UZSD",
        "_score" : 0.0,
        "_source" : {
          "agent" : {
            "name" : "CHPIYR2",
            "id" : "60d66234-2dc5-408a-9a6e-a0a6278a7ae3",
            "type" : "winlogbeat",
            "ephemeral_id" : "cbc62cd6-a758-4639-8eeb-85bf53ffa004",
            "version" : "8.11.3"
          },
          "@timestamp" : "2018-01-30T03:02:06.144Z",
          "winlog" : {
            "computer_name" : "DESKTOP-AN3U28N",
            "record_id" : 2226,
            "process" : {
              "pid" : 6136,
              "thread" : {
                "id" : 2052
              }
            },
            "event_id" : "16",
            "task" : "None",
            "provider_guid" : "{a68ca8b7-004f-d7b6-a698-07e2de0f1f5d}",
            "channel" : "System",
            "event_data" : {
              "HiveNameLength" : "205",
              "HiveName" : "\\??\\C:\\Users\\Administrator\\AppData\\Local\\Packages\\Microsoft.WindowsPreview.Kinect.8.1_8wekyb3d8bbwe\\Microsoft.WindowsPreview.Kinect.8.1_2.0.1410.19000_x64__8wekyb3d8bbwe\\ActivationStore\\ActivationStore.dat",
              "DirtyPages" : "0",
              "KeysUpdated" : "0"
            },
            "api" : "wineventlog",
            "opcode" : "資訊",
            "provider_name" : "Microsoft-Windows-Kernel-General",
            "user" : {
              "identifier" : "S-1-5-21-913095808-1976597276-3100954228-500"
            }
          },
          "ecs" : {
            "version" : "8.0.0"
          },
          "log" : {
            "file" : {
              "path" : "D:\\AIXSOAR\\IDS_2018\\logs_2018-02-16\\DESKTOP-AN3U28N-172.31.64.54.evtx"
            },
            "level" : "資訊"
          },
          "host" : {
            "os" : {
              "type" : "windows",
              "family" : "windows"
            },
            "name" : "DESKTOP-AN3U28N"
          },
          "event" : {
            "ingested" : "2024-03-29T07:30:49.345673212Z",
            "code" : "16",
            "provider" : "Microsoft-Windows-Kernel-General",
            "created" : "2024-03-29T07:30:48.432Z",
            "kind" : "event",
            "action" : "None"
          },
          "message" : "已清除登錄區 \\??\\C:\\Users\\Administrator\\AppData\\Local\\Packages\\Microsoft.WindowsPreview.Kinect.8.1_8wekyb3d8bbwe\\Microsoft.WindowsPreview.Kinect.8.1_2.0.1410.19000_x64__8wekyb3d8bbwe\\ActivationStore\\ActivationStore.dat 中的存取歷程記錄，更新了 0 個機碼並建立了 0 個修改的頁面。"
        }
      },
      {
        "_index" : "ids-2018-172.31.64.54",
        "_id" : "BvgeiY4B6U4O_9c5UZSD",
        "_score" : 0.0,
        "_source" : {
          "agent" : {
            "name" : "CHPIYR2",
            "id" : "60d66234-2dc5-408a-9a6e-a0a6278a7ae3",
            "ephemeral_id" : "cbc62cd6-a758-4639-8eeb-85bf53ffa004",
            "type" : "winlogbeat",
            "version" : "8.11.3"
          },
          "@timestamp" : "2018-01-30T03:02:08.698Z",
          "winlog" : {
            "computer_name" : "DESKTOP-AN3U28N",
            "record_id" : 2227,
            "process" : {
              "pid" : 6136,
              "thread" : {
                "id" : 2052
              }
            },
            "event_id" : "16",
            "task" : "None",
            "provider_guid" : "{a68ca8b7-004f-d7b6-a698-07e2de0f1f5d}",
            "channel" : "System",
            "event_data" : {
              "HiveNameLength" : "119",
              "HiveName" : "\\??\\C:\\Users\\Administrator\\AppData\\Local\\Packages\\Microsoft.Media.PlayReadyClient.2_8wekyb3d8bbwe\\Settings\\settings.dat",
              "DirtyPages" : "0",
              "KeysUpdated" : "0"
            },
            "api" : "wineventlog",
            "provider_name" : "Microsoft-Windows-Kernel-General",
            "opcode" : "資訊",
            "user" : {
              "identifier" : "S-1-5-21-913095808-1976597276-3100954228-500"
            }
          },
          "ecs" : {
            "version" : "8.0.0"
          },
          "log" : {
            "file" : {
              "path" : "D:\\AIXSOAR\\IDS_2018\\logs_2018-02-16\\DESKTOP-AN3U28N-172.31.64.54.evtx"
            },
            "level" : "資訊"
          },
          "host" : {
            "os" : {
              "type" : "windows",
              "family" : "windows"
            },
            "name" : "DESKTOP-AN3U28N"
          },
          "event" : {
            "ingested" : "2024-03-29T07:30:49.345734983Z",
            "code" : "16",
            "provider" : "Microsoft-Windows-Kernel-General",
            "kind" : "event",
            "created" : "2024-03-29T07:30:48.432Z",
            "action" : "None"
          },
          "message" : "已清除登錄區 \\??\\C:\\Users\\Administrator\\AppData\\Local\\Packages\\Microsoft.Media.PlayReadyClient.2_8wekyb3d8bbwe\\Settings\\settings.dat 中的存取歷程記錄，更新了 0 個機碼並建立了 0 個修改的頁面。"
        }
      },
      {
        "_index" : "ids-2018-172.31.64.54",
        "_id" : "B_geiY4B6U4O_9c5UZSD",
        "_score" : 0.0,
        "_source" : {
          "agent" : {
            "name" : "CHPIYR2",
            "id" : "60d66234-2dc5-408a-9a6e-a0a6278a7ae3",
            "type" : "winlogbeat",
            "ephemeral_id" : "cbc62cd6-a758-4639-8eeb-85bf53ffa004",
            "version" : "8.11.3"
          },
          "@timestamp" : "2018-01-30T03:02:08.801Z",
          "winlog" : {
            "record_id" : 2228,
            "computer_name" : "DESKTOP-AN3U28N",
            "process" : {
              "pid" : 6136,
              "thread" : {
                "id" : 2052
              }
            },
            "task" : "None",
            "event_id" : "16",
            "provider_guid" : "{a68ca8b7-004f-d7b6-a698-07e2de0f1f5d}",
            "channel" : "System",
            "event_data" : {
              "HiveNameLength" : "198",
              "DirtyPages" : "0",
              "HiveName" : "\\??\\C:\\Users\\Administrator\\AppData\\Local\\Packages\\Microsoft.Media.PlayReadyClient.2_8wekyb3d8bbwe\\Microsoft.Media.PlayReadyClient.2_2.11.2154.0_x64__8wekyb3d8bbwe\\ActivationStore\\ActivationStore.dat",
              "KeysUpdated" : "0"
            },
            "api" : "wineventlog",
            "provider_name" : "Microsoft-Windows-Kernel-General",
            "opcode" : "資訊",
            "user" : {
              "identifier" : "S-1-5-21-913095808-1976597276-3100954228-500"
            }
          },
          "ecs" : {
            "version" : "8.0.0"
          },
          "log" : {
            "file" : {
              "path" : "D:\\AIXSOAR\\IDS_2018\\logs_2018-02-16\\DESKTOP-AN3U28N-172.31.64.54.evtx"
            },
            "level" : "資訊"
          },
          "host" : {
            "os" : {
              "type" : "windows",
              "family" : "windows"
            },
            "name" : "DESKTOP-AN3U28N"
          },
          "event" : {
            "ingested" : "2024-03-29T07:30:49.345794899Z",
            "code" : "16",
            "provider" : "Microsoft-Windows-Kernel-General",
            "kind" : "event",
            "created" : "2024-03-29T07:30:48.432Z",
            "action" : "None"
          },
          "message" : "已清除登錄區 \\??\\C:\\Users\\Administrator\\AppData\\Local\\Packages\\Microsoft.Media.PlayReadyClient.2_8wekyb3d8bbwe\\Microsoft.Media.PlayReadyClient.2_2.11.2154.0_x64__8wekyb3d8bbwe\\ActivationStore\\ActivationStore.dat 中的存取歷程記錄，更新了 0 個機碼並建立了 0 個修改的頁面。"
        }
      },
      {
        "_index" : "ids-2018-172.31.64.54",
        "_id" : "CPgeiY4B6U4O_9c5UZSD",
        "_score" : 0.0,
        "_source" : {
          "agent" : {
            "name" : "CHPIYR2",
            "id" : "60d66234-2dc5-408a-9a6e-a0a6278a7ae3",
            "ephemeral_id" : "cbc62cd6-a758-4639-8eeb-85bf53ffa004",
            "type" : "winlogbeat",
            "version" : "8.11.3"
          },
          "@timestamp" : "2018-01-30T03:02:09.400Z",
          "winlog" : {
            "computer_name" : "DESKTOP-AN3U28N",
            "process" : {
              "pid" : 792,
              "thread" : {
                "id" : 2752
              }
            },
            "keywords" : [
              "安裝",
              "已開始"
            ],
            "channel" : "System",
            "event_data" : {
              "updateRevisionNumber" : "1",
              "updateGuid" : "{c1d25a14-d481-47c1-980a-d943d88c73ee}",
              "updateTitle" : "9WZDNCRFJBJV-Microsoft.WindowsPreview.Kinect.8.1"
            },
            "opcode" : "安裝",
            "version" : 1,
            "record_id" : 2229,
            "task" : "Windows Update 代理程式",
            "event_id" : "43",
            "provider_guid" : "{945a8954-c147-4acd-923f-40c45405a658}",
            "activity_id" : "{5bc17415-98fd-0000-158d-c15bfd98d301}",
            "api" : "wineventlog",
            "provider_name" : "Microsoft-Windows-WindowsUpdateClient",
            "user" : {
              "identifier" : "S-1-5-18",
              "domain" : "NT AUTHORITY",
              "name" : "SYSTEM",
              "type" : "Well Known Group"
            }
          },
          "ecs" : {
            "version" : "8.0.0"
          },
          "log" : {
            "file" : {
              "path" : "D:\\AIXSOAR\\IDS_2018\\logs_2018-02-16\\DESKTOP-AN3U28N-172.31.64.54.evtx"
            },
            "level" : "資訊"
          },
          "host" : {
            "os" : {
              "type" : "windows",
              "family" : "windows"
            },
            "name" : "DESKTOP-AN3U28N"
          },
          "event" : {
            "ingested" : "2024-03-29T07:30:49.345857497Z",
            "code" : "43",
            "provider" : "Microsoft-Windows-WindowsUpdateClient",
            "created" : "2024-03-29T07:30:48.432Z",
            "kind" : "event",
            "action" : "Windows Update 代理程式"
          },
          "message" : "已開始安裝: Windows 已開始安裝下列更新: 9WZDNCRFJBJV-Microsoft.WindowsPreview.Kinect.8.1"
        }
      },
      {
        "_index" : "ids-2018-172.31.64.54",
        "_id" : "CfgeiY4B6U4O_9c5UZSD",
        "_score" : 0.0,
        "_source" : {
          "agent" : {
            "name" : "CHPIYR2",
            "id" : "60d66234-2dc5-408a-9a6e-a0a6278a7ae3",
            "type" : "winlogbeat",
            "ephemeral_id" : "cbc62cd6-a758-4639-8eeb-85bf53ffa004",
            "version" : "8.11.3"
          },
          "@timestamp" : "2018-01-30T03:02:09.400Z",
          "winlog" : {
            "computer_name" : "DESKTOP-AN3U28N",
            "process" : {
              "pid" : 792,
              "thread" : {
                "id" : 2752
              }
            },
            "keywords" : [
              "安裝",
              "成功"
            ],
            "channel" : "System",
            "event_data" : {
              "updateRevisionNumber" : "1",
              "updateGuid" : "{c1d25a14-d481-47c1-980a-d943d88c73ee}",
              "serviceGuid" : "{855e8a7c-ecb4-4ca3-b045-1dfa50104289}",
              "updateTitle" : "9WZDNCRFJBJV-Microsoft.WindowsPreview.Kinect.8.1"
            },
            "opcode" : "安裝",
            "version" : 1,
            "record_id" : 2230,
            "task" : "Windows Update 代理程式",
            "event_id" : "19",
            "provider_guid" : "{945a8954-c147-4acd-923f-40c45405a658}",
            "activity_id" : "{5bc17415-98fd-0000-158d-c15bfd98d301}",
            "api" : "wineventlog",
            "provider_name" : "Microsoft-Windows-WindowsUpdateClient",
            "user" : {
              "identifier" : "S-1-5-18",
              "domain" : "NT AUTHORITY",
              "name" : "SYSTEM",
              "type" : "Well Known Group"
            }
          },
          "ecs" : {
            "version" : "8.0.0"
          },
          "log" : {
            "file" : {
              "path" : "D:\\AIXSOAR\\IDS_2018\\logs_2018-02-16\\DESKTOP-AN3U28N-172.31.64.54.evtx"
            },
            "level" : "資訊"
          },
          "host" : {
            "os" : {
              "type" : "windows",
              "family" : "windows"
            },
            "name" : "DESKTOP-AN3U28N"
          },
          "event" : {
            "ingested" : "2024-03-29T07:30:49.345920660Z",
            "code" : "19",
            "provider" : "Microsoft-Windows-WindowsUpdateClient",
            "created" : "2024-03-29T07:30:48.432Z",
            "kind" : "event",
            "action" : "Windows Update 代理程式"
          },
          "message" : "安裝成功: Windows 已順利安裝下列更新: 9WZDNCRFJBJV-Microsoft.WindowsPreview.Kinect.8.1"
        }
      },
      {
        "_index" : "ids-2018-172.31.64.54",
        "_id" : "CvgeiY4B6U4O_9c5UZSD",
        "_score" : 0.0,
        "_source" : {
          "agent" : {
            "name" : "CHPIYR2",
            "id" : "60d66234-2dc5-408a-9a6e-a0a6278a7ae3",
            "ephemeral_id" : "cbc62cd6-a758-4639-8eeb-85bf53ffa004",
            "type" : "winlogbeat",
            "version" : "8.11.3"
          },
          "@timestamp" : "2018-01-30T03:02:09.400Z",
          "winlog" : {
            "computer_name" : "DESKTOP-AN3U28N",
            "process" : {
              "pid" : 792,
              "thread" : {
                "id" : 2752
              }
            },
            "keywords" : [
              "安裝",
              "已開始"
            ],
            "channel" : "System",
            "event_data" : {
              "updateRevisionNumber" : "1",
              "updateGuid" : "{bd462f2b-85f4-4c61-9a0e-4c36a4a4fe25}",
              "updateTitle" : "9WZDNCRFJBKH-Microsoft.Media.PlayReadyClient.2"
            },
            "opcode" : "安裝",
            "version" : 1,
            "record_id" : 2231,
            "event_id" : "43",
            "task" : "Windows Update 代理程式",
            "provider_guid" : "{945a8954-c147-4acd-923f-40c45405a658}",
            "activity_id" : "{5bc17415-98fd-0000-158d-c15bfd98d301}",
            "api" : "wineventlog",
            "provider_name" : "Microsoft-Windows-WindowsUpdateClient",
            "user" : {
              "identifier" : "S-1-5-18",
              "domain" : "NT AUTHORITY",
              "name" : "SYSTEM",
              "type" : "Well Known Group"
            }
          },
          "ecs" : {
            "version" : "8.0.0"
          },
          "log" : {
            "file" : {
              "path" : "D:\\AIXSOAR\\IDS_2018\\logs_2018-02-16\\DESKTOP-AN3U28N-172.31.64.54.evtx"
            },
            "level" : "資訊"
          },
          "host" : {
            "os" : {
              "type" : "windows",
              "family" : "windows"
            },
            "name" : "DESKTOP-AN3U28N"
          },
          "event" : {
            "ingested" : "2024-03-29T07:30:49.345983928Z",
            "code" : "43",
            "provider" : "Microsoft-Windows-WindowsUpdateClient",
            "created" : "2024-03-29T07:30:48.432Z",
            "kind" : "event",
            "action" : "Windows Update 代理程式"
          },
          "message" : "已開始安裝: Windows 已開始安裝下列更新: 9WZDNCRFJBKH-Microsoft.Media.PlayReadyClient.2"
        }
      },
      {
        "_index" : "ids-2018-172.31.64.54",
        "_id" : "C_geiY4B6U4O_9c5UZSD",
        "_score" : 0.0,
        "_source" : {
          "agent" : {
            "name" : "CHPIYR2",
            "id" : "60d66234-2dc5-408a-9a6e-a0a6278a7ae3",
            "type" : "winlogbeat",
            "ephemeral_id" : "cbc62cd6-a758-4639-8eeb-85bf53ffa004",
            "version" : "8.11.3"
          },
          "@timestamp" : "2018-01-30T03:02:14.338Z",
          "winlog" : {
            "computer_name" : "DESKTOP-AN3U28N",
            "process" : {
              "pid" : 792,
              "thread" : {
                "id" : 2752
              }
            },
            "keywords" : [
              "安裝",
              "成功"
            ],
            "channel" : "System",
            "event_data" : {
              "updateRevisionNumber" : "1",
              "updateGuid" : "{bd462f2b-85f4-4c61-9a0e-4c36a4a4fe25}",
              "serviceGuid" : "{855e8a7c-ecb4-4ca3-b045-1dfa50104289}",
              "updateTitle" : "9WZDNCRFJBKH-Microsoft.Media.PlayReadyClient.2"
            },
            "opcode" : "安裝",
            "version" : 1,
            "record_id" : 2232,
            "task" : "Windows Update 代理程式",
            "event_id" : "19",
            "provider_guid" : "{945a8954-c147-4acd-923f-40c45405a658}",
            "activity_id" : "{5bc17415-98fd-0000-158d-c15bfd98d301}",
            "api" : "wineventlog",
            "provider_name" : "Microsoft-Windows-WindowsUpdateClient",
            "user" : {
              "identifier" : "S-1-5-18",
              "domain" : "NT AUTHORITY",
              "name" : "SYSTEM",
              "type" : "Well Known Group"
            }
          },
          "ecs" : {
            "version" : "8.0.0"
          },
          "log" : {
            "file" : {
              "path" : "D:\\AIXSOAR\\IDS_2018\\logs_2018-02-16\\DESKTOP-AN3U28N-172.31.64.54.evtx"
            },
            "level" : "資訊"
          },
          "host" : {
            "os" : {
              "type" : "windows",
              "family" : "windows"
            },
            "name" : "DESKTOP-AN3U28N"
          },
          "event" : {
            "ingested" : "2024-03-29T07:30:49.346046459Z",
            "code" : "19",
            "provider" : "Microsoft-Windows-WindowsUpdateClient",
            "created" : "2024-03-29T07:30:48.432Z",
            "kind" : "event",
            "action" : "Windows Update 代理程式"
          },
          "message" : "安裝成功: Windows 已順利安裝下列更新: 9WZDNCRFJBKH-Microsoft.Media.PlayReadyClient.2"
        }
      },
      {
        "_index" : "ids-2018-172.31.64.54",
        "_id" : "DPgeiY4B6U4O_9c5UZSD",
        "_score" : 0.0,
        "_source" : {
          "agent" : {
            "name" : "CHPIYR2",
            "id" : "60d66234-2dc5-408a-9a6e-a0a6278a7ae3",
            "type" : "winlogbeat",
            "ephemeral_id" : "cbc62cd6-a758-4639-8eeb-85bf53ffa004",
            "version" : "8.11.3"
          },
          "@timestamp" : "2018-01-30T03:03:01.068Z",
          "winlog" : {
            "computer_name" : "DESKTOP-AN3U28N",
            "process" : {
              "pid" : 792,
              "thread" : {
                "id" : 2752
              }
            },
            "keywords" : [
              "安裝",
              "已開始"
            ],
            "channel" : "System",
            "event_data" : {
              "updateRevisionNumber" : "1",
              "updateGuid" : "{1949b524-a586-4b98-bddb-62b8dbc82bcb}",
              "updateTitle" : "9WZDNCRFHVJL-Microsoft.Office.OneNote"
            },
            "opcode" : "安裝",
            "version" : 1,
            "record_id" : 2233,
            "event_id" : "43",
            "task" : "Windows Update 代理程式",
            "provider_guid" : "{945a8954-c147-4acd-923f-40c45405a658}",
            "activity_id" : "{5bc17415-98fd-0000-158d-c15bfd98d301}",
            "api" : "wineventlog",
            "provider_name" : "Microsoft-Windows-WindowsUpdateClient",
            "user" : {
              "identifier" : "S-1-5-18",
              "domain" : "NT AUTHORITY",
              "name" : "SYSTEM",
              "type" : "Well Known Group"
            }
          },
          "ecs" : {
            "version" : "8.0.0"
          },
          "log" : {
            "file" : {
              "path" : "D:\\AIXSOAR\\IDS_2018\\logs_2018-02-16\\DESKTOP-AN3U28N-172.31.64.54.evtx"
            },
            "level" : "資訊"
          },
          "host" : {
            "os" : {
              "type" : "windows",
              "family" : "windows"
            },
            "name" : "DESKTOP-AN3U28N"
          },
          "event" : {
            "ingested" : "2024-03-29T07:30:49.346109286Z",
            "code" : "43",
            "provider" : "Microsoft-Windows-WindowsUpdateClient",
            "created" : "2024-03-29T07:30:48.432Z",
            "kind" : "event",
            "action" : "Windows Update 代理程式"
          },
          "message" : "已開始安裝: Windows 已開始安裝下列更新: 9WZDNCRFHVJL-Microsoft.Office.OneNote"
        }
      },
      {
        "_index" : "ids-2018-172.31.64.54",
        "_id" : "DfgeiY4B6U4O_9c5UZSD",
        "_score" : 0.0,
        "_source" : {
          "agent" : {
            "name" : "CHPIYR2",
            "id" : "60d66234-2dc5-408a-9a6e-a0a6278a7ae3",
            "type" : "winlogbeat",
            "ephemeral_id" : "cbc62cd6-a758-4639-8eeb-85bf53ffa004",
            "version" : "8.11.3"
          },
          "@timestamp" : "2018-01-30T03:03:01.068Z",
          "winlog" : {
            "computer_name" : "DESKTOP-AN3U28N",
            "process" : {
              "pid" : 792,
              "thread" : {
                "id" : 2752
              }
            },
            "keywords" : [
              "安裝",
              "失敗"
            ],
            "channel" : "System",
            "event_data" : {
              "updateRevisionNumber" : "1",
              "updateGuid" : "{1949b524-a586-4b98-bddb-62b8dbc82bcb}",
              "serviceGuid" : "{855e8a7c-ecb4-4ca3-b045-1dfa50104289}",
              "errorCode" : "0x8004264b",
              "updateTitle" : "9WZDNCRFHVJL-Microsoft.Office.OneNote"
            },
            "opcode" : "安裝",
            "version" : 1,
            "record_id" : 2234,
            "event_id" : "20",
            "task" : "Windows Update 代理程式",
            "provider_guid" : "{945a8954-c147-4acd-923f-40c45405a658}",
            "activity_id" : "{5bc17415-98fd-0000-158d-c15bfd98d301}",
            "api" : "wineventlog",
            "provider_name" : "Microsoft-Windows-WindowsUpdateClient",
            "user" : {
              "identifier" : "S-1-5-18",
              "domain" : "NT AUTHORITY",
              "name" : "SYSTEM",
              "type" : "Well Known Group"
            }
          },
          "ecs" : {
            "version" : "8.0.0"
          },
          "log" : {
            "file" : {
              "path" : "D:\\AIXSOAR\\IDS_2018\\logs_2018-02-16\\DESKTOP-AN3U28N-172.31.64.54.evtx"
            },
            "level" : "錯誤"
          },
          "host" : {
            "os" : {
              "type" : "windows",
              "family" : "windows"
            },
            "name" : "DESKTOP-AN3U28N"
          },
          "message" : "安裝失敗: Windows 無法安裝下列更新，錯誤 0x8004264B: 9WZDNCRFHVJL-Microsoft.Office.OneNote。",
          "event" : {
            "ingested" : "2024-03-29T07:30:49.346173918Z",
            "code" : "20",
            "provider" : "Microsoft-Windows-WindowsUpdateClient",
            "kind" : "event",
            "created" : "2024-03-29T07:30:48.432Z",
            "action" : "Windows Update 代理程式"
          }
        }
      },
      {
        "_index" : "ids-2018-172.31.64.54",
        "_id" : "__geiY4B6U4O_9c5256Y",
        "_score" : 0.0,
        "_source" : {
          "agent" : {
            "name" : "CHPIYR2",
            "id" : "60d66234-2dc5-408a-9a6e-a0a6278a7ae3",
            "ephemeral_id" : "c6ebe2c3-8b53-4b62-91bb-78491404bbe4",
            "type" : "winlogbeat",
            "version" : "8.11.3"
          },
          "@timestamp" : "2018-01-30T03:01:48.799Z",
          "winlog" : {
            "computer_name" : "DESKTOP-AN3U28N",
            "process" : {
              "pid" : 684,
              "thread" : {
                "id" : 4456
              }
            },
            "keywords" : [
              "傳統"
            ],
            "channel" : "System",
            "event_data" : {
              "param3" : "auto start",
              "param4" : "BITS",
              "param1" : "Background Intelligent Transfer Service",
              "param2" : "demand start"
            },
            "opcode" : "Info",
            "record_id" : 2217,
            "task" : "None",
            "event_id" : "7040",
            "provider_guid" : "{555908d1-a6d7-4695-8e1e-26931d2012f4}",
            "api" : "wineventlog",
            "provider_name" : "Service Control Manager",
            "user" : {
              "identifier" : "S-1-5-18",
              "domain" : "NT AUTHORITY",
              "name" : "SYSTEM",
              "type" : "Well Known Group"
            }
          },
          "ecs" : {
            "version" : "8.0.0"
          },
          "log" : {
            "file" : {
              "path" : "D:\\AIXSOAR\\IDS_2018\\logs_2018-02-23\\DESKTOP-AN3U28N-172.31.64.54.evtx"
            },
            "level" : "資訊"
          },
          "host" : {
            "os" : {
              "type" : "windows",
              "family" : "windows"
            },
            "name" : "DESKTOP-AN3U28N"
          },
          "event" : {
            "ingested" : "2024-03-29T07:31:24.694073916Z",
            "code" : "7040",
            "provider" : "Service Control Manager",
            "created" : "2024-03-29T07:31:23.965Z",
            "kind" : "event",
            "action" : "None"
          },
          "message" : "Background Intelligent Transfer Service 服務的啟動類型已從 demand start 變更為 auto start。"
        }
      },
      {
        "_index" : "ids-2018-172.31.64.54",
        "_id" : "APgeiY4B6U4O_9c525-Y",
        "_score" : 0.0,
        "_source" : {
          "agent" : {
            "name" : "CHPIYR2",
            "id" : "60d66234-2dc5-408a-9a6e-a0a6278a7ae3",
            "ephemeral_id" : "c6ebe2c3-8b53-4b62-91bb-78491404bbe4",
            "type" : "winlogbeat",
            "version" : "8.11.3"
          },
          "@timestamp" : "2018-01-30T03:01:52.678Z",
          "winlog" : {
            "computer_name" : "DESKTOP-AN3U28N",
            "process" : {
              "pid" : 792,
              "thread" : {
                "id" : 2752
              }
            },
            "keywords" : [
              "下載",
              "已開始"
            ],
            "channel" : "System",
            "event_data" : {
              "updateRevisionNumber" : "1",
              "updateGuid" : "{1949b524-a586-4b98-bddb-62b8dbc82bcb}",
              "updateTitle" : "9WZDNCRFHVJL-Microsoft.Office.OneNote"
            },
            "opcode" : "下載",
            "version" : 1,
            "record_id" : 2218,
            "event_id" : "44",
            "task" : "Windows Update 代理程式",
            "provider_guid" : "{945a8954-c147-4acd-923f-40c45405a658}",
            "activity_id" : "{5bc17415-98fd-0000-158d-c15bfd98d301}",
            "api" : "wineventlog",
            "provider_name" : "Microsoft-Windows-WindowsUpdateClient",
            "user" : {
              "identifier" : "S-1-5-18",
              "domain" : "NT AUTHORITY",
              "name" : "SYSTEM",
              "type" : "Well Known Group"
            }
          },
          "ecs" : {
            "version" : "8.0.0"
          },
          "log" : {
            "file" : {
              "path" : "D:\\AIXSOAR\\IDS_2018\\logs_2018-02-23\\DESKTOP-AN3U28N-172.31.64.54.evtx"
            },
            "level" : "資訊"
          },
          "host" : {
            "os" : {
              "type" : "windows",
              "family" : "windows"
            },
            "name" : "DESKTOP-AN3U28N"
          },
          "event" : {
            "ingested" : "2024-03-29T07:31:24.694135272Z",
            "code" : "44",
            "provider" : "Microsoft-Windows-WindowsUpdateClient",
            "kind" : "event",
            "created" : "2024-03-29T07:31:23.965Z",
            "action" : "Windows Update 代理程式"
          },
          "message" : "Windows Update 已開始下載更新。"
        }
      },
