      {
        "_index" : "ids-2018-172.31.64.54",
        "_id" : "x_geiY4B6U4O_9c5UJJB",
        "_score" : 0.0,
        "_source" : {
          "agent" : {
            "name" : "CHPIYR2",
            "id" : "60d66234-2dc5-408a-9a6e-a0a6278a7ae3",
            "ephemeral_id" : "cbc62cd6-a758-4639-8eeb-85bf53ffa004",
            "type" : "winlogbeat",
            "version" : "8.11.3"
          },
          "@timestamp" : "2018-01-26T16:28:31.909Z",
          "winlog" : {
            "computer_name" : "DESKTOP-AN3U28N",
            "record_id" : 1908,
            "process" : {
              "pid" : 680,
              "thread" : {
                "id" : 3428
              }
            },
            "task" : "None",
            "event_id" : "7023",
            "keywords" : [
              "傳統"
            ],
            "provider_guid" : "{555908d1-a6d7-4695-8e1e-26931d2012f4}",
            "channel" : "System",
            "api" : "wineventlog",
            "event_data" : {
              "Binary" : "5500490030004400650074006500630074000000",
              "param1" : "Interactive Services Detection",
              "param2" : "%%1"
            },
            "opcode" : "Info",
            "provider_name" : "Service Control Manager"
          },
          "ecs" : {
            "version" : "8.0.0"
          },
          "log" : {
            "file" : {
              "path" : "D:\\AIXSOAR\\IDS_2018\\logs_2018-02-16\\DESKTOP-AN3U28N-172.31.64.54.evtx"
            },
            "level" : "錯誤"
          },
          "host" : {
            "os" : {
              "type" : "windows",
              "family" : "windows"
            },
            "name" : "DESKTOP-AN3U28N"
          },
          "event" : {
            "ingested" : "2024-03-29T07:30:49.015688281Z",
            "code" : "7023",
            "provider" : "Service Control Manager",
            "created" : "2024-03-29T07:30:48.137Z",
            "kind" : "event",
            "action" : "None"
          },
          "message" : "Interactive Services Detection 服務因下列錯誤而終止: \n功能錯誤。"
        }
      },
      {
        "_index" : "ids-2018-172.31.64.54",
        "_id" : "yPgeiY4B6U4O_9c5UJJB",
        "_score" : 0.0,
        "_source" : {
          "agent" : {
            "name" : "CHPIYR2",
            "id" : "60d66234-2dc5-408a-9a6e-a0a6278a7ae3",
            "ephemeral_id" : "cbc62cd6-a758-4639-8eeb-85bf53ffa004",
            "type" : "winlogbeat",
            "version" : "8.11.3"
          },
          "@timestamp" : "2018-01-26T16:28:31.940Z",
          "winlog" : {
            "computer_name" : "DESKTOP-AN3U28N",
            "record_id" : 1909,
            "process" : {
              "pid" : 680,
              "thread" : {
                "id" : 4408
              }
            },
            "event_id" : "7023",
            "task" : "None",
            "keywords" : [
              "傳統"
            ],
            "provider_guid" : "{555908d1-a6d7-4695-8e1e-26931d2012f4}",
            "channel" : "System",
            "api" : "wineventlog",
            "event_data" : {
              "Binary" : "5500490030004400650074006500630074000000",
              "param1" : "Interactive Services Detection",
              "param2" : "%%1"
            },
            "opcode" : "Info",
            "provider_name" : "Service Control Manager"
          },
          "ecs" : {
            "version" : "8.0.0"
          },
          "log" : {
            "file" : {
              "path" : "D:\\AIXSOAR\\IDS_2018\\logs_2018-02-16\\DESKTOP-AN3U28N-172.31.64.54.evtx"
            },
            "level" : "錯誤"
          },
          "host" : {
            "os" : {
              "type" : "windows",
              "family" : "windows"
            },
            "name" : "DESKTOP-AN3U28N"
          },
          "message" : "Interactive Services Detection 服務因下列錯誤而終止: \n功能錯誤。",
          "event" : {
            "ingested" : "2024-03-29T07:30:49.015748900Z",
            "code" : "7023",
            "provider" : "Service Control Manager",
            "created" : "2024-03-29T07:30:48.137Z",
            "kind" : "event",
            "action" : "None"
          }
        }
      },
      {
        "_index" : "ids-2018-172.31.64.54",
        "_id" : "yfgeiY4B6U4O_9c5UJJB",
        "_score" : 0.0,
        "_source" : {
          "agent" : {
            "name" : "CHPIYR2",
            "id" : "60d66234-2dc5-408a-9a6e-a0a6278a7ae3",
            "type" : "winlogbeat",
            "ephemeral_id" : "cbc62cd6-a758-4639-8eeb-85bf53ffa004",
            "version" : "8.11.3"
          },
          "@timestamp" : "2018-01-26T16:28:32.081Z",
          "winlog" : {
            "record_id" : 1910,
            "computer_name" : "DESKTOP-AN3U28N",
            "process" : {
              "pid" : 680,
              "thread" : {
                "id" : 1180
              }
            },
            "task" : "None",
            "event_id" : "7023",
            "keywords" : [
              "傳統"
            ],
            "provider_guid" : "{555908d1-a6d7-4695-8e1e-26931d2012f4}",
            "channel" : "System",
            "event_data" : {
              "Binary" : "5500490030004400650074006500630074000000",
              "param1" : "Interactive Services Detection",
              "param2" : "%%1"
            },
            "api" : "wineventlog",
            "opcode" : "Info",
            "provider_name" : "Service Control Manager"
          },
          "ecs" : {
            "version" : "8.0.0"
          },
          "log" : {
            "file" : {
              "path" : "D:\\AIXSOAR\\IDS_2018\\logs_2018-02-16\\DESKTOP-AN3U28N-172.31.64.54.evtx"
            },
            "level" : "錯誤"
          },
          "host" : {
            "os" : {
              "type" : "windows",
              "family" : "windows"
            },
            "name" : "DESKTOP-AN3U28N"
          },
          "message" : "Interactive Services Detection 服務因下列錯誤而終止: \n功能錯誤。",
          "event" : {
            "ingested" : "2024-03-29T07:30:49.015810059Z",
            "code" : "7023",
            "provider" : "Service Control Manager",
            "kind" : "event",
            "created" : "2024-03-29T07:30:48.138Z",
            "action" : "None"
          }
        }
      },
      {
        "_index" : "ids-2018-172.31.64.54",
        "_id" : "yvgeiY4B6U4O_9c5UJJB",
        "_score" : 0.0,
        "_source" : {
          "agent" : {
            "name" : "CHPIYR2",
            "id" : "60d66234-2dc5-408a-9a6e-a0a6278a7ae3",
            "ephemeral_id" : "cbc62cd6-a758-4639-8eeb-85bf53ffa004",
            "type" : "winlogbeat",
            "version" : "8.11.3"
          },
          "@timestamp" : "2018-01-26T16:28:32.143Z",
          "winlog" : {
            "computer_name" : "DESKTOP-AN3U28N",
            "record_id" : 1911,
            "process" : {
              "pid" : 680,
              "thread" : {
                "id" : 1180
              }
            },
            "task" : "None",
            "event_id" : "7023",
            "keywords" : [
              "傳統"
            ],
            "provider_guid" : "{555908d1-a6d7-4695-8e1e-26931d2012f4}",
            "channel" : "System",
            "event_data" : {
              "Binary" : "5500490030004400650074006500630074000000",
              "param1" : "Interactive Services Detection",
              "param2" : "%%1"
            },
            "api" : "wineventlog",
            "provider_name" : "Service Control Manager",
            "opcode" : "Info"
          },
          "ecs" : {
            "version" : "8.0.0"
          },
          "log" : {
            "file" : {
              "path" : "D:\\AIXSOAR\\IDS_2018\\logs_2018-02-16\\DESKTOP-AN3U28N-172.31.64.54.evtx"
            },
            "level" : "錯誤"
          },
          "host" : {
            "os" : {
              "type" : "windows",
              "family" : "windows"
            },
            "name" : "DESKTOP-AN3U28N"
          },
          "event" : {
            "ingested" : "2024-03-29T07:30:49.015869783Z",
            "code" : "7023",
            "provider" : "Service Control Manager",
            "created" : "2024-03-29T07:30:48.138Z",
            "kind" : "event",
            "action" : "None"
          },
          "message" : "Interactive Services Detection 服務因下列錯誤而終止: \n功能錯誤。"
        }
      },
      {
        "_index" : "ids-2018-172.31.64.54",
        "_id" : "y_geiY4B6U4O_9c5UJJB",
        "_score" : 0.0,
        "_source" : {
          "agent" : {
            "name" : "CHPIYR2",
            "id" : "60d66234-2dc5-408a-9a6e-a0a6278a7ae3",
            "type" : "winlogbeat",
            "ephemeral_id" : "cbc62cd6-a758-4639-8eeb-85bf53ffa004",
            "version" : "8.11.3"
          },
          "@timestamp" : "2018-01-26T16:28:32.159Z",
          "winlog" : {
            "computer_name" : "DESKTOP-AN3U28N",
            "record_id" : 1912,
            "process" : {
              "pid" : 680,
              "thread" : {
                "id" : 976
              }
            },
            "event_id" : "7023",
            "task" : "None",
            "keywords" : [
              "傳統"
            ],
            "provider_guid" : "{555908d1-a6d7-4695-8e1e-26931d2012f4}",
            "channel" : "System",
            "api" : "wineventlog",
            "event_data" : {
              "Binary" : "5500490030004400650074006500630074000000",
              "param1" : "Interactive Services Detection",
              "param2" : "%%1"
            },
            "opcode" : "Info",
            "provider_name" : "Service Control Manager"
          },
          "ecs" : {
            "version" : "8.0.0"
          },
          "log" : {
            "file" : {
              "path" : "D:\\AIXSOAR\\IDS_2018\\logs_2018-02-16\\DESKTOP-AN3U28N-172.31.64.54.evtx"
            },
            "level" : "錯誤"
          },
          "host" : {
            "os" : {
              "type" : "windows",
              "family" : "windows"
            },
            "name" : "DESKTOP-AN3U28N"
          },
          "message" : "Interactive Services Detection 服務因下列錯誤而終止: \n功能錯誤。",
          "event" : {
            "ingested" : "2024-03-29T07:30:49.015929274Z",
            "code" : "7023",
            "provider" : "Service Control Manager",
            "kind" : "event",
            "created" : "2024-03-29T07:30:48.138Z",
            "action" : "None"
          }
        }
      },
      {
        "_index" : "ids-2018-172.31.64.54",
        "_id" : "zPgeiY4B6U4O_9c5UJJB",
        "_score" : 0.0,
        "_source" : {
          "agent" : {
            "name" : "CHPIYR2",
            "id" : "60d66234-2dc5-408a-9a6e-a0a6278a7ae3",
            "type" : "winlogbeat",
            "ephemeral_id" : "cbc62cd6-a758-4639-8eeb-85bf53ffa004",
            "version" : "8.11.3"
          },
          "@timestamp" : "2018-01-26T16:28:32.231Z",
          "winlog" : {
            "computer_name" : "DESKTOP-AN3U28N",
            "process" : {
              "pid" : 808,
              "thread" : {
                "id" : 4752
              }
            },
            "keywords" : [
              "安裝",
              "已開始"
            ],
            "channel" : "System",
            "event_data" : {
              "updateRevisionNumber" : "209",
              "updateGuid" : "{4c30a41c-c973-40a1-8657-ce70ce82a45a}",
              "updateTitle" : "Update for Windows 10 for x64-based Systems (KB4023814)"
            },
            "opcode" : "安裝",
            "version" : 1,
            "record_id" : 1913,
            "task" : "Windows Update 代理程式",
            "event_id" : "43",
            "provider_guid" : "{945a8954-c147-4acd-923f-40c45405a658}",
            "api" : "wineventlog",
            "provider_name" : "Microsoft-Windows-WindowsUpdateClient",
            "user" : {
              "identifier" : "S-1-5-18",
              "domain" : "NT AUTHORITY",
              "name" : "SYSTEM",
              "type" : "Well Known Group"
            }
          },
          "ecs" : {
            "version" : "8.0.0"
          },
          "log" : {
            "file" : {
              "path" : "D:\\AIXSOAR\\IDS_2018\\logs_2018-02-16\\DESKTOP-AN3U28N-172.31.64.54.evtx"
            },
            "level" : "資訊"
          },
          "host" : {
            "os" : {
              "type" : "windows",
              "family" : "windows"
            },
            "name" : "DESKTOP-AN3U28N"
          },
          "event" : {
            "ingested" : "2024-03-29T07:30:49.016005634Z",
            "code" : "43",
            "provider" : "Microsoft-Windows-WindowsUpdateClient",
            "created" : "2024-03-29T07:30:48.138Z",
            "kind" : "event",
            "action" : "Windows Update 代理程式"
          },
          "message" : "已開始安裝: Windows 已開始安裝下列更新: Update for Windows 10 for x64-based Systems (KB4023814)"
        }
      },
      {
        "_index" : "ids-2018-172.31.64.54",
        "_id" : "zfgeiY4B6U4O_9c5UJJB",
        "_score" : 0.0,
        "_source" : {
          "agent" : {
            "name" : "CHPIYR2",
            "id" : "60d66234-2dc5-408a-9a6e-a0a6278a7ae3",
            "ephemeral_id" : "cbc62cd6-a758-4639-8eeb-85bf53ffa004",
            "type" : "winlogbeat",
            "version" : "8.11.3"
          },
          "@timestamp" : "2018-01-26T16:28:32.231Z",
          "winlog" : {
            "computer_name" : "DESKTOP-AN3U28N",
            "process" : {
              "pid" : 808,
              "thread" : {
                "id" : 4752
              }
            },
            "keywords" : [
              "安裝",
              "成功"
            ],
            "channel" : "System",
            "event_data" : {
              "updateRevisionNumber" : "209",
              "updateGuid" : "{4c30a41c-c973-40a1-8657-ce70ce82a45a}",
              "serviceGuid" : "{9482f4b4-e343-43b6-b170-9a65bc822c77}",
              "updateTitle" : "Update for Windows 10 for x64-based Systems (KB4023814)"
            },
            "opcode" : "安裝",
            "version" : 1,
            "record_id" : 1914,
            "task" : "Windows Update 代理程式",
            "event_id" : "19",
            "provider_guid" : "{945a8954-c147-4acd-923f-40c45405a658}",
            "api" : "wineventlog",
            "provider_name" : "Microsoft-Windows-WindowsUpdateClient",
            "user" : {
              "identifier" : "S-1-5-18",
              "domain" : "NT AUTHORITY",
              "name" : "SYSTEM",
              "type" : "Well Known Group"
            }
          },
          "ecs" : {
            "version" : "8.0.0"
          },
          "log" : {
            "file" : {
              "path" : "D:\\AIXSOAR\\IDS_2018\\logs_2018-02-16\\DESKTOP-AN3U28N-172.31.64.54.evtx"
            },
            "level" : "資訊"
          },
          "host" : {
            "os" : {
              "type" : "windows",
              "family" : "windows"
            },
            "name" : "DESKTOP-AN3U28N"
          },
          "message" : "安裝成功: Windows 已順利安裝下列更新: Update for Windows 10 for x64-based Systems (KB4023814)",
          "event" : {
            "ingested" : "2024-03-29T07:30:49.016079401Z",
            "code" : "19",
            "provider" : "Microsoft-Windows-WindowsUpdateClient",
            "created" : "2024-03-29T07:30:48.138Z",
            "kind" : "event",
            "action" : "Windows Update 代理程式"
          }
        }
      },
      {
        "_index" : "ids-2018-172.31.64.54",
        "_id" : "zvgeiY4B6U4O_9c5UJJB",
        "_score" : 0.0,
        "_source" : {
          "agent" : {
            "name" : "CHPIYR2",
            "id" : "60d66234-2dc5-408a-9a6e-a0a6278a7ae3",
            "type" : "winlogbeat",
            "ephemeral_id" : "cbc62cd6-a758-4639-8eeb-85bf53ffa004",
            "version" : "8.11.3"
          },
          "@timestamp" : "2018-01-26T16:28:32.231Z",
          "winlog" : {
            "computer_name" : "DESKTOP-AN3U28N",
            "process" : {
              "pid" : 808,
              "thread" : {
                "id" : 4752
              }
            },
            "keywords" : [
              "安裝",
              "已開始"
            ],
            "channel" : "System",
            "event_data" : {
              "updateRevisionNumber" : "200",
              "updateGuid" : "{5c659f95-0c6e-4c0d-a72c-977b0ff1a828}",
              "updateTitle" : "Update for Windows 10 for x64-based Systems (KB4023057)"
            },
            "opcode" : "安裝",
            "version" : 1,
            "record_id" : 1915,
            "event_id" : "43",
            "task" : "Windows Update 代理程式",
            "provider_guid" : "{945a8954-c147-4acd-923f-40c45405a658}",
            "api" : "wineventlog",
            "provider_name" : "Microsoft-Windows-WindowsUpdateClient",
            "user" : {
              "identifier" : "S-1-5-18",
              "domain" : "NT AUTHORITY",
              "name" : "SYSTEM",
              "type" : "Well Known Group"
            }
          },
          "ecs" : {
            "version" : "8.0.0"
          },
          "log" : {
            "file" : {
              "path" : "D:\\AIXSOAR\\IDS_2018\\logs_2018-02-16\\DESKTOP-AN3U28N-172.31.64.54.evtx"
            },
            "level" : "資訊"
          },
          "host" : {
            "os" : {
              "type" : "windows",
              "family" : "windows"
            },
            "name" : "DESKTOP-AN3U28N"
          },
          "event" : {
            "ingested" : "2024-03-29T07:30:49.016146518Z",
            "code" : "43",
            "provider" : "Microsoft-Windows-WindowsUpdateClient",
            "created" : "2024-03-29T07:30:48.138Z",
            "kind" : "event",
            "action" : "Windows Update 代理程式"
          },
          "message" : "已開始安裝: Windows 已開始安裝下列更新: Update for Windows 10 for x64-based Systems (KB4023057)"
        }
      },
      {
        "_index" : "ids-2018-172.31.64.54",
        "_id" : "z_geiY4B6U4O_9c5UJJB",
        "_score" : 0.0,
        "_source" : {
          "agent" : {
            "name" : "CHPIYR2",
            "id" : "60d66234-2dc5-408a-9a6e-a0a6278a7ae3",
            "ephemeral_id" : "cbc62cd6-a758-4639-8eeb-85bf53ffa004",
            "type" : "winlogbeat",
            "version" : "8.11.3"
          },
          "@timestamp" : "2018-01-26T16:28:32.231Z",
          "winlog" : {
            "computer_name" : "DESKTOP-AN3U28N",
            "process" : {
              "pid" : 808,
              "thread" : {
                "id" : 4752
              }
            },
            "keywords" : [
              "安裝",
              "成功"
            ],
            "channel" : "System",
            "event_data" : {
              "updateRevisionNumber" : "200",
              "updateGuid" : "{5c659f95-0c6e-4c0d-a72c-977b0ff1a828}",
              "serviceGuid" : "{9482f4b4-e343-43b6-b170-9a65bc822c77}",
              "updateTitle" : "Update for Windows 10 for x64-based Systems (KB4023057)"
            },
            "opcode" : "安裝",
            "version" : 1,
            "record_id" : 1916,
            "task" : "Windows Update 代理程式",
            "event_id" : "19",
            "provider_guid" : "{945a8954-c147-4acd-923f-40c45405a658}",
            "api" : "wineventlog",
            "provider_name" : "Microsoft-Windows-WindowsUpdateClient",
            "user" : {
              "identifier" : "S-1-5-18",
              "domain" : "NT AUTHORITY",
              "name" : "SYSTEM",
              "type" : "Well Known Group"
            }
          },
          "ecs" : {
            "version" : "8.0.0"
          },
          "log" : {
            "file" : {
              "path" : "D:\\AIXSOAR\\IDS_2018\\logs_2018-02-16\\DESKTOP-AN3U28N-172.31.64.54.evtx"
            },
            "level" : "資訊"
          },
          "host" : {
            "os" : {
              "type" : "windows",
              "family" : "windows"
            },
            "name" : "DESKTOP-AN3U28N"
          },
          "event" : {
            "ingested" : "2024-03-29T07:30:49.016224538Z",
            "code" : "19",
            "provider" : "Microsoft-Windows-WindowsUpdateClient",
            "kind" : "event",
            "created" : "2024-03-29T07:30:48.138Z",
            "action" : "Windows Update 代理程式"
          },
          "message" : "安裝成功: Windows 已順利安裝下列更新: Update for Windows 10 for x64-based Systems (KB4023057)"
        }
      },
      {
        "_index" : "ids-2018-172.31.64.54",
        "_id" : "0PgeiY4B6U4O_9c5UJJB",
        "_score" : 0.0,
        "_source" : {
          "agent" : {
            "name" : "CHPIYR2",
            "id" : "60d66234-2dc5-408a-9a6e-a0a6278a7ae3",
            "ephemeral_id" : "cbc62cd6-a758-4639-8eeb-85bf53ffa004",
            "type" : "winlogbeat",
            "version" : "8.11.3"
          },
          "@timestamp" : "2018-01-26T16:28:32.231Z",
          "winlog" : {
            "computer_name" : "DESKTOP-AN3U28N",
            "process" : {
              "pid" : 808,
              "thread" : {
                "id" : 4752
              }
            },
            "keywords" : [
              "安裝",
              "已開始"
            ],
            "channel" : "System",
            "event_data" : {
              "updateRevisionNumber" : "200",
              "updateGuid" : "{5bbc41ce-9001-4792-abec-9dbae0b937fc}",
              "updateTitle" : "Definition Update for Windows Defender Antivirus - KB2267602 (Definition 1.261.301.0)"
            },
            "opcode" : "安裝",
            "version" : 1,
            "record_id" : 1917,
            "task" : "Windows Update 代理程式",
            "event_id" : "43",
            "provider_guid" : "{945a8954-c147-4acd-923f-40c45405a658}",
            "api" : "wineventlog",
            "provider_name" : "Microsoft-Windows-WindowsUpdateClient",
            "user" : {
              "identifier" : "S-1-5-18",
              "domain" : "NT AUTHORITY",
              "name" : "SYSTEM",
              "type" : "Well Known Group"
            }
          },
          "ecs" : {
            "version" : "8.0.0"
          },
          "log" : {
            "file" : {
              "path" : "D:\\AIXSOAR\\IDS_2018\\logs_2018-02-16\\DESKTOP-AN3U28N-172.31.64.54.evtx"
            },
            "level" : "資訊"
          },
          "host" : {
            "os" : {
              "type" : "windows",
              "family" : "windows"
            },
            "name" : "DESKTOP-AN3U28N"
          },
          "message" : "已開始安裝: Windows 已開始安裝下列更新: Definition Update for Windows Defender Antivirus - KB2267602 (Definition 1.261.301.0)",
          "event" : {
            "ingested" : "2024-03-29T07:30:49.016299957Z",
            "code" : "43",
            "provider" : "Microsoft-Windows-WindowsUpdateClient",
            "created" : "2024-03-29T07:30:48.138Z",
            "kind" : "event",
            "action" : "Windows Update 代理程式"
          }
        }
      },
      {
        "_index" : "ids-2018-172.31.64.54",
        "_id" : "0fgeiY4B6U4O_9c5UJJB",
        "_score" : 0.0,
        "_source" : {
          "agent" : {
            "name" : "CHPIYR2",
            "id" : "60d66234-2dc5-408a-9a6e-a0a6278a7ae3",
            "type" : "winlogbeat",
            "ephemeral_id" : "cbc62cd6-a758-4639-8eeb-85bf53ffa004",
            "version" : "8.11.3"
          },
          "@timestamp" : "2018-01-26T16:28:52.723Z",
          "winlog" : {
            "computer_name" : "DESKTOP-AN3U28N",
            "process" : {
              "pid" : 808,
              "thread" : {
                "id" : 4752
              }
            },
            "keywords" : [
              "安裝",
              "成功"
            ],
            "channel" : "System",
            "event_data" : {
              "updateRevisionNumber" : "200",
              "updateGuid" : "{5bbc41ce-9001-4792-abec-9dbae0b937fc}",
              "serviceGuid" : "{9482f4b4-e343-43b6-b170-9a65bc822c77}",
              "updateTitle" : "Definition Update for Windows Defender Antivirus - KB2267602 (Definition 1.261.301.0)"
            },
            "opcode" : "安裝",
            "version" : 1,
            "record_id" : 1918,
            "task" : "Windows Update 代理程式",
            "event_id" : "19",
            "provider_guid" : "{945a8954-c147-4acd-923f-40c45405a658}",
            "api" : "wineventlog",
            "provider_name" : "Microsoft-Windows-WindowsUpdateClient",
            "user" : {
              "identifier" : "S-1-5-18",
              "domain" : "NT AUTHORITY",
              "name" : "SYSTEM",
              "type" : "Well Known Group"
            }
          },
          "ecs" : {
            "version" : "8.0.0"
          },
          "log" : {
            "file" : {
              "path" : "D:\\AIXSOAR\\IDS_2018\\logs_2018-02-16\\DESKTOP-AN3U28N-172.31.64.54.evtx"
            },
            "level" : "資訊"
          },
          "host" : {
            "os" : {
              "type" : "windows",
              "family" : "windows"
            },
            "name" : "DESKTOP-AN3U28N"
          },
          "event" : {
            "ingested" : "2024-03-29T07:30:49.016364094Z",
            "code" : "19",
            "provider" : "Microsoft-Windows-WindowsUpdateClient",
            "kind" : "event",
            "created" : "2024-03-29T07:30:48.138Z",
            "action" : "Windows Update 代理程式"
          },
          "message" : "安裝成功: Windows 已順利安裝下列更新: Definition Update for Windows Defender Antivirus - KB2267602 (Definition 1.261.301.0)"
        }
      },
      {
        "_index" : "ids-2018-172.31.64.54",
        "_id" : "0vgeiY4B6U4O_9c5UJJB",
        "_score" : 0.0,
        "_source" : {
          "agent" : {
            "name" : "CHPIYR2",
            "id" : "60d66234-2dc5-408a-9a6e-a0a6278a7ae3",
            "type" : "winlogbeat",
            "ephemeral_id" : "cbc62cd6-a758-4639-8eeb-85bf53ffa004",
            "version" : "8.11.3"
          },
          "@timestamp" : "2018-01-26T16:28:58.033Z",
          "winlog" : {
            "computer_name" : "DESKTOP-AN3U28N",
            "process" : {
              "pid" : 680,
              "thread" : {
                "id" : 976
              }
            },
            "keywords" : [
              "傳統"
            ],
            "channel" : "System",
            "event_data" : {
              "ServiceName" : "MpKsl2ebd31d4",
              "ServiceType" : "kernel mode driver",
              "ImagePath" : "C:\\ProgramData\\Microsoft\\Windows Defender\\Definition Updates\\{D8CA2492-B59B-457C-9F5F-765C51318221}\\MpKsl2ebd31d4.sys",
              "StartType" : "system start"
            },
            "opcode" : "Info",
            "record_id" : 1919,
            "task" : "None",
            "event_id" : "7045",
            "provider_guid" : "{555908d1-a6d7-4695-8e1e-26931d2012f4}",
            "api" : "wineventlog",
            "provider_name" : "Service Control Manager",
            "user" : {
              "identifier" : "S-1-5-18",
              "domain" : "NT AUTHORITY",
              "name" : "SYSTEM",
              "type" : "Well Known Group"
            }
          },
          "ecs" : {
            "version" : "8.0.0"
          },
          "log" : {
            "file" : {
              "path" : "D:\\AIXSOAR\\IDS_2018\\logs_2018-02-16\\DESKTOP-AN3U28N-172.31.64.54.evtx"
            },
            "level" : "資訊"
          },
          "host" : {
            "os" : {
              "type" : "windows",
              "family" : "windows"
            },
            "name" : "DESKTOP-AN3U28N"
          },
          "event" : {
            "ingested" : "2024-03-29T07:30:49.016443110Z",
            "code" : "7045",
            "provider" : "Service Control Manager",
            "created" : "2024-03-29T07:30:48.138Z",
            "kind" : "event",
            "action" : "None"
          },
          "message" : "服務已經安裝在系統中。\n\n服務名稱:  MpKsl2ebd31d4\n服務檔案名稱:  C:\\ProgramData\\Microsoft\\Windows Defender\\Definition Updates\\{D8CA2492-B59B-457C-9F5F-765C51318221}\\MpKsl2ebd31d4.sys\n服務類型:  kernel mode driver\n服務啟動類型:  system start\n服務帳戶:  "
        }
      },
      {
        "_index" : "ids-2018-172.31.64.54",
        "_id" : "0_geiY4B6U4O_9c5UJJB",
        "_score" : 0.0,
        "_source" : {
          "agent" : {
            "name" : "CHPIYR2",
            "id" : "60d66234-2dc5-408a-9a6e-a0a6278a7ae3",
            "type" : "winlogbeat",
            "ephemeral_id" : "cbc62cd6-a758-4639-8eeb-85bf53ffa004",
            "version" : "8.11.3"
          },
          "@timestamp" : "2018-01-26T16:58:02.636Z",
          "winlog" : {
            "computer_name" : "DESKTOP-AN3U28N",
            "process" : {
              "pid" : 808,
              "thread" : {
                "id" : 4752
              }
            },
            "keywords" : [
              "安裝",
              "已開始"
            ],
            "channel" : "System",
            "event_data" : {
              "updateRevisionNumber" : "203",
              "updateGuid" : "{948292b8-ab66-4897-b435-e1e2f10e21f4}",
              "updateTitle" : "Feature update to Windows 10, version 1709"
            },
            "opcode" : "安裝",
            "version" : 1,
            "record_id" : 1920,
            "task" : "Windows Update 代理程式",
            "event_id" : "43",
            "provider_guid" : "{945a8954-c147-4acd-923f-40c45405a658}",
            "api" : "wineventlog",
            "provider_name" : "Microsoft-Windows-WindowsUpdateClient",
            "user" : {
              "identifier" : "S-1-5-18",
              "domain" : "NT AUTHORITY",
              "name" : "SYSTEM",
              "type" : "Well Known Group"
            }
          },
          "ecs" : {
            "version" : "8.0.0"
          },
          "log" : {
            "file" : {
              "path" : "D:\\AIXSOAR\\IDS_2018\\logs_2018-02-16\\DESKTOP-AN3U28N-172.31.64.54.evtx"
            },
            "level" : "資訊"
          },
          "host" : {
            "os" : {
              "type" : "windows",
              "family" : "windows"
            },
            "name" : "DESKTOP-AN3U28N"
          },
          "message" : "已開始安裝: Windows 已開始安裝下列更新: Feature update to Windows 10, version 1709",
          "event" : {
            "ingested" : "2024-03-29T07:30:49.016521466Z",
            "code" : "43",
            "provider" : "Microsoft-Windows-WindowsUpdateClient",
            "created" : "2024-03-29T07:30:48.138Z",
            "kind" : "event",
            "action" : "Windows Update 代理程式"
          }
        }
      },
      {
        "_index" : "ids-2018-172.31.64.54",
        "_id" : "1PgeiY4B6U4O_9c5UJJB",
        "_score" : 0.0,
        "_source" : {
          "agent" : {
            "name" : "CHPIYR2",
            "id" : "60d66234-2dc5-408a-9a6e-a0a6278a7ae3",
            "type" : "winlogbeat",
            "ephemeral_id" : "cbc62cd6-a758-4639-8eeb-85bf53ffa004",
            "version" : "8.11.3"
          },
          "@timestamp" : "2018-01-26T16:58:02.715Z",
          "winlog" : {
            "computer_name" : "DESKTOP-AN3U28N",
            "process" : {
              "pid" : 808,
              "thread" : {
                "id" : 4752
              }
            },
            "keywords" : [
              "安裝",
              "失敗"
            ],
            "channel" : "System",
            "event_data" : {
              "updateRevisionNumber" : "203",
              "updateGuid" : "{948292b8-ab66-4897-b435-e1e2f10e21f4}",
              "serviceGuid" : "{9482f4b4-e343-43b6-b170-9a65bc822c77}",
              "errorCode" : "0x80240020",
              "updateTitle" : "Feature update to Windows 10, version 1709"
            },
            "opcode" : "安裝",
            "version" : 1,
            "record_id" : 1921,
            "event_id" : "20",
            "task" : "Windows Update 代理程式",
            "provider_guid" : "{945a8954-c147-4acd-923f-40c45405a658}",
            "api" : "wineventlog",
            "provider_name" : "Microsoft-Windows-WindowsUpdateClient",
            "user" : {
              "identifier" : "S-1-5-18",
              "domain" : "NT AUTHORITY",
              "name" : "SYSTEM",
              "type" : "Well Known Group"
            }
          },
          "ecs" : {
            "version" : "8.0.0"
          },
          "log" : {
            "file" : {
              "path" : "D:\\AIXSOAR\\IDS_2018\\logs_2018-02-16\\DESKTOP-AN3U28N-172.31.64.54.evtx"
            },
            "level" : "錯誤"
          },
          "host" : {
            "os" : {
              "type" : "windows",
              "family" : "windows"
            },
            "name" : "DESKTOP-AN3U28N"
          },
          "event" : {
            "ingested" : "2024-03-29T07:30:49.016586531Z",
            "code" : "20",
            "provider" : "Microsoft-Windows-WindowsUpdateClient",
            "created" : "2024-03-29T07:30:48.138Z",
            "kind" : "event",
            "action" : "Windows Update 代理程式"
          },
          "message" : "安裝失敗: Windows 無法安裝下列更新，錯誤 0x80240020: Feature update to Windows 10, version 1709。"
        }
      },
      {
        "_index" : "ids-2018-172.31.64.54",
        "_id" : "1fgeiY4B6U4O_9c5UJJB",
        "_score" : 0.0,
        "_source" : {
          "agent" : {
            "name" : "CHPIYR2",
            "id" : "60d66234-2dc5-408a-9a6e-a0a6278a7ae3",
            "type" : "winlogbeat",
            "ephemeral_id" : "cbc62cd6-a758-4639-8eeb-85bf53ffa004",
            "version" : "8.11.3"
          },
          "@timestamp" : "2018-01-26T17:58:07.258Z",
          "winlog" : {
            "computer_name" : "DESKTOP-AN3U28N",
            "process" : {
              "pid" : 680,
              "thread" : {
                "id" : 1180
              }
            },
            "keywords" : [
              "傳統"
            ],
            "channel" : "System",
            "event_data" : {
              "param3" : "demand start",
              "param4" : "BITS",
              "param1" : "Background Intelligent Transfer Service",
              "param2" : "auto start"
            },
            "opcode" : "Info",
            "record_id" : 1922,
            "task" : "None",
            "event_id" : "7040",
            "provider_guid" : "{555908d1-a6d7-4695-8e1e-26931d2012f4}",
            "api" : "wineventlog",
            "provider_name" : "Service Control Manager",
            "user" : {
              "identifier" : "S-1-5-18",
              "domain" : "NT AUTHORITY",
              "name" : "SYSTEM",
              "type" : "Well Known Group"
            }
          },
          "ecs" : {
            "version" : "8.0.0"
          },
          "log" : {
            "file" : {
              "path" : "D:\\AIXSOAR\\IDS_2018\\logs_2018-02-16\\DESKTOP-AN3U28N-172.31.64.54.evtx"
            },
            "level" : "資訊"
          },
          "host" : {
            "os" : {
              "type" : "windows",
              "family" : "windows"
            },
            "name" : "DESKTOP-AN3U28N"
          },
          "message" : "Background Intelligent Transfer Service 服務的啟動類型已從 auto start 變更為 demand start。",
          "event" : {
            "ingested" : "2024-03-29T07:30:49.016650256Z",
            "code" : "7040",
            "provider" : "Service Control Manager",
            "created" : "2024-03-29T07:30:48.138Z",
            "kind" : "event",
            "action" : "None"
          }
        }
      },
      {
        "_index" : "ids-2018-172.31.64.54",
        "_id" : "tPgeiY4B6U4O_9c52p3A",
        "_score" : 0.0,
        "_ignored" : [
          "winlog.event_data.Binary.keyword"
        ],
        "_source" : {
          "agent" : {
            "name" : "CHPIYR2",
            "id" : "60d66234-2dc5-408a-9a6e-a0a6278a7ae3",
            "ephemeral_id" : "c6ebe2c3-8b53-4b62-91bb-78491404bbe4",
            "type" : "winlogbeat",
            "version" : "8.11.3"
          },
          "@timestamp" : "2018-01-26T16:00:00.000Z",
          "winlog" : {
            "record_id" : 1886,
            "computer_name" : "DESKTOP-AN3U28N",
            "event_id" : "6013",
            "task" : "None",
            "keywords" : [
              "傳統"
            ],
            "channel" : "System",
            "api" : "wineventlog",
            "event_data" : {
              "param7" : "240 Atlantic Standard Time",
              "param5" : "12069",
              "param6" : "60",
              "Binary" : "31002E003100000030000000570069006E0064006F00770073002000310030002000500072006F000000310030002E0030002E003100300032003400300020004200750069006C0064002000310030003200340030002000200000004D0075006C0074006900700072006F0063006500730073006F007200200046007200650065000000310030003200340030002E007400680031002E003100350030003700300039002D00310037003000300000003500610032003600620065003300630000004E006F007400200041007600610069006C00610062006C00650000004E006F007400200041007600610069006C00610062006C006500000039000000310000003100300032003400000034003000390000004400450053004B0054004F0050002D0041004E0033005500320038004E0000000000"
            },
            "provider_name" : "EventLog"
          },
          "ecs" : {
            "version" : "8.0.0"
          },
          "log" : {
            "file" : {
              "path" : "D:\\AIXSOAR\\IDS_2018\\logs_2018-02-23\\DESKTOP-AN3U28N-172.31.64.54.evtx"
            },
            "level" : "資訊"
          },
          "host" : {
            "os" : {
              "type" : "windows",
              "family" : "windows"
            },
            "name" : "DESKTOP-AN3U28N"
          },
          "event" : {
            "ingested" : "2024-03-29T07:31:24.479549092Z",
            "code" : "6013",
            "provider" : "EventLog",
            "created" : "2024-03-29T07:31:23.550Z",
            "kind" : "event",
            "action" : "None"
          },
          "message" : "系統執行時間是 12069 秒。"
        }
      },
      {
        "_index" : "ids-2018-172.31.64.54",
        "_id" : "tfgeiY4B6U4O_9c52p3A",
        "_score" : 0.0,
        "_source" : {
          "agent" : {
            "name" : "CHPIYR2",
            "id" : "60d66234-2dc5-408a-9a6e-a0a6278a7ae3",
            "type" : "winlogbeat",
            "ephemeral_id" : "c6ebe2c3-8b53-4b62-91bb-78491404bbe4",
            "version" : "8.11.3"
          },
          "@timestamp" : "2018-01-26T16:10:01.149Z",
          "winlog" : {
            "computer_name" : "DESKTOP-AN3U28N",
            "process" : {
              "pid" : 680,
              "thread" : {
                "id" : 976
              }
            },
            "keywords" : [
              "傳統"
            ],
            "channel" : "System",
            "event_data" : {
              "param3" : "demand start",
              "param4" : "wuauserv",
              "param1" : "Windows Update",
              "param2" : "disabled"
            },
            "opcode" : "Info",
            "record_id" : 1887,
            "task" : "None",
            "event_id" : "7040",
            "provider_guid" : "{555908d1-a6d7-4695-8e1e-26931d2012f4}",
            "api" : "wineventlog",
            "provider_name" : "Service Control Manager",
            "user" : {
              "identifier" : "S-1-5-18",
              "domain" : "NT AUTHORITY",
              "name" : "SYSTEM",
              "type" : "Well Known Group"
            }
          },
          "ecs" : {
            "version" : "8.0.0"
          },
          "log" : {
            "file" : {
              "path" : "D:\\AIXSOAR\\IDS_2018\\logs_2018-02-23\\DESKTOP-AN3U28N-172.31.64.54.evtx"
            },
            "level" : "資訊"
          },
          "host" : {
            "os" : {
              "type" : "windows",
              "family" : "windows"
            },
            "name" : "DESKTOP-AN3U28N"
          },
          "message" : "Windows Update 服務的啟動類型已從 disabled 變更為 demand start。",
          "event" : {
            "ingested" : "2024-03-29T07:31:24.479600245Z",
            "code" : "7040",
            "provider" : "Service Control Manager",
            "kind" : "event",
            "created" : "2024-03-29T07:31:23.550Z",
            "action" : "None"
          }
        }
      },
      {
        "_index" : "ids-2018-172.31.64.54",
        "_id" : "tvgeiY4B6U4O_9c52p3A",
        "_score" : 0.0,
        "_source" : {
          "agent" : {
            "name" : "CHPIYR2",
            "id" : "60d66234-2dc5-408a-9a6e-a0a6278a7ae3",
            "type" : "winlogbeat",
            "ephemeral_id" : "c6ebe2c3-8b53-4b62-91bb-78491404bbe4",
            "version" : "8.11.3"
          },
          "@timestamp" : "2018-01-26T16:28:02.597Z",
          "winlog" : {
            "computer_name" : "DESKTOP-AN3U28N",
            "process" : {
              "pid" : 680,
              "thread" : {
                "id" : 1180
              }
            },
            "keywords" : [
              "傳統"
            ],
            "channel" : "System",
            "event_data" : {
              "param3" : "auto start",
              "param4" : "BITS",
              "param1" : "Background Intelligent Transfer Service",
              "param2" : "demand start"
            },
            "opcode" : "Info",
            "record_id" : 1888,
            "task" : "None",
            "event_id" : "7040",
            "provider_guid" : "{555908d1-a6d7-4695-8e1e-26931d2012f4}",
            "api" : "wineventlog",
            "provider_name" : "Service Control Manager",
            "user" : {
              "identifier" : "S-1-5-18",
              "domain" : "NT AUTHORITY",
              "name" : "SYSTEM",
              "type" : "Well Known Group"
            }
          },
          "ecs" : {
            "version" : "8.0.0"
          },
          "log" : {
            "file" : {
              "path" : "D:\\AIXSOAR\\IDS_2018\\logs_2018-02-23\\DESKTOP-AN3U28N-172.31.64.54.evtx"
            },
            "level" : "資訊"
          },
          "host" : {
            "os" : {
              "type" : "windows",
              "family" : "windows"
            },
            "name" : "DESKTOP-AN3U28N"
          },
          "event" : {
            "ingested" : "2024-03-29T07:31:24.479655237Z",
            "code" : "7040",
            "provider" : "Service Control Manager",
            "created" : "2024-03-29T07:31:23.550Z",
            "kind" : "event",
            "action" : "None"
          },
          "message" : "Background Intelligent Transfer Service 服務的啟動類型已從 demand start 變更為 auto start。"
        }
      },
      {
        "_index" : "ids-2018-172.31.64.54",
        "_id" : "t_geiY4B6U4O_9c52p3A",
        "_score" : 0.0,
        "_source" : {
          "agent" : {
            "name" : "CHPIYR2",
            "id" : "60d66234-2dc5-408a-9a6e-a0a6278a7ae3",
            "ephemeral_id" : "c6ebe2c3-8b53-4b62-91bb-78491404bbe4",
            "type" : "winlogbeat",
            "version" : "8.11.3"
          },
          "@timestamp" : "2018-01-26T16:28:05.082Z",
          "winlog" : {
            "computer_name" : "DESKTOP-AN3U28N",
            "process" : {
              "pid" : 808,
              "thread" : {
                "id" : 4752
              }
            },
            "keywords" : [
              "下載",
              "已開始"
            ],
            "channel" : "System",
            "event_data" : {
              "updateRevisionNumber" : "209",
              "updateGuid" : "{4c30a41c-c973-40a1-8657-ce70ce82a45a}",
              "updateTitle" : "Update for Windows 10 for x64-based Systems (KB4023814)"
            },
            "opcode" : "下載",
            "version" : 1,
            "record_id" : 1889,
            "task" : "Windows Update 代理程式",
            "event_id" : "44",
            "provider_guid" : "{945a8954-c147-4acd-923f-40c45405a658}",
            "api" : "wineventlog",
            "provider_name" : "Microsoft-Windows-WindowsUpdateClient",
            "user" : {
              "identifier" : "S-1-5-18",
              "domain" : "NT AUTHORITY",
              "name" : "SYSTEM",
              "type" : "Well Known Group"
            }
          },
          "ecs" : {
            "version" : "8.0.0"
          },
          "log" : {
            "file" : {
              "path" : "D:\\AIXSOAR\\IDS_2018\\logs_2018-02-23\\DESKTOP-AN3U28N-172.31.64.54.evtx"
            },
            "level" : "資訊"
          },
          "host" : {
            "os" : {
              "type" : "windows",
              "family" : "windows"
            },
            "name" : "DESKTOP-AN3U28N"
          },
          "event" : {
            "ingested" : "2024-03-29T07:31:24.479708620Z",
            "code" : "44",
            "provider" : "Microsoft-Windows-WindowsUpdateClient",
            "kind" : "event",
            "created" : "2024-03-29T07:31:23.550Z",
            "action" : "Windows Update 代理程式"
          },
          "message" : "Windows Update 已開始下載更新。"
        }
      },
      {
        "_index" : "ids-2018-172.31.64.54",
        "_id" : "uPgeiY4B6U4O_9c52p3A",
        "_score" : 0.0,
        "_source" : {
          "agent" : {
            "name" : "CHPIYR2",
            "id" : "60d66234-2dc5-408a-9a6e-a0a6278a7ae3",
            "type" : "winlogbeat",
            "ephemeral_id" : "c6ebe2c3-8b53-4b62-91bb-78491404bbe4",
            "version" : "8.11.3"
          },
          "@timestamp" : "2018-01-26T16:28:05.082Z",
          "winlog" : {
            "computer_name" : "DESKTOP-AN3U28N",
            "process" : {
              "pid" : 808,
              "thread" : {
                "id" : 4752
              }
            },
            "keywords" : [
              "下載",
              "已開始"
            ],
            "channel" : "System",
            "event_data" : {
              "updateRevisionNumber" : "200",
              "updateGuid" : "{5c659f95-0c6e-4c0d-a72c-977b0ff1a828}",
              "updateTitle" : "Update for Windows 10 for x64-based Systems (KB4023057)"
            },
            "opcode" : "下載",
            "version" : 1,
            "record_id" : 1890,
            "task" : "Windows Update 代理程式",
            "event_id" : "44",
            "provider_guid" : "{945a8954-c147-4acd-923f-40c45405a658}",
            "api" : "wineventlog",
            "provider_name" : "Microsoft-Windows-WindowsUpdateClient",
            "user" : {
              "identifier" : "S-1-5-18",
              "domain" : "NT AUTHORITY",
              "name" : "SYSTEM",
              "type" : "Well Known Group"
            }
          },
          "ecs" : {
            "version" : "8.0.0"
          },
          "log" : {
            "file" : {
              "path" : "D:\\AIXSOAR\\IDS_2018\\logs_2018-02-23\\DESKTOP-AN3U28N-172.31.64.54.evtx"
            },
            "level" : "資訊"
          },
          "host" : {
            "os" : {
              "type" : "windows",
              "family" : "windows"
            },
            "name" : "DESKTOP-AN3U28N"
          },
          "event" : {
            "ingested" : "2024-03-29T07:31:24.479762905Z",
            "code" : "44",
            "provider" : "Microsoft-Windows-WindowsUpdateClient",
            "created" : "2024-03-29T07:31:23.550Z",
            "kind" : "event",
            "action" : "Windows Update 代理程式"
          },
          "message" : "Windows Update 已開始下載更新。"
        }
      },
      {
        "_index" : "ids-2018-172.31.64.54",
        "_id" : "ufgeiY4B6U4O_9c52p3A",
        "_score" : 0.0,
        "_source" : {
          "agent" : {
            "name" : "CHPIYR2",
            "id" : "60d66234-2dc5-408a-9a6e-a0a6278a7ae3",
            "ephemeral_id" : "c6ebe2c3-8b53-4b62-91bb-78491404bbe4",
            "type" : "winlogbeat",
            "version" : "8.11.3"
          },
          "@timestamp" : "2018-01-26T16:28:05.082Z",
          "winlog" : {
            "computer_name" : "DESKTOP-AN3U28N",
            "process" : {
              "pid" : 808,
              "thread" : {
                "id" : 4752
              }
            },
            "keywords" : [
              "下載",
              "已開始"
            ],
            "channel" : "System",
            "event_data" : {
              "updateRevisionNumber" : "200",
              "updateGuid" : "{5bbc41ce-9001-4792-abec-9dbae0b937fc}",
              "updateTitle" : "Definition Update for Windows Defender Antivirus - KB2267602 (Definition 1.261.301.0)"
            },
            "opcode" : "下載",
            "version" : 1,
            "record_id" : 1891,
            "event_id" : "44",
            "task" : "Windows Update 代理程式",
            "provider_guid" : "{945a8954-c147-4acd-923f-40c45405a658}",
            "api" : "wineventlog",
            "provider_name" : "Microsoft-Windows-WindowsUpdateClient",
            "user" : {
              "identifier" : "S-1-5-18",
              "domain" : "NT AUTHORITY",
              "name" : "SYSTEM",
              "type" : "Well Known Group"
            }
          },
          "ecs" : {
            "version" : "8.0.0"
          },
          "log" : {
            "file" : {
              "path" : "D:\\AIXSOAR\\IDS_2018\\logs_2018-02-23\\DESKTOP-AN3U28N-172.31.64.54.evtx"
            },
            "level" : "資訊"
          },
          "host" : {
            "os" : {
              "type" : "windows",
              "family" : "windows"
            },
            "name" : "DESKTOP-AN3U28N"
          },
          "event" : {
            "ingested" : "2024-03-29T07:31:24.479816786Z",
            "code" : "44",
            "provider" : "Microsoft-Windows-WindowsUpdateClient",
            "created" : "2024-03-29T07:31:23.550Z",
            "kind" : "event",
            "action" : "Windows Update 代理程式"
          },
          "message" : "Windows Update 已開始下載更新。"
        }
      },
