      {
        "_index" : "ids-2018-172.31.64.54",
        "_id" : "V_geiY4B6U4O_9c51pwP",
        "_score" : 0.0,
        "_source" : {
          "agent" : {
            "name" : "CHPIYR2",
            "id" : "60d66234-2dc5-408a-9a6e-a0a6278a7ae3",
            "ephemeral_id" : "c6ebe2c3-8b53-4b62-91bb-78491404bbe4",
            "type" : "winlogbeat",
            "version" : "8.11.3"
          },
          "@timestamp" : "2018-01-23T17:29:27.343Z",
          "winlog" : {
            "computer_name" : "DESKTOP-AN3U28N",
            "process" : {
              "pid" : 4,
              "thread" : {
                "id" : 8
              }
            },
            "channel" : "System",
            "event_data" : {
              "ExtraInfoLength" : "192",
              "DeviceVersionMinor" : "0",
              "DeviceTime" : "2015-07-09T23:14:57.0000000Z",
              "ExtraInfoString" : "{ \"flags\" : \"0x00000010\" , \"registration_version\" : \"0x00000203\" , \"tx\" : false , \"sections\" : false , \"frame\" : 0 , \"class_name\" : \"FSFilter Bottom\" , \"instances\" : [[\"45000\",\"0x00000000\"]] }",
              "DeviceVersionMajor" : "10",
              "DeviceNameLength" : "8",
              "FinalStatus" : "0x0",
              "FilterID" : "{02000000-0001-0000-88fd-02b86f94d301}",
              "DeviceName" : "FileInfo"
            },
            "opcode" : "資訊",
            "version" : 1,
            "record_id" : 1537,
            "event_id" : "6",
            "task" : "None",
            "provider_guid" : "{f3c5e28e-63f6-49c7-a204-e48a1bc4b09d}",
            "api" : "wineventlog",
            "provider_name" : "Microsoft-Windows-FilterManager",
            "user" : {
              "identifier" : "S-1-5-18",
              "domain" : "NT AUTHORITY",
              "name" : "SYSTEM",
              "type" : "Well Known Group"
            }
          },
          "ecs" : {
            "version" : "8.0.0"
          },
          "log" : {
            "file" : {
              "path" : "D:\\AIXSOAR\\IDS_2018\\logs_2018-02-23\\DESKTOP-AN3U28N-172.31.64.54.evtx"
            },
            "level" : "資訊"
          },
          "host" : {
            "os" : {
              "type" : "windows",
              "family" : "windows"
            },
            "name" : "DESKTOP-AN3U28N"
          },
          "event" : {
            "ingested" : "2024-03-29T07:31:23.278610775Z",
            "code" : "6",
            "provider" : "Microsoft-Windows-FilterManager",
            "created" : "2024-03-29T07:31:23.142Z",
            "kind" : "event",
            "action" : "None"
          }
        }
      },
      {
        "_index" : "ids-2018-172.31.64.54",
        "_id" : "WPgeiY4B6U4O_9c51pwP",
        "_score" : 0.0,
        "_source" : {
          "agent" : {
            "name" : "CHPIYR2",
            "id" : "60d66234-2dc5-408a-9a6e-a0a6278a7ae3",
            "type" : "winlogbeat",
            "ephemeral_id" : "c6ebe2c3-8b53-4b62-91bb-78491404bbe4",
            "version" : "8.11.3"
          },
          "@timestamp" : "2018-01-23T17:29:27.344Z",
          "winlog" : {
            "computer_name" : "DESKTOP-AN3U28N",
            "process" : {
              "pid" : 4,
              "thread" : {
                "id" : 8
              }
            },
            "channel" : "System",
            "event_data" : {
              "ExtraInfoLength" : "196",
              "DeviceVersionMinor" : "0",
              "DeviceTime" : "2015-07-09T23:15:05.0000000Z",
              "ExtraInfoString" : "{ \"flags\" : \"0x00000010\" , \"registration_version\" : \"0x00000203\" , \"tx\" : true , \"sections\" : false , \"frame\" : 0 , \"class_name\" : \"FSFilter Compression\" , \"instances\" : [[\"40700\",\"0x00000000\"]] }",
              "DeviceVersionMajor" : "10",
              "DeviceNameLength" : "3",
              "FinalStatus" : "0x0",
              "FilterID" : "{02000000-0002-0000-88fd-02b86f94d301}",
              "DeviceName" : "Wof"
            },
            "opcode" : "資訊",
            "version" : 1,
            "record_id" : 1538,
            "task" : "None",
            "event_id" : "6",
            "provider_guid" : "{f3c5e28e-63f6-49c7-a204-e48a1bc4b09d}",
            "api" : "wineventlog",
            "provider_name" : "Microsoft-Windows-FilterManager",
            "user" : {
              "identifier" : "S-1-5-18",
              "domain" : "NT AUTHORITY",
              "name" : "SYSTEM",
              "type" : "Well Known Group"
            }
          },
          "ecs" : {
            "version" : "8.0.0"
          },
          "log" : {
            "file" : {
              "path" : "D:\\AIXSOAR\\IDS_2018\\logs_2018-02-23\\DESKTOP-AN3U28N-172.31.64.54.evtx"
            },
            "level" : "資訊"
          },
          "host" : {
            "os" : {
              "type" : "windows",
              "family" : "windows"
            },
            "name" : "DESKTOP-AN3U28N"
          },
          "event" : {
            "ingested" : "2024-03-29T07:31:23.278677008Z",
            "code" : "6",
            "provider" : "Microsoft-Windows-FilterManager",
            "kind" : "event",
            "created" : "2024-03-29T07:31:23.142Z",
            "action" : "None"
          }
        }
      },
      {
        "_index" : "ids-2018-172.31.64.54",
        "_id" : "WfgeiY4B6U4O_9c51pwP",
        "_score" : 0.0,
        "_source" : {
          "agent" : {
            "name" : "CHPIYR2",
            "id" : "60d66234-2dc5-408a-9a6e-a0a6278a7ae3",
            "type" : "winlogbeat",
            "ephemeral_id" : "c6ebe2c3-8b53-4b62-91bb-78491404bbe4",
            "version" : "8.11.3"
          },
          "@timestamp" : "2018-01-23T17:29:27.344Z",
          "winlog" : {
            "computer_name" : "DESKTOP-AN3U28N",
            "process" : {
              "pid" : 4,
              "thread" : {
                "id" : 8
              }
            },
            "channel" : "System",
            "event_data" : {
              "ExtraInfoLength" : "196",
              "DeviceVersionMinor" : "0",
              "DeviceTime" : "2015-07-09T23:19:05.0000000Z",
              "ExtraInfoString" : "{ \"flags\" : \"0x00000010\" , \"registration_version\" : \"0x00000203\" , \"tx\" : true , \"sections\" : false , \"frame\" : 0 , \"class_name\" : \"FSFilter Anti-Virus\" , \"instances\" : [[\"328010\",\"0x00000000\"]] }",
              "DeviceVersionMajor" : "10",
              "DeviceNameLength" : "8",
              "FilterID" : "{02000000-0003-0000-88fd-02b86f94d301}",
              "FinalStatus" : "0x0",
              "DeviceName" : "WdFilter"
            },
            "opcode" : "資訊",
            "version" : 1,
            "record_id" : 1539,
            "task" : "None",
            "event_id" : "6",
            "provider_guid" : "{f3c5e28e-63f6-49c7-a204-e48a1bc4b09d}",
            "api" : "wineventlog",
            "provider_name" : "Microsoft-Windows-FilterManager",
            "user" : {
              "identifier" : "S-1-5-18",
              "domain" : "NT AUTHORITY",
              "name" : "SYSTEM",
              "type" : "Well Known Group"
            }
          },
          "ecs" : {
            "version" : "8.0.0"
          },
          "log" : {
            "file" : {
              "path" : "D:\\AIXSOAR\\IDS_2018\\logs_2018-02-23\\DESKTOP-AN3U28N-172.31.64.54.evtx"
            },
            "level" : "資訊"
          },
          "host" : {
            "os" : {
              "type" : "windows",
              "family" : "windows"
            },
            "name" : "DESKTOP-AN3U28N"
          },
          "event" : {
            "ingested" : "2024-03-29T07:31:23.278742055Z",
            "code" : "6",
            "provider" : "Microsoft-Windows-FilterManager",
            "kind" : "event",
            "created" : "2024-03-29T07:31:23.142Z",
            "action" : "None"
          }
        }
      },
      {
        "_index" : "ids-2018-172.31.64.54",
        "_id" : "WvgeiY4B6U4O_9c51pwP",
        "_score" : 0.0,
        "_source" : {
          "agent" : {
            "name" : "CHPIYR2",
            "id" : "60d66234-2dc5-408a-9a6e-a0a6278a7ae3",
            "type" : "winlogbeat",
            "ephemeral_id" : "c6ebe2c3-8b53-4b62-91bb-78491404bbe4",
            "version" : "8.11.3"
          },
          "@timestamp" : "2018-01-23T17:29:27.656Z",
          "winlog" : {
            "computer_name" : "DESKTOP-AN3U28N",
            "process" : {
              "pid" : 4,
              "thread" : {
                "id" : 184
              }
            },
            "keywords" : [
              "VolumeCorruptionActionStateChange"
            ],
            "channel" : "System",
            "event_data" : {
              "DriveName" : "C:",
              "CorruptionActionState" : "0",
              "DeviceName" : "\\Device\\HarddiskVolume2"
            },
            "opcode" : "資訊",
            "record_id" : 1540,
            "task" : "None",
            "event_id" : "98",
            "provider_guid" : "{3ff37a1c-a68d-4d6e-8c9b-f79e8b16c482}",
            "api" : "wineventlog",
            "provider_name" : "Microsoft-Windows-Ntfs",
            "user" : {
              "identifier" : "S-1-5-18",
              "domain" : "NT AUTHORITY",
              "name" : "SYSTEM",
              "type" : "Well Known Group"
            }
          },
          "ecs" : {
            "version" : "8.0.0"
          },
          "log" : {
            "file" : {
              "path" : "D:\\AIXSOAR\\IDS_2018\\logs_2018-02-23\\DESKTOP-AN3U28N-172.31.64.54.evtx"
            },
            "level" : "資訊"
          },
          "host" : {
            "os" : {
              "type" : "windows",
              "family" : "windows"
            },
            "name" : "DESKTOP-AN3U28N"
          },
          "message" : "磁碟區 C: (\\Device\\HarddiskVolume2) 的健康情況良好。不需要採取任何動作。",
          "event" : {
            "ingested" : "2024-03-29T07:31:23.278801960Z",
            "code" : "98",
            "provider" : "Microsoft-Windows-Ntfs",
            "kind" : "event",
            "created" : "2024-03-29T07:31:23.142Z",
            "action" : "None"
          }
        }
      },
      {
        "_index" : "ids-2018-172.31.64.54",
        "_id" : "W_geiY4B6U4O_9c51pwP",
        "_score" : 0.0,
        "_source" : {
          "agent" : {
            "name" : "CHPIYR2",
            "id" : "60d66234-2dc5-408a-9a6e-a0a6278a7ae3",
            "ephemeral_id" : "c6ebe2c3-8b53-4b62-91bb-78491404bbe4",
            "type" : "winlogbeat",
            "version" : "8.11.3"
          },
          "@timestamp" : "2018-01-23T17:29:27.851Z",
          "winlog" : {
            "computer_name" : "DESKTOP-AN3U28N",
            "process" : {
              "pid" : 4,
              "thread" : {
                "id" : 8
              }
            },
            "channel" : "System",
            "event_data" : {
              "ExtraInfoLength" : "197",
              "DeviceVersionMinor" : "0",
              "DeviceTime" : "2015-07-09T23:14:31.0000000Z",
              "ExtraInfoString" : "{ \"flags\" : \"0x00000000\" , \"registration_version\" : \"0x00000203\" , \"tx\" : false , \"sections\" : false , \"frame\" : 0 , \"class_name\" : \"FSFilter Encryption\" , \"instances\" : [[\"141100\",\"0x00000000\"]] }",
              "DeviceVersionMajor" : "10",
              "DeviceNameLength" : "9",
              "FilterID" : "{02000000-0005-0000-2aab-51b86f94d301}",
              "FinalStatus" : "0x0",
              "DeviceName" : "FileCrypt"
            },
            "opcode" : "資訊",
            "version" : 1,
            "record_id" : 1541,
            "task" : "None",
            "event_id" : "6",
            "provider_guid" : "{f3c5e28e-63f6-49c7-a204-e48a1bc4b09d}",
            "api" : "wineventlog",
            "provider_name" : "Microsoft-Windows-FilterManager",
            "user" : {
              "identifier" : "S-1-5-18",
              "domain" : "NT AUTHORITY",
              "name" : "SYSTEM",
              "type" : "Well Known Group"
            }
          },
          "ecs" : {
            "version" : "8.0.0"
          },
          "log" : {
            "file" : {
              "path" : "D:\\AIXSOAR\\IDS_2018\\logs_2018-02-23\\DESKTOP-AN3U28N-172.31.64.54.evtx"
            },
            "level" : "資訊"
          },
          "host" : {
            "os" : {
              "type" : "windows",
              "family" : "windows"
            },
            "name" : "DESKTOP-AN3U28N"
          },
          "event" : {
            "ingested" : "2024-03-29T07:31:23.278861438Z",
            "code" : "6",
            "provider" : "Microsoft-Windows-FilterManager",
            "created" : "2024-03-29T07:31:23.142Z",
            "kind" : "event",
            "action" : "None"
          }
        }
      },
      {
        "_index" : "ids-2018-172.31.64.54",
        "_id" : "XPgeiY4B6U4O_9c51pwP",
        "_score" : 0.0,
        "_source" : {
          "agent" : {
            "name" : "CHPIYR2",
            "id" : "60d66234-2dc5-408a-9a6e-a0a6278a7ae3",
            "ephemeral_id" : "c6ebe2c3-8b53-4b62-91bb-78491404bbe4",
            "type" : "winlogbeat",
            "version" : "8.11.3"
          },
          "@timestamp" : "2018-01-23T17:29:27.901Z",
          "winlog" : {
            "computer_name" : "DESKTOP-AN3U28N",
            "process" : {
              "pid" : 4,
              "thread" : {
                "id" : 8
              }
            },
            "channel" : "System",
            "event_data" : {
              "ExtraInfoLength" : "183",
              "DeviceVersionMinor" : "0",
              "DeviceTime" : "2015-07-09T23:14:31.0000000Z",
              "ExtraInfoString" : "{ \"flags\" : \"0x00000008\" , \"registration_version\" : \"0x00000203\" , \"tx\" : false , \"sections\" : false , \"frame\" : 0 , \"class_name\" : \"(null)\" , \"instances\" : [[\"46000\",\"0x00000000\"]] }",
              "DeviceVersionMajor" : "10",
              "DeviceNameLength" : "9",
              "FinalStatus" : "0x0",
              "FilterID" : "{02000000-0006-0000-2cd2-58b86f94d301}",
              "DeviceName" : "npsvctrig"
            },
            "opcode" : "資訊",
            "version" : 1,
            "record_id" : 1542,
            "task" : "None",
            "event_id" : "6",
            "provider_guid" : "{f3c5e28e-63f6-49c7-a204-e48a1bc4b09d}",
            "api" : "wineventlog",
            "provider_name" : "Microsoft-Windows-FilterManager",
            "user" : {
              "identifier" : "S-1-5-18",
              "domain" : "NT AUTHORITY",
              "name" : "SYSTEM",
              "type" : "Well Known Group"
            }
          },
          "ecs" : {
            "version" : "8.0.0"
          },
          "log" : {
            "file" : {
              "path" : "D:\\AIXSOAR\\IDS_2018\\logs_2018-02-23\\DESKTOP-AN3U28N-172.31.64.54.evtx"
            },
            "level" : "資訊"
          },
          "host" : {
            "os" : {
              "type" : "windows",
              "family" : "windows"
            },
            "name" : "DESKTOP-AN3U28N"
          },
          "event" : {
            "ingested" : "2024-03-29T07:31:23.278918567Z",
            "code" : "6",
            "provider" : "Microsoft-Windows-FilterManager",
            "created" : "2024-03-29T07:31:23.142Z",
            "kind" : "event",
            "action" : "None"
          }
        }
      },
      {
        "_index" : "ids-2018-172.31.64.54",
        "_id" : "XfgeiY4B6U4O_9c51pwP",
        "_score" : 0.0,
        "_source" : {
          "agent" : {
            "name" : "CHPIYR2",
            "id" : "60d66234-2dc5-408a-9a6e-a0a6278a7ae3",
            "type" : "winlogbeat",
            "ephemeral_id" : "c6ebe2c3-8b53-4b62-91bb-78491404bbe4",
            "version" : "8.11.3"
          },
          "@timestamp" : "2018-01-23T17:29:27.977Z",
          "winlog" : {
            "record_id" : 1543,
            "computer_name" : "DESKTOP-AN3U28N",
            "process" : {
              "pid" : 4,
              "thread" : {
                "id" : 168
              }
            },
            "event_id" : "55",
            "task" : "Summary2",
            "provider_guid" : "{0f67e49f-fe51-4e9f-b490-6f2948cc6027}",
            "channel" : "System",
            "event_data" : {
              "Group" : "0",
              "Number" : "0",
              "MaximumPerformancePercent" : "100",
              "MinimumThrottlePercent" : "100",
              "MinimumPerformancePercent" : "100",
              "IdleImplementation" : "1",
              "NominalFrequency" : "2400",
              "PerformanceImplementation" : "0",
              "IdleStateCount" : "1"
            },
            "api" : "wineventlog",
            "opcode" : "資訊",
            "provider_name" : "Microsoft-Windows-Kernel-Processor-Power",
            "user" : {
              "identifier" : "S-1-5-18",
              "domain" : "NT AUTHORITY",
              "name" : "SYSTEM",
              "type" : "Well Known Group"
            }
          },
          "ecs" : {
            "version" : "8.0.0"
          },
          "log" : {
            "file" : {
              "path" : "D:\\AIXSOAR\\IDS_2018\\logs_2018-02-23\\DESKTOP-AN3U28N-172.31.64.54.evtx"
            },
            "level" : "資訊"
          },
          "host" : {
            "os" : {
              "type" : "windows",
              "family" : "windows"
            },
            "name" : "DESKTOP-AN3U28N"
          },
          "event" : {
            "ingested" : "2024-03-29T07:31:23.278978795Z",
            "code" : "55",
            "provider" : "Microsoft-Windows-Kernel-Processor-Power",
            "created" : "2024-03-29T07:31:23.142Z",
            "kind" : "event",
            "action" : "Summary2"
          },
          "message" : "群組 0 中的處理器 0 公開下列電源管理功能:\n\n閒置狀態類型: ACPI 閒置 (C) 狀態 (1 狀態)\n\n效能狀態類型: 無\n額定頻率 (MHz): 2400\n最大效能百分比: 100\n最小效能百分比: 100\n最小節流百分比: 100"
        }
      },
      {
        "_index" : "ids-2018-172.31.64.54",
        "_id" : "XvgeiY4B6U4O_9c51pwP",
        "_score" : 0.0,
        "_source" : {
          "agent" : {
            "name" : "CHPIYR2",
            "id" : "60d66234-2dc5-408a-9a6e-a0a6278a7ae3",
            "type" : "winlogbeat",
            "ephemeral_id" : "c6ebe2c3-8b53-4b62-91bb-78491404bbe4",
            "version" : "8.11.3"
          },
          "@timestamp" : "2018-01-23T17:29:30.325Z",
          "winlog" : {
            "computer_name" : "DESKTOP-AN3U28N",
            "process" : {
              "pid" : 4,
              "thread" : {
                "id" : 188
              }
            },
            "keywords" : [
              "VolumeCorruptionActionStateChange"
            ],
            "channel" : "System",
            "event_data" : {
              "DriveName" : "\\\\?\\Volume{4a6ec97e-0000-0000-0000-100000000000}",
              "CorruptionActionState" : "0",
              "DeviceName" : "\\Device\\HarddiskVolume1"
            },
            "opcode" : "資訊",
            "record_id" : 1544,
            "event_id" : "98",
            "task" : "None",
            "provider_guid" : "{3ff37a1c-a68d-4d6e-8c9b-f79e8b16c482}",
            "api" : "wineventlog",
            "provider_name" : "Microsoft-Windows-Ntfs",
            "user" : {
              "identifier" : "S-1-5-18",
              "domain" : "NT AUTHORITY",
              "name" : "SYSTEM",
              "type" : "Well Known Group"
            }
          },
          "ecs" : {
            "version" : "8.0.0"
          },
          "log" : {
            "file" : {
              "path" : "D:\\AIXSOAR\\IDS_2018\\logs_2018-02-23\\DESKTOP-AN3U28N-172.31.64.54.evtx"
            },
            "level" : "資訊"
          },
          "host" : {
            "os" : {
              "type" : "windows",
              "family" : "windows"
            },
            "name" : "DESKTOP-AN3U28N"
          },
          "event" : {
            "ingested" : "2024-03-29T07:31:23.279187670Z",
            "code" : "98",
            "provider" : "Microsoft-Windows-Ntfs",
            "kind" : "event",
            "created" : "2024-03-29T07:31:23.142Z",
            "action" : "None"
          },
          "message" : "磁碟區 \\\\?\\Volume{4a6ec97e-0000-0000-0000-100000000000} (\\Device\\HarddiskVolume1) 的健康情況良好。不需要採取任何動作。"
        }
      },
      {
        "_index" : "ids-2018-172.31.64.54",
        "_id" : "X_geiY4B6U4O_9c51pwP",
        "_score" : 0.0,
        "_source" : {
          "agent" : {
            "name" : "CHPIYR2",
            "id" : "60d66234-2dc5-408a-9a6e-a0a6278a7ae3",
            "type" : "winlogbeat",
            "ephemeral_id" : "c6ebe2c3-8b53-4b62-91bb-78491404bbe4",
            "version" : "8.11.3"
          },
          "@timestamp" : "2018-01-23T17:29:32.252Z",
          "winlog" : {
            "computer_name" : "DESKTOP-AN3U28N",
            "process" : {
              "pid" : 4,
              "thread" : {
                "id" : 168
              }
            },
            "channel" : "System",
            "event_data" : {
              "ExtraInfoLength" : "201",
              "DeviceVersionMinor" : "0",
              "DeviceTime" : "2015-07-09T23:14:34.0000000Z",
              "ExtraInfoString" : "{ \"flags\" : \"0x00000014\" , \"registration_version\" : \"0x00000203\" , \"tx\" : false , \"sections\" : false , \"frame\" : 0 , \"class_name\" : \"FSFilter Virtualization\" , \"instances\" : [[\"135000\",\"0x00000000\"]] }",
              "DeviceVersionMajor" : "10",
              "DeviceNameLength" : "5",
              "FilterID" : "{02000000-0007-0000-e99c-efba6f94d301}",
              "FinalStatus" : "0x0",
              "DeviceName" : "luafv"
            },
            "opcode" : "資訊",
            "version" : 1,
            "record_id" : 1545,
            "event_id" : "6",
            "task" : "None",
            "provider_guid" : "{f3c5e28e-63f6-49c7-a204-e48a1bc4b09d}",
            "api" : "wineventlog",
            "provider_name" : "Microsoft-Windows-FilterManager",
            "user" : {
              "identifier" : "S-1-5-18",
              "domain" : "NT AUTHORITY",
              "name" : "SYSTEM",
              "type" : "Well Known Group"
            }
          },
          "ecs" : {
            "version" : "8.0.0"
          },
          "log" : {
            "file" : {
              "path" : "D:\\AIXSOAR\\IDS_2018\\logs_2018-02-23\\DESKTOP-AN3U28N-172.31.64.54.evtx"
            },
            "level" : "資訊"
          },
          "host" : {
            "os" : {
              "type" : "windows",
              "family" : "windows"
            },
            "name" : "DESKTOP-AN3U28N"
          },
          "event" : {
            "ingested" : "2024-03-29T07:31:23.279284649Z",
            "code" : "6",
            "provider" : "Microsoft-Windows-FilterManager",
            "created" : "2024-03-29T07:31:23.142Z",
            "kind" : "event",
            "action" : "None"
          }
        }
      },
      {
        "_index" : "ids-2018-172.31.64.54",
        "_id" : "YPgeiY4B6U4O_9c51pwP",
        "_score" : 0.0,
        "_source" : {
          "agent" : {
            "name" : "CHPIYR2",
            "id" : "60d66234-2dc5-408a-9a6e-a0a6278a7ae3",
            "type" : "winlogbeat",
            "ephemeral_id" : "c6ebe2c3-8b53-4b62-91bb-78491404bbe4",
            "version" : "8.11.3"
          },
          "@timestamp" : "2018-01-23T17:29:32.255Z",
          "winlog" : {
            "computer_name" : "DESKTOP-AN3U28N",
            "process" : {
              "pid" : 4,
              "thread" : {
                "id" : 168
              }
            },
            "channel" : "System",
            "event_data" : {
              "ExtraInfoLength" : "203",
              "DeviceVersionMinor" : "0",
              "DeviceTime" : "2015-07-09T23:17:31.0000000Z",
              "ExtraInfoString" : "{ \"flags\" : \"0x00000000\" , \"registration_version\" : \"0x00000203\" , \"tx\" : false , \"sections\" : false , \"frame\" : 0 , \"class_name\" : \"FSFilter Quota Management\" , \"instances\" : [[\"244000\",\"0x00000000\"]] }",
              "DeviceVersionMajor" : "10",
              "DeviceNameLength" : "10",
              "FinalStatus" : "0x0",
              "FilterID" : "{02000000-0008-0000-e99c-efba6f94d301}",
              "DeviceName" : "storqosflt"
            },
            "opcode" : "資訊",
            "version" : 1,
            "record_id" : 1546,
            "task" : "None",
            "event_id" : "6",
            "provider_guid" : "{f3c5e28e-63f6-49c7-a204-e48a1bc4b09d}",
            "api" : "wineventlog",
            "provider_name" : "Microsoft-Windows-FilterManager",
            "user" : {
              "identifier" : "S-1-5-18",
              "domain" : "NT AUTHORITY",
              "name" : "SYSTEM",
              "type" : "Well Known Group"
            }
          },
          "ecs" : {
            "version" : "8.0.0"
          },
          "log" : {
            "file" : {
              "path" : "D:\\AIXSOAR\\IDS_2018\\logs_2018-02-23\\DESKTOP-AN3U28N-172.31.64.54.evtx"
            },
            "level" : "資訊"
          },
          "host" : {
            "os" : {
              "type" : "windows",
              "family" : "windows"
            },
            "name" : "DESKTOP-AN3U28N"
          },
          "event" : {
            "ingested" : "2024-03-29T07:31:23.279350913Z",
            "code" : "6",
            "provider" : "Microsoft-Windows-FilterManager",
            "created" : "2024-03-29T07:31:23.142Z",
            "kind" : "event",
            "action" : "None"
          }
        }
      },
      {
        "_index" : "ids-2018-172.31.64.54",
        "_id" : "YfgeiY4B6U4O_9c51pwP",
        "_score" : 0.0,
        "_source" : {
          "agent" : {
            "name" : "CHPIYR2",
            "id" : "60d66234-2dc5-408a-9a6e-a0a6278a7ae3",
            "type" : "winlogbeat",
            "ephemeral_id" : "c6ebe2c3-8b53-4b62-91bb-78491404bbe4",
            "version" : "8.11.3"
          },
          "@timestamp" : "2018-01-23T17:29:32.488Z",
          "winlog" : {
            "record_id" : 1547,
            "computer_name" : "DESKTOP-AN3U28N",
            "process" : {
              "pid" : 488,
              "thread" : {
                "id" : 1268
              }
            },
            "task" : "服務狀態事件",
            "event_id" : "50036",
            "provider_guid" : "{15a7a4f8-0072-4eab-abad-f98a4d666aed}",
            "channel" : "System",
            "api" : "wineventlog",
            "provider_name" : "Microsoft-Windows-Dhcp-Client",
            "opcode" : "ServiceStart",
            "user" : {
              "identifier" : "S-1-5-19",
              "domain" : "NT AUTHORITY",
              "name" : "LOCAL SERVICE",
              "type" : "Well Known Group"
            }
          },
          "ecs" : {
            "version" : "8.0.0"
          },
          "log" : {
            "file" : {
              "path" : "D:\\AIXSOAR\\IDS_2018\\logs_2018-02-23\\DESKTOP-AN3U28N-172.31.64.54.evtx"
            },
            "level" : "資訊"
          },
          "host" : {
            "os" : {
              "type" : "windows",
              "family" : "windows"
            },
            "name" : "DESKTOP-AN3U28N"
          },
          "event" : {
            "ingested" : "2024-03-29T07:31:23.279407409Z",
            "code" : "50036",
            "provider" : "Microsoft-Windows-Dhcp-Client",
            "kind" : "event",
            "created" : "2024-03-29T07:31:23.142Z",
            "action" : "服務狀態事件"
          },
          "message" : "DHCPv4 用戶端服務已啟動"
        }
      },
      {
        "_index" : "ids-2018-172.31.64.54",
        "_id" : "YvgeiY4B6U4O_9c51pwP",
        "_score" : 0.0,
        "_source" : {
          "agent" : {
            "name" : "CHPIYR2",
            "id" : "60d66234-2dc5-408a-9a6e-a0a6278a7ae3",
            "type" : "winlogbeat",
            "ephemeral_id" : "c6ebe2c3-8b53-4b62-91bb-78491404bbe4",
            "version" : "8.11.3"
          },
          "@timestamp" : "2018-01-23T17:29:32.503Z",
          "winlog" : {
            "record_id" : 1548,
            "computer_name" : "DESKTOP-AN3U28N",
            "process" : {
              "pid" : 488,
              "thread" : {
                "id" : 1292
              }
            },
            "task" : "Service State Event",
            "event_id" : "51046",
            "provider_guid" : "{6a1f2b00-6a90-4c38-95a5-5cab3b056778}",
            "channel" : "System",
            "api" : "wineventlog",
            "opcode" : "ServiceStart",
            "provider_name" : "Microsoft-Windows-DHCPv6-Client",
            "user" : {
              "identifier" : "S-1-5-19",
              "domain" : "NT AUTHORITY",
              "name" : "LOCAL SERVICE",
              "type" : "Well Known Group"
            }
          },
          "ecs" : {
            "version" : "8.0.0"
          },
          "log" : {
            "file" : {
              "path" : "D:\\AIXSOAR\\IDS_2018\\logs_2018-02-23\\DESKTOP-AN3U28N-172.31.64.54.evtx"
            },
            "level" : "資訊"
          },
          "host" : {
            "os" : {
              "type" : "windows",
              "family" : "windows"
            },
            "name" : "DESKTOP-AN3U28N"
          },
          "event" : {
            "ingested" : "2024-03-29T07:31:23.279459949Z",
            "code" : "51046",
            "provider" : "Microsoft-Windows-DHCPv6-Client",
            "kind" : "event",
            "created" : "2024-03-29T07:31:23.142Z",
            "action" : "Service State Event"
          },
          "message" : "DHCPv6 用戶端服務已啟動"
        }
      },
      {
        "_index" : "ids-2018-172.31.64.54",
        "_id" : "Y_geiY4B6U4O_9c51pwP",
        "_score" : 0.0,
        "_source" : {
          "agent" : {
            "name" : "CHPIYR2",
            "id" : "60d66234-2dc5-408a-9a6e-a0a6278a7ae3",
            "type" : "winlogbeat",
            "ephemeral_id" : "c6ebe2c3-8b53-4b62-91bb-78491404bbe4",
            "version" : "8.11.3"
          },
          "@timestamp" : "2018-01-23T17:29:32.758Z",
          "winlog" : {
            "computer_name" : "DESKTOP-AN3U28N",
            "record_id" : 1549,
            "process" : {
              "pid" : 828,
              "thread" : {
                "id" : 1164
              }
            },
            "task" : "Task Misconfiguration",
            "event_id" : "414",
            "provider_guid" : "{de7b24ea-73c8-4a09-985d-5bdadcfa9017}",
            "channel" : "System",
            "event_data" : {
              "TaskName" : "NT TASK\\OneDrive Standalone Update Task-S-1-5-21-913095808-1976597276-3100954228-1001",
              "Parameter" : "%localappdata%\\Microsoft\\OneDrive\\OneDriveStandaloneUpdater.exe"
            },
            "api" : "wineventlog",
            "provider_name" : "Microsoft-Windows-TaskScheduler",
            "opcode" : "資訊",
            "user" : {
              "identifier" : "S-1-5-18",
              "domain" : "NT AUTHORITY",
              "name" : "SYSTEM",
              "type" : "Well Known Group"
            }
          },
          "ecs" : {
            "version" : "8.0.0"
          },
          "log" : {
            "file" : {
              "path" : "D:\\AIXSOAR\\IDS_2018\\logs_2018-02-23\\DESKTOP-AN3U28N-172.31.64.54.evtx"
            },
            "level" : "警告"
          },
          "host" : {
            "os" : {
              "type" : "windows",
              "family" : "windows"
            },
            "name" : "DESKTOP-AN3U28N"
          },
          "event" : {
            "ingested" : "2024-03-29T07:31:23.279513178Z",
            "code" : "414",
            "provider" : "Microsoft-Windows-TaskScheduler",
            "kind" : "event",
            "created" : "2024-03-29T07:31:23.142Z",
            "action" : "Task Misconfiguration"
          },
          "message" : "工作排程器服務在 NT TASK\\OneDrive Standalone Update Task-S-1-5-21-913095808-1976597276-3100954228-1001 定義中找到設定錯誤。其他資料: 錯誤值: %localappdata%\\Microsoft\\OneDrive\\OneDriveStandaloneUpdater.exe。"
        }
      },
      {
        "_index" : "ids-2018-172.31.64.54",
        "_id" : "ZPgeiY4B6U4O_9c51pwP",
        "_score" : 0.0,
        "_source" : {
          "agent" : {
            "name" : "CHPIYR2",
            "id" : "60d66234-2dc5-408a-9a6e-a0a6278a7ae3",
            "ephemeral_id" : "c6ebe2c3-8b53-4b62-91bb-78491404bbe4",
            "type" : "winlogbeat",
            "version" : "8.11.3"
          },
          "@timestamp" : "2018-01-23T17:29:32.763Z",
          "winlog" : {
            "computer_name" : "DESKTOP-AN3U28N",
            "record_id" : 1550,
            "process" : {
              "pid" : 828,
              "thread" : {
                "id" : 1164
              }
            },
            "event_id" : "414",
            "task" : "Task Misconfiguration",
            "provider_guid" : "{de7b24ea-73c8-4a09-985d-5bdadcfa9017}",
            "channel" : "System",
            "event_data" : {
              "TaskName" : "NT TASK\\OneDrive Standalone Update Task-S-1-5-21-913095808-1976597276-3100954228-500",
              "Parameter" : "%localappdata%\\Microsoft\\OneDrive\\OneDriveStandaloneUpdater.exe"
            },
            "api" : "wineventlog",
            "provider_name" : "Microsoft-Windows-TaskScheduler",
            "opcode" : "資訊",
            "user" : {
              "identifier" : "S-1-5-18",
              "domain" : "NT AUTHORITY",
              "name" : "SYSTEM",
              "type" : "Well Known Group"
            }
          },
          "ecs" : {
            "version" : "8.0.0"
          },
          "log" : {
            "file" : {
              "path" : "D:\\AIXSOAR\\IDS_2018\\logs_2018-02-23\\DESKTOP-AN3U28N-172.31.64.54.evtx"
            },
            "level" : "警告"
          },
          "host" : {
            "os" : {
              "type" : "windows",
              "family" : "windows"
            },
            "name" : "DESKTOP-AN3U28N"
          },
          "message" : "工作排程器服務在 NT TASK\\OneDrive Standalone Update Task-S-1-5-21-913095808-1976597276-3100954228-500 定義中找到設定錯誤。其他資料: 錯誤值: %localappdata%\\Microsoft\\OneDrive\\OneDriveStandaloneUpdater.exe。",
          "event" : {
            "ingested" : "2024-03-29T07:31:23.279575364Z",
            "code" : "414",
            "provider" : "Microsoft-Windows-TaskScheduler",
            "created" : "2024-03-29T07:31:23.142Z",
            "kind" : "event",
            "action" : "Task Misconfiguration"
          }
        }
      },
      {
        "_index" : "ids-2018-172.31.64.54",
        "_id" : "ZfgeiY4B6U4O_9c51pwy",
        "_score" : 0.0,
        "_source" : {
          "agent" : {
            "name" : "CHPIYR2",
            "id" : "60d66234-2dc5-408a-9a6e-a0a6278a7ae3",
            "ephemeral_id" : "c6ebe2c3-8b53-4b62-91bb-78491404bbe4",
            "type" : "winlogbeat",
            "version" : "8.11.3"
          },
          "@timestamp" : "2018-01-23T17:29:32.857Z",
          "winlog" : {
            "record_id" : 1551,
            "computer_name" : "DESKTOP-AN3U28N",
            "process" : {
              "pid" : 828,
              "thread" : {
                "id" : 1164
              }
            },
            "event_id" : "414",
            "task" : "Task Misconfiguration",
            "provider_guid" : "{de7b24ea-73c8-4a09-985d-5bdadcfa9017}",
            "channel" : "System",
            "api" : "wineventlog",
            "event_data" : {
              "TaskName" : "NT TASK\\OneDrive Standalone Update Task-S-1-5-21-913095808-1976597276-3100954228-1002",
              "Parameter" : "%localappdata%\\Microsoft\\OneDrive\\OneDriveStandaloneUpdater.exe"
            },
            "opcode" : "資訊",
            "provider_name" : "Microsoft-Windows-TaskScheduler",
            "user" : {
              "identifier" : "S-1-5-18",
              "domain" : "NT AUTHORITY",
              "name" : "SYSTEM",
              "type" : "Well Known Group"
            }
          },
          "ecs" : {
            "version" : "8.0.0"
          },
          "log" : {
            "file" : {
              "path" : "D:\\AIXSOAR\\IDS_2018\\logs_2018-02-23\\DESKTOP-AN3U28N-172.31.64.54.evtx"
            },
            "level" : "警告"
          },
          "host" : {
            "os" : {
              "type" : "windows",
              "family" : "windows"
            },
            "name" : "DESKTOP-AN3U28N"
          },
          "event" : {
            "ingested" : "2024-03-29T07:31:23.311820442Z",
            "code" : "414",
            "provider" : "Microsoft-Windows-TaskScheduler",
            "kind" : "event",
            "created" : "2024-03-29T07:31:23.142Z",
            "action" : "Task Misconfiguration"
          },
          "message" : "工作排程器服務在 NT TASK\\OneDrive Standalone Update Task-S-1-5-21-913095808-1976597276-3100954228-1002 定義中找到設定錯誤。其他資料: 錯誤值: %localappdata%\\Microsoft\\OneDrive\\OneDriveStandaloneUpdater.exe。"
        }
      },
      {
        "_index" : "ids-2018-172.31.64.54",
        "_id" : "ZvgeiY4B6U4O_9c51pwy",
        "_score" : 0.0,
        "_source" : {
          "agent" : {
            "name" : "CHPIYR2",
            "id" : "60d66234-2dc5-408a-9a6e-a0a6278a7ae3",
            "ephemeral_id" : "c6ebe2c3-8b53-4b62-91bb-78491404bbe4",
            "type" : "winlogbeat",
            "version" : "8.11.3"
          },
          "@timestamp" : "2018-01-23T17:29:35.335Z",
          "winlog" : {
            "computer_name" : "DESKTOP-AN3U28N",
            "record_id" : 1552,
            "process" : {
              "pid" : 676,
              "thread" : {
                "id" : 680
              }
            },
            "task" : "None",
            "event_id" : "7026",
            "keywords" : [
              "傳統"
            ],
            "provider_guid" : "{555908d1-a6d7-4695-8e1e-26931d2012f4}",
            "channel" : "System",
            "api" : "wineventlog",
            "event_data" : {
              "param1" : "\ncdrom\ndam"
            },
            "opcode" : "Info",
            "provider_name" : "Service Control Manager"
          },
          "ecs" : {
            "version" : "8.0.0"
          },
          "log" : {
            "file" : {
              "path" : "D:\\AIXSOAR\\IDS_2018\\logs_2018-02-23\\DESKTOP-AN3U28N-172.31.64.54.evtx"
            },
            "level" : "資訊"
          },
          "host" : {
            "os" : {
              "type" : "windows",
              "family" : "windows"
            },
            "name" : "DESKTOP-AN3U28N"
          },
          "message" : "下列開機啟動或系統啟動驅動程式未載入: \ncdrom\ndam",
          "event" : {
            "ingested" : "2024-03-29T07:31:23.312015474Z",
            "code" : "7026",
            "provider" : "Service Control Manager",
            "kind" : "event",
            "created" : "2024-03-29T07:31:23.142Z",
            "action" : "None"
          }
        }
      },
      {
        "_index" : "ids-2018-172.31.64.54",
        "_id" : "Z_geiY4B6U4O_9c51pwy",
        "_score" : 0.0,
        "_source" : {
          "agent" : {
            "name" : "CHPIYR2",
            "id" : "60d66234-2dc5-408a-9a6e-a0a6278a7ae3",
            "type" : "winlogbeat",
            "ephemeral_id" : "c6ebe2c3-8b53-4b62-91bb-78491404bbe4",
            "version" : "8.11.3"
          },
          "@timestamp" : "2018-01-23T17:30:07.954Z",
          "winlog" : {
            "computer_name" : "DESKTOP-AN3U28N",
            "process" : {
              "pid" : 3852,
              "thread" : {
                "id" : 3896
              }
            },
            "keywords" : [
              "ms:Telemetry"
            ],
            "channel" : "System",
            "event_data" : {
              "UserSid" : "S-1-5-21-913095808-1976597276-3100954228-500",
              "TSId" : "2"
            },
            "opcode" : "資訊",
            "record_id" : 1553,
            "task" : "WinSqmUserLogin",
            "event_id" : "7001",
            "provider_guid" : "{dbe9b383-7cf3-4331-91cc-a3cb16a3b538}",
            "api" : "wineventlog",
            "provider_name" : "Microsoft-Windows-Winlogon",
            "user" : {
              "identifier" : "S-1-5-18",
              "domain" : "NT AUTHORITY",
              "name" : "SYSTEM",
              "type" : "Well Known Group"
            }
          },
          "ecs" : {
            "version" : "8.0.0"
          },
          "log" : {
            "file" : {
              "path" : "D:\\AIXSOAR\\IDS_2018\\logs_2018-02-23\\DESKTOP-AN3U28N-172.31.64.54.evtx"
            },
            "level" : "資訊"
          },
          "host" : {
            "os" : {
              "type" : "windows",
              "family" : "windows"
            },
            "name" : "DESKTOP-AN3U28N"
          },
          "message" : "客戶經驗改進計畫的使用者登入通知",
          "event" : {
            "ingested" : "2024-03-29T07:31:23.312106906Z",
            "code" : "7001",
            "provider" : "Microsoft-Windows-Winlogon",
            "kind" : "event",
            "created" : "2024-03-29T07:31:23.142Z",
            "action" : "WinSqmUserLogin"
          }
        }
      },
      {
        "_index" : "ids-2018-172.31.64.54",
        "_id" : "aPgeiY4B6U4O_9c51pwy",
        "_score" : 0.0,
        "_source" : {
          "agent" : {
            "name" : "CHPIYR2",
            "id" : "60d66234-2dc5-408a-9a6e-a0a6278a7ae3",
            "type" : "winlogbeat",
            "ephemeral_id" : "c6ebe2c3-8b53-4b62-91bb-78491404bbe4",
            "version" : "8.11.3"
          },
          "@timestamp" : "2018-01-23T17:32:55.910Z",
          "winlog" : {
            "record_id" : 1554,
            "computer_name" : "DESKTOP-AN3U28N",
            "process" : {
              "pid" : 828,
              "thread" : {
                "id" : 2668
              }
            },
            "task" : "Task Misconfiguration",
            "event_id" : "414",
            "provider_guid" : "{de7b24ea-73c8-4a09-985d-5bdadcfa9017}",
            "channel" : "System",
            "api" : "wineventlog",
            "event_data" : {
              "TaskName" : "NT TASK\\OneDrive Standalone Update Task-S-1-5-21-913095808-1976597276-3100954228-1002",
              "Parameter" : "%localappdata%\\Microsoft\\OneDrive\\OneDriveStandaloneUpdater.exe"
            },
            "opcode" : "資訊",
            "provider_name" : "Microsoft-Windows-TaskScheduler",
            "user" : {
              "identifier" : "S-1-5-18",
              "domain" : "NT AUTHORITY",
              "name" : "SYSTEM",
              "type" : "Well Known Group"
            }
          },
          "ecs" : {
            "version" : "8.0.0"
          },
          "log" : {
            "file" : {
              "path" : "D:\\AIXSOAR\\IDS_2018\\logs_2018-02-23\\DESKTOP-AN3U28N-172.31.64.54.evtx"
            },
            "level" : "警告"
          },
          "host" : {
            "os" : {
              "type" : "windows",
              "family" : "windows"
            },
            "name" : "DESKTOP-AN3U28N"
          },
          "message" : "工作排程器服務在 NT TASK\\OneDrive Standalone Update Task-S-1-5-21-913095808-1976597276-3100954228-1002 定義中找到設定錯誤。其他資料: 錯誤值: %localappdata%\\Microsoft\\OneDrive\\OneDriveStandaloneUpdater.exe。",
          "event" : {
            "ingested" : "2024-03-29T07:31:23.312179683Z",
            "code" : "414",
            "provider" : "Microsoft-Windows-TaskScheduler",
            "created" : "2024-03-29T07:31:23.142Z",
            "kind" : "event",
            "action" : "Task Misconfiguration"
          }
        }
      },
      {
        "_index" : "ids-2018-172.31.64.54",
        "_id" : "afgeiY4B6U4O_9c51pwy",
        "_score" : 0.0,
        "_source" : {
          "agent" : {
            "name" : "CHPIYR2",
            "id" : "60d66234-2dc5-408a-9a6e-a0a6278a7ae3",
            "type" : "winlogbeat",
            "ephemeral_id" : "c6ebe2c3-8b53-4b62-91bb-78491404bbe4",
            "version" : "8.11.3"
          },
          "@timestamp" : "2018-01-23T17:33:31.831Z",
          "winlog" : {
            "computer_name" : "DESKTOP-AN3U28N",
            "process" : {
              "pid" : 3820,
              "thread" : {
                "id" : 3872
              }
            },
            "keywords" : [
              "傳統"
            ],
            "channel" : "System",
            "event_data" : {
              "param7" : "DESKTOP-AN3U28N\\Administrator",
              "param5" : "restart",
              "param3" : "Other (Unplanned)",
              "param4" : "0x0",
              "param1" : "Explorer.EXE",
              "param2" : "DESKTOP-AN3U28N"
            },
            "opcode" : "Info",
            "record_id" : 1555,
            "task" : "None",
            "event_id" : "1074",
            "provider_guid" : "{b0aa8734-56f7-41cc-b2f4-de228e98b946}",
            "api" : "wineventlog",
            "provider_name" : "User32",
            "user" : {
              "identifier" : "S-1-5-21-913095808-1976597276-3100954228-500"
            }
          },
          "ecs" : {
            "version" : "8.0.0"
          },
          "log" : {
            "file" : {
              "path" : "D:\\AIXSOAR\\IDS_2018\\logs_2018-02-23\\DESKTOP-AN3U28N-172.31.64.54.evtx"
            },
            "level" : "資訊"
          },
          "host" : {
            "os" : {
              "type" : "windows",
              "family" : "windows"
            },
            "name" : "DESKTOP-AN3U28N"
          },
          "message" : "處理程序 Explorer.EXE已代表使用者 DESKTOP-AN3U28N\\Administrator，啟動電腦 DESKTOP-AN3U28N 的 restart，原因如下: Other (Unplanned)\n 理由代碼: 0x0\n 關機類型: restart\n 註解: ",
          "event" : {
            "ingested" : "2024-03-29T07:31:23.312275564Z",
            "code" : "1074",
            "provider" : "User32",
            "created" : "2024-03-29T07:31:23.142Z",
            "kind" : "event",
            "action" : "None"
          }
        }
      },
      {
        "_index" : "ids-2018-172.31.64.54",
        "_id" : "avgeiY4B6U4O_9c51pwy",
        "_score" : 0.0,
        "_source" : {
          "agent" : {
            "name" : "CHPIYR2",
            "id" : "60d66234-2dc5-408a-9a6e-a0a6278a7ae3",
            "ephemeral_id" : "c6ebe2c3-8b53-4b62-91bb-78491404bbe4",
            "type" : "winlogbeat",
            "version" : "8.11.3"
          },
          "@timestamp" : "2018-01-23T17:33:31.987Z",
          "winlog" : {
            "record_id" : 1556,
            "computer_name" : "DESKTOP-AN3U28N",
            "process" : {
              "pid" : 676,
              "thread" : {
                "id" : 392
              }
            },
            "event_id" : "7031",
            "task" : "None",
            "keywords" : [
              "傳統"
            ],
            "provider_guid" : "{555908d1-a6d7-4695-8e1e-26931d2012f4}",
            "channel" : "System",
            "event_data" : {
              "param5" : "Restart the service",
              "Binary" : "4F006E006500530079006E0063005300760063005F00530065007300730069006F006E0032000000",
              "param3" : "10000",
              "param4" : "1",
              "param1" : "Sync Host_Session2",
              "param2" : "1"
            },
            "api" : "wineventlog",
            "provider_name" : "Service Control Manager",
            "opcode" : "Info"
          },
          "ecs" : {
            "version" : "8.0.0"
          },
          "log" : {
            "file" : {
              "path" : "D:\\AIXSOAR\\IDS_2018\\logs_2018-02-23\\DESKTOP-AN3U28N-172.31.64.54.evtx"
            },
            "level" : "錯誤"
          },
          "host" : {
            "os" : {
              "type" : "windows",
              "family" : "windows"
            },
            "name" : "DESKTOP-AN3U28N"
          },
          "event" : {
            "ingested" : "2024-03-29T07:31:23.312346289Z",
            "code" : "7031",
            "provider" : "Service Control Manager",
            "kind" : "event",
            "created" : "2024-03-29T07:31:23.142Z",
            "action" : "None"
          },
          "message" : "Sync Host_Session2 服務意外終止，服務曾完成這項動作 1 次。以下的修正操作將在 10000 毫秒內執行: Restart the service。"
        }
      },
