      {
        "_index" : "ids-2018-172.31.64.54",
        "_id" : "r_geiY4B6U4O_9c505gk",
        "_score" : 0.0,
        "_source" : {
          "agent" : {
            "name" : "CHPIYR2",
            "id" : "60d66234-2dc5-408a-9a6e-a0a6278a7ae3",
            "ephemeral_id" : "c6ebe2c3-8b53-4b62-91bb-78491404bbe4",
            "type" : "winlogbeat",
            "version" : "8.11.3"
          },
          "@timestamp" : "2018-01-16T13:44:21.442Z",
          "winlog" : {
            "computer_name" : "DESKTOP-AN3U28N",
            "process" : {
              "pid" : 720,
              "thread" : {
                "id" : 3060
              }
            },
            "keywords" : [
              "傳統"
            ],
            "channel" : "System",
            "event_data" : {
              "param3" : "demand start",
              "param4" : "TrustedInstaller",
              "param1" : "Windows Modules Installer",
              "param2" : "auto start"
            },
            "opcode" : "Info",
            "record_id" : 601,
            "task" : "None",
            "event_id" : "7040",
            "provider_guid" : "{555908d1-a6d7-4695-8e1e-26931d2012f4}",
            "api" : "wineventlog",
            "provider_name" : "Service Control Manager",
            "user" : {
              "identifier" : "S-1-5-18",
              "domain" : "NT AUTHORITY",
              "name" : "SYSTEM",
              "type" : "Well Known Group"
            }
          },
          "ecs" : {
            "version" : "8.0.0"
          },
          "log" : {
            "file" : {
              "path" : "D:\\AIXSOAR\\IDS_2018\\logs_2018-02-23\\DESKTOP-AN3U28N-172.31.64.54.evtx"
            },
            "level" : "資訊"
          },
          "host" : {
            "os" : {
              "type" : "windows",
              "family" : "windows"
            },
            "name" : "DESKTOP-AN3U28N"
          },
          "message" : "Windows Modules Installer 服務的啟動類型已從 auto start 變更為 demand start。",
          "event" : {
            "ingested" : "2024-03-29T07:31:22.527920691Z",
            "code" : "7040",
            "provider" : "Service Control Manager",
            "kind" : "event",
            "created" : "2024-03-29T07:31:22.078Z",
            "action" : "None"
          }
        }
      },
      {
        "_index" : "ids-2018-172.31.64.54",
        "_id" : "sPgeiY4B6U4O_9c505gk",
        "_score" : 0.0,
        "_source" : {
          "agent" : {
            "name" : "CHPIYR2",
            "id" : "60d66234-2dc5-408a-9a6e-a0a6278a7ae3",
            "ephemeral_id" : "c6ebe2c3-8b53-4b62-91bb-78491404bbe4",
            "type" : "winlogbeat",
            "version" : "8.11.3"
          },
          "@timestamp" : "2018-01-16T13:44:34.473Z",
          "winlog" : {
            "computer_name" : "DESKTOP-AN3U28N",
            "process" : {
              "pid" : 720,
              "thread" : {
                "id" : 3060
              }
            },
            "keywords" : [
              "傳統"
            ],
            "channel" : "System",
            "event_data" : {
              "param3" : "auto start",
              "param4" : "TrustedInstaller",
              "param1" : "Windows Modules Installer",
              "param2" : "demand start"
            },
            "opcode" : "Info",
            "record_id" : 602,
            "task" : "None",
            "event_id" : "7040",
            "provider_guid" : "{555908d1-a6d7-4695-8e1e-26931d2012f4}",
            "api" : "wineventlog",
            "provider_name" : "Service Control Manager",
            "user" : {
              "identifier" : "S-1-5-18",
              "domain" : "NT AUTHORITY",
              "name" : "SYSTEM",
              "type" : "Well Known Group"
            }
          },
          "ecs" : {
            "version" : "8.0.0"
          },
          "log" : {
            "file" : {
              "path" : "D:\\AIXSOAR\\IDS_2018\\logs_2018-02-23\\DESKTOP-AN3U28N-172.31.64.54.evtx"
            },
            "level" : "資訊"
          },
          "host" : {
            "os" : {
              "type" : "windows",
              "family" : "windows"
            },
            "name" : "DESKTOP-AN3U28N"
          },
          "message" : "Windows Modules Installer 服務的啟動類型已從 demand start 變更為 auto start。",
          "event" : {
            "ingested" : "2024-03-29T07:31:22.528135598Z",
            "code" : "7040",
            "provider" : "Service Control Manager",
            "created" : "2024-03-29T07:31:22.078Z",
            "kind" : "event",
            "action" : "None"
          }
        }
      },
      {
        "_index" : "ids-2018-172.31.64.54",
        "_id" : "sfgeiY4B6U4O_9c505gk",
        "_score" : 0.0,
        "_source" : {
          "agent" : {
            "name" : "CHPIYR2",
            "id" : "60d66234-2dc5-408a-9a6e-a0a6278a7ae3",
            "type" : "winlogbeat",
            "ephemeral_id" : "c6ebe2c3-8b53-4b62-91bb-78491404bbe4",
            "version" : "8.11.3"
          },
          "@timestamp" : "2018-01-16T13:44:35.160Z",
          "winlog" : {
            "computer_name" : "DESKTOP-AN3U28N",
            "process" : {
              "pid" : 720,
              "thread" : {
                "id" : 3060
              }
            },
            "keywords" : [
              "傳統"
            ],
            "channel" : "System",
            "event_data" : {
              "param3" : "demand start",
              "param4" : "TrustedInstaller",
              "param1" : "Windows Modules Installer",
              "param2" : "auto start"
            },
            "opcode" : "Info",
            "record_id" : 603,
            "event_id" : "7040",
            "task" : "None",
            "provider_guid" : "{555908d1-a6d7-4695-8e1e-26931d2012f4}",
            "api" : "wineventlog",
            "provider_name" : "Service Control Manager",
            "user" : {
              "identifier" : "S-1-5-18",
              "domain" : "NT AUTHORITY",
              "name" : "SYSTEM",
              "type" : "Well Known Group"
            }
          },
          "ecs" : {
            "version" : "8.0.0"
          },
          "log" : {
            "file" : {
              "path" : "D:\\AIXSOAR\\IDS_2018\\logs_2018-02-23\\DESKTOP-AN3U28N-172.31.64.54.evtx"
            },
            "level" : "資訊"
          },
          "host" : {
            "os" : {
              "type" : "windows",
              "family" : "windows"
            },
            "name" : "DESKTOP-AN3U28N"
          },
          "event" : {
            "ingested" : "2024-03-29T07:31:22.528236239Z",
            "code" : "7040",
            "provider" : "Service Control Manager",
            "created" : "2024-03-29T07:31:22.078Z",
            "kind" : "event",
            "action" : "None"
          },
          "message" : "Windows Modules Installer 服務的啟動類型已從 auto start 變更為 demand start。"
        }
      },
      {
        "_index" : "ids-2018-172.31.64.54",
        "_id" : "svgeiY4B6U4O_9c505gk",
        "_score" : 0.0,
        "_source" : {
          "agent" : {
            "name" : "CHPIYR2",
            "id" : "60d66234-2dc5-408a-9a6e-a0a6278a7ae3",
            "type" : "winlogbeat",
            "ephemeral_id" : "c6ebe2c3-8b53-4b62-91bb-78491404bbe4",
            "version" : "8.11.3"
          },
          "@timestamp" : "2018-01-16T14:02:41.756Z",
          "winlog" : {
            "computer_name" : "DESKTOP-AN3U28N",
            "process" : {
              "pid" : 720,
              "thread" : {
                "id" : 3368
              }
            },
            "keywords" : [
              "傳統"
            ],
            "channel" : "System",
            "event_data" : {
              "param3" : "auto start",
              "param4" : "TrustedInstaller",
              "param1" : "Windows Modules Installer",
              "param2" : "demand start"
            },
            "opcode" : "Info",
            "record_id" : 604,
            "event_id" : "7040",
            "task" : "None",
            "provider_guid" : "{555908d1-a6d7-4695-8e1e-26931d2012f4}",
            "api" : "wineventlog",
            "provider_name" : "Service Control Manager",
            "user" : {
              "identifier" : "S-1-5-18",
              "domain" : "NT AUTHORITY",
              "name" : "SYSTEM",
              "type" : "Well Known Group"
            }
          },
          "ecs" : {
            "version" : "8.0.0"
          },
          "log" : {
            "file" : {
              "path" : "D:\\AIXSOAR\\IDS_2018\\logs_2018-02-23\\DESKTOP-AN3U28N-172.31.64.54.evtx"
            },
            "level" : "資訊"
          },
          "host" : {
            "os" : {
              "type" : "windows",
              "family" : "windows"
            },
            "name" : "DESKTOP-AN3U28N"
          },
          "message" : "Windows Modules Installer 服務的啟動類型已從 demand start 變更為 auto start。",
          "event" : {
            "ingested" : "2024-03-29T07:31:22.528327036Z",
            "code" : "7040",
            "provider" : "Service Control Manager",
            "created" : "2024-03-29T07:31:22.078Z",
            "kind" : "event",
            "action" : "None"
          }
        }
      },
      {
        "_index" : "ids-2018-172.31.64.54",
        "_id" : "s_geiY4B6U4O_9c505gk",
        "_score" : 0.0,
        "_source" : {
          "agent" : {
            "name" : "CHPIYR2",
            "id" : "60d66234-2dc5-408a-9a6e-a0a6278a7ae3",
            "ephemeral_id" : "c6ebe2c3-8b53-4b62-91bb-78491404bbe4",
            "type" : "winlogbeat",
            "version" : "8.11.3"
          },
          "@timestamp" : "2018-01-16T14:04:45.580Z",
          "winlog" : {
            "computer_name" : "DESKTOP-AN3U28N",
            "process" : {
              "pid" : 720,
              "thread" : {
                "id" : 3368
              }
            },
            "keywords" : [
              "傳統"
            ],
            "channel" : "System",
            "event_data" : {
              "param3" : "demand start",
              "param4" : "TrustedInstaller",
              "param1" : "Windows Modules Installer",
              "param2" : "auto start"
            },
            "opcode" : "Info",
            "record_id" : 605,
            "event_id" : "7040",
            "task" : "None",
            "provider_guid" : "{555908d1-a6d7-4695-8e1e-26931d2012f4}",
            "api" : "wineventlog",
            "provider_name" : "Service Control Manager",
            "user" : {
              "identifier" : "S-1-5-18",
              "domain" : "NT AUTHORITY",
              "name" : "SYSTEM",
              "type" : "Well Known Group"
            }
          },
          "ecs" : {
            "version" : "8.0.0"
          },
          "log" : {
            "file" : {
              "path" : "D:\\AIXSOAR\\IDS_2018\\logs_2018-02-23\\DESKTOP-AN3U28N-172.31.64.54.evtx"
            },
            "level" : "資訊"
          },
          "host" : {
            "os" : {
              "type" : "windows",
              "family" : "windows"
            },
            "name" : "DESKTOP-AN3U28N"
          },
          "message" : "Windows Modules Installer 服務的啟動類型已從 auto start 變更為 demand start。",
          "event" : {
            "ingested" : "2024-03-29T07:31:22.528476850Z",
            "code" : "7040",
            "provider" : "Service Control Manager",
            "created" : "2024-03-29T07:31:22.078Z",
            "kind" : "event",
            "action" : "None"
          }
        }
      },
      {
        "_index" : "ids-2018-172.31.64.54",
        "_id" : "tPgeiY4B6U4O_9c505gk",
        "_score" : 0.0,
        "_source" : {
          "agent" : {
            "name" : "CHPIYR2",
            "id" : "60d66234-2dc5-408a-9a6e-a0a6278a7ae3",
            "ephemeral_id" : "c6ebe2c3-8b53-4b62-91bb-78491404bbe4",
            "type" : "winlogbeat",
            "version" : "8.11.3"
          },
          "@timestamp" : "2018-01-16T14:13:49.566Z",
          "winlog" : {
            "computer_name" : "DESKTOP-AN3U28N",
            "process" : {
              "pid" : 720,
              "thread" : {
                "id" : 3936
              }
            },
            "keywords" : [
              "傳統"
            ],
            "channel" : "System",
            "event_data" : {
              "param3" : "auto start",
              "param4" : "TrustedInstaller",
              "param1" : "Windows Modules Installer",
              "param2" : "demand start"
            },
            "opcode" : "Info",
            "record_id" : 606,
            "event_id" : "7040",
            "task" : "None",
            "provider_guid" : "{555908d1-a6d7-4695-8e1e-26931d2012f4}",
            "api" : "wineventlog",
            "provider_name" : "Service Control Manager",
            "user" : {
              "identifier" : "S-1-5-18",
              "domain" : "NT AUTHORITY",
              "name" : "SYSTEM",
              "type" : "Well Known Group"
            }
          },
          "ecs" : {
            "version" : "8.0.0"
          },
          "log" : {
            "file" : {
              "path" : "D:\\AIXSOAR\\IDS_2018\\logs_2018-02-23\\DESKTOP-AN3U28N-172.31.64.54.evtx"
            },
            "level" : "資訊"
          },
          "host" : {
            "os" : {
              "type" : "windows",
              "family" : "windows"
            },
            "name" : "DESKTOP-AN3U28N"
          },
          "event" : {
            "ingested" : "2024-03-29T07:31:22.528584780Z",
            "code" : "7040",
            "provider" : "Service Control Manager",
            "kind" : "event",
            "created" : "2024-03-29T07:31:22.078Z",
            "action" : "None"
          },
          "message" : "Windows Modules Installer 服務的啟動類型已從 demand start 變更為 auto start。"
        }
      },
      {
        "_index" : "ids-2018-172.31.64.54",
        "_id" : "tfgeiY4B6U4O_9c505gk",
        "_score" : 0.0,
        "_source" : {
          "agent" : {
            "name" : "CHPIYR2",
            "id" : "60d66234-2dc5-408a-9a6e-a0a6278a7ae3",
            "ephemeral_id" : "c6ebe2c3-8b53-4b62-91bb-78491404bbe4",
            "type" : "winlogbeat",
            "version" : "8.11.3"
          },
          "@timestamp" : "2018-01-16T14:17:26.669Z",
          "winlog" : {
            "computer_name" : "DESKTOP-AN3U28N",
            "process" : {
              "pid" : 720,
              "thread" : {
                "id" : 3936
              }
            },
            "keywords" : [
              "傳統"
            ],
            "channel" : "System",
            "event_data" : {
              "param3" : "demand start",
              "param4" : "TrustedInstaller",
              "param1" : "Windows Modules Installer",
              "param2" : "auto start"
            },
            "opcode" : "Info",
            "record_id" : 607,
            "task" : "None",
            "event_id" : "7040",
            "provider_guid" : "{555908d1-a6d7-4695-8e1e-26931d2012f4}",
            "api" : "wineventlog",
            "provider_name" : "Service Control Manager",
            "user" : {
              "identifier" : "S-1-5-18",
              "domain" : "NT AUTHORITY",
              "name" : "SYSTEM",
              "type" : "Well Known Group"
            }
          },
          "ecs" : {
            "version" : "8.0.0"
          },
          "log" : {
            "file" : {
              "path" : "D:\\AIXSOAR\\IDS_2018\\logs_2018-02-23\\DESKTOP-AN3U28N-172.31.64.54.evtx"
            },
            "level" : "資訊"
          },
          "host" : {
            "os" : {
              "type" : "windows",
              "family" : "windows"
            },
            "name" : "DESKTOP-AN3U28N"
          },
          "event" : {
            "ingested" : "2024-03-29T07:31:22.528652099Z",
            "code" : "7040",
            "provider" : "Service Control Manager",
            "kind" : "event",
            "created" : "2024-03-29T07:31:22.078Z",
            "action" : "None"
          },
          "message" : "Windows Modules Installer 服務的啟動類型已從 auto start 變更為 demand start。"
        }
      },
      {
        "_index" : "ids-2018-172.31.64.54",
        "_id" : "tvgeiY4B6U4O_9c505gk",
        "_score" : 0.0,
        "_source" : {
          "agent" : {
            "name" : "CHPIYR2",
            "id" : "60d66234-2dc5-408a-9a6e-a0a6278a7ae3",
            "ephemeral_id" : "c6ebe2c3-8b53-4b62-91bb-78491404bbe4",
            "type" : "winlogbeat",
            "version" : "8.11.3"
          },
          "@timestamp" : "2018-01-16T14:19:05.526Z",
          "winlog" : {
            "computer_name" : "DESKTOP-AN3U28N",
            "process" : {
              "pid" : 720,
              "thread" : {
                "id" : 3936
              }
            },
            "keywords" : [
              "傳統"
            ],
            "channel" : "System",
            "event_data" : {
              "param3" : "auto start",
              "param4" : "TrustedInstaller",
              "param1" : "Windows Modules Installer",
              "param2" : "demand start"
            },
            "opcode" : "Info",
            "record_id" : 608,
            "task" : "None",
            "event_id" : "7040",
            "provider_guid" : "{555908d1-a6d7-4695-8e1e-26931d2012f4}",
            "api" : "wineventlog",
            "provider_name" : "Service Control Manager",
            "user" : {
              "identifier" : "S-1-5-18",
              "domain" : "NT AUTHORITY",
              "name" : "SYSTEM",
              "type" : "Well Known Group"
            }
          },
          "ecs" : {
            "version" : "8.0.0"
          },
          "log" : {
            "file" : {
              "path" : "D:\\AIXSOAR\\IDS_2018\\logs_2018-02-23\\DESKTOP-AN3U28N-172.31.64.54.evtx"
            },
            "level" : "資訊"
          },
          "host" : {
            "os" : {
              "type" : "windows",
              "family" : "windows"
            },
            "name" : "DESKTOP-AN3U28N"
          },
          "event" : {
            "ingested" : "2024-03-29T07:31:22.528714972Z",
            "code" : "7040",
            "provider" : "Service Control Manager",
            "created" : "2024-03-29T07:31:22.078Z",
            "kind" : "event",
            "action" : "None"
          },
          "message" : "Windows Modules Installer 服務的啟動類型已從 demand start 變更為 auto start。"
        }
      },
      {
        "_index" : "ids-2018-172.31.64.54",
        "_id" : "t_geiY4B6U4O_9c505gk",
        "_score" : 0.0,
        "_source" : {
          "agent" : {
            "name" : "CHPIYR2",
            "id" : "60d66234-2dc5-408a-9a6e-a0a6278a7ae3",
            "ephemeral_id" : "c6ebe2c3-8b53-4b62-91bb-78491404bbe4",
            "type" : "winlogbeat",
            "version" : "8.11.3"
          },
          "@timestamp" : "2018-01-16T14:21:13.928Z",
          "winlog" : {
            "computer_name" : "DESKTOP-AN3U28N",
            "process" : {
              "pid" : 720,
              "thread" : {
                "id" : 4632
              }
            },
            "keywords" : [
              "傳統"
            ],
            "channel" : "System",
            "event_data" : {
              "param3" : "demand start",
              "param4" : "TrustedInstaller",
              "param1" : "Windows Modules Installer",
              "param2" : "auto start"
            },
            "opcode" : "Info",
            "record_id" : 609,
            "event_id" : "7040",
            "task" : "None",
            "provider_guid" : "{555908d1-a6d7-4695-8e1e-26931d2012f4}",
            "api" : "wineventlog",
            "provider_name" : "Service Control Manager",
            "user" : {
              "identifier" : "S-1-5-18",
              "domain" : "NT AUTHORITY",
              "name" : "SYSTEM",
              "type" : "Well Known Group"
            }
          },
          "ecs" : {
            "version" : "8.0.0"
          },
          "log" : {
            "file" : {
              "path" : "D:\\AIXSOAR\\IDS_2018\\logs_2018-02-23\\DESKTOP-AN3U28N-172.31.64.54.evtx"
            },
            "level" : "資訊"
          },
          "host" : {
            "os" : {
              "type" : "windows",
              "family" : "windows"
            },
            "name" : "DESKTOP-AN3U28N"
          },
          "message" : "Windows Modules Installer 服務的啟動類型已從 auto start 變更為 demand start。",
          "event" : {
            "ingested" : "2024-03-29T07:31:22.528776247Z",
            "code" : "7040",
            "provider" : "Service Control Manager",
            "created" : "2024-03-29T07:31:22.078Z",
            "kind" : "event",
            "action" : "None"
          }
        }
      },
      {
        "_index" : "ids-2018-172.31.64.54",
        "_id" : "uPgeiY4B6U4O_9c505gk",
        "_score" : 0.0,
        "_source" : {
          "agent" : {
            "name" : "CHPIYR2",
            "id" : "60d66234-2dc5-408a-9a6e-a0a6278a7ae3",
            "ephemeral_id" : "c6ebe2c3-8b53-4b62-91bb-78491404bbe4",
            "type" : "winlogbeat",
            "version" : "8.11.3"
          },
          "@timestamp" : "2018-01-16T14:23:59.252Z",
          "winlog" : {
            "record_id" : 610,
            "computer_name" : "DESKTOP-AN3U28N",
            "process" : {
              "pid" : 796,
              "thread" : {
                "id" : 3748
              }
            },
            "task" : "PowerSchemeChanged",
            "event_id" : "12",
            "provider_guid" : "{ce8dee0b-d539-4000-b0f8-77bed049c590}",
            "channel" : "System",
            "event_data" : {
              "ProcessPid" : "4520",
              "NewSchemeGuid" : "{8c5e7fda-e8bf-4a96-9a85-a6e23a8c635c}",
              "OldSchemeGuid" : "{381b4222-f694-41f0-9685-ff5bb260df2e}",
              "ProcessPath" : "C:\\Windows\\System32\\WinSAT.exe"
            },
            "api" : "wineventlog",
            "opcode" : "資訊",
            "provider_name" : "Microsoft-Windows-UserModePowerService",
            "user" : {
              "identifier" : "S-1-5-18",
              "domain" : "NT AUTHORITY",
              "name" : "SYSTEM",
              "type" : "Well Known Group"
            }
          },
          "ecs" : {
            "version" : "8.0.0"
          },
          "log" : {
            "file" : {
              "path" : "D:\\AIXSOAR\\IDS_2018\\logs_2018-02-23\\DESKTOP-AN3U28N-172.31.64.54.evtx"
            },
            "level" : "資訊"
          },
          "host" : {
            "os" : {
              "type" : "windows",
              "family" : "windows"
            },
            "name" : "DESKTOP-AN3U28N"
          },
          "message" : "處理程序 C:\\Windows\\System32\\WinSAT.exe (處理程序識別碼:4520) 已將原則配置從 {381b4222-f694-41f0-9685-ff5bb260df2e} 重設為 {8c5e7fda-e8bf-4a96-9a85-a6e23a8c635c}",
          "event" : {
            "ingested" : "2024-03-29T07:31:22.528903684Z",
            "code" : "12",
            "provider" : "Microsoft-Windows-UserModePowerService",
            "created" : "2024-03-29T07:31:22.078Z",
            "kind" : "event",
            "action" : "PowerSchemeChanged"
          }
        }
      },
      {
        "_index" : "ids-2018-172.31.64.54",
        "_id" : "ufgeiY4B6U4O_9c505gk",
        "_score" : 0.0,
        "_source" : {
          "agent" : {
            "name" : "CHPIYR2",
            "id" : "60d66234-2dc5-408a-9a6e-a0a6278a7ae3",
            "type" : "winlogbeat",
            "ephemeral_id" : "c6ebe2c3-8b53-4b62-91bb-78491404bbe4",
            "version" : "8.11.3"
          },
          "@timestamp" : "2018-01-16T14:24:05.789Z",
          "winlog" : {
            "computer_name" : "DESKTOP-AN3U28N",
            "record_id" : 611,
            "process" : {
              "pid" : 796,
              "thread" : {
                "id" : 2112
              }
            },
            "event_id" : "12",
            "task" : "PowerSchemeChanged",
            "provider_guid" : "{ce8dee0b-d539-4000-b0f8-77bed049c590}",
            "channel" : "System",
            "api" : "wineventlog",
            "event_data" : {
              "NewSchemeGuid" : "{381b4222-f694-41f0-9685-ff5bb260df2e}",
              "ProcessPid" : "4520",
              "OldSchemeGuid" : "{8c5e7fda-e8bf-4a96-9a85-a6e23a8c635c}",
              "ProcessPath" : "C:\\Windows\\System32\\WinSAT.exe"
            },
            "provider_name" : "Microsoft-Windows-UserModePowerService",
            "opcode" : "資訊",
            "user" : {
              "identifier" : "S-1-5-18",
              "domain" : "NT AUTHORITY",
              "name" : "SYSTEM",
              "type" : "Well Known Group"
            }
          },
          "ecs" : {
            "version" : "8.0.0"
          },
          "log" : {
            "file" : {
              "path" : "D:\\AIXSOAR\\IDS_2018\\logs_2018-02-23\\DESKTOP-AN3U28N-172.31.64.54.evtx"
            },
            "level" : "資訊"
          },
          "host" : {
            "os" : {
              "type" : "windows",
              "family" : "windows"
            },
            "name" : "DESKTOP-AN3U28N"
          },
          "event" : {
            "ingested" : "2024-03-29T07:31:22.529140108Z",
            "code" : "12",
            "provider" : "Microsoft-Windows-UserModePowerService",
            "created" : "2024-03-29T07:31:22.078Z",
            "kind" : "event",
            "action" : "PowerSchemeChanged"
          },
          "message" : "處理程序 C:\\Windows\\System32\\WinSAT.exe (處理程序識別碼:4520) 已將原則配置從 {8c5e7fda-e8bf-4a96-9a85-a6e23a8c635c} 重設為 {381b4222-f694-41f0-9685-ff5bb260df2e}"
        }
      },
      {
        "_index" : "ids-2018-172.31.64.54",
        "_id" : "uvgeiY4B6U4O_9c505gk",
        "_score" : 0.0,
        "_source" : {
          "agent" : {
            "name" : "CHPIYR2",
            "id" : "60d66234-2dc5-408a-9a6e-a0a6278a7ae3",
            "ephemeral_id" : "c6ebe2c3-8b53-4b62-91bb-78491404bbe4",
            "type" : "winlogbeat",
            "version" : "8.11.3"
          },
          "@timestamp" : "2018-01-16T14:44:23.582Z",
          "winlog" : {
            "computer_name" : "DESKTOP-AN3U28N",
            "process" : {
              "pid" : 972,
              "thread" : {
                "id" : 1664
              }
            },
            "keywords" : [
              "下載",
              "已開始"
            ],
            "channel" : "System",
            "event_data" : {
              "updateRevisionNumber" : "2",
              "updateGuid" : "{27c07349-7e42-495b-8827-0846362f8266}",
              "updateTitle" : "9WZDNCRFJBH4-Microsoft.Windows.Photos"
            },
            "opcode" : "下載",
            "version" : 1,
            "record_id" : 612,
            "event_id" : "44",
            "task" : "Windows Update 代理程式",
            "provider_guid" : "{945a8954-c147-4acd-923f-40c45405a658}",
            "api" : "wineventlog",
            "provider_name" : "Microsoft-Windows-WindowsUpdateClient",
            "user" : {
              "identifier" : "S-1-5-18",
              "domain" : "NT AUTHORITY",
              "name" : "SYSTEM",
              "type" : "Well Known Group"
            }
          },
          "ecs" : {
            "version" : "8.0.0"
          },
          "log" : {
            "file" : {
              "path" : "D:\\AIXSOAR\\IDS_2018\\logs_2018-02-23\\DESKTOP-AN3U28N-172.31.64.54.evtx"
            },
            "level" : "資訊"
          },
          "host" : {
            "os" : {
              "type" : "windows",
              "family" : "windows"
            },
            "name" : "DESKTOP-AN3U28N"
          },
          "event" : {
            "ingested" : "2024-03-29T07:31:22.529246051Z",
            "code" : "44",
            "provider" : "Microsoft-Windows-WindowsUpdateClient",
            "created" : "2024-03-29T07:31:22.078Z",
            "kind" : "event",
            "action" : "Windows Update 代理程式"
          },
          "message" : "Windows Update 已開始下載更新。"
        }
      },
      {
        "_index" : "ids-2018-172.31.64.54",
        "_id" : "u_geiY4B6U4O_9c505gk",
        "_score" : 0.0,
        "_source" : {
          "agent" : {
            "name" : "CHPIYR2",
            "id" : "60d66234-2dc5-408a-9a6e-a0a6278a7ae3",
            "type" : "winlogbeat",
            "ephemeral_id" : "c6ebe2c3-8b53-4b62-91bb-78491404bbe4",
            "version" : "8.11.3"
          },
          "@timestamp" : "2018-01-16T14:44:23.582Z",
          "winlog" : {
            "computer_name" : "DESKTOP-AN3U28N",
            "process" : {
              "pid" : 972,
              "thread" : {
                "id" : 1664
              }
            },
            "keywords" : [
              "下載",
              "已開始"
            ],
            "channel" : "System",
            "event_data" : {
              "updateRevisionNumber" : "2",
              "updateGuid" : "{b3a3977a-c0ff-468c-941e-6a75e84db50f}",
              "updateTitle" : "9WZDNCRFJBBG-Microsoft.WindowsCamera"
            },
            "opcode" : "下載",
            "version" : 1,
            "record_id" : 613,
            "event_id" : "44",
            "task" : "Windows Update 代理程式",
            "provider_guid" : "{945a8954-c147-4acd-923f-40c45405a658}",
            "api" : "wineventlog",
            "provider_name" : "Microsoft-Windows-WindowsUpdateClient",
            "user" : {
              "identifier" : "S-1-5-18",
              "domain" : "NT AUTHORITY",
              "name" : "SYSTEM",
              "type" : "Well Known Group"
            }
          },
          "ecs" : {
            "version" : "8.0.0"
          },
          "log" : {
            "file" : {
              "path" : "D:\\AIXSOAR\\IDS_2018\\logs_2018-02-23\\DESKTOP-AN3U28N-172.31.64.54.evtx"
            },
            "level" : "資訊"
          },
          "host" : {
            "os" : {
              "type" : "windows",
              "family" : "windows"
            },
            "name" : "DESKTOP-AN3U28N"
          },
          "event" : {
            "ingested" : "2024-03-29T07:31:22.529319162Z",
            "code" : "44",
            "provider" : "Microsoft-Windows-WindowsUpdateClient",
            "created" : "2024-03-29T07:31:22.078Z",
            "kind" : "event",
            "action" : "Windows Update 代理程式"
          },
          "message" : "Windows Update 已開始下載更新。"
        }
      },
      {
        "_index" : "ids-2018-172.31.64.54",
        "_id" : "vPgeiY4B6U4O_9c505gk",
        "_score" : 0.0,
        "_source" : {
          "agent" : {
            "name" : "CHPIYR2",
            "id" : "60d66234-2dc5-408a-9a6e-a0a6278a7ae3",
            "ephemeral_id" : "c6ebe2c3-8b53-4b62-91bb-78491404bbe4",
            "type" : "winlogbeat",
            "version" : "8.11.3"
          },
          "@timestamp" : "2018-01-16T14:44:23.582Z",
          "winlog" : {
            "computer_name" : "DESKTOP-AN3U28N",
            "process" : {
              "pid" : 972,
              "thread" : {
                "id" : 1664
              }
            },
            "keywords" : [
              "下載",
              "已開始"
            ],
            "channel" : "System",
            "event_data" : {
              "updateRevisionNumber" : "2",
              "updateGuid" : "{d9552de8-ecd2-420c-8793-003ff1068523}",
              "updateTitle" : "9WZDNCRDTBJJ-Microsoft.Getstarted"
            },
            "opcode" : "下載",
            "version" : 1,
            "record_id" : 614,
            "task" : "Windows Update 代理程式",
            "event_id" : "44",
            "provider_guid" : "{945a8954-c147-4acd-923f-40c45405a658}",
            "api" : "wineventlog",
            "provider_name" : "Microsoft-Windows-WindowsUpdateClient",
            "user" : {
              "identifier" : "S-1-5-18",
              "domain" : "NT AUTHORITY",
              "name" : "SYSTEM",
              "type" : "Well Known Group"
            }
          },
          "ecs" : {
            "version" : "8.0.0"
          },
          "log" : {
            "file" : {
              "path" : "D:\\AIXSOAR\\IDS_2018\\logs_2018-02-23\\DESKTOP-AN3U28N-172.31.64.54.evtx"
            },
            "level" : "資訊"
          },
          "host" : {
            "os" : {
              "type" : "windows",
              "family" : "windows"
            },
            "name" : "DESKTOP-AN3U28N"
          },
          "event" : {
            "ingested" : "2024-03-29T07:31:22.529380970Z",
            "code" : "44",
            "provider" : "Microsoft-Windows-WindowsUpdateClient",
            "created" : "2024-03-29T07:31:22.078Z",
            "kind" : "event",
            "action" : "Windows Update 代理程式"
          },
          "message" : "Windows Update 已開始下載更新。"
        }
      },
      {
        "_index" : "ids-2018-172.31.64.54",
        "_id" : "vfgeiY4B6U4O_9c505gk",
        "_score" : 0.0,
        "_source" : {
          "agent" : {
            "name" : "CHPIYR2",
            "id" : "60d66234-2dc5-408a-9a6e-a0a6278a7ae3",
            "ephemeral_id" : "c6ebe2c3-8b53-4b62-91bb-78491404bbe4",
            "type" : "winlogbeat",
            "version" : "8.11.3"
          },
          "@timestamp" : "2018-01-16T14:45:03.008Z",
          "winlog" : {
            "computer_name" : "DESKTOP-AN3U28N",
            "process" : {
              "pid" : 972,
              "thread" : {
                "id" : 1664
              }
            },
            "keywords" : [
              "下載",
              "已開始"
            ],
            "channel" : "System",
            "event_data" : {
              "updateRevisionNumber" : "2",
              "updateGuid" : "{47a2f519-38eb-4565-9659-48836b70b972}",
              "updateTitle" : "9P1SWVRL6FKD-Microsoft.NET.Native.Runtime.1.6"
            },
            "opcode" : "下載",
            "version" : 1,
            "record_id" : 615,
            "task" : "Windows Update 代理程式",
            "event_id" : "44",
            "provider_guid" : "{945a8954-c147-4acd-923f-40c45405a658}",
            "api" : "wineventlog",
            "provider_name" : "Microsoft-Windows-WindowsUpdateClient",
            "user" : {
              "identifier" : "S-1-5-18",
              "domain" : "NT AUTHORITY",
              "name" : "SYSTEM",
              "type" : "Well Known Group"
            }
          },
          "ecs" : {
            "version" : "8.0.0"
          },
          "log" : {
            "file" : {
              "path" : "D:\\AIXSOAR\\IDS_2018\\logs_2018-02-23\\DESKTOP-AN3U28N-172.31.64.54.evtx"
            },
            "level" : "資訊"
          },
          "host" : {
            "os" : {
              "type" : "windows",
              "family" : "windows"
            },
            "name" : "DESKTOP-AN3U28N"
          },
          "message" : "Windows Update 已開始下載更新。",
          "event" : {
            "ingested" : "2024-03-29T07:31:22.529440304Z",
            "code" : "44",
            "provider" : "Microsoft-Windows-WindowsUpdateClient",
            "created" : "2024-03-29T07:31:22.078Z",
            "kind" : "event",
            "action" : "Windows Update 代理程式"
          }
        }
      },
      {
        "_index" : "ids-2018-172.31.64.54",
        "_id" : "vvgeiY4B6U4O_9c505gk",
        "_score" : 0.0,
        "_source" : {
          "agent" : {
            "name" : "CHPIYR2",
            "id" : "60d66234-2dc5-408a-9a6e-a0a6278a7ae3",
            "ephemeral_id" : "c6ebe2c3-8b53-4b62-91bb-78491404bbe4",
            "type" : "winlogbeat",
            "version" : "8.11.3"
          },
          "@timestamp" : "2018-01-16T14:45:03.008Z",
          "winlog" : {
            "computer_name" : "DESKTOP-AN3U28N",
            "process" : {
              "pid" : 972,
              "thread" : {
                "id" : 1664
              }
            },
            "keywords" : [
              "下載",
              "已開始"
            ],
            "channel" : "System",
            "event_data" : {
              "updateRevisionNumber" : "2",
              "updateGuid" : "{c5a4f6e3-3c02-407a-876b-5f4846cf7dcf}",
              "updateTitle" : "9NBLGGH5L72W-Microsoft.NET.Native.Runtime.1.3"
            },
            "opcode" : "下載",
            "version" : 1,
            "record_id" : 616,
            "event_id" : "44",
            "task" : "Windows Update 代理程式",
            "provider_guid" : "{945a8954-c147-4acd-923f-40c45405a658}",
            "api" : "wineventlog",
            "provider_name" : "Microsoft-Windows-WindowsUpdateClient",
            "user" : {
              "identifier" : "S-1-5-18",
              "domain" : "NT AUTHORITY",
              "name" : "SYSTEM",
              "type" : "Well Known Group"
            }
          },
          "ecs" : {
            "version" : "8.0.0"
          },
          "log" : {
            "file" : {
              "path" : "D:\\AIXSOAR\\IDS_2018\\logs_2018-02-23\\DESKTOP-AN3U28N-172.31.64.54.evtx"
            },
            "level" : "資訊"
          },
          "host" : {
            "os" : {
              "type" : "windows",
              "family" : "windows"
            },
            "name" : "DESKTOP-AN3U28N"
          },
          "message" : "Windows Update 已開始下載更新。",
          "event" : {
            "ingested" : "2024-03-29T07:31:22.529498849Z",
            "code" : "44",
            "provider" : "Microsoft-Windows-WindowsUpdateClient",
            "created" : "2024-03-29T07:31:22.078Z",
            "kind" : "event",
            "action" : "Windows Update 代理程式"
          }
        }
      },
      {
        "_index" : "ids-2018-172.31.64.54",
        "_id" : "v_geiY4B6U4O_9c505gk",
        "_score" : 0.0,
        "_source" : {
          "agent" : {
            "name" : "CHPIYR2",
            "id" : "60d66234-2dc5-408a-9a6e-a0a6278a7ae3",
            "ephemeral_id" : "c6ebe2c3-8b53-4b62-91bb-78491404bbe4",
            "type" : "winlogbeat",
            "version" : "8.11.3"
          },
          "@timestamp" : "2018-01-16T14:45:11.953Z",
          "winlog" : {
            "computer_name" : "DESKTOP-AN3U28N",
            "process" : {
              "pid" : 972,
              "thread" : {
                "id" : 1664
              }
            },
            "keywords" : [
              "下載",
              "已開始"
            ],
            "channel" : "System",
            "event_data" : {
              "updateRevisionNumber" : "2",
              "updateGuid" : "{a2b518fb-1969-4fdb-919d-e0795115fcaa}",
              "updateTitle" : "9NBLGGH5L7B7-Microsoft.NET.Native.Framework.1.3"
            },
            "opcode" : "下載",
            "version" : 1,
            "record_id" : 617,
            "event_id" : "44",
            "task" : "Windows Update 代理程式",
            "provider_guid" : "{945a8954-c147-4acd-923f-40c45405a658}",
            "api" : "wineventlog",
            "provider_name" : "Microsoft-Windows-WindowsUpdateClient",
            "user" : {
              "identifier" : "S-1-5-18",
              "domain" : "NT AUTHORITY",
              "name" : "SYSTEM",
              "type" : "Well Known Group"
            }
          },
          "ecs" : {
            "version" : "8.0.0"
          },
          "log" : {
            "file" : {
              "path" : "D:\\AIXSOAR\\IDS_2018\\logs_2018-02-23\\DESKTOP-AN3U28N-172.31.64.54.evtx"
            },
            "level" : "資訊"
          },
          "host" : {
            "os" : {
              "type" : "windows",
              "family" : "windows"
            },
            "name" : "DESKTOP-AN3U28N"
          },
          "event" : {
            "ingested" : "2024-03-29T07:31:22.529556936Z",
            "code" : "44",
            "provider" : "Microsoft-Windows-WindowsUpdateClient",
            "created" : "2024-03-29T07:31:22.078Z",
            "kind" : "event",
            "action" : "Windows Update 代理程式"
          },
          "message" : "Windows Update 已開始下載更新。"
        }
      },
      {
        "_index" : "ids-2018-172.31.64.54",
        "_id" : "wPgeiY4B6U4O_9c505gk",
        "_score" : 0.0,
        "_source" : {
          "agent" : {
            "name" : "CHPIYR2",
            "id" : "60d66234-2dc5-408a-9a6e-a0a6278a7ae3",
            "type" : "winlogbeat",
            "ephemeral_id" : "c6ebe2c3-8b53-4b62-91bb-78491404bbe4",
            "version" : "8.11.3"
          },
          "@timestamp" : "2018-01-16T14:45:11.953Z",
          "winlog" : {
            "computer_name" : "DESKTOP-AN3U28N",
            "process" : {
              "pid" : 972,
              "thread" : {
                "id" : 1664
              }
            },
            "keywords" : [
              "下載",
              "已開始"
            ],
            "channel" : "System",
            "event_data" : {
              "updateRevisionNumber" : "2",
              "updateGuid" : "{b6ed7039-ba18-4062-9475-1ac8ba63dc9c}",
              "updateTitle" : "9N38V762FHPD-Microsoft.NET.Native.Framework.1.6"
            },
            "opcode" : "下載",
            "version" : 1,
            "record_id" : 618,
            "event_id" : "44",
            "task" : "Windows Update 代理程式",
            "provider_guid" : "{945a8954-c147-4acd-923f-40c45405a658}",
            "api" : "wineventlog",
            "provider_name" : "Microsoft-Windows-WindowsUpdateClient",
            "user" : {
              "identifier" : "S-1-5-18",
              "domain" : "NT AUTHORITY",
              "name" : "SYSTEM",
              "type" : "Well Known Group"
            }
          },
          "ecs" : {
            "version" : "8.0.0"
          },
          "log" : {
            "file" : {
              "path" : "D:\\AIXSOAR\\IDS_2018\\logs_2018-02-23\\DESKTOP-AN3U28N-172.31.64.54.evtx"
            },
            "level" : "資訊"
          },
          "host" : {
            "os" : {
              "type" : "windows",
              "family" : "windows"
            },
            "name" : "DESKTOP-AN3U28N"
          },
          "message" : "Windows Update 已開始下載更新。",
          "event" : {
            "ingested" : "2024-03-29T07:31:22.529614244Z",
            "code" : "44",
            "provider" : "Microsoft-Windows-WindowsUpdateClient",
            "kind" : "event",
            "created" : "2024-03-29T07:31:22.078Z",
            "action" : "Windows Update 代理程式"
          }
        }
      },
      {
        "_index" : "ids-2018-172.31.64.54",
        "_id" : "wfgeiY4B6U4O_9c505gk",
        "_score" : 0.0,
        "_source" : {
          "agent" : {
            "name" : "CHPIYR2",
            "id" : "60d66234-2dc5-408a-9a6e-a0a6278a7ae3",
            "ephemeral_id" : "c6ebe2c3-8b53-4b62-91bb-78491404bbe4",
            "type" : "winlogbeat",
            "version" : "8.11.3"
          },
          "@timestamp" : "2018-01-16T14:45:22.650Z",
          "winlog" : {
            "computer_name" : "DESKTOP-AN3U28N",
            "process" : {
              "pid" : 972,
              "thread" : {
                "id" : 1664
              }
            },
            "keywords" : [
              "下載",
              "已開始"
            ],
            "channel" : "System",
            "event_data" : {
              "updateRevisionNumber" : "2",
              "updateGuid" : "{9c77dcf2-a0b2-4b1e-b914-a50e4233d0a4}",
              "updateTitle" : "9NBLGGH3FRZM-Microsoft.VCLibs.140.00"
            },
            "opcode" : "下載",
            "version" : 1,
            "record_id" : 619,
            "task" : "Windows Update 代理程式",
            "event_id" : "44",
            "provider_guid" : "{945a8954-c147-4acd-923f-40c45405a658}",
            "api" : "wineventlog",
            "provider_name" : "Microsoft-Windows-WindowsUpdateClient",
            "user" : {
              "identifier" : "S-1-5-18",
              "domain" : "NT AUTHORITY",
              "name" : "SYSTEM",
              "type" : "Well Known Group"
            }
          },
          "ecs" : {
            "version" : "8.0.0"
          },
          "log" : {
            "file" : {
              "path" : "D:\\AIXSOAR\\IDS_2018\\logs_2018-02-23\\DESKTOP-AN3U28N-172.31.64.54.evtx"
            },
            "level" : "資訊"
          },
          "host" : {
            "os" : {
              "type" : "windows",
              "family" : "windows"
            },
            "name" : "DESKTOP-AN3U28N"
          },
          "event" : {
            "ingested" : "2024-03-29T07:31:22.529671599Z",
            "code" : "44",
            "provider" : "Microsoft-Windows-WindowsUpdateClient",
            "kind" : "event",
            "created" : "2024-03-29T07:31:22.078Z",
            "action" : "Windows Update 代理程式"
          },
          "message" : "Windows Update 已開始下載更新。"
        }
      },
      {
        "_index" : "ids-2018-172.31.64.54",
        "_id" : "wvgeiY4B6U4O_9c505gk",
        "_score" : 0.0,
        "_source" : {
          "agent" : {
            "name" : "CHPIYR2",
            "id" : "60d66234-2dc5-408a-9a6e-a0a6278a7ae3",
            "ephemeral_id" : "c6ebe2c3-8b53-4b62-91bb-78491404bbe4",
            "type" : "winlogbeat",
            "version" : "8.11.3"
          },
          "@timestamp" : "2018-01-16T14:45:31.561Z",
          "winlog" : {
            "computer_name" : "DESKTOP-AN3U28N",
            "process" : {
              "pid" : 972,
              "thread" : {
                "id" : 1664
              }
            },
            "keywords" : [
              "安裝",
              "已開始"
            ],
            "channel" : "System",
            "event_data" : {
              "updateRevisionNumber" : "2",
              "updateGuid" : "{c5a4f6e3-3c02-407a-876b-5f4846cf7dcf}",
              "updateTitle" : "9NBLGGH5L72W-Microsoft.NET.Native.Runtime.1.3"
            },
            "opcode" : "安裝",
            "version" : 1,
            "record_id" : 620,
            "event_id" : "43",
            "task" : "Windows Update 代理程式",
            "provider_guid" : "{945a8954-c147-4acd-923f-40c45405a658}",
            "api" : "wineventlog",
            "provider_name" : "Microsoft-Windows-WindowsUpdateClient",
            "user" : {
              "identifier" : "S-1-5-18",
              "domain" : "NT AUTHORITY",
              "name" : "SYSTEM",
              "type" : "Well Known Group"
            }
          },
          "ecs" : {
            "version" : "8.0.0"
          },
          "log" : {
            "file" : {
              "path" : "D:\\AIXSOAR\\IDS_2018\\logs_2018-02-23\\DESKTOP-AN3U28N-172.31.64.54.evtx"
            },
            "level" : "資訊"
          },
          "host" : {
            "os" : {
              "type" : "windows",
              "family" : "windows"
            },
            "name" : "DESKTOP-AN3U28N"
          },
          "event" : {
            "ingested" : "2024-03-29T07:31:22.529729075Z",
            "code" : "43",
            "provider" : "Microsoft-Windows-WindowsUpdateClient",
            "created" : "2024-03-29T07:31:22.078Z",
            "kind" : "event",
            "action" : "Windows Update 代理程式"
          },
          "message" : "已開始安裝: Windows 已開始安裝下列更新: 9NBLGGH5L72W-Microsoft.NET.Native.Runtime.1.3"
        }
      },
      {
        "_index" : "ids-2018-172.31.64.54",
        "_id" : "w_geiY4B6U4O_9c505gk",
        "_score" : 0.0,
        "_source" : {
          "agent" : {
            "name" : "CHPIYR2",
            "id" : "60d66234-2dc5-408a-9a6e-a0a6278a7ae3",
            "type" : "winlogbeat",
            "ephemeral_id" : "c6ebe2c3-8b53-4b62-91bb-78491404bbe4",
            "version" : "8.11.3"
          },
          "@timestamp" : "2018-01-16T14:45:32.879Z",
          "winlog" : {
            "computer_name" : "DESKTOP-AN3U28N",
            "record_id" : 621,
            "process" : {
              "pid" : 2596,
              "thread" : {
                "id" : 1808
              }
            },
            "event_id" : "16",
            "task" : "None",
            "provider_guid" : "{a68ca8b7-004f-d7b6-a698-07e2de0f1f5d}",
            "channel" : "System",
            "api" : "wineventlog",
            "event_data" : {
              "HiveNameLength" : "118",
              "DirtyPages" : "1",
              "HiveName" : "\\??\\C:\\Users\\Administrator\\AppData\\Local\\Packages\\Microsoft.NET.Native.Runtime.1.3_8wekyb3d8bbwe\\Settings\\settings.dat",
              "KeysUpdated" : "3"
            },
            "provider_name" : "Microsoft-Windows-Kernel-General",
            "opcode" : "資訊",
            "user" : {
              "identifier" : "S-1-5-21-913095808-1976597276-3100954228-500"
            }
          },
          "ecs" : {
            "version" : "8.0.0"
          },
          "log" : {
            "file" : {
              "path" : "D:\\AIXSOAR\\IDS_2018\\logs_2018-02-23\\DESKTOP-AN3U28N-172.31.64.54.evtx"
            },
            "level" : "資訊"
          },
          "host" : {
            "os" : {
              "type" : "windows",
              "family" : "windows"
            },
            "name" : "DESKTOP-AN3U28N"
          },
          "message" : "已清除登錄區 \\??\\C:\\Users\\Administrator\\AppData\\Local\\Packages\\Microsoft.NET.Native.Runtime.1.3_8wekyb3d8bbwe\\Settings\\settings.dat 中的存取歷程記錄，更新了 3 個機碼並建立了 1 個修改的頁面。",
          "event" : {
            "ingested" : "2024-03-29T07:31:22.529788192Z",
            "code" : "16",
            "provider" : "Microsoft-Windows-Kernel-General",
            "created" : "2024-03-29T07:31:22.078Z",
            "kind" : "event",
            "action" : "None"
          }
        }
      },
