      {
        "_index" : "ids-2018-benign",
        "_id" : "98ulCo8Bwz1RKkctg-9F",
        "_score" : 0.0,
        "_source" : {
          "agent" : {
            "name" : "CHPIYR2",
            "id" : "60d66234-2dc5-408a-9a6e-a0a6278a7ae3",
            "ephemeral_id" : "5f45b446-50bd-41a1-a017-3aba89f83c7a",
            "type" : "winlogbeat",
            "version" : "8.11.3"
          },
          "@timestamp" : "2018-02-22T12:22:51.090Z",
          "winlog" : {
            "record_id" : 35906,
            "computer_name" : "EC2AMAZ-O4EL3NG",
            "process" : {
              "pid" : 720,
              "thread" : {
                "id" : 1136
              }
            },
            "task" : "None",
            "event_id" : "7036",
            "keywords" : [
              "傳統"
            ],
            "provider_guid" : "{555908d1-a6d7-4695-8e1e-26931d2012f4}",
            "channel" : "System",
            "event_data" : {
              "Binary" : "44006800630070002F0034000000",
              "param1" : "Dhcp",
              "param2" : "running"
            },
            "api" : "wineventlog",
            "provider_name" : "Service Control Manager",
            "opcode" : "Info"
          },
          "ecs" : {
            "version" : "8.0.0"
          },
          "log" : {
            "file" : {
              "path" : "D:\\AIXSOAR\\EDR\\IDS_2018\\benign\\Thursday-22-02-2018\\EC2AMAZ-O4EL3NG-172.31.69.11.evtx"
            },
            "level" : "資訊"
          },
          "host" : {
            "os" : {
              "type" : "windows",
              "family" : "windows"
            },
            "name" : "EC2AMAZ-O4EL3NG"
          },
          "message" : "Dhcp 服務已進入 running 狀態。",
          "event" : {
            "ingested" : "2024-04-23T11:09:30.289040835Z",
            "code" : "7036",
            "provider" : "Service Control Manager",
            "created" : "2024-04-23T11:09:18.592Z",
            "kind" : "event",
            "action" : "None"
          }
        }
      },
      {
        "_index" : "ids-2018-benign",
        "_id" : "-MulCo8Bwz1RKkctg-9F",
        "_score" : 0.0,
        "_source" : {
          "agent" : {
            "name" : "CHPIYR2",
            "id" : "60d66234-2dc5-408a-9a6e-a0a6278a7ae3",
            "type" : "winlogbeat",
            "ephemeral_id" : "5f45b446-50bd-41a1-a017-3aba89f83c7a",
            "version" : "8.11.3"
          },
          "@timestamp" : "2018-02-22T12:22:51.137Z",
          "winlog" : {
            "computer_name" : "EC2AMAZ-O4EL3NG",
            "record_id" : 35907,
            "process" : {
              "pid" : 720,
              "thread" : {
                "id" : 480
              }
            },
            "task" : "None",
            "event_id" : "7036",
            "keywords" : [
              "傳統"
            ],
            "provider_guid" : "{555908d1-a6d7-4695-8e1e-26931d2012f4}",
            "channel" : "System",
            "api" : "wineventlog",
            "event_data" : {
              "Binary" : "55006D0052006400700053006500720076006900630065002F0034000000",
              "param1" : "UmRdpService",
              "param2" : "running"
            },
            "opcode" : "Info",
            "provider_name" : "Service Control Manager"
          },
          "ecs" : {
            "version" : "8.0.0"
          },
          "log" : {
            "file" : {
              "path" : "D:\\AIXSOAR\\EDR\\IDS_2018\\benign\\Thursday-22-02-2018\\EC2AMAZ-O4EL3NG-172.31.69.11.evtx"
            },
            "level" : "資訊"
          },
          "host" : {
            "os" : {
              "type" : "windows",
              "family" : "windows"
            },
            "name" : "EC2AMAZ-O4EL3NG"
          },
          "message" : "UmRdpService 服務已進入 running 狀態。",
          "event" : {
            "ingested" : "2024-04-23T11:09:30.289752111Z",
            "code" : "7036",
            "provider" : "Service Control Manager",
            "kind" : "event",
            "created" : "2024-04-23T11:09:18.592Z",
            "action" : "None"
          }
        }
      },
      {
        "_index" : "ids-2018-benign",
        "_id" : "-culCo8Bwz1RKkctg-9F",
        "_score" : 0.0,
        "_source" : {
          "agent" : {
            "name" : "CHPIYR2",
            "id" : "60d66234-2dc5-408a-9a6e-a0a6278a7ae3",
            "ephemeral_id" : "5f45b446-50bd-41a1-a017-3aba89f83c7a",
            "type" : "winlogbeat",
            "version" : "8.11.3"
          },
          "@timestamp" : "2018-02-22T12:22:51.137Z",
          "winlog" : {
            "record_id" : 35908,
            "computer_name" : "EC2AMAZ-O4EL3NG",
            "process" : {
              "pid" : 720,
              "thread" : {
                "id" : 480
              }
            },
            "event_id" : "7036",
            "task" : "None",
            "keywords" : [
              "傳統"
            ],
            "provider_guid" : "{555908d1-a6d7-4695-8e1e-26931d2012f4}",
            "channel" : "System",
            "api" : "wineventlog",
            "event_data" : {
              "Binary" : "500072006F0066005300760063002F0034000000",
              "param1" : "ProfSvc",
              "param2" : "running"
            },
            "provider_name" : "Service Control Manager",
            "opcode" : "Info"
          },
          "ecs" : {
            "version" : "8.0.0"
          },
          "log" : {
            "file" : {
              "path" : "D:\\AIXSOAR\\EDR\\IDS_2018\\benign\\Thursday-22-02-2018\\EC2AMAZ-O4EL3NG-172.31.69.11.evtx"
            },
            "level" : "資訊"
          },
          "host" : {
            "os" : {
              "type" : "windows",
              "family" : "windows"
            },
            "name" : "EC2AMAZ-O4EL3NG"
          },
          "event" : {
            "ingested" : "2024-04-23T11:09:30.290480387Z",
            "code" : "7036",
            "provider" : "Service Control Manager",
            "kind" : "event",
            "created" : "2024-04-23T11:09:18.592Z",
            "action" : "None"
          },
          "message" : "ProfSvc 服務已進入 running 狀態。"
        }
      },
      {
        "_index" : "ids-2018-benign",
        "_id" : "-sulCo8Bwz1RKkctg-9F",
        "_score" : 0.0,
        "_source" : {
          "agent" : {
            "name" : "CHPIYR2",
            "id" : "60d66234-2dc5-408a-9a6e-a0a6278a7ae3",
            "type" : "winlogbeat",
            "ephemeral_id" : "5f45b446-50bd-41a1-a017-3aba89f83c7a",
            "version" : "8.11.3"
          },
          "@timestamp" : "2018-02-22T12:22:51.168Z",
          "winlog" : {
            "record_id" : 35909,
            "computer_name" : "EC2AMAZ-O4EL3NG",
            "process" : {
              "pid" : 720,
              "thread" : {
                "id" : 480
              }
            },
            "event_id" : "7036",
            "task" : "None",
            "keywords" : [
              "傳統"
            ],
            "provider_guid" : "{555908d1-a6d7-4695-8e1e-26931d2012f4}",
            "channel" : "System",
            "api" : "wineventlog",
            "event_data" : {
              "Binary" : "4300650072007400500072006F0070005300760063002F0034000000",
              "param1" : "CertPropSvc",
              "param2" : "running"
            },
            "provider_name" : "Service Control Manager",
            "opcode" : "Info"
          },
          "ecs" : {
            "version" : "8.0.0"
          },
          "log" : {
            "file" : {
              "path" : "D:\\AIXSOAR\\EDR\\IDS_2018\\benign\\Thursday-22-02-2018\\EC2AMAZ-O4EL3NG-172.31.69.11.evtx"
            },
            "level" : "資訊"
          },
          "host" : {
            "os" : {
              "type" : "windows",
              "family" : "windows"
            },
            "name" : "EC2AMAZ-O4EL3NG"
          },
          "event" : {
            "ingested" : "2024-04-23T11:09:30.291181864Z",
            "code" : "7036",
            "provider" : "Service Control Manager",
            "kind" : "event",
            "created" : "2024-04-23T11:09:18.592Z",
            "action" : "None"
          },
          "message" : "CertPropSvc 服務已進入 running 狀態。"
        }
      },
      {
        "_index" : "ids-2018-benign",
        "_id" : "-8ulCo8Bwz1RKkctg-9F",
        "_score" : 0.0,
        "_source" : {
          "agent" : {
            "name" : "CHPIYR2",
            "id" : "60d66234-2dc5-408a-9a6e-a0a6278a7ae3",
            "type" : "winlogbeat",
            "ephemeral_id" : "5f45b446-50bd-41a1-a017-3aba89f83c7a",
            "version" : "8.11.3"
          },
          "@timestamp" : "2018-02-22T12:22:51.168Z",
          "winlog" : {
            "computer_name" : "EC2AMAZ-O4EL3NG",
            "record_id" : 35910,
            "process" : {
              "pid" : 720,
              "thread" : {
                "id" : 832
              }
            },
            "task" : "None",
            "event_id" : "7036",
            "keywords" : [
              "傳統"
            ],
            "provider_guid" : "{555908d1-a6d7-4695-8e1e-26931d2012f4}",
            "channel" : "System",
            "event_data" : {
              "Binary" : "46006F006E007400430061006300680065002F0034000000",
              "param1" : "FontCache",
              "param2" : "running"
            },
            "api" : "wineventlog",
            "provider_name" : "Service Control Manager",
            "opcode" : "Info"
          },
          "ecs" : {
            "version" : "8.0.0"
          },
          "log" : {
            "file" : {
              "path" : "D:\\AIXSOAR\\EDR\\IDS_2018\\benign\\Thursday-22-02-2018\\EC2AMAZ-O4EL3NG-172.31.69.11.evtx"
            },
            "level" : "資訊"
          },
          "host" : {
            "os" : {
              "type" : "windows",
              "family" : "windows"
            },
            "name" : "EC2AMAZ-O4EL3NG"
          },
          "event" : {
            "ingested" : "2024-04-23T11:09:30.292807509Z",
            "code" : "7036",
            "provider" : "Service Control Manager",
            "kind" : "event",
            "created" : "2024-04-23T11:09:18.592Z",
            "action" : "None"
          },
          "message" : "FontCache 服務已進入 running 狀態。"
        }
      },
      {
        "_index" : "ids-2018-benign",
        "_id" : "_MulCo8Bwz1RKkctg-9F",
        "_score" : 0.0,
        "_source" : {
          "agent" : {
            "name" : "CHPIYR2",
            "id" : "60d66234-2dc5-408a-9a6e-a0a6278a7ae3",
            "type" : "winlogbeat",
            "ephemeral_id" : "5f45b446-50bd-41a1-a017-3aba89f83c7a",
            "version" : "8.11.3"
          },
          "@timestamp" : "2018-02-22T12:22:51.246Z",
          "winlog" : {
            "computer_name" : "EC2AMAZ-O4EL3NG",
            "record_id" : 35911,
            "process" : {
              "pid" : 720,
              "thread" : {
                "id" : 780
              }
            },
            "event_id" : "7036",
            "task" : "None",
            "keywords" : [
              "傳統"
            ],
            "provider_guid" : "{555908d1-a6d7-4695-8e1e-26931d2012f4}",
            "channel" : "System",
            "event_data" : {
              "Binary" : "570063006D007300760063002F0034000000",
              "param1" : "Wcmsvc",
              "param2" : "running"
            },
            "api" : "wineventlog",
            "opcode" : "Info",
            "provider_name" : "Service Control Manager"
          },
          "ecs" : {
            "version" : "8.0.0"
          },
          "log" : {
            "file" : {
              "path" : "D:\\AIXSOAR\\EDR\\IDS_2018\\benign\\Thursday-22-02-2018\\EC2AMAZ-O4EL3NG-172.31.69.11.evtx"
            },
            "level" : "資訊"
          },
          "host" : {
            "os" : {
              "type" : "windows",
              "family" : "windows"
            },
            "name" : "EC2AMAZ-O4EL3NG"
          },
          "event" : {
            "ingested" : "2024-04-23T11:09:30.293524285Z",
            "code" : "7036",
            "provider" : "Service Control Manager",
            "created" : "2024-04-23T11:09:18.592Z",
            "kind" : "event",
            "action" : "None"
          },
          "message" : "Wcmsvc 服務已進入 running 狀態。"
        }
      },
      {
        "_index" : "ids-2018-benign",
        "_id" : "_culCo8Bwz1RKkctg-9F",
        "_score" : 0.0,
        "_source" : {
          "agent" : {
            "name" : "CHPIYR2",
            "id" : "60d66234-2dc5-408a-9a6e-a0a6278a7ae3",
            "type" : "winlogbeat",
            "ephemeral_id" : "5f45b446-50bd-41a1-a017-3aba89f83c7a",
            "version" : "8.11.3"
          },
          "@timestamp" : "2018-02-22T12:22:51.262Z",
          "winlog" : {
            "record_id" : 35912,
            "computer_name" : "EC2AMAZ-O4EL3NG",
            "process" : {
              "pid" : 720,
              "thread" : {
                "id" : 1020
              }
            },
            "event_id" : "7036",
            "task" : "None",
            "keywords" : [
              "傳統"
            ],
            "provider_guid" : "{555908d1-a6d7-4695-8e1e-26931d2012f4}",
            "channel" : "System",
            "event_data" : {
              "Binary" : "5300680065006C006C004800570044006500740065006300740069006F006E002F0034000000",
              "param1" : "ShellHWDetection",
              "param2" : "running"
            },
            "api" : "wineventlog",
            "provider_name" : "Service Control Manager",
            "opcode" : "Info"
          },
          "ecs" : {
            "version" : "8.0.0"
          },
          "log" : {
            "file" : {
              "path" : "D:\\AIXSOAR\\EDR\\IDS_2018\\benign\\Thursday-22-02-2018\\EC2AMAZ-O4EL3NG-172.31.69.11.evtx"
            },
            "level" : "資訊"
          },
          "host" : {
            "os" : {
              "type" : "windows",
              "family" : "windows"
            },
            "name" : "EC2AMAZ-O4EL3NG"
          },
          "event" : {
            "ingested" : "2024-04-23T11:09:30.294233362Z",
            "code" : "7036",
            "provider" : "Service Control Manager",
            "created" : "2024-04-23T11:09:18.592Z",
            "kind" : "event",
            "action" : "None"
          },
          "message" : "ShellHWDetection 服務已進入 running 狀態。"
        }
      },
      {
        "_index" : "ids-2018-benign",
        "_id" : "_sulCo8Bwz1RKkctg-9F",
        "_score" : 0.0,
        "_source" : {
          "agent" : {
            "name" : "CHPIYR2",
            "id" : "60d66234-2dc5-408a-9a6e-a0a6278a7ae3",
            "type" : "winlogbeat",
            "ephemeral_id" : "5f45b446-50bd-41a1-a017-3aba89f83c7a",
            "version" : "8.11.3"
          },
          "@timestamp" : "2018-02-22T12:22:51.293Z",
          "winlog" : {
            "record_id" : 35913,
            "computer_name" : "EC2AMAZ-O4EL3NG",
            "process" : {
              "pid" : 720,
              "thread" : {
                "id" : 1020
              }
            },
            "task" : "None",
            "event_id" : "7036",
            "keywords" : [
              "傳統"
            ],
            "provider_guid" : "{555908d1-a6d7-4695-8e1e-26931d2012f4}",
            "channel" : "System",
            "api" : "wineventlog",
            "event_data" : {
              "Binary" : "4C0061006E006D0061006E0057006F0072006B00730074006100740069006F006E002F0034000000",
              "param1" : "LanmanWorkstation",
              "param2" : "running"
            },
            "provider_name" : "Service Control Manager",
            "opcode" : "Info"
          },
          "ecs" : {
            "version" : "8.0.0"
          },
          "log" : {
            "file" : {
              "path" : "D:\\AIXSOAR\\EDR\\IDS_2018\\benign\\Thursday-22-02-2018\\EC2AMAZ-O4EL3NG-172.31.69.11.evtx"
            },
            "level" : "資訊"
          },
          "host" : {
            "os" : {
              "type" : "windows",
              "family" : "windows"
            },
            "name" : "EC2AMAZ-O4EL3NG"
          },
          "message" : "LanmanWorkstation 服務已進入 running 狀態。",
          "event" : {
            "ingested" : "2024-04-23T11:09:30.295109732Z",
            "code" : "7036",
            "provider" : "Service Control Manager",
            "kind" : "event",
            "created" : "2024-04-23T11:09:18.592Z",
            "action" : "None"
          }
        }
      },
      {
        "_index" : "ids-2018-benign",
        "_id" : "_8ulCo8Bwz1RKkctg-9F",
        "_score" : 0.0,
        "_source" : {
          "agent" : {
            "name" : "CHPIYR2",
            "id" : "60d66234-2dc5-408a-9a6e-a0a6278a7ae3",
            "type" : "winlogbeat",
            "ephemeral_id" : "5f45b446-50bd-41a1-a017-3aba89f83c7a",
            "version" : "8.11.3"
          },
          "@timestamp" : "2018-02-22T12:22:51.402Z",
          "winlog" : {
            "computer_name" : "EC2AMAZ-O4EL3NG",
            "record_id" : 35914,
            "process" : {
              "pid" : 720,
              "thread" : {
                "id" : 832
              }
            },
            "event_id" : "7036",
            "task" : "None",
            "keywords" : [
              "傳統"
            ],
            "provider_guid" : "{555908d1-a6d7-4695-8e1e-26931d2012f4}",
            "channel" : "System",
            "event_data" : {
              "Binary" : "530065007300730069006F006E0045006E0076002F0034000000",
              "param1" : "SessionEnv",
              "param2" : "running"
            },
            "api" : "wineventlog",
            "opcode" : "Info",
            "provider_name" : "Service Control Manager"
          },
          "ecs" : {
            "version" : "8.0.0"
          },
          "log" : {
            "file" : {
              "path" : "D:\\AIXSOAR\\EDR\\IDS_2018\\benign\\Thursday-22-02-2018\\EC2AMAZ-O4EL3NG-172.31.69.11.evtx"
            },
            "level" : "資訊"
          },
          "host" : {
            "os" : {
              "type" : "windows",
              "family" : "windows"
            },
            "name" : "EC2AMAZ-O4EL3NG"
          },
          "message" : "SessionEnv 服務已進入 running 狀態。",
          "event" : {
            "ingested" : "2024-04-23T11:09:30.296074300Z",
            "code" : "7036",
            "provider" : "Service Control Manager",
            "kind" : "event",
            "created" : "2024-04-23T11:09:18.592Z",
            "action" : "None"
          }
        }
      },
      {
        "_index" : "ids-2018-benign",
        "_id" : "AMulCo8Bwz1RKkctg_BF",
        "_score" : 0.0,
        "_source" : {
          "agent" : {
            "name" : "CHPIYR2",
            "id" : "60d66234-2dc5-408a-9a6e-a0a6278a7ae3",
            "type" : "winlogbeat",
            "ephemeral_id" : "5f45b446-50bd-41a1-a017-3aba89f83c7a",
            "version" : "8.11.3"
          },
          "@timestamp" : "2018-02-22T12:22:51.402Z",
          "winlog" : {
            "record_id" : 35915,
            "computer_name" : "EC2AMAZ-O4EL3NG",
            "process" : {
              "pid" : 720,
              "thread" : {
                "id" : 1136
              }
            },
            "event_id" : "7036",
            "task" : "None",
            "keywords" : [
              "傳統"
            ],
            "provider_guid" : "{555908d1-a6d7-4695-8e1e-26931d2012f4}",
            "channel" : "System",
            "api" : "wineventlog",
            "event_data" : {
              "Binary" : "5300630068006500640075006C0065002F0034000000",
              "param1" : "Schedule",
              "param2" : "running"
            },
            "provider_name" : "Service Control Manager",
            "opcode" : "Info"
          },
          "ecs" : {
            "version" : "8.0.0"
          },
          "log" : {
            "file" : {
              "path" : "D:\\AIXSOAR\\EDR\\IDS_2018\\benign\\Thursday-22-02-2018\\EC2AMAZ-O4EL3NG-172.31.69.11.evtx"
            },
            "level" : "資訊"
          },
          "host" : {
            "os" : {
              "type" : "windows",
              "family" : "windows"
            },
            "name" : "EC2AMAZ-O4EL3NG"
          },
          "event" : {
            "ingested" : "2024-04-23T11:09:30.296778777Z",
            "code" : "7036",
            "provider" : "Service Control Manager",
            "kind" : "event",
            "created" : "2024-04-23T11:09:18.592Z",
            "action" : "None"
          },
          "message" : "Schedule 服務已進入 running 狀態。"
        }
      },
      {
        "_index" : "ids-2018-benign",
        "_id" : "AculCo8Bwz1RKkctg_BF",
        "_score" : 0.0,
        "_source" : {
          "agent" : {
            "name" : "CHPIYR2",
            "id" : "60d66234-2dc5-408a-9a6e-a0a6278a7ae3",
            "type" : "winlogbeat",
            "ephemeral_id" : "5f45b446-50bd-41a1-a017-3aba89f83c7a",
            "version" : "8.11.3"
          },
          "@timestamp" : "2018-02-22T12:22:51.418Z",
          "winlog" : {
            "computer_name" : "EC2AMAZ-O4EL3NG",
            "record_id" : 35916,
            "process" : {
              "pid" : 720,
              "thread" : {
                "id" : 832
              }
            },
            "event_id" : "7036",
            "task" : "None",
            "keywords" : [
              "傳統"
            ],
            "provider_guid" : "{555908d1-a6d7-4695-8e1e-26931d2012f4}",
            "channel" : "System",
            "api" : "wineventlog",
            "event_data" : {
              "Binary" : "44006E007300630061006300680065002F0034000000",
              "param1" : "Dnscache",
              "param2" : "running"
            },
            "provider_name" : "Service Control Manager",
            "opcode" : "Info"
          },
          "ecs" : {
            "version" : "8.0.0"
          },
          "log" : {
            "file" : {
              "path" : "D:\\AIXSOAR\\EDR\\IDS_2018\\benign\\Thursday-22-02-2018\\EC2AMAZ-O4EL3NG-172.31.69.11.evtx"
            },
            "level" : "資訊"
          },
          "host" : {
            "os" : {
              "type" : "windows",
              "family" : "windows"
            },
            "name" : "EC2AMAZ-O4EL3NG"
          },
          "message" : "Dnscache 服務已進入 running 狀態。",
          "event" : {
            "ingested" : "2024-04-23T11:09:30.297492053Z",
            "code" : "7036",
            "provider" : "Service Control Manager",
            "created" : "2024-04-23T11:09:18.592Z",
            "kind" : "event",
            "action" : "None"
          }
        }
      },
      {
        "_index" : "ids-2018-benign",
        "_id" : "AsulCo8Bwz1RKkctg_BF",
        "_score" : 0.0,
        "_source" : {
          "agent" : {
            "name" : "CHPIYR2",
            "id" : "60d66234-2dc5-408a-9a6e-a0a6278a7ae3",
            "type" : "winlogbeat",
            "ephemeral_id" : "5f45b446-50bd-41a1-a017-3aba89f83c7a",
            "version" : "8.11.3"
          },
          "@timestamp" : "2018-02-22T12:22:51.465Z",
          "winlog" : {
            "computer_name" : "EC2AMAZ-O4EL3NG",
            "record_id" : 35917,
            "process" : {
              "pid" : 720,
              "thread" : {
                "id" : 1136
              }
            },
            "task" : "None",
            "event_id" : "7036",
            "keywords" : [
              "傳統"
            ],
            "provider_guid" : "{555908d1-a6d7-4695-8e1e-26931d2012f4}",
            "channel" : "System",
            "event_data" : {
              "Binary" : "4E006C0061005300760063002F0034000000",
              "param1" : "NlaSvc",
              "param2" : "running"
            },
            "api" : "wineventlog",
            "provider_name" : "Service Control Manager",
            "opcode" : "Info"
          },
          "ecs" : {
            "version" : "8.0.0"
          },
          "log" : {
            "file" : {
              "path" : "D:\\AIXSOAR\\EDR\\IDS_2018\\benign\\Thursday-22-02-2018\\EC2AMAZ-O4EL3NG-172.31.69.11.evtx"
            },
            "level" : "資訊"
          },
          "host" : {
            "os" : {
              "type" : "windows",
              "family" : "windows"
            },
            "name" : "EC2AMAZ-O4EL3NG"
          },
          "message" : "NlaSvc 服務已進入 running 狀態。",
          "event" : {
            "ingested" : "2024-04-23T11:09:30.298161031Z",
            "code" : "7036",
            "provider" : "Service Control Manager",
            "kind" : "event",
            "created" : "2024-04-23T11:09:18.592Z",
            "action" : "None"
          }
        }
      },
      {
        "_index" : "ids-2018-benign",
        "_id" : "A8ulCo8Bwz1RKkctg_BF",
        "_score" : 0.0,
        "_source" : {
          "agent" : {
            "name" : "CHPIYR2",
            "id" : "60d66234-2dc5-408a-9a6e-a0a6278a7ae3",
            "ephemeral_id" : "5f45b446-50bd-41a1-a017-3aba89f83c7a",
            "type" : "winlogbeat",
            "version" : "8.11.3"
          },
          "@timestamp" : "2018-02-22T12:22:51.512Z",
          "winlog" : {
            "record_id" : 35918,
            "computer_name" : "EC2AMAZ-O4EL3NG",
            "process" : {
              "pid" : 720,
              "thread" : {
                "id" : 1136
              }
            },
            "event_id" : "7036",
            "task" : "None",
            "keywords" : [
              "傳統"
            ],
            "provider_guid" : "{555908d1-a6d7-4695-8e1e-26931d2012f4}",
            "channel" : "System",
            "api" : "wineventlog",
            "event_data" : {
              "Binary" : "55007300650072004D0061006E0061006700650072002F0034000000",
              "param1" : "UserManager",
              "param2" : "running"
            },
            "provider_name" : "Service Control Manager",
            "opcode" : "Info"
          },
          "ecs" : {
            "version" : "8.0.0"
          },
          "log" : {
            "file" : {
              "path" : "D:\\AIXSOAR\\EDR\\IDS_2018\\benign\\Thursday-22-02-2018\\EC2AMAZ-O4EL3NG-172.31.69.11.evtx"
            },
            "level" : "資訊"
          },
          "host" : {
            "os" : {
              "type" : "windows",
              "family" : "windows"
            },
            "name" : "EC2AMAZ-O4EL3NG"
          },
          "event" : {
            "ingested" : "2024-04-23T11:09:30.298888706Z",
            "code" : "7036",
            "provider" : "Service Control Manager",
            "kind" : "event",
            "created" : "2024-04-23T11:09:18.592Z",
            "action" : "None"
          },
          "message" : "UserManager 服務已進入 running 狀態。"
        }
      },
      {
        "_index" : "ids-2018-benign",
        "_id" : "BMulCo8Bwz1RKkctg_BF",
        "_score" : 0.0,
        "_source" : {
          "agent" : {
            "name" : "CHPIYR2",
            "id" : "60d66234-2dc5-408a-9a6e-a0a6278a7ae3",
            "ephemeral_id" : "5f45b446-50bd-41a1-a017-3aba89f83c7a",
            "type" : "winlogbeat",
            "version" : "8.11.3"
          },
          "@timestamp" : "2018-02-22T12:22:51.512Z",
          "winlog" : {
            "record_id" : 35919,
            "computer_name" : "EC2AMAZ-O4EL3NG",
            "process" : {
              "pid" : 720,
              "thread" : {
                "id" : 832
              }
            },
            "task" : "None",
            "event_id" : "7036",
            "keywords" : [
              "傳統"
            ],
            "provider_guid" : "{555908d1-a6d7-4695-8e1e-26931d2012f4}",
            "channel" : "System",
            "api" : "wineventlog",
            "event_data" : {
              "Binary" : "540069006D006500420072006F006B00650072005300760063002F0034000000",
              "param1" : "TimeBrokerSvc",
              "param2" : "running"
            },
            "provider_name" : "Service Control Manager",
            "opcode" : "Info"
          },
          "ecs" : {
            "version" : "8.0.0"
          },
          "log" : {
            "file" : {
              "path" : "D:\\AIXSOAR\\EDR\\IDS_2018\\benign\\Thursday-22-02-2018\\EC2AMAZ-O4EL3NG-172.31.69.11.evtx"
            },
            "level" : "資訊"
          },
          "host" : {
            "os" : {
              "type" : "windows",
              "family" : "windows"
            },
            "name" : "EC2AMAZ-O4EL3NG"
          },
          "message" : "TimeBrokerSvc 服務已進入 running 狀態。",
          "event" : {
            "ingested" : "2024-04-23T11:09:30.300358357Z",
            "code" : "7036",
            "provider" : "Service Control Manager",
            "kind" : "event",
            "created" : "2024-04-23T11:09:18.592Z",
            "action" : "None"
          }
        }
      },
      {
        "_index" : "ids-2018-benign",
        "_id" : "BculCo8Bwz1RKkctg_BG",
        "_score" : 0.0,
        "_source" : {
          "agent" : {
            "name" : "CHPIYR2",
            "id" : "60d66234-2dc5-408a-9a6e-a0a6278a7ae3",
            "type" : "winlogbeat",
            "ephemeral_id" : "5f45b446-50bd-41a1-a017-3aba89f83c7a",
            "version" : "8.11.3"
          },
          "@timestamp" : "2018-02-22T12:22:51.527Z",
          "winlog" : {
            "record_id" : 35920,
            "computer_name" : "EC2AMAZ-O4EL3NG",
            "process" : {
              "pid" : 720,
              "thread" : {
                "id" : 832
              }
            },
            "event_id" : "7036",
            "task" : "None",
            "keywords" : [
              "傳統"
            ],
            "provider_guid" : "{555908d1-a6d7-4695-8e1e-26931d2012f4}",
            "channel" : "System",
            "event_data" : {
              "Binary" : "4200460045002F0034000000",
              "param1" : "BFE",
              "param2" : "running"
            },
            "api" : "wineventlog",
            "provider_name" : "Service Control Manager",
            "opcode" : "Info"
          },
          "ecs" : {
            "version" : "8.0.0"
          },
          "log" : {
            "file" : {
              "path" : "D:\\AIXSOAR\\EDR\\IDS_2018\\benign\\Thursday-22-02-2018\\EC2AMAZ-O4EL3NG-172.31.69.11.evtx"
            },
            "level" : "資訊"
          },
          "host" : {
            "os" : {
              "type" : "windows",
              "family" : "windows"
            },
            "name" : "EC2AMAZ-O4EL3NG"
          },
          "message" : "BFE 服務已進入 running 狀態。",
          "event" : {
            "ingested" : "2024-04-23T11:09:30.301079033Z",
            "code" : "7036",
            "provider" : "Service Control Manager",
            "created" : "2024-04-23T11:09:18.592Z",
            "kind" : "event",
            "action" : "None"
          }
        }
      },
      {
        "_index" : "ids-2018-benign",
        "_id" : "BsulCo8Bwz1RKkctg_BG",
        "_score" : 0.0,
        "_source" : {
          "agent" : {
            "name" : "CHPIYR2",
            "id" : "60d66234-2dc5-408a-9a6e-a0a6278a7ae3",
            "ephemeral_id" : "5f45b446-50bd-41a1-a017-3aba89f83c7a",
            "type" : "winlogbeat",
            "version" : "8.11.3"
          },
          "@timestamp" : "2018-02-22T12:22:51.543Z",
          "winlog" : {
            "computer_name" : "EC2AMAZ-O4EL3NG",
            "record_id" : 35921,
            "process" : {
              "pid" : 720,
              "thread" : {
                "id" : 832
              }
            },
            "event_id" : "7036",
            "task" : "None",
            "keywords" : [
              "傳統"
            ],
            "provider_guid" : "{555908d1-a6d7-4695-8e1e-26931d2012f4}",
            "channel" : "System",
            "event_data" : {
              "Binary" : "6E0065007400700072006F0066006D002F0034000000",
              "param1" : "netprofm",
              "param2" : "running"
            },
            "api" : "wineventlog",
            "provider_name" : "Service Control Manager",
            "opcode" : "Info"
          },
          "ecs" : {
            "version" : "8.0.0"
          },
          "log" : {
            "file" : {
              "path" : "D:\\AIXSOAR\\EDR\\IDS_2018\\benign\\Thursday-22-02-2018\\EC2AMAZ-O4EL3NG-172.31.69.11.evtx"
            },
            "level" : "資訊"
          },
          "host" : {
            "os" : {
              "type" : "windows",
              "family" : "windows"
            },
            "name" : "EC2AMAZ-O4EL3NG"
          },
          "event" : {
            "ingested" : "2024-04-23T11:09:30.301751610Z",
            "code" : "7036",
            "provider" : "Service Control Manager",
            "kind" : "event",
            "created" : "2024-04-23T11:09:18.592Z",
            "action" : "None"
          },
          "message" : "netprofm 服務已進入 running 狀態。"
        }
      },
      {
        "_index" : "ids-2018-benign",
        "_id" : "B8ulCo8Bwz1RKkctg_BG",
        "_score" : 0.0,
        "_source" : {
          "agent" : {
            "name" : "CHPIYR2",
            "id" : "60d66234-2dc5-408a-9a6e-a0a6278a7ae3",
            "type" : "winlogbeat",
            "ephemeral_id" : "5f45b446-50bd-41a1-a017-3aba89f83c7a",
            "version" : "8.11.3"
          },
          "@timestamp" : "2018-02-22T12:22:51.543Z",
          "winlog" : {
            "computer_name" : "EC2AMAZ-O4EL3NG",
            "record_id" : 35922,
            "process" : {
              "pid" : 720,
              "thread" : {
                "id" : 832
              }
            },
            "task" : "None",
            "event_id" : "7036",
            "keywords" : [
              "傳統"
            ],
            "provider_guid" : "{555908d1-a6d7-4695-8e1e-26931d2012f4}",
            "channel" : "System",
            "event_data" : {
              "Binary" : "530061006D00530073002F0034000000",
              "param1" : "SamSs",
              "param2" : "running"
            },
            "api" : "wineventlog",
            "opcode" : "Info",
            "provider_name" : "Service Control Manager"
          },
          "ecs" : {
            "version" : "8.0.0"
          },
          "log" : {
            "file" : {
              "path" : "D:\\AIXSOAR\\EDR\\IDS_2018\\benign\\Thursday-22-02-2018\\EC2AMAZ-O4EL3NG-172.31.69.11.evtx"
            },
            "level" : "資訊"
          },
          "host" : {
            "os" : {
              "type" : "windows",
              "family" : "windows"
            },
            "name" : "EC2AMAZ-O4EL3NG"
          },
          "event" : {
            "ingested" : "2024-04-23T11:09:30.302474086Z",
            "code" : "7036",
            "provider" : "Service Control Manager",
            "created" : "2024-04-23T11:09:18.592Z",
            "kind" : "event",
            "action" : "None"
          },
          "message" : "SamSs 服務已進入 running 狀態。"
        }
      },
      {
        "_index" : "ids-2018-benign",
        "_id" : "CMulCo8Bwz1RKkctg_BG",
        "_score" : 0.0,
        "_source" : {
          "agent" : {
            "name" : "CHPIYR2",
            "id" : "60d66234-2dc5-408a-9a6e-a0a6278a7ae3",
            "type" : "winlogbeat",
            "ephemeral_id" : "5f45b446-50bd-41a1-a017-3aba89f83c7a",
            "version" : "8.11.3"
          },
          "@timestamp" : "2018-02-22T12:22:51.621Z",
          "winlog" : {
            "record_id" : 35923,
            "computer_name" : "EC2AMAZ-O4EL3NG",
            "process" : {
              "pid" : 720,
              "thread" : {
                "id" : 480
              }
            },
            "task" : "None",
            "event_id" : "7036",
            "keywords" : [
              "傳統"
            ],
            "provider_guid" : "{555908d1-a6d7-4695-8e1e-26931d2012f4}",
            "channel" : "System",
            "api" : "wineventlog",
            "event_data" : {
              "Binary" : "4E006300620053006500720076006900630065002F0034000000",
              "param1" : "NcbService",
              "param2" : "running"
            },
            "opcode" : "Info",
            "provider_name" : "Service Control Manager"
          },
          "ecs" : {
            "version" : "8.0.0"
          },
          "log" : {
            "file" : {
              "path" : "D:\\AIXSOAR\\EDR\\IDS_2018\\benign\\Thursday-22-02-2018\\EC2AMAZ-O4EL3NG-172.31.69.11.evtx"
            },
            "level" : "資訊"
          },
          "host" : {
            "os" : {
              "type" : "windows",
              "family" : "windows"
            },
            "name" : "EC2AMAZ-O4EL3NG"
          },
          "event" : {
            "ingested" : "2024-04-23T11:09:30.303215861Z",
            "code" : "7036",
            "provider" : "Service Control Manager",
            "kind" : "event",
            "created" : "2024-04-23T11:09:18.592Z",
            "action" : "None"
          },
          "message" : "NcbService 服務已進入 running 狀態。"
        }
      },
      {
        "_index" : "ids-2018-benign",
        "_id" : "CculCo8Bwz1RKkctg_BG",
        "_score" : 0.0,
        "_source" : {
          "agent" : {
            "name" : "CHPIYR2",
            "id" : "60d66234-2dc5-408a-9a6e-a0a6278a7ae3",
            "type" : "winlogbeat",
            "ephemeral_id" : "5f45b446-50bd-41a1-a017-3aba89f83c7a",
            "version" : "8.11.3"
          },
          "@timestamp" : "2018-02-22T12:22:52.113Z",
          "winlog" : {
            "computer_name" : "EC2AMAZ-O4EL3NG",
            "record_id" : 35924,
            "task" : "None",
            "event_id" : "10148",
            "keywords" : [
              "傳統"
            ],
            "provider_guid" : "{A7975C8F-AC13-49F1-87DA-5A984A4AB417}",
            "channel" : "System",
            "api" : "wineventlog",
            "provider_name" : "Microsoft-Windows-WinRM",
            "opcode" : "資訊"
          },
          "ecs" : {
            "version" : "8.0.0"
          },
          "log" : {
            "file" : {
              "path" : "D:\\AIXSOAR\\EDR\\IDS_2018\\benign\\Thursday-22-02-2018\\EC2AMAZ-O4EL3NG-172.31.69.11.evtx"
            },
            "level" : "資訊"
          },
          "host" : {
            "os" : {
              "type" : "windows",
              "family" : "windows"
            },
            "name" : "EC2AMAZ-O4EL3NG"
          },
          "event" : {
            "ingested" : "2024-04-23T11:09:30.304327024Z",
            "code" : "10148",
            "provider" : "Microsoft-Windows-WinRM",
            "kind" : "event",
            "created" : "2024-04-23T11:09:18.592Z",
            "action" : "None"
          },
          "message" : "WinRM 服務正在接聽 WS-Management 要求。\n\n 使用者動作 \n 您可以使用下列命令來查看 WinRM 正在接聽的特定 IP: \n\n winrm enumerate winrm/config/listener"
        }
      },
      {
        "_index" : "ids-2018-benign",
        "_id" : "CsulCo8Bwz1RKkctg_BG",
        "_score" : 0.0,
        "_source" : {
          "agent" : {
            "name" : "CHPIYR2",
            "id" : "60d66234-2dc5-408a-9a6e-a0a6278a7ae3",
            "type" : "winlogbeat",
            "ephemeral_id" : "5f45b446-50bd-41a1-a017-3aba89f83c7a",
            "version" : "8.11.3"
          },
          "@timestamp" : "2018-02-22T12:22:51.837Z",
          "winlog" : {
            "record_id" : 35925,
            "computer_name" : "EC2AMAZ-O4EL3NG",
            "process" : {
              "pid" : 720,
              "thread" : {
                "id" : 1860
              }
            },
            "task" : "None",
            "event_id" : "7036",
            "keywords" : [
              "傳統"
            ],
            "provider_guid" : "{555908d1-a6d7-4695-8e1e-26931d2012f4}",
            "channel" : "System",
            "event_data" : {
              "Binary" : "570069006E0048007400740070004100750074006F00500072006F00780079005300760063002F0034000000",
              "param1" : "WinHttpAutoProxySvc",
              "param2" : "running"
            },
            "api" : "wineventlog",
            "provider_name" : "Service Control Manager",
            "opcode" : "Info"
          },
          "ecs" : {
            "version" : "8.0.0"
          },
          "log" : {
            "file" : {
              "path" : "D:\\AIXSOAR\\EDR\\IDS_2018\\benign\\Thursday-22-02-2018\\EC2AMAZ-O4EL3NG-172.31.69.11.evtx"
            },
            "level" : "資訊"
          },
          "host" : {
            "os" : {
              "type" : "windows",
              "family" : "windows"
            },
            "name" : "EC2AMAZ-O4EL3NG"
          },
          "event" : {
            "ingested" : "2024-04-23T11:09:30.305042800Z",
            "code" : "7036",
            "provider" : "Service Control Manager",
            "created" : "2024-04-23T11:09:18.592Z",
            "kind" : "event",
            "action" : "None"
          },
          "message" : "WinHttpAutoProxySvc 服務已進入 running 狀態。"
        }
      },
      {
        "_index" : "ids-2018-benign",
        "_id" : "C8ulCo8Bwz1RKkctg_BG",
        "_score" : 0.0,
        "_source" : {
          "agent" : {
            "name" : "CHPIYR2",
            "id" : "60d66234-2dc5-408a-9a6e-a0a6278a7ae3",
            "type" : "winlogbeat",
            "ephemeral_id" : "5f45b446-50bd-41a1-a017-3aba89f83c7a",
            "version" : "8.11.3"
          },
          "@timestamp" : "2018-02-22T12:22:51.837Z",
          "winlog" : {
            "record_id" : 35926,
            "computer_name" : "EC2AMAZ-O4EL3NG",
            "process" : {
              "pid" : 720,
              "thread" : {
                "id" : 1860
              }
            },
            "event_id" : "7036",
            "task" : "None",
            "keywords" : [
              "傳統"
            ],
            "provider_guid" : "{555908d1-a6d7-4695-8e1e-26931d2012f4}",
            "channel" : "System",
            "event_data" : {
              "Binary" : "430072007900700074005300760063002F0034000000",
              "param1" : "CryptSvc",
              "param2" : "running"
            },
            "api" : "wineventlog",
            "provider_name" : "Service Control Manager",
            "opcode" : "Info"
          },
          "ecs" : {
            "version" : "8.0.0"
          },
          "log" : {
            "file" : {
              "path" : "D:\\AIXSOAR\\EDR\\IDS_2018\\benign\\Thursday-22-02-2018\\EC2AMAZ-O4EL3NG-172.31.69.11.evtx"
            },
            "level" : "資訊"
          },
          "host" : {
            "os" : {
              "type" : "windows",
              "family" : "windows"
            },
            "name" : "EC2AMAZ-O4EL3NG"
          },
          "event" : {
            "ingested" : "2024-04-23T11:09:30.305756477Z",
            "code" : "7036",
            "provider" : "Service Control Manager",
            "kind" : "event",
            "created" : "2024-04-23T11:09:18.592Z",
            "action" : "None"
          },
          "message" : "CryptSvc 服務已進入 running 狀態。"
        }
      },
      {
        "_index" : "ids-2018-benign",
        "_id" : "DMulCo8Bwz1RKkctg_DN",
        "_score" : 0.0,
        "_source" : {
          "agent" : {
            "name" : "CHPIYR2",
            "id" : "60d66234-2dc5-408a-9a6e-a0a6278a7ae3",
            "type" : "winlogbeat",
            "ephemeral_id" : "5f45b446-50bd-41a1-a017-3aba89f83c7a",
            "version" : "8.11.3"
          },
          "@timestamp" : "2018-02-22T12:22:51.845Z",
          "winlog" : {
            "record_id" : 35927,
            "computer_name" : "EC2AMAZ-O4EL3NG",
            "process" : {
              "pid" : 720,
              "thread" : {
                "id" : 1124
              }
            },
            "task" : "None",
            "event_id" : "7036",
            "keywords" : [
              "傳統"
            ],
            "provider_guid" : "{555908d1-a6d7-4695-8e1e-26931d2012f4}",
            "channel" : "System",
            "event_data" : {
              "Binary" : "570069006E006D0067006D0074002F0034000000",
              "param1" : "Winmgmt",
              "param2" : "running"
            },
            "api" : "wineventlog",
            "opcode" : "Info",
            "provider_name" : "Service Control Manager"
          },
          "ecs" : {
            "version" : "8.0.0"
          },
          "log" : {
            "file" : {
              "path" : "D:\\AIXSOAR\\EDR\\IDS_2018\\benign\\Thursday-22-02-2018\\EC2AMAZ-O4EL3NG-172.31.69.11.evtx"
            },
            "level" : "資訊"
          },
          "host" : {
            "os" : {
              "type" : "windows",
              "family" : "windows"
            },
            "name" : "EC2AMAZ-O4EL3NG"
          },
          "event" : {
            "ingested" : "2024-04-23T11:09:30.404593375Z",
            "code" : "7036",
            "provider" : "Service Control Manager",
            "kind" : "event",
            "created" : "2024-04-23T11:09:18.592Z",
            "action" : "None"
          },
          "message" : "Winmgmt 服務已進入 running 狀態。"
        }
      },
      {
        "_index" : "ids-2018-benign",
        "_id" : "DculCo8Bwz1RKkctg_DN",
        "_score" : 0.0,
        "_source" : {
          "agent" : {
            "name" : "CHPIYR2",
            "id" : "60d66234-2dc5-408a-9a6e-a0a6278a7ae3",
            "type" : "winlogbeat",
            "ephemeral_id" : "5f45b446-50bd-41a1-a017-3aba89f83c7a",
            "version" : "8.11.3"
          },
          "@timestamp" : "2018-02-22T12:22:51.941Z",
          "winlog" : {
            "computer_name" : "EC2AMAZ-O4EL3NG",
            "record_id" : 35928,
            "process" : {
              "pid" : 720,
              "thread" : {
                "id" : 792
              }
            },
            "task" : "None",
            "event_id" : "7036",
            "keywords" : [
              "傳統"
            ],
            "provider_guid" : "{555908d1-a6d7-4695-8e1e-26931d2012f4}",
            "channel" : "System",
            "event_data" : {
              "Binary" : "4100570053004C006900740065004100670065006E0074002F0034000000",
              "param1" : "AWSLiteAgent",
              "param2" : "running"
            },
            "api" : "wineventlog",
            "opcode" : "Info",
            "provider_name" : "Service Control Manager"
          },
          "ecs" : {
            "version" : "8.0.0"
          },
          "log" : {
            "file" : {
              "path" : "D:\\AIXSOAR\\EDR\\IDS_2018\\benign\\Thursday-22-02-2018\\EC2AMAZ-O4EL3NG-172.31.69.11.evtx"
            },
            "level" : "資訊"
          },
          "host" : {
            "os" : {
              "type" : "windows",
              "family" : "windows"
            },
            "name" : "EC2AMAZ-O4EL3NG"
          },
          "event" : {
            "ingested" : "2024-04-23T11:09:30.405570342Z",
            "code" : "7036",
            "provider" : "Service Control Manager",
            "kind" : "event",
            "created" : "2024-04-23T11:09:18.716Z",
            "action" : "None"
          },
          "message" : "AWSLiteAgent 服務已進入 running 狀態。"
        }
      },
      {
        "_index" : "ids-2018-benign",
        "_id" : "DsulCo8Bwz1RKkctg_DN",
        "_score" : 0.0,
        "_source" : {
          "agent" : {
            "name" : "CHPIYR2",
            "id" : "60d66234-2dc5-408a-9a6e-a0a6278a7ae3",
            "ephemeral_id" : "5f45b446-50bd-41a1-a017-3aba89f83c7a",
            "type" : "winlogbeat",
            "version" : "8.11.3"
          },
          "@timestamp" : "2018-02-22T12:22:51.993Z",
          "winlog" : {
            "record_id" : 35929,
            "computer_name" : "EC2AMAZ-O4EL3NG",
            "process" : {
              "pid" : 720,
              "thread" : {
                "id" : 1124
              }
            },
            "task" : "None",
            "event_id" : "7036",
            "keywords" : [
              "傳統"
            ],
            "provider_guid" : "{555908d1-a6d7-4695-8e1e-26931d2012f4}",
            "channel" : "System",
            "api" : "wineventlog",
            "event_data" : {
              "Binary" : "5000630061005300760063002F0034000000",
              "param1" : "PcaSvc",
              "param2" : "running"
            },
            "opcode" : "Info",
            "provider_name" : "Service Control Manager"
          },
          "ecs" : {
            "version" : "8.0.0"
          },
          "log" : {
            "file" : {
              "path" : "D:\\AIXSOAR\\EDR\\IDS_2018\\benign\\Thursday-22-02-2018\\EC2AMAZ-O4EL3NG-172.31.69.11.evtx"
            },
            "level" : "資訊"
          },
          "host" : {
            "os" : {
              "type" : "windows",
              "family" : "windows"
            },
            "name" : "EC2AMAZ-O4EL3NG"
          },
          "message" : "PcaSvc 服務已進入 running 狀態。",
          "event" : {
            "ingested" : "2024-04-23T11:09:30.406377215Z",
            "code" : "7036",
            "provider" : "Service Control Manager",
            "created" : "2024-04-23T11:09:18.717Z",
            "kind" : "event",
            "action" : "None"
          }
        }
      },
